[21:07:05.066] 1 - distance_function euclides - pruning True
[21:07:05.066] 2 - distance_function euclides - pruning False
[21:07:05.066] START to_move 1
[21:07:05.267] STOP to_move 1 nodes_visited 3134
[21:07:05.269] START to_move 2
[21:07:05.675] STOP to_move 2 nodes_visited 6039
[21:07:05.679] START to_move 1
[21:07:05.747] STOP to_move 1 nodes_visited 1104
[21:07:05.748] START to_move 2
[21:07:06.108] STOP to_move 2 nodes_visited 5375
[21:07:06.111] START to_move 1
[21:07:06.251] STOP to_move 1 nodes_visited 2297
[21:07:06.253] START to_move 2
[21:07:06.596] STOP to_move 2 nodes_visited 5166
[21:07:06.600] START to_move 1
[21:07:06.740] STOP to_move 1 nodes_visited 2252
[21:07:06.741] START to_move 2
[21:07:07.077] STOP to_move 2 nodes_visited 5037
[21:07:07.080] START to_move 1
[21:07:07.176] STOP to_move 1 nodes_visited 1557
[21:07:07.176] START to_move 2
[21:07:07.519] STOP to_move 2 nodes_visited 5102
[21:07:07.522] START to_move 1
[21:07:07.653] STOP to_move 1 nodes_visited 2143
[21:07:07.655] START to_move 2
[21:07:08.001] STOP to_move 2 nodes_visited 5245
[21:07:08.004] START to_move 1
[21:07:08.140] STOP to_move 1 nodes_visited 2181
[21:07:08.141] START to_move 2
[21:07:08.489] STOP to_move 2 nodes_visited 5244
[21:07:08.493] START to_move 1
[21:07:08.628] STOP to_move 1 nodes_visited 2171
[21:07:08.629] START to_move 2
[21:07:08.968] STOP to_move 2 nodes_visited 5102
[21:07:08.971] START to_move 1
[21:07:09.056] STOP to_move 1 nodes_visited 1346
[21:07:09.057] START to_move 2
[21:07:09.396] STOP to_move 2 nodes_visited 5030
[21:07:09.399] START to_move 1
[21:07:09.530] STOP to_move 1 nodes_visited 2138
[21:07:09.531] START to_move 2
[21:07:09.878] STOP to_move 2 nodes_visited 5247
[21:07:09.881] START to_move 1
[21:07:10.007] STOP to_move 1 nodes_visited 1968
[21:07:10.008] START to_move 2
[21:07:10.370] STOP to_move 2 nodes_visited 5293
[21:07:10.374] START to_move 1
[21:07:10.446] STOP to_move 1 nodes_visited 1182
[21:07:10.447] START to_move 2
[21:07:10.794] STOP to_move 2 nodes_visited 5045
[21:07:10.797] START to_move 1
[21:07:10.872] STOP to_move 1 nodes_visited 1214
[21:07:10.873] START to_move 2
[21:07:11.245] STOP to_move 2 nodes_visited 5418
[21:07:11.249] START to_move 1
[21:07:11.322] STOP to_move 1 nodes_visited 1180
[21:07:11.322] START to_move 2
[21:07:11.664] STOP to_move 2 nodes_visited 4889
[21:07:11.667] START to_move 1
[21:07:11.753] STOP to_move 1 nodes_visited 1371
[21:07:11.754] START to_move 2
[21:07:12.109] STOP to_move 2 nodes_visited 5248
[21:07:12.112] START to_move 1
[21:07:12.256] STOP to_move 1 nodes_visited 2259
[21:07:12.257] START to_move 2
[21:07:12.613] STOP to_move 2 nodes_visited 5247
[21:07:12.616] START to_move 1
[21:07:12.711] STOP to_move 1 nodes_visited 1543
[21:07:12.712] START to_move 2
[21:07:13.072] STOP to_move 2 nodes_visited 5313
[21:07:13.075] START to_move 1
[21:07:13.168] STOP to_move 1 nodes_visited 1491
[21:07:13.169] START to_move 2
[21:07:13.532] STOP to_move 2 nodes_visited 5390
[21:07:13.535] START to_move 1
[21:07:13.640] STOP to_move 1 nodes_visited 1659
[21:07:13.641] START to_move 2
[21:07:13.987] STOP to_move 2 nodes_visited 5218
[21:07:13.991] START to_move 1
[21:07:14.120] STOP to_move 1 nodes_visited 2108
[21:07:14.121] START to_move 2
[21:07:14.469] STOP to_move 2 nodes_visited 5228
[21:07:14.472] START to_move 1
[21:07:14.592] STOP to_move 1 nodes_visited 1954
[21:07:14.593] START to_move 2
[21:07:14.920] STOP to_move 2 nodes_visited 4955
[21:07:14.923] START to_move 1
[21:07:15.003] STOP to_move 1 nodes_visited 1268
[21:07:15.004] START to_move 2
[21:07:15.342] STOP to_move 2 nodes_visited 5013
[21:07:15.345] START to_move 1
[21:07:15.422] STOP to_move 1 nodes_visited 1263
[21:07:15.423] START to_move 2
[21:07:15.758] STOP to_move 2 nodes_visited 5081
[21:07:15.761] START to_move 1
[21:07:15.884] STOP to_move 1 nodes_visited 1967
[21:07:15.885] START to_move 2
[21:07:16.226] STOP to_move 2 nodes_visited 5156
[21:07:16.229] START to_move 1
[21:07:16.353] STOP to_move 1 nodes_visited 2006
[21:07:16.355] START to_move 2
[21:07:16.692] STOP to_move 2 nodes_visited 5081
[21:07:16.695] START to_move 1
[21:07:16.815] STOP to_move 1 nodes_visited 1949
[21:07:16.816] START to_move 2
[21:07:17.149] STOP to_move 2 nodes_visited 5081
[21:07:17.153] START to_move 1
[21:07:17.226] STOP to_move 1 nodes_visited 1101
[21:07:17.227] START to_move 2
[21:07:17.549] STOP to_move 2 nodes_visited 4869
[21:07:17.552] START to_move 1
[21:07:17.623] STOP to_move 1 nodes_visited 1090
[21:07:17.624] START to_move 2
[21:07:17.947] STOP to_move 2 nodes_visited 4942
[21:07:17.950] START to_move 1
[21:07:18.061] STOP to_move 1 nodes_visited 1711
[21:07:18.062] START to_move 2
[21:07:18.384] STOP to_move 2 nodes_visited 4871
[21:07:18.387] START to_move 1
[21:07:18.483] STOP to_move 1 nodes_visited 1538
[21:07:18.484] START to_move 2
[21:07:18.798] STOP to_move 2 nodes_visited 4800
[21:07:18.801] START to_move 1
[21:07:18.893] STOP to_move 1 nodes_visited 1456
[21:07:18.894] START to_move 2
[21:07:19.197] STOP to_move 2 nodes_visited 4587
[21:07:19.200] START to_move 1
[21:07:19.290] STOP to_move 1 nodes_visited 1441
[21:07:19.291] START to_move 2
[21:07:19.595] STOP to_move 2 nodes_visited 4658
[21:07:19.598] START to_move 1
[21:07:19.686] STOP to_move 1 nodes_visited 1346
[21:07:19.686] START to_move 2
[21:07:19.984] STOP to_move 2 nodes_visited 4516
[21:07:19.987] START to_move 1
[21:07:20.058] STOP to_move 1 nodes_visited 1136
[21:07:20.059] START to_move 2
[21:07:20.352] STOP to_move 2 nodes_visited 4455
[21:07:20.354] START to_move 1
[21:07:20.612] STOP to_move 1 nodes_visited 3837
[21:07:20.614] START to_move 2
[21:07:20.898] STOP to_move 2 nodes_visited 4229
[21:07:20.901] START to_move 1
[21:07:20.972] STOP to_move 1 nodes_visited 1092
[21:07:20.973] START to_move 2
[21:07:21.232] STOP to_move 2 nodes_visited 3874
[21:07:21.235] START to_move 1
[21:07:21.311] STOP to_move 1 nodes_visited 1190
[21:07:21.312] START to_move 2
[21:07:21.569] STOP to_move 2 nodes_visited 3949
[21:07:21.571] START to_move 1
[21:07:21.631] STOP to_move 1 nodes_visited 913
[21:07:21.632] START to_move 2
[21:07:21.874] STOP to_move 2 nodes_visited 3677
[21:07:21.876] START to_move 1
[21:07:21.949] STOP to_move 1 nodes_visited 1104
[21:07:21.950] START to_move 2
[21:07:22.156] STOP to_move 2 nodes_visited 3111
[21:07:22.158] START to_move 1
[21:07:22.223] STOP to_move 1 nodes_visited 978
[21:07:22.224] START to_move 2
[21:07:22.419] STOP to_move 2 nodes_visited 3007
[21:07:22.421] START to_move 1
[21:07:22.466] STOP to_move 1 nodes_visited 695
[21:07:22.467] START to_move 2
[21:07:22.659] STOP to_move 2 nodes_visited 2961
[21:07:22.660] START to_move 1
[21:07:22.706] STOP to_move 1 nodes_visited 723
[21:07:22.706] START to_move 2
[21:07:22.901] STOP to_move 2 nodes_visited 2966
[21:07:22.903] START to_move 1
[21:07:22.949] STOP to_move 1 nodes_visited 748
[21:07:22.949] START to_move 2
[21:07:23.164] STOP to_move 2 nodes_visited 3252
[21:07:23.166] START to_move 1
[21:07:23.214] STOP to_move 1 nodes_visited 761
[21:07:23.214] START to_move 2
[21:07:23.431] STOP to_move 2 nodes_visited 3255
[21:07:23.433] START to_move 1
[21:07:23.482] STOP to_move 1 nodes_visited 783
[21:07:23.482] START to_move 2
[21:07:23.686] STOP to_move 2 nodes_visited 3085
[21:07:23.687] START to_move 1
[21:07:23.735] STOP to_move 1 nodes_visited 759
[21:07:23.736] START to_move 2
[21:07:23.928] STOP to_move 2 nodes_visited 2893
[21:07:23.929] START to_move 1
[21:07:23.969] STOP to_move 1 nodes_visited 645
[21:07:23.970] START to_move 2
[21:07:24.171] STOP to_move 2 nodes_visited 3021
[21:07:24.174] START to_move 1
[21:07:24.234] STOP to_move 1 nodes_visited 978
[21:07:24.235] START to_move 2
[21:07:24.432] STOP to_move 2 nodes_visited 2974
[21:07:24.434] START to_move 1
[21:07:24.472] STOP to_move 1 nodes_visited 624
[21:07:24.473] START to_move 2
[21:07:24.655] STOP to_move 2 nodes_visited 2812
[21:07:24.656] START to_move 1
[21:07:24.766] STOP to_move 1 nodes_visited 1715
[21:07:24.767] START to_move 2
[21:07:24.945] STOP to_move 2 nodes_visited 2882
[21:07:24.947] START to_move 1
[21:07:24.996] STOP to_move 1 nodes_visited 773
[21:07:24.996] START to_move 2
[21:07:25.168] STOP to_move 2 nodes_visited 2800
[21:07:25.170] START to_move 1
[21:07:25.213] STOP to_move 1 nodes_visited 721
[21:07:25.214] START to_move 2
[21:07:25.412] STOP to_move 2 nodes_visited 3083
[21:07:25.413] START to_move 1
[21:07:25.459] STOP to_move 1 nodes_visited 744
[21:07:25.459] START to_move 2
[21:07:25.644] STOP to_move 2 nodes_visited 2870
[21:07:25.646] START to_move 1
[21:07:25.692] STOP to_move 1 nodes_visited 764
[21:07:25.692] START to_move 2
[21:07:25.888] STOP to_move 2 nodes_visited 3044
[21:07:25.890] START to_move 1
[21:07:25.937] STOP to_move 1 nodes_visited 784
[21:07:25.938] START to_move 2
[21:07:26.142] STOP to_move 2 nodes_visited 3182
[21:07:26.144] START to_move 1
[21:07:26.193] STOP to_move 1 nodes_visited 785
[21:07:26.193] START to_move 2
[21:07:26.385] STOP to_move 2 nodes_visited 2975
[21:07:26.387] START to_move 1
[21:07:26.434] STOP to_move 1 nodes_visited 777
[21:07:26.434] START to_move 2
[21:07:26.626] STOP to_move 2 nodes_visited 2975
[21:07:26.628] START to_move 1
[21:07:26.675] STOP to_move 1 nodes_visited 777
[21:07:26.675] START to_move 2
[21:07:26.860] STOP to_move 2 nodes_visited 2906
[21:07:26.862] START to_move 1
[21:07:26.899] STOP to_move 1 nodes_visited 554
[21:07:26.899] START to_move 2
[21:07:27.084] STOP to_move 2 nodes_visited 2906
[21:07:27.086] START to_move 1
[21:07:27.118] STOP to_move 1 nodes_visited 508
[21:07:27.119] START to_move 2
[21:07:27.297] STOP to_move 2 nodes_visited 2769
[21:07:27.299] START to_move 1
[21:07:27.353] STOP to_move 1 nodes_visited 898
[21:07:27.354] START to_move 2
[21:07:27.548] STOP to_move 2 nodes_visited 3067
[21:07:27.550] START to_move 1
[21:07:27.570] STOP to_move 1 nodes_visited 345
[21:07:27.570] START to_move 2
[21:07:27.734] STOP to_move 2 nodes_visited 2557
[21:07:27.736] START to_move 1
[21:07:27.756] STOP to_move 1 nodes_visited 336
[21:07:27.757] START to_move 2
[21:07:27.911] STOP to_move 2 nodes_visited 2421
[21:07:27.913] START to_move 1
[21:07:27.936] STOP to_move 1 nodes_visited 380
[21:07:27.937] START to_move 2
[21:07:28.085] STOP to_move 2 nodes_visited 2287
[21:07:28.087] START to_move 1
[21:07:28.245] STOP to_move 1 nodes_visited 2449
[21:07:28.247] START to_move 2
[21:07:28.395] STOP to_move 2 nodes_visited 2284
[21:07:28.396] START to_move 1
[21:07:28.431] STOP to_move 1 nodes_visited 559
[21:07:28.431] START to_move 2
[21:07:28.572] STOP to_move 2 nodes_visited 2154
[21:07:28.573] START to_move 1
[21:07:28.595] STOP to_move 1 nodes_visited 344
[21:07:28.595] START to_move 2
[21:07:28.720] STOP to_move 2 nodes_visited 1931
[21:07:28.721] START to_move 1
[21:07:28.744] STOP to_move 1 nodes_visited 368
[21:07:28.745] START to_move 2
[21:07:28.861] STOP to_move 2 nodes_visited 1779
[21:07:28.862] START to_move 1
[21:07:28.899] STOP to_move 1 nodes_visited 587
[21:07:28.900] START to_move 2
[21:07:29.005] STOP to_move 2 nodes_visited 1633
[21:07:29.006] START to_move 1
[21:07:29.022] STOP to_move 1 nodes_visited 265
[21:07:29.022] START to_move 2
[21:07:29.132] STOP to_move 2 nodes_visited 1661
[21:07:29.133] START to_move 1
[21:07:29.150] STOP to_move 1 nodes_visited 276
[21:07:29.150] START to_move 2
[21:07:29.264] STOP to_move 2 nodes_visited 1775
[21:07:29.265] START to_move 1
[21:07:29.292] STOP to_move 1 nodes_visited 447
[21:07:29.293] START to_move 2
[21:07:29.417] STOP to_move 2 nodes_visited 1889
[21:07:29.418] START to_move 1
[21:07:29.444] STOP to_move 1 nodes_visited 425
[21:07:29.444] START to_move 2
[21:07:29.556] STOP to_move 2 nodes_visited 1744
[21:07:29.557] START to_move 1
[21:07:29.581] STOP to_move 1 nodes_visited 384
[21:07:29.581] START to_move 2
[21:07:29.679] STOP to_move 2 nodes_visited 1520
[21:07:29.680] START to_move 1
[21:07:29.702] STOP to_move 1 nodes_visited 328
[21:07:29.702] START to_move 2
[21:07:29.795] STOP to_move 2 nodes_visited 1432
[21:07:29.796] START to_move 1
[21:07:29.817] STOP to_move 1 nodes_visited 351
[21:07:29.818] START to_move 2
[21:07:29.897] STOP to_move 2 nodes_visited 1237
[21:07:29.898] START to_move 1
[21:07:29.919] STOP to_move 1 nodes_visited 337
[21:07:29.919] START to_move 2
[21:07:29.991] STOP to_move 2 nodes_visited 1116
[21:07:29.991] START to_move 1
[21:07:30.019] STOP to_move 1 nodes_visited 428
[21:07:30.020] START to_move 2
[21:07:30.087] STOP to_move 2 nodes_visited 1018
[21:07:30.087] START to_move 1
[21:07:30.111] STOP to_move 1 nodes_visited 392
[21:07:30.112] START to_move 2
[21:07:30.178] STOP to_move 2 nodes_visited 1062
[21:07:30.178] START to_move 1
[21:07:30.211] STOP to_move 1 nodes_visited 544
[21:07:30.212] START to_move 2
[21:07:30.279] STOP to_move 2 nodes_visited 1051
[21:07:30.280] START to_move 1
[21:07:30.296] STOP to_move 1 nodes_visited 260
[21:07:30.296] START to_move 2
[21:07:30.367] STOP to_move 2 nodes_visited 1140
[21:07:30.368] START to_move 1
[21:07:30.381] STOP to_move 1 nodes_visited 213
[21:07:30.381] START to_move 2
[21:07:30.446] STOP to_move 2 nodes_visited 1051
[21:07:30.447] START to_move 1
[21:07:30.460] STOP to_move 1 nodes_visited 228
[21:07:30.461] START to_move 2
[21:07:30.526] STOP to_move 2 nodes_visited 1054
[21:07:30.526] START to_move 1
[21:07:30.538] STOP to_move 1 nodes_visited 192
[21:07:30.538] START to_move 2
[21:07:30.604] STOP to_move 2 nodes_visited 1044
[21:07:30.605] START to_move 1
[21:07:30.612] STOP to_move 1 nodes_visited 126
[21:07:30.612] START to_move 2
[21:07:30.671] STOP to_move 2 nodes_visited 944
[21:07:30.671] START to_move 1
[21:07:30.679] STOP to_move 1 nodes_visited 118
[21:07:30.679] START to_move 2
[21:07:30.739] STOP to_move 2 nodes_visited 962
[21:07:30.740] START to_move 1
[21:07:30.747] STOP to_move 1 nodes_visited 118
[21:07:30.747] START to_move 2
[21:07:30.801] STOP to_move 2 nodes_visited 862
[21:07:30.801] START to_move 1
[21:07:30.810] STOP to_move 1 nodes_visited 156
[21:07:30.810] START to_move 2
[21:07:30.860] STOP to_move 2 nodes_visited 781
[21:07:30.861] START to_move 1
[21:07:30.879] STOP to_move 1 nodes_visited 301
[21:07:30.879] START to_move 2
[21:07:30.929] STOP to_move 2 nodes_visited 824
[21:07:30.930] START to_move 1
[21:07:30.947] STOP to_move 1 nodes_visited 291
[21:07:30.947] START to_move 2
[21:07:30.993] STOP to_move 2 nodes_visited 762
[21:07:30.994] START to_move 1
[21:07:31.011] STOP to_move 1 nodes_visited 299
[21:07:31.012] START to_move 2
[21:07:31.054] STOP to_move 2 nodes_visited 704
[21:07:31.054] START to_move 1
[21:07:31.069] STOP to_move 1 nodes_visited 240
[21:07:31.069] START to_move 2
[21:07:31.106] STOP to_move 2 nodes_visited 614
[21:07:31.106] START to_move 1
[21:07:31.126] STOP to_move 1 nodes_visited 334
[21:07:31.126] START to_move 2
[21:07:31.166] STOP to_move 2 nodes_visited 631
[21:07:31.166] START to_move 1
[21:07:31.180] STOP to_move 1 nodes_visited 224
[21:07:31.180] START to_move 2
[21:07:31.209] STOP to_move 2 nodes_visited 491
[21:07:31.210] START to_move 1
[21:07:31.226] STOP to_move 1 nodes_visited 266
[21:07:31.226] START to_move 2
[21:07:31.258] STOP to_move 2 nodes_visited 529
[21:07:31.259] START to_move 1
[21:07:31.270] STOP to_move 1 nodes_visited 192
[21:07:31.270] START to_move 2
[21:07:31.312] STOP to_move 2 nodes_visited 681
[21:07:31.313] START to_move 1
[21:07:31.324] STOP to_move 1 nodes_visited 200
[21:07:31.324] START to_move 2
[21:07:31.362] STOP to_move 2 nodes_visited 631
[21:07:31.363] START to_move 1
[21:07:31.375] STOP to_move 1 nodes_visited 201
[21:07:31.375] START to_move 2
[21:07:31.410] STOP to_move 2 nodes_visited 577
[21:07:31.410] START to_move 1
[21:07:31.422] STOP to_move 1 nodes_visited 200
[21:07:31.422] START to_move 2
[21:07:31.460] STOP to_move 2 nodes_visited 601
[21:07:31.460] START to_move 1
[21:07:31.478] STOP to_move 1 nodes_visited 302
[21:07:31.479] START to_move 2
[21:07:31.507] STOP to_move 2 nodes_visited 469
[21:07:31.507] START to_move 1
[21:07:31.529] STOP to_move 1 nodes_visited 357
[21:07:31.529] START to_move 2
[21:07:31.556] STOP to_move 2 nodes_visited 443
[21:07:31.556] START to_move 1
[21:07:31.571] STOP to_move 1 nodes_visited 257
[21:07:31.572] START to_move 2
[21:07:31.594] STOP to_move 2 nodes_visited 376
[21:07:31.595] START to_move 1
[21:07:31.605] STOP to_move 1 nodes_visited 181
[21:07:31.606] START to_move 2
[21:07:31.622] STOP to_move 2 nodes_visited 271
[21:07:31.622] START to_move 1
[21:07:31.630] STOP to_move 1 nodes_visited 129
[21:07:31.630] START to_move 2
[21:07:31.649] STOP to_move 2 nodes_visited 313
[21:07:31.649] START to_move 1
[21:07:31.673] STOP to_move 1 nodes_visited 386
[21:07:31.674] START to_move 2
[21:07:31.698] STOP to_move 2 nodes_visited 401
[21:07:31.698] START to_move 1
[21:07:31.706] STOP to_move 1 nodes_visited 120
[21:07:31.706] START to_move 2
[21:07:31.724] STOP to_move 2 nodes_visited 301
[21:07:31.724] START to_move 1
[21:07:31.732] STOP to_move 1 nodes_visited 120
[21:07:31.732] START to_move 2
[21:07:31.750] STOP to_move 2 nodes_visited 301
[21:07:31.751] START to_move 1
[21:07:31.758] STOP to_move 1 nodes_visited 120
[21:07:31.758] START to_move 2
[21:07:31.775] STOP to_move 2 nodes_visited 289
[21:07:31.776] START to_move 1
[21:07:31.783] STOP to_move 1 nodes_visited 112
[21:07:31.783] START to_move 2
[21:07:31.801] STOP to_move 2 nodes_visited 313
[21:07:31.802] START to_move 1
[21:07:31.808] STOP to_move 1 nodes_visited 113
[21:07:31.808] START to_move 2
[21:07:31.824] STOP to_move 2 nodes_visited 265
[21:07:31.825] START to_move 1
[21:07:31.832] STOP to_move 1 nodes_visited 111
[21:07:31.832] START to_move 2
[21:07:31.851] STOP to_move 2 nodes_visited 313
[21:07:31.851] START to_move 1
[21:07:31.878] STOP to_move 1 nodes_visited 405
[21:07:31.879] START to_move 2
[21:07:31.903] STOP to_move 2 nodes_visited 409
[21:07:31.903] START to_move 1
[21:07:31.910] STOP to_move 1 nodes_visited 106
[21:07:31.910] START to_move 2
[21:07:31.926] STOP to_move 2 nodes_visited 265
[21:07:31.926] START to_move 1
[21:07:31.933] STOP to_move 1 nodes_visited 106
[21:07:31.933] START to_move 2
[21:07:31.948] STOP to_move 2 nodes_visited 254
[21:07:31.948] START to_move 1
[21:07:31.954] STOP to_move 1 nodes_visited 99
[21:07:31.955] START to_move 2
[21:07:31.971] STOP to_move 2 nodes_visited 276
[21:07:31.971] START to_move 1
[21:07:31.978] STOP to_move 1 nodes_visited 114
[21:07:31.978] START to_move 2
[21:07:31.993] STOP to_move 2 nodes_visited 241
[21:07:31.993] START to_move 1
[21:07:31.999] STOP to_move 1 nodes_visited 104
[21:07:31.999] START to_move 2
[21:07:32.014] STOP to_move 2 nodes_visited 248
[21:07:32.014] START to_move 1
[21:07:32.018] STOP to_move 1 nodes_visited 58
[21:07:32.018] START to_move 2
[21:07:32.026] STOP to_move 2 nodes_visited 134
[21:07:32.026] START to_move 1
[21:07:32.036] STOP to_move 1 nodes_visited 166
[21:07:32.036] START to_move 2
[21:07:32.049] STOP to_move 2 nodes_visited 191
[21:07:32.049] START to_move 1
[21:07:32.055] STOP to_move 1 nodes_visited 94
[21:07:32.055] START to_move 2
[21:07:32.064] STOP to_move 2 nodes_visited 153
[21:07:32.064] START to_move 1
[21:07:32.067] STOP to_move 1 nodes_visited 58
[21:07:32.068] START to_move 2
[21:07:32.076] STOP to_move 2 nodes_visited 134
[21:07:32.076] START to_move 1
[21:07:32.079] STOP to_move 1 nodes_visited 54
[21:07:32.079] START to_move 2
[21:07:32.086] STOP to_move 2 nodes_visited 109
[21:07:32.086] START to_move 1
[21:07:32.090] STOP to_move 1 nodes_visited 75
[21:07:32.090] START to_move 2
[21:07:32.100] STOP to_move 2 nodes_visited 161
[21:07:32.100] START to_move 1
[21:07:32.104] STOP to_move 1 nodes_visited 65
[21:07:32.104] START to_move 2
[21:07:32.110] STOP to_move 2 nodes_visited 91
[21:07:32.110] START to_move 1
[21:07:32.114] STOP to_move 1 nodes_visited 65
[21:07:32.114] START to_move 2
[21:07:32.123] STOP to_move 2 nodes_visited 153
[21:07:32.123] START to_move 1
[21:07:32.128] STOP to_move 1 nodes_visited 82
[21:07:32.128] START to_move 2
[21:07:32.135] STOP to_move 2 nodes_visited 113
[21:07:32.135] START to_move 1
[21:07:32.139] STOP to_move 1 nodes_visited 67
[21:07:32.139] START to_move 2
[21:07:32.147] STOP to_move 2 nodes_visited 127
[21:07:32.147] START to_move 1
[21:07:32.149] STOP to_move 1 nodes_visited 42
[21:07:32.149] START to_move 2
[21:07:32.153] STOP to_move 2 nodes_visited 69
[21:07:32.153] START to_move 1
[21:07:32.156] STOP to_move 1 nodes_visited 51
[21:07:32.157] START to_move 2
[21:07:32.162] STOP to_move 2 nodes_visited 86
[21:07:32.162] START to_move 1
[21:07:32.164] STOP to_move 1 nodes_visited 38
[21:07:32.164] START to_move 2
[21:07:32.166] STOP to_move 2 nodes_visited 35
[21:07:32.166] START to_move 1
[21:07:32.169] STOP to_move 1 nodes_visited 50
[21:07:32.169] START to_move 2
[21:07:32.173] STOP to_move 2 nodes_visited 65
[21:07:32.173] START to_move 1
[21:07:32.175] STOP to_move 1 nodes_visited 40
[21:07:32.176] START to_move 2
[21:07:32.180] STOP to_move 2 nodes_visited 69
[21:07:32.180] START to_move 1
[21:07:32.182] STOP to_move 1 nodes_visited 39
[21:07:32.182] START to_move 2
[21:07:32.184] STOP to_move 2 nodes_visited 36
[21:07:32.184] END winner 2 - rounds 266
