[21:05:38.247] 1 - distance_function euclides - pruning True
[21:05:38.247] 2 - distance_function euclides - pruning False
[21:05:38.247] START to_move 1
[21:05:38.533] STOP to_move 1 nodes_visited 4384
[21:05:38.535] START to_move 2
[21:05:38.925] STOP to_move 2 nodes_visited 6264
[21:05:38.929] START to_move 1
[21:05:39.233] STOP to_move 1 nodes_visited 4852
[21:05:39.236] START to_move 2
[21:05:39.633] STOP to_move 2 nodes_visited 6295
[21:05:39.637] START to_move 1
[21:05:39.684] STOP to_move 1 nodes_visited 773
[21:05:39.684] START to_move 2
[21:05:40.071] STOP to_move 2 nodes_visited 6185
[21:05:40.075] START to_move 1
[21:05:40.114] STOP to_move 1 nodes_visited 659
[21:05:40.114] START to_move 2
[21:05:40.505] STOP to_move 2 nodes_visited 6358
[21:05:40.510] START to_move 1
[21:05:40.726] STOP to_move 1 nodes_visited 3497
[21:05:40.728] START to_move 2
[21:05:41.109] STOP to_move 2 nodes_visited 6092
[21:05:41.112] START to_move 1
[21:05:41.175] STOP to_move 1 nodes_visited 1035
[21:05:41.175] START to_move 2
[21:05:41.555] STOP to_move 2 nodes_visited 6184
[21:05:41.559] START to_move 1
[21:05:41.779] STOP to_move 1 nodes_visited 3468
[21:05:41.781] START to_move 2
[21:05:42.151] STOP to_move 2 nodes_visited 5918
[21:05:42.155] START to_move 1
[21:05:42.344] STOP to_move 1 nodes_visited 3035
[21:05:42.346] START to_move 2
[21:05:42.713] STOP to_move 2 nodes_visited 5932
[21:05:42.717] START to_move 1
[21:05:42.917] STOP to_move 1 nodes_visited 3143
[21:05:42.919] START to_move 2
[21:05:43.289] STOP to_move 2 nodes_visited 6018
[21:05:43.293] START to_move 1
[21:05:43.419] STOP to_move 1 nodes_visited 1961
[21:05:43.420] START to_move 2
[21:05:43.791] STOP to_move 2 nodes_visited 6023
[21:05:43.795] START to_move 1
[21:05:43.959] STOP to_move 1 nodes_visited 2632
[21:05:43.961] START to_move 2
[21:05:44.338] STOP to_move 2 nodes_visited 6138
[21:05:44.342] START to_move 1
[21:05:44.567] STOP to_move 1 nodes_visited 3563
[21:05:44.569] START to_move 2
[21:05:44.954] STOP to_move 2 nodes_visited 6111
[21:05:44.957] START to_move 1
[21:05:45.211] STOP to_move 1 nodes_visited 4087
[21:05:45.213] START to_move 2
[21:05:45.610] STOP to_move 2 nodes_visited 6259
[21:05:45.614] START to_move 1
[21:05:45.660] STOP to_move 1 nodes_visited 767
[21:05:45.660] START to_move 2
[21:05:46.046] STOP to_move 2 nodes_visited 6127
[21:05:46.050] START to_move 1
[21:05:46.221] STOP to_move 1 nodes_visited 2788
[21:05:46.223] START to_move 2
[21:05:46.621] STOP to_move 2 nodes_visited 6439
[21:05:46.625] START to_move 1
[21:05:46.855] STOP to_move 1 nodes_visited 3535
[21:05:46.857] START to_move 2
[21:05:47.244] STOP to_move 2 nodes_visited 6137
[21:05:47.248] START to_move 1
[21:05:47.459] STOP to_move 1 nodes_visited 3388
[21:05:47.461] START to_move 2
[21:05:47.837] STOP to_move 2 nodes_visited 5806
[21:05:47.841] START to_move 1
[21:05:48.011] STOP to_move 1 nodes_visited 2685
[21:05:48.013] START to_move 2
[21:05:48.405] STOP to_move 2 nodes_visited 6201
[21:05:48.409] START to_move 1
[21:05:48.457] STOP to_move 1 nodes_visited 802
[21:05:48.458] START to_move 2
[21:05:48.828] STOP to_move 2 nodes_visited 6038
[21:05:48.832] START to_move 1
[21:05:49.220] STOP to_move 1 nodes_visited 5911
[21:05:49.223] START to_move 2
[21:05:49.626] STOP to_move 2 nodes_visited 6492
[21:05:49.630] START to_move 1
[21:05:49.683] STOP to_move 1 nodes_visited 869
[21:05:49.684] START to_move 2
[21:05:50.094] STOP to_move 2 nodes_visited 6594
[21:05:50.098] START to_move 1
[21:05:50.149] STOP to_move 1 nodes_visited 831
[21:05:50.149] START to_move 2
[21:05:50.579] STOP to_move 2 nodes_visited 6712
[21:05:50.583] START to_move 1
[21:05:50.633] STOP to_move 1 nodes_visited 833
[21:05:50.634] START to_move 2
[21:05:51.038] STOP to_move 2 nodes_visited 6437
[21:05:51.042] START to_move 1
[21:05:51.399] STOP to_move 1 nodes_visited 5685
[21:05:51.403] START to_move 2
[21:05:51.804] STOP to_move 2 nodes_visited 6364
[21:05:51.807] START to_move 1
[21:05:51.860] STOP to_move 1 nodes_visited 876
[21:05:51.861] START to_move 2
[21:05:52.255] STOP to_move 2 nodes_visited 6375
[21:05:52.259] START to_move 1
[21:05:52.389] STOP to_move 1 nodes_visited 2052
[21:05:52.391] START to_move 2
[21:05:52.838] STOP to_move 2 nodes_visited 6929
[21:05:52.842] START to_move 1
[21:05:52.901] STOP to_move 1 nodes_visited 909
[21:05:52.901] START to_move 2
[21:05:53.287] STOP to_move 2 nodes_visited 6180
[21:05:53.291] START to_move 1
[21:05:53.335] STOP to_move 1 nodes_visited 726
[21:05:53.335] START to_move 2
[21:05:53.757] STOP to_move 2 nodes_visited 6654
[21:05:53.761] START to_move 1
[21:05:53.956] STOP to_move 1 nodes_visited 3028
[21:05:53.958] START to_move 2
[21:05:54.344] STOP to_move 2 nodes_visited 6240
[21:05:54.347] START to_move 1
[21:05:54.528] STOP to_move 1 nodes_visited 2721
[21:05:54.530] START to_move 2
[21:05:54.904] STOP to_move 2 nodes_visited 6064
[21:05:54.908] START to_move 1
[21:05:54.983] STOP to_move 1 nodes_visited 1166
[21:05:54.984] START to_move 2
[21:05:55.394] STOP to_move 2 nodes_visited 6555
[21:05:55.398] START to_move 1
[21:05:55.450] STOP to_move 1 nodes_visited 866
[21:05:55.450] START to_move 2
[21:05:55.828] STOP to_move 2 nodes_visited 6128
[21:05:55.832] START to_move 1
[21:05:55.885] STOP to_move 1 nodes_visited 886
[21:05:55.886] START to_move 2
[21:05:56.267] STOP to_move 2 nodes_visited 6130
[21:05:56.271] START to_move 1
[21:05:56.331] STOP to_move 1 nodes_visited 991
[21:05:56.331] START to_move 2
[21:05:56.701] STOP to_move 2 nodes_visited 6043
[21:05:56.705] START to_move 1
[21:05:56.758] STOP to_move 1 nodes_visited 888
[21:05:56.759] START to_move 2
[21:05:57.142] STOP to_move 2 nodes_visited 6214
[21:05:57.146] START to_move 1
[21:05:57.201] STOP to_move 1 nodes_visited 894
[21:05:57.201] START to_move 2
[21:05:57.588] STOP to_move 2 nodes_visited 6099
[21:05:57.591] START to_move 1
[21:05:57.632] STOP to_move 1 nodes_visited 671
[21:05:57.633] START to_move 2
[21:05:58.001] STOP to_move 2 nodes_visited 5994
[21:05:58.005] START to_move 1
[21:05:58.055] STOP to_move 1 nodes_visited 799
[21:05:58.055] START to_move 2
[21:05:58.417] STOP to_move 2 nodes_visited 5826
[21:05:58.421] START to_move 1
[21:05:58.578] STOP to_move 1 nodes_visited 2500
[21:05:58.580] START to_move 2
[21:05:58.943] STOP to_move 2 nodes_visited 5826
[21:05:58.946] START to_move 1
[21:05:59.145] STOP to_move 1 nodes_visited 3156
[21:05:59.147] START to_move 2
[21:05:59.511] STOP to_move 2 nodes_visited 5904
[21:05:59.514] START to_move 1
[21:05:59.806] STOP to_move 1 nodes_visited 4639
[21:05:59.809] START to_move 2
[21:06:00.168] STOP to_move 2 nodes_visited 5755
[21:06:00.171] START to_move 1
[21:06:00.325] STOP to_move 1 nodes_visited 2520
[21:06:00.327] START to_move 2
[21:06:00.682] STOP to_move 2 nodes_visited 5669
[21:06:00.685] START to_move 1
[21:06:00.876] STOP to_move 1 nodes_visited 3052
[21:06:00.878] START to_move 2
[21:06:01.226] STOP to_move 2 nodes_visited 5531
[21:06:01.230] START to_move 1
[21:06:01.419] STOP to_move 1 nodes_visited 3029
[21:06:01.421] START to_move 2
[21:06:01.772] STOP to_move 2 nodes_visited 5640
[21:06:01.776] START to_move 1
[21:06:01.827] STOP to_move 1 nodes_visited 813
[21:06:01.827] START to_move 2
[21:06:02.182] STOP to_move 2 nodes_visited 5737
[21:06:02.185] START to_move 1
[21:06:02.359] STOP to_move 1 nodes_visited 2795
[21:06:02.361] START to_move 2
[21:06:02.699] STOP to_move 2 nodes_visited 5491
[21:06:02.703] START to_move 1
[21:06:02.867] STOP to_move 1 nodes_visited 2645
[21:06:02.869] START to_move 2
[21:06:03.180] STOP to_move 2 nodes_visited 5069
[21:06:03.183] START to_move 1
[21:06:03.297] STOP to_move 1 nodes_visited 1834
[21:06:03.298] START to_move 2
[21:06:03.607] STOP to_move 2 nodes_visited 4979
[21:06:03.610] START to_move 1
[21:06:03.771] STOP to_move 1 nodes_visited 2554
[21:06:03.773] START to_move 2
[21:06:04.054] STOP to_move 2 nodes_visited 4609
[21:06:04.057] START to_move 1
[21:06:04.219] STOP to_move 1 nodes_visited 2541
[21:06:04.221] START to_move 2
[21:06:04.505] STOP to_move 2 nodes_visited 4606
[21:06:04.507] START to_move 1
[21:06:04.659] STOP to_move 1 nodes_visited 2402
[21:06:04.661] START to_move 2
[21:06:04.953] STOP to_move 2 nodes_visited 4739
[21:06:04.956] START to_move 1
[21:06:05.103] STOP to_move 1 nodes_visited 2355
[21:06:05.104] START to_move 2
[21:06:05.387] STOP to_move 2 nodes_visited 4538
[21:06:05.390] START to_move 1
[21:06:05.511] STOP to_move 1 nodes_visited 1924
[21:06:05.512] START to_move 2
[21:06:05.769] STOP to_move 2 nodes_visited 4169
[21:06:05.772] START to_move 1
[21:06:05.891] STOP to_move 1 nodes_visited 1898
[21:06:05.893] START to_move 2
[21:06:06.158] STOP to_move 2 nodes_visited 4243
[21:06:06.161] START to_move 1
[21:06:06.280] STOP to_move 1 nodes_visited 1898
[21:06:06.281] START to_move 2
[21:06:06.547] STOP to_move 2 nodes_visited 4299
[21:06:06.549] START to_move 1
[21:06:06.665] STOP to_move 1 nodes_visited 1844
[21:06:06.666] START to_move 2
[21:06:06.926] STOP to_move 2 nodes_visited 4251
[21:06:06.928] START to_move 1
[21:06:07.038] STOP to_move 1 nodes_visited 1715
[21:06:07.039] START to_move 2
[21:06:07.289] STOP to_move 2 nodes_visited 4036
[21:06:07.292] START to_move 1
[21:06:07.380] STOP to_move 1 nodes_visited 1397
[21:06:07.381] START to_move 2
[21:06:07.631] STOP to_move 2 nodes_visited 4063
[21:06:07.634] START to_move 1
[21:06:07.718] STOP to_move 1 nodes_visited 1337
[21:06:07.719] START to_move 2
[21:06:07.963] STOP to_move 2 nodes_visited 3992
[21:06:07.966] START to_move 1
[21:06:08.057] STOP to_move 1 nodes_visited 1413
[21:06:08.058] START to_move 2
[21:06:08.299] STOP to_move 2 nodes_visited 3895
[21:06:08.302] START to_move 1
[21:06:08.386] STOP to_move 1 nodes_visited 1335
[21:06:08.387] START to_move 2
[21:06:08.629] STOP to_move 2 nodes_visited 3883
[21:06:08.631] START to_move 1
[21:06:08.717] STOP to_move 1 nodes_visited 1367
[21:06:08.718] START to_move 2
[21:06:08.968] STOP to_move 2 nodes_visited 4000
[21:06:08.971] START to_move 1
[21:06:09.088] STOP to_move 1 nodes_visited 1749
[21:06:09.089] START to_move 2
[21:06:09.335] STOP to_move 2 nodes_visited 3932
[21:06:09.337] START to_move 1
[21:06:09.454] STOP to_move 1 nodes_visited 1900
[21:06:09.455] START to_move 2
[21:06:09.707] STOP to_move 2 nodes_visited 4053
[21:06:09.709] START to_move 1
[21:06:09.784] STOP to_move 1 nodes_visited 1166
[21:06:09.784] START to_move 2
[21:06:10.026] STOP to_move 2 nodes_visited 3787
[21:06:10.028] START to_move 1
[21:06:10.097] STOP to_move 1 nodes_visited 1092
[21:06:10.098] START to_move 2
[21:06:10.344] STOP to_move 2 nodes_visited 3871
[21:06:10.346] START to_move 1
[21:06:10.414] STOP to_move 1 nodes_visited 1032
[21:06:10.414] START to_move 2
[21:06:10.640] STOP to_move 2 nodes_visited 3675
[21:06:10.642] START to_move 1
[21:06:10.715] STOP to_move 1 nodes_visited 1143
[21:06:10.715] START to_move 2
[21:06:10.930] STOP to_move 2 nodes_visited 3400
[21:06:10.931] START to_move 1
[21:06:11.002] STOP to_move 1 nodes_visited 1152
[21:06:11.003] START to_move 2
[21:06:11.203] STOP to_move 2 nodes_visited 3186
[21:06:11.205] START to_move 1
[21:06:11.337] STOP to_move 1 nodes_visited 1995
[21:06:11.338] START to_move 2
[21:06:11.540] STOP to_move 2 nodes_visited 3159
[21:06:11.542] START to_move 1
[21:06:11.601] STOP to_move 1 nodes_visited 930
[21:06:11.601] START to_move 2
[21:06:11.795] STOP to_move 2 nodes_visited 2987
[21:06:11.796] START to_move 1
[21:06:11.869] STOP to_move 1 nodes_visited 1142
[21:06:11.869] START to_move 2
[21:06:12.072] STOP to_move 2 nodes_visited 3160
[21:06:12.074] START to_move 1
[21:06:12.134] STOP to_move 1 nodes_visited 955
[21:06:12.135] START to_move 2
[21:06:12.335] STOP to_move 2 nodes_visited 3114
[21:06:12.337] START to_move 1
[21:06:12.396] STOP to_move 1 nodes_visited 943
[21:06:12.397] START to_move 2
[21:06:12.564] STOP to_move 2 nodes_visited 2656
[21:06:12.565] START to_move 1
[21:06:12.638] STOP to_move 1 nodes_visited 1093
[21:06:12.639] START to_move 2
[21:06:12.815] STOP to_move 2 nodes_visited 2753
[21:06:12.817] START to_move 1
[21:06:12.876] STOP to_move 1 nodes_visited 909
[21:06:12.877] START to_move 2
[21:06:13.042] STOP to_move 2 nodes_visited 2672
[21:06:13.044] START to_move 1
[21:06:13.100] STOP to_move 1 nodes_visited 901
[21:06:13.101] START to_move 2
[21:06:13.248] STOP to_move 2 nodes_visited 2327
[21:06:13.250] START to_move 1
[21:06:13.386] STOP to_move 1 nodes_visited 2101
[21:06:13.387] START to_move 2
[21:06:13.538] STOP to_move 2 nodes_visited 2388
[21:06:13.539] START to_move 1
[21:06:13.583] STOP to_move 1 nodes_visited 716
[21:06:13.584] START to_move 2
[21:06:13.737] STOP to_move 2 nodes_visited 2416
[21:06:13.739] START to_move 1
[21:06:13.872] STOP to_move 1 nodes_visited 2043
[21:06:13.873] START to_move 2
[21:06:14.026] STOP to_move 2 nodes_visited 2419
[21:06:14.028] START to_move 1
[21:06:14.082] STOP to_move 1 nodes_visited 865
[21:06:14.082] START to_move 2
[21:06:14.222] STOP to_move 2 nodes_visited 2178
[21:06:14.224] START to_move 1
[21:06:14.292] STOP to_move 1 nodes_visited 1055
[21:06:14.293] START to_move 2
[21:06:14.443] STOP to_move 2 nodes_visited 2420
[21:06:14.445] START to_move 1
[21:06:14.546] STOP to_move 1 nodes_visited 1477
[21:06:14.547] START to_move 2
[21:06:14.695] STOP to_move 2 nodes_visited 2368
[21:06:14.697] START to_move 1
[21:06:14.741] STOP to_move 1 nodes_visited 723
[21:06:14.742] START to_move 2
[21:06:14.882] STOP to_move 2 nodes_visited 2208
[21:06:14.884] START to_move 1
[21:06:14.937] STOP to_move 1 nodes_visited 824
[21:06:14.938] START to_move 2
[21:06:15.094] STOP to_move 2 nodes_visited 2459
[21:06:15.095] START to_move 1
[21:06:15.151] STOP to_move 1 nodes_visited 877
[21:06:15.152] START to_move 2
[21:06:15.297] STOP to_move 2 nodes_visited 2333
[21:06:15.298] START to_move 1
[21:06:15.359] STOP to_move 1 nodes_visited 936
[21:06:15.359] START to_move 2
[21:06:15.508] STOP to_move 2 nodes_visited 2396
[21:06:15.510] START to_move 1
[21:06:15.572] STOP to_move 1 nodes_visited 985
[21:06:15.573] START to_move 2
[21:06:15.723] STOP to_move 2 nodes_visited 2396
[21:06:15.725] START to_move 1
[21:06:15.787] STOP to_move 1 nodes_visited 985
[21:06:15.788] START to_move 2
[21:06:15.944] STOP to_move 2 nodes_visited 2459
[21:06:15.945] START to_move 1
[21:06:16.007] STOP to_move 1 nodes_visited 985
[21:06:16.008] START to_move 2
[21:06:16.156] STOP to_move 2 nodes_visited 2396
[21:06:16.158] START to_move 1
[21:06:16.221] STOP to_move 1 nodes_visited 973
[21:06:16.221] START to_move 2
[21:06:16.358] STOP to_move 2 nodes_visited 2207
[21:06:16.359] START to_move 1
[21:06:16.420] STOP to_move 1 nodes_visited 970
[21:06:16.421] START to_move 2
[21:06:16.555] STOP to_move 2 nodes_visited 2144
[21:06:16.557] START to_move 1
[21:06:16.605] STOP to_move 1 nodes_visited 753
[21:06:16.605] START to_move 2
[21:06:16.744] STOP to_move 2 nodes_visited 2178
[21:06:16.745] START to_move 1
[21:06:16.778] STOP to_move 1 nodes_visited 539
[21:06:16.779] START to_move 2
[21:06:16.910] STOP to_move 2 nodes_visited 2115
[21:06:16.911] START to_move 1
[21:06:16.944] STOP to_move 1 nodes_visited 534
[21:06:16.945] START to_move 2
[21:06:17.073] STOP to_move 2 nodes_visited 2051
[21:06:17.074] START to_move 1
[21:06:17.107] STOP to_move 1 nodes_visited 525
[21:06:17.108] START to_move 2
[21:06:17.227] STOP to_move 2 nodes_visited 1922
[21:06:17.228] START to_move 1
[21:06:17.245] STOP to_move 1 nodes_visited 284
[21:06:17.246] START to_move 2
[21:06:17.364] STOP to_move 2 nodes_visited 1892
[21:06:17.365] START to_move 1
[21:06:17.383] STOP to_move 1 nodes_visited 288
[21:06:17.383] START to_move 2
[21:06:17.503] STOP to_move 2 nodes_visited 1924
[21:06:17.503] START to_move 1
[21:06:17.519] STOP to_move 1 nodes_visited 253
[21:06:17.519] START to_move 2
[21:06:17.629] STOP to_move 2 nodes_visited 1762
[21:06:17.630] START to_move 1
[21:06:17.689] STOP to_move 1 nodes_visited 940
[21:06:17.690] START to_move 2
[21:06:17.783] STOP to_move 2 nodes_visited 1490
[21:06:17.784] START to_move 1
[21:06:17.800] STOP to_move 1 nodes_visited 245
[21:06:17.800] START to_move 2
[21:06:17.892] STOP to_move 2 nodes_visited 1472
[21:06:17.893] START to_move 1
[21:06:17.928] STOP to_move 1 nodes_visited 569
[21:06:17.928] START to_move 2
[21:06:18.006] STOP to_move 2 nodes_visited 1244
[21:06:18.006] START to_move 1
[21:06:18.018] STOP to_move 1 nodes_visited 203
[21:06:18.018] START to_move 2
[21:06:18.094] STOP to_move 2 nodes_visited 1177
[21:06:18.095] START to_move 1
[21:06:18.112] STOP to_move 1 nodes_visited 278
[21:06:18.112] START to_move 2
[21:06:18.163] STOP to_move 2 nodes_visited 822
[21:06:18.164] START to_move 1
[21:06:18.198] STOP to_move 1 nodes_visited 544
[21:06:18.198] START to_move 2
[21:06:18.245] STOP to_move 2 nodes_visited 743
[21:06:18.245] START to_move 1
[21:06:18.268] STOP to_move 1 nodes_visited 367
[21:06:18.268] START to_move 2
[21:06:18.315] STOP to_move 2 nodes_visited 762
[21:06:18.316] START to_move 1
[21:06:18.328] STOP to_move 1 nodes_visited 199
[21:06:18.328] START to_move 2
[21:06:18.369] STOP to_move 2 nodes_visited 665
[21:06:18.370] START to_move 1
[21:06:18.384] STOP to_move 1 nodes_visited 225
[21:06:18.385] START to_move 2
[21:06:18.424] STOP to_move 2 nodes_visited 631
[21:06:18.424] START to_move 1
[21:06:18.438] STOP to_move 1 nodes_visited 223
[21:06:18.438] START to_move 2
[21:06:18.476] STOP to_move 2 nodes_visited 614
[21:06:18.477] START to_move 1
[21:06:18.489] STOP to_move 1 nodes_visited 205
[21:06:18.489] START to_move 2
[21:06:18.534] STOP to_move 2 nodes_visited 724
[21:06:18.535] START to_move 1
[21:06:18.549] STOP to_move 1 nodes_visited 238
[21:06:18.549] START to_move 2
[21:06:18.588] STOP to_move 2 nodes_visited 631
[21:06:18.589] START to_move 1
[21:06:18.602] STOP to_move 1 nodes_visited 221
[21:06:18.602] START to_move 2
[21:06:18.640] STOP to_move 2 nodes_visited 596
[21:06:18.640] START to_move 1
[21:06:18.651] STOP to_move 1 nodes_visited 185
[21:06:18.652] START to_move 2
[21:06:18.698] STOP to_move 2 nodes_visited 708
[21:06:18.698] START to_move 1
[21:06:18.709] STOP to_move 1 nodes_visited 181
[21:06:18.709] START to_move 2
[21:06:18.755] STOP to_move 2 nodes_visited 711
[21:06:18.756] START to_move 1
[21:06:18.766] STOP to_move 1 nodes_visited 173
[21:06:18.766] START to_move 2
[21:06:18.811] STOP to_move 2 nodes_visited 745
[21:06:18.811] START to_move 1
[21:06:18.828] STOP to_move 1 nodes_visited 280
[21:06:18.828] START to_move 2
[21:06:18.867] STOP to_move 2 nodes_visited 645
[21:06:18.867] START to_move 1
[21:06:18.879] STOP to_move 1 nodes_visited 207
[21:06:18.879] START to_move 2
[21:06:18.915] STOP to_move 2 nodes_visited 597
[21:06:18.916] START to_move 1
[21:06:18.929] STOP to_move 1 nodes_visited 222
[21:06:18.929] START to_move 2
[21:06:18.967] STOP to_move 2 nodes_visited 633
[21:06:18.968] START to_move 1
[21:06:18.984] STOP to_move 1 nodes_visited 247
[21:06:18.984] START to_move 2
[21:06:19.016] STOP to_move 2 nodes_visited 526
[21:06:19.016] START to_move 1
[21:06:19.030] STOP to_move 1 nodes_visited 233
[21:06:19.030] START to_move 2
[21:06:19.060] STOP to_move 2 nodes_visited 506
[21:06:19.061] START to_move 1
[21:06:19.075] STOP to_move 1 nodes_visited 245
[21:06:19.075] START to_move 2
[21:06:19.099] STOP to_move 2 nodes_visited 393
[21:06:19.099] START to_move 1
[21:06:19.113] STOP to_move 1 nodes_visited 224
[21:06:19.113] START to_move 2
[21:06:19.135] STOP to_move 2 nodes_visited 381
[21:06:19.136] START to_move 1
[21:06:19.149] STOP to_move 1 nodes_visited 230
[21:06:19.150] START to_move 2
[21:06:19.173] STOP to_move 2 nodes_visited 392
[21:06:19.174] START to_move 1
[21:06:19.187] STOP to_move 1 nodes_visited 236
[21:06:19.188] START to_move 2
[21:06:19.209] STOP to_move 2 nodes_visited 358
[21:06:19.209] START to_move 1
[21:06:19.216] STOP to_move 1 nodes_visited 112
[21:06:19.216] START to_move 2
[21:06:19.233] STOP to_move 2 nodes_visited 281
[21:06:19.233] START to_move 1
[21:06:19.240] STOP to_move 1 nodes_visited 116
[21:06:19.240] START to_move 2
[21:06:19.256] STOP to_move 2 nodes_visited 267
[21:06:19.256] START to_move 1
[21:06:19.262] STOP to_move 1 nodes_visited 100
[21:06:19.262] START to_move 2
[21:06:19.281] STOP to_move 2 nodes_visited 295
[21:06:19.281] START to_move 1
[21:06:19.289] STOP to_move 1 nodes_visited 130
[21:06:19.289] START to_move 2
[21:06:19.305] STOP to_move 2 nodes_visited 267
[21:06:19.305] START to_move 1
[21:06:19.313] STOP to_move 1 nodes_visited 136
[21:06:19.314] START to_move 2
[21:06:19.328] STOP to_move 2 nodes_visited 248
[21:06:19.329] START to_move 1
[21:06:19.337] STOP to_move 1 nodes_visited 135
[21:06:19.337] START to_move 2
[21:06:19.351] STOP to_move 2 nodes_visited 235
[21:06:19.351] START to_move 1
[21:06:19.358] STOP to_move 1 nodes_visited 119
[21:06:19.358] START to_move 2
[21:06:19.374] STOP to_move 2 nodes_visited 261
[21:06:19.374] START to_move 1
[21:06:19.383] STOP to_move 1 nodes_visited 153
[21:06:19.384] START to_move 2
[21:06:19.397] STOP to_move 2 nodes_visited 217
[21:06:19.397] START to_move 1
[21:06:19.406] STOP to_move 1 nodes_visited 148
[21:06:19.406] START to_move 2
[21:06:19.419] STOP to_move 2 nodes_visited 210
[21:06:19.419] START to_move 1
[21:06:19.426] STOP to_move 1 nodes_visited 117
[21:06:19.426] START to_move 2
[21:06:19.439] STOP to_move 2 nodes_visited 225
[21:06:19.440] START to_move 1
[21:06:19.449] STOP to_move 1 nodes_visited 156
[21:06:19.449] START to_move 2
[21:06:19.461] STOP to_move 2 nodes_visited 199
[21:06:19.461] START to_move 1
[21:06:19.465] STOP to_move 1 nodes_visited 66
[21:06:19.465] START to_move 2
[21:06:19.474] STOP to_move 2 nodes_visited 154
[21:06:19.474] START to_move 1
[21:06:19.478] STOP to_move 1 nodes_visited 66
[21:06:19.478] START to_move 2
[21:06:19.486] STOP to_move 2 nodes_visited 129
[21:06:19.486] START to_move 1
[21:06:19.492] STOP to_move 1 nodes_visited 87
[21:06:19.492] START to_move 2
[21:06:19.502] STOP to_move 2 nodes_visited 171
[21:06:19.502] START to_move 1
[21:06:19.506] STOP to_move 1 nodes_visited 69
[21:06:19.506] START to_move 2
[21:06:19.514] STOP to_move 2 nodes_visited 137
[21:06:19.514] START to_move 1
[21:06:19.518] STOP to_move 1 nodes_visited 66
[21:06:19.518] START to_move 2
[21:06:19.527] STOP to_move 2 nodes_visited 137
[21:06:19.527] START to_move 1
[21:06:19.530] STOP to_move 1 nodes_visited 62
[21:06:19.530] START to_move 2
[21:06:19.538] STOP to_move 2 nodes_visited 120
[21:06:19.538] START to_move 1
[21:06:19.541] STOP to_move 1 nodes_visited 58
[21:06:19.541] START to_move 2
[21:06:19.547] STOP to_move 2 nodes_visited 91
[21:06:19.547] START to_move 1
[21:06:19.550] STOP to_move 1 nodes_visited 57
[21:06:19.550] START to_move 2
[21:06:19.557] STOP to_move 2 nodes_visited 113
[21:06:19.557] START to_move 1
[21:06:19.562] STOP to_move 1 nodes_visited 76
[21:06:19.562] START to_move 2
[21:06:19.569] STOP to_move 2 nodes_visited 118
[21:06:19.569] START to_move 1
[21:06:19.572] STOP to_move 1 nodes_visited 47
[21:06:19.572] START to_move 2
[21:06:19.577] STOP to_move 2 nodes_visited 79
[21:06:19.577] START to_move 1
[21:06:19.581] STOP to_move 1 nodes_visited 63
[21:06:19.581] START to_move 2
[21:06:19.588] STOP to_move 2 nodes_visited 118
[21:06:19.589] START to_move 1
[21:06:19.592] STOP to_move 1 nodes_visited 55
[21:06:19.592] START to_move 2
[21:06:19.597] STOP to_move 2 nodes_visited 85
[21:06:19.597] START to_move 1
[21:06:19.601] STOP to_move 1 nodes_visited 55
[21:06:19.601] START to_move 2
[21:06:19.607] STOP to_move 2 nodes_visited 97
[21:06:19.607] START to_move 1
[21:06:19.611] STOP to_move 1 nodes_visited 71
[21:06:19.611] START to_move 2
[21:06:19.617] STOP to_move 2 nodes_visited 97
[21:06:19.617] START to_move 1
[21:06:19.620] STOP to_move 1 nodes_visited 44
[21:06:19.620] START to_move 2
[21:06:19.623] STOP to_move 2 nodes_visited 56
[21:06:19.623] START to_move 1
[21:06:19.625] STOP to_move 1 nodes_visited 31
[21:06:19.625] START to_move 2
[21:06:19.630] STOP to_move 2 nodes_visited 67
[21:06:19.631] START to_move 1
[21:06:19.632] STOP to_move 1 nodes_visited 27
[21:06:19.632] START to_move 2
[21:06:19.635] STOP to_move 2 nodes_visited 45
[21:06:19.635] START to_move 1
[21:06:19.637] STOP to_move 1 nodes_visited 25
[21:06:19.637] START to_move 2
[21:06:19.639] STOP to_move 2 nodes_visited 34
[21:06:19.639] START to_move 1
[21:06:19.640] STOP to_move 1 nodes_visited 27
[21:06:19.640] START to_move 2
[21:06:19.644] STOP to_move 2 nodes_visited 56
[21:06:19.644] START to_move 1
[21:06:19.646] STOP to_move 1 nodes_visited 34
[21:06:19.646] START to_move 2
[21:06:19.649] STOP to_move 2 nodes_visited 45
[21:06:19.649] START to_move 1
[21:06:19.651] STOP to_move 1 nodes_visited 34
[21:06:19.651] START to_move 2
[21:06:19.656] STOP to_move 2 nodes_visited 78
[21:06:19.656] START to_move 1
[21:06:19.657] STOP to_move 1 nodes_visited 31
[21:06:19.657] START to_move 2
[21:06:19.661] STOP to_move 2 nodes_visited 56
[21:06:19.661] START to_move 1
[21:06:19.662] STOP to_move 1 nodes_visited 25
[21:06:19.663] START to_move 2
[21:06:19.665] STOP to_move 2 nodes_visited 41
[21:06:19.665] START to_move 1
[21:06:19.666] STOP to_move 1 nodes_visited 18
[21:06:19.666] START to_move 2
[21:06:19.669] STOP to_move 2 nodes_visited 45
[21:06:19.669] START to_move 1
[21:06:19.671] STOP to_move 1 nodes_visited 36
[21:06:19.671] START to_move 2
[21:06:19.675] STOP to_move 2 nodes_visited 66
[21:06:19.675] START to_move 1
[21:06:19.678] STOP to_move 1 nodes_visited 39
[21:06:19.678] START to_move 2
[21:06:19.680] STOP to_move 2 nodes_visited 45
[21:06:19.681] START to_move 1
[21:06:19.682] STOP to_move 1 nodes_visited 30
[21:06:19.682] START to_move 2
[21:06:19.686] STOP to_move 2 nodes_visited 53
[21:06:19.686] START to_move 1
[21:06:19.688] STOP to_move 1 nodes_visited 34
[21:06:19.688] START to_move 2
[21:06:19.691] STOP to_move 2 nodes_visited 49
[21:06:19.691] START to_move 1
[21:06:19.693] STOP to_move 1 nodes_visited 31
[21:06:19.693] START to_move 2
[21:06:19.694] STOP to_move 2 nodes_visited 25
[21:06:19.694] START to_move 1
[21:06:19.696] STOP to_move 1 nodes_visited 24
[21:06:19.696] START to_move 2
[21:06:19.698] STOP to_move 2 nodes_visited 29
[21:06:19.698] START to_move 1
[21:06:19.699] STOP to_move 1 nodes_visited 27
[21:06:19.699] START to_move 2
[21:06:19.701] STOP to_move 2 nodes_visited 33
[21:06:19.701] START to_move 1
[21:06:19.703] STOP to_move 1 nodes_visited 28
[21:06:19.703] START to_move 2
[21:06:19.705] STOP to_move 2 nodes_visited 25
[21:06:19.705] START to_move 1
[21:06:19.706] STOP to_move 1 nodes_visited 18
[21:06:19.706] START to_move 2
[21:06:19.707] STOP to_move 2 nodes_visited 13
[21:06:19.707] START to_move 1
[21:06:19.707] STOP to_move 1 nodes_visited 8
[21:06:19.707] START to_move 2
[21:06:19.709] STOP to_move 2 nodes_visited 25
[21:06:19.709] START to_move 1
[21:06:19.710] STOP to_move 1 nodes_visited 18
[21:06:19.710] START to_move 2
[21:06:19.711] STOP to_move 2 nodes_visited 13
[21:06:19.711] START to_move 1
[21:06:19.711] STOP to_move 1 nodes_visited 8
[21:06:19.737] END winner 0 - rounds 341
