[21:01:27.972] 1 - distance_function euclides - pruning True
[21:01:27.972] 2 - distance_function euclides - pruning False
[21:01:27.972] START to_move 1
[21:01:28.271] STOP to_move 1 nodes_visited 4704
[21:01:28.274] START to_move 2
[21:01:28.669] STOP to_move 2 nodes_visited 6320
[21:01:28.673] START to_move 1
[21:01:28.852] STOP to_move 1 nodes_visited 2928
[21:01:28.854] START to_move 2
[21:01:29.249] STOP to_move 2 nodes_visited 6255
[21:01:29.253] START to_move 1
[21:01:29.439] STOP to_move 1 nodes_visited 3063
[21:01:29.441] START to_move 2
[21:01:29.838] STOP to_move 2 nodes_visited 6250
[21:01:29.842] START to_move 1
[21:01:29.890] STOP to_move 1 nodes_visited 794
[21:01:29.891] START to_move 2
[21:01:30.277] STOP to_move 2 nodes_visited 6018
[21:01:30.281] START to_move 1
[21:01:30.379] STOP to_move 1 nodes_visited 1606
[21:01:30.380] START to_move 2
[21:01:30.739] STOP to_move 2 nodes_visited 5780
[21:01:30.743] START to_move 1
[21:01:30.780] STOP to_move 1 nodes_visited 617
[21:01:30.780] START to_move 2
[21:01:31.137] STOP to_move 2 nodes_visited 5699
[21:01:31.141] START to_move 1
[21:01:31.184] STOP to_move 1 nodes_visited 720
[21:01:31.185] START to_move 2
[21:01:31.544] STOP to_move 2 nodes_visited 5779
[21:01:31.547] START to_move 1
[21:01:31.592] STOP to_move 1 nodes_visited 719
[21:01:31.593] START to_move 2
[21:01:31.966] STOP to_move 2 nodes_visited 5929
[21:01:31.970] START to_move 1
[21:01:32.170] STOP to_move 1 nodes_visited 3208
[21:01:32.171] START to_move 2
[21:01:32.541] STOP to_move 2 nodes_visited 5930
[21:01:32.545] START to_move 1
[21:01:32.601] STOP to_move 1 nodes_visited 937
[21:01:32.602] START to_move 2
[21:01:32.975] STOP to_move 2 nodes_visited 5928
[21:01:32.979] START to_move 1
[21:01:33.036] STOP to_move 1 nodes_visited 944
[21:01:33.036] START to_move 2
[21:01:33.402] STOP to_move 2 nodes_visited 5928
[21:01:33.406] START to_move 1
[21:01:33.450] STOP to_move 1 nodes_visited 710
[21:01:33.451] START to_move 2
[21:01:33.812] STOP to_move 2 nodes_visited 5788
[21:01:33.816] START to_move 1
[21:01:33.857] STOP to_move 1 nodes_visited 687
[21:01:33.857] START to_move 2
[21:01:34.226] STOP to_move 2 nodes_visited 5784
[21:01:34.229] START to_move 1
[21:01:34.267] STOP to_move 1 nodes_visited 632
[21:01:34.267] START to_move 2
[21:01:34.671] STOP to_move 2 nodes_visited 6499
[21:01:34.675] START to_move 1
[21:01:34.703] STOP to_move 1 nodes_visited 463
[21:01:34.703] START to_move 2
[21:01:35.057] STOP to_move 2 nodes_visited 5633
[21:01:35.060] START to_move 1
[21:01:35.105] STOP to_move 1 nodes_visited 742
[21:01:35.105] START to_move 2
[21:01:35.457] STOP to_move 2 nodes_visited 5697
[21:01:35.461] START to_move 1
[21:01:35.759] STOP to_move 1 nodes_visited 4734
[21:01:35.762] START to_move 2
[21:01:36.104] STOP to_move 2 nodes_visited 5489
[21:01:36.107] START to_move 1
[21:01:36.390] STOP to_move 1 nodes_visited 4493
[21:01:36.393] START to_move 2
[21:01:36.732] STOP to_move 2 nodes_visited 5481
[21:01:36.736] START to_move 1
[21:01:37.011] STOP to_move 1 nodes_visited 4339
[21:01:37.014] START to_move 2
[21:01:37.359] STOP to_move 2 nodes_visited 5474
[21:01:37.363] START to_move 1
[21:01:37.415] STOP to_move 1 nodes_visited 858
[21:01:37.416] START to_move 2
[21:01:37.725] STOP to_move 2 nodes_visited 5050
[21:01:37.728] START to_move 1
[21:01:37.771] STOP to_move 1 nodes_visited 721
[21:01:37.772] START to_move 2
[21:01:38.070] STOP to_move 2 nodes_visited 4909
[21:01:38.073] START to_move 1
[21:01:38.114] STOP to_move 1 nodes_visited 682
[21:01:38.115] START to_move 2
[21:01:38.430] STOP to_move 2 nodes_visited 5121
[21:01:38.433] START to_move 1
[21:01:38.474] STOP to_move 1 nodes_visited 682
[21:01:38.475] START to_move 2
[21:01:38.792] STOP to_move 2 nodes_visited 5192
[21:01:38.795] START to_move 1
[21:01:38.835] STOP to_move 1 nodes_visited 654
[21:01:38.835] START to_move 2
[21:01:39.137] STOP to_move 2 nodes_visited 4978
[21:01:39.140] START to_move 1
[21:01:39.179] STOP to_move 1 nodes_visited 610
[21:01:39.179] START to_move 2
[21:01:39.558] STOP to_move 2 nodes_visited 6188
[21:01:39.562] START to_move 1
[21:01:39.598] STOP to_move 1 nodes_visited 599
[21:01:39.598] START to_move 2
[21:01:39.909] STOP to_move 2 nodes_visited 5121
[21:01:39.913] START to_move 1
[21:01:39.947] STOP to_move 1 nodes_visited 546
[21:01:39.947] START to_move 2
[21:01:40.253] STOP to_move 2 nodes_visited 4989
[21:01:40.256] START to_move 1
[21:01:40.293] STOP to_move 1 nodes_visited 624
[21:01:40.294] START to_move 2
[21:01:40.629] STOP to_move 2 nodes_visited 5484
[21:01:40.632] START to_move 1
[21:01:40.664] STOP to_move 1 nodes_visited 531
[21:01:40.665] START to_move 2
[21:01:41.007] STOP to_move 2 nodes_visited 5484
[21:01:41.010] START to_move 1
[21:01:41.055] STOP to_move 1 nodes_visited 726
[21:01:41.056] START to_move 2
[21:01:41.377] STOP to_move 2 nodes_visited 5260
[21:01:41.380] START to_move 1
[21:01:41.561] STOP to_move 1 nodes_visited 2901
[21:01:41.563] START to_move 2
[21:01:41.882] STOP to_move 2 nodes_visited 5192
[21:01:41.885] START to_move 1
[21:01:41.920] STOP to_move 1 nodes_visited 573
[21:01:41.921] START to_move 2
[21:01:42.233] STOP to_move 2 nodes_visited 5118
[21:01:42.236] START to_move 1
[21:01:42.427] STOP to_move 1 nodes_visited 3039
[21:01:42.428] START to_move 2
[21:01:42.728] STOP to_move 2 nodes_visited 4902
[21:01:42.731] START to_move 1
[21:01:42.878] STOP to_move 1 nodes_visited 2357
[21:01:42.879] START to_move 2
[21:01:43.162] STOP to_move 2 nodes_visited 4621
[21:01:43.164] START to_move 1
[21:01:43.343] STOP to_move 1 nodes_visited 2840
[21:01:43.345] START to_move 2
[21:01:43.625] STOP to_move 2 nodes_visited 4553
[21:01:43.627] START to_move 1
[21:01:43.813] STOP to_move 1 nodes_visited 2917
[21:01:43.815] START to_move 2
[21:01:44.096] STOP to_move 2 nodes_visited 4553
[21:01:44.098] START to_move 1
[21:01:44.187] STOP to_move 1 nodes_visited 1441
[21:01:44.188] START to_move 2
[21:01:44.466] STOP to_move 2 nodes_visited 4554
[21:01:44.469] START to_move 1
[21:01:44.642] STOP to_move 1 nodes_visited 2743
[21:01:44.643] START to_move 2
[21:01:44.926] STOP to_move 2 nodes_visited 4619
[21:01:44.929] START to_move 1
[21:01:45.022] STOP to_move 1 nodes_visited 1511
[21:01:45.023] START to_move 2
[21:01:45.298] STOP to_move 2 nodes_visited 4480
[21:01:45.300] START to_move 1
[21:01:45.385] STOP to_move 1 nodes_visited 1351
[21:01:45.386] START to_move 2
[21:01:45.666] STOP to_move 2 nodes_visited 4493
[21:01:45.669] START to_move 1
[21:01:45.771] STOP to_move 1 nodes_visited 1644
[21:01:45.772] START to_move 2
[21:01:46.048] STOP to_move 2 nodes_visited 4495
[21:01:46.050] START to_move 1
[21:01:46.133] STOP to_move 1 nodes_visited 1336
[21:01:46.134] START to_move 2
[21:01:46.430] STOP to_move 2 nodes_visited 4666
[21:01:46.433] START to_move 1
[21:01:46.520] STOP to_move 1 nodes_visited 1338
[21:01:46.521] START to_move 2
[21:01:46.793] STOP to_move 2 nodes_visited 4351
[21:01:46.796] START to_move 1
[21:01:46.886] STOP to_move 1 nodes_visited 1420
[21:01:46.887] START to_move 2
[21:01:47.158] STOP to_move 2 nodes_visited 4422
[21:01:47.160] START to_move 1
[21:01:47.247] STOP to_move 1 nodes_visited 1324
[21:01:47.248] START to_move 2
[21:01:47.531] STOP to_move 2 nodes_visited 4560
[21:01:47.534] START to_move 1
[21:01:47.620] STOP to_move 1 nodes_visited 1337
[21:01:47.621] START to_move 2
[21:01:47.900] STOP to_move 2 nodes_visited 4560
[21:01:47.903] START to_move 1
[21:01:47.993] STOP to_move 1 nodes_visited 1458
[21:01:47.994] START to_move 2
[21:01:48.306] STOP to_move 2 nodes_visited 4617
[21:01:48.310] START to_move 1
[21:01:48.414] STOP to_move 1 nodes_visited 1187
[21:01:48.416] START to_move 2
[21:01:48.718] STOP to_move 2 nodes_visited 4309
[21:01:48.721] START to_move 1
[21:01:48.879] STOP to_move 1 nodes_visited 2470
[21:01:48.881] START to_move 2
[21:01:49.162] STOP to_move 2 nodes_visited 4283
[21:01:49.165] START to_move 1
[21:01:49.228] STOP to_move 1 nodes_visited 967
[21:01:49.229] START to_move 2
[21:01:49.483] STOP to_move 2 nodes_visited 3950
[21:01:49.485] START to_move 1
[21:01:49.542] STOP to_move 1 nodes_visited 860
[21:01:49.542] START to_move 2
[21:01:49.760] STOP to_move 2 nodes_visited 3354
[21:01:49.762] START to_move 1
[21:01:49.830] STOP to_move 1 nodes_visited 1067
[21:01:49.831] START to_move 2
[21:01:50.042] STOP to_move 2 nodes_visited 3230
[21:01:50.044] START to_move 1
[21:01:50.115] STOP to_move 1 nodes_visited 1118
[21:01:50.115] START to_move 2
[21:01:50.333] STOP to_move 2 nodes_visited 3281
[21:01:50.335] START to_move 1
[21:01:50.394] STOP to_move 1 nodes_visited 942
[21:01:50.394] START to_move 2
[21:01:50.579] STOP to_move 2 nodes_visited 2847
[21:01:50.580] START to_move 1
[21:01:50.642] STOP to_move 1 nodes_visited 1001
[21:01:50.643] START to_move 2
[21:01:50.811] STOP to_move 2 nodes_visited 2673
[21:01:50.812] START to_move 1
[21:01:50.888] STOP to_move 1 nodes_visited 1224
[21:01:50.889] START to_move 2
[21:01:51.076] STOP to_move 2 nodes_visited 2909
[21:01:51.078] START to_move 1
[21:01:51.139] STOP to_move 1 nodes_visited 959
[21:01:51.140] START to_move 2
[21:01:51.328] STOP to_move 2 nodes_visited 2935
[21:01:51.330] START to_move 1
[21:01:51.387] STOP to_move 1 nodes_visited 889
[21:01:51.387] START to_move 2
[21:01:51.564] STOP to_move 2 nodes_visited 2755
[21:01:51.566] START to_move 1
[21:01:51.614] STOP to_move 1 nodes_visited 790
[21:01:51.615] START to_move 2
[21:01:51.782] STOP to_move 2 nodes_visited 2575
[21:01:51.784] START to_move 1
[21:01:51.831] STOP to_move 1 nodes_visited 775
[21:01:51.831] START to_move 2
[21:01:51.986] STOP to_move 2 nodes_visited 2395
[21:01:51.988] START to_move 1
[21:01:52.034] STOP to_move 1 nodes_visited 770
[21:01:52.035] START to_move 2
[21:01:52.199] STOP to_move 2 nodes_visited 2515
[21:01:52.201] START to_move 1
[21:01:52.246] STOP to_move 1 nodes_visited 765
[21:01:52.247] START to_move 2
[21:01:52.407] STOP to_move 2 nodes_visited 2515
[21:01:52.408] START to_move 1
[21:01:52.492] STOP to_move 1 nodes_visited 1266
[21:01:52.492] START to_move 2
[21:01:52.657] STOP to_move 2 nodes_visited 2591
[21:01:52.659] START to_move 1
[21:01:52.706] STOP to_move 1 nodes_visited 770
[21:01:52.706] START to_move 2
[21:01:52.849] STOP to_move 2 nodes_visited 2235
[21:01:52.850] START to_move 1
[21:01:52.893] STOP to_move 1 nodes_visited 714
[21:01:52.894] START to_move 2
[21:01:53.039] STOP to_move 2 nodes_visited 2250
[21:01:53.040] START to_move 1
[21:01:53.080] STOP to_move 1 nodes_visited 652
[21:01:53.080] START to_move 2
[21:01:53.179] STOP to_move 2 nodes_visited 1605
[21:01:53.179] START to_move 1
[21:01:53.214] STOP to_move 1 nodes_visited 577
[21:01:53.215] START to_move 2
[21:01:53.314] STOP to_move 2 nodes_visited 1576
[21:01:53.315] START to_move 1
[21:01:53.349] STOP to_move 1 nodes_visited 550
[21:01:53.349] START to_move 2
[21:01:53.437] STOP to_move 2 nodes_visited 1389
[21:01:53.437] START to_move 1
[21:01:53.467] STOP to_move 1 nodes_visited 498
[21:01:53.468] START to_move 2
[21:01:53.563] STOP to_move 2 nodes_visited 1549
[21:01:53.564] START to_move 1
[21:01:53.601] STOP to_move 1 nodes_visited 598
[21:01:53.602] START to_move 2
[21:01:53.687] STOP to_move 2 nodes_visited 1387
[21:01:53.688] START to_move 1
[21:01:53.725] STOP to_move 1 nodes_visited 623
[21:01:53.726] START to_move 2
[21:01:53.803] STOP to_move 2 nodes_visited 1249
[21:01:53.803] START to_move 1
[21:01:53.838] STOP to_move 1 nodes_visited 573
[21:01:53.838] START to_move 2
[21:01:53.914] STOP to_move 2 nodes_visited 1210
[21:01:53.915] START to_move 1
[21:01:53.942] STOP to_move 1 nodes_visited 453
[21:01:53.942] START to_move 2
[21:01:54.016] STOP to_move 2 nodes_visited 1189
[21:01:54.017] START to_move 1
[21:01:54.042] STOP to_move 1 nodes_visited 413
[21:01:54.042] START to_move 2
[21:01:54.109] STOP to_move 2 nodes_visited 1090
[21:01:54.109] START to_move 1
[21:01:54.131] STOP to_move 1 nodes_visited 354
[21:01:54.131] START to_move 2
[21:01:54.192] STOP to_move 2 nodes_visited 961
[21:01:54.192] START to_move 1
[21:01:54.216] STOP to_move 1 nodes_visited 380
[21:01:54.216] START to_move 2
[21:01:54.274] STOP to_move 2 nodes_visited 961
[21:01:54.274] START to_move 1
[21:01:54.294] STOP to_move 1 nodes_visited 316
[21:01:54.294] START to_move 2
[21:01:54.350] STOP to_move 2 nodes_visited 931
[21:01:54.351] START to_move 1
[21:01:54.371] STOP to_move 1 nodes_visited 331
[21:01:54.371] START to_move 2
[21:01:54.423] STOP to_move 2 nodes_visited 871
[21:01:54.424] START to_move 1
[21:01:54.440] STOP to_move 1 nodes_visited 265
[21:01:54.440] START to_move 2
[21:01:54.483] STOP to_move 2 nodes_visited 703
[21:01:54.484] START to_move 1
[21:01:54.500] STOP to_move 1 nodes_visited 275
[21:01:54.500] START to_move 2
[21:01:54.543] STOP to_move 2 nodes_visited 703
[21:01:54.543] START to_move 1
[21:01:54.563] STOP to_move 1 nodes_visited 328
[21:01:54.563] START to_move 2
[21:01:54.607] STOP to_move 2 nodes_visited 729
[21:01:54.607] START to_move 1
[21:01:54.625] STOP to_move 1 nodes_visited 291
[21:01:54.625] START to_move 2
[21:01:54.659] STOP to_move 2 nodes_visited 573
[21:01:54.659] START to_move 1
[21:01:54.675] STOP to_move 1 nodes_visited 251
[21:01:54.675] START to_move 2
[21:01:54.706] STOP to_move 2 nodes_visited 526
[21:01:54.707] START to_move 1
[21:01:54.721] STOP to_move 1 nodes_visited 243
[21:01:54.721] START to_move 2
[21:01:54.751] STOP to_move 2 nodes_visited 476
[21:01:54.751] START to_move 1
[21:01:54.762] STOP to_move 1 nodes_visited 190
[21:01:54.763] START to_move 2
[21:01:54.799] STOP to_move 2 nodes_visited 610
[21:01:54.799] START to_move 1
[21:01:54.818] STOP to_move 1 nodes_visited 305
[21:01:54.818] START to_move 2
[21:01:54.866] STOP to_move 2 nodes_visited 793
[21:01:54.866] START to_move 1
[21:01:54.883] STOP to_move 1 nodes_visited 275
[21:01:54.883] START to_move 2
[21:01:54.925] STOP to_move 2 nodes_visited 705
[21:01:54.925] START to_move 1
[21:01:54.940] STOP to_move 1 nodes_visited 235
[21:01:54.940] START to_move 2
[21:01:54.971] STOP to_move 2 nodes_visited 526
[21:01:54.972] START to_move 1
[21:01:54.982] STOP to_move 1 nodes_visited 166
[21:01:54.982] START to_move 2
[21:01:55.004] STOP to_move 2 nodes_visited 369
[21:01:55.005] START to_move 1
[21:01:55.014] STOP to_move 1 nodes_visited 159
[21:01:55.014] START to_move 2
[21:01:55.038] STOP to_move 2 nodes_visited 376
[21:01:55.038] START to_move 1
[21:01:55.048] STOP to_move 1 nodes_visited 152
[21:01:55.048] START to_move 2
[21:01:55.073] STOP to_move 2 nodes_visited 417
[21:01:55.073] START to_move 1
[21:01:55.082] STOP to_move 1 nodes_visited 147
[21:01:55.082] START to_move 2
[21:01:55.103] STOP to_move 2 nodes_visited 353
[21:01:55.103] START to_move 1
[21:01:55.110] STOP to_move 1 nodes_visited 125
[21:01:55.110] START to_move 2
[21:01:55.129] STOP to_move 2 nodes_visited 305
[21:01:55.129] START to_move 1
[21:01:55.136] STOP to_move 1 nodes_visited 132
[21:01:55.137] START to_move 2
[21:01:55.153] STOP to_move 2 nodes_visited 273
[21:01:55.153] START to_move 1
[21:01:55.162] STOP to_move 1 nodes_visited 156
[21:01:55.162] START to_move 2
[21:01:55.176] STOP to_move 2 nodes_visited 239
[21:01:55.176] START to_move 1
[21:01:55.184] STOP to_move 1 nodes_visited 130
[21:01:55.184] START to_move 2
[21:01:55.198] STOP to_move 2 nodes_visited 225
[21:01:55.198] START to_move 1
[21:01:55.205] STOP to_move 1 nodes_visited 130
[21:01:55.206] START to_move 2
[21:01:55.219] STOP to_move 2 nodes_visited 225
[21:01:55.219] START to_move 1
[21:01:55.226] STOP to_move 1 nodes_visited 124
[21:01:55.227] START to_move 2
[21:01:55.239] STOP to_move 2 nodes_visited 211
[21:01:55.239] START to_move 1
[21:01:55.249] STOP to_move 1 nodes_visited 168
[21:01:55.249] START to_move 2
[21:01:55.262] STOP to_move 2 nodes_visited 209
[21:01:55.262] START to_move 1
[21:01:55.268] STOP to_move 1 nodes_visited 95
[21:01:55.268] START to_move 2
[21:01:55.280] STOP to_move 2 nodes_visited 209
[21:01:55.280] START to_move 1
[21:01:55.286] STOP to_move 1 nodes_visited 98
[21:01:55.286] START to_move 2
[21:01:55.299] STOP to_move 2 nodes_visited 209
[21:01:55.299] START to_move 1
[21:01:55.304] STOP to_move 1 nodes_visited 96
[21:01:55.304] START to_move 2
[21:01:55.316] STOP to_move 2 nodes_visited 196
[21:01:55.316] START to_move 1
[21:01:55.322] STOP to_move 1 nodes_visited 93
[21:01:55.322] START to_move 2
[21:01:55.334] STOP to_move 2 nodes_visited 196
[21:01:55.334] START to_move 1
[21:01:55.339] STOP to_move 1 nodes_visited 81
[21:01:55.339] START to_move 2
[21:01:55.351] STOP to_move 2 nodes_visited 181
[21:01:55.351] START to_move 1
[21:01:55.356] STOP to_move 1 nodes_visited 72
[21:01:55.356] START to_move 2
[21:01:55.368] STOP to_move 2 nodes_visited 197
[21:01:55.368] START to_move 1
[21:01:55.373] STOP to_move 1 nodes_visited 92
[21:01:55.373] START to_move 2
[21:01:55.384] STOP to_move 2 nodes_visited 181
[21:01:55.384] START to_move 1
[21:01:55.388] STOP to_move 1 nodes_visited 67
[21:01:55.388] START to_move 2
[21:01:55.400] STOP to_move 2 nodes_visited 193
[21:01:55.400] START to_move 1
[21:01:55.404] STOP to_move 1 nodes_visited 80
[21:01:55.405] START to_move 2
[21:01:55.415] STOP to_move 2 nodes_visited 181
[21:01:55.416] START to_move 1
[21:01:55.420] STOP to_move 1 nodes_visited 77
[21:01:55.420] START to_move 2
[21:01:55.430] STOP to_move 2 nodes_visited 169
[21:01:55.430] START to_move 1
[21:01:55.435] STOP to_move 1 nodes_visited 77
[21:01:55.435] START to_move 2
[21:01:55.445] STOP to_move 2 nodes_visited 169
[21:01:55.445] START to_move 1
[21:01:55.450] STOP to_move 1 nodes_visited 77
[21:01:55.450] START to_move 2
[21:01:55.459] STOP to_move 2 nodes_visited 155
[21:01:55.459] START to_move 1
[21:01:55.463] STOP to_move 1 nodes_visited 60
[21:01:55.463] START to_move 2
[21:01:55.472] STOP to_move 2 nodes_visited 155
[21:01:55.472] START to_move 1
[21:01:55.476] STOP to_move 1 nodes_visited 58
[21:01:55.476] START to_move 2
[21:01:55.484] STOP to_move 2 nodes_visited 144
[21:01:55.484] START to_move 1
[21:01:55.491] STOP to_move 1 nodes_visited 107
[21:01:55.491] START to_move 2
[21:01:55.502] STOP to_move 2 nodes_visited 177
[21:01:55.502] START to_move 1
[21:01:55.505] STOP to_move 1 nodes_visited 54
[21:01:55.505] START to_move 2
[21:01:55.512] STOP to_move 2 nodes_visited 122
[21:01:55.512] START to_move 1
[21:01:55.520] STOP to_move 1 nodes_visited 119
[21:01:55.520] START to_move 2
[21:01:55.530] STOP to_move 2 nodes_visited 166
[21:01:55.530] START to_move 1
[21:01:55.533] STOP to_move 1 nodes_visited 54
[21:01:55.533] START to_move 2
[21:01:55.541] STOP to_move 2 nodes_visited 122
[21:01:55.541] START to_move 1
[21:01:55.544] STOP to_move 1 nodes_visited 54
[21:01:55.544] START to_move 2
[21:01:55.551] STOP to_move 2 nodes_visited 111
[21:01:55.551] START to_move 1
[21:01:55.553] STOP to_move 1 nodes_visited 39
[21:01:55.553] START to_move 2
[21:01:55.560] STOP to_move 2 nodes_visited 122
[21:01:55.560] START to_move 1
[21:01:55.564] STOP to_move 1 nodes_visited 54
[21:01:55.564] START to_move 2
[21:01:55.571] STOP to_move 2 nodes_visited 131
[21:01:55.571] START to_move 1
[21:01:55.579] STOP to_move 1 nodes_visited 117
[21:01:55.579] START to_move 2
[21:01:55.587] STOP to_move 2 nodes_visited 133
[21:01:55.587] START to_move 1
[21:01:55.594] STOP to_move 1 nodes_visited 120
[21:01:55.595] START to_move 2
[21:01:55.607] STOP to_move 2 nodes_visited 209
[21:01:55.607] START to_move 1
[21:01:55.612] STOP to_move 1 nodes_visited 79
[21:01:55.612] START to_move 2
[21:01:55.620] STOP to_move 2 nodes_visited 121
[21:01:55.620] START to_move 1
[21:01:55.623] STOP to_move 1 nodes_visited 57
[21:01:55.623] START to_move 2
[21:01:55.627] STOP to_move 2 nodes_visited 61
[21:01:55.627] START to_move 1
[21:01:55.630] STOP to_move 1 nodes_visited 42
[21:01:55.630] START to_move 2
[21:01:55.633] STOP to_move 2 nodes_visited 64
[21:01:55.633] START to_move 1
[21:01:55.637] STOP to_move 1 nodes_visited 56
[21:01:55.637] START to_move 2
[21:01:55.643] STOP to_move 2 nodes_visited 97
[21:01:55.643] START to_move 1
[21:01:55.646] STOP to_move 1 nodes_visited 49
[21:01:55.646] START to_move 2
[21:01:55.649] STOP to_move 2 nodes_visited 55
[21:01:55.649] START to_move 1
[21:01:55.652] STOP to_move 1 nodes_visited 44
[21:01:55.652] START to_move 2
[21:01:55.655] STOP to_move 2 nodes_visited 40
[21:01:55.655] START to_move 1
[21:01:55.656] STOP to_move 1 nodes_visited 14
[21:01:55.656] START to_move 2
[21:01:55.659] STOP to_move 2 nodes_visited 55
[21:01:55.660] START to_move 1
[21:01:55.661] STOP to_move 1 nodes_visited 28
[21:01:55.661] START to_move 2
[21:01:55.663] STOP to_move 2 nodes_visited 28
[21:01:55.663] START to_move 1
[21:01:55.664] STOP to_move 1 nodes_visited 12
[21:01:55.664] START to_move 2
[21:01:55.667] STOP to_move 2 nodes_visited 49
[21:01:55.667] START to_move 1
[21:01:55.669] STOP to_move 1 nodes_visited 38
[21:01:55.669] START to_move 2
[21:01:55.671] STOP to_move 2 nodes_visited 31
[21:01:55.672] START to_move 1
[21:01:55.673] STOP to_move 1 nodes_visited 19
[21:01:55.673] START to_move 2
[21:01:55.678] STOP to_move 2 nodes_visited 85
[21:01:55.678] START to_move 1
[21:01:55.680] STOP to_move 1 nodes_visited 28
[21:01:55.680] START to_move 2
[21:01:55.682] STOP to_move 2 nodes_visited 25
[21:01:55.682] START to_move 1
[21:01:55.682] STOP to_move 1 nodes_visited 12
[21:01:55.682] START to_move 2
[21:01:55.685] STOP to_move 2 nodes_visited 43
[21:01:55.685] START to_move 1
[21:01:55.687] STOP to_move 1 nodes_visited 33
[21:01:55.687] START to_move 2
[21:01:55.689] STOP to_move 2 nodes_visited 28
[21:01:55.689] START to_move 1
[21:01:55.690] STOP to_move 1 nodes_visited 13
[21:01:55.690] START to_move 2
[21:01:55.693] STOP to_move 2 nodes_visited 49
[21:01:55.694] START to_move 1
[21:01:55.695] STOP to_move 1 nodes_visited 31
[21:01:55.695] START to_move 2
[21:01:55.697] STOP to_move 2 nodes_visited 28
[21:01:55.697] START to_move 1
[21:01:55.698] STOP to_move 1 nodes_visited 12
[21:01:55.698] START to_move 2
[21:01:55.700] STOP to_move 2 nodes_visited 37
[21:01:55.701] START to_move 1
[21:01:55.702] STOP to_move 1 nodes_visited 29
[21:01:55.702] START to_move 2
[21:01:55.704] STOP to_move 2 nodes_visited 22
[21:01:55.704] START to_move 1
[21:01:55.704] STOP to_move 1 nodes_visited 11
[21:01:55.704] START to_move 2
[21:01:55.707] STOP to_move 2 nodes_visited 31
[21:01:55.707] START to_move 1
[21:01:55.707] STOP to_move 1 nodes_visited 13
[21:01:55.707] START to_move 2
[21:01:55.708] STOP to_move 2 nodes_visited 7
[21:01:55.708] START to_move 1
[21:01:55.708] STOP to_move 1 nodes_visited 8
[21:01:55.708] START to_move 2
[21:01:55.710] STOP to_move 2 nodes_visited 25
[21:01:55.710] START to_move 1
[21:01:55.711] STOP to_move 1 nodes_visited 17
[21:01:55.711] START to_move 2
[21:01:55.712] STOP to_move 2 nodes_visited 13
[21:01:55.712] START to_move 1
[21:01:55.712] STOP to_move 1 nodes_visited 7
[21:01:55.713] START to_move 2
[21:01:55.713] STOP to_move 2 nodes_visited 14
[21:01:55.714] END winner 2 - rounds 290
