[20:58:28.619] 1 - distance_function euclides - pruning True
[20:58:28.619] 2 - distance_function euclides - pruning False
[20:58:28.619] START to_move 1
[20:58:28.739] STOP to_move 1 nodes_visited 1876
[20:58:28.740] START to_move 2
[20:58:29.171] STOP to_move 2 nodes_visited 6750
[20:58:29.175] START to_move 1
[20:58:29.303] STOP to_move 1 nodes_visited 2037
[20:58:29.305] START to_move 2
[20:58:29.722] STOP to_move 2 nodes_visited 6558
[20:58:29.726] START to_move 1
[20:58:30.025] STOP to_move 1 nodes_visited 4657
[20:58:30.028] START to_move 2
[20:58:30.467] STOP to_move 2 nodes_visited 7001
[20:58:30.471] START to_move 1
[20:58:30.631] STOP to_move 1 nodes_visited 2580
[20:58:30.633] START to_move 2
[20:58:31.071] STOP to_move 2 nodes_visited 6886
[20:58:31.075] START to_move 1
[20:58:31.261] STOP to_move 1 nodes_visited 2872
[20:58:31.263] START to_move 2
[20:58:31.680] STOP to_move 2 nodes_visited 6653
[20:58:31.684] START to_move 1
[20:58:31.888] STOP to_move 1 nodes_visited 2757
[20:58:31.890] START to_move 2
[20:58:32.426] STOP to_move 2 nodes_visited 8445
[20:58:32.432] START to_move 1
[20:58:32.610] STOP to_move 1 nodes_visited 2786
[20:58:32.612] START to_move 2
[20:58:33.095] STOP to_move 2 nodes_visited 7510
[20:58:33.099] START to_move 1
[20:58:33.261] STOP to_move 1 nodes_visited 2612
[20:58:33.263] START to_move 2
[20:58:33.716] STOP to_move 2 nodes_visited 7201
[20:58:33.722] START to_move 1
[20:58:33.888] STOP to_move 1 nodes_visited 2614
[20:58:33.890] START to_move 2
[20:58:34.534] STOP to_move 2 nodes_visited 7122
[20:58:34.539] START to_move 1
[20:58:34.708] STOP to_move 1 nodes_visited 2616
[20:58:34.711] START to_move 2
[20:58:35.156] STOP to_move 2 nodes_visited 7126
[20:58:35.161] START to_move 1
[20:58:35.317] STOP to_move 1 nodes_visited 2523
[20:58:35.318] START to_move 2
[20:58:35.760] STOP to_move 2 nodes_visited 7122
[20:58:35.764] START to_move 1
[20:58:35.922] STOP to_move 1 nodes_visited 2473
[20:58:35.923] START to_move 2
[20:58:36.361] STOP to_move 2 nodes_visited 7126
[20:58:36.366] START to_move 1
[20:58:36.511] STOP to_move 1 nodes_visited 2311
[20:58:36.512] START to_move 2
[20:58:36.951] STOP to_move 2 nodes_visited 7033
[20:58:36.955] START to_move 1
[20:58:37.045] STOP to_move 1 nodes_visited 1456
[20:58:37.046] START to_move 2
[20:58:37.474] STOP to_move 2 nodes_visited 6850
[20:58:37.478] START to_move 1
[20:58:37.628] STOP to_move 1 nodes_visited 2416
[20:58:37.629] START to_move 2
[20:58:38.060] STOP to_move 2 nodes_visited 6922
[20:58:38.064] START to_move 1
[20:58:38.209] STOP to_move 1 nodes_visited 2342
[20:58:38.211] START to_move 2
[20:58:38.622] STOP to_move 2 nodes_visited 6658
[20:58:38.626] START to_move 1
[20:58:38.896] STOP to_move 1 nodes_visited 4194
[20:58:38.899] START to_move 2
[20:58:39.396] STOP to_move 2 nodes_visited 7587
[20:58:39.401] START to_move 1
[20:58:39.598] STOP to_move 1 nodes_visited 3077
[20:58:39.599] START to_move 2
[20:58:40.054] STOP to_move 2 nodes_visited 7202
[20:58:40.058] START to_move 1
[20:58:40.219] STOP to_move 1 nodes_visited 2518
[20:58:40.221] START to_move 2
[20:58:40.670] STOP to_move 2 nodes_visited 6996
[20:58:40.675] START to_move 1
[20:58:40.805] STOP to_move 1 nodes_visited 2090
[20:58:40.806] START to_move 2
[20:58:41.265] STOP to_move 2 nodes_visited 7269
[20:58:41.270] START to_move 1
[20:58:41.406] STOP to_move 1 nodes_visited 2159
[20:58:41.408] START to_move 2
[20:58:41.869] STOP to_move 2 nodes_visited 7279
[20:58:41.874] START to_move 1
[20:58:42.082] STOP to_move 1 nodes_visited 3194
[20:58:42.084] START to_move 2
[20:58:42.540] STOP to_move 2 nodes_visited 7176
[20:58:42.544] START to_move 1
[20:58:42.687] STOP to_move 1 nodes_visited 2261
[20:58:42.688] START to_move 2
[20:58:43.147] STOP to_move 2 nodes_visited 7276
[20:58:43.153] START to_move 1
[20:58:43.339] STOP to_move 1 nodes_visited 2721
[20:58:43.341] START to_move 2
[20:58:43.796] STOP to_move 2 nodes_visited 7272
[20:58:43.800] START to_move 1
[20:58:43.986] STOP to_move 1 nodes_visited 2842
[20:58:43.988] START to_move 2
[20:58:44.435] STOP to_move 2 nodes_visited 7103
[20:58:44.439] START to_move 1
[20:58:44.642] STOP to_move 1 nodes_visited 3161
[20:58:44.644] START to_move 2
[20:58:45.083] STOP to_move 2 nodes_visited 7107
[20:58:45.088] START to_move 1
[20:58:45.289] STOP to_move 1 nodes_visited 3165
[20:58:45.291] START to_move 2
[20:58:45.734] STOP to_move 2 nodes_visited 7037
[20:58:45.739] START to_move 1
[20:58:45.862] STOP to_move 1 nodes_visited 2026
[20:58:45.863] START to_move 2
[20:58:46.304] STOP to_move 2 nodes_visited 6972
[20:58:46.310] START to_move 1
[20:58:46.434] STOP to_move 1 nodes_visited 1990
[20:58:46.436] START to_move 2
[20:58:46.889] STOP to_move 2 nodes_visited 7029
[20:58:46.894] START to_move 1
[20:58:47.019] STOP to_move 1 nodes_visited 1965
[20:58:47.021] START to_move 2
[20:58:47.462] STOP to_move 2 nodes_visited 6961
[20:58:47.467] START to_move 1
[20:58:47.595] STOP to_move 1 nodes_visited 2011
[20:58:47.596] START to_move 2
[20:58:48.043] STOP to_move 2 nodes_visited 7115
[20:58:48.047] START to_move 1
[20:58:48.144] STOP to_move 1 nodes_visited 1593
[20:58:48.144] START to_move 2
[20:58:48.570] STOP to_move 2 nodes_visited 6812
[20:58:48.574] START to_move 1
[20:58:48.676] STOP to_move 1 nodes_visited 1680
[20:58:48.678] START to_move 2
[20:58:49.069] STOP to_move 2 nodes_visited 6411
[20:58:49.073] START to_move 1
[20:58:49.177] STOP to_move 1 nodes_visited 1699
[20:58:49.178] START to_move 2
[20:58:49.640] STOP to_move 2 nodes_visited 6622
[20:58:49.644] START to_move 1
[20:58:49.772] STOP to_move 1 nodes_visited 2020
[20:58:49.773] START to_move 2
[20:58:50.190] STOP to_move 2 nodes_visited 6546
[20:58:50.194] START to_move 1
[20:58:50.303] STOP to_move 1 nodes_visited 1744
[20:58:50.304] START to_move 2
[20:58:50.716] STOP to_move 2 nodes_visited 6452
[20:58:50.720] START to_move 1
[20:58:50.840] STOP to_move 1 nodes_visited 1920
[20:58:50.841] START to_move 2
[20:58:51.241] STOP to_move 2 nodes_visited 6339
[20:58:51.244] START to_move 1
[20:58:51.368] STOP to_move 1 nodes_visited 2034
[20:58:51.370] START to_move 2
[20:58:51.755] STOP to_move 2 nodes_visited 6097
[20:58:51.759] START to_move 1
[20:58:51.875] STOP to_move 1 nodes_visited 1917
[20:58:51.876] START to_move 2
[20:58:52.243] STOP to_move 2 nodes_visited 5932
[20:58:52.247] START to_move 1
[20:58:52.366] STOP to_move 1 nodes_visited 1940
[20:58:52.367] START to_move 2
[20:58:52.752] STOP to_move 2 nodes_visited 6176
[20:58:52.756] START to_move 1
[20:58:52.877] STOP to_move 1 nodes_visited 1957
[20:58:52.878] START to_move 2
[20:58:53.253] STOP to_move 2 nodes_visited 6116
[20:58:53.257] START to_move 1
[20:58:53.377] STOP to_move 1 nodes_visited 1950
[20:58:53.378] START to_move 2
[20:58:53.779] STOP to_move 2 nodes_visited 6424
[20:58:53.783] START to_move 1
[20:58:53.899] STOP to_move 1 nodes_visited 1889
[20:58:53.900] START to_move 2
[20:58:54.274] STOP to_move 2 nodes_visited 6114
[20:58:54.278] START to_move 1
[20:58:54.391] STOP to_move 1 nodes_visited 1835
[20:58:54.393] START to_move 2
[20:58:54.766] STOP to_move 2 nodes_visited 5997
[20:58:54.770] START to_move 1
[20:58:54.882] STOP to_move 1 nodes_visited 1798
[20:58:54.883] START to_move 2
[20:58:55.231] STOP to_move 2 nodes_visited 5556
[20:58:55.234] START to_move 1
[20:58:55.347] STOP to_move 1 nodes_visited 1819
[20:58:55.348] START to_move 2
[20:58:55.682] STOP to_move 2 nodes_visited 5236
[20:58:55.685] START to_move 1
[20:58:55.798] STOP to_move 1 nodes_visited 1843
[20:58:55.799] START to_move 2
[20:58:56.135] STOP to_move 2 nodes_visited 5396
[20:58:56.139] START to_move 1
[20:58:56.254] STOP to_move 1 nodes_visited 1831
[20:58:56.255] START to_move 2
[20:58:56.578] STOP to_move 2 nodes_visited 5158
[20:58:56.581] START to_move 1
[20:58:56.643] STOP to_move 1 nodes_visited 979
[20:58:56.644] START to_move 2
[20:58:56.961] STOP to_move 2 nodes_visited 5108
[20:58:56.964] START to_move 1
[20:58:57.073] STOP to_move 1 nodes_visited 1740
[20:58:57.074] START to_move 2
[20:58:57.401] STOP to_move 2 nodes_visited 5219
[20:58:57.404] START to_move 1
[20:58:57.507] STOP to_move 1 nodes_visited 1583
[20:58:57.508] START to_move 2
[20:58:57.820] STOP to_move 2 nodes_visited 4917
[20:58:57.822] START to_move 1
[20:58:57.918] STOP to_move 1 nodes_visited 1503
[20:58:57.919] START to_move 2
[20:58:58.218] STOP to_move 2 nodes_visited 4821
[20:58:58.221] START to_move 1
[20:58:58.285] STOP to_move 1 nodes_visited 1040
[20:58:58.286] START to_move 2
[20:58:58.589] STOP to_move 2 nodes_visited 4843
[20:58:58.591] START to_move 1
[20:58:58.689] STOP to_move 1 nodes_visited 1566
[20:58:58.690] START to_move 2
[20:58:59.003] STOP to_move 2 nodes_visited 5047
[20:58:59.006] START to_move 1
[20:58:59.101] STOP to_move 1 nodes_visited 1501
[20:58:59.102] START to_move 2
[20:58:59.396] STOP to_move 2 nodes_visited 4737
[20:58:59.399] START to_move 1
[20:58:59.500] STOP to_move 1 nodes_visited 1583
[20:58:59.501] START to_move 2
[20:58:59.788] STOP to_move 2 nodes_visited 4675
[20:58:59.791] START to_move 1
[20:58:59.888] STOP to_move 1 nodes_visited 1514
[20:58:59.889] START to_move 2
[20:59:00.176] STOP to_move 2 nodes_visited 4614
[20:59:00.179] START to_move 1
[20:59:00.256] STOP to_move 1 nodes_visited 1266
[20:59:00.256] START to_move 2
[20:59:00.545] STOP to_move 2 nodes_visited 4674
[20:59:00.548] START to_move 1
[20:59:00.621] STOP to_move 1 nodes_visited 1190
[20:59:00.621] START to_move 2
[20:59:00.903] STOP to_move 2 nodes_visited 4600
[20:59:00.906] START to_move 1
[20:59:00.983] STOP to_move 1 nodes_visited 1233
[20:59:00.984] START to_move 2
[20:59:01.238] STOP to_move 2 nodes_visited 4095
[20:59:01.240] START to_move 1
[20:59:01.313] STOP to_move 1 nodes_visited 1205
[20:59:01.314] START to_move 2
[20:59:01.557] STOP to_move 2 nodes_visited 3930
[20:59:01.559] START to_move 1
[20:59:01.627] STOP to_move 1 nodes_visited 1106
[20:59:01.628] START to_move 2
[20:59:01.856] STOP to_move 2 nodes_visited 3710
[20:59:01.858] START to_move 1
[20:59:01.925] STOP to_move 1 nodes_visited 1088
[20:59:01.925] START to_move 2
[20:59:02.167] STOP to_move 2 nodes_visited 3788
[20:59:02.169] START to_move 1
[20:59:02.226] STOP to_move 1 nodes_visited 932
[20:59:02.227] START to_move 2
[20:59:02.413] STOP to_move 2 nodes_visited 3009
[20:59:02.415] START to_move 1
[20:59:02.467] STOP to_move 1 nodes_visited 842
[20:59:02.467] START to_move 2
[20:59:02.646] STOP to_move 2 nodes_visited 2899
[20:59:02.648] START to_move 1
[20:59:02.700] STOP to_move 1 nodes_visited 856
[20:59:02.701] START to_move 2
[20:59:02.872] STOP to_move 2 nodes_visited 2768
[20:59:02.873] START to_move 1
[20:59:02.922] STOP to_move 1 nodes_visited 797
[20:59:02.922] START to_move 2
[20:59:03.118] STOP to_move 2 nodes_visited 3172
[20:59:03.120] START to_move 1
[20:59:03.174] STOP to_move 1 nodes_visited 874
[20:59:03.175] START to_move 2
[20:59:03.385] STOP to_move 2 nodes_visited 3340
[20:59:03.387] START to_move 1
[20:59:03.441] STOP to_move 1 nodes_visited 868
[20:59:03.441] START to_move 2
[20:59:03.621] STOP to_move 2 nodes_visited 2798
[20:59:03.623] START to_move 1
[20:59:03.666] STOP to_move 1 nodes_visited 686
[20:59:03.666] START to_move 2
[20:59:03.827] STOP to_move 2 nodes_visited 2600
[20:59:03.828] START to_move 1
[20:59:03.872] STOP to_move 1 nodes_visited 663
[20:59:03.872] START to_move 2
[20:59:04.025] STOP to_move 2 nodes_visited 2423
[20:59:04.027] START to_move 1
[20:59:04.060] STOP to_move 1 nodes_visited 536
[20:59:04.061] START to_move 2
[20:59:04.216] STOP to_move 2 nodes_visited 2469
[20:59:04.217] START to_move 1
[20:59:04.247] STOP to_move 1 nodes_visited 479
[20:59:04.247] START to_move 2
[20:59:04.432] STOP to_move 2 nodes_visited 2569
[20:59:04.433] START to_move 1
[20:59:04.465] STOP to_move 1 nodes_visited 491
[20:59:04.466] START to_move 2
[20:59:04.616] STOP to_move 2 nodes_visited 2377
[20:59:04.617] START to_move 1
[20:59:04.644] STOP to_move 1 nodes_visited 437
[20:59:04.645] START to_move 2
[20:59:04.815] STOP to_move 2 nodes_visited 2677
[20:59:04.817] START to_move 1
[20:59:04.848] STOP to_move 1 nodes_visited 501
[20:59:04.849] START to_move 2
[20:59:04.994] STOP to_move 2 nodes_visited 2239
[20:59:04.995] START to_move 1
[20:59:05.045] STOP to_move 1 nodes_visited 793
[20:59:05.046] START to_move 2
[20:59:05.187] STOP to_move 2 nodes_visited 2294
[20:59:05.188] START to_move 1
[20:59:05.212] STOP to_move 1 nodes_visited 396
[20:59:05.212] START to_move 2
[20:59:05.379] STOP to_move 2 nodes_visited 2234
[20:59:05.380] START to_move 1
[20:59:05.406] STOP to_move 1 nodes_visited 390
[20:59:05.406] START to_move 2
[20:59:05.547] STOP to_move 2 nodes_visited 2234
[20:59:05.549] START to_move 1
[20:59:05.601] STOP to_move 1 nodes_visited 808
[20:59:05.602] START to_move 2
[20:59:05.785] STOP to_move 2 nodes_visited 3006
[20:59:05.787] START to_move 1
[20:59:05.819] STOP to_move 1 nodes_visited 512
[20:59:05.820] START to_move 2
[20:59:05.976] STOP to_move 2 nodes_visited 2504
[20:59:05.977] START to_move 1
[20:59:06.017] STOP to_move 1 nodes_visited 658
[20:59:06.017] START to_move 2
[20:59:06.185] STOP to_move 2 nodes_visited 2616
[20:59:06.186] START to_move 1
[20:59:06.241] STOP to_move 1 nodes_visited 883
[20:59:06.242] START to_move 2
[20:59:06.394] STOP to_move 2 nodes_visited 2315
[20:59:06.396] START to_move 1
[20:59:06.417] STOP to_move 1 nodes_visited 343
[20:59:06.417] START to_move 2
[20:59:06.567] STOP to_move 2 nodes_visited 2361
[20:59:06.569] START to_move 1
[20:59:06.590] STOP to_move 1 nodes_visited 349
[20:59:06.591] START to_move 2
[20:59:06.747] STOP to_move 2 nodes_visited 2471
[20:59:06.749] START to_move 1
[20:59:06.770] STOP to_move 1 nodes_visited 356
[20:59:06.771] START to_move 2
[20:59:06.921] STOP to_move 2 nodes_visited 2376
[20:59:06.923] START to_move 1
[20:59:06.941] STOP to_move 1 nodes_visited 306
[20:59:06.941] START to_move 2
[20:59:07.088] STOP to_move 2 nodes_visited 2375
[20:59:07.089] START to_move 1
[20:59:07.118] STOP to_move 1 nodes_visited 456
[20:59:07.118] START to_move 2
[20:59:07.272] STOP to_move 2 nodes_visited 2404
[20:59:07.273] START to_move 1
[20:59:07.297] STOP to_move 1 nodes_visited 390
[20:59:07.297] START to_move 2
[20:59:07.463] STOP to_move 2 nodes_visited 2548
[20:59:07.464] START to_move 1
[20:59:07.530] STOP to_move 1 nodes_visited 1042
[20:59:07.530] START to_move 2
[20:59:07.676] STOP to_move 2 nodes_visited 2319
[20:59:07.678] START to_move 1
[20:59:07.751] STOP to_move 1 nodes_visited 1076
[20:59:07.752] START to_move 2
[20:59:07.892] STOP to_move 2 nodes_visited 2311
[20:59:07.894] START to_move 1
[20:59:07.964] STOP to_move 1 nodes_visited 1040
[20:59:07.964] START to_move 2
[20:59:08.105] STOP to_move 2 nodes_visited 2216
[20:59:08.106] START to_move 1
[20:59:08.129] STOP to_move 1 nodes_visited 369
[20:59:08.130] START to_move 2
[20:59:08.266] STOP to_move 2 nodes_visited 2224
[20:59:08.267] START to_move 1
[20:59:08.356] STOP to_move 1 nodes_visited 1364
[20:59:08.357] START to_move 2
[20:59:08.491] STOP to_move 2 nodes_visited 2211
[20:59:08.492] START to_move 1
[20:59:08.613] STOP to_move 1 nodes_visited 1231
[20:59:08.615] START to_move 2
[20:59:08.752] STOP to_move 2 nodes_visited 2253
[20:59:08.754] START to_move 1
[20:59:08.880] STOP to_move 1 nodes_visited 1466
[20:59:08.881] START to_move 2
[20:59:09.018] STOP to_move 2 nodes_visited 2205
[20:59:09.020] START to_move 1
[20:59:09.112] STOP to_move 1 nodes_visited 1454
[20:59:09.113] START to_move 2
[20:59:09.274] STOP to_move 2 nodes_visited 2255
[20:59:09.276] START to_move 1
[20:59:09.394] STOP to_move 1 nodes_visited 1508
[20:59:09.395] START to_move 2
[20:59:09.567] STOP to_move 2 nodes_visited 2157
[20:59:09.570] START to_move 1
[20:59:09.607] STOP to_move 1 nodes_visited 554
[20:59:09.607] START to_move 2
[20:59:09.739] STOP to_move 2 nodes_visited 2059
[20:59:09.740] START to_move 1
[20:59:09.769] STOP to_move 1 nodes_visited 434
[20:59:09.769] START to_move 2
[20:59:09.904] STOP to_move 2 nodes_visited 2151
[20:59:09.905] START to_move 1
[20:59:09.928] STOP to_move 1 nodes_visited 373
[20:59:09.929] START to_move 2
[20:59:10.046] STOP to_move 2 nodes_visited 1912
[20:59:10.047] START to_move 1
[20:59:10.072] STOP to_move 1 nodes_visited 399
[20:59:10.072] START to_move 2
[20:59:10.177] STOP to_move 2 nodes_visited 1684
[20:59:10.178] START to_move 1
[20:59:10.198] STOP to_move 1 nodes_visited 333
[20:59:10.199] START to_move 2
[20:59:10.303] STOP to_move 2 nodes_visited 1716
[20:59:10.305] START to_move 1
[20:59:10.333] STOP to_move 1 nodes_visited 320
[20:59:10.334] START to_move 2
[20:59:10.468] STOP to_move 2 nodes_visited 1520
[20:59:10.469] START to_move 1
[20:59:10.493] STOP to_move 1 nodes_visited 379
[20:59:10.493] START to_move 2
[20:59:10.585] STOP to_move 2 nodes_visited 1520
[20:59:10.585] START to_move 1
[20:59:10.607] STOP to_move 1 nodes_visited 363
[20:59:10.607] START to_move 2
[20:59:10.707] STOP to_move 2 nodes_visited 1582
[20:59:10.707] START to_move 1
[20:59:10.733] STOP to_move 1 nodes_visited 432
[20:59:10.734] START to_move 2
[20:59:10.827] STOP to_move 2 nodes_visited 1531
[20:59:10.829] START to_move 1
[20:59:10.849] STOP to_move 1 nodes_visited 350
[20:59:10.850] START to_move 2
[20:59:10.949] STOP to_move 2 nodes_visited 1567
[20:59:10.949] START to_move 1
[20:59:10.966] STOP to_move 1 nodes_visited 279
[20:59:10.966] START to_move 2
[20:59:11.038] STOP to_move 2 nodes_visited 1153
[20:59:11.039] START to_move 1
[20:59:11.054] STOP to_move 1 nodes_visited 248
[20:59:11.054] START to_move 2
[20:59:11.117] STOP to_move 2 nodes_visited 1035
[20:59:11.117] START to_move 1
[20:59:11.133] STOP to_move 1 nodes_visited 270
[20:59:11.134] START to_move 2
[20:59:11.196] STOP to_move 2 nodes_visited 1035
[20:59:11.196] START to_move 1
[20:59:11.217] STOP to_move 1 nodes_visited 351
[20:59:11.218] START to_move 2
[20:59:11.286] STOP to_move 2 nodes_visited 1082
[20:59:11.287] START to_move 1
[20:59:11.301] STOP to_move 1 nodes_visited 234
[20:59:11.301] START to_move 2
[20:59:11.359] STOP to_move 2 nodes_visited 961
[20:59:11.359] START to_move 1
[20:59:11.374] STOP to_move 1 nodes_visited 237
[20:59:11.374] START to_move 2
[20:59:11.431] STOP to_move 2 nodes_visited 946
[20:59:11.432] START to_move 1
[20:59:11.446] STOP to_move 1 nodes_visited 226
[20:59:11.447] START to_move 2
[20:59:11.501] STOP to_move 2 nodes_visited 901
[20:59:11.502] START to_move 1
[20:59:11.517] STOP to_move 1 nodes_visited 226
[20:59:11.517] START to_move 2
[20:59:11.572] STOP to_move 2 nodes_visited 901
[20:59:11.573] START to_move 1
[20:59:11.586] STOP to_move 1 nodes_visited 218
[20:59:11.587] START to_move 2
[20:59:11.646] STOP to_move 2 nodes_visited 913
[20:59:11.646] START to_move 1
[20:59:11.658] STOP to_move 1 nodes_visited 201
[20:59:11.658] START to_move 2
[20:59:11.699] STOP to_move 2 nodes_visited 661
[20:59:11.700] START to_move 1
[20:59:11.708] STOP to_move 1 nodes_visited 142
[20:59:11.708] START to_move 2
[20:59:11.744] STOP to_move 2 nodes_visited 601
[20:59:11.745] START to_move 1
[20:59:11.755] STOP to_move 1 nodes_visited 169
[20:59:11.755] START to_move 2
[20:59:11.788] STOP to_move 2 nodes_visited 541
[20:59:11.788] START to_move 1
[20:59:11.798] STOP to_move 1 nodes_visited 179
[20:59:11.798] START to_move 2
[20:59:11.831] STOP to_move 2 nodes_visited 511
[20:59:11.831] START to_move 1
[20:59:11.841] STOP to_move 1 nodes_visited 172
[20:59:11.841] START to_move 2
[20:59:11.869] STOP to_move 2 nodes_visited 463
[20:59:11.870] START to_move 1
[20:59:11.888] STOP to_move 1 nodes_visited 309
[20:59:11.889] START to_move 2
[20:59:11.936] STOP to_move 2 nodes_visited 494
[20:59:11.936] START to_move 1
[20:59:11.948] STOP to_move 1 nodes_visited 179
[20:59:11.948] START to_move 2
[20:59:11.976] STOP to_move 2 nodes_visited 426
[20:59:11.976] START to_move 1
[20:59:11.985] STOP to_move 1 nodes_visited 147
[20:59:11.985] START to_move 2
[20:59:12.005] STOP to_move 2 nodes_visited 337
[20:59:12.005] START to_move 1
[20:59:12.014] STOP to_move 1 nodes_visited 151
[20:59:12.014] START to_move 2
[20:59:12.036] STOP to_move 2 nodes_visited 365
[20:59:12.037] START to_move 1
[20:59:12.043] STOP to_move 1 nodes_visited 106
[20:59:12.043] START to_move 2
[20:59:12.064] STOP to_move 2 nodes_visited 351
[20:59:12.064] START to_move 1
[20:59:12.074] STOP to_move 1 nodes_visited 153
[20:59:12.074] START to_move 2
[20:59:12.093] STOP to_move 2 nodes_visited 313
[20:59:12.093] START to_move 1
[20:59:12.099] STOP to_move 1 nodes_visited 111
[20:59:12.100] START to_move 2
[20:59:12.115] STOP to_move 2 nodes_visited 261
[20:59:12.115] START to_move 1
[20:59:12.121] STOP to_move 1 nodes_visited 88
[20:59:12.121] START to_move 2
[20:59:12.137] STOP to_move 2 nodes_visited 229
[20:59:12.137] START to_move 1
[20:59:12.142] STOP to_move 1 nodes_visited 74
[20:59:12.142] START to_move 2
[20:59:12.160] STOP to_move 2 nodes_visited 287
[20:59:12.160] START to_move 1
[20:59:12.165] STOP to_move 1 nodes_visited 88
[20:59:12.165] START to_move 2
[20:59:12.179] STOP to_move 2 nodes_visited 235
[20:59:12.180] START to_move 1
[20:59:12.184] STOP to_move 1 nodes_visited 74
[20:59:12.184] START to_move 2
[20:59:12.200] STOP to_move 2 nodes_visited 261
[20:59:12.200] START to_move 1
[20:59:12.204] STOP to_move 1 nodes_visited 78
[20:59:12.204] START to_move 2
[20:59:12.218] STOP to_move 2 nodes_visited 235
[20:59:12.218] START to_move 1
[20:59:12.224] STOP to_move 1 nodes_visited 90
[20:59:12.224] START to_move 2
[20:59:12.240] STOP to_move 2 nodes_visited 261
[20:59:12.240] START to_move 1
[20:59:12.244] STOP to_move 1 nodes_visited 77
[20:59:12.244] START to_move 2
[20:59:12.257] STOP to_move 2 nodes_visited 217
[20:59:12.258] START to_move 1
[20:59:12.262] STOP to_move 1 nodes_visited 74
[20:59:12.262] START to_move 2
[20:59:12.276] STOP to_move 2 nodes_visited 241
[20:59:12.277] START to_move 1
[20:59:12.282] STOP to_move 1 nodes_visited 91
[20:59:12.282] START to_move 2
[20:59:12.296] STOP to_move 2 nodes_visited 229
[20:59:12.296] START to_move 1
[20:59:12.300] STOP to_move 1 nodes_visited 74
[20:59:12.300] START to_move 2
[20:59:12.310] STOP to_move 2 nodes_visited 169
[20:59:12.310] START to_move 1
[20:59:12.314] STOP to_move 1 nodes_visited 68
[20:59:12.314] START to_move 2
[20:59:12.324] STOP to_move 2 nodes_visited 169
[20:59:12.325] START to_move 1
[20:59:12.329] STOP to_move 1 nodes_visited 68
[20:59:12.329] START to_move 2
[20:59:12.339] STOP to_move 2 nodes_visited 169
[20:59:12.339] START to_move 1
[20:59:12.343] STOP to_move 1 nodes_visited 69
[20:59:12.343] START to_move 2
[20:59:12.351] STOP to_move 2 nodes_visited 144
[20:59:12.351] START to_move 1
[20:59:12.363] STOP to_move 1 nodes_visited 192
[20:59:12.364] START to_move 2
[20:59:12.376] STOP to_move 2 nodes_visited 211
[20:59:12.376] START to_move 1
[20:59:12.383] STOP to_move 1 nodes_visited 113
[20:59:12.383] START to_move 2
[20:59:12.390] STOP to_move 2 nodes_visited 118
[20:59:12.390] START to_move 1
[20:59:12.394] STOP to_move 1 nodes_visited 62
[20:59:12.394] START to_move 2
[20:59:12.405] STOP to_move 2 nodes_visited 181
[20:59:12.405] START to_move 1
[20:59:12.410] STOP to_move 1 nodes_visited 83
[20:59:12.410] START to_move 2
[20:59:12.419] STOP to_move 2 nodes_visited 141
[20:59:12.419] START to_move 1
[20:59:12.425] STOP to_move 1 nodes_visited 78
[20:59:12.425] START to_move 2
[20:59:12.432] STOP to_move 2 nodes_visited 118
[20:59:12.432] START to_move 1
[20:59:12.436] STOP to_move 1 nodes_visited 67
[20:59:12.436] START to_move 2
[20:59:12.448] STOP to_move 2 nodes_visited 196
[20:59:12.448] START to_move 1
[20:59:12.452] STOP to_move 1 nodes_visited 71
[20:59:12.452] START to_move 2
[20:59:12.459] STOP to_move 2 nodes_visited 118
[20:59:12.459] START to_move 1
[20:59:12.462] STOP to_move 1 nodes_visited 38
[20:59:12.462] START to_move 2
[20:59:12.469] STOP to_move 2 nodes_visited 121
[20:59:12.469] START to_move 1
[20:59:12.480] STOP to_move 1 nodes_visited 139
[20:59:12.480] START to_move 2
[20:59:12.488] STOP to_move 2 nodes_visited 141
[20:59:12.488] START to_move 1
[20:59:12.493] STOP to_move 1 nodes_visited 71
[20:59:12.493] START to_move 2
[20:59:12.505] STOP to_move 2 nodes_visited 183
[20:59:12.505] START to_move 1
[20:59:12.508] STOP to_move 1 nodes_visited 41
[20:59:12.508] START to_move 2
[20:59:12.513] STOP to_move 2 nodes_visited 92
[20:59:12.513] START to_move 1
[20:59:12.515] STOP to_move 1 nodes_visited 32
[20:59:12.515] START to_move 2
[20:59:12.521] STOP to_move 2 nodes_visited 85
[20:59:12.521] START to_move 1
[20:59:12.523] STOP to_move 1 nodes_visited 42
[20:59:12.524] START to_move 2
[20:59:12.531] STOP to_move 2 nodes_visited 129
[20:59:12.531] START to_move 1
[20:59:12.534] STOP to_move 1 nodes_visited 39
[20:59:12.534] START to_move 2
[20:59:12.539] STOP to_move 2 nodes_visited 76
[20:59:12.539] START to_move 1
[20:59:12.542] STOP to_move 1 nodes_visited 55
[20:59:12.542] START to_move 2
[20:59:12.549] STOP to_move 2 nodes_visited 121
[20:59:12.549] START to_move 1
[20:59:12.553] STOP to_move 1 nodes_visited 65
[20:59:12.553] START to_move 2
[20:59:12.560] STOP to_move 2 nodes_visited 106
[20:59:12.560] START to_move 1
[20:59:12.563] STOP to_move 1 nodes_visited 57
[20:59:12.563] START to_move 2
[20:59:12.569] STOP to_move 2 nodes_visited 92
[20:59:12.569] START to_move 1
[20:59:12.571] STOP to_move 1 nodes_visited 30
[20:59:12.571] START to_move 2
[20:59:12.574] STOP to_move 2 nodes_visited 53
[20:59:12.574] START to_move 1
[20:59:12.577] STOP to_move 1 nodes_visited 35
[20:59:12.577] START to_move 2
[20:59:12.580] STOP to_move 2 nodes_visited 66
[20:59:12.581] START to_move 1
[20:59:12.582] STOP to_move 1 nodes_visited 23
[20:59:12.582] START to_move 2
[20:59:12.584] STOP to_move 2 nodes_visited 27
[20:59:12.584] START to_move 1
[20:59:12.586] STOP to_move 1 nodes_visited 33
[20:59:12.586] START to_move 2
[20:59:12.589] STOP to_move 2 nodes_visited 53
[20:59:12.589] START to_move 1
[20:59:12.591] STOP to_move 1 nodes_visited 29
[20:59:12.591] START to_move 2
[20:59:12.594] STOP to_move 2 nodes_visited 49
[20:59:12.594] START to_move 1
[20:59:12.596] STOP to_move 1 nodes_visited 33
[20:59:12.596] START to_move 2
[20:59:12.597] STOP to_move 2 nodes_visited 26
[20:59:12.597] END winner 2 - rounds 330
