[23:27:38.271] 1 - distance_function chebyshev - pruning True
[23:27:38.272] 2 - distance_function euclides - pruning True
[23:27:38.272] START to_move 1
[23:27:38.443] STOP to_move 1 nodes_visited 2490
[23:27:38.444] START to_move 2
[23:27:38.564] STOP to_move 2 nodes_visited 1845
[23:27:38.565] START to_move 1
[23:27:38.603] STOP to_move 1 nodes_visited 592
[23:27:38.604] START to_move 2
[23:27:38.697] STOP to_move 2 nodes_visited 1531
[23:27:38.698] START to_move 1
[23:27:38.735] STOP to_move 1 nodes_visited 586
[23:27:38.736] START to_move 2
[23:27:38.824] STOP to_move 2 nodes_visited 1404
[23:27:38.825] START to_move 1
[23:27:38.866] STOP to_move 1 nodes_visited 646
[23:27:38.866] START to_move 2
[23:27:38.933] STOP to_move 2 nodes_visited 1104
[23:27:38.934] START to_move 1
[23:27:38.970] STOP to_move 1 nodes_visited 572
[23:27:38.971] START to_move 2
[23:27:39.009] STOP to_move 2 nodes_visited 644
[23:27:39.010] START to_move 1
[23:27:39.044] STOP to_move 1 nodes_visited 555
[23:27:39.045] START to_move 2
[23:27:39.096] STOP to_move 2 nodes_visited 821
[23:27:39.097] START to_move 1
[23:27:39.151] STOP to_move 1 nodes_visited 864
[23:27:39.151] START to_move 2
[23:27:39.229] STOP to_move 2 nodes_visited 1250
[23:27:39.230] START to_move 1
[23:27:39.314] STOP to_move 1 nodes_visited 1333
[23:27:39.315] START to_move 2
[23:27:39.382] STOP to_move 2 nodes_visited 1070
[23:27:39.383] START to_move 1
[23:27:39.427] STOP to_move 1 nodes_visited 704
[23:27:39.427] START to_move 2
[23:27:39.491] STOP to_move 2 nodes_visited 1036
[23:27:39.491] START to_move 1
[23:27:39.540] STOP to_move 1 nodes_visited 782
[23:27:39.541] START to_move 2
[23:27:39.618] STOP to_move 2 nodes_visited 1269
[23:27:39.619] START to_move 1
[23:27:39.674] STOP to_move 1 nodes_visited 871
[23:27:39.675] START to_move 2
[23:27:39.826] STOP to_move 2 nodes_visited 2439
[23:27:39.828] START to_move 1
[23:27:39.901] STOP to_move 1 nodes_visited 1133
[23:27:39.902] START to_move 2
[23:27:40.202] STOP to_move 2 nodes_visited 4772
[23:27:40.205] START to_move 1
[23:27:40.237] STOP to_move 1 nodes_visited 534
[23:27:40.238] START to_move 2
[23:27:40.469] STOP to_move 2 nodes_visited 3701
[23:27:40.471] START to_move 1
[23:27:40.504] STOP to_move 1 nodes_visited 536
[23:27:40.504] START to_move 2
[23:27:40.711] STOP to_move 2 nodes_visited 3343
[23:27:40.713] START to_move 1
[23:27:40.745] STOP to_move 1 nodes_visited 531
[23:27:40.746] START to_move 2
[23:27:41.038] STOP to_move 2 nodes_visited 4723
[23:27:41.041] START to_move 1
[23:27:41.065] STOP to_move 1 nodes_visited 387
[23:27:41.065] START to_move 2
[23:27:41.359] STOP to_move 2 nodes_visited 4772
[23:27:41.361] START to_move 1
[23:27:41.421] STOP to_move 1 nodes_visited 950
[23:27:41.421] START to_move 2
[23:27:41.819] STOP to_move 2 nodes_visited 6222
[23:27:41.823] START to_move 1
[23:27:41.882] STOP to_move 1 nodes_visited 955
[23:27:41.883] START to_move 2
[23:27:42.074] STOP to_move 2 nodes_visited 3099
[23:27:42.076] START to_move 1
[23:27:42.278] STOP to_move 1 nodes_visited 3214
[23:27:42.280] START to_move 2
[23:27:42.557] STOP to_move 2 nodes_visited 4440
[23:27:42.560] START to_move 1
[23:27:42.590] STOP to_move 1 nodes_visited 501
[23:27:42.591] START to_move 2
[23:27:42.811] STOP to_move 2 nodes_visited 3478
[23:27:42.813] START to_move 1
[23:27:42.923] STOP to_move 1 nodes_visited 1731
[23:27:42.924] START to_move 2
[23:27:43.117] STOP to_move 2 nodes_visited 3065
[23:27:43.119] START to_move 1
[23:27:43.148] STOP to_move 1 nodes_visited 485
[23:27:43.149] START to_move 2
[23:27:43.409] STOP to_move 2 nodes_visited 4131
[23:27:43.411] START to_move 1
[23:27:43.482] STOP to_move 1 nodes_visited 1135
[23:27:43.482] START to_move 2
[23:27:43.740] STOP to_move 2 nodes_visited 4050
[23:27:43.743] START to_move 1
[23:27:43.764] STOP to_move 1 nodes_visited 363
[23:27:43.765] START to_move 2
[23:27:44.050] STOP to_move 2 nodes_visited 4547
[23:27:44.053] START to_move 1
[23:27:44.074] STOP to_move 1 nodes_visited 350
[23:27:44.074] START to_move 2
[23:27:44.265] STOP to_move 2 nodes_visited 3050
[23:27:44.266] START to_move 1
[23:27:44.287] STOP to_move 1 nodes_visited 350
[23:27:44.287] START to_move 2
[23:27:44.478] STOP to_move 2 nodes_visited 3018
[23:27:44.480] START to_move 1
[23:27:44.500] STOP to_move 1 nodes_visited 332
[23:27:44.500] START to_move 2
[23:27:44.668] STOP to_move 2 nodes_visited 2709
[23:27:44.670] START to_move 1
[23:27:44.691] STOP to_move 1 nodes_visited 327
[23:27:44.691] START to_move 2
[23:27:44.845] STOP to_move 2 nodes_visited 2498
[23:27:44.846] START to_move 1
[23:27:44.866] STOP to_move 1 nodes_visited 328
[23:27:44.866] START to_move 2
[23:27:45.013] STOP to_move 2 nodes_visited 2372
[23:27:45.014] START to_move 1
[23:27:45.034] STOP to_move 1 nodes_visited 332
[23:27:45.035] START to_move 2
[23:27:45.174] STOP to_move 2 nodes_visited 2290
[23:27:45.175] START to_move 1
[23:27:45.195] STOP to_move 1 nodes_visited 334
[23:27:45.195] START to_move 2
[23:27:45.335] STOP to_move 2 nodes_visited 2283
[23:27:45.337] START to_move 1
[23:27:45.361] STOP to_move 1 nodes_visited 403
[23:27:45.362] START to_move 2
[23:27:45.497] STOP to_move 2 nodes_visited 2182
[23:27:45.498] START to_move 1
[23:27:45.531] STOP to_move 1 nodes_visited 534
[23:27:45.531] START to_move 2
[23:27:45.635] STOP to_move 2 nodes_visited 1706
[23:27:45.635] START to_move 1
[23:27:45.658] STOP to_move 1 nodes_visited 379
[23:27:45.659] START to_move 2
[23:27:45.745] STOP to_move 2 nodes_visited 1429
[23:27:45.746] START to_move 1
[23:27:45.770] STOP to_move 1 nodes_visited 377
[23:27:45.770] START to_move 2
[23:27:45.861] STOP to_move 2 nodes_visited 1494
[23:27:45.862] START to_move 1
[23:27:45.918] STOP to_move 1 nodes_visited 906
[23:27:45.919] START to_move 2
[23:27:45.978] STOP to_move 2 nodes_visited 987
[23:27:45.979] START to_move 1
[23:27:46.002] STOP to_move 1 nodes_visited 381
[23:27:46.002] START to_move 2
[23:27:46.092] STOP to_move 2 nodes_visited 1453
[23:27:46.093] START to_move 1
[23:27:46.115] STOP to_move 1 nodes_visited 376
[23:27:46.116] START to_move 2
[23:27:46.169] STOP to_move 2 nodes_visited 893
[23:27:46.170] START to_move 1
[23:27:46.193] STOP to_move 1 nodes_visited 400
[23:27:46.194] START to_move 2
[23:27:46.242] STOP to_move 2 nodes_visited 806
[23:27:46.242] START to_move 1
[23:27:46.264] STOP to_move 1 nodes_visited 364
[23:27:46.264] START to_move 2
[23:27:46.296] STOP to_move 2 nodes_visited 539
[23:27:46.296] START to_move 1
[23:27:46.319] STOP to_move 1 nodes_visited 364
[23:27:46.320] START to_move 2
[23:27:46.389] STOP to_move 2 nodes_visited 1152
[23:27:46.390] START to_move 1
[23:27:46.412] STOP to_move 1 nodes_visited 368
[23:27:46.412] START to_move 2
[23:27:46.466] STOP to_move 2 nodes_visited 893
[23:27:46.467] START to_move 1
[23:27:46.489] STOP to_move 1 nodes_visited 368
[23:27:46.489] START to_move 2
[23:27:46.538] STOP to_move 2 nodes_visited 820
[23:27:46.538] START to_move 1
[23:27:46.561] STOP to_move 1 nodes_visited 390
[23:27:46.562] START to_move 2
[23:27:46.688] STOP to_move 2 nodes_visited 2062
[23:27:46.689] START to_move 1
[23:27:46.711] STOP to_move 1 nodes_visited 371
[23:27:46.711] START to_move 2
[23:27:46.827] STOP to_move 2 nodes_visited 1917
[23:27:46.828] START to_move 1
[23:27:46.939] STOP to_move 1 nodes_visited 1745
[23:27:46.940] START to_move 2
[23:27:47.030] STOP to_move 2 nodes_visited 1496
[23:27:47.031] START to_move 1
[23:27:47.053] STOP to_move 1 nodes_visited 358
[23:27:47.053] START to_move 2
[23:27:47.151] STOP to_move 2 nodes_visited 1584
[23:27:47.152] START to_move 1
[23:27:47.167] STOP to_move 1 nodes_visited 263
[23:27:47.167] START to_move 2
[23:27:47.291] STOP to_move 2 nodes_visited 2066
[23:27:47.292] START to_move 1
[23:27:47.308] STOP to_move 1 nodes_visited 273
[23:27:47.309] START to_move 2
[23:27:47.441] STOP to_move 2 nodes_visited 2146
[23:27:47.442] START to_move 1
[23:27:47.457] STOP to_move 1 nodes_visited 258
[23:27:47.457] START to_move 2
[23:27:47.564] STOP to_move 2 nodes_visited 1779
[23:27:47.565] START to_move 1
[23:27:47.598] STOP to_move 1 nodes_visited 537
[23:27:47.598] START to_move 2
[23:27:47.695] STOP to_move 2 nodes_visited 1576
[23:27:47.696] START to_move 1
[23:27:47.709] STOP to_move 1 nodes_visited 223
[23:27:47.709] START to_move 2
[23:27:47.782] STOP to_move 2 nodes_visited 1205
[23:27:47.782] START to_move 1
[23:27:47.795] STOP to_move 1 nodes_visited 229
[23:27:47.796] START to_move 2
[23:27:47.869] STOP to_move 2 nodes_visited 1231
[23:27:47.870] START to_move 1
[23:27:47.883] STOP to_move 1 nodes_visited 223
[23:27:47.883] START to_move 2
[23:27:47.960] STOP to_move 2 nodes_visited 1251
[23:27:47.961] START to_move 1
[23:27:47.973] STOP to_move 1 nodes_visited 217
[23:27:47.973] START to_move 2
[23:27:48.044] STOP to_move 2 nodes_visited 1172
[23:27:48.044] START to_move 1
[23:27:48.062] STOP to_move 1 nodes_visited 295
[23:27:48.062] START to_move 2
[23:27:48.130] STOP to_move 2 nodes_visited 1130
[23:27:48.130] START to_move 1
[23:27:48.153] STOP to_move 1 nodes_visited 377
[23:27:48.153] START to_move 2
[23:27:48.178] STOP to_move 2 nodes_visited 422
[23:27:48.178] START to_move 1
[23:27:48.190] STOP to_move 1 nodes_visited 206
[23:27:48.190] START to_move 2
[23:27:48.250] STOP to_move 2 nodes_visited 979
[23:27:48.251] START to_move 1
[23:27:48.262] STOP to_move 1 nodes_visited 203
[23:27:48.262] START to_move 2
[23:27:48.313] STOP to_move 2 nodes_visited 837
[23:27:48.313] START to_move 1
[23:27:48.324] STOP to_move 1 nodes_visited 198
[23:27:48.325] START to_move 2
[23:27:48.378] STOP to_move 2 nodes_visited 892
[23:27:48.378] START to_move 1
[23:27:48.390] STOP to_move 1 nodes_visited 200
[23:27:48.390] START to_move 2
[23:27:48.446] STOP to_move 2 nodes_visited 937
[23:27:48.446] START to_move 1
[23:27:48.458] STOP to_move 1 nodes_visited 206
[23:27:48.458] START to_move 2
[23:27:48.508] STOP to_move 2 nodes_visited 801
[23:27:48.508] START to_move 1
[23:27:48.520] STOP to_move 1 nodes_visited 206
[23:27:48.520] START to_move 2
[23:27:48.558] STOP to_move 2 nodes_visited 631
[23:27:48.558] START to_move 1
[23:27:48.570] STOP to_move 1 nodes_visited 198
[23:27:48.570] START to_move 2
[23:27:48.608] STOP to_move 2 nodes_visited 633
[23:27:48.608] START to_move 1
[23:27:48.622] STOP to_move 1 nodes_visited 223
[23:27:48.622] START to_move 2
[23:27:48.633] STOP to_move 2 nodes_visited 190
[23:27:48.633] START to_move 1
[23:27:48.644] STOP to_move 1 nodes_visited 202
[23:27:48.645] START to_move 2
[23:27:48.657] STOP to_move 2 nodes_visited 215
[23:27:48.657] START to_move 1
[23:27:48.669] STOP to_move 1 nodes_visited 202
[23:27:48.670] START to_move 2
[23:27:48.682] STOP to_move 2 nodes_visited 215
[23:27:48.682] START to_move 1
[23:27:48.693] STOP to_move 1 nodes_visited 179
[23:27:48.693] START to_move 2
[23:27:48.714] STOP to_move 2 nodes_visited 348
[23:27:48.714] START to_move 1
[23:27:48.725] STOP to_move 1 nodes_visited 188
[23:27:48.725] START to_move 2
[23:27:48.747] STOP to_move 2 nodes_visited 376
[23:27:48.747] START to_move 1
[23:27:48.758] STOP to_move 1 nodes_visited 189
[23:27:48.759] START to_move 2
[23:27:48.775] STOP to_move 2 nodes_visited 279
[23:27:48.775] START to_move 1
[23:27:48.786] STOP to_move 1 nodes_visited 195
[23:27:48.787] START to_move 2
[23:27:48.829] STOP to_move 2 nodes_visited 691
[23:27:48.829] START to_move 1
[23:27:48.842] STOP to_move 1 nodes_visited 217
[23:27:48.842] START to_move 2
[23:27:48.891] STOP to_move 2 nodes_visited 818
[23:27:48.891] START to_move 1
[23:27:48.904] STOP to_move 1 nodes_visited 214
[23:27:48.905] START to_move 2
[23:27:48.938] STOP to_move 2 nodes_visited 559
[23:27:48.938] START to_move 1
[23:27:48.950] STOP to_move 1 nodes_visited 207
[23:27:48.950] START to_move 2
[23:27:48.994] STOP to_move 2 nodes_visited 737
[23:27:48.995] START to_move 1
[23:27:49.007] STOP to_move 1 nodes_visited 197
[23:27:49.007] START to_move 2
[23:27:49.032] STOP to_move 2 nodes_visited 415
[23:27:49.032] START to_move 1
[23:27:49.042] STOP to_move 1 nodes_visited 165
[23:27:49.042] START to_move 2
[23:27:49.073] STOP to_move 2 nodes_visited 511
[23:27:49.073] START to_move 1
[23:27:49.083] STOP to_move 1 nodes_visited 177
[23:27:49.084] START to_move 2
[23:27:49.092] STOP to_move 2 nodes_visited 124
[23:27:49.092] START to_move 1
[23:27:49.105] STOP to_move 1 nodes_visited 213
[23:27:49.105] START to_move 2
[23:27:49.110] STOP to_move 2 nodes_visited 80
[23:27:49.110] START to_move 1
[23:27:49.122] STOP to_move 1 nodes_visited 211
[23:27:49.123] START to_move 2
[23:27:49.127] STOP to_move 2 nodes_visited 80
[23:27:49.127] START to_move 1
[23:27:49.143] STOP to_move 1 nodes_visited 263
[23:27:49.143] START to_move 2
[23:27:49.155] STOP to_move 2 nodes_visited 189
[23:27:49.155] START to_move 1
[23:27:49.164] STOP to_move 1 nodes_visited 153
[23:27:49.164] START to_move 2
[23:27:49.179] STOP to_move 2 nodes_visited 250
[23:27:49.179] START to_move 1
[23:27:49.186] STOP to_move 1 nodes_visited 134
[23:27:49.187] START to_move 2
[23:27:49.205] STOP to_move 2 nodes_visited 305
[23:27:49.205] START to_move 1
[23:27:49.213] STOP to_move 1 nodes_visited 148
[23:27:49.214] START to_move 2
[23:27:49.236] STOP to_move 2 nodes_visited 383
[23:27:49.237] START to_move 1
[23:27:49.245] STOP to_move 1 nodes_visited 142
[23:27:49.245] START to_move 2
[23:27:49.272] STOP to_move 2 nodes_visited 387
[23:27:49.273] START to_move 1
[23:27:49.281] STOP to_move 1 nodes_visited 144
[23:27:49.282] START to_move 2
[23:27:49.303] STOP to_move 2 nodes_visited 325
[23:27:49.303] START to_move 1
[23:27:49.312] STOP to_move 1 nodes_visited 141
[23:27:49.312] START to_move 2
[23:27:49.329] STOP to_move 2 nodes_visited 256
[23:27:49.329] START to_move 1
[23:27:49.337] STOP to_move 1 nodes_visited 133
[23:27:49.337] START to_move 2
[23:27:49.343] STOP to_move 2 nodes_visited 87
[23:27:49.343] END winner 2 - rounds 174
