[22:09:41.937] 1 - distance_function chebyshev - pruning True
[22:09:41.937] 2 - distance_function euclides - pruning True
[22:09:41.937] START to_move 1
[22:09:41.986] STOP to_move 1 nodes_visited 744
[22:09:41.986] START to_move 2
[22:09:42.223] STOP to_move 2 nodes_visited 3586
[22:09:42.226] START to_move 1
[22:09:42.272] STOP to_move 1 nodes_visited 690
[22:09:42.273] START to_move 2
[22:09:42.386] STOP to_move 2 nodes_visited 1766
[22:09:42.387] START to_move 1
[22:09:42.422] STOP to_move 1 nodes_visited 529
[22:09:42.423] START to_move 2
[22:09:42.517] STOP to_move 2 nodes_visited 1478
[22:09:42.518] START to_move 1
[22:09:42.560] STOP to_move 1 nodes_visited 645
[22:09:42.561] START to_move 2
[22:09:42.623] STOP to_move 2 nodes_visited 1008
[22:09:42.623] START to_move 1
[22:09:42.750] STOP to_move 1 nodes_visited 1937
[22:09:42.751] START to_move 2
[22:09:42.879] STOP to_move 2 nodes_visited 2079
[22:09:42.880] START to_move 1
[22:09:42.936] STOP to_move 1 nodes_visited 880
[22:09:42.937] START to_move 2
[22:09:43.179] STOP to_move 2 nodes_visited 3944
[22:09:43.181] START to_move 1
[22:09:43.239] STOP to_move 1 nodes_visited 894
[22:09:43.239] START to_move 2
[22:09:43.472] STOP to_move 2 nodes_visited 3781
[22:09:43.474] START to_move 1
[22:09:43.534] STOP to_move 1 nodes_visited 929
[22:09:43.535] START to_move 2
[22:09:43.664] STOP to_move 2 nodes_visited 2112
[22:09:43.665] START to_move 1
[22:09:43.733] STOP to_move 1 nodes_visited 1103
[22:09:43.733] START to_move 2
[22:09:43.926] STOP to_move 2 nodes_visited 3150
[22:09:43.928] START to_move 1
[22:09:43.957] STOP to_move 1 nodes_visited 483
[22:09:43.958] START to_move 2
[22:09:43.992] STOP to_move 2 nodes_visited 589
[22:09:43.993] START to_move 1
[22:09:44.021] STOP to_move 1 nodes_visited 476
[22:09:44.022] START to_move 2
[22:09:44.046] STOP to_move 2 nodes_visited 408
[22:09:44.047] START to_move 1
[22:09:44.062] STOP to_move 1 nodes_visited 265
[22:09:44.062] START to_move 2
[22:09:44.116] STOP to_move 2 nodes_visited 876
[22:09:44.117] START to_move 1
[22:09:44.132] STOP to_move 1 nodes_visited 267
[22:09:44.132] START to_move 2
[22:09:44.360] STOP to_move 2 nodes_visited 3680
[22:09:44.362] START to_move 1
[22:09:44.553] STOP to_move 1 nodes_visited 3055
[22:09:44.554] START to_move 2
[22:09:44.764] STOP to_move 2 nodes_visited 3391
[22:09:44.766] START to_move 1
[22:09:44.781] STOP to_move 1 nodes_visited 264
[22:09:44.781] START to_move 2
[22:09:45.012] STOP to_move 2 nodes_visited 3752
[22:09:45.015] START to_move 1
[22:09:45.153] STOP to_move 1 nodes_visited 2183
[22:09:45.154] START to_move 2
[22:09:45.345] STOP to_move 2 nodes_visited 3122
[22:09:45.347] START to_move 1
[22:09:45.362] STOP to_move 1 nodes_visited 262
[22:09:45.362] START to_move 2
[22:09:45.564] STOP to_move 2 nodes_visited 3279
[22:09:45.566] START to_move 1
[22:09:45.581] STOP to_move 1 nodes_visited 261
[22:09:45.581] START to_move 2
[22:09:45.751] STOP to_move 2 nodes_visited 2757
[22:09:45.753] START to_move 1
[22:09:45.767] STOP to_move 1 nodes_visited 258
[22:09:45.768] START to_move 2
[22:09:45.883] STOP to_move 2 nodes_visited 1898
[22:09:45.884] START to_move 1
[22:09:45.900] STOP to_move 1 nodes_visited 253
[22:09:45.900] START to_move 2
[22:09:46.130] STOP to_move 2 nodes_visited 3717
[22:09:46.132] START to_move 1
[22:09:46.146] STOP to_move 1 nodes_visited 253
[22:09:46.147] START to_move 2
[22:09:46.246] STOP to_move 2 nodes_visited 1610
[22:09:46.247] START to_move 1
[22:09:46.302] STOP to_move 1 nodes_visited 866
[22:09:46.302] START to_move 2
[22:09:46.379] STOP to_move 2 nodes_visited 1272
[22:09:46.380] START to_move 1
[22:09:46.394] STOP to_move 1 nodes_visited 251
[22:09:46.395] START to_move 2
[22:09:46.524] STOP to_move 2 nodes_visited 2083
[22:09:46.525] START to_move 1
[22:09:46.539] STOP to_move 1 nodes_visited 246
[22:09:46.540] START to_move 2
[22:09:46.646] STOP to_move 2 nodes_visited 1732
[22:09:46.647] START to_move 1
[22:09:46.662] STOP to_move 1 nodes_visited 245
[22:09:46.662] START to_move 2
[22:09:46.985] STOP to_move 2 nodes_visited 5042
[22:09:46.987] START to_move 1
[22:09:47.002] STOP to_move 1 nodes_visited 247
[22:09:47.002] START to_move 2
[22:09:47.107] STOP to_move 2 nodes_visited 1723
[22:09:47.108] START to_move 1
[22:09:47.123] STOP to_move 1 nodes_visited 249
[22:09:47.123] START to_move 2
[22:09:47.229] STOP to_move 2 nodes_visited 1730
[22:09:47.230] START to_move 1
[22:09:47.255] STOP to_move 1 nodes_visited 389
[22:09:47.256] START to_move 2
[22:09:47.476] STOP to_move 2 nodes_visited 3574
[22:09:47.478] START to_move 1
[22:09:47.502] STOP to_move 1 nodes_visited 392
[22:09:47.502] START to_move 2
[22:09:47.554] STOP to_move 2 nodes_visited 843
[22:09:47.555] START to_move 1
[22:09:47.578] STOP to_move 1 nodes_visited 391
[22:09:47.579] START to_move 2
[22:09:47.630] STOP to_move 2 nodes_visited 855
[22:09:47.630] START to_move 1
[22:09:47.654] STOP to_move 1 nodes_visited 389
[22:09:47.655] START to_move 2
[22:09:47.758] STOP to_move 2 nodes_visited 1703
[22:09:47.759] START to_move 1
[22:09:47.784] STOP to_move 1 nodes_visited 388
[22:09:47.784] START to_move 2
[22:09:47.888] STOP to_move 2 nodes_visited 1698
[22:09:47.888] START to_move 1
[22:09:47.912] STOP to_move 1 nodes_visited 384
[22:09:47.912] START to_move 2
[22:09:48.016] STOP to_move 2 nodes_visited 1709
[22:09:48.017] START to_move 1
[22:09:48.298] STOP to_move 1 nodes_visited 4368
[22:09:48.301] START to_move 2
[22:09:48.476] STOP to_move 2 nodes_visited 2852
[22:09:48.478] START to_move 1
[22:09:48.539] STOP to_move 1 nodes_visited 981
[22:09:48.540] START to_move 2
[22:09:48.655] STOP to_move 2 nodes_visited 1811
[22:09:48.656] START to_move 1
[22:09:48.679] STOP to_move 1 nodes_visited 383
[22:09:48.680] START to_move 2
[22:09:48.812] STOP to_move 2 nodes_visited 2164
[22:09:48.813] START to_move 1
[22:09:48.836] STOP to_move 1 nodes_visited 382
[22:09:48.837] START to_move 2
[22:09:48.925] STOP to_move 2 nodes_visited 1417
[22:09:48.926] START to_move 1
[22:09:48.949] STOP to_move 1 nodes_visited 382
[22:09:48.950] START to_move 2
[22:09:49.222] STOP to_move 2 nodes_visited 4252
[22:09:49.224] START to_move 1
[22:09:49.418] STOP to_move 1 nodes_visited 2998
[22:09:49.419] START to_move 2
[22:09:49.501] STOP to_move 2 nodes_visited 1345
[22:09:49.502] START to_move 1
[22:09:49.524] STOP to_move 1 nodes_visited 372
[22:09:49.524] START to_move 2
[22:09:49.608] STOP to_move 2 nodes_visited 1388
[22:09:49.609] START to_move 1
[22:09:49.630] STOP to_move 1 nodes_visited 363
[22:09:49.631] START to_move 2
[22:09:49.811] STOP to_move 2 nodes_visited 2885
[22:09:49.813] START to_move 1
[22:09:50.050] STOP to_move 1 nodes_visited 3660
[22:09:50.052] START to_move 2
[22:09:50.147] STOP to_move 2 nodes_visited 1552
[22:09:50.148] START to_move 1
[22:09:50.207] STOP to_move 1 nodes_visited 912
[22:09:50.208] START to_move 2
[22:09:50.277] STOP to_move 2 nodes_visited 1152
[22:09:50.278] START to_move 1
[22:09:50.301] STOP to_move 1 nodes_visited 374
[22:09:50.301] START to_move 2
[22:09:50.399] STOP to_move 2 nodes_visited 1609
[22:09:50.399] START to_move 1
[22:09:50.422] STOP to_move 1 nodes_visited 373
[22:09:50.422] START to_move 2
[22:09:50.496] STOP to_move 2 nodes_visited 1187
[22:09:50.497] START to_move 1
[22:09:50.549] STOP to_move 1 nodes_visited 837
[22:09:50.549] START to_move 2
[22:09:50.632] STOP to_move 2 nodes_visited 1354
[22:09:50.632] START to_move 1
[22:09:50.686] STOP to_move 1 nodes_visited 866
[22:09:50.687] START to_move 2
[22:09:50.772] STOP to_move 2 nodes_visited 1348
[22:09:50.772] START to_move 1
[22:09:50.824] STOP to_move 1 nodes_visited 825
[22:09:50.824] START to_move 2
[22:09:50.854] STOP to_move 2 nodes_visited 493
[22:09:50.854] START to_move 1
[22:09:50.918] STOP to_move 1 nodes_visited 1010
[22:09:50.918] START to_move 2
[22:09:51.007] STOP to_move 2 nodes_visited 1449
[22:09:51.007] START to_move 1
[22:09:51.072] STOP to_move 1 nodes_visited 1014
[22:09:51.073] START to_move 2
[22:09:51.162] STOP to_move 2 nodes_visited 1456
[22:09:51.163] START to_move 1
[22:09:51.225] STOP to_move 1 nodes_visited 984
[22:09:51.225] START to_move 2
[22:09:51.353] STOP to_move 2 nodes_visited 2035
[22:09:51.354] START to_move 1
[22:09:51.415] STOP to_move 1 nodes_visited 965
[22:09:51.415] START to_move 2
[22:09:51.508] STOP to_move 2 nodes_visited 1520
[22:09:51.509] START to_move 1
[22:09:51.570] STOP to_move 1 nodes_visited 978
[22:09:51.571] START to_move 2
[22:09:51.660] STOP to_move 2 nodes_visited 1427
[22:09:51.661] START to_move 1
[22:09:51.719] STOP to_move 1 nodes_visited 926
[22:09:51.720] START to_move 2
[22:09:51.815] STOP to_move 2 nodes_visited 1512
[22:09:51.815] START to_move 1
[22:09:51.870] STOP to_move 1 nodes_visited 879
[22:09:51.871] START to_move 2
[22:09:51.959] STOP to_move 2 nodes_visited 1409
[22:09:51.960] START to_move 1
[22:09:51.982] STOP to_move 1 nodes_visited 367
[22:09:51.983] START to_move 2
[22:09:52.053] STOP to_move 2 nodes_visited 1150
[22:09:52.054] START to_move 1
[22:09:52.077] STOP to_move 1 nodes_visited 372
[22:09:52.077] START to_move 2
[22:09:52.184] STOP to_move 2 nodes_visited 1711
[22:09:52.185] START to_move 1
[22:09:52.208] STOP to_move 1 nodes_visited 375
[22:09:52.208] START to_move 2
[22:09:52.474] STOP to_move 2 nodes_visited 4118
[22:09:52.477] START to_move 1
[22:09:52.499] STOP to_move 1 nodes_visited 365
[22:09:52.499] START to_move 2
[22:09:52.610] STOP to_move 2 nodes_visited 1821
[22:09:52.611] START to_move 1
[22:09:52.633] STOP to_move 1 nodes_visited 363
[22:09:52.633] START to_move 2
[22:09:52.748] STOP to_move 2 nodes_visited 1829
[22:09:52.749] START to_move 1
[22:09:52.771] STOP to_move 1 nodes_visited 363
[22:09:52.772] START to_move 2
[22:09:52.895] STOP to_move 2 nodes_visited 1964
[22:09:52.896] START to_move 1
[22:09:52.918] STOP to_move 1 nodes_visited 366
[22:09:52.918] START to_move 2
[22:09:53.026] STOP to_move 2 nodes_visited 1699
[22:09:53.026] START to_move 1
[22:09:53.049] STOP to_move 1 nodes_visited 373
[22:09:53.049] START to_move 2
[22:09:53.180] STOP to_move 2 nodes_visited 2117
[22:09:53.181] START to_move 1
[22:09:53.204] STOP to_move 1 nodes_visited 373
[22:09:53.205] START to_move 2
[22:09:53.294] STOP to_move 2 nodes_visited 1429
[22:09:53.295] START to_move 1
[22:09:53.324] STOP to_move 1 nodes_visited 494
[22:09:53.325] START to_move 2
[22:09:53.441] STOP to_move 2 nodes_visited 1913
[22:09:53.442] START to_move 1
[22:09:53.465] STOP to_move 1 nodes_visited 380
[22:09:53.466] START to_move 2
[22:09:53.568] STOP to_move 2 nodes_visited 1654
[22:09:53.569] START to_move 1
[22:09:53.591] STOP to_move 1 nodes_visited 381
[22:09:53.592] START to_move 2
[22:09:53.701] STOP to_move 2 nodes_visited 1799
[22:09:53.702] START to_move 1
[22:09:53.725] STOP to_move 1 nodes_visited 377
[22:09:53.725] START to_move 2
[22:09:53.833] STOP to_move 2 nodes_visited 1727
[22:09:53.834] START to_move 1
[22:09:53.856] STOP to_move 1 nodes_visited 374
[22:09:53.856] START to_move 2
[22:09:53.964] STOP to_move 2 nodes_visited 1765
[22:09:53.965] START to_move 1
[22:09:54.028] STOP to_move 1 nodes_visited 988
[22:09:54.028] START to_move 2
[22:09:54.123] STOP to_move 2 nodes_visited 1507
[22:09:54.124] START to_move 1
[22:09:54.146] STOP to_move 1 nodes_visited 367
[22:09:54.147] START to_move 2
[22:09:54.254] STOP to_move 2 nodes_visited 1765
[22:09:54.255] START to_move 1
[22:09:54.381] STOP to_move 1 nodes_visited 1890
[22:09:54.382] START to_move 2
[22:09:54.483] STOP to_move 2 nodes_visited 1636
[22:09:54.484] START to_move 1
[22:09:54.506] STOP to_move 1 nodes_visited 359
[22:09:54.506] START to_move 2
[22:09:54.627] STOP to_move 2 nodes_visited 1921
[22:09:54.628] START to_move 1
[22:09:54.671] STOP to_move 1 nodes_visited 684
[22:09:54.671] START to_move 2
[22:09:54.778] STOP to_move 2 nodes_visited 1745
[22:09:54.779] START to_move 1
[22:09:54.807] STOP to_move 1 nodes_visited 437
[22:09:54.808] START to_move 2
[22:09:54.878] STOP to_move 2 nodes_visited 1160
[22:09:54.879] START to_move 1
[22:09:54.899] STOP to_move 1 nodes_visited 331
[22:09:54.899] START to_move 2
[22:09:55.006] STOP to_move 2 nodes_visited 1726
[22:09:55.006] START to_move 1
[22:09:55.026] STOP to_move 1 nodes_visited 333
[22:09:55.027] START to_move 2
[22:09:55.147] STOP to_move 2 nodes_visited 1981
[22:09:55.148] START to_move 1
[22:09:55.170] STOP to_move 1 nodes_visited 333
[22:09:55.170] START to_move 2
[22:09:55.407] STOP to_move 2 nodes_visited 3854
[22:09:55.409] START to_move 1
[22:09:55.431] STOP to_move 1 nodes_visited 333
[22:09:55.431] START to_move 2
[22:09:55.661] STOP to_move 2 nodes_visited 3760
[22:09:55.663] START to_move 1
[22:09:55.683] STOP to_move 1 nodes_visited 339
[22:09:55.684] START to_move 2
[22:09:55.915] STOP to_move 2 nodes_visited 3747
[22:09:55.917] START to_move 1
[22:09:55.942] STOP to_move 1 nodes_visited 411
[22:09:55.942] START to_move 2
[22:09:56.150] STOP to_move 2 nodes_visited 3366
[22:09:56.152] START to_move 1
[22:09:56.177] STOP to_move 1 nodes_visited 415
[22:09:56.178] START to_move 2
[22:09:56.426] STOP to_move 2 nodes_visited 4051
[22:09:56.428] START to_move 1
[22:09:56.454] STOP to_move 1 nodes_visited 419
[22:09:56.454] START to_move 2
[22:09:56.627] STOP to_move 2 nodes_visited 2816
[22:09:56.628] START to_move 1
[22:09:56.654] STOP to_move 1 nodes_visited 415
[22:09:56.654] START to_move 2
[22:09:56.831] STOP to_move 2 nodes_visited 2844
[22:09:56.832] START to_move 1
[22:09:56.936] STOP to_move 1 nodes_visited 1554
[22:09:56.937] START to_move 2
[22:09:57.019] STOP to_move 2 nodes_visited 1296
[22:09:57.020] START to_move 1
[22:09:57.043] STOP to_move 1 nodes_visited 383
[22:09:57.043] START to_move 2
[22:09:57.198] STOP to_move 2 nodes_visited 2529
[22:09:57.199] START to_move 1
[22:09:57.223] STOP to_move 1 nodes_visited 383
[22:09:57.223] START to_move 2
[22:09:57.323] STOP to_move 2 nodes_visited 1607
[22:09:57.324] START to_move 1
[22:09:57.372] STOP to_move 1 nodes_visited 774
[22:09:57.372] START to_move 2
[22:09:57.482] STOP to_move 2 nodes_visited 1806
[22:09:57.482] START to_move 1
[22:09:57.504] STOP to_move 1 nodes_visited 357
[22:09:57.505] START to_move 2
[22:09:57.616] STOP to_move 2 nodes_visited 1789
[22:09:57.617] START to_move 1
[22:09:57.638] STOP to_move 1 nodes_visited 353
[22:09:57.638] START to_move 2
[22:09:57.712] STOP to_move 2 nodes_visited 1220
[22:09:57.712] START to_move 1
[22:09:57.734] STOP to_move 1 nodes_visited 373
[22:09:57.735] START to_move 2
[22:09:57.816] STOP to_move 2 nodes_visited 1346
[22:09:57.817] START to_move 1
[22:09:57.845] STOP to_move 1 nodes_visited 410
[22:09:57.845] START to_move 2
[22:09:57.936] STOP to_move 2 nodes_visited 1493
[22:09:57.937] START to_move 1
[22:09:57.962] STOP to_move 1 nodes_visited 393
[22:09:57.963] START to_move 2
[22:09:58.045] STOP to_move 2 nodes_visited 1361
[22:09:58.046] START to_move 1
[22:09:58.065] STOP to_move 1 nodes_visited 318
[22:09:58.065] START to_move 2
[22:09:58.103] STOP to_move 2 nodes_visited 603
[22:09:58.103] START to_move 1
[22:09:58.116] STOP to_move 1 nodes_visited 229
[22:09:58.117] START to_move 2
[22:09:58.212] STOP to_move 2 nodes_visited 1569
[22:09:58.213] START to_move 1
[22:09:58.227] STOP to_move 1 nodes_visited 241
[22:09:58.227] START to_move 2
[22:09:58.320] STOP to_move 2 nodes_visited 1534
[22:09:58.321] START to_move 1
[22:09:58.334] STOP to_move 1 nodes_visited 223
[22:09:58.334] START to_move 2
[22:09:58.419] STOP to_move 2 nodes_visited 1378
[22:09:58.420] START to_move 1
[22:09:58.432] STOP to_move 1 nodes_visited 204
[22:09:58.432] START to_move 2
[22:09:58.496] STOP to_move 2 nodes_visited 1059
[22:09:58.497] START to_move 1
[22:09:58.509] STOP to_move 1 nodes_visited 204
[22:09:58.509] START to_move 2
[22:09:58.574] STOP to_move 2 nodes_visited 1076
[22:09:58.575] START to_move 1
[22:09:58.586] STOP to_move 1 nodes_visited 200
[22:09:58.587] START to_move 2
[22:09:58.663] STOP to_move 2 nodes_visited 1212
[22:09:58.663] START to_move 1
[22:09:58.693] STOP to_move 1 nodes_visited 477
[22:09:58.694] START to_move 2
[22:09:58.723] STOP to_move 2 nodes_visited 494
[22:09:58.723] START to_move 1
[22:09:58.755] STOP to_move 1 nodes_visited 480
[22:09:58.755] START to_move 2
[22:09:58.784] STOP to_move 2 nodes_visited 492
[22:09:58.784] START to_move 1
[22:09:58.796] STOP to_move 1 nodes_visited 206
[22:09:58.797] START to_move 2
[22:09:58.822] STOP to_move 2 nodes_visited 417
[22:09:58.822] START to_move 1
[22:09:58.834] STOP to_move 1 nodes_visited 202
[22:09:58.834] START to_move 2
[22:09:58.903] STOP to_move 2 nodes_visited 1130
[22:09:58.904] START to_move 1
[22:09:58.915] STOP to_move 1 nodes_visited 199
[22:09:58.916] START to_move 2
[22:09:58.977] STOP to_move 2 nodes_visited 989
[22:09:58.977] START to_move 1
[22:09:58.989] STOP to_move 1 nodes_visited 201
[22:09:58.989] START to_move 2
[22:09:59.047] STOP to_move 2 nodes_visited 948
[22:09:59.047] START to_move 1
[22:09:59.059] STOP to_move 1 nodes_visited 203
[22:09:59.059] START to_move 2
[22:09:59.117] STOP to_move 2 nodes_visited 954
[22:09:59.117] START to_move 1
[22:09:59.129] STOP to_move 1 nodes_visited 207
[22:09:59.129] START to_move 2
[22:09:59.195] STOP to_move 2 nodes_visited 1078
[22:09:59.195] START to_move 1
[22:09:59.206] STOP to_move 1 nodes_visited 190
[22:09:59.206] START to_move 2
[22:09:59.250] STOP to_move 2 nodes_visited 700
[22:09:59.250] START to_move 1
[22:09:59.263] STOP to_move 1 nodes_visited 209
[22:09:59.263] START to_move 2
[22:09:59.304] STOP to_move 2 nodes_visited 674
[22:09:59.304] START to_move 1
[22:09:59.315] STOP to_move 1 nodes_visited 183
[22:09:59.315] START to_move 2
[22:09:59.356] STOP to_move 2 nodes_visited 682
[22:09:59.357] START to_move 1
[22:09:59.368] STOP to_move 1 nodes_visited 189
[22:09:59.368] START to_move 2
[22:09:59.376] STOP to_move 2 nodes_visited 146
[22:09:59.376] START to_move 1
[22:09:59.393] STOP to_move 1 nodes_visited 285
[22:09:59.393] START to_move 2
[22:09:59.420] STOP to_move 2 nodes_visited 452
[22:09:59.421] START to_move 1
[22:09:59.431] STOP to_move 1 nodes_visited 187
[22:09:59.432] START to_move 2
[22:09:59.476] STOP to_move 2 nodes_visited 737
[22:09:59.476] START to_move 1
[22:09:59.487] STOP to_move 1 nodes_visited 187
[22:09:59.487] START to_move 2
[22:09:59.533] STOP to_move 2 nodes_visited 737
[22:09:59.533] START to_move 1
[22:09:59.543] STOP to_move 1 nodes_visited 175
[22:09:59.544] START to_move 2
[22:09:59.571] STOP to_move 2 nodes_visited 453
[22:09:59.572] START to_move 1
[22:09:59.580] STOP to_move 1 nodes_visited 147
[22:09:59.580] START to_move 2
[22:09:59.604] STOP to_move 2 nodes_visited 393
[22:09:59.604] START to_move 1
[22:09:59.612] STOP to_move 1 nodes_visited 144
[22:09:59.613] START to_move 2
[22:09:59.639] STOP to_move 2 nodes_visited 449
[22:09:59.640] START to_move 1
[22:09:59.647] STOP to_move 1 nodes_visited 124
[22:09:59.647] START to_move 2
[22:09:59.661] STOP to_move 2 nodes_visited 240
[22:09:59.661] START to_move 1
[22:09:59.669] STOP to_move 1 nodes_visited 128
[22:09:59.669] START to_move 2
[22:09:59.683] STOP to_move 2 nodes_visited 238
[22:09:59.683] START to_move 1
[22:09:59.691] STOP to_move 1 nodes_visited 128
[22:09:59.691] START to_move 2
[22:09:59.708] STOP to_move 2 nodes_visited 281
[22:09:59.708] START to_move 1
[22:09:59.717] STOP to_move 1 nodes_visited 155
[22:09:59.718] START to_move 2
[22:09:59.742] STOP to_move 2 nodes_visited 402
[22:09:59.742] START to_move 1
[22:09:59.750] STOP to_move 1 nodes_visited 124
[22:09:59.750] START to_move 2
[22:09:59.766] STOP to_move 2 nodes_visited 265
[22:09:59.766] START to_move 1
[22:09:59.775] STOP to_move 1 nodes_visited 151
[22:09:59.775] START to_move 2
[22:09:59.799] STOP to_move 2 nodes_visited 396
[22:09:59.799] START to_move 1
[22:09:59.806] STOP to_move 1 nodes_visited 126
[22:09:59.807] START to_move 2
[22:09:59.824] STOP to_move 2 nodes_visited 265
[22:09:59.824] START to_move 1
[22:09:59.833] STOP to_move 1 nodes_visited 151
[22:09:59.833] START to_move 2
[22:09:59.859] STOP to_move 2 nodes_visited 414
[22:09:59.859] START to_move 1
[22:09:59.866] STOP to_move 1 nodes_visited 128
[22:09:59.866] START to_move 2
[22:09:59.883] STOP to_move 2 nodes_visited 277
[22:09:59.883] START to_move 1
[22:09:59.892] STOP to_move 1 nodes_visited 150
[22:09:59.892] START to_move 2
[22:09:59.917] STOP to_move 2 nodes_visited 384
[22:09:59.917] START to_move 1
[22:09:59.924] STOP to_move 1 nodes_visited 120
[22:09:59.924] START to_move 2
[22:09:59.941] STOP to_move 2 nodes_visited 281
[22:09:59.941] START to_move 1
[22:09:59.950] STOP to_move 1 nodes_visited 141
[22:09:59.950] START to_move 2
[22:09:59.974] STOP to_move 2 nodes_visited 396
[22:09:59.974] START to_move 1
[22:09:59.982] STOP to_move 1 nodes_visited 129
[22:09:59.982] START to_move 2
[22:09:59.995] STOP to_move 2 nodes_visited 215
[22:09:59.996] START to_move 1
[22:10:00.004] STOP to_move 1 nodes_visited 144
[22:10:00.004] START to_move 2
[22:10:00.028] STOP to_move 2 nodes_visited 382
[22:10:00.028] START to_move 1
[22:10:00.035] STOP to_move 1 nodes_visited 124
[22:10:00.036] START to_move 2
[22:10:00.052] STOP to_move 2 nodes_visited 266
[22:10:00.052] START to_move 1
[22:10:00.065] STOP to_move 1 nodes_visited 211
[22:10:00.065] START to_move 2
[22:10:00.091] STOP to_move 2 nodes_visited 441
[22:10:00.091] START to_move 1
[22:10:00.099] STOP to_move 1 nodes_visited 130
[22:10:00.099] START to_move 2
[22:10:00.114] STOP to_move 2 nodes_visited 257
[22:10:00.115] START to_move 1
[22:10:00.127] STOP to_move 1 nodes_visited 217
[22:10:00.128] START to_move 2
[22:10:00.154] STOP to_move 2 nodes_visited 433
[22:10:00.155] START to_move 1
[22:10:00.166] STOP to_move 1 nodes_visited 199
[22:10:00.167] START to_move 2
[22:10:00.195] STOP to_move 2 nodes_visited 471
[22:10:00.195] START to_move 1
[22:10:00.204] STOP to_move 1 nodes_visited 151
[22:10:00.204] START to_move 2
[22:10:00.231] STOP to_move 2 nodes_visited 454
[22:10:00.232] START to_move 1
[22:10:00.239] STOP to_move 1 nodes_visited 133
[22:10:00.239] START to_move 2
[22:10:00.254] STOP to_move 2 nodes_visited 245
[22:10:00.254] START to_move 1
[22:10:00.263] STOP to_move 1 nodes_visited 145
[22:10:00.263] START to_move 2
[22:10:00.286] STOP to_move 2 nodes_visited 387
[22:10:00.286] START to_move 1
[22:10:00.294] STOP to_move 1 nodes_visited 125
[22:10:00.294] START to_move 2
[22:10:00.312] STOP to_move 2 nodes_visited 306
[22:10:00.312] START to_move 1
[22:10:00.320] STOP to_move 1 nodes_visited 137
[22:10:00.321] START to_move 2
[22:10:00.344] STOP to_move 2 nodes_visited 391
[22:10:00.344] START to_move 1
[22:10:00.354] STOP to_move 1 nodes_visited 158
[22:10:00.354] START to_move 2
[22:10:00.380] STOP to_move 2 nodes_visited 435
[22:10:00.381] START to_move 1
[22:10:00.389] STOP to_move 1 nodes_visited 142
[22:10:00.389] START to_move 2
[22:10:00.407] STOP to_move 2 nodes_visited 305
[22:10:00.407] START to_move 1
[22:10:00.415] STOP to_move 1 nodes_visited 125
[22:10:00.415] START to_move 2
[22:10:00.429] STOP to_move 2 nodes_visited 240
[22:10:00.429] START to_move 1
[22:10:00.437] STOP to_move 1 nodes_visited 141
[22:10:00.437] START to_move 2
[22:10:00.458] STOP to_move 2 nodes_visited 330
[22:10:00.459] START to_move 1
[22:10:00.469] STOP to_move 1 nodes_visited 170
[22:10:00.469] START to_move 2
[22:10:00.490] STOP to_move 2 nodes_visited 358
[22:10:00.490] START to_move 1
[22:10:00.498] STOP to_move 1 nodes_visited 141
[22:10:00.499] START to_move 2
[22:10:00.521] STOP to_move 2 nodes_visited 371
[22:10:00.521] START to_move 1
[22:10:00.530] STOP to_move 1 nodes_visited 143
[22:10:00.530] START to_move 2
[22:10:00.543] STOP to_move 2 nodes_visited 226
[22:10:00.543] START to_move 1
[22:10:00.551] STOP to_move 1 nodes_visited 136
[22:10:00.551] START to_move 2
[22:10:00.576] STOP to_move 2 nodes_visited 405
[22:10:00.576] START to_move 1
[22:10:00.584] STOP to_move 1 nodes_visited 129
[22:10:00.584] START to_move 2
[22:10:00.612] STOP to_move 2 nodes_visited 462
[22:10:00.613] START to_move 1
[22:10:00.620] STOP to_move 1 nodes_visited 127
[22:10:00.620] START to_move 2
[22:10:00.647] STOP to_move 2 nodes_visited 443
[22:10:00.648] START to_move 1
[22:10:00.656] STOP to_move 1 nodes_visited 143
[22:10:00.656] START to_move 2
[22:10:00.687] STOP to_move 2 nodes_visited 497
[22:10:00.687] START to_move 1
[22:10:00.694] STOP to_move 1 nodes_visited 127
[22:10:00.695] START to_move 2
[22:10:00.722] STOP to_move 2 nodes_visited 443
[22:10:00.722] START to_move 1
[22:10:00.731] STOP to_move 1 nodes_visited 143
[22:10:00.731] START to_move 2
[22:10:00.756] STOP to_move 2 nodes_visited 382
[22:10:00.756] START to_move 1
[22:10:00.763] STOP to_move 1 nodes_visited 129
[22:10:00.763] START to_move 2
[22:10:00.779] STOP to_move 2 nodes_visited 261
[22:10:00.780] START to_move 1
[22:10:00.786] STOP to_move 1 nodes_visited 105
[22:10:00.786] START to_move 2
[22:10:00.793] STOP to_move 2 nodes_visited 125
[22:10:00.793] START to_move 1
[22:10:00.800] STOP to_move 1 nodes_visited 112
[22:10:00.800] START to_move 2
[22:10:00.821] STOP to_move 2 nodes_visited 344
[22:10:00.821] START to_move 1
[22:10:00.827] STOP to_move 1 nodes_visited 103
[22:10:00.827] START to_move 2
[22:10:00.836] STOP to_move 2 nodes_visited 150
[22:10:00.836] START to_move 1
[22:10:00.843] STOP to_move 1 nodes_visited 112
[22:10:00.843] START to_move 2
[22:10:00.862] STOP to_move 2 nodes_visited 317
[22:10:00.862] START to_move 1
[22:10:00.868] STOP to_move 1 nodes_visited 103
[22:10:00.868] START to_move 2
[22:10:00.878] STOP to_move 2 nodes_visited 163
[22:10:00.878] START to_move 1
[22:10:00.884] STOP to_move 1 nodes_visited 107
[22:10:00.884] START to_move 2
[22:10:00.905] STOP to_move 2 nodes_visited 342
[22:10:00.905] START to_move 1
[22:10:00.911] STOP to_move 1 nodes_visited 103
[22:10:00.911] START to_move 2
[22:10:00.921] STOP to_move 2 nodes_visited 167
[22:10:00.921] START to_move 1
[22:10:00.927] STOP to_move 1 nodes_visited 105
[22:10:00.927] START to_move 2
[22:10:00.946] STOP to_move 2 nodes_visited 318
[22:10:00.946] START to_move 1
[22:10:00.952] STOP to_move 1 nodes_visited 97
[22:10:00.952] START to_move 2
[22:10:00.965] STOP to_move 2 nodes_visited 217
[22:10:00.965] START to_move 1
[22:10:00.971] STOP to_move 1 nodes_visited 99
[22:10:00.971] START to_move 2
[22:10:00.988] STOP to_move 2 nodes_visited 289
[22:10:00.988] START to_move 1
[22:10:00.994] STOP to_move 1 nodes_visited 89
[22:10:00.994] START to_move 2
[22:10:01.008] STOP to_move 2 nodes_visited 235
[22:10:01.008] START to_move 1
[22:10:01.014] STOP to_move 1 nodes_visited 99
[22:10:01.014] START to_move 2
[22:10:01.031] STOP to_move 2 nodes_visited 294
[22:10:01.031] START to_move 1
[22:10:01.036] STOP to_move 1 nodes_visited 93
[22:10:01.037] START to_move 2
[22:10:01.044] STOP to_move 2 nodes_visited 118
[22:10:01.044] START to_move 1
[22:10:01.049] STOP to_move 1 nodes_visited 90
[22:10:01.049] START to_move 2
[22:10:01.061] STOP to_move 2 nodes_visited 192
[22:10:01.061] START to_move 1
[22:10:01.066] STOP to_move 1 nodes_visited 85
[22:10:01.066] START to_move 2
[22:10:01.071] STOP to_move 2 nodes_visited 90
[22:10:01.071] START to_move 1
[22:10:01.078] STOP to_move 1 nodes_visited 88
[22:10:01.078] START to_move 2
[22:10:01.095] STOP to_move 2 nodes_visited 285
[22:10:01.095] START to_move 1
[22:10:01.100] STOP to_move 1 nodes_visited 75
[22:10:01.100] START to_move 2
[22:10:01.103] STOP to_move 2 nodes_visited 49
[22:10:01.103] START to_move 1
[22:10:01.107] STOP to_move 1 nodes_visited 69
[22:10:01.107] START to_move 2
[22:10:01.118] STOP to_move 2 nodes_visited 189
[22:10:01.118] START to_move 1
[22:10:01.123] STOP to_move 1 nodes_visited 78
[22:10:01.123] START to_move 2
[22:10:01.135] STOP to_move 2 nodes_visited 204
[22:10:01.135] START to_move 1
[22:10:01.139] STOP to_move 1 nodes_visited 71
[22:10:01.140] START to_move 2
[22:10:01.150] STOP to_move 2 nodes_visited 183
[22:10:01.150] START to_move 1
[22:10:01.155] STOP to_move 1 nodes_visited 76
[22:10:01.155] START to_move 2
[22:10:01.167] STOP to_move 2 nodes_visited 204
[22:10:01.167] START to_move 1
[22:10:01.172] STOP to_move 1 nodes_visited 74
[22:10:01.172] START to_move 2
[22:10:01.181] STOP to_move 2 nodes_visited 153
[22:10:01.181] START to_move 1
[22:10:01.184] STOP to_move 1 nodes_visited 61
[22:10:01.184] START to_move 2
[22:10:01.189] STOP to_move 2 nodes_visited 73
[22:10:01.189] START to_move 1
[22:10:01.193] STOP to_move 1 nodes_visited 67
[22:10:01.193] START to_move 2
[22:10:01.201] STOP to_move 2 nodes_visited 138
[22:10:01.201] START to_move 1
[22:10:01.205] STOP to_move 1 nodes_visited 61
[22:10:01.205] START to_move 2
[22:10:01.207] STOP to_move 2 nodes_visited 34
[22:10:01.207] START to_move 1
[22:10:01.210] STOP to_move 1 nodes_visited 48
[22:10:01.210] START to_move 2
[22:10:01.218] STOP to_move 2 nodes_visited 133
[22:10:01.218] START to_move 1
[22:10:01.221] STOP to_move 1 nodes_visited 53
[22:10:01.221] START to_move 2
[22:10:01.223] STOP to_move 2 nodes_visited 34
[22:10:01.223] START to_move 1
[22:10:01.226] STOP to_move 1 nodes_visited 48
[22:10:01.226] START to_move 2
[22:10:01.230] STOP to_move 2 nodes_visited 74
[22:10:01.230] START to_move 1
[22:10:01.233] STOP to_move 1 nodes_visited 41
[22:10:01.233] START to_move 2
[22:10:01.236] STOP to_move 2 nodes_visited 54
[22:10:01.236] START to_move 1
[22:10:01.238] STOP to_move 1 nodes_visited 45
[22:10:01.238] START to_move 2
[22:10:01.245] STOP to_move 2 nodes_visited 107
[22:10:01.245] START to_move 1
[22:10:01.249] STOP to_move 1 nodes_visited 73
[22:10:01.249] START to_move 2
[22:10:01.254] STOP to_move 2 nodes_visited 77
[22:10:01.254] START to_move 1
[22:10:01.257] STOP to_move 1 nodes_visited 45
[22:10:01.257] START to_move 2
[22:10:01.261] STOP to_move 2 nodes_visited 69
[22:10:01.261] START to_move 1
[22:10:01.263] STOP to_move 1 nodes_visited 31
[22:10:01.263] START to_move 2
[22:10:01.266] STOP to_move 2 nodes_visited 49
[22:10:01.266] START to_move 1
[22:10:01.268] STOP to_move 1 nodes_visited 33
[22:10:01.268] START to_move 2
[22:10:01.275] STOP to_move 2 nodes_visited 115
[22:10:01.275] START to_move 1
[22:10:01.277] STOP to_move 1 nodes_visited 41
[22:10:01.277] START to_move 2
[22:10:01.279] STOP to_move 2 nodes_visited 37
[22:10:01.279] START to_move 1
[22:10:01.281] STOP to_move 1 nodes_visited 33
[22:10:01.281] START to_move 2
[22:10:01.286] STOP to_move 2 nodes_visited 75
[22:10:01.286] START to_move 1
[22:10:01.288] STOP to_move 1 nodes_visited 41
[22:10:01.288] START to_move 2
[22:10:01.291] STOP to_move 2 nodes_visited 37
[22:10:01.291] START to_move 1
[22:10:01.293] STOP to_move 1 nodes_visited 33
[22:10:01.293] START to_move 2
[22:10:01.297] STOP to_move 2 nodes_visited 79
[22:10:01.297] START to_move 1
[22:10:01.300] STOP to_move 1 nodes_visited 39
[22:10:01.300] START to_move 2
[22:10:01.304] STOP to_move 2 nodes_visited 61
[22:10:01.304] START to_move 1
[22:10:01.306] STOP to_move 1 nodes_visited 35
[22:10:01.306] START to_move 2
[22:10:01.310] STOP to_move 2 nodes_visited 78
[22:10:01.310] START to_move 1
[22:10:01.313] STOP to_move 1 nodes_visited 41
[22:10:01.313] START to_move 2
[22:10:01.315] STOP to_move 2 nodes_visited 38
[22:10:01.315] START to_move 1
[22:10:01.317] STOP to_move 1 nodes_visited 34
[22:10:01.317] START to_move 2
[22:10:01.322] STOP to_move 2 nodes_visited 78
[22:10:01.322] START to_move 1
[22:10:01.325] STOP to_move 1 nodes_visited 43
[22:10:01.325] START to_move 2
[22:10:01.326] STOP to_move 2 nodes_visited 23
[22:10:01.326] START to_move 1
[22:10:01.328] STOP to_move 1 nodes_visited 25
[22:10:01.328] START to_move 2
[22:10:01.330] STOP to_move 2 nodes_visited 51
[22:10:01.331] START to_move 1
[22:10:01.332] STOP to_move 1 nodes_visited 23
[22:10:01.332] START to_move 2
[22:10:01.334] STOP to_move 2 nodes_visited 28
[22:10:01.334] START to_move 1
[22:10:01.335] STOP to_move 1 nodes_visited 25
[22:10:01.335] START to_move 2
[22:10:01.339] STOP to_move 2 nodes_visited 63
[22:10:01.339] START to_move 1
[22:10:01.341] STOP to_move 1 nodes_visited 36
[22:10:01.341] START to_move 2
[22:10:01.346] STOP to_move 2 nodes_visited 83
[22:10:01.346] START to_move 1
[22:10:01.348] STOP to_move 1 nodes_visited 33
[22:10:01.348] START to_move 2
[22:10:01.351] STOP to_move 2 nodes_visited 57
[22:10:01.351] START to_move 1
[22:10:01.353] STOP to_move 1 nodes_visited 30
[22:10:01.353] START to_move 2
[22:10:01.357] STOP to_move 2 nodes_visited 59
[22:10:01.357] START to_move 1
[22:10:01.359] STOP to_move 1 nodes_visited 27
[22:10:01.359] START to_move 2
[22:10:01.362] STOP to_move 2 nodes_visited 59
[22:10:01.362] START to_move 1
[22:10:01.365] STOP to_move 1 nodes_visited 41
[22:10:01.365] START to_move 2
[22:10:01.368] STOP to_move 2 nodes_visited 59
[22:10:01.368] START to_move 1
[22:10:01.370] STOP to_move 1 nodes_visited 33
[22:10:01.370] START to_move 2
[22:10:01.373] STOP to_move 2 nodes_visited 51
[22:10:01.373] START to_move 1
[22:10:01.376] STOP to_move 1 nodes_visited 41
[22:10:01.376] START to_move 2
[22:10:01.379] STOP to_move 2 nodes_visited 54
[22:10:01.379] START to_move 1
[22:10:01.381] STOP to_move 1 nodes_visited 28
[22:10:01.381] START to_move 2
[22:10:01.384] STOP to_move 2 nodes_visited 49
[22:10:01.384] START to_move 1
[22:10:01.386] STOP to_move 1 nodes_visited 40
[22:10:01.386] START to_move 2
[22:10:01.390] STOP to_move 2 nodes_visited 54
[22:10:01.390] START to_move 1
[22:10:01.392] STOP to_move 1 nodes_visited 32
[22:10:01.392] START to_move 2
[22:10:01.395] STOP to_move 2 nodes_visited 55
[22:10:01.395] START to_move 1
[22:10:01.398] STOP to_move 1 nodes_visited 40
[22:10:01.398] START to_move 2
[22:10:01.401] STOP to_move 2 nodes_visited 54
[22:10:01.401] START to_move 1
[22:10:01.403] STOP to_move 1 nodes_visited 32
[22:10:01.426] END winner 0 - rounds 427
