[22:24:20.227] 1 - distance_function chebyshev - pruning True
[22:24:20.227] 2 - distance_function euclides - pruning True
[22:24:20.228] START to_move 1
[22:24:20.330] STOP to_move 1 nodes_visited 1611
[22:24:20.331] START to_move 2
[22:24:20.623] STOP to_move 2 nodes_visited 4545
[22:24:20.627] START to_move 1
[22:24:20.737] STOP to_move 1 nodes_visited 1707
[22:24:20.738] START to_move 2
[22:24:20.847] STOP to_move 2 nodes_visited 1758
[22:24:20.847] START to_move 1
[22:24:20.914] STOP to_move 1 nodes_visited 1060
[22:24:20.915] START to_move 2
[22:24:21.091] STOP to_move 2 nodes_visited 2828
[22:24:21.092] START to_move 1
[22:24:21.158] STOP to_move 1 nodes_visited 1072
[22:24:21.159] START to_move 2
[22:24:21.318] STOP to_move 2 nodes_visited 2613
[22:24:21.320] START to_move 1
[22:24:21.387] STOP to_move 1 nodes_visited 1099
[22:24:21.388] START to_move 2
[22:24:21.580] STOP to_move 2 nodes_visited 3035
[22:24:21.582] START to_move 1
[22:24:21.648] STOP to_move 1 nodes_visited 1063
[22:24:21.648] START to_move 2
[22:24:21.728] STOP to_move 2 nodes_visited 1338
[22:24:21.729] START to_move 1
[22:24:21.796] STOP to_move 1 nodes_visited 1054
[22:24:21.796] START to_move 2
[22:24:21.849] STOP to_move 2 nodes_visited 898
[22:24:21.850] START to_move 1
[22:24:21.879] STOP to_move 1 nodes_visited 490
[22:24:21.880] START to_move 2
[22:24:21.959] STOP to_move 2 nodes_visited 1311
[22:24:21.959] START to_move 1
[22:24:21.988] STOP to_move 1 nodes_visited 484
[22:24:21.988] START to_move 2
[22:24:22.066] STOP to_move 2 nodes_visited 1255
[22:24:22.067] START to_move 1
[22:24:22.130] STOP to_move 1 nodes_visited 1029
[22:24:22.131] START to_move 2
[22:24:22.195] STOP to_move 2 nodes_visited 1066
[22:24:22.195] START to_move 1
[22:24:22.255] STOP to_move 1 nodes_visited 957
[22:24:22.255] START to_move 2
[22:24:22.365] STOP to_move 2 nodes_visited 1771
[22:24:22.366] START to_move 1
[22:24:22.425] STOP to_move 1 nodes_visited 960
[22:24:22.426] START to_move 2
[22:24:22.554] STOP to_move 2 nodes_visited 2131
[22:24:22.555] START to_move 1
[22:24:22.617] STOP to_move 1 nodes_visited 960
[22:24:22.618] START to_move 2
[22:24:22.662] STOP to_move 2 nodes_visited 751
[22:24:22.662] START to_move 1
[22:24:22.722] STOP to_move 1 nodes_visited 960
[22:24:22.722] START to_move 2
[22:24:22.766] STOP to_move 2 nodes_visited 748
[22:24:22.767] START to_move 1
[22:24:22.826] STOP to_move 1 nodes_visited 958
[22:24:22.827] START to_move 2
[22:24:22.898] STOP to_move 2 nodes_visited 1167
[22:24:22.899] START to_move 1
[22:24:22.940] STOP to_move 1 nodes_visited 668
[22:24:22.940] START to_move 2
[22:24:22.993] STOP to_move 2 nodes_visited 891
[22:24:22.994] START to_move 1
[22:24:23.038] STOP to_move 1 nodes_visited 712
[22:24:23.038] START to_move 2
[22:24:23.198] STOP to_move 2 nodes_visited 2627
[22:24:23.200] START to_move 1
[22:24:23.243] STOP to_move 1 nodes_visited 700
[22:24:23.244] START to_move 2
[22:24:23.420] STOP to_move 2 nodes_visited 2942
[22:24:23.422] START to_move 1
[22:24:23.467] STOP to_move 1 nodes_visited 710
[22:24:23.467] START to_move 2
[22:24:23.619] STOP to_move 2 nodes_visited 2521
[22:24:23.620] START to_move 1
[22:24:23.664] STOP to_move 1 nodes_visited 703
[22:24:23.664] START to_move 2
[22:24:23.841] STOP to_move 2 nodes_visited 2923
[22:24:23.842] START to_move 1
[22:24:23.886] STOP to_move 1 nodes_visited 700
[22:24:23.887] START to_move 2
[22:24:24.000] STOP to_move 2 nodes_visited 1852
[22:24:24.001] START to_move 1
[22:24:24.046] STOP to_move 1 nodes_visited 706
[22:24:24.046] START to_move 2
[22:24:24.171] STOP to_move 2 nodes_visited 2080
[22:24:24.173] START to_move 1
[22:24:24.215] STOP to_move 1 nodes_visited 690
[22:24:24.216] START to_move 2
[22:24:24.369] STOP to_move 2 nodes_visited 2525
[22:24:24.371] START to_move 1
[22:24:24.414] STOP to_move 1 nodes_visited 699
[22:24:24.414] START to_move 2
[22:24:24.665] STOP to_move 2 nodes_visited 4117
[22:24:24.667] START to_move 1
[22:24:24.716] STOP to_move 1 nodes_visited 783
[22:24:24.716] START to_move 2
[22:24:24.895] STOP to_move 2 nodes_visited 2953
[22:24:24.897] START to_move 1
[22:24:24.930] STOP to_move 1 nodes_visited 539
[22:24:24.930] START to_move 2
[22:24:24.968] STOP to_move 2 nodes_visited 645
[22:24:24.968] START to_move 1
[22:24:25.030] STOP to_move 1 nodes_visited 955
[22:24:25.030] START to_move 2
[22:24:25.211] STOP to_move 2 nodes_visited 3002
[22:24:25.213] START to_move 1
[22:24:25.240] STOP to_move 1 nodes_visited 444
[22:24:25.240] START to_move 2
[22:24:25.478] STOP to_move 2 nodes_visited 3915
[22:24:25.480] START to_move 1
[22:24:25.507] STOP to_move 1 nodes_visited 439
[22:24:25.508] START to_move 2
[22:24:25.744] STOP to_move 2 nodes_visited 3907
[22:24:25.747] START to_move 1
[22:24:25.773] STOP to_move 1 nodes_visited 443
[22:24:25.774] START to_move 2
[22:24:25.847] STOP to_move 2 nodes_visited 1203
[22:24:25.848] START to_move 1
[22:24:25.959] STOP to_move 1 nodes_visited 1788
[22:24:25.960] START to_move 2
[22:24:26.127] STOP to_move 2 nodes_visited 2720
[22:24:26.128] START to_move 1
[22:24:26.248] STOP to_move 1 nodes_visited 1929
[22:24:26.249] START to_move 2
[22:24:26.472] STOP to_move 2 nodes_visited 3666
[22:24:26.474] START to_move 1
[22:24:26.591] STOP to_move 1 nodes_visited 1884
[22:24:26.592] START to_move 2
[22:24:26.812] STOP to_move 2 nodes_visited 3624
[22:24:26.814] START to_move 1
[22:24:26.926] STOP to_move 1 nodes_visited 1771
[22:24:26.927] START to_move 2
[22:24:27.157] STOP to_move 2 nodes_visited 3681
[22:24:27.159] START to_move 1
[22:24:27.218] STOP to_move 1 nodes_visited 959
[22:24:27.219] START to_move 2
[22:24:27.323] STOP to_move 2 nodes_visited 1733
[22:24:27.324] START to_move 1
[22:24:27.374] STOP to_move 1 nodes_visited 821
[22:24:27.375] START to_move 2
[22:24:27.630] STOP to_move 2 nodes_visited 4155
[22:24:27.632] START to_move 1
[22:24:27.724] STOP to_move 1 nodes_visited 1453
[22:24:27.725] START to_move 2
[22:24:27.953] STOP to_move 2 nodes_visited 3704
[22:24:27.955] START to_move 1
[22:24:27.980] STOP to_move 1 nodes_visited 417
[22:24:27.981] START to_move 2
[22:24:28.235] STOP to_move 2 nodes_visited 4133
[22:24:28.237] START to_move 1
[22:24:28.262] STOP to_move 1 nodes_visited 422
[22:24:28.262] START to_move 2
[22:24:28.516] STOP to_move 2 nodes_visited 4148
[22:24:28.519] START to_move 1
[22:24:28.545] STOP to_move 1 nodes_visited 422
[22:24:28.545] START to_move 2
[22:24:28.798] STOP to_move 2 nodes_visited 4147
[22:24:28.801] START to_move 1
[22:24:28.886] STOP to_move 1 nodes_visited 1379
[22:24:28.887] START to_move 2
[22:24:29.143] STOP to_move 2 nodes_visited 4215
[22:24:29.146] START to_move 1
[22:24:29.171] STOP to_move 1 nodes_visited 422
[22:24:29.171] START to_move 2
[22:24:29.428] STOP to_move 2 nodes_visited 4226
[22:24:29.431] START to_move 1
[22:24:29.601] STOP to_move 1 nodes_visited 2672
[22:24:29.602] START to_move 2
[22:24:29.838] STOP to_move 2 nodes_visited 3871
[22:24:29.841] START to_move 1
[22:24:29.947] STOP to_move 1 nodes_visited 1715
[22:24:29.948] START to_move 2
[22:24:30.081] STOP to_move 2 nodes_visited 2077
[22:24:30.082] START to_move 1
[22:24:30.137] STOP to_move 1 nodes_visited 895
[22:24:30.138] START to_move 2
[22:24:30.230] STOP to_move 2 nodes_visited 1543
[22:24:30.231] START to_move 1
[22:24:30.360] STOP to_move 1 nodes_visited 2032
[22:24:30.361] START to_move 2
[22:24:30.595] STOP to_move 2 nodes_visited 3809
[22:24:30.597] START to_move 1
[22:24:30.621] STOP to_move 1 nodes_visited 400
[22:24:30.621] START to_move 2
[22:24:30.855] STOP to_move 2 nodes_visited 3805
[22:24:30.857] START to_move 1
[22:24:30.881] STOP to_move 1 nodes_visited 398
[22:24:30.881] START to_move 2
[22:24:31.009] STOP to_move 2 nodes_visited 2133
[22:24:31.010] START to_move 1
[22:24:31.034] STOP to_move 1 nodes_visited 390
[22:24:31.034] START to_move 2
[22:24:31.166] STOP to_move 2 nodes_visited 2186
[22:24:31.167] START to_move 1
[22:24:31.191] STOP to_move 1 nodes_visited 388
[22:24:31.191] START to_move 2
[22:24:31.250] STOP to_move 2 nodes_visited 993
[22:24:31.250] START to_move 1
[22:24:31.273] STOP to_move 1 nodes_visited 384
[22:24:31.274] START to_move 2
[22:24:31.335] STOP to_move 2 nodes_visited 1004
[22:24:31.336] START to_move 1
[22:24:31.360] STOP to_move 1 nodes_visited 391
[22:24:31.360] START to_move 2
[22:24:31.422] STOP to_move 2 nodes_visited 1036
[22:24:31.422] START to_move 1
[22:24:31.445] STOP to_move 1 nodes_visited 382
[22:24:31.446] START to_move 2
[22:24:31.498] STOP to_move 2 nodes_visited 894
[22:24:31.499] START to_move 1
[22:24:31.522] STOP to_move 1 nodes_visited 378
[22:24:31.522] START to_move 2
[22:24:31.578] STOP to_move 2 nodes_visited 935
[22:24:31.578] START to_move 1
[22:24:31.602] STOP to_move 1 nodes_visited 375
[22:24:31.602] START to_move 2
[22:24:31.785] STOP to_move 2 nodes_visited 3015
[22:24:31.786] START to_move 1
[22:24:31.811] STOP to_move 1 nodes_visited 415
[22:24:31.812] START to_move 2
[22:24:32.013] STOP to_move 2 nodes_visited 3320
[22:24:32.016] START to_move 1
[22:24:32.041] STOP to_move 1 nodes_visited 415
[22:24:32.041] START to_move 2
[22:24:32.243] STOP to_move 2 nodes_visited 3320
[22:24:32.245] START to_move 1
[22:24:32.269] STOP to_move 1 nodes_visited 407
[22:24:32.270] START to_move 2
[22:24:32.466] STOP to_move 2 nodes_visited 3205
[22:24:32.468] START to_move 1
[22:24:32.488] STOP to_move 1 nodes_visited 340
[22:24:32.488] START to_move 2
[22:24:32.684] STOP to_move 2 nodes_visited 3205
[22:24:32.686] START to_move 1
[22:24:32.706] STOP to_move 1 nodes_visited 338
[22:24:32.706] START to_move 2
[22:24:32.903] STOP to_move 2 nodes_visited 3205
[22:24:32.905] START to_move 1
[22:24:32.925] STOP to_move 1 nodes_visited 336
[22:24:32.925] START to_move 2
[22:24:33.120] STOP to_move 2 nodes_visited 3223
[22:24:33.121] START to_move 1
[22:24:33.146] STOP to_move 1 nodes_visited 399
[22:24:33.146] START to_move 2
[22:24:33.337] STOP to_move 2 nodes_visited 3152
[22:24:33.339] START to_move 1
[22:24:33.371] STOP to_move 1 nodes_visited 520
[22:24:33.372] START to_move 2
[22:24:33.578] STOP to_move 2 nodes_visited 3398
[22:24:33.579] START to_move 1
[22:24:33.706] STOP to_move 1 nodes_visited 1916
[22:24:33.707] START to_move 2
[22:24:33.753] STOP to_move 2 nodes_visited 774
[22:24:33.753] START to_move 1
[22:24:33.787] STOP to_move 1 nodes_visited 544
[22:24:33.787] START to_move 2
[22:24:33.825] STOP to_move 2 nodes_visited 644
[22:24:33.826] START to_move 1
[22:24:33.854] STOP to_move 1 nodes_visited 460
[22:24:33.854] START to_move 2
[22:24:33.885] STOP to_move 2 nodes_visited 523
[22:24:33.885] START to_move 1
[22:24:33.916] STOP to_move 1 nodes_visited 492
[22:24:33.916] START to_move 2
[22:24:33.954] STOP to_move 2 nodes_visited 639
[22:24:33.954] START to_move 1
[22:24:33.977] STOP to_move 1 nodes_visited 355
[22:24:33.978] START to_move 2
[22:24:34.020] STOP to_move 2 nodes_visited 714
[22:24:34.021] START to_move 1
[22:24:34.042] STOP to_move 1 nodes_visited 355
[22:24:34.043] START to_move 2
[22:24:34.139] STOP to_move 2 nodes_visited 1609
[22:24:34.140] START to_move 1
[22:24:34.160] STOP to_move 1 nodes_visited 329
[22:24:34.160] START to_move 2
[22:24:34.235] STOP to_move 2 nodes_visited 1208
[22:24:34.236] START to_move 1
[22:24:34.256] STOP to_move 1 nodes_visited 332
[22:24:34.256] START to_move 2
[22:24:34.354] STOP to_move 2 nodes_visited 1630
[22:24:34.355] START to_move 1
[22:24:34.374] STOP to_move 1 nodes_visited 319
[22:24:34.374] START to_move 2
[22:24:34.471] STOP to_move 2 nodes_visited 1599
[22:24:34.472] START to_move 1
[22:24:34.491] STOP to_move 1 nodes_visited 319
[22:24:34.491] START to_move 2
[22:24:34.539] STOP to_move 2 nodes_visited 775
[22:24:34.539] START to_move 1
[22:24:34.558] STOP to_move 1 nodes_visited 307
[22:24:34.558] START to_move 2
[22:24:34.602] STOP to_move 2 nodes_visited 736
[22:24:34.602] START to_move 1
[22:24:34.620] STOP to_move 1 nodes_visited 296
[22:24:34.620] START to_move 2
[22:24:34.659] STOP to_move 2 nodes_visited 650
[22:24:34.659] START to_move 1
[22:24:34.677] STOP to_move 1 nodes_visited 296
[22:24:34.677] START to_move 2
[22:24:34.726] STOP to_move 2 nodes_visited 826
[22:24:34.727] START to_move 1
[22:24:34.744] STOP to_move 1 nodes_visited 296
[22:24:34.745] START to_move 2
[22:24:34.777] STOP to_move 2 nodes_visited 553
[22:24:34.777] START to_move 1
[22:24:34.797] STOP to_move 1 nodes_visited 299
[22:24:34.797] START to_move 2
[22:24:34.826] STOP to_move 2 nodes_visited 496
[22:24:34.826] START to_move 1
[22:24:34.850] STOP to_move 1 nodes_visited 384
[22:24:34.850] START to_move 2
[22:24:34.876] STOP to_move 2 nodes_visited 437
[22:24:34.876] START to_move 1
[22:24:34.895] STOP to_move 1 nodes_visited 308
[22:24:34.895] START to_move 2
[22:24:34.934] STOP to_move 2 nodes_visited 648
[22:24:34.934] START to_move 1
[22:24:34.952] STOP to_move 1 nodes_visited 307
[22:24:34.953] START to_move 2
[22:24:35.041] STOP to_move 2 nodes_visited 1468
[22:24:35.041] START to_move 1
[22:24:35.058] STOP to_move 1 nodes_visited 288
[22:24:35.059] START to_move 2
[22:24:35.144] STOP to_move 2 nodes_visited 1400
[22:24:35.145] START to_move 1
[22:24:35.159] STOP to_move 1 nodes_visited 237
[22:24:35.159] START to_move 2
[22:24:35.229] STOP to_move 2 nodes_visited 1166
[22:24:35.229] START to_move 1
[22:24:35.250] STOP to_move 1 nodes_visited 311
[22:24:35.250] START to_move 2
[22:24:35.319] STOP to_move 2 nodes_visited 1146
[22:24:35.319] START to_move 1
[22:24:35.340] STOP to_move 1 nodes_visited 319
[22:24:35.340] START to_move 2
[22:24:35.406] STOP to_move 2 nodes_visited 1085
[22:24:35.407] START to_move 1
[22:24:35.428] STOP to_move 1 nodes_visited 316
[22:24:35.428] START to_move 2
[22:24:35.491] STOP to_move 2 nodes_visited 1056
[22:24:35.492] START to_move 1
[22:24:35.512] STOP to_move 1 nodes_visited 311
[22:24:35.512] START to_move 2
[22:24:35.576] STOP to_move 2 nodes_visited 1057
[22:24:35.577] START to_move 1
[22:24:35.604] STOP to_move 1 nodes_visited 431
[22:24:35.604] START to_move 2
[22:24:35.654] STOP to_move 2 nodes_visited 809
[22:24:35.654] START to_move 1
[22:24:35.683] STOP to_move 1 nodes_visited 469
[22:24:35.683] START to_move 2
[22:24:35.743] STOP to_move 2 nodes_visited 979
[22:24:35.743] START to_move 1
[22:24:35.755] STOP to_move 1 nodes_visited 207
[22:24:35.756] START to_move 2
[22:24:35.812] STOP to_move 2 nodes_visited 928
[22:24:35.812] START to_move 1
[22:24:35.825] STOP to_move 1 nodes_visited 209
[22:24:35.825] START to_move 2
[22:24:35.859] STOP to_move 2 nodes_visited 584
[22:24:35.859] START to_move 1
[22:24:35.872] STOP to_move 1 nodes_visited 205
[22:24:35.872] START to_move 2
[22:24:35.913] STOP to_move 2 nodes_visited 698
[22:24:35.914] START to_move 1
[22:24:35.927] STOP to_move 1 nodes_visited 211
[22:24:35.928] START to_move 2
[22:24:35.965] STOP to_move 2 nodes_visited 639
[22:24:35.966] START to_move 1
[22:24:35.977] STOP to_move 1 nodes_visited 186
[22:24:35.977] START to_move 2
[22:24:36.015] STOP to_move 2 nodes_visited 633
[22:24:36.015] START to_move 1
[22:24:36.026] STOP to_move 1 nodes_visited 177
[22:24:36.026] START to_move 2
[22:24:36.068] STOP to_move 2 nodes_visited 689
[22:24:36.068] START to_move 1
[22:24:36.078] STOP to_move 1 nodes_visited 174
[22:24:36.079] START to_move 2
[22:24:36.115] STOP to_move 2 nodes_visited 601
[22:24:36.115] START to_move 1
[22:24:36.125] STOP to_move 1 nodes_visited 167
[22:24:36.125] START to_move 2
[22:24:36.160] STOP to_move 2 nodes_visited 570
[22:24:36.160] START to_move 1
[22:24:36.171] STOP to_move 1 nodes_visited 176
[22:24:36.171] START to_move 2
[22:24:36.196] STOP to_move 2 nodes_visited 415
[22:24:36.196] START to_move 1
[22:24:36.207] STOP to_move 1 nodes_visited 186
[22:24:36.207] START to_move 2
[22:24:36.230] STOP to_move 2 nodes_visited 347
[22:24:36.230] START to_move 1
[22:24:36.239] STOP to_move 1 nodes_visited 150
[22:24:36.239] START to_move 2
[22:24:36.264] STOP to_move 2 nodes_visited 426
[22:24:36.264] START to_move 1
[22:24:36.273] STOP to_move 1 nodes_visited 150
[22:24:36.274] START to_move 2
[22:24:36.302] STOP to_move 2 nodes_visited 475
[22:24:36.302] START to_move 1
[22:24:36.311] STOP to_move 1 nodes_visited 150
[22:24:36.311] START to_move 2
[22:24:36.358] STOP to_move 2 nodes_visited 765
[22:24:36.358] START to_move 1
[22:24:36.367] STOP to_move 1 nodes_visited 151
[22:24:36.367] START to_move 2
[22:24:36.395] STOP to_move 2 nodes_visited 469
[22:24:36.395] START to_move 1
[22:24:36.404] STOP to_move 1 nodes_visited 144
[22:24:36.404] START to_move 2
[22:24:36.431] STOP to_move 2 nodes_visited 452
[22:24:36.432] START to_move 1
[22:24:36.440] STOP to_move 1 nodes_visited 143
[22:24:36.440] START to_move 2
[22:24:36.470] STOP to_move 2 nodes_visited 504
[22:24:36.471] START to_move 1
[22:24:36.479] STOP to_move 1 nodes_visited 143
[22:24:36.479] START to_move 2
[22:24:36.509] STOP to_move 2 nodes_visited 490
[22:24:36.509] START to_move 1
[22:24:36.519] STOP to_move 1 nodes_visited 145
[22:24:36.519] START to_move 2
[22:24:36.550] STOP to_move 2 nodes_visited 506
[22:24:36.550] START to_move 1
[22:24:36.558] STOP to_move 1 nodes_visited 145
[22:24:36.558] START to_move 2
[22:24:36.588] STOP to_move 2 nodes_visited 490
[22:24:36.588] START to_move 1
[22:24:36.597] STOP to_move 1 nodes_visited 145
[22:24:36.597] START to_move 2
[22:24:36.611] STOP to_move 2 nodes_visited 237
[22:24:36.611] START to_move 1
[22:24:36.618] STOP to_move 1 nodes_visited 122
[22:24:36.618] START to_move 2
[22:24:36.638] STOP to_move 2 nodes_visited 341
[22:24:36.638] START to_move 1
[22:24:36.645] STOP to_move 1 nodes_visited 122
[22:24:36.645] START to_move 2
[22:24:36.648] STOP to_move 2 nodes_visited 53
[22:24:36.648] START to_move 1
[22:24:36.659] STOP to_move 1 nodes_visited 187
[22:24:36.660] START to_move 2
[22:24:36.663] STOP to_move 2 nodes_visited 55
[22:24:36.663] START to_move 1
[22:24:36.680] STOP to_move 1 nodes_visited 277
[22:24:36.680] START to_move 2
[22:24:36.683] STOP to_move 2 nodes_visited 63
[22:24:36.683] START to_move 1
[22:24:36.694] STOP to_move 1 nodes_visited 183
[22:24:36.694] START to_move 2
[22:24:36.697] STOP to_move 2 nodes_visited 55
[22:24:36.697] START to_move 1
[22:24:36.705] STOP to_move 1 nodes_visited 129
[22:24:36.705] START to_move 2
[22:24:36.708] STOP to_move 2 nodes_visited 53
[22:24:36.708] START to_move 1
[22:24:36.716] STOP to_move 1 nodes_visited 146
[22:24:36.716] START to_move 2
[22:24:36.721] STOP to_move 2 nodes_visited 84
[22:24:36.721] START to_move 1
[22:24:36.731] STOP to_move 1 nodes_visited 151
[22:24:36.731] START to_move 2
[22:24:36.740] STOP to_move 2 nodes_visited 150
[22:24:36.740] START to_move 1
[22:24:36.746] STOP to_move 1 nodes_visited 113
[22:24:36.747] START to_move 2
[22:24:36.752] STOP to_move 2 nodes_visited 91
[22:24:36.752] START to_move 1
[22:24:36.759] STOP to_move 1 nodes_visited 113
[22:24:36.759] START to_move 2
[22:24:36.770] STOP to_move 2 nodes_visited 186
[22:24:36.770] START to_move 1
[22:24:36.777] STOP to_move 1 nodes_visited 118
[22:24:36.777] START to_move 2
[22:24:36.785] STOP to_move 2 nodes_visited 129
[22:24:36.785] START to_move 1
[22:24:36.791] STOP to_move 1 nodes_visited 102
[22:24:36.791] START to_move 2
[22:24:36.795] STOP to_move 2 nodes_visited 67
[22:24:36.795] START to_move 1
[22:24:36.801] STOP to_move 1 nodes_visited 89
[22:24:36.801] START to_move 2
[22:24:36.807] STOP to_move 2 nodes_visited 110
[22:24:36.807] START to_move 1
[22:24:36.813] STOP to_move 1 nodes_visited 88
[22:24:36.813] START to_move 2
[22:24:36.820] STOP to_move 2 nodes_visited 121
[22:24:36.820] START to_move 1
[22:24:36.825] STOP to_move 1 nodes_visited 92
[22:24:36.825] START to_move 2
[22:24:36.834] STOP to_move 2 nodes_visited 118
[22:24:36.834] START to_move 1
[22:24:36.840] STOP to_move 1 nodes_visited 110
[22:24:36.840] START to_move 2
[22:24:36.847] STOP to_move 2 nodes_visited 123
[22:24:36.847] START to_move 1
[22:24:36.853] STOP to_move 1 nodes_visited 96
[22:24:36.853] START to_move 2
[22:24:36.860] STOP to_move 2 nodes_visited 116
[22:24:36.860] START to_move 1
[22:24:36.866] STOP to_move 1 nodes_visited 107
[22:24:36.866] START to_move 2
[22:24:36.885] STOP to_move 2 nodes_visited 309
[22:24:36.885] START to_move 1
[22:24:36.890] STOP to_move 1 nodes_visited 87
[22:24:36.890] START to_move 2
[22:24:36.907] STOP to_move 2 nodes_visited 272
[22:24:36.907] START to_move 1
[22:24:36.912] STOP to_move 1 nodes_visited 92
[22:24:36.912] START to_move 2
[22:24:36.931] STOP to_move 2 nodes_visited 309
[22:24:36.931] START to_move 1
[22:24:36.936] STOP to_move 1 nodes_visited 92
[22:24:36.937] START to_move 2
[22:24:36.948] STOP to_move 2 nodes_visited 188
[22:24:36.948] START to_move 1
[22:24:36.953] STOP to_move 1 nodes_visited 83
[22:24:36.953] START to_move 2
[22:24:36.960] STOP to_move 2 nodes_visited 113
[22:24:36.960] START to_move 1
[22:24:36.965] STOP to_move 1 nodes_visited 84
[22:24:36.965] START to_move 2
[22:24:36.972] STOP to_move 2 nodes_visited 119
[22:24:36.972] START to_move 1
[22:24:36.978] STOP to_move 1 nodes_visited 88
[22:24:36.978] START to_move 2
[22:24:36.989] STOP to_move 2 nodes_visited 187
[22:24:36.989] START to_move 1
[22:24:36.994] STOP to_move 1 nodes_visited 80
[22:24:36.994] START to_move 2
[22:24:36.999] STOP to_move 2 nodes_visited 92
[22:24:36.999] START to_move 1
[22:24:37.004] STOP to_move 1 nodes_visited 81
[22:24:37.004] START to_move 2
[22:24:37.021] STOP to_move 2 nodes_visited 277
[22:24:37.021] START to_move 1
[22:24:37.025] STOP to_move 1 nodes_visited 81
[22:24:37.025] START to_move 2
[22:24:37.039] STOP to_move 2 nodes_visited 236
[22:24:37.039] START to_move 1
[22:24:37.044] STOP to_move 1 nodes_visited 82
[22:24:37.044] START to_move 2
[22:24:37.060] STOP to_move 2 nodes_visited 269
[22:24:37.060] START to_move 1
[22:24:37.065] STOP to_move 1 nodes_visited 78
[22:24:37.065] START to_move 2
[22:24:37.073] STOP to_move 2 nodes_visited 134
[22:24:37.073] START to_move 1
[22:24:37.078] STOP to_move 1 nodes_visited 88
[22:24:37.079] START to_move 2
[22:24:37.085] STOP to_move 2 nodes_visited 107
[22:24:37.085] START to_move 1
[22:24:37.090] STOP to_move 1 nodes_visited 91
[22:24:37.090] START to_move 2
[22:24:37.107] STOP to_move 2 nodes_visited 288
[22:24:37.108] START to_move 1
[22:24:37.113] STOP to_move 1 nodes_visited 96
[22:24:37.113] START to_move 2
[22:24:37.133] STOP to_move 2 nodes_visited 323
[22:24:37.133] START to_move 1
[22:24:37.138] STOP to_move 1 nodes_visited 91
[22:24:37.138] START to_move 2
[22:24:37.144] STOP to_move 2 nodes_visited 100
[22:24:37.144] START to_move 1
[22:24:37.150] STOP to_move 1 nodes_visited 99
[22:24:37.150] START to_move 2
[22:24:37.157] STOP to_move 2 nodes_visited 99
[22:24:37.157] START to_move 1
[22:24:37.161] STOP to_move 1 nodes_visited 78
[22:24:37.162] START to_move 2
[22:24:37.171] STOP to_move 2 nodes_visited 151
[22:24:37.171] START to_move 1
[22:24:37.175] STOP to_move 1 nodes_visited 73
[22:24:37.175] START to_move 2
[22:24:37.188] STOP to_move 2 nodes_visited 211
[22:24:37.188] START to_move 1
[22:24:37.192] STOP to_move 1 nodes_visited 66
[22:24:37.192] START to_move 2
[22:24:37.200] STOP to_move 2 nodes_visited 141
[22:24:37.200] START to_move 1
[22:24:37.205] STOP to_move 1 nodes_visited 80
[22:24:37.205] START to_move 2
[22:24:37.220] STOP to_move 2 nodes_visited 243
[22:24:37.220] START to_move 1
[22:24:37.224] STOP to_move 1 nodes_visited 73
[22:24:37.224] START to_move 2
[22:24:37.231] STOP to_move 2 nodes_visited 110
[22:24:37.231] START to_move 1
[22:24:37.235] STOP to_move 1 nodes_visited 72
[22:24:37.235] START to_move 2
[22:24:37.240] STOP to_move 2 nodes_visited 85
[22:24:37.240] START to_move 1
[22:24:37.244] STOP to_move 1 nodes_visited 69
[22:24:37.244] START to_move 2
[22:24:37.249] STOP to_move 2 nodes_visited 77
[22:24:37.249] START to_move 1
[22:24:37.253] STOP to_move 1 nodes_visited 68
[22:24:37.253] START to_move 2
[22:24:37.258] STOP to_move 2 nodes_visited 81
[22:24:37.258] START to_move 1
[22:24:37.261] STOP to_move 1 nodes_visited 52
[22:24:37.261] START to_move 2
[22:24:37.266] STOP to_move 2 nodes_visited 77
[22:24:37.266] START to_move 1
[22:24:37.269] STOP to_move 1 nodes_visited 54
[22:24:37.269] START to_move 2
[22:24:37.274] STOP to_move 2 nodes_visited 87
[22:24:37.274] START to_move 1
[22:24:37.278] STOP to_move 1 nodes_visited 66
[22:24:37.278] START to_move 2
[22:24:37.283] STOP to_move 2 nodes_visited 77
[22:24:37.283] START to_move 1
[22:24:37.286] STOP to_move 1 nodes_visited 57
[22:24:37.286] START to_move 2
[22:24:37.291] STOP to_move 2 nodes_visited 85
[22:24:37.291] START to_move 1
[22:24:37.295] STOP to_move 1 nodes_visited 61
[22:24:37.295] START to_move 2
[22:24:37.300] STOP to_move 2 nodes_visited 85
[22:24:37.300] START to_move 1
[22:24:37.304] STOP to_move 1 nodes_visited 79
[22:24:37.304] START to_move 2
[22:24:37.310] STOP to_move 2 nodes_visited 95
[22:24:37.310] START to_move 1
[22:24:37.314] STOP to_move 1 nodes_visited 65
[22:24:37.314] START to_move 2
[22:24:37.319] STOP to_move 2 nodes_visited 94
[22:24:37.319] START to_move 1
[22:24:37.324] STOP to_move 1 nodes_visited 80
[22:24:37.324] START to_move 2
[22:24:37.330] STOP to_move 2 nodes_visited 99
[22:24:37.330] START to_move 1
[22:24:37.334] STOP to_move 1 nodes_visited 72
[22:24:37.334] START to_move 2
[22:24:37.339] STOP to_move 2 nodes_visited 90
[22:24:37.339] START to_move 1
[22:24:37.344] STOP to_move 1 nodes_visited 79
[22:24:37.344] START to_move 2
[22:24:37.353] STOP to_move 2 nodes_visited 151
[22:24:37.353] START to_move 1
[22:24:37.357] STOP to_move 1 nodes_visited 73
[22:24:37.357] START to_move 2
[22:24:37.368] STOP to_move 2 nodes_visited 181
[22:24:37.368] START to_move 1
[22:24:37.373] STOP to_move 1 nodes_visited 77
[22:24:37.373] START to_move 2
[22:24:37.385] STOP to_move 2 nodes_visited 205
[22:24:37.385] START to_move 1
[22:24:37.389] STOP to_move 1 nodes_visited 74
[22:24:37.389] START to_move 2
[22:24:37.395] STOP to_move 2 nodes_visited 90
[22:24:37.395] START to_move 1
[22:24:37.399] STOP to_move 1 nodes_visited 75
[22:24:37.399] START to_move 2
[22:24:37.405] STOP to_move 2 nodes_visited 97
[22:24:37.405] START to_move 1
[22:24:37.409] STOP to_move 1 nodes_visited 70
[22:24:37.409] START to_move 2
[22:24:37.414] STOP to_move 2 nodes_visited 94
[22:24:37.414] START to_move 1
[22:24:37.419] STOP to_move 1 nodes_visited 81
[22:24:37.419] START to_move 2
[22:24:37.426] STOP to_move 2 nodes_visited 127
[22:24:37.426] START to_move 1
[22:24:37.431] STOP to_move 1 nodes_visited 81
[22:24:37.431] START to_move 2
[22:24:37.438] STOP to_move 2 nodes_visited 128
[22:24:37.438] START to_move 1
[22:24:37.443] STOP to_move 1 nodes_visited 85
[22:24:37.443] START to_move 2
[22:24:37.451] STOP to_move 2 nodes_visited 137
[22:24:37.451] START to_move 1
[22:24:37.456] STOP to_move 1 nodes_visited 78
[22:24:37.456] START to_move 2
[22:24:37.462] STOP to_move 2 nodes_visited 106
[22:24:37.462] START to_move 1
[22:24:37.467] STOP to_move 1 nodes_visited 77
[22:24:37.467] START to_move 2
[22:24:37.474] STOP to_move 2 nodes_visited 121
[22:24:37.474] START to_move 1
[22:24:37.478] STOP to_move 1 nodes_visited 65
[22:24:37.478] START to_move 2
[22:24:37.484] STOP to_move 2 nodes_visited 106
[22:24:37.484] START to_move 1
[22:24:37.488] STOP to_move 1 nodes_visited 66
[22:24:37.488] START to_move 2
[22:24:37.494] STOP to_move 2 nodes_visited 105
[22:24:37.494] START to_move 1
[22:24:37.498] STOP to_move 1 nodes_visited 67
[22:24:37.498] START to_move 2
[22:24:37.508] STOP to_move 2 nodes_visited 168
[22:24:37.508] START to_move 1
[22:24:37.513] STOP to_move 1 nodes_visited 68
[22:24:37.513] START to_move 2
[22:24:37.522] STOP to_move 2 nodes_visited 148
[22:24:37.522] START to_move 1
[22:24:37.526] STOP to_move 1 nodes_visited 62
[22:24:37.526] START to_move 2
[22:24:37.533] STOP to_move 2 nodes_visited 117
[22:24:37.533] START to_move 1
[22:24:37.537] STOP to_move 1 nodes_visited 67
[22:24:37.537] START to_move 2
[22:24:37.544] STOP to_move 2 nodes_visited 111
[22:24:37.544] START to_move 1
[22:24:37.547] STOP to_move 1 nodes_visited 58
[22:24:37.547] START to_move 2
[22:24:37.553] STOP to_move 2 nodes_visited 102
[22:24:37.553] START to_move 1
[22:24:37.557] STOP to_move 1 nodes_visited 55
[22:24:37.557] START to_move 2
[22:24:37.563] STOP to_move 2 nodes_visited 105
[22:24:37.563] START to_move 1
[22:24:37.566] STOP to_move 1 nodes_visited 52
[22:24:37.566] START to_move 2
[22:24:37.570] STOP to_move 2 nodes_visited 68
[22:24:37.570] START to_move 1
[22:24:37.574] STOP to_move 1 nodes_visited 62
[22:24:37.574] START to_move 2
[22:24:37.579] STOP to_move 2 nodes_visited 93
[22:24:37.579] START to_move 1
[22:24:37.582] STOP to_move 1 nodes_visited 53
[22:24:37.582] START to_move 2
[22:24:37.585] STOP to_move 2 nodes_visited 42
[22:24:37.585] START to_move 1
[22:24:37.587] STOP to_move 1 nodes_visited 39
[22:24:37.587] START to_move 2
[22:24:37.590] STOP to_move 2 nodes_visited 53
[22:24:37.590] START to_move 1
[22:24:37.593] STOP to_move 1 nodes_visited 41
[22:24:37.593] START to_move 2
[22:24:37.595] STOP to_move 2 nodes_visited 51
[22:24:37.596] START to_move 1
[22:24:37.598] STOP to_move 1 nodes_visited 45
[22:24:37.598] START to_move 2
[22:24:37.605] STOP to_move 2 nodes_visited 121
[22:24:37.605] START to_move 1
[22:24:37.608] STOP to_move 1 nodes_visited 54
[22:24:37.608] START to_move 2
[22:24:37.611] STOP to_move 2 nodes_visited 43
[22:24:37.611] START to_move 1
[22:24:37.614] STOP to_move 1 nodes_visited 47
[22:24:37.614] START to_move 2
[22:24:37.618] STOP to_move 2 nodes_visited 67
[22:24:37.618] START to_move 1
[22:24:37.620] STOP to_move 1 nodes_visited 34
[22:24:37.620] START to_move 2
[22:24:37.625] STOP to_move 2 nodes_visited 82
[22:24:37.625] START to_move 1
[22:24:37.627] STOP to_move 1 nodes_visited 35
[22:24:37.627] START to_move 2
[22:24:37.631] STOP to_move 2 nodes_visited 69
[22:24:37.631] START to_move 1
[22:24:37.634] STOP to_move 1 nodes_visited 43
[22:24:37.634] START to_move 2
[22:24:37.637] STOP to_move 2 nodes_visited 63
[22:24:37.637] START to_move 1
[22:24:37.640] STOP to_move 1 nodes_visited 46
[22:24:37.640] START to_move 2
[22:24:37.644] STOP to_move 2 nodes_visited 69
[22:24:37.644] START to_move 1
[22:24:37.647] STOP to_move 1 nodes_visited 43
[22:24:37.647] START to_move 2
[22:24:37.650] STOP to_move 2 nodes_visited 60
[22:24:37.650] START to_move 1
[22:24:37.653] STOP to_move 1 nodes_visited 35
[22:24:37.653] START to_move 2
[22:24:37.656] STOP to_move 2 nodes_visited 63
[22:24:37.656] START to_move 1
[22:24:37.658] STOP to_move 1 nodes_visited 30
[22:24:37.658] START to_move 2
[22:24:37.662] STOP to_move 2 nodes_visited 61
[22:24:37.662] START to_move 1
[22:24:37.665] STOP to_move 1 nodes_visited 40
[22:24:37.665] START to_move 2
[22:24:37.668] STOP to_move 2 nodes_visited 63
[22:24:37.668] START to_move 1
[22:24:37.670] STOP to_move 1 nodes_visited 36
[22:24:37.670] START to_move 2
[22:24:37.674] STOP to_move 2 nodes_visited 56
[22:24:37.674] START to_move 1
[22:24:37.677] STOP to_move 1 nodes_visited 49
[22:24:37.677] START to_move 2
[22:24:37.680] STOP to_move 2 nodes_visited 61
[22:24:37.680] START to_move 1
[22:24:37.683] STOP to_move 1 nodes_visited 46
[22:24:37.683] START to_move 2
[22:24:37.686] STOP to_move 2 nodes_visited 58
[22:24:37.686] START to_move 1
[22:24:37.689] STOP to_move 1 nodes_visited 47
[22:24:37.689] START to_move 2
[22:24:37.692] STOP to_move 2 nodes_visited 37
[22:24:37.692] START to_move 1
[22:24:37.693] STOP to_move 1 nodes_visited 30
[22:24:37.693] START to_move 2
[22:24:37.696] STOP to_move 2 nodes_visited 44
[22:24:37.696] START to_move 1
[22:24:37.698] STOP to_move 1 nodes_visited 28
[22:24:37.698] START to_move 2
[22:24:37.702] STOP to_move 2 nodes_visited 75
[22:24:37.702] START to_move 1
[22:24:37.704] STOP to_move 1 nodes_visited 35
[22:24:37.704] START to_move 2
[22:24:37.708] STOP to_move 2 nodes_visited 68
[22:24:37.708] START to_move 1
[22:24:37.711] STOP to_move 1 nodes_visited 37
[22:24:37.711] START to_move 2
[22:24:37.715] STOP to_move 2 nodes_visited 75
[22:24:37.715] START to_move 1
[22:24:37.717] STOP to_move 1 nodes_visited 35
[22:24:37.717] START to_move 2
[22:24:37.720] STOP to_move 2 nodes_visited 38
[22:24:37.720] START to_move 1
[22:24:37.722] STOP to_move 1 nodes_visited 34
[22:24:37.722] START to_move 2
[22:24:37.723] STOP to_move 2 nodes_visited 23
[22:24:37.723] START to_move 1
[22:24:37.725] STOP to_move 1 nodes_visited 24
[22:24:37.725] START to_move 2
[22:24:37.726] STOP to_move 2 nodes_visited 27
[22:24:37.726] START to_move 1
[22:24:37.728] STOP to_move 1 nodes_visited 30
[22:24:37.728] START to_move 2
[22:24:37.729] STOP to_move 2 nodes_visited 19
[22:24:37.729] START to_move 1
[22:24:37.730] STOP to_move 1 nodes_visited 12
[22:24:37.730] START to_move 2
[22:24:37.732] STOP to_move 2 nodes_visited 25
[22:24:37.732] START to_move 1
[22:24:37.733] STOP to_move 1 nodes_visited 25
[22:24:37.733] START to_move 2
[22:24:37.735] STOP to_move 2 nodes_visited 23
[22:24:37.735] START to_move 1
[22:24:37.735] STOP to_move 1 nodes_visited 14
[22:24:37.736] START to_move 2
[22:24:37.737] STOP to_move 2 nodes_visited 19
[22:24:37.737] START to_move 1
[22:24:37.737] STOP to_move 1 nodes_visited 6
[22:24:37.737] END winner 1 - rounds 421
