[23:14:37.506] 1 - distance_function chebyshev - pruning True
[23:14:37.506] 2 - distance_function manhattan - pruning True
[23:14:37.506] START to_move 1
[23:14:37.562] STOP to_move 1 nodes_visited 910
[23:14:37.563] START to_move 2
[23:14:37.586] STOP to_move 2 nodes_visited 438
[23:14:37.587] START to_move 1
[23:14:37.645] STOP to_move 1 nodes_visited 946
[23:14:37.645] START to_move 2
[23:14:37.738] STOP to_move 2 nodes_visited 1542
[23:14:37.739] START to_move 1
[23:14:37.791] STOP to_move 1 nodes_visited 822
[23:14:37.792] START to_move 2
[23:14:38.118] STOP to_move 2 nodes_visited 5513
[23:14:38.121] START to_move 1
[23:14:38.390] STOP to_move 1 nodes_visited 4259
[23:14:38.392] START to_move 2
[23:14:38.728] STOP to_move 2 nodes_visited 5620
[23:14:38.731] START to_move 1
[23:14:38.997] STOP to_move 1 nodes_visited 4172
[23:14:39.000] START to_move 2
[23:14:39.341] STOP to_move 2 nodes_visited 5765
[23:14:39.344] START to_move 1
[23:14:39.580] STOP to_move 1 nodes_visited 3740
[23:14:39.582] START to_move 2
[23:14:39.960] STOP to_move 2 nodes_visited 6332
[23:14:39.964] START to_move 1
[23:14:40.225] STOP to_move 1 nodes_visited 4172
[23:14:40.227] START to_move 2
[23:14:40.593] STOP to_move 2 nodes_visited 6180
[23:14:40.597] START to_move 1
[23:14:40.882] STOP to_move 1 nodes_visited 4507
[23:14:40.884] START to_move 2
[23:14:41.230] STOP to_move 2 nodes_visited 5943
[23:14:41.233] START to_move 1
[23:14:41.449] STOP to_move 1 nodes_visited 3425
[23:14:41.450] START to_move 2
[23:14:41.784] STOP to_move 2 nodes_visited 5617
[23:14:41.787] START to_move 1
[23:14:41.927] STOP to_move 1 nodes_visited 2273
[23:14:41.929] START to_move 2
[23:14:42.276] STOP to_move 2 nodes_visited 5852
[23:14:42.279] START to_move 1
[23:14:42.420] STOP to_move 1 nodes_visited 2262
[23:14:42.422] START to_move 2
[23:14:42.788] STOP to_move 2 nodes_visited 6180
[23:14:42.791] START to_move 1
[23:14:42.942] STOP to_move 1 nodes_visited 2421
[23:14:42.944] START to_move 2
[23:14:43.297] STOP to_move 2 nodes_visited 5946
[23:14:43.301] START to_move 1
[23:14:43.346] STOP to_move 1 nodes_visited 729
[23:14:43.346] START to_move 2
[23:14:43.619] STOP to_move 2 nodes_visited 4662
[23:14:43.622] START to_move 1
[23:14:43.676] STOP to_move 1 nodes_visited 877
[23:14:43.676] START to_move 2
[23:14:43.700] STOP to_move 2 nodes_visited 439
[23:14:43.701] START to_move 1
[23:14:43.745] STOP to_move 1 nodes_visited 727
[23:14:43.745] START to_move 2
[23:14:43.774] STOP to_move 2 nodes_visited 515
[23:14:43.774] START to_move 1
[23:14:43.818] STOP to_move 1 nodes_visited 713
[23:14:43.819] START to_move 2
[23:14:43.847] STOP to_move 2 nodes_visited 509
[23:14:43.847] START to_move 1
[23:14:43.890] STOP to_move 1 nodes_visited 698
[23:14:43.890] START to_move 2
[23:14:43.918] STOP to_move 2 nodes_visited 504
[23:14:43.918] START to_move 1
[23:14:43.975] STOP to_move 1 nodes_visited 919
[23:14:43.975] START to_move 2
[23:14:44.025] STOP to_move 2 nodes_visited 872
[23:14:44.025] START to_move 1
[23:14:44.080] STOP to_move 1 nodes_visited 852
[23:14:44.081] START to_move 2
[23:14:44.128] STOP to_move 2 nodes_visited 842
[23:14:44.129] START to_move 1
[23:14:44.184] STOP to_move 1 nodes_visited 899
[23:14:44.185] START to_move 2
[23:14:44.406] STOP to_move 2 nodes_visited 3730
[23:14:44.408] START to_move 1
[23:14:44.465] STOP to_move 1 nodes_visited 897
[23:14:44.465] START to_move 2
[23:14:44.683] STOP to_move 2 nodes_visited 3658
[23:14:44.686] START to_move 1
[23:14:44.752] STOP to_move 1 nodes_visited 1054
[23:14:44.753] START to_move 2
[23:14:45.048] STOP to_move 2 nodes_visited 4892
[23:14:45.051] START to_move 1
[23:14:45.115] STOP to_move 1 nodes_visited 1014
[23:14:45.116] START to_move 2
[23:14:45.260] STOP to_move 2 nodes_visited 2412
[23:14:45.261] START to_move 1
[23:14:45.290] STOP to_move 1 nodes_visited 464
[23:14:45.290] START to_move 2
[23:14:45.471] STOP to_move 2 nodes_visited 3007
[23:14:45.472] START to_move 1
[23:14:45.501] STOP to_move 1 nodes_visited 464
[23:14:45.501] START to_move 2
[23:14:45.775] STOP to_move 2 nodes_visited 4506
[23:14:45.778] START to_move 1
[23:14:45.870] STOP to_move 1 nodes_visited 1478
[23:14:45.871] START to_move 2
[23:14:45.984] STOP to_move 2 nodes_visited 1876
[23:14:45.985] START to_move 1
[23:14:46.075] STOP to_move 1 nodes_visited 1439
[23:14:46.075] START to_move 2
[23:14:46.194] STOP to_move 2 nodes_visited 1972
[23:14:46.195] START to_move 1
[23:14:46.268] STOP to_move 1 nodes_visited 1182
[23:14:46.269] START to_move 2
[23:14:46.374] STOP to_move 2 nodes_visited 1827
[23:14:46.375] START to_move 1
[23:14:46.490] STOP to_move 1 nodes_visited 1802
[23:14:46.491] START to_move 2
[23:14:46.595] STOP to_move 2 nodes_visited 1810
[23:14:46.596] START to_move 1
[23:14:46.713] STOP to_move 1 nodes_visited 1848
[23:14:46.714] START to_move 2
[23:14:46.824] STOP to_move 2 nodes_visited 1908
[23:14:46.825] START to_move 1
[23:14:46.924] STOP to_move 1 nodes_visited 1587
[23:14:46.925] START to_move 2
[23:14:47.026] STOP to_move 2 nodes_visited 1718
[23:14:47.027] START to_move 1
[23:14:47.109] STOP to_move 1 nodes_visited 1322
[23:14:47.109] START to_move 2
[23:14:47.341] STOP to_move 2 nodes_visited 3961
[23:14:47.343] START to_move 1
[23:14:47.380] STOP to_move 1 nodes_visited 612
[23:14:47.380] START to_move 2
[23:14:47.640] STOP to_move 2 nodes_visited 4425
[23:14:47.643] START to_move 1
[23:14:47.724] STOP to_move 1 nodes_visited 1274
[23:14:47.725] START to_move 2
[23:14:47.810] STOP to_move 2 nodes_visited 1459
[23:14:47.811] START to_move 1
[23:14:47.863] STOP to_move 1 nodes_visited 842
[23:14:47.863] START to_move 2
[23:14:47.959] STOP to_move 2 nodes_visited 1621
[23:14:47.960] START to_move 1
[23:14:48.033] STOP to_move 1 nodes_visited 1153
[23:14:48.034] START to_move 2
[23:14:48.141] STOP to_move 2 nodes_visited 1804
[23:14:48.141] START to_move 1
[23:14:48.198] STOP to_move 1 nodes_visited 915
[23:14:48.199] START to_move 2
[23:14:48.304] STOP to_move 2 nodes_visited 1743
[23:14:48.304] START to_move 1
[23:14:48.393] STOP to_move 1 nodes_visited 1388
[23:14:48.393] START to_move 2
[23:14:48.502] STOP to_move 2 nodes_visited 1822
[23:14:48.503] START to_move 1
[23:14:48.759] STOP to_move 1 nodes_visited 4074
[23:14:48.761] START to_move 2
[23:14:48.864] STOP to_move 2 nodes_visited 1728
[23:14:48.865] START to_move 1
[23:14:49.006] STOP to_move 1 nodes_visited 2271
[23:14:49.008] START to_move 2
[23:14:49.073] STOP to_move 2 nodes_visited 1094
[23:14:49.074] START to_move 1
[23:14:49.182] STOP to_move 1 nodes_visited 1750
[23:14:49.183] START to_move 2
[23:14:49.423] STOP to_move 2 nodes_visited 3941
[23:14:49.425] START to_move 1
[23:14:49.666] STOP to_move 1 nodes_visited 3807
[23:14:49.668] START to_move 2
[23:14:49.884] STOP to_move 2 nodes_visited 3496
[23:14:49.886] START to_move 1
[23:14:50.017] STOP to_move 1 nodes_visited 2106
[23:14:50.018] START to_move 2
[23:14:50.227] STOP to_move 2 nodes_visited 3368
[23:14:50.229] START to_move 1
[23:14:50.424] STOP to_move 1 nodes_visited 3012
[23:14:50.426] START to_move 2
[23:14:50.556] STOP to_move 2 nodes_visited 2150
[23:14:50.557] START to_move 1
[23:14:50.682] STOP to_move 1 nodes_visited 1952
[23:14:50.683] START to_move 2
[23:14:50.786] STOP to_move 2 nodes_visited 1765
[23:14:50.787] START to_move 1
[23:14:50.861] STOP to_move 1 nodes_visited 1193
[23:14:50.862] START to_move 2
[23:14:50.973] STOP to_move 2 nodes_visited 1920
[23:14:50.974] START to_move 1
[23:14:51.043] STOP to_move 1 nodes_visited 1107
[23:14:51.043] START to_move 2
[23:14:51.162] STOP to_move 2 nodes_visited 1999
[23:14:51.163] START to_move 1
[23:14:51.229] STOP to_move 1 nodes_visited 1072
[23:14:51.230] START to_move 2
[23:14:51.349] STOP to_move 2 nodes_visited 2003
[23:14:51.350] START to_move 1
[23:14:51.395] STOP to_move 1 nodes_visited 714
[23:14:51.396] START to_move 2
[23:14:51.510] STOP to_move 2 nodes_visited 1931
[23:14:51.511] START to_move 1
[23:14:51.554] STOP to_move 1 nodes_visited 714
[23:14:51.555] START to_move 2
[23:14:51.672] STOP to_move 2 nodes_visited 1924
[23:14:51.673] START to_move 1
[23:14:51.717] STOP to_move 1 nodes_visited 735
[23:14:51.718] START to_move 2
[23:14:51.843] STOP to_move 2 nodes_visited 2121
[23:14:51.844] START to_move 1
[23:14:51.890] STOP to_move 1 nodes_visited 761
[23:14:51.891] START to_move 2
[23:14:51.963] STOP to_move 2 nodes_visited 1217
[23:14:51.964] START to_move 1
[23:14:52.006] STOP to_move 1 nodes_visited 705
[23:14:52.007] START to_move 2
[23:14:52.054] STOP to_move 2 nodes_visited 834
[23:14:52.055] START to_move 1
[23:14:52.075] STOP to_move 1 nodes_visited 346
[23:14:52.076] START to_move 2
[23:14:52.107] STOP to_move 2 nodes_visited 552
[23:14:52.107] START to_move 1
[23:14:52.129] STOP to_move 1 nodes_visited 366
[23:14:52.129] START to_move 2
[23:14:52.159] STOP to_move 2 nodes_visited 542
[23:14:52.160] START to_move 1
[23:14:52.181] STOP to_move 1 nodes_visited 355
[23:14:52.181] START to_move 2
[23:14:52.241] STOP to_move 2 nodes_visited 1022
[23:14:52.242] START to_move 1
[23:14:52.267] STOP to_move 1 nodes_visited 416
[23:14:52.267] START to_move 2
[23:14:52.298] STOP to_move 2 nodes_visited 549
[23:14:52.298] START to_move 1
[23:14:52.319] STOP to_move 1 nodes_visited 350
[23:14:52.319] START to_move 2
[23:14:52.350] STOP to_move 2 nodes_visited 545
[23:14:52.350] START to_move 1
[23:14:52.379] STOP to_move 1 nodes_visited 472
[23:14:52.379] START to_move 2
[23:14:52.412] STOP to_move 2 nodes_visited 589
[23:14:52.413] START to_move 1
[23:14:52.437] STOP to_move 1 nodes_visited 402
[23:14:52.437] START to_move 2
[23:14:52.471] STOP to_move 2 nodes_visited 603
[23:14:52.471] START to_move 1
[23:14:52.496] STOP to_move 1 nodes_visited 398
[23:14:52.496] START to_move 2
[23:14:52.528] STOP to_move 2 nodes_visited 569
[23:14:52.529] START to_move 1
[23:14:52.560] STOP to_move 1 nodes_visited 521
[23:14:52.561] START to_move 2
[23:14:52.580] STOP to_move 2 nodes_visited 344
[23:14:52.580] START to_move 1
[23:14:52.627] STOP to_move 1 nodes_visited 768
[23:14:52.628] START to_move 2
[23:14:52.657] STOP to_move 2 nodes_visited 513
[23:14:52.657] START to_move 1
[23:14:52.760] STOP to_move 1 nodes_visited 1611
[23:14:52.761] START to_move 2
[23:14:52.792] STOP to_move 2 nodes_visited 548
[23:14:52.792] START to_move 1
[23:14:52.813] STOP to_move 1 nodes_visited 329
[23:14:52.813] START to_move 2
[23:14:52.932] STOP to_move 2 nodes_visited 2059
[23:14:52.933] START to_move 1
[23:14:52.953] STOP to_move 1 nodes_visited 327
[23:14:52.953] START to_move 2
[23:14:53.078] STOP to_move 2 nodes_visited 2107
[23:14:53.079] START to_move 1
[23:14:53.131] STOP to_move 1 nodes_visited 852
[23:14:53.132] START to_move 2
[23:14:53.159] STOP to_move 2 nodes_visited 488
[23:14:53.159] START to_move 1
[23:14:53.201] STOP to_move 1 nodes_visited 673
[23:14:53.201] START to_move 2
[23:14:53.226] STOP to_move 2 nodes_visited 447
[23:14:53.226] START to_move 1
[23:14:53.274] STOP to_move 1 nodes_visited 780
[23:14:53.275] START to_move 2
[23:14:53.303] STOP to_move 2 nodes_visited 486
[23:14:53.303] START to_move 1
[23:14:53.355] STOP to_move 1 nodes_visited 832
[23:14:53.356] START to_move 2
[23:14:53.386] STOP to_move 2 nodes_visited 533
[23:14:53.386] START to_move 1
[23:14:53.500] STOP to_move 1 nodes_visited 1823
[23:14:53.501] START to_move 2
[23:14:53.531] STOP to_move 2 nodes_visited 533
[23:14:53.531] START to_move 1
[23:14:53.590] STOP to_move 1 nodes_visited 928
[23:14:53.591] START to_move 2
[23:14:53.623] STOP to_move 2 nodes_visited 566
[23:14:53.623] START to_move 1
[23:14:53.686] STOP to_move 1 nodes_visited 1018
[23:14:53.686] START to_move 2
[23:14:53.717] STOP to_move 2 nodes_visited 539
[23:14:53.717] START to_move 1
[23:14:53.777] STOP to_move 1 nodes_visited 961
[23:14:53.777] START to_move 2
[23:14:53.807] STOP to_move 2 nodes_visited 539
[23:14:53.808] START to_move 1
[23:14:53.873] STOP to_move 1 nodes_visited 1025
[23:14:53.874] START to_move 2
[23:14:53.904] STOP to_move 2 nodes_visited 547
[23:14:53.905] START to_move 1
[23:14:53.938] STOP to_move 1 nodes_visited 535
[23:14:53.938] START to_move 2
[23:14:53.970] STOP to_move 2 nodes_visited 567
[23:14:53.970] START to_move 1
[23:14:53.991] STOP to_move 1 nodes_visited 361
[23:14:53.992] START to_move 2
[23:14:54.022] STOP to_move 2 nodes_visited 546
[23:14:54.023] START to_move 1
[23:14:54.045] STOP to_move 1 nodes_visited 382
[23:14:54.045] START to_move 2
[23:14:54.076] STOP to_move 2 nodes_visited 558
[23:14:54.077] START to_move 1
[23:14:54.100] STOP to_move 1 nodes_visited 388
[23:14:54.100] START to_move 2
[23:14:54.131] STOP to_move 2 nodes_visited 552
[23:14:54.131] START to_move 1
[23:14:54.155] STOP to_move 1 nodes_visited 384
[23:14:54.155] START to_move 2
[23:14:54.187] STOP to_move 2 nodes_visited 571
[23:14:54.188] START to_move 1
[23:14:54.210] STOP to_move 1 nodes_visited 382
[23:14:54.211] START to_move 2
[23:14:54.243] STOP to_move 2 nodes_visited 571
[23:14:54.243] START to_move 1
[23:14:54.266] STOP to_move 1 nodes_visited 384
[23:14:54.266] START to_move 2
[23:14:54.299] STOP to_move 2 nodes_visited 589
[23:14:54.299] START to_move 1
[23:14:54.323] STOP to_move 1 nodes_visited 386
[23:14:54.323] START to_move 2
[23:14:54.354] STOP to_move 2 nodes_visited 571
[23:14:54.355] START to_move 1
[23:14:54.378] STOP to_move 1 nodes_visited 382
[23:14:54.378] START to_move 2
[23:14:54.409] STOP to_move 2 nodes_visited 565
[23:14:54.409] START to_move 1
[23:14:54.433] STOP to_move 1 nodes_visited 370
[23:14:54.433] START to_move 2
[23:14:54.548] STOP to_move 2 nodes_visited 2006
[23:14:54.549] START to_move 1
[23:14:54.582] STOP to_move 1 nodes_visited 542
[23:14:54.583] START to_move 2
[23:14:54.728] STOP to_move 2 nodes_visited 2493
[23:14:54.730] START to_move 1
[23:14:54.764] STOP to_move 1 nodes_visited 563
[23:14:54.764] START to_move 2
[23:14:54.796] STOP to_move 2 nodes_visited 559
[23:14:54.797] START to_move 1
[23:14:54.828] STOP to_move 1 nodes_visited 512
[23:14:54.828] START to_move 2
[23:14:54.890] STOP to_move 2 nodes_visited 1092
[23:14:54.891] START to_move 1
[23:14:54.925] STOP to_move 1 nodes_visited 561
[23:14:54.926] START to_move 2
[23:14:54.989] STOP to_move 2 nodes_visited 1084
[23:14:54.989] START to_move 1
[23:14:55.025] STOP to_move 1 nodes_visited 582
[23:14:55.026] START to_move 2
[23:14:55.100] STOP to_move 2 nodes_visited 1297
[23:14:55.101] START to_move 1
[23:14:55.141] STOP to_move 1 nodes_visited 653
[23:14:55.141] START to_move 2
[23:14:55.149] STOP to_move 2 nodes_visited 147
[23:14:55.149] START to_move 1
[23:14:55.274] STOP to_move 1 nodes_visited 1931
[23:14:55.275] START to_move 2
[23:14:55.283] STOP to_move 2 nodes_visited 149
[23:14:55.283] START to_move 1
[23:14:55.427] STOP to_move 1 nodes_visited 2275
[23:14:55.429] START to_move 2
[23:14:55.525] STOP to_move 2 nodes_visited 1635
[23:14:55.525] START to_move 1
[23:14:55.547] STOP to_move 1 nodes_visited 363
[23:14:55.548] START to_move 2
[23:14:55.641] STOP to_move 2 nodes_visited 1635
[23:14:55.642] START to_move 1
[23:14:55.662] STOP to_move 1 nodes_visited 326
[23:14:55.662] START to_move 2
[23:14:55.710] STOP to_move 2 nodes_visited 851
[23:14:55.711] START to_move 1
[23:14:55.729] STOP to_move 1 nodes_visited 302
[23:14:55.729] START to_move 2
[23:14:55.779] STOP to_move 2 nodes_visited 851
[23:14:55.780] START to_move 1
[23:14:55.797] STOP to_move 1 nodes_visited 288
[23:14:55.797] START to_move 2
[23:14:55.845] STOP to_move 2 nodes_visited 825
[23:14:55.846] START to_move 1
[23:14:55.863] STOP to_move 1 nodes_visited 298
[23:14:55.863] START to_move 2
[23:14:55.882] STOP to_move 2 nodes_visited 328
[23:14:55.882] START to_move 1
[23:14:55.897] STOP to_move 1 nodes_visited 245
[23:14:55.897] START to_move 2
[23:14:55.917] STOP to_move 2 nodes_visited 353
[23:14:55.917] START to_move 1
[23:14:55.931] STOP to_move 1 nodes_visited 239
[23:14:55.931] START to_move 2
[23:14:55.943] STOP to_move 2 nodes_visited 210
[23:14:55.943] START to_move 1
[23:14:55.955] STOP to_move 1 nodes_visited 212
[23:14:55.955] START to_move 2
[23:14:55.967] STOP to_move 2 nodes_visited 223
[23:14:55.968] START to_move 1
[23:14:55.981] STOP to_move 1 nodes_visited 220
[23:14:55.981] START to_move 2
[23:14:55.993] STOP to_move 2 nodes_visited 214
[23:14:55.993] START to_move 1
[23:14:56.005] STOP to_move 1 nodes_visited 209
[23:14:56.005] START to_move 2
[23:14:56.017] STOP to_move 2 nodes_visited 211
[23:14:56.017] START to_move 1
[23:14:56.042] STOP to_move 1 nodes_visited 388
[23:14:56.043] START to_move 2
[23:14:56.057] STOP to_move 2 nodes_visited 253
[23:14:56.057] START to_move 1
[23:14:56.068] STOP to_move 1 nodes_visited 177
[23:14:56.068] START to_move 2
[23:14:56.078] STOP to_move 2 nodes_visited 196
[23:14:56.079] START to_move 1
[23:14:56.090] STOP to_move 1 nodes_visited 193
[23:14:56.090] START to_move 2
[23:14:56.101] STOP to_move 2 nodes_visited 194
[23:14:56.101] START to_move 1
[23:14:56.112] STOP to_move 1 nodes_visited 199
[23:14:56.113] START to_move 2
[23:14:56.123] STOP to_move 2 nodes_visited 185
[23:14:56.123] START to_move 1
[23:14:56.133] STOP to_move 1 nodes_visited 174
[23:14:56.133] START to_move 2
[23:14:56.143] STOP to_move 2 nodes_visited 179
[23:14:56.143] START to_move 1
[23:14:56.153] STOP to_move 1 nodes_visited 174
[23:14:56.153] START to_move 2
[23:14:56.163] STOP to_move 2 nodes_visited 179
[23:14:56.163] START to_move 1
[23:14:56.174] STOP to_move 1 nodes_visited 175
[23:14:56.174] START to_move 2
[23:14:56.187] STOP to_move 2 nodes_visited 236
[23:14:56.187] START to_move 1
[23:14:56.200] STOP to_move 1 nodes_visited 216
[23:14:56.200] START to_move 2
[23:14:56.222] STOP to_move 2 nodes_visited 384
[23:14:56.222] START to_move 1
[23:14:56.235] STOP to_move 1 nodes_visited 204
[23:14:56.235] START to_move 2
[23:14:56.249] STOP to_move 2 nodes_visited 244
[23:14:56.249] START to_move 1
[23:14:56.262] STOP to_move 1 nodes_visited 210
[23:14:56.262] START to_move 2
[23:14:56.332] STOP to_move 2 nodes_visited 1164
[23:14:56.332] START to_move 1
[23:14:56.349] STOP to_move 1 nodes_visited 264
[23:14:56.349] START to_move 2
[23:14:56.362] STOP to_move 2 nodes_visited 215
[23:14:56.362] START to_move 1
[23:14:56.375] STOP to_move 1 nodes_visited 227
[23:14:56.376] START to_move 2
[23:14:56.390] STOP to_move 2 nodes_visited 253
[23:14:56.390] START to_move 1
[23:14:56.403] STOP to_move 1 nodes_visited 220
[23:14:56.403] START to_move 2
[23:14:56.418] STOP to_move 2 nodes_visited 272
[23:14:56.418] START to_move 1
[23:14:56.432] STOP to_move 1 nodes_visited 223
[23:14:56.432] START to_move 2
[23:14:56.447] STOP to_move 2 nodes_visited 276
[23:14:56.447] START to_move 1
[23:14:56.460] STOP to_move 1 nodes_visited 211
[23:14:56.460] START to_move 2
[23:14:56.474] STOP to_move 2 nodes_visited 247
[23:14:56.474] START to_move 1
[23:14:56.487] STOP to_move 1 nodes_visited 225
[23:14:56.487] START to_move 2
[23:14:56.500] STOP to_move 2 nodes_visited 234
[23:14:56.500] START to_move 1
[23:14:56.528] STOP to_move 1 nodes_visited 441
[23:14:56.528] START to_move 2
[23:14:56.541] STOP to_move 2 nodes_visited 245
[23:14:56.541] START to_move 1
[23:14:56.568] STOP to_move 1 nodes_visited 441
[23:14:56.569] START to_move 2
[23:14:56.582] STOP to_move 2 nodes_visited 233
[23:14:56.582] START to_move 1
[23:14:56.593] STOP to_move 1 nodes_visited 183
[23:14:56.593] START to_move 2
[23:14:56.604] STOP to_move 2 nodes_visited 195
[23:14:56.604] START to_move 1
[23:14:56.615] STOP to_move 1 nodes_visited 183
[23:14:56.615] START to_move 2
[23:14:56.625] STOP to_move 2 nodes_visited 187
[23:14:56.625] START to_move 1
[23:14:56.637] STOP to_move 1 nodes_visited 181
[23:14:56.637] START to_move 2
[23:14:56.648] STOP to_move 2 nodes_visited 187
[23:14:56.648] START to_move 1
[23:14:56.658] STOP to_move 1 nodes_visited 177
[23:14:56.658] START to_move 2
[23:14:56.669] STOP to_move 2 nodes_visited 187
[23:14:56.669] START to_move 1
[23:14:56.680] STOP to_move 1 nodes_visited 176
[23:14:56.680] START to_move 2
[23:14:56.690] STOP to_move 2 nodes_visited 176
[23:14:56.690] START to_move 1
[23:14:56.699] STOP to_move 1 nodes_visited 150
[23:14:56.699] START to_move 2
[23:14:56.709] STOP to_move 2 nodes_visited 173
[23:14:56.709] START to_move 1
[23:14:56.718] STOP to_move 1 nodes_visited 150
[23:14:56.718] START to_move 2
[23:14:56.754] STOP to_move 2 nodes_visited 596
[23:14:56.754] START to_move 1
[23:14:56.767] STOP to_move 1 nodes_visited 205
[23:14:56.767] START to_move 2
[23:14:56.800] STOP to_move 2 nodes_visited 545
[23:14:56.800] START to_move 1
[23:14:56.808] STOP to_move 1 nodes_visited 125
[23:14:56.808] START to_move 2
[23:14:56.822] STOP to_move 2 nodes_visited 236
[23:14:56.822] START to_move 1
[23:14:56.827] STOP to_move 1 nodes_visited 99
[23:14:56.828] START to_move 2
[23:14:56.837] STOP to_move 2 nodes_visited 162
[23:14:56.837] START to_move 1
[23:14:56.842] STOP to_move 1 nodes_visited 96
[23:14:56.842] START to_move 2
[23:14:56.851] STOP to_move 2 nodes_visited 151
[23:14:56.851] START to_move 1
[23:14:56.856] STOP to_move 1 nodes_visited 93
[23:14:56.857] START to_move 2
[23:14:56.865] STOP to_move 2 nodes_visited 147
[23:14:56.865] START to_move 1
[23:14:56.870] STOP to_move 1 nodes_visited 82
[23:14:56.870] START to_move 2
[23:14:56.876] STOP to_move 2 nodes_visited 97
[23:14:56.876] START to_move 1
[23:14:56.881] STOP to_move 1 nodes_visited 87
[23:14:56.881] START to_move 2
[23:14:56.885] STOP to_move 2 nodes_visited 65
[23:14:56.885] START to_move 1
[23:14:56.893] STOP to_move 1 nodes_visited 131
[23:14:56.893] START to_move 2
[23:14:56.906] STOP to_move 2 nodes_visited 241
[23:14:56.906] START to_move 1
[23:14:56.915] STOP to_move 1 nodes_visited 141
[23:14:56.915] START to_move 2
[23:14:56.930] STOP to_move 2 nodes_visited 265
[23:14:56.930] START to_move 1
[23:14:56.934] STOP to_move 1 nodes_visited 65
[23:14:56.934] START to_move 2
[23:14:56.937] STOP to_move 2 nodes_visited 46
[23:14:56.937] START to_move 1
[23:14:56.940] STOP to_move 1 nodes_visited 53
[23:14:56.940] START to_move 2
[23:14:56.943] STOP to_move 2 nodes_visited 50
[23:14:56.944] START to_move 1
[23:14:56.948] STOP to_move 1 nodes_visited 78
[23:14:56.948] START to_move 2
[23:14:56.952] STOP to_move 2 nodes_visited 63
[23:14:56.952] START to_move 1
[23:14:56.956] STOP to_move 1 nodes_visited 74
[23:14:56.956] START to_move 2
[23:14:56.965] STOP to_move 2 nodes_visited 159
[23:14:56.965] START to_move 1
[23:14:56.972] STOP to_move 1 nodes_visited 113
[23:14:56.972] START to_move 2
[23:14:56.976] STOP to_move 2 nodes_visited 61
[23:14:56.976] START to_move 1
[23:14:56.981] STOP to_move 1 nodes_visited 85
[23:14:56.981] START to_move 2
[23:14:56.984] STOP to_move 2 nodes_visited 56
[23:14:56.984] START to_move 1
[23:14:56.987] STOP to_move 1 nodes_visited 48
[23:14:56.987] START to_move 2
[23:14:56.990] STOP to_move 2 nodes_visited 50
[23:14:56.990] START to_move 1
[23:14:56.992] STOP to_move 1 nodes_visited 32
[23:14:56.992] START to_move 2
[23:14:56.993] STOP to_move 2 nodes_visited 25
[23:14:56.993] START to_move 1
[23:14:56.994] STOP to_move 1 nodes_visited 21
[23:14:56.994] START to_move 2
[23:14:56.995] STOP to_move 2 nodes_visited 18
[23:14:56.995] START to_move 1
[23:14:56.997] STOP to_move 1 nodes_visited 36
[23:14:56.997] START to_move 2
[23:14:56.999] STOP to_move 2 nodes_visited 29
[23:14:56.999] START to_move 1
[23:14:57.000] STOP to_move 1 nodes_visited 21
[23:14:57.000] START to_move 2
[23:14:57.001] STOP to_move 2 nodes_visited 19
[23:14:57.001] START to_move 1
[23:14:57.004] STOP to_move 1 nodes_visited 38
[23:14:57.004] START to_move 2
[23:14:57.005] STOP to_move 2 nodes_visited 32
[23:14:57.006] START to_move 1
[23:14:57.007] STOP to_move 1 nodes_visited 23
[23:14:57.007] START to_move 2
[23:14:57.008] STOP to_move 2 nodes_visited 23
[23:14:57.008] START to_move 1
[23:14:57.009] STOP to_move 1 nodes_visited 19
[23:14:57.009] START to_move 2
[23:14:57.010] STOP to_move 2 nodes_visited 19
[23:14:57.010] START to_move 1
[23:14:57.012] STOP to_move 1 nodes_visited 29
[23:14:57.012] START to_move 2
[23:14:57.014] STOP to_move 2 nodes_visited 27
[23:14:57.014] START to_move 1
[23:14:57.015] STOP to_move 1 nodes_visited 23
[23:14:57.015] START to_move 2
[23:14:57.016] STOP to_move 2 nodes_visited 16
[23:14:57.016] START to_move 1
[23:14:57.017] STOP to_move 1 nodes_visited 27
[23:14:57.017] START to_move 2
[23:14:57.019] STOP to_move 2 nodes_visited 25
[23:14:57.019] START to_move 1
[23:14:57.020] STOP to_move 1 nodes_visited 29
[23:14:57.021] START to_move 2
[23:14:57.022] STOP to_move 2 nodes_visited 26
[23:14:57.022] START to_move 1
[23:14:57.024] STOP to_move 1 nodes_visited 31
[23:14:57.024] START to_move 2
[23:14:57.025] STOP to_move 2 nodes_visited 23
[23:14:57.025] START to_move 1
[23:14:57.026] STOP to_move 1 nodes_visited 19
[23:14:57.026] START to_move 2
[23:14:57.028] STOP to_move 2 nodes_visited 32
[23:14:57.028] START to_move 1
[23:14:57.029] STOP to_move 1 nodes_visited 19
[23:14:57.029] START to_move 2
[23:14:57.030] STOP to_move 2 nodes_visited 12
[23:14:57.030] START to_move 1
[23:14:57.031] STOP to_move 1 nodes_visited 21
[23:14:57.031] START to_move 2
[23:14:57.032] STOP to_move 2 nodes_visited 15
[23:14:57.032] START to_move 1
[23:14:57.033] STOP to_move 1 nodes_visited 21
[23:14:57.033] START to_move 2
[23:14:57.034] STOP to_move 2 nodes_visited 12
[23:14:57.034] START to_move 1
[23:14:57.035] STOP to_move 1 nodes_visited 17
[23:14:57.035] START to_move 2
[23:14:57.036] STOP to_move 2 nodes_visited 19
[23:14:57.036] START to_move 1
[23:14:57.037] STOP to_move 1 nodes_visited 8
[23:14:57.037] START to_move 2
[23:14:57.037] STOP to_move 2 nodes_visited 7
[23:14:57.037] START to_move 1
[23:14:57.037] STOP to_move 1 nodes_visited 6
[23:14:57.037] END winner 1 - rounds 325
