[22:29:12.149] 1 - distance_function chebyshev - pruning True
[22:29:12.149] 2 - distance_function euclides - pruning True
[22:29:12.149] START to_move 1
[22:29:12.391] STOP to_move 1 nodes_visited 3581
[22:29:12.393] START to_move 2
[22:29:12.742] STOP to_move 2 nodes_visited 5472
[22:29:12.746] START to_move 1
[22:29:12.775] STOP to_move 1 nodes_visited 486
[22:29:12.776] START to_move 2
[22:29:12.915] STOP to_move 2 nodes_visited 2240
[22:29:12.917] START to_move 1
[22:29:12.946] STOP to_move 1 nodes_visited 491
[22:29:12.947] START to_move 2
[22:29:13.120] STOP to_move 2 nodes_visited 2836
[22:29:13.122] START to_move 1
[22:29:13.151] STOP to_move 1 nodes_visited 490
[22:29:13.152] START to_move 2
[22:29:13.293] STOP to_move 2 nodes_visited 2337
[22:29:13.295] START to_move 1
[22:29:13.324] STOP to_move 1 nodes_visited 489
[22:29:13.325] START to_move 2
[22:29:13.468] STOP to_move 2 nodes_visited 2331
[22:29:13.469] START to_move 1
[22:29:13.552] STOP to_move 1 nodes_visited 1318
[22:29:13.553] START to_move 2
[22:29:13.678] STOP to_move 2 nodes_visited 2063
[22:29:13.679] START to_move 1
[22:29:13.709] STOP to_move 1 nodes_visited 470
[22:29:13.710] START to_move 2
[22:29:13.851] STOP to_move 2 nodes_visited 2323
[22:29:13.852] START to_move 1
[22:29:13.881] STOP to_move 1 nodes_visited 471
[22:29:13.881] START to_move 2
[22:29:14.041] STOP to_move 2 nodes_visited 2622
[22:29:14.043] START to_move 1
[22:29:14.066] STOP to_move 1 nodes_visited 385
[22:29:14.067] START to_move 2
[22:29:14.251] STOP to_move 2 nodes_visited 3001
[22:29:14.253] START to_move 1
[22:29:14.279] STOP to_move 1 nodes_visited 439
[22:29:14.280] START to_move 2
[22:29:14.338] STOP to_move 2 nodes_visited 976
[22:29:14.338] START to_move 1
[22:29:14.366] STOP to_move 1 nodes_visited 447
[22:29:14.366] START to_move 2
[22:29:14.590] STOP to_move 2 nodes_visited 3636
[22:29:14.592] START to_move 1
[22:29:14.619] STOP to_move 1 nodes_visited 443
[22:29:14.620] START to_move 2
[22:29:14.812] STOP to_move 2 nodes_visited 3122
[22:29:14.814] START to_move 1
[22:29:14.961] STOP to_move 1 nodes_visited 2281
[22:29:14.962] START to_move 2
[22:29:15.102] STOP to_move 2 nodes_visited 2295
[22:29:15.104] START to_move 1
[22:29:15.130] STOP to_move 1 nodes_visited 426
[22:29:15.130] START to_move 2
[22:29:15.350] STOP to_move 2 nodes_visited 3565
[22:29:15.352] START to_move 1
[22:29:15.377] STOP to_move 1 nodes_visited 420
[22:29:15.378] START to_move 2
[22:29:15.571] STOP to_move 2 nodes_visited 3121
[22:29:15.572] START to_move 1
[22:29:15.600] STOP to_move 1 nodes_visited 450
[22:29:15.600] START to_move 2
[22:29:15.696] STOP to_move 2 nodes_visited 1597
[22:29:15.696] START to_move 1
[22:29:15.837] STOP to_move 1 nodes_visited 2188
[22:29:15.838] START to_move 2
[22:29:15.947] STOP to_move 2 nodes_visited 1795
[22:29:15.948] START to_move 1
[22:29:15.969] STOP to_move 1 nodes_visited 351
[22:29:15.970] START to_move 2
[22:29:16.071] STOP to_move 2 nodes_visited 1689
[22:29:16.072] START to_move 1
[22:29:16.093] STOP to_move 1 nodes_visited 347
[22:29:16.093] START to_move 2
[22:29:16.193] STOP to_move 2 nodes_visited 1625
[22:29:16.194] START to_move 1
[22:29:16.215] STOP to_move 1 nodes_visited 344
[22:29:16.215] START to_move 2
[22:29:16.316] STOP to_move 2 nodes_visited 1657
[22:29:16.316] START to_move 1
[22:29:16.338] STOP to_move 1 nodes_visited 356
[22:29:16.338] START to_move 2
[22:29:16.399] STOP to_move 2 nodes_visited 985
[22:29:16.400] START to_move 1
[22:29:16.421] STOP to_move 1 nodes_visited 351
[22:29:16.421] START to_move 2
[22:29:16.481] STOP to_move 2 nodes_visited 985
[22:29:16.482] START to_move 1
[22:29:16.503] STOP to_move 1 nodes_visited 355
[22:29:16.503] START to_move 2
[22:29:16.563] STOP to_move 2 nodes_visited 986
[22:29:16.563] START to_move 1
[22:29:16.585] STOP to_move 1 nodes_visited 355
[22:29:16.585] START to_move 2
[22:29:16.671] STOP to_move 2 nodes_visited 1364
[22:29:16.672] START to_move 1
[22:29:16.693] STOP to_move 1 nodes_visited 353
[22:29:16.693] START to_move 2
[22:29:16.776] STOP to_move 2 nodes_visited 1365
[22:29:16.777] START to_move 1
[22:29:16.799] STOP to_move 1 nodes_visited 360
[22:29:16.799] START to_move 2
[22:29:16.879] STOP to_move 2 nodes_visited 1306
[22:29:16.880] START to_move 1
[22:29:16.901] STOP to_move 1 nodes_visited 347
[22:29:16.901] START to_move 2
[22:29:16.979] STOP to_move 2 nodes_visited 1258
[22:29:16.980] START to_move 1
[22:29:17.001] STOP to_move 1 nodes_visited 347
[22:29:17.001] START to_move 2
[22:29:17.073] STOP to_move 2 nodes_visited 1184
[22:29:17.074] START to_move 1
[22:29:17.096] STOP to_move 1 nodes_visited 361
[22:29:17.096] START to_move 2
[22:29:17.228] STOP to_move 2 nodes_visited 2102
[22:29:17.229] START to_move 1
[22:29:17.306] STOP to_move 1 nodes_visited 1232
[22:29:17.307] START to_move 2
[22:29:17.380] STOP to_move 2 nodes_visited 1181
[22:29:17.381] START to_move 1
[22:29:17.461] STOP to_move 1 nodes_visited 1271
[22:29:17.462] START to_move 2
[22:29:17.539] STOP to_move 2 nodes_visited 1222
[22:29:17.540] START to_move 1
[22:29:17.619] STOP to_move 1 nodes_visited 1271
[22:29:17.620] START to_move 2
[22:29:17.691] STOP to_move 2 nodes_visited 1138
[22:29:17.691] START to_move 1
[22:29:17.716] STOP to_move 1 nodes_visited 412
[22:29:17.716] START to_move 2
[22:29:17.784] STOP to_move 2 nodes_visited 1058
[22:29:17.785] START to_move 1
[22:29:17.810] STOP to_move 1 nodes_visited 408
[22:29:17.810] START to_move 2
[22:29:17.862] STOP to_move 2 nodes_visited 872
[22:29:17.863] START to_move 1
[22:29:17.900] STOP to_move 1 nodes_visited 610
[22:29:17.900] START to_move 2
[22:29:17.943] STOP to_move 2 nodes_visited 723
[22:29:17.944] START to_move 1
[22:29:17.968] STOP to_move 1 nodes_visited 393
[22:29:17.968] START to_move 2
[22:29:18.018] STOP to_move 2 nodes_visited 831
[22:29:18.018] START to_move 1
[22:29:18.041] STOP to_move 1 nodes_visited 384
[22:29:18.042] START to_move 2
[22:29:18.088] STOP to_move 2 nodes_visited 752
[22:29:18.088] START to_move 1
[22:29:18.111] STOP to_move 1 nodes_visited 380
[22:29:18.112] START to_move 2
[22:29:18.157] STOP to_move 2 nodes_visited 763
[22:29:18.158] START to_move 1
[22:29:18.181] STOP to_move 1 nodes_visited 384
[22:29:18.181] START to_move 2
[22:29:18.227] STOP to_move 2 nodes_visited 769
[22:29:18.227] START to_move 1
[22:29:18.251] STOP to_move 1 nodes_visited 384
[22:29:18.251] START to_move 2
[22:29:18.296] STOP to_move 2 nodes_visited 761
[22:29:18.297] START to_move 1
[22:29:18.320] STOP to_move 1 nodes_visited 382
[22:29:18.320] START to_move 2
[22:29:18.367] STOP to_move 2 nodes_visited 762
[22:29:18.367] START to_move 1
[22:29:18.391] STOP to_move 1 nodes_visited 384
[22:29:18.391] START to_move 2
[22:29:18.444] STOP to_move 2 nodes_visited 879
[22:29:18.444] START to_move 1
[22:29:18.467] STOP to_move 1 nodes_visited 379
[22:29:18.468] START to_move 2
[22:29:18.520] STOP to_move 2 nodes_visited 879
[22:29:18.520] START to_move 1
[22:29:18.544] STOP to_move 1 nodes_visited 376
[22:29:18.544] START to_move 2
[22:29:18.658] STOP to_move 2 nodes_visited 1854
[22:29:18.659] START to_move 1
[22:29:18.693] STOP to_move 1 nodes_visited 531
[22:29:18.693] START to_move 2
[22:29:18.733] STOP to_move 2 nodes_visited 666
[22:29:18.733] START to_move 1
[22:29:18.768] STOP to_move 1 nodes_visited 574
[22:29:18.768] START to_move 2
[22:29:18.807] STOP to_move 2 nodes_visited 656
[22:29:18.807] START to_move 1
[22:29:18.828] STOP to_move 1 nodes_visited 347
[22:29:18.828] START to_move 2
[22:29:18.867] STOP to_move 2 nodes_visited 652
[22:29:18.867] START to_move 1
[22:29:18.888] STOP to_move 1 nodes_visited 347
[22:29:18.888] START to_move 2
[22:29:18.972] STOP to_move 2 nodes_visited 1362
[22:29:18.972] START to_move 1
[22:29:18.993] STOP to_move 1 nodes_visited 350
[22:29:18.994] START to_move 2
[22:29:19.036] STOP to_move 2 nodes_visited 714
[22:29:19.037] START to_move 1
[22:29:19.058] STOP to_move 1 nodes_visited 346
[22:29:19.058] START to_move 2
[22:29:19.097] STOP to_move 2 nodes_visited 660
[22:29:19.097] START to_move 1
[22:29:19.118] STOP to_move 1 nodes_visited 337
[22:29:19.118] START to_move 2
[22:29:19.152] STOP to_move 2 nodes_visited 574
[22:29:19.152] START to_move 1
[22:29:19.188] STOP to_move 1 nodes_visited 565
[22:29:19.188] START to_move 2
[22:29:19.230] STOP to_move 2 nodes_visited 677
[22:29:19.230] START to_move 1
[22:29:19.266] STOP to_move 1 nodes_visited 565
[22:29:19.266] START to_move 2
[22:29:19.306] STOP to_move 2 nodes_visited 671
[22:29:19.307] START to_move 1
[22:29:19.340] STOP to_move 1 nodes_visited 535
[22:29:19.340] START to_move 2
[22:29:19.372] STOP to_move 2 nodes_visited 538
[22:29:19.372] START to_move 1
[22:29:19.386] STOP to_move 1 nodes_visited 227
[22:29:19.386] START to_move 2
[22:29:19.418] STOP to_move 2 nodes_visited 544
[22:29:19.419] START to_move 1
[22:29:19.431] STOP to_move 1 nodes_visited 213
[22:29:19.431] START to_move 2
[22:29:19.454] STOP to_move 2 nodes_visited 394
[22:29:19.455] START to_move 1
[22:29:19.467] STOP to_move 1 nodes_visited 201
[22:29:19.467] START to_move 2
[22:29:19.484] STOP to_move 2 nodes_visited 303
[22:29:19.485] START to_move 1
[22:29:19.496] STOP to_move 1 nodes_visited 201
[22:29:19.496] START to_move 2
[22:29:19.514] STOP to_move 2 nodes_visited 303
[22:29:19.515] START to_move 1
[22:29:19.531] STOP to_move 1 nodes_visited 259
[22:29:19.532] START to_move 2
[22:29:19.556] STOP to_move 2 nodes_visited 413
[22:29:19.556] START to_move 1
[22:29:19.572] STOP to_move 1 nodes_visited 267
[22:29:19.572] START to_move 2
[22:29:19.596] STOP to_move 2 nodes_visited 397
[22:29:19.597] START to_move 1
[22:29:19.609] STOP to_move 1 nodes_visited 219
[22:29:19.610] START to_move 2
[22:29:19.636] STOP to_move 2 nodes_visited 448
[22:29:19.636] START to_move 1
[22:29:19.654] STOP to_move 1 nodes_visited 295
[22:29:19.654] START to_move 2
[22:29:19.678] STOP to_move 2 nodes_visited 397
[22:29:19.678] START to_move 1
[22:29:19.694] STOP to_move 1 nodes_visited 281
[22:29:19.695] START to_move 2
[22:29:19.717] STOP to_move 2 nodes_visited 369
[22:29:19.717] START to_move 1
[22:29:19.733] STOP to_move 1 nodes_visited 272
[22:29:19.733] START to_move 2
[22:29:19.757] STOP to_move 2 nodes_visited 380
[22:29:19.757] START to_move 1
[22:29:19.781] STOP to_move 1 nodes_visited 392
[22:29:19.781] START to_move 2
[22:29:19.802] STOP to_move 2 nodes_visited 365
[22:29:19.803] START to_move 1
[22:29:19.818] STOP to_move 1 nodes_visited 234
[22:29:19.818] START to_move 2
[22:29:19.840] STOP to_move 2 nodes_visited 365
[22:29:19.840] START to_move 1
[22:29:19.850] STOP to_move 1 nodes_visited 162
[22:29:19.850] START to_move 2
[22:29:19.891] STOP to_move 2 nodes_visited 682
[22:29:19.891] START to_move 1
[22:29:19.900] STOP to_move 1 nodes_visited 155
[22:29:19.901] START to_move 2
[22:29:19.933] STOP to_move 2 nodes_visited 546
[22:29:19.933] START to_move 1
[22:29:19.942] STOP to_move 1 nodes_visited 141
[22:29:19.942] START to_move 2
[22:29:19.961] STOP to_move 2 nodes_visited 324
[22:29:19.961] START to_move 1
[22:29:19.970] STOP to_move 1 nodes_visited 141
[22:29:19.970] START to_move 2
[22:29:19.983] STOP to_move 2 nodes_visited 211
[22:29:19.983] START to_move 1
[22:29:19.991] STOP to_move 1 nodes_visited 133
[22:29:19.991] START to_move 2
[22:29:20.003] STOP to_move 2 nodes_visited 208
[22:29:20.003] START to_move 1
[22:29:20.011] STOP to_move 1 nodes_visited 130
[22:29:20.011] START to_move 2
[22:29:20.024] STOP to_move 2 nodes_visited 214
[22:29:20.024] START to_move 1
[22:29:20.032] STOP to_move 1 nodes_visited 131
[22:29:20.032] START to_move 2
[22:29:20.045] STOP to_move 2 nodes_visited 217
[22:29:20.045] START to_move 1
[22:29:20.053] STOP to_move 1 nodes_visited 131
[22:29:20.053] START to_move 2
[22:29:20.066] STOP to_move 2 nodes_visited 217
[22:29:20.067] START to_move 1
[22:29:20.074] STOP to_move 1 nodes_visited 131
[22:29:20.075] START to_move 2
[22:29:20.088] STOP to_move 2 nodes_visited 217
[22:29:20.088] START to_move 1
[22:29:20.094] STOP to_move 1 nodes_visited 115
[22:29:20.095] START to_move 2
[22:29:20.104] STOP to_move 2 nodes_visited 159
[22:29:20.104] START to_move 1
[22:29:20.116] STOP to_move 1 nodes_visited 198
[22:29:20.117] START to_move 2
[22:29:20.133] STOP to_move 2 nodes_visited 247
[22:29:20.133] START to_move 1
[22:29:20.141] STOP to_move 1 nodes_visited 132
[22:29:20.141] START to_move 2
[22:29:20.151] STOP to_move 2 nodes_visited 166
[22:29:20.151] START to_move 1
[22:29:20.159] STOP to_move 1 nodes_visited 139
[22:29:20.160] START to_move 2
[22:29:20.172] STOP to_move 2 nodes_visited 202
[22:29:20.172] START to_move 1
[22:29:20.180] STOP to_move 1 nodes_visited 142
[22:29:20.181] START to_move 2
[22:29:20.193] STOP to_move 2 nodes_visited 211
[22:29:20.193] START to_move 1
[22:29:20.202] STOP to_move 1 nodes_visited 142
[22:29:20.202] START to_move 2
[22:29:20.215] STOP to_move 2 nodes_visited 211
[22:29:20.215] START to_move 1
[22:29:20.223] STOP to_move 1 nodes_visited 140
[22:29:20.223] START to_move 2
[22:29:20.254] STOP to_move 2 nodes_visited 497
[22:29:20.254] START to_move 1
[22:29:20.264] STOP to_move 1 nodes_visited 163
[22:29:20.264] START to_move 2
[22:29:20.273] STOP to_move 2 nodes_visited 145
[22:29:20.273] START to_move 1
[22:29:20.283] STOP to_move 1 nodes_visited 157
[22:29:20.283] START to_move 2
[22:29:20.291] STOP to_move 2 nodes_visited 131
[22:29:20.291] START to_move 1
[22:29:20.301] STOP to_move 1 nodes_visited 169
[22:29:20.301] START to_move 2
[22:29:20.306] STOP to_move 2 nodes_visited 87
[22:29:20.306] START to_move 1
[22:29:20.314] STOP to_move 1 nodes_visited 126
[22:29:20.315] START to_move 2
[22:29:20.320] STOP to_move 2 nodes_visited 89
[22:29:20.320] START to_move 1
[22:29:20.327] STOP to_move 1 nodes_visited 113
[22:29:20.327] START to_move 2
[22:29:20.334] STOP to_move 2 nodes_visited 108
[22:29:20.334] START to_move 1
[22:29:20.339] STOP to_move 1 nodes_visited 99
[22:29:20.339] START to_move 2
[22:29:20.345] STOP to_move 2 nodes_visited 86
[22:29:20.345] END winner 2 - rounds 176
