[21:20:54.507] 1 - distance_function chebyshev - pruning True
[21:20:54.507] 2 - distance_function euclides - pruning True
[21:20:54.508] START to_move 1
[21:20:54.621] STOP to_move 1 nodes_visited 1782
[21:20:54.622] START to_move 2
[21:20:54.721] STOP to_move 2 nodes_visited 1491
[21:20:54.722] START to_move 1
[21:20:54.852] STOP to_move 1 nodes_visited 2014
[21:20:54.853] START to_move 2
[21:20:54.965] STOP to_move 2 nodes_visited 1813
[21:20:54.966] START to_move 1
[21:20:55.072] STOP to_move 1 nodes_visited 1657
[21:20:55.073] START to_move 2
[21:20:55.180] STOP to_move 2 nodes_visited 1755
[21:20:55.181] START to_move 1
[21:20:55.290] STOP to_move 1 nodes_visited 1691
[21:20:55.291] START to_move 2
[21:20:55.410] STOP to_move 2 nodes_visited 1888
[21:20:55.411] START to_move 1
[21:20:55.476] STOP to_move 1 nodes_visited 1044
[21:20:55.477] START to_move 2
[21:20:55.583] STOP to_move 2 nodes_visited 1647
[21:20:55.584] START to_move 1
[21:20:55.647] STOP to_move 1 nodes_visited 1013
[21:20:55.647] START to_move 2
[21:20:55.796] STOP to_move 2 nodes_visited 2367
[21:20:55.798] START to_move 1
[21:20:55.915] STOP to_move 1 nodes_visited 1791
[21:20:55.916] START to_move 2
[21:20:56.112] STOP to_move 2 nodes_visited 3076
[21:20:56.114] START to_move 1
[21:20:56.228] STOP to_move 1 nodes_visited 1824
[21:20:56.229] START to_move 2
[21:20:56.394] STOP to_move 2 nodes_visited 2616
[21:20:56.396] START to_move 1
[21:20:56.538] STOP to_move 1 nodes_visited 2206
[21:20:56.539] START to_move 2
[21:20:56.708] STOP to_move 2 nodes_visited 2663
[21:20:56.709] START to_move 1
[21:20:56.804] STOP to_move 1 nodes_visited 1470
[21:20:56.804] START to_move 2
[21:20:56.917] STOP to_move 2 nodes_visited 1799
[21:20:56.918] START to_move 1
[21:20:57.000] STOP to_move 1 nodes_visited 1284
[21:20:57.001] START to_move 2
[21:20:57.067] STOP to_move 2 nodes_visited 1080
[21:20:57.068] START to_move 1
[21:20:57.206] STOP to_move 1 nodes_visited 2138
[21:20:57.208] START to_move 2
[21:20:57.325] STOP to_move 2 nodes_visited 1892
[21:20:57.326] START to_move 1
[21:20:57.347] STOP to_move 1 nodes_visited 360
[21:20:57.348] START to_move 2
[21:20:57.508] STOP to_move 2 nodes_visited 2528
[21:20:57.510] START to_move 1
[21:20:57.531] STOP to_move 1 nodes_visited 357
[21:20:57.531] START to_move 2
[21:20:57.762] STOP to_move 2 nodes_visited 3642
[21:20:57.764] START to_move 1
[21:20:57.785] STOP to_move 1 nodes_visited 353
[21:20:57.785] START to_move 2
[21:20:57.924] STOP to_move 2 nodes_visited 2266
[21:20:57.925] START to_move 1
[21:20:57.946] STOP to_move 1 nodes_visited 346
[21:20:57.946] START to_move 2
[21:20:58.106] STOP to_move 2 nodes_visited 2575
[21:20:58.107] START to_move 1
[21:20:58.127] STOP to_move 1 nodes_visited 343
[21:20:58.128] START to_move 2
[21:20:58.172] STOP to_move 2 nodes_visited 737
[21:20:58.172] START to_move 1
[21:20:58.192] STOP to_move 1 nodes_visited 338
[21:20:58.192] START to_move 2
[21:20:58.445] STOP to_move 2 nodes_visited 4077
[21:20:58.447] START to_move 1
[21:20:58.467] STOP to_move 1 nodes_visited 336
[21:20:58.467] START to_move 2
[21:20:58.517] STOP to_move 2 nodes_visited 836
[21:20:58.518] START to_move 1
[21:20:58.539] STOP to_move 1 nodes_visited 330
[21:20:58.539] START to_move 2
[21:20:58.588] STOP to_move 2 nodes_visited 829
[21:20:58.589] START to_move 1
[21:20:58.608] STOP to_move 1 nodes_visited 329
[21:20:58.609] START to_move 2
[21:20:58.841] STOP to_move 2 nodes_visited 3742
[21:20:58.843] START to_move 1
[21:20:58.863] STOP to_move 1 nodes_visited 338
[21:20:58.863] START to_move 2
[21:20:59.019] STOP to_move 2 nodes_visited 2547
[21:20:59.020] START to_move 1
[21:20:59.112] STOP to_move 1 nodes_visited 1437
[21:20:59.112] START to_move 2
[21:20:59.249] STOP to_move 2 nodes_visited 2160
[21:20:59.251] START to_move 1
[21:20:59.270] STOP to_move 1 nodes_visited 334
[21:20:59.271] START to_move 2
[21:20:59.397] STOP to_move 2 nodes_visited 1966
[21:20:59.398] START to_move 1
[21:20:59.417] STOP to_move 1 nodes_visited 326
[21:20:59.417] START to_move 2
[21:20:59.535] STOP to_move 2 nodes_visited 1882
[21:20:59.536] START to_move 1
[21:20:59.554] STOP to_move 1 nodes_visited 314
[21:20:59.554] START to_move 2
[21:20:59.703] STOP to_move 2 nodes_visited 2337
[21:20:59.705] START to_move 1
[21:20:59.730] STOP to_move 1 nodes_visited 426
[21:20:59.730] START to_move 2
[21:20:59.868] STOP to_move 2 nodes_visited 2198
[21:20:59.869] START to_move 1
[21:20:59.889] STOP to_move 1 nodes_visited 301
[21:20:59.889] START to_move 2
[21:20:59.978] STOP to_move 2 nodes_visited 1459
[21:20:59.979] START to_move 1
[21:20:59.997] STOP to_move 1 nodes_visited 300
[21:20:59.997] START to_move 2
[21:21:00.132] STOP to_move 2 nodes_visited 2239
[21:21:00.133] START to_move 1
[21:21:00.189] STOP to_move 1 nodes_visited 878
[21:21:00.189] START to_move 2
[21:21:00.258] STOP to_move 2 nodes_visited 1131
[21:21:00.259] START to_move 1
[21:21:00.276] STOP to_move 1 nodes_visited 293
[21:21:00.276] START to_move 2
[21:21:00.351] STOP to_move 2 nodes_visited 1226
[21:21:00.351] START to_move 1
[21:21:00.368] STOP to_move 1 nodes_visited 289
[21:21:00.368] START to_move 2
[21:21:00.449] STOP to_move 2 nodes_visited 1278
[21:21:00.449] START to_move 1
[21:21:00.470] STOP to_move 1 nodes_visited 357
[21:21:00.470] START to_move 2
[21:21:00.564] STOP to_move 2 nodes_visited 1520
[21:21:00.565] START to_move 1
[21:21:00.792] STOP to_move 1 nodes_visited 3520
[21:21:00.794] START to_move 2
[21:21:00.880] STOP to_move 2 nodes_visited 1379
[21:21:00.880] START to_move 1
[21:21:01.060] STOP to_move 1 nodes_visited 2745
[21:21:01.062] START to_move 2
[21:21:01.192] STOP to_move 2 nodes_visited 2091
[21:21:01.194] START to_move 1
[21:21:01.228] STOP to_move 1 nodes_visited 556
[21:21:01.229] START to_move 2
[21:21:01.350] STOP to_move 2 nodes_visited 1915
[21:21:01.351] START to_move 1
[21:21:01.367] STOP to_move 1 nodes_visited 282
[21:21:01.368] START to_move 2
[21:21:01.530] STOP to_move 2 nodes_visited 2524
[21:21:01.532] START to_move 1
[21:21:01.548] STOP to_move 1 nodes_visited 271
[21:21:01.548] START to_move 2
[21:21:01.778] STOP to_move 2 nodes_visited 3640
[21:21:01.781] START to_move 1
[21:21:01.799] STOP to_move 1 nodes_visited 278
[21:21:01.799] START to_move 2
[21:21:02.004] STOP to_move 2 nodes_visited 3279
[21:21:02.006] START to_move 1
[21:21:02.022] STOP to_move 1 nodes_visited 281
[21:21:02.023] START to_move 2
[21:21:02.233] STOP to_move 2 nodes_visited 3394
[21:21:02.235] START to_move 1
[21:21:02.292] STOP to_move 1 nodes_visited 866
[21:21:02.293] START to_move 2
[21:21:02.503] STOP to_move 2 nodes_visited 3391
[21:21:02.505] START to_move 1
[21:21:02.522] STOP to_move 1 nodes_visited 288
[21:21:02.522] START to_move 2
[21:21:02.706] STOP to_move 2 nodes_visited 2969
[21:21:02.708] START to_move 1
[21:21:02.742] STOP to_move 1 nodes_visited 544
[21:21:02.742] START to_move 2
[21:21:02.805] STOP to_move 2 nodes_visited 995
[21:21:02.806] START to_move 1
[21:21:02.826] STOP to_move 1 nodes_visited 323
[21:21:02.826] START to_move 2
[21:21:03.013] STOP to_move 2 nodes_visited 3031
[21:21:03.015] START to_move 1
[21:21:03.040] STOP to_move 1 nodes_visited 421
[21:21:03.041] START to_move 2
[21:21:03.234] STOP to_move 2 nodes_visited 3068
[21:21:03.235] START to_move 1
[21:21:03.254] STOP to_move 1 nodes_visited 323
[21:21:03.255] START to_move 2
[21:21:03.418] STOP to_move 2 nodes_visited 2610
[21:21:03.420] START to_move 1
[21:21:03.439] STOP to_move 1 nodes_visited 322
[21:21:03.439] START to_move 2
[21:21:03.619] STOP to_move 2 nodes_visited 2949
[21:21:03.621] START to_move 1
[21:21:03.640] STOP to_move 1 nodes_visited 325
[21:21:03.640] START to_move 2
[21:21:03.831] STOP to_move 2 nodes_visited 3099
[21:21:03.833] START to_move 1
[21:21:03.846] STOP to_move 1 nodes_visited 217
[21:21:03.846] START to_move 2
[21:21:04.039] STOP to_move 2 nodes_visited 3113
[21:21:04.040] START to_move 1
[21:21:04.053] STOP to_move 1 nodes_visited 217
[21:21:04.053] START to_move 2
[21:21:04.240] STOP to_move 2 nodes_visited 2964
[21:21:04.241] START to_move 1
[21:21:04.253] STOP to_move 1 nodes_visited 213
[21:21:04.254] START to_move 2
[21:21:04.419] STOP to_move 2 nodes_visited 2664
[21:21:04.421] START to_move 1
[21:21:04.433] STOP to_move 1 nodes_visited 204
[21:21:04.433] START to_move 2
[21:21:04.598] STOP to_move 2 nodes_visited 2623
[21:21:04.600] START to_move 1
[21:21:04.627] STOP to_move 1 nodes_visited 454
[21:21:04.627] START to_move 2
[21:21:04.789] STOP to_move 2 nodes_visited 2601
[21:21:04.791] START to_move 1
[21:21:04.817] STOP to_move 1 nodes_visited 441
[21:21:04.817] START to_move 2
[21:21:04.941] STOP to_move 2 nodes_visited 2035
[21:21:04.942] START to_move 1
[21:21:04.969] STOP to_move 1 nodes_visited 451
[21:21:04.970] START to_move 2
[21:21:05.082] STOP to_move 2 nodes_visited 1804
[21:21:05.082] START to_move 1
[21:21:05.118] STOP to_move 1 nodes_visited 581
[21:21:05.118] START to_move 2
[21:21:05.267] STOP to_move 2 nodes_visited 2452
[21:21:05.268] START to_move 1
[21:21:05.282] STOP to_move 1 nodes_visited 204
[21:21:05.282] START to_move 2
[21:21:05.417] STOP to_move 2 nodes_visited 2233
[21:21:05.418] START to_move 1
[21:21:05.435] STOP to_move 1 nodes_visited 271
[21:21:05.435] START to_move 2
[21:21:05.555] STOP to_move 2 nodes_visited 1937
[21:21:05.556] START to_move 1
[21:21:05.567] STOP to_move 1 nodes_visited 202
[21:21:05.568] START to_move 2
[21:21:05.675] STOP to_move 2 nodes_visited 1763
[21:21:05.675] START to_move 1
[21:21:05.687] STOP to_move 1 nodes_visited 198
[21:21:05.687] START to_move 2
[21:21:05.784] STOP to_move 2 nodes_visited 1599
[21:21:05.785] START to_move 1
[21:21:05.795] STOP to_move 1 nodes_visited 192
[21:21:05.795] START to_move 2
[21:21:05.873] STOP to_move 2 nodes_visited 1261
[21:21:05.874] START to_move 1
[21:21:05.885] STOP to_move 1 nodes_visited 192
[21:21:05.885] START to_move 2
[21:21:05.919] STOP to_move 2 nodes_visited 573
[21:21:05.919] START to_move 1
[21:21:05.931] STOP to_move 1 nodes_visited 196
[21:21:05.931] START to_move 2
[21:21:05.964] STOP to_move 2 nodes_visited 562
[21:21:05.964] START to_move 1
[21:21:05.975] STOP to_move 1 nodes_visited 188
[21:21:05.975] START to_move 2
[21:21:06.008] STOP to_move 2 nodes_visited 542
[21:21:06.008] START to_move 1
[21:21:06.018] STOP to_move 1 nodes_visited 182
[21:21:06.018] START to_move 2
[21:21:06.087] STOP to_move 2 nodes_visited 1101
[21:21:06.088] START to_move 1
[21:21:06.098] STOP to_move 1 nodes_visited 180
[21:21:06.098] START to_move 2
[21:21:06.145] STOP to_move 2 nodes_visited 770
[21:21:06.145] START to_move 1
[21:21:06.155] STOP to_move 1 nodes_visited 178
[21:21:06.155] START to_move 2
[21:21:06.202] STOP to_move 2 nodes_visited 770
[21:21:06.202] START to_move 1
[21:21:06.212] STOP to_move 1 nodes_visited 176
[21:21:06.212] START to_move 2
[21:21:06.247] STOP to_move 2 nodes_visited 580
[21:21:06.247] START to_move 1
[21:21:06.258] STOP to_move 1 nodes_visited 188
[21:21:06.258] START to_move 2
[21:21:06.296] STOP to_move 2 nodes_visited 625
[21:21:06.296] START to_move 1
[21:21:06.306] STOP to_move 1 nodes_visited 190
[21:21:06.307] START to_move 2
[21:21:06.344] STOP to_move 2 nodes_visited 625
[21:21:06.344] START to_move 1
[21:21:06.355] STOP to_move 1 nodes_visited 190
[21:21:06.355] START to_move 2
[21:21:06.394] STOP to_move 2 nodes_visited 630
[21:21:06.394] START to_move 1
[21:21:06.404] STOP to_move 1 nodes_visited 174
[21:21:06.404] START to_move 2
[21:21:06.442] STOP to_move 2 nodes_visited 631
[21:21:06.442] START to_move 1
[21:21:06.453] STOP to_move 1 nodes_visited 188
[21:21:06.453] START to_move 2
[21:21:06.498] STOP to_move 2 nodes_visited 755
[21:21:06.499] START to_move 1
[21:21:06.509] STOP to_move 1 nodes_visited 184
[21:21:06.510] START to_move 2
[21:21:06.558] STOP to_move 2 nodes_visited 803
[21:21:06.558] START to_move 1
[21:21:06.568] STOP to_move 1 nodes_visited 167
[21:21:06.568] START to_move 2
[21:21:06.617] STOP to_move 2 nodes_visited 792
[21:21:06.618] START to_move 1
[21:21:06.628] STOP to_move 1 nodes_visited 184
[21:21:06.629] START to_move 2
[21:21:06.684] STOP to_move 2 nodes_visited 884
[21:21:06.684] START to_move 1
[21:21:06.694] STOP to_move 1 nodes_visited 173
[21:21:06.694] START to_move 2
[21:21:06.731] STOP to_move 2 nodes_visited 609
[21:21:06.731] START to_move 1
[21:21:06.741] STOP to_move 1 nodes_visited 173
[21:21:06.741] START to_move 2
[21:21:06.768] STOP to_move 2 nodes_visited 451
[21:21:06.768] START to_move 1
[21:21:06.783] STOP to_move 1 nodes_visited 245
[21:21:06.783] START to_move 2
[21:21:06.815] STOP to_move 2 nodes_visited 542
[21:21:06.816] START to_move 1
[21:21:06.831] STOP to_move 1 nodes_visited 251
[21:21:06.831] START to_move 2
[21:21:06.877] STOP to_move 2 nodes_visited 765
[21:21:06.877] START to_move 1
[21:21:06.894] STOP to_move 1 nodes_visited 288
[21:21:06.894] START to_move 2
[21:21:06.952] STOP to_move 2 nodes_visited 940
[21:21:06.953] START to_move 1
[21:21:06.973] STOP to_move 1 nodes_visited 316
[21:21:06.973] START to_move 2
[21:21:07.045] STOP to_move 2 nodes_visited 1169
[21:21:07.045] START to_move 1
[21:21:07.062] STOP to_move 1 nodes_visited 277
[21:21:07.062] START to_move 2
[21:21:07.148] STOP to_move 2 nodes_visited 1398
[21:21:07.149] START to_move 1
[21:21:07.159] STOP to_move 1 nodes_visited 175
[21:21:07.159] START to_move 2
[21:21:07.228] STOP to_move 2 nodes_visited 1112
[21:21:07.228] START to_move 1
[21:21:07.246] STOP to_move 1 nodes_visited 273
[21:21:07.247] START to_move 2
[21:21:07.331] STOP to_move 2 nodes_visited 1356
[21:21:07.332] START to_move 1
[21:21:07.342] STOP to_move 1 nodes_visited 171
[21:21:07.342] START to_move 2
[21:21:07.400] STOP to_move 2 nodes_visited 952
[21:21:07.400] START to_move 1
[21:21:07.409] STOP to_move 1 nodes_visited 155
[21:21:07.409] START to_move 2
[21:21:07.474] STOP to_move 2 nodes_visited 1063
[21:21:07.475] START to_move 1
[21:21:07.484] STOP to_move 1 nodes_visited 162
[21:21:07.484] START to_move 2
[21:21:07.542] STOP to_move 2 nodes_visited 920
[21:21:07.543] START to_move 1
[21:21:07.551] STOP to_move 1 nodes_visited 147
[21:21:07.551] START to_move 2
[21:21:07.622] STOP to_move 2 nodes_visited 1127
[21:21:07.623] START to_move 1
[21:21:07.632] STOP to_move 1 nodes_visited 158
[21:21:07.632] START to_move 2
[21:21:07.691] STOP to_move 2 nodes_visited 938
[21:21:07.691] START to_move 1
[21:21:07.706] STOP to_move 1 nodes_visited 251
[21:21:07.707] START to_move 2
[21:21:07.771] STOP to_move 2 nodes_visited 1031
[21:21:07.772] START to_move 1
[21:21:07.781] STOP to_move 1 nodes_visited 152
[21:21:07.781] START to_move 2
[21:21:07.842] STOP to_move 2 nodes_visited 947
[21:21:07.842] START to_move 1
[21:21:07.856] STOP to_move 1 nodes_visited 228
[21:21:07.856] START to_move 2
[21:21:07.926] STOP to_move 2 nodes_visited 1136
[21:21:07.927] START to_move 1
[21:21:07.935] STOP to_move 1 nodes_visited 146
[21:21:07.935] START to_move 2
[21:21:07.989] STOP to_move 2 nodes_visited 874
[21:21:07.990] START to_move 1
[21:21:08.004] STOP to_move 1 nodes_visited 230
[21:21:08.004] START to_move 2
[21:21:08.025] STOP to_move 2 nodes_visited 349
[21:21:08.025] START to_move 1
[21:21:08.037] STOP to_move 1 nodes_visited 204
[21:21:08.037] START to_move 2
[21:21:08.063] STOP to_move 2 nodes_visited 429
[21:21:08.063] START to_move 1
[21:21:08.072] STOP to_move 1 nodes_visited 144
[21:21:08.072] START to_move 2
[21:21:08.105] STOP to_move 2 nodes_visited 514
[21:21:08.105] START to_move 1
[21:21:08.114] STOP to_move 1 nodes_visited 145
[21:21:08.114] START to_move 2
[21:21:08.139] STOP to_move 2 nodes_visited 396
[21:21:08.139] START to_move 1
[21:21:08.147] STOP to_move 1 nodes_visited 133
[21:21:08.147] START to_move 2
[21:21:08.163] STOP to_move 2 nodes_visited 271
[21:21:08.163] END winner 2 - rounds 198
