[22:54:43.128] 1 - distance_function chebyshev - pruning True
[22:54:43.128] 2 - distance_function euclides - pruning True
[22:54:43.128] START to_move 1
[22:54:43.201] STOP to_move 1 nodes_visited 1152
[22:54:43.202] START to_move 2
[22:54:43.554] STOP to_move 2 nodes_visited 5517
[22:54:43.558] START to_move 1
[22:54:43.587] STOP to_move 1 nodes_visited 463
[22:54:43.588] START to_move 2
[22:54:43.875] STOP to_move 2 nodes_visited 4601
[22:54:43.878] START to_move 1
[22:54:43.913] STOP to_move 1 nodes_visited 567
[22:54:43.913] START to_move 2
[22:54:44.325] STOP to_move 2 nodes_visited 6611
[22:54:44.329] START to_move 1
[22:54:44.356] STOP to_move 1 nodes_visited 446
[22:54:44.357] START to_move 2
[22:54:44.774] STOP to_move 2 nodes_visited 6655
[22:54:44.778] START to_move 1
[22:54:44.902] STOP to_move 1 nodes_visited 1976
[22:54:44.903] START to_move 2
[22:54:44.998] STOP to_move 2 nodes_visited 1573
[22:54:44.999] START to_move 1
[22:54:45.125] STOP to_move 1 nodes_visited 1997
[22:54:45.126] START to_move 2
[22:54:45.156] STOP to_move 2 nodes_visited 516
[22:54:45.157] START to_move 1
[22:54:45.291] STOP to_move 1 nodes_visited 2090
[22:54:45.292] START to_move 2
[22:54:45.429] STOP to_move 2 nodes_visited 2261
[22:54:45.431] START to_move 1
[22:54:45.472] STOP to_move 1 nodes_visited 650
[22:54:45.473] START to_move 2
[22:54:45.682] STOP to_move 2 nodes_visited 3424
[22:54:45.684] START to_move 1
[22:54:45.725] STOP to_move 1 nodes_visited 656
[22:54:45.726] START to_move 2
[22:54:45.806] STOP to_move 2 nodes_visited 1333
[22:54:45.807] START to_move 1
[22:54:45.933] STOP to_move 1 nodes_visited 2024
[22:54:45.934] START to_move 2
[22:54:46.072] STOP to_move 2 nodes_visited 2231
[22:54:46.073] START to_move 1
[22:54:46.200] STOP to_move 1 nodes_visited 2027
[22:54:46.201] START to_move 2
[22:54:46.439] STOP to_move 2 nodes_visited 3881
[22:54:46.441] START to_move 1
[22:54:46.567] STOP to_move 1 nodes_visited 1976
[22:54:46.568] START to_move 2
[22:54:46.754] STOP to_move 2 nodes_visited 3068
[22:54:46.756] START to_move 1
[22:54:46.891] STOP to_move 1 nodes_visited 2145
[22:54:46.893] START to_move 2
[22:54:47.071] STOP to_move 2 nodes_visited 2906
[22:54:47.072] START to_move 1
[22:54:47.216] STOP to_move 1 nodes_visited 2270
[22:54:47.217] START to_move 2
[22:54:47.448] STOP to_move 2 nodes_visited 3778
[22:54:47.450] START to_move 1
[22:54:47.631] STOP to_move 1 nodes_visited 2796
[22:54:47.632] START to_move 2
[22:54:47.763] STOP to_move 2 nodes_visited 2151
[22:54:47.764] START to_move 1
[22:54:47.898] STOP to_move 1 nodes_visited 2116
[22:54:47.899] START to_move 2
[22:54:48.089] STOP to_move 2 nodes_visited 3081
[22:54:48.091] START to_move 1
[22:54:48.222] STOP to_move 1 nodes_visited 2114
[22:54:48.223] START to_move 2
[22:54:48.397] STOP to_move 2 nodes_visited 2821
[22:54:48.398] START to_move 1
[22:54:48.535] STOP to_move 1 nodes_visited 2196
[22:54:48.536] START to_move 2
[22:54:49.043] STOP to_move 2 nodes_visited 7962
[22:54:49.048] START to_move 1
[22:54:49.250] STOP to_move 1 nodes_visited 3170
[22:54:49.252] START to_move 2
[22:54:49.558] STOP to_move 2 nodes_visited 4795
[22:54:49.561] START to_move 1
[22:54:49.621] STOP to_move 1 nodes_visited 981
[22:54:49.622] START to_move 2
[22:54:50.086] STOP to_move 2 nodes_visited 7316
[22:54:50.091] START to_move 1
[22:54:50.151] STOP to_move 1 nodes_visited 987
[22:54:50.152] START to_move 2
[22:54:50.431] STOP to_move 2 nodes_visited 4598
[22:54:50.434] START to_move 1
[22:54:50.569] STOP to_move 1 nodes_visited 2097
[22:54:50.571] START to_move 2
[22:54:50.695] STOP to_move 2 nodes_visited 1985
[22:54:50.696] START to_move 1
[22:54:50.727] STOP to_move 1 nodes_visited 525
[22:54:50.728] START to_move 2
[22:54:50.977] STOP to_move 2 nodes_visited 4035
[22:54:50.979] START to_move 1
[22:54:51.013] STOP to_move 1 nodes_visited 526
[22:54:51.013] START to_move 2
[22:54:51.149] STOP to_move 2 nodes_visited 2199
[22:54:51.150] START to_move 1
[22:54:51.239] STOP to_move 1 nodes_visited 1437
[22:54:51.240] START to_move 2
[22:54:51.501] STOP to_move 2 nodes_visited 4299
[22:54:51.503] START to_move 1
[22:54:51.536] STOP to_move 1 nodes_visited 520
[22:54:51.537] START to_move 2
[22:54:51.706] STOP to_move 2 nodes_visited 2823
[22:54:51.707] START to_move 1
[22:54:51.739] STOP to_move 1 nodes_visited 517
[22:54:51.739] START to_move 2
[22:54:51.925] STOP to_move 2 nodes_visited 3059
[22:54:51.927] START to_move 1
[22:54:51.958] STOP to_move 1 nodes_visited 517
[22:54:51.958] START to_move 2
[22:54:52.145] STOP to_move 2 nodes_visited 3051
[22:54:52.146] START to_move 1
[22:54:52.335] STOP to_move 1 nodes_visited 2931
[22:54:52.337] START to_move 2
[22:54:52.526] STOP to_move 2 nodes_visited 3079
[22:54:52.528] START to_move 1
[22:54:52.558] STOP to_move 1 nodes_visited 489
[22:54:52.558] START to_move 2
[22:54:52.630] STOP to_move 2 nodes_visited 1169
[22:54:52.631] START to_move 1
[22:54:52.660] STOP to_move 1 nodes_visited 484
[22:54:52.660] START to_move 2
[22:54:52.729] STOP to_move 2 nodes_visited 1140
[22:54:52.729] START to_move 1
[22:54:52.759] STOP to_move 1 nodes_visited 476
[22:54:52.759] START to_move 2
[22:54:52.828] STOP to_move 2 nodes_visited 1136
[22:54:52.828] START to_move 1
[22:54:52.859] STOP to_move 1 nodes_visited 486
[22:54:52.860] START to_move 2
[22:54:52.928] STOP to_move 2 nodes_visited 1132
[22:54:52.929] START to_move 1
[22:54:52.958] STOP to_move 1 nodes_visited 484
[22:54:52.959] START to_move 2
[22:54:53.112] STOP to_move 2 nodes_visited 2511
[22:54:53.114] START to_move 1
[22:54:53.144] STOP to_move 1 nodes_visited 486
[22:54:53.145] START to_move 2
[22:54:53.341] STOP to_move 2 nodes_visited 3222
[22:54:53.342] START to_move 1
[22:54:53.371] STOP to_move 1 nodes_visited 474
[22:54:53.372] START to_move 2
[22:54:53.576] STOP to_move 2 nodes_visited 3331
[22:54:53.578] START to_move 1
[22:54:53.605] STOP to_move 1 nodes_visited 441
[22:54:53.605] START to_move 2
[22:54:53.745] STOP to_move 2 nodes_visited 2266
[22:54:53.746] START to_move 1
[22:54:53.773] STOP to_move 1 nodes_visited 444
[22:54:53.773] START to_move 2
[22:54:53.903] STOP to_move 2 nodes_visited 2166
[22:54:53.904] START to_move 1
[22:54:53.933] STOP to_move 1 nodes_visited 440
[22:54:53.933] START to_move 2
[22:54:53.984] STOP to_move 2 nodes_visited 855
[22:54:53.984] START to_move 1
[22:54:54.032] STOP to_move 1 nodes_visited 767
[22:54:54.032] START to_move 2
[22:54:54.132] STOP to_move 2 nodes_visited 1658
[22:54:54.133] START to_move 1
[22:54:54.186] STOP to_move 1 nodes_visited 817
[22:54:54.186] START to_move 2
[22:54:54.302] STOP to_move 2 nodes_visited 1937
[22:54:54.303] START to_move 1
[22:54:54.349] STOP to_move 1 nodes_visited 737
[22:54:54.350] START to_move 2
[22:54:54.515] STOP to_move 2 nodes_visited 2705
[22:54:54.517] START to_move 1
[22:54:54.561] STOP to_move 1 nodes_visited 723
[22:54:54.562] START to_move 2
[22:54:54.646] STOP to_move 2 nodes_visited 1403
[22:54:54.647] START to_move 1
[22:54:54.673] STOP to_move 1 nodes_visited 427
[22:54:54.673] START to_move 2
[22:54:54.727] STOP to_move 2 nodes_visited 860
[22:54:54.727] START to_move 1
[22:54:54.752] STOP to_move 1 nodes_visited 423
[22:54:54.753] START to_move 2
[22:54:54.911] STOP to_move 2 nodes_visited 2638
[22:54:54.913] START to_move 1
[22:54:54.938] STOP to_move 1 nodes_visited 410
[22:54:54.938] START to_move 2
[22:54:55.114] STOP to_move 2 nodes_visited 2858
[22:54:55.115] START to_move 1
[22:54:55.140] STOP to_move 1 nodes_visited 406
[22:54:55.140] START to_move 2
[22:54:55.190] STOP to_move 2 nodes_visited 838
[22:54:55.191] START to_move 1
[22:54:55.216] STOP to_move 1 nodes_visited 410
[22:54:55.216] START to_move 2
[22:54:55.269] STOP to_move 2 nodes_visited 847
[22:54:55.270] START to_move 1
[22:54:55.313] STOP to_move 1 nodes_visited 699
[22:54:55.313] START to_move 2
[22:54:55.358] STOP to_move 2 nodes_visited 739
[22:54:55.359] START to_move 1
[22:54:55.383] STOP to_move 1 nodes_visited 394
[22:54:55.383] START to_move 2
[22:54:55.438] STOP to_move 2 nodes_visited 914
[22:54:55.438] START to_move 1
[22:54:55.461] STOP to_move 1 nodes_visited 370
[22:54:55.461] START to_move 2
[22:54:55.571] STOP to_move 2 nodes_visited 1779
[22:54:55.572] START to_move 1
[22:54:55.595] STOP to_move 1 nodes_visited 376
[22:54:55.595] START to_move 2
[22:54:55.639] STOP to_move 2 nodes_visited 726
[22:54:55.639] START to_move 1
[22:54:55.662] STOP to_move 1 nodes_visited 380
[22:54:55.662] START to_move 2
[22:54:55.701] STOP to_move 2 nodes_visited 657
[22:54:55.702] START to_move 1
[22:54:55.725] STOP to_move 1 nodes_visited 380
[22:54:55.725] START to_move 2
[22:54:55.765] STOP to_move 2 nodes_visited 666
[22:54:55.765] START to_move 1
[22:54:55.788] STOP to_move 1 nodes_visited 385
[22:54:55.788] START to_move 2
[22:54:55.839] STOP to_move 2 nodes_visited 852
[22:54:55.839] START to_move 1
[22:54:55.864] STOP to_move 1 nodes_visited 385
[22:54:55.864] START to_move 2
[22:54:55.915] STOP to_move 2 nodes_visited 854
[22:54:55.915] START to_move 1
[22:54:55.938] STOP to_move 1 nodes_visited 384
[22:54:55.938] START to_move 2
[22:54:55.996] STOP to_move 2 nodes_visited 970
[22:54:55.997] START to_move 1
[22:54:56.020] STOP to_move 1 nodes_visited 376
[22:54:56.020] START to_move 2
[22:54:56.061] STOP to_move 2 nodes_visited 701
[22:54:56.062] START to_move 1
[22:54:56.085] STOP to_move 1 nodes_visited 377
[22:54:56.085] START to_move 2
[22:54:56.134] STOP to_move 2 nodes_visited 791
[22:54:56.134] START to_move 1
[22:54:56.172] STOP to_move 1 nodes_visited 613
[22:54:56.172] START to_move 2
[22:54:56.222] STOP to_move 2 nodes_visited 846
[22:54:56.222] START to_move 1
[22:54:56.247] STOP to_move 1 nodes_visited 413
[22:54:56.247] START to_move 2
[22:54:56.292] STOP to_move 2 nodes_visited 757
[22:54:56.293] START to_move 1
[22:54:56.317] STOP to_move 1 nodes_visited 403
[22:54:56.317] START to_move 2
[22:54:56.356] STOP to_move 2 nodes_visited 664
[22:54:56.357] START to_move 1
[22:54:56.382] STOP to_move 1 nodes_visited 414
[22:54:56.382] START to_move 2
[22:54:56.425] STOP to_move 2 nodes_visited 702
[22:54:56.426] START to_move 1
[22:54:56.450] STOP to_move 1 nodes_visited 397
[22:54:56.450] START to_move 2
[22:54:56.497] STOP to_move 2 nodes_visited 802
[22:54:56.498] START to_move 1
[22:54:56.524] STOP to_move 1 nodes_visited 430
[22:54:56.524] START to_move 2
[22:54:56.636] STOP to_move 2 nodes_visited 1866
[22:54:56.637] START to_move 1
[22:54:56.663] STOP to_move 1 nodes_visited 426
[22:54:56.664] START to_move 2
[22:54:56.831] STOP to_move 2 nodes_visited 2748
[22:54:56.832] START to_move 1
[22:54:56.872] STOP to_move 1 nodes_visited 650
[22:54:56.873] START to_move 2
[22:54:57.004] STOP to_move 2 nodes_visited 2155
[22:54:57.005] START to_move 1
[22:54:57.046] STOP to_move 1 nodes_visited 650
[22:54:57.046] START to_move 2
[22:54:57.181] STOP to_move 2 nodes_visited 2240
[22:54:57.182] START to_move 1
[22:54:57.206] STOP to_move 1 nodes_visited 396
[22:54:57.206] START to_move 2
[22:54:57.326] STOP to_move 2 nodes_visited 1971
[22:54:57.327] START to_move 1
[22:54:57.350] STOP to_move 1 nodes_visited 379
[22:54:57.350] START to_move 2
[22:54:57.473] STOP to_move 2 nodes_visited 2056
[22:54:57.474] START to_move 1
[22:54:57.497] STOP to_move 1 nodes_visited 372
[22:54:57.498] START to_move 2
[22:54:57.608] STOP to_move 2 nodes_visited 1836
[22:54:57.609] START to_move 1
[22:54:57.631] STOP to_move 1 nodes_visited 367
[22:54:57.631] START to_move 2
[22:54:57.749] STOP to_move 2 nodes_visited 1914
[22:54:57.750] START to_move 1
[22:54:57.783] STOP to_move 1 nodes_visited 535
[22:54:57.783] START to_move 2
[22:54:57.888] STOP to_move 2 nodes_visited 1749
[22:54:57.889] START to_move 1
[22:54:57.906] STOP to_move 1 nodes_visited 277
[22:54:57.906] START to_move 2
[22:54:57.996] STOP to_move 2 nodes_visited 1493
[22:54:57.997] START to_move 1
[22:54:58.033] STOP to_move 1 nodes_visited 573
[22:54:58.034] START to_move 2
[22:54:58.070] STOP to_move 2 nodes_visited 611
[22:54:58.070] START to_move 1
[22:54:58.096] STOP to_move 1 nodes_visited 433
[22:54:58.096] START to_move 2
[22:54:58.161] STOP to_move 2 nodes_visited 1091
[22:54:58.162] START to_move 1
[22:54:58.176] STOP to_move 1 nodes_visited 241
[22:54:58.176] START to_move 2
[22:54:58.213] STOP to_move 2 nodes_visited 617
[22:54:58.213] START to_move 1
[22:54:58.227] STOP to_move 1 nodes_visited 236
[22:54:58.227] START to_move 2
[22:54:58.335] STOP to_move 2 nodes_visited 1759
[22:54:58.336] START to_move 1
[22:54:58.349] STOP to_move 1 nodes_visited 228
[22:54:58.350] START to_move 2
[22:54:58.449] STOP to_move 2 nodes_visited 1628
[22:54:58.450] START to_move 1
[22:54:58.462] STOP to_move 1 nodes_visited 210
[22:54:58.462] START to_move 2
[22:54:58.513] STOP to_move 2 nodes_visited 849
[22:54:58.514] START to_move 1
[22:54:58.534] STOP to_move 1 nodes_visited 334
[22:54:58.534] START to_move 2
[22:54:58.571] STOP to_move 2 nodes_visited 618
[22:54:58.571] START to_move 1
[22:54:58.585] STOP to_move 1 nodes_visited 216
[22:54:58.585] START to_move 2
[22:54:58.630] STOP to_move 2 nodes_visited 739
[22:54:58.630] START to_move 1
[22:54:58.643] STOP to_move 1 nodes_visited 217
[22:54:58.643] START to_move 2
[22:54:58.689] STOP to_move 2 nodes_visited 774
[22:54:58.690] START to_move 1
[22:54:58.702] STOP to_move 1 nodes_visited 217
[22:54:58.703] START to_move 2
[22:54:58.743] STOP to_move 2 nodes_visited 663
[22:54:58.743] START to_move 1
[22:54:58.755] STOP to_move 1 nodes_visited 217
[22:54:58.756] START to_move 2
[22:54:58.795] STOP to_move 2 nodes_visited 667
[22:54:58.796] START to_move 1
[22:54:58.809] STOP to_move 1 nodes_visited 221
[22:54:58.809] START to_move 2
[22:54:58.887] STOP to_move 2 nodes_visited 1244
[22:54:58.887] START to_move 1
[22:54:58.900] STOP to_move 1 nodes_visited 215
[22:54:58.900] START to_move 2
[22:54:58.976] STOP to_move 2 nodes_visited 1244
[22:54:58.976] START to_move 1
[22:54:58.989] STOP to_move 1 nodes_visited 215
[22:54:58.990] START to_move 2
[22:54:59.069] STOP to_move 2 nodes_visited 1286
[22:54:59.069] START to_move 1
[22:54:59.082] STOP to_move 1 nodes_visited 209
[22:54:59.082] START to_move 2
[22:54:59.163] STOP to_move 2 nodes_visited 1286
[22:54:59.163] START to_move 1
[22:54:59.176] STOP to_move 1 nodes_visited 209
[22:54:59.177] START to_move 2
[22:54:59.258] STOP to_move 2 nodes_visited 1331
[22:54:59.259] START to_move 1
[22:54:59.272] STOP to_move 1 nodes_visited 213
[22:54:59.272] START to_move 2
[22:54:59.311] STOP to_move 2 nodes_visited 650
[22:54:59.311] START to_move 1
[22:54:59.327] STOP to_move 1 nodes_visited 248
[22:54:59.327] START to_move 2
[22:54:59.371] STOP to_move 2 nodes_visited 719
[22:54:59.371] START to_move 1
[22:54:59.387] STOP to_move 1 nodes_visited 244
[22:54:59.387] START to_move 2
[22:54:59.431] STOP to_move 2 nodes_visited 729
[22:54:59.432] START to_move 1
[22:54:59.448] STOP to_move 1 nodes_visited 239
[22:54:59.448] START to_move 2
[22:54:59.492] STOP to_move 2 nodes_visited 719
[22:54:59.492] START to_move 1
[22:54:59.507] STOP to_move 1 nodes_visited 243
[22:54:59.508] START to_move 2
[22:54:59.534] STOP to_move 2 nodes_visited 443
[22:54:59.534] START to_move 1
[22:54:59.552] STOP to_move 1 nodes_visited 292
[22:54:59.552] START to_move 2
[22:54:59.568] STOP to_move 2 nodes_visited 269
[22:54:59.568] START to_move 1
[22:54:59.587] STOP to_move 1 nodes_visited 312
[22:54:59.587] START to_move 2
[22:54:59.609] STOP to_move 2 nodes_visited 372
[22:54:59.609] START to_move 1
[22:54:59.621] STOP to_move 1 nodes_visited 197
[22:54:59.621] START to_move 2
[22:54:59.671] STOP to_move 2 nodes_visited 819
[22:54:59.671] START to_move 1
[22:54:59.681] STOP to_move 1 nodes_visited 166
[22:54:59.681] START to_move 2
[22:54:59.727] STOP to_move 2 nodes_visited 748
[22:54:59.727] START to_move 1
[22:54:59.742] STOP to_move 1 nodes_visited 235
[22:54:59.743] START to_move 2
[22:54:59.765] STOP to_move 2 nodes_visited 370
[22:54:59.765] START to_move 1
[22:54:59.779] STOP to_move 1 nodes_visited 235
[22:54:59.780] START to_move 2
[22:54:59.801] STOP to_move 2 nodes_visited 367
[22:54:59.801] START to_move 1
[22:54:59.816] STOP to_move 1 nodes_visited 244
[22:54:59.816] START to_move 2
[22:54:59.834] STOP to_move 2 nodes_visited 303
[22:54:59.834] START to_move 1
[22:54:59.842] STOP to_move 1 nodes_visited 142
[22:54:59.843] START to_move 2
[22:54:59.863] STOP to_move 2 nodes_visited 349
[22:54:59.864] START to_move 1
[22:54:59.877] STOP to_move 1 nodes_visited 225
[22:54:59.878] START to_move 2
[22:54:59.907] STOP to_move 2 nodes_visited 487
[22:54:59.907] START to_move 1
[22:54:59.915] STOP to_move 1 nodes_visited 133
[22:54:59.915] START to_move 2
[22:54:59.942] STOP to_move 2 nodes_visited 465
[22:54:59.943] START to_move 1
[22:54:59.955] STOP to_move 1 nodes_visited 199
[22:54:59.955] START to_move 2
[22:54:59.981] STOP to_move 2 nodes_visited 450
[22:54:59.982] START to_move 1
[22:54:59.989] STOP to_move 1 nodes_visited 122
[22:54:59.989] START to_move 2
[22:54:59.994] STOP to_move 2 nodes_visited 81
[22:54:59.994] START to_move 1
[22:55:00.001] STOP to_move 1 nodes_visited 117
[22:55:00.001] START to_move 2
[22:55:00.010] STOP to_move 2 nodes_visited 157
[22:55:00.010] START to_move 1
[22:55:00.018] STOP to_move 1 nodes_visited 124
[22:55:00.018] START to_move 2
[22:55:00.030] STOP to_move 2 nodes_visited 208
[22:55:00.031] START to_move 1
[22:55:00.037] STOP to_move 1 nodes_visited 103
[22:55:00.037] START to_move 2
[22:55:00.041] STOP to_move 2 nodes_visited 66
[22:55:00.041] START to_move 1
[22:55:00.050] STOP to_move 1 nodes_visited 125
[22:55:00.050] START to_move 2
[22:55:00.056] STOP to_move 2 nodes_visited 99
[22:55:00.056] START to_move 1
[22:55:00.063] STOP to_move 1 nodes_visited 117
[22:55:00.063] START to_move 2
[22:55:00.073] STOP to_move 2 nodes_visited 169
[22:55:00.073] START to_move 1
[22:55:00.079] STOP to_move 1 nodes_visited 105
[22:55:00.079] START to_move 2
[22:55:00.087] STOP to_move 2 nodes_visited 126
[22:55:00.087] END winner 2 - rounds 226
