[23:24:40.726] 1 - distance_function chebyshev - pruning True
[23:24:40.726] 2 - distance_function euclides - pruning True
[23:24:40.726] START to_move 1
[23:24:40.774] STOP to_move 1 nodes_visited 759
[23:24:40.774] START to_move 2
[23:24:40.813] STOP to_move 2 nodes_visited 668
[23:24:40.813] START to_move 1
[23:24:40.886] STOP to_move 1 nodes_visited 1123
[23:24:40.886] START to_move 2
[23:24:40.952] STOP to_move 2 nodes_visited 1014
[23:24:40.953] START to_move 1
[23:24:41.060] STOP to_move 1 nodes_visited 1550
[23:24:41.061] START to_move 2
[23:24:41.142] STOP to_move 2 nodes_visited 1364
[23:24:41.142] START to_move 1
[23:24:41.239] STOP to_move 1 nodes_visited 1493
[23:24:41.240] START to_move 2
[23:24:41.299] STOP to_move 2 nodes_visited 995
[23:24:41.300] START to_move 1
[23:24:41.398] STOP to_move 1 nodes_visited 1545
[23:24:41.399] START to_move 2
[23:24:41.467] STOP to_move 2 nodes_visited 1152
[23:24:41.468] START to_move 1
[23:24:41.705] STOP to_move 1 nodes_visited 3723
[23:24:41.707] START to_move 2
[23:24:41.764] STOP to_move 2 nodes_visited 961
[23:24:41.765] START to_move 1
[23:24:41.944] STOP to_move 1 nodes_visited 2819
[23:24:41.946] START to_move 2
[23:24:42.098] STOP to_move 2 nodes_visited 2460
[23:24:42.099] START to_move 1
[23:24:42.319] STOP to_move 1 nodes_visited 3404
[23:24:42.321] START to_move 2
[23:24:42.393] STOP to_move 2 nodes_visited 1216
[23:24:42.393] START to_move 1
[23:24:42.621] STOP to_move 1 nodes_visited 3535
[23:24:42.623] START to_move 2
[23:24:42.694] STOP to_move 2 nodes_visited 1207
[23:24:42.695] START to_move 1
[23:24:42.927] STOP to_move 1 nodes_visited 3569
[23:24:42.929] START to_move 2
[23:24:43.073] STOP to_move 2 nodes_visited 2384
[23:24:43.074] START to_move 1
[23:24:43.316] STOP to_move 1 nodes_visited 3734
[23:24:43.318] START to_move 2
[23:24:43.384] STOP to_move 2 nodes_visited 1110
[23:24:43.385] START to_move 1
[23:24:43.619] STOP to_move 1 nodes_visited 3657
[23:24:43.621] START to_move 2
[23:24:43.698] STOP to_move 2 nodes_visited 1267
[23:24:43.699] START to_move 1
[23:24:44.018] STOP to_move 1 nodes_visited 4958
[23:24:44.022] START to_move 2
[23:24:44.089] STOP to_move 2 nodes_visited 1124
[23:24:44.090] START to_move 1
[23:24:44.403] STOP to_move 1 nodes_visited 4893
[23:24:44.406] START to_move 2
[23:24:44.478] STOP to_move 2 nodes_visited 1168
[23:24:44.479] START to_move 1
[23:24:44.810] STOP to_move 1 nodes_visited 5052
[23:24:44.813] START to_move 2
[23:24:44.884] STOP to_move 2 nodes_visited 1189
[23:24:44.885] START to_move 1
[23:24:45.117] STOP to_move 1 nodes_visited 3614
[23:24:45.120] START to_move 2
[23:24:45.190] STOP to_move 2 nodes_visited 1183
[23:24:45.191] START to_move 1
[23:24:45.247] STOP to_move 1 nodes_visited 886
[23:24:45.248] START to_move 2
[23:24:45.291] STOP to_move 2 nodes_visited 710
[23:24:45.291] START to_move 1
[23:24:45.317] STOP to_move 1 nodes_visited 430
[23:24:45.317] START to_move 2
[23:24:45.376] STOP to_move 2 nodes_visited 980
[23:24:45.376] START to_move 1
[23:24:45.402] STOP to_move 1 nodes_visited 431
[23:24:45.403] START to_move 2
[23:24:45.458] STOP to_move 2 nodes_visited 928
[23:24:45.458] START to_move 1
[23:24:45.599] STOP to_move 1 nodes_visited 2174
[23:24:45.600] START to_move 2
[23:24:45.654] STOP to_move 2 nodes_visited 902
[23:24:45.655] START to_move 1
[23:24:45.794] STOP to_move 1 nodes_visited 2179
[23:24:45.796] START to_move 2
[23:24:45.922] STOP to_move 2 nodes_visited 2066
[23:24:45.923] START to_move 1
[23:24:46.145] STOP to_move 1 nodes_visited 3383
[23:24:46.147] START to_move 2
[23:24:46.282] STOP to_move 2 nodes_visited 2227
[23:24:46.284] START to_move 1
[23:24:46.357] STOP to_move 1 nodes_visited 1153
[23:24:46.358] START to_move 2
[23:24:46.421] STOP to_move 2 nodes_visited 1034
[23:24:46.421] START to_move 1
[23:24:46.504] STOP to_move 1 nodes_visited 1299
[23:24:46.504] START to_move 2
[23:24:46.564] STOP to_move 2 nodes_visited 1004
[23:24:46.564] START to_move 1
[23:24:46.638] STOP to_move 1 nodes_visited 1171
[23:24:46.638] START to_move 2
[23:24:46.730] STOP to_move 2 nodes_visited 1511
[23:24:46.731] START to_move 1
[23:24:46.814] STOP to_move 1 nodes_visited 1336
[23:24:46.815] START to_move 2
[23:24:46.867] STOP to_move 2 nodes_visited 877
[23:24:46.867] START to_move 1
[23:24:47.031] STOP to_move 1 nodes_visited 2591
[23:24:47.033] START to_move 2
[23:24:47.083] STOP to_move 2 nodes_visited 829
[23:24:47.083] START to_move 1
[23:24:47.248] STOP to_move 1 nodes_visited 2591
[23:24:47.249] START to_move 2
[23:24:47.295] STOP to_move 2 nodes_visited 777
[23:24:47.296] START to_move 1
[23:24:47.318] STOP to_move 1 nodes_visited 378
[23:24:47.319] START to_move 2
[23:24:47.398] STOP to_move 2 nodes_visited 1321
[23:24:47.398] START to_move 1
[23:24:47.421] STOP to_move 1 nodes_visited 382
[23:24:47.422] START to_move 2
[23:24:47.501] STOP to_move 2 nodes_visited 1297
[23:24:47.502] START to_move 1
[23:24:47.521] STOP to_move 1 nodes_visited 316
[23:24:47.521] START to_move 2
[23:24:47.570] STOP to_move 2 nodes_visited 819
[23:24:47.570] START to_move 1
[23:24:47.589] STOP to_move 1 nodes_visited 316
[23:24:47.589] START to_move 2
[23:24:47.640] STOP to_move 2 nodes_visited 853
[23:24:47.641] START to_move 1
[23:24:47.664] STOP to_move 1 nodes_visited 383
[23:24:47.664] START to_move 2
[23:24:47.744] STOP to_move 2 nodes_visited 1295
[23:24:47.744] START to_move 1
[23:24:47.767] STOP to_move 1 nodes_visited 380
[23:24:47.767] START to_move 2
[23:24:47.837] STOP to_move 2 nodes_visited 1168
[23:24:47.837] START to_move 1
[23:24:47.860] STOP to_move 1 nodes_visited 372
[23:24:47.860] START to_move 2
[23:24:47.928] STOP to_move 2 nodes_visited 1140
[23:24:47.929] START to_move 1
[23:24:47.951] STOP to_move 1 nodes_visited 363
[23:24:47.951] START to_move 2
[23:24:48.021] STOP to_move 2 nodes_visited 1141
[23:24:48.022] START to_move 1
[23:24:48.044] STOP to_move 1 nodes_visited 361
[23:24:48.044] START to_move 2
[23:24:48.109] STOP to_move 2 nodes_visited 1082
[23:24:48.109] START to_move 1
[23:24:48.131] STOP to_move 1 nodes_visited 364
[23:24:48.131] START to_move 2
[23:24:48.192] STOP to_move 2 nodes_visited 1017
[23:24:48.193] START to_move 1
[23:24:48.215] STOP to_move 1 nodes_visited 364
[23:24:48.215] START to_move 2
[23:24:48.276] STOP to_move 2 nodes_visited 1017
[23:24:48.276] START to_move 1
[23:24:48.300] STOP to_move 1 nodes_visited 364
[23:24:48.300] START to_move 2
[23:24:48.345] STOP to_move 2 nodes_visited 769
[23:24:48.346] START to_move 1
[23:24:48.379] STOP to_move 1 nodes_visited 532
[23:24:48.379] START to_move 2
[23:24:48.418] STOP to_move 2 nodes_visited 663
[23:24:48.419] START to_move 1
[23:24:48.442] STOP to_move 1 nodes_visited 387
[23:24:48.442] START to_move 2
[23:24:48.486] STOP to_move 2 nodes_visited 742
[23:24:48.487] START to_move 1
[23:24:48.511] STOP to_move 1 nodes_visited 389
[23:24:48.511] START to_move 2
[23:24:48.554] STOP to_move 2 nodes_visited 734
[23:24:48.555] START to_move 1
[23:24:48.579] STOP to_move 1 nodes_visited 389
[23:24:48.579] START to_move 2
[23:24:48.622] STOP to_move 2 nodes_visited 694
[23:24:48.622] START to_move 1
[23:24:48.647] STOP to_move 1 nodes_visited 393
[23:24:48.647] START to_move 2
[23:24:48.691] STOP to_move 2 nodes_visited 746
[23:24:48.691] START to_move 1
[23:24:48.716] STOP to_move 1 nodes_visited 393
[23:24:48.716] START to_move 2
[23:24:48.760] STOP to_move 2 nodes_visited 747
[23:24:48.760] START to_move 1
[23:24:48.784] STOP to_move 1 nodes_visited 393
[23:24:48.784] START to_move 2
[23:24:48.828] STOP to_move 2 nodes_visited 742
[23:24:48.829] START to_move 1
[23:24:48.853] STOP to_move 1 nodes_visited 388
[23:24:48.853] START to_move 2
[23:24:48.901] STOP to_move 2 nodes_visited 787
[23:24:48.902] START to_move 1
[23:24:48.925] STOP to_move 1 nodes_visited 371
[23:24:48.925] START to_move 2
[23:24:48.964] STOP to_move 2 nodes_visited 658
[23:24:48.964] START to_move 1
[23:24:48.987] STOP to_move 1 nodes_visited 369
[23:24:48.987] START to_move 2
[23:24:49.026] STOP to_move 2 nodes_visited 658
[23:24:49.027] START to_move 1
[23:24:49.050] STOP to_move 1 nodes_visited 373
[23:24:49.050] START to_move 2
[23:24:49.156] STOP to_move 2 nodes_visited 1707
[23:24:49.157] START to_move 1
[23:24:49.180] STOP to_move 1 nodes_visited 373
[23:24:49.180] START to_move 2
[23:24:49.221] STOP to_move 2 nodes_visited 670
[23:24:49.221] START to_move 1
[23:24:49.244] STOP to_move 1 nodes_visited 369
[23:24:49.244] START to_move 2
[23:24:49.285] STOP to_move 2 nodes_visited 688
[23:24:49.285] START to_move 1
[23:24:49.308] STOP to_move 1 nodes_visited 371
[23:24:49.309] START to_move 2
[23:24:49.347] STOP to_move 2 nodes_visited 653
[23:24:49.347] START to_move 1
[23:24:49.371] STOP to_move 1 nodes_visited 374
[23:24:49.371] START to_move 2
[23:24:49.411] STOP to_move 2 nodes_visited 679
[23:24:49.412] START to_move 1
[23:24:49.435] STOP to_move 1 nodes_visited 369
[23:24:49.435] START to_move 2
[23:24:49.466] STOP to_move 2 nodes_visited 497
[23:24:49.466] START to_move 1
[23:24:49.487] STOP to_move 1 nodes_visited 332
[23:24:49.487] START to_move 2
[23:24:49.519] STOP to_move 2 nodes_visited 545
[23:24:49.520] START to_move 1
[23:24:49.540] STOP to_move 1 nodes_visited 332
[23:24:49.540] START to_move 2
[23:24:49.576] STOP to_move 2 nodes_visited 609
[23:24:49.577] START to_move 1
[23:24:49.597] STOP to_move 1 nodes_visited 332
[23:24:49.597] START to_move 2
[23:24:49.637] STOP to_move 2 nodes_visited 668
[23:24:49.638] START to_move 1
[23:24:49.659] STOP to_move 1 nodes_visited 338
[23:24:49.659] START to_move 2
[23:24:49.699] STOP to_move 2 nodes_visited 668
[23:24:49.699] START to_move 1
[23:24:49.720] STOP to_move 1 nodes_visited 342
[23:24:49.720] START to_move 2
[23:24:49.762] STOP to_move 2 nodes_visited 669
[23:24:49.763] START to_move 1
[23:24:49.803] STOP to_move 1 nodes_visited 647
[23:24:49.803] START to_move 2
[23:24:49.851] STOP to_move 2 nodes_visited 780
[23:24:49.851] START to_move 1
[23:24:49.899] STOP to_move 1 nodes_visited 748
[23:24:49.899] START to_move 2
[23:24:49.941] STOP to_move 2 nodes_visited 696
[23:24:49.941] START to_move 1
[23:24:49.991] STOP to_move 1 nodes_visited 780
[23:24:49.991] START to_move 2
[23:24:50.052] STOP to_move 2 nodes_visited 959
[23:24:50.053] START to_move 1
[23:24:50.105] STOP to_move 1 nodes_visited 821
[23:24:50.106] START to_move 2
[23:24:50.164] STOP to_move 2 nodes_visited 959
[23:24:50.165] START to_move 1
[23:24:50.217] STOP to_move 1 nodes_visited 821
[23:24:50.217] START to_move 2
[23:24:50.269] STOP to_move 2 nodes_visited 843
[23:24:50.270] START to_move 1
[23:24:50.319] STOP to_move 1 nodes_visited 771
[23:24:50.319] START to_move 2
[23:24:50.382] STOP to_move 2 nodes_visited 983
[23:24:50.383] START to_move 1
[23:24:50.420] STOP to_move 1 nodes_visited 599
[23:24:50.420] START to_move 2
[23:24:50.472] STOP to_move 2 nodes_visited 817
[23:24:50.472] START to_move 1
[23:24:50.504] STOP to_move 1 nodes_visited 521
[23:24:50.505] START to_move 2
[23:24:50.557] STOP to_move 2 nodes_visited 844
[23:24:50.558] START to_move 1
[23:24:50.575] STOP to_move 1 nodes_visited 278
[23:24:50.575] START to_move 2
[23:24:50.624] STOP to_move 2 nodes_visited 790
[23:24:50.625] START to_move 1
[23:24:50.640] STOP to_move 1 nodes_visited 255
[23:24:50.641] START to_move 2
[23:24:50.675] STOP to_move 2 nodes_visited 565
[23:24:50.675] START to_move 1
[23:24:50.692] STOP to_move 1 nodes_visited 277
[23:24:50.692] START to_move 2
[23:24:50.725] STOP to_move 2 nodes_visited 553
[23:24:50.726] START to_move 1
[23:24:50.743] STOP to_move 1 nodes_visited 275
[23:24:50.743] START to_move 2
[23:24:50.788] STOP to_move 2 nodes_visited 727
[23:24:50.789] START to_move 1
[23:24:50.806] STOP to_move 1 nodes_visited 279
[23:24:50.806] START to_move 2
[23:24:50.851] STOP to_move 2 nodes_visited 727
[23:24:50.852] START to_move 1
[23:24:50.869] STOP to_move 1 nodes_visited 279
[23:24:50.869] START to_move 2
[23:24:50.916] STOP to_move 2 nodes_visited 757
[23:24:50.916] START to_move 1
[23:24:50.934] STOP to_move 1 nodes_visited 273
[23:24:50.935] START to_move 2
[23:24:51.033] STOP to_move 2 nodes_visited 1640
[23:24:51.034] START to_move 1
[23:24:51.051] STOP to_move 1 nodes_visited 271
[23:24:51.051] START to_move 2
[23:24:51.083] STOP to_move 2 nodes_visited 545
[23:24:51.084] START to_move 1
[23:24:51.101] STOP to_move 1 nodes_visited 273
[23:24:51.101] START to_move 2
[23:24:51.172] STOP to_move 2 nodes_visited 1181
[23:24:51.173] START to_move 1
[23:24:51.186] STOP to_move 1 nodes_visited 226
[23:24:51.186] START to_move 2
[23:24:51.291] STOP to_move 2 nodes_visited 1669
[23:24:51.292] START to_move 1
[23:24:51.307] STOP to_move 1 nodes_visited 228
[23:24:51.307] START to_move 2
[23:24:51.378] STOP to_move 2 nodes_visited 1170
[23:24:51.379] START to_move 1
[23:24:51.402] STOP to_move 1 nodes_visited 361
[23:24:51.402] START to_move 2
[23:24:51.427] STOP to_move 2 nodes_visited 410
[23:24:51.427] START to_move 1
[23:24:51.439] STOP to_move 1 nodes_visited 191
[23:24:51.439] START to_move 2
[23:24:51.454] STOP to_move 2 nodes_visited 263
[23:24:51.455] START to_move 1
[23:24:51.465] STOP to_move 1 nodes_visited 171
[23:24:51.465] START to_move 2
[23:24:51.494] STOP to_move 2 nodes_visited 455
[23:24:51.494] START to_move 1
[23:24:51.504] STOP to_move 1 nodes_visited 158
[23:24:51.504] START to_move 2
[23:24:51.527] STOP to_move 2 nodes_visited 395
[23:24:51.527] START to_move 1
[23:24:51.536] STOP to_move 1 nodes_visited 147
[23:24:51.536] START to_move 2
[23:24:51.550] STOP to_move 2 nodes_visited 228
[23:24:51.550] START to_move 1
[23:24:51.559] STOP to_move 1 nodes_visited 152
[23:24:51.559] START to_move 2
[23:24:51.572] STOP to_move 2 nodes_visited 227
[23:24:51.572] START to_move 1
[23:24:51.582] STOP to_move 1 nodes_visited 152
[23:24:51.582] START to_move 2
[23:24:51.590] STOP to_move 2 nodes_visited 139
[23:24:51.590] START to_move 1
[23:24:51.617] STOP to_move 1 nodes_visited 410
[23:24:51.617] START to_move 2
[23:24:51.628] STOP to_move 2 nodes_visited 193
[23:24:51.628] START to_move 1
[23:24:51.678] STOP to_move 1 nodes_visited 790
[23:24:51.679] START to_move 2
[23:24:51.689] STOP to_move 2 nodes_visited 173
[23:24:51.689] START to_move 1
[23:24:51.708] STOP to_move 1 nodes_visited 298
[23:24:51.708] START to_move 2
[23:24:51.718] STOP to_move 2 nodes_visited 173
[23:24:51.718] START to_move 1
[23:24:51.734] STOP to_move 1 nodes_visited 258
[23:24:51.734] START to_move 2
[23:24:51.745] STOP to_move 2 nodes_visited 185
[23:24:51.745] START to_move 1
[23:24:51.768] STOP to_move 1 nodes_visited 371
[23:24:51.768] START to_move 2
[23:24:51.776] STOP to_move 2 nodes_visited 141
[23:24:51.776] START to_move 1
[23:24:51.791] STOP to_move 1 nodes_visited 228
[23:24:51.791] START to_move 2
[23:24:51.810] STOP to_move 2 nodes_visited 318
[23:24:51.811] START to_move 1
[23:24:51.825] STOP to_move 1 nodes_visited 244
[23:24:51.826] START to_move 2
[23:24:51.844] STOP to_move 2 nodes_visited 315
[23:24:51.844] START to_move 1
[23:24:51.852] STOP to_move 1 nodes_visited 130
[23:24:51.852] START to_move 2
[23:24:51.867] STOP to_move 2 nodes_visited 265
[23:24:51.868] START to_move 1
[23:24:51.875] STOP to_move 1 nodes_visited 124
[23:24:51.875] START to_move 2
[23:24:51.888] STOP to_move 2 nodes_visited 217
[23:24:51.888] START to_move 1
[23:24:51.895] STOP to_move 1 nodes_visited 123
[23:24:51.895] START to_move 2
[23:24:51.908] STOP to_move 2 nodes_visited 215
[23:24:51.908] START to_move 1
[23:24:51.915] STOP to_move 1 nodes_visited 123
[23:24:51.915] START to_move 2
[23:24:51.928] STOP to_move 2 nodes_visited 221
[23:24:51.928] START to_move 1
[23:24:51.935] STOP to_move 1 nodes_visited 119
[23:24:51.936] START to_move 2
[23:24:51.946] STOP to_move 2 nodes_visited 170
[23:24:51.946] START to_move 1
[23:24:51.953] STOP to_move 1 nodes_visited 120
[23:24:51.953] START to_move 2
[23:24:51.963] STOP to_move 2 nodes_visited 167
[23:24:51.963] START to_move 1
[23:24:51.970] STOP to_move 1 nodes_visited 114
[23:24:51.970] START to_move 2
[23:24:51.982] STOP to_move 2 nodes_visited 207
[23:24:51.982] START to_move 1
[23:24:51.989] STOP to_move 1 nodes_visited 114
[23:24:51.989] START to_move 2
[23:24:52.002] STOP to_move 2 nodes_visited 207
[23:24:52.002] START to_move 1
[23:24:52.008] STOP to_move 1 nodes_visited 114
[23:24:52.009] START to_move 2
[23:24:52.021] STOP to_move 2 nodes_visited 205
[23:24:52.021] START to_move 1
[23:24:52.026] STOP to_move 1 nodes_visited 99
[23:24:52.027] START to_move 2
[23:24:52.034] STOP to_move 2 nodes_visited 133
[23:24:52.034] START to_move 1
[23:24:52.040] STOP to_move 1 nodes_visited 99
[23:24:52.040] START to_move 2
[23:24:52.048] STOP to_move 2 nodes_visited 133
[23:24:52.048] START to_move 1
[23:24:52.054] STOP to_move 1 nodes_visited 99
[23:24:52.054] START to_move 2
[23:24:52.062] STOP to_move 2 nodes_visited 133
[23:24:52.062] START to_move 1
[23:24:52.068] STOP to_move 1 nodes_visited 101
[23:24:52.068] START to_move 2
[23:24:52.076] STOP to_move 2 nodes_visited 133
[23:24:52.076] START to_move 1
[23:24:52.082] STOP to_move 1 nodes_visited 99
[23:24:52.082] START to_move 2
[23:24:52.090] STOP to_move 2 nodes_visited 133
[23:24:52.090] START to_move 1
[23:24:52.096] STOP to_move 1 nodes_visited 99
[23:24:52.096] START to_move 2
[23:24:52.104] STOP to_move 2 nodes_visited 133
[23:24:52.104] START to_move 1
[23:24:52.109] STOP to_move 1 nodes_visited 85
[23:24:52.109] START to_move 2
[23:24:52.115] STOP to_move 2 nodes_visited 91
[23:24:52.115] START to_move 1
[23:24:52.121] STOP to_move 1 nodes_visited 91
[23:24:52.121] START to_move 2
[23:24:52.132] STOP to_move 2 nodes_visited 175
[23:24:52.132] START to_move 1
[23:24:52.138] STOP to_move 1 nodes_visited 95
[23:24:52.138] START to_move 2
[23:24:52.144] STOP to_move 2 nodes_visited 117
[23:24:52.145] START to_move 1
[23:24:52.151] STOP to_move 1 nodes_visited 102
[23:24:52.151] START to_move 2
[23:24:52.155] STOP to_move 2 nodes_visited 67
[23:24:52.155] START to_move 1
[23:24:52.161] STOP to_move 1 nodes_visited 94
[23:24:52.161] START to_move 2
[23:24:52.166] STOP to_move 2 nodes_visited 83
[23:24:52.166] START to_move 1
[23:24:52.172] STOP to_move 1 nodes_visited 110
[23:24:52.172] START to_move 2
[23:24:52.173] STOP to_move 2 nodes_visited 11
[23:24:52.173] END winner 2 - rounds 230
