[22:58:48.783] 1 - distance_function chebyshev - pruning True
[22:58:48.783] 2 - distance_function euclides - pruning True
[22:58:48.783] START to_move 1
[22:58:49.109] STOP to_move 1 nodes_visited 5031
[22:58:49.113] START to_move 2
[22:58:49.463] STOP to_move 2 nodes_visited 5654
[22:58:49.467] START to_move 1
[22:58:49.814] STOP to_move 1 nodes_visited 5403
[22:58:49.817] START to_move 2
[22:58:49.974] STOP to_move 2 nodes_visited 2612
[22:58:49.975] START to_move 1
[22:58:49.994] STOP to_move 1 nodes_visited 317
[22:58:49.994] START to_move 2
[22:58:50.067] STOP to_move 2 nodes_visited 1191
[22:58:50.068] START to_move 1
[22:58:50.086] STOP to_move 1 nodes_visited 319
[22:58:50.086] START to_move 2
[22:58:50.376] STOP to_move 2 nodes_visited 4677
[22:58:50.379] START to_move 1
[22:58:50.396] STOP to_move 1 nodes_visited 310
[22:58:50.397] START to_move 2
[22:58:50.669] STOP to_move 2 nodes_visited 4455
[22:58:50.672] START to_move 1
[22:58:50.690] STOP to_move 1 nodes_visited 308
[22:58:50.690] START to_move 2
[22:58:50.819] STOP to_move 2 nodes_visited 2151
[22:58:50.820] START to_move 1
[22:58:50.839] STOP to_move 1 nodes_visited 311
[22:58:50.839] START to_move 2
[22:58:51.032] STOP to_move 2 nodes_visited 3210
[22:58:51.034] START to_move 1
[22:58:51.052] STOP to_move 1 nodes_visited 315
[22:58:51.052] START to_move 2
[22:58:51.249] STOP to_move 2 nodes_visited 3244
[22:58:51.251] START to_move 1
[22:58:51.359] STOP to_move 1 nodes_visited 1676
[22:58:51.360] START to_move 2
[22:58:51.449] STOP to_move 2 nodes_visited 1491
[22:58:51.450] START to_move 1
[22:58:51.467] STOP to_move 1 nodes_visited 298
[22:58:51.467] START to_move 2
[22:58:51.672] STOP to_move 2 nodes_visited 3364
[22:58:51.674] START to_move 1
[22:58:51.691] STOP to_move 1 nodes_visited 298
[22:58:51.691] START to_move 2
[22:58:51.785] STOP to_move 2 nodes_visited 1565
[22:58:51.786] START to_move 1
[22:58:51.803] STOP to_move 1 nodes_visited 299
[22:58:51.803] START to_move 2
[22:58:52.008] STOP to_move 2 nodes_visited 3373
[22:58:52.010] START to_move 1
[22:58:52.027] STOP to_move 1 nodes_visited 299
[22:58:52.028] START to_move 2
[22:58:52.122] STOP to_move 2 nodes_visited 1571
[22:58:52.122] START to_move 1
[22:58:52.145] STOP to_move 1 nodes_visited 364
[22:58:52.145] START to_move 2
[22:58:52.359] STOP to_move 2 nodes_visited 3501
[22:58:52.361] START to_move 1
[22:58:52.382] STOP to_move 1 nodes_visited 361
[22:58:52.382] START to_move 2
[22:58:52.598] STOP to_move 2 nodes_visited 3548
[22:58:52.600] START to_move 1
[22:58:52.621] STOP to_move 1 nodes_visited 359
[22:58:52.622] START to_move 2
[22:58:52.849] STOP to_move 2 nodes_visited 3724
[22:58:52.851] START to_move 1
[22:58:52.991] STOP to_move 1 nodes_visited 2221
[22:58:52.992] START to_move 2
[22:58:53.103] STOP to_move 2 nodes_visited 1829
[22:58:53.104] START to_move 1
[22:58:53.223] STOP to_move 1 nodes_visited 1876
[22:58:53.224] START to_move 2
[22:58:53.635] STOP to_move 2 nodes_visited 6555
[22:58:53.639] START to_move 1
[22:58:53.660] STOP to_move 1 nodes_visited 354
[22:58:53.661] START to_move 2
[22:58:54.052] STOP to_move 2 nodes_visited 6256
[22:58:54.055] START to_move 1
[22:58:54.076] STOP to_move 1 nodes_visited 346
[22:58:54.076] START to_move 2
[22:58:54.456] STOP to_move 2 nodes_visited 6115
[22:58:54.460] START to_move 1
[22:58:54.482] STOP to_move 1 nodes_visited 348
[22:58:54.483] START to_move 2
[22:58:54.629] STOP to_move 2 nodes_visited 2410
[22:58:54.630] START to_move 1
[22:58:54.651] STOP to_move 1 nodes_visited 347
[22:58:54.651] START to_move 2
[22:58:54.935] STOP to_move 2 nodes_visited 4601
[22:58:54.938] START to_move 1
[22:58:54.958] STOP to_move 1 nodes_visited 339
[22:58:54.959] START to_move 2
[22:58:55.147] STOP to_move 2 nodes_visited 3066
[22:58:55.149] START to_move 1
[22:58:55.169] STOP to_move 1 nodes_visited 333
[22:58:55.169] START to_move 2
[22:58:55.457] STOP to_move 2 nodes_visited 4653
[22:58:55.460] START to_move 1
[22:58:55.476] STOP to_move 1 nodes_visited 266
[22:58:55.476] START to_move 2
[22:58:55.643] STOP to_move 2 nodes_visited 2711
[22:58:55.644] START to_move 1
[22:58:55.695] STOP to_move 1 nodes_visited 808
[22:58:55.695] START to_move 2
[22:58:55.923] STOP to_move 2 nodes_visited 3679
[22:58:55.925] START to_move 1
[22:58:55.985] STOP to_move 1 nodes_visited 952
[22:58:55.985] START to_move 2
[22:58:56.288] STOP to_move 2 nodes_visited 4893
[22:58:56.291] START to_move 1
[22:58:56.307] STOP to_move 1 nodes_visited 269
[22:58:56.307] START to_move 2
[22:58:56.368] STOP to_move 2 nodes_visited 988
[22:58:56.368] START to_move 1
[22:58:56.385] STOP to_move 1 nodes_visited 278
[22:58:56.385] START to_move 2
[22:58:56.443] STOP to_move 2 nodes_visited 957
[22:58:56.443] START to_move 1
[22:58:56.459] STOP to_move 1 nodes_visited 276
[22:58:56.459] START to_move 2
[22:58:56.495] STOP to_move 2 nodes_visited 605
[22:58:56.495] START to_move 1
[22:58:56.512] STOP to_move 1 nodes_visited 278
[22:58:56.512] START to_move 2
[22:58:56.560] STOP to_move 2 nodes_visited 809
[22:58:56.561] START to_move 1
[22:58:56.577] STOP to_move 1 nodes_visited 278
[22:58:56.577] START to_move 2
[22:58:56.627] STOP to_move 2 nodes_visited 819
[22:58:56.628] START to_move 1
[22:58:56.644] STOP to_move 1 nodes_visited 278
[22:58:56.644] START to_move 2
[22:58:56.693] STOP to_move 2 nodes_visited 829
[22:58:56.694] START to_move 1
[22:58:56.710] STOP to_move 1 nodes_visited 276
[22:58:56.710] START to_move 2
[22:58:56.793] STOP to_move 2 nodes_visited 1379
[22:58:56.794] START to_move 1
[22:58:56.811] STOP to_move 1 nodes_visited 282
[22:58:56.811] START to_move 2
[22:58:56.902] STOP to_move 2 nodes_visited 1466
[22:58:56.903] START to_move 1
[22:58:57.104] STOP to_move 1 nodes_visited 3167
[22:58:57.106] START to_move 2
[22:58:57.169] STOP to_move 2 nodes_visited 1013
[22:58:57.169] START to_move 1
[22:58:57.342] STOP to_move 1 nodes_visited 2757
[22:58:57.343] START to_move 2
[22:58:57.407] STOP to_move 2 nodes_visited 1054
[22:58:57.408] START to_move 1
[22:58:57.579] STOP to_move 1 nodes_visited 2712
[22:58:57.581] START to_move 2
[22:58:57.652] STOP to_move 2 nodes_visited 1175
[22:58:57.652] START to_move 1
[22:58:57.673] STOP to_move 1 nodes_visited 359
[22:58:57.674] START to_move 2
[22:58:57.765] STOP to_move 2 nodes_visited 1504
[22:58:57.766] START to_move 1
[22:58:57.787] STOP to_move 1 nodes_visited 357
[22:58:57.787] START to_move 2
[22:58:57.881] STOP to_move 2 nodes_visited 1572
[22:58:57.882] START to_move 1
[22:58:57.903] STOP to_move 1 nodes_visited 349
[22:58:57.903] START to_move 2
[22:58:57.991] STOP to_move 2 nodes_visited 1448
[22:58:57.992] START to_move 1
[22:58:58.013] STOP to_move 1 nodes_visited 352
[22:58:58.013] START to_move 2
[22:58:58.096] STOP to_move 2 nodes_visited 1386
[22:58:58.097] START to_move 1
[22:58:58.118] STOP to_move 1 nodes_visited 351
[22:58:58.118] START to_move 2
[22:58:58.200] STOP to_move 2 nodes_visited 1377
[22:58:58.201] START to_move 1
[22:58:58.310] STOP to_move 1 nodes_visited 1720
[22:58:58.311] START to_move 2
[22:58:58.371] STOP to_move 2 nodes_visited 1007
[22:58:58.371] START to_move 1
[22:58:58.485] STOP to_move 1 nodes_visited 1724
[22:58:58.486] START to_move 2
[22:58:58.559] STOP to_move 2 nodes_visited 1189
[22:58:58.559] START to_move 1
[22:58:58.580] STOP to_move 1 nodes_visited 347
[22:58:58.580] START to_move 2
[22:58:58.655] STOP to_move 2 nodes_visited 1252
[22:58:58.655] START to_move 1
[22:58:58.676] STOP to_move 1 nodes_visited 341
[22:58:58.676] START to_move 2
[22:58:58.749] STOP to_move 2 nodes_visited 1234
[22:58:58.750] START to_move 1
[22:58:58.879] STOP to_move 1 nodes_visited 1985
[22:58:58.880] START to_move 2
[22:58:59.061] STOP to_move 2 nodes_visited 2894
[22:58:59.062] START to_move 1
[22:58:59.263] STOP to_move 1 nodes_visited 3171
[22:58:59.265] START to_move 2
[22:58:59.458] STOP to_move 2 nodes_visited 3123
[22:58:59.460] START to_move 1
[22:58:59.660] STOP to_move 1 nodes_visited 3098
[22:58:59.661] START to_move 2
[22:58:59.728] STOP to_move 2 nodes_visited 1103
[22:58:59.728] START to_move 1
[22:58:59.941] STOP to_move 1 nodes_visited 3331
[22:58:59.943] START to_move 2
[22:59:00.017] STOP to_move 2 nodes_visited 1246
[22:59:00.017] START to_move 1
[22:59:00.193] STOP to_move 1 nodes_visited 2641
[22:59:00.195] START to_move 2
[22:59:00.239] STOP to_move 2 nodes_visited 740
[22:59:00.239] START to_move 1
[22:59:00.429] STOP to_move 1 nodes_visited 2740
[22:59:00.430] START to_move 2
[22:59:00.472] STOP to_move 2 nodes_visited 691
[22:59:00.472] START to_move 1
[22:59:00.538] STOP to_move 1 nodes_visited 1035
[22:59:00.538] START to_move 2
[22:59:00.695] STOP to_move 2 nodes_visited 2523
[22:59:00.697] START to_move 1
[22:59:00.763] STOP to_move 1 nodes_visited 1034
[22:59:00.763] START to_move 2
[22:59:00.813] STOP to_move 2 nodes_visited 847
[22:59:00.814] START to_move 1
[22:59:00.967] STOP to_move 1 nodes_visited 2341
[22:59:00.968] START to_move 2
[22:59:01.017] STOP to_move 2 nodes_visited 817
[22:59:01.017] START to_move 1
[22:59:01.167] STOP to_move 1 nodes_visited 2313
[22:59:01.168] START to_move 2
[22:59:01.224] STOP to_move 2 nodes_visited 896
[22:59:01.224] START to_move 1
[22:59:01.367] STOP to_move 1 nodes_visited 2273
[22:59:01.368] START to_move 2
[22:59:01.414] STOP to_move 2 nodes_visited 758
[22:59:01.414] START to_move 1
[22:59:01.437] STOP to_move 1 nodes_visited 388
[22:59:01.437] START to_move 2
[22:59:01.475] STOP to_move 2 nodes_visited 635
[22:59:01.475] START to_move 1
[22:59:01.498] STOP to_move 1 nodes_visited 383
[22:59:01.498] START to_move 2
[22:59:01.542] STOP to_move 2 nodes_visited 716
[22:59:01.542] START to_move 1
[22:59:01.680] STOP to_move 1 nodes_visited 2183
[22:59:01.681] START to_move 2
[22:59:01.721] STOP to_move 2 nodes_visited 671
[22:59:01.721] START to_move 1
[22:59:01.743] STOP to_move 1 nodes_visited 376
[22:59:01.744] START to_move 2
[22:59:01.782] STOP to_move 2 nodes_visited 621
[22:59:01.783] START to_move 1
[22:59:01.804] STOP to_move 1 nodes_visited 358
[22:59:01.804] START to_move 2
[22:59:01.836] STOP to_move 2 nodes_visited 535
[22:59:01.836] START to_move 1
[22:59:01.861] STOP to_move 1 nodes_visited 406
[22:59:01.861] START to_move 2
[22:59:01.930] STOP to_move 2 nodes_visited 1157
[22:59:01.931] START to_move 1
[22:59:01.954] STOP to_move 1 nodes_visited 388
[22:59:01.954] START to_move 2
[22:59:02.022] STOP to_move 2 nodes_visited 1131
[22:59:02.022] START to_move 1
[22:59:02.045] STOP to_move 1 nodes_visited 382
[22:59:02.045] START to_move 2
[22:59:02.110] STOP to_move 2 nodes_visited 1050
[22:59:02.110] START to_move 1
[22:59:02.133] STOP to_move 1 nodes_visited 379
[22:59:02.133] START to_move 2
[22:59:02.191] STOP to_move 2 nodes_visited 958
[22:59:02.191] START to_move 1
[22:59:02.214] STOP to_move 1 nodes_visited 373
[22:59:02.214] START to_move 2
[22:59:02.268] STOP to_move 2 nodes_visited 906
[22:59:02.269] START to_move 1
[22:59:02.290] STOP to_move 1 nodes_visited 366
[22:59:02.291] START to_move 2
[22:59:02.336] STOP to_move 2 nodes_visited 771
[22:59:02.337] START to_move 1
[22:59:02.359] STOP to_move 1 nodes_visited 351
[22:59:02.359] START to_move 2
[22:59:02.402] STOP to_move 2 nodes_visited 728
[22:59:02.403] START to_move 1
[22:59:02.424] STOP to_move 1 nodes_visited 359
[22:59:02.424] START to_move 2
[22:59:02.469] STOP to_move 2 nodes_visited 748
[22:59:02.470] START to_move 1
[22:59:02.491] STOP to_move 1 nodes_visited 361
[22:59:02.491] START to_move 2
[22:59:02.537] STOP to_move 2 nodes_visited 769
[22:59:02.538] START to_move 1
[22:59:02.559] STOP to_move 1 nodes_visited 361
[22:59:02.559] START to_move 2
[22:59:02.609] STOP to_move 2 nodes_visited 842
[22:59:02.610] START to_move 1
[22:59:02.633] STOP to_move 1 nodes_visited 367
[22:59:02.633] START to_move 2
[22:59:02.684] STOP to_move 2 nodes_visited 836
[22:59:02.684] START to_move 1
[22:59:02.706] STOP to_move 1 nodes_visited 366
[22:59:02.706] START to_move 2
[22:59:02.750] STOP to_move 2 nodes_visited 719
[22:59:02.750] START to_move 1
[22:59:02.771] STOP to_move 1 nodes_visited 364
[22:59:02.772] START to_move 2
[22:59:02.811] STOP to_move 2 nodes_visited 654
[22:59:02.811] START to_move 1
[22:59:02.833] STOP to_move 1 nodes_visited 364
[22:59:02.833] START to_move 2
[22:59:02.868] STOP to_move 2 nodes_visited 587
[22:59:02.868] START to_move 1
[22:59:02.921] STOP to_move 1 nodes_visited 830
[22:59:02.922] START to_move 2
[22:59:03.024] STOP to_move 2 nodes_visited 1713
[22:59:03.025] START to_move 1
[22:59:03.045] STOP to_move 1 nodes_visited 339
[22:59:03.045] START to_move 2
[22:59:03.136] STOP to_move 2 nodes_visited 1514
[22:59:03.137] START to_move 1
[22:59:03.156] STOP to_move 1 nodes_visited 318
[22:59:03.156] START to_move 2
[22:59:03.248] STOP to_move 2 nodes_visited 1500
[22:59:03.249] START to_move 1
[22:59:03.269] STOP to_move 1 nodes_visited 335
[22:59:03.269] START to_move 2
[22:59:03.358] STOP to_move 2 nodes_visited 1483
[22:59:03.359] START to_move 1
[22:59:03.383] STOP to_move 1 nodes_visited 403
[22:59:03.384] START to_move 2
[22:59:03.479] STOP to_move 2 nodes_visited 1522
[22:59:03.480] START to_move 1
[22:59:03.505] STOP to_move 1 nodes_visited 425
[22:59:03.505] START to_move 2
[22:59:03.543] STOP to_move 2 nodes_visited 618
[22:59:03.543] START to_move 1
[22:59:03.568] STOP to_move 1 nodes_visited 413
[22:59:03.568] START to_move 2
[22:59:03.604] STOP to_move 2 nodes_visited 609
[22:59:03.605] START to_move 1
[22:59:03.631] STOP to_move 1 nodes_visited 432
[22:59:03.631] START to_move 2
[22:59:03.671] STOP to_move 2 nodes_visited 663
[22:59:03.671] START to_move 1
[22:59:03.697] STOP to_move 1 nodes_visited 427
[22:59:03.697] START to_move 2
[22:59:03.745] STOP to_move 2 nodes_visited 770
[22:59:03.746] START to_move 1
[22:59:03.771] STOP to_move 1 nodes_visited 418
[22:59:03.771] START to_move 2
[22:59:03.807] STOP to_move 2 nodes_visited 592
[22:59:03.807] START to_move 1
[22:59:03.824] STOP to_move 1 nodes_visited 293
[22:59:03.825] START to_move 2
[22:59:03.927] STOP to_move 2 nodes_visited 1711
[22:59:03.928] START to_move 1
[22:59:03.942] STOP to_move 1 nodes_visited 237
[22:59:03.942] START to_move 2
[22:59:04.022] STOP to_move 2 nodes_visited 1298
[22:59:04.023] START to_move 1
[22:59:04.036] STOP to_move 1 nodes_visited 231
[22:59:04.036] START to_move 2
[22:59:04.071] STOP to_move 2 nodes_visited 577
[22:59:04.071] START to_move 1
[22:59:04.084] STOP to_move 1 nodes_visited 227
[22:59:04.085] START to_move 2
[22:59:04.118] STOP to_move 2 nodes_visited 561
[22:59:04.118] START to_move 1
[22:59:04.131] STOP to_move 1 nodes_visited 212
[22:59:04.131] START to_move 2
[22:59:04.177] STOP to_move 2 nodes_visited 767
[22:59:04.177] START to_move 1
[22:59:04.190] STOP to_move 1 nodes_visited 225
[22:59:04.190] START to_move 2
[22:59:04.237] STOP to_move 2 nodes_visited 779
[22:59:04.237] START to_move 1
[22:59:04.250] STOP to_move 1 nodes_visited 229
[22:59:04.250] START to_move 2
[22:59:04.293] STOP to_move 2 nodes_visited 712
[22:59:04.293] START to_move 1
[22:59:04.306] STOP to_move 1 nodes_visited 227
[22:59:04.306] START to_move 2
[22:59:04.350] STOP to_move 2 nodes_visited 722
[22:59:04.351] START to_move 1
[22:59:04.364] STOP to_move 1 nodes_visited 227
[22:59:04.364] START to_move 2
[22:59:04.409] STOP to_move 2 nodes_visited 745
[22:59:04.409] START to_move 1
[22:59:04.422] STOP to_move 1 nodes_visited 219
[22:59:04.422] START to_move 2
[22:59:04.452] STOP to_move 2 nodes_visited 514
[22:59:04.452] START to_move 1
[22:59:04.468] STOP to_move 1 nodes_visited 260
[22:59:04.468] START to_move 2
[22:59:04.493] STOP to_move 2 nodes_visited 422
[22:59:04.493] START to_move 1
[22:59:04.505] STOP to_move 1 nodes_visited 223
[22:59:04.506] START to_move 2
[22:59:04.527] STOP to_move 2 nodes_visited 365
[22:59:04.527] START to_move 1
[22:59:04.540] STOP to_move 1 nodes_visited 225
[22:59:04.541] START to_move 2
[22:59:04.561] STOP to_move 2 nodes_visited 350
[22:59:04.561] START to_move 1
[22:59:04.575] STOP to_move 1 nodes_visited 225
[22:59:04.575] START to_move 2
[22:59:04.596] STOP to_move 2 nodes_visited 338
[22:59:04.596] START to_move 1
[22:59:04.610] STOP to_move 1 nodes_visited 232
[22:59:04.610] START to_move 2
[22:59:04.630] STOP to_move 2 nodes_visited 348
[22:59:04.631] START to_move 1
[22:59:04.642] STOP to_move 1 nodes_visited 205
[22:59:04.643] START to_move 2
[22:59:04.661] STOP to_move 2 nodes_visited 305
[22:59:04.661] START to_move 1
[22:59:04.672] STOP to_move 1 nodes_visited 199
[22:59:04.673] START to_move 2
[22:59:04.695] STOP to_move 2 nodes_visited 383
[22:59:04.695] START to_move 1
[22:59:04.707] STOP to_move 1 nodes_visited 189
[22:59:04.707] START to_move 2
[22:59:04.720] STOP to_move 2 nodes_visited 214
[22:59:04.720] START to_move 1
[22:59:04.729] STOP to_move 1 nodes_visited 163
[22:59:04.730] START to_move 2
[22:59:04.746] STOP to_move 2 nodes_visited 279
[22:59:04.746] START to_move 1
[22:59:04.756] STOP to_move 1 nodes_visited 165
[22:59:04.756] START to_move 2
[22:59:04.777] STOP to_move 2 nodes_visited 358
[22:59:04.777] START to_move 1
[22:59:04.786] STOP to_move 1 nodes_visited 161
[22:59:04.786] START to_move 2
[22:59:04.806] STOP to_move 2 nodes_visited 345
[22:59:04.807] START to_move 1
[22:59:04.816] STOP to_move 1 nodes_visited 167
[22:59:04.816] START to_move 2
[22:59:04.840] STOP to_move 2 nodes_visited 414
[22:59:04.841] START to_move 1
[22:59:04.850] STOP to_move 1 nodes_visited 167
[22:59:04.850] START to_move 2
[22:59:04.872] STOP to_move 2 nodes_visited 360
[22:59:04.872] START to_move 1
[22:59:04.882] STOP to_move 1 nodes_visited 175
[22:59:04.882] START to_move 2
[22:59:04.909] STOP to_move 2 nodes_visited 427
[22:59:04.909] START to_move 1
[22:59:04.918] STOP to_move 1 nodes_visited 167
[22:59:04.919] START to_move 2
[22:59:04.935] STOP to_move 2 nodes_visited 291
[22:59:04.936] START to_move 1
[22:59:04.946] STOP to_move 1 nodes_visited 177
[22:59:04.946] START to_move 2
[22:59:04.965] STOP to_move 2 nodes_visited 323
[22:59:04.965] START to_move 1
[22:59:04.975] STOP to_move 1 nodes_visited 167
[22:59:04.975] START to_move 2
[22:59:04.990] STOP to_move 2 nodes_visited 260
[22:59:04.990] START to_move 1
[22:59:05.000] STOP to_move 1 nodes_visited 175
[22:59:05.000] START to_move 2
[22:59:05.019] STOP to_move 2 nodes_visited 323
[22:59:05.019] START to_move 1
[22:59:05.029] STOP to_move 1 nodes_visited 167
[22:59:05.029] START to_move 2
[22:59:05.044] STOP to_move 2 nodes_visited 254
[22:59:05.044] START to_move 1
[22:59:05.054] STOP to_move 1 nodes_visited 169
[22:59:05.054] START to_move 2
[22:59:05.072] STOP to_move 2 nodes_visited 314
[22:59:05.072] START to_move 1
[22:59:05.082] STOP to_move 1 nodes_visited 157
[22:59:05.082] START to_move 2
[22:59:05.097] STOP to_move 2 nodes_visited 254
[22:59:05.097] START to_move 1
[22:59:05.106] STOP to_move 1 nodes_visited 165
[22:59:05.106] START to_move 2
[22:59:05.121] STOP to_move 2 nodes_visited 250
[22:59:05.121] START to_move 1
[22:59:05.132] STOP to_move 1 nodes_visited 175
[22:59:05.132] START to_move 2
[22:59:05.147] STOP to_move 2 nodes_visited 261
[22:59:05.147] START to_move 1
[22:59:05.158] STOP to_move 1 nodes_visited 187
[22:59:05.158] START to_move 2
[22:59:05.182] STOP to_move 2 nodes_visited 397
[22:59:05.182] START to_move 1
[22:59:05.192] STOP to_move 1 nodes_visited 171
[22:59:05.193] START to_move 2
[22:59:05.211] STOP to_move 2 nodes_visited 287
[22:59:05.211] START to_move 1
[22:59:05.222] STOP to_move 1 nodes_visited 187
[22:59:05.222] START to_move 2
[22:59:05.246] STOP to_move 2 nodes_visited 397
[22:59:05.246] START to_move 1
[22:59:05.256] STOP to_move 1 nodes_visited 175
[22:59:05.256] START to_move 2
[22:59:05.259] STOP to_move 2 nodes_visited 41
[22:59:05.259] START to_move 1
[22:59:05.273] STOP to_move 1 nodes_visited 242
[22:59:05.273] START to_move 2
[22:59:05.284] STOP to_move 2 nodes_visited 184
[22:59:05.284] START to_move 1
[22:59:05.292] STOP to_move 1 nodes_visited 141
[22:59:05.292] START to_move 2
[22:59:05.302] STOP to_move 2 nodes_visited 174
[22:59:05.302] START to_move 1
[22:59:05.310] STOP to_move 1 nodes_visited 143
[22:59:05.310] START to_move 2
[22:59:05.320] STOP to_move 2 nodes_visited 165
[22:59:05.320] START to_move 1
[22:59:05.327] STOP to_move 1 nodes_visited 125
[22:59:05.327] START to_move 2
[22:59:05.338] STOP to_move 2 nodes_visited 191
[22:59:05.339] START to_move 1
[22:59:05.346] STOP to_move 1 nodes_visited 128
[22:59:05.346] START to_move 2
[22:59:05.355] STOP to_move 2 nodes_visited 151
[22:59:05.355] START to_move 1
[22:59:05.362] STOP to_move 1 nodes_visited 123
[22:59:05.362] START to_move 2
[22:59:05.371] STOP to_move 2 nodes_visited 144
[22:59:05.371] START to_move 1
[22:59:05.378] STOP to_move 1 nodes_visited 136
[22:59:05.379] START to_move 2
[22:59:05.387] STOP to_move 2 nodes_visited 151
[22:59:05.387] START to_move 1
[22:59:05.394] STOP to_move 1 nodes_visited 123
[22:59:05.394] START to_move 2
[22:59:05.403] STOP to_move 2 nodes_visited 144
[22:59:05.403] START to_move 1
[22:59:05.410] STOP to_move 1 nodes_visited 126
[22:59:05.410] START to_move 2
[22:59:05.418] STOP to_move 2 nodes_visited 137
[22:59:05.418] START to_move 1
[22:59:05.426] STOP to_move 1 nodes_visited 123
[22:59:05.426] START to_move 2
[22:59:05.434] STOP to_move 2 nodes_visited 144
[22:59:05.434] START to_move 1
[22:59:05.441] STOP to_move 1 nodes_visited 126
[22:59:05.441] START to_move 2
[22:59:05.450] STOP to_move 2 nodes_visited 147
[22:59:05.450] START to_move 1
[22:59:05.457] STOP to_move 1 nodes_visited 118
[22:59:05.457] START to_move 2
[22:59:05.465] STOP to_move 2 nodes_visited 140
[22:59:05.466] START to_move 1
[22:59:05.473] STOP to_move 1 nodes_visited 132
[22:59:05.473] START to_move 2
[22:59:05.482] STOP to_move 2 nodes_visited 147
[22:59:05.482] START to_move 1
[22:59:05.488] STOP to_move 1 nodes_visited 120
[22:59:05.489] START to_move 2
[22:59:05.497] STOP to_move 2 nodes_visited 140
[22:59:05.497] START to_move 1
[22:59:05.504] STOP to_move 1 nodes_visited 121
[22:59:05.504] START to_move 2
[22:59:05.522] STOP to_move 2 nodes_visited 303
[22:59:05.522] START to_move 1
[22:59:05.530] STOP to_move 1 nodes_visited 117
[22:59:05.530] START to_move 2
[22:59:05.546] STOP to_move 2 nodes_visited 270
[22:59:05.546] START to_move 1
[22:59:05.553] STOP to_move 1 nodes_visited 122
[22:59:05.553] START to_move 2
[22:59:05.562] STOP to_move 2 nodes_visited 147
[22:59:05.562] START to_move 1
[22:59:05.569] STOP to_move 1 nodes_visited 120
[22:59:05.569] START to_move 2
[22:59:05.577] STOP to_move 2 nodes_visited 140
[22:59:05.577] START to_move 1
[22:59:05.585] STOP to_move 1 nodes_visited 131
[22:59:05.585] START to_move 2
[22:59:05.593] STOP to_move 2 nodes_visited 141
[22:59:05.593] START to_move 1
[22:59:05.599] STOP to_move 1 nodes_visited 113
[22:59:05.600] START to_move 2
[22:59:05.621] STOP to_move 2 nodes_visited 351
[22:59:05.621] START to_move 1
[22:59:05.627] STOP to_move 1 nodes_visited 114
[22:59:05.628] START to_move 2
[22:59:05.649] STOP to_move 2 nodes_visited 361
[22:59:05.649] START to_move 1
[22:59:05.654] STOP to_move 1 nodes_visited 94
[22:59:05.655] START to_move 2
[22:59:05.673] STOP to_move 2 nodes_visited 316
[22:59:05.673] START to_move 1
[22:59:05.679] STOP to_move 1 nodes_visited 101
[22:59:05.679] START to_move 2
[22:59:05.701] STOP to_move 2 nodes_visited 361
[22:59:05.701] START to_move 1
[22:59:05.707] STOP to_move 1 nodes_visited 98
[22:59:05.707] START to_move 2
[22:59:05.725] STOP to_move 2 nodes_visited 295
[22:59:05.725] START to_move 1
[22:59:05.730] STOP to_move 1 nodes_visited 93
[22:59:05.730] START to_move 2
[22:59:05.745] STOP to_move 2 nodes_visited 253
[22:59:05.746] START to_move 1
[22:59:05.751] STOP to_move 1 nodes_visited 85
[22:59:05.751] START to_move 2
[22:59:05.769] STOP to_move 2 nodes_visited 295
[22:59:05.769] START to_move 1
[22:59:05.774] STOP to_move 1 nodes_visited 89
[22:59:05.774] START to_move 2
[22:59:05.793] STOP to_move 2 nodes_visited 329
[22:59:05.794] START to_move 1
[22:59:05.798] STOP to_move 1 nodes_visited 80
[22:59:05.798] START to_move 2
[22:59:05.815] STOP to_move 2 nodes_visited 288
[22:59:05.816] START to_move 1
[22:59:05.821] STOP to_move 1 nodes_visited 89
[22:59:05.821] START to_move 2
[22:59:05.842] STOP to_move 2 nodes_visited 337
[22:59:05.842] START to_move 1
[22:59:05.847] STOP to_move 1 nodes_visited 85
[22:59:05.848] START to_move 2
[22:59:05.865] STOP to_move 2 nodes_visited 295
[22:59:05.865] START to_move 1
[22:59:05.871] STOP to_move 1 nodes_visited 88
[22:59:05.871] START to_move 2
[22:59:05.888] STOP to_move 2 nodes_visited 297
[22:59:05.889] START to_move 1
[22:59:05.893] STOP to_move 1 nodes_visited 77
[22:59:05.893] START to_move 2
[22:59:05.900] STOP to_move 2 nodes_visited 109
[22:59:05.900] START to_move 1
[22:59:05.906] STOP to_move 1 nodes_visited 111
[22:59:05.907] START to_move 2
[22:59:05.913] STOP to_move 2 nodes_visited 113
[22:59:05.913] START to_move 1
[22:59:05.918] STOP to_move 1 nodes_visited 83
[22:59:05.918] START to_move 2
[22:59:05.925] STOP to_move 2 nodes_visited 121
[22:59:05.926] START to_move 1
[22:59:05.931] STOP to_move 1 nodes_visited 94
[22:59:05.931] START to_move 2
[22:59:05.938] STOP to_move 2 nodes_visited 129
[22:59:05.938] START to_move 1
[22:59:05.943] STOP to_move 1 nodes_visited 80
[22:59:05.943] START to_move 2
[22:59:05.951] STOP to_move 2 nodes_visited 125
[22:59:05.951] START to_move 1
[22:59:05.956] STOP to_move 1 nodes_visited 100
[22:59:05.956] START to_move 2
[22:59:05.964] STOP to_move 2 nodes_visited 127
[22:59:05.964] START to_move 1
[22:59:05.969] STOP to_move 1 nodes_visited 81
[22:59:05.969] START to_move 2
[22:59:05.975] STOP to_move 2 nodes_visited 107
[22:59:05.975] START to_move 1
[22:59:05.980] STOP to_move 1 nodes_visited 80
[22:59:05.980] START to_move 2
[22:59:05.986] STOP to_move 2 nodes_visited 103
[22:59:05.987] START to_move 1
[22:59:05.991] STOP to_move 1 nodes_visited 74
[22:59:05.991] START to_move 2
[22:59:05.999] STOP to_move 2 nodes_visited 126
[22:59:05.999] START to_move 1
[22:59:06.004] STOP to_move 1 nodes_visited 87
[22:59:06.004] START to_move 2
[22:59:06.010] STOP to_move 2 nodes_visited 101
[22:59:06.010] START to_move 1
[22:59:06.015] STOP to_move 1 nodes_visited 71
[22:59:06.015] START to_move 2
[22:59:06.022] STOP to_move 2 nodes_visited 117
[22:59:06.022] START to_move 1
[22:59:06.027] STOP to_move 1 nodes_visited 88
[22:59:06.027] START to_move 2
[22:59:06.035] STOP to_move 2 nodes_visited 123
[22:59:06.035] START to_move 1
[22:59:06.039] STOP to_move 1 nodes_visited 68
[22:59:06.039] START to_move 2
[22:59:06.045] STOP to_move 2 nodes_visited 103
[22:59:06.045] START to_move 1
[22:59:06.049] STOP to_move 1 nodes_visited 72
[22:59:06.049] START to_move 2
[22:59:06.057] STOP to_move 2 nodes_visited 121
[22:59:06.057] START to_move 1
[22:59:06.061] STOP to_move 1 nodes_visited 64
[22:59:06.061] START to_move 2
[22:59:06.067] STOP to_move 2 nodes_visited 109
[22:59:06.067] START to_move 1
[22:59:06.072] STOP to_move 1 nodes_visited 84
[22:59:06.072] START to_move 2
[22:59:06.079] STOP to_move 2 nodes_visited 113
[22:59:06.079] START to_move 1
[22:59:06.083] STOP to_move 1 nodes_visited 72
[22:59:06.084] START to_move 2
[22:59:06.090] STOP to_move 2 nodes_visited 111
[22:59:06.090] START to_move 1
[22:59:06.096] STOP to_move 1 nodes_visited 94
[22:59:06.096] START to_move 2
[22:59:06.102] STOP to_move 2 nodes_visited 109
[22:59:06.102] START to_move 1
[22:59:06.106] STOP to_move 1 nodes_visited 70
[22:59:06.107] START to_move 2
[22:59:06.115] STOP to_move 2 nodes_visited 138
[22:59:06.115] START to_move 1
[22:59:06.119] STOP to_move 1 nodes_visited 73
[22:59:06.119] START to_move 2
[22:59:06.126] STOP to_move 2 nodes_visited 113
[22:59:06.126] START to_move 1
[22:59:06.130] STOP to_move 1 nodes_visited 64
[22:59:06.130] START to_move 2
[22:59:06.137] STOP to_move 2 nodes_visited 116
[22:59:06.137] START to_move 1
[22:59:06.141] STOP to_move 1 nodes_visited 74
[22:59:06.141] START to_move 2
[22:59:06.148] STOP to_move 2 nodes_visited 117
[22:59:06.148] START to_move 1
[22:59:06.152] STOP to_move 1 nodes_visited 65
[22:59:06.152] START to_move 2
[22:59:06.158] STOP to_move 2 nodes_visited 104
[22:59:06.158] START to_move 1
[22:59:06.162] STOP to_move 1 nodes_visited 62
[22:59:06.162] START to_move 2
[22:59:06.168] STOP to_move 2 nodes_visited 112
[22:59:06.168] START to_move 1
[22:59:06.172] STOP to_move 1 nodes_visited 60
[22:59:06.172] START to_move 2
[22:59:06.180] STOP to_move 2 nodes_visited 113
[22:59:06.180] START to_move 1
[22:59:06.184] STOP to_move 1 nodes_visited 71
[22:59:06.184] START to_move 2
[22:59:06.190] STOP to_move 2 nodes_visited 93
[22:59:06.190] START to_move 1
[22:59:06.193] STOP to_move 1 nodes_visited 57
[22:59:06.193] START to_move 2
[22:59:06.199] STOP to_move 2 nodes_visited 102
[22:59:06.199] START to_move 1
[22:59:06.203] STOP to_move 1 nodes_visited 52
[22:59:06.203] START to_move 2
[22:59:06.209] STOP to_move 2 nodes_visited 102
[22:59:06.209] START to_move 1
[22:59:06.212] STOP to_move 1 nodes_visited 46
[22:59:06.212] START to_move 2
[22:59:06.216] STOP to_move 2 nodes_visited 80
[22:59:06.216] START to_move 1
[22:59:06.219] STOP to_move 1 nodes_visited 42
[22:59:06.219] START to_move 2
[22:59:06.225] STOP to_move 2 nodes_visited 108
[22:59:06.225] START to_move 1
[22:59:06.228] STOP to_move 1 nodes_visited 42
[22:59:06.228] START to_move 2
[22:59:06.233] STOP to_move 2 nodes_visited 78
[22:59:06.233] START to_move 1
[22:59:06.236] STOP to_move 1 nodes_visited 58
[22:59:06.236] START to_move 2
[22:59:06.241] STOP to_move 2 nodes_visited 85
[22:59:06.241] START to_move 1
[22:59:06.244] STOP to_move 1 nodes_visited 55
[22:59:06.244] START to_move 2
[22:59:06.248] STOP to_move 2 nodes_visited 72
[22:59:06.248] START to_move 1
[22:59:06.251] STOP to_move 1 nodes_visited 48
[22:59:06.251] START to_move 2
[22:59:06.256] STOP to_move 2 nodes_visited 83
[22:59:06.256] START to_move 1
[22:59:06.259] STOP to_move 1 nodes_visited 51
[22:59:06.259] START to_move 2
[22:59:06.267] STOP to_move 2 nodes_visited 128
[22:59:06.267] START to_move 1
[22:59:06.271] STOP to_move 1 nodes_visited 60
[22:59:06.271] START to_move 2
[22:59:06.276] STOP to_move 2 nodes_visited 85
[22:59:06.276] START to_move 1
[22:59:06.278] STOP to_move 1 nodes_visited 40
[22:59:06.279] START to_move 2
[22:59:06.284] STOP to_move 2 nodes_visited 88
[22:59:06.284] START to_move 1
[22:59:06.287] STOP to_move 1 nodes_visited 45
[22:59:06.287] START to_move 2
[22:59:06.296] STOP to_move 2 nodes_visited 163
[22:59:06.296] START to_move 1
[22:59:06.299] STOP to_move 1 nodes_visited 53
[22:59:06.300] START to_move 2
[22:59:06.304] STOP to_move 2 nodes_visited 71
[22:59:06.304] START to_move 1
[22:59:06.306] STOP to_move 1 nodes_visited 48
[22:59:06.307] START to_move 2
[22:59:06.311] STOP to_move 2 nodes_visited 69
[22:59:06.311] START to_move 1
[22:59:06.313] STOP to_move 1 nodes_visited 37
[22:59:06.313] START to_move 2
[22:59:06.317] STOP to_move 2 nodes_visited 64
[22:59:06.317] START to_move 1
[22:59:06.319] STOP to_move 1 nodes_visited 36
[22:59:06.319] START to_move 2
[22:59:06.323] STOP to_move 2 nodes_visited 75
[22:59:06.323] START to_move 1
[22:59:06.326] STOP to_move 1 nodes_visited 42
[22:59:06.326] START to_move 2
[22:59:06.330] STOP to_move 2 nodes_visited 70
[22:59:06.330] START to_move 1
[22:59:06.333] STOP to_move 1 nodes_visited 47
[22:59:06.333] START to_move 2
[22:59:06.337] STOP to_move 2 nodes_visited 75
[22:59:06.337] START to_move 1
[22:59:06.340] STOP to_move 1 nodes_visited 42
[22:59:06.340] START to_move 2
[22:59:06.344] STOP to_move 2 nodes_visited 70
[22:59:06.344] START to_move 1
[22:59:06.347] STOP to_move 1 nodes_visited 41
[22:59:06.347] START to_move 2
[22:59:06.351] STOP to_move 2 nodes_visited 71
[22:59:06.351] START to_move 1
[22:59:06.353] STOP to_move 1 nodes_visited 36
[22:59:06.353] START to_move 2
[22:59:06.357] STOP to_move 2 nodes_visited 71
[22:59:06.357] START to_move 1
[22:59:06.360] STOP to_move 1 nodes_visited 45
[22:59:06.360] START to_move 2
[22:59:06.364] STOP to_move 2 nodes_visited 55
[22:59:06.364] START to_move 1
[22:59:06.366] STOP to_move 1 nodes_visited 33
[22:59:06.366] START to_move 2
[22:59:06.369] STOP to_move 2 nodes_visited 62
[22:59:06.369] START to_move 1
[22:59:06.371] STOP to_move 1 nodes_visited 31
[22:59:06.371] START to_move 2
[22:59:06.376] STOP to_move 2 nodes_visited 79
[22:59:06.376] START to_move 1
[22:59:06.378] STOP to_move 1 nodes_visited 32
[22:59:06.378] START to_move 2
[22:59:06.382] STOP to_move 2 nodes_visited 64
[22:59:06.382] START to_move 1
[22:59:06.384] STOP to_move 1 nodes_visited 34
[22:59:06.384] START to_move 2
[22:59:06.388] STOP to_move 2 nodes_visited 65
[22:59:06.388] START to_move 1
[22:59:06.390] STOP to_move 1 nodes_visited 27
[22:59:06.390] START to_move 2
[22:59:06.392] STOP to_move 2 nodes_visited 37
[22:59:06.392] START to_move 1
[22:59:06.394] STOP to_move 1 nodes_visited 28
[22:59:06.394] START to_move 2
[22:59:06.396] STOP to_move 2 nodes_visited 39
[22:59:06.396] START to_move 1
[22:59:06.398] STOP to_move 1 nodes_visited 33
[22:59:06.398] START to_move 2
[22:59:06.401] STOP to_move 2 nodes_visited 52
[22:59:06.401] START to_move 1
[22:59:06.403] STOP to_move 1 nodes_visited 32
[22:59:06.403] START to_move 2
[22:59:06.406] STOP to_move 2 nodes_visited 53
[22:59:06.406] START to_move 1
[22:59:06.408] STOP to_move 1 nodes_visited 25
[22:59:06.408] START to_move 2
[22:59:06.411] STOP to_move 2 nodes_visited 56
[22:59:06.411] START to_move 1
[22:59:06.414] STOP to_move 1 nodes_visited 42
[22:59:06.414] START to_move 2
[22:59:06.419] STOP to_move 2 nodes_visited 77
[22:59:06.419] START to_move 1
[22:59:06.421] STOP to_move 1 nodes_visited 43
[22:59:06.421] START to_move 2
[22:59:06.425] STOP to_move 2 nodes_visited 51
[22:59:06.425] START to_move 1
[22:59:06.427] STOP to_move 1 nodes_visited 30
[22:59:06.427] START to_move 2
[22:59:06.428] STOP to_move 2 nodes_visited 17
[22:59:06.428] START to_move 1
[22:59:06.428] STOP to_move 1 nodes_visited 12
[22:59:06.428] START to_move 2
[22:59:06.430] STOP to_move 2 nodes_visited 19
[22:59:06.430] START to_move 1
[22:59:06.431] STOP to_move 1 nodes_visited 16
[22:59:06.431] START to_move 2
[22:59:06.432] STOP to_move 2 nodes_visited 17
[22:59:06.432] START to_move 1
[22:59:06.432] STOP to_move 1 nodes_visited 12
[22:59:06.432] START to_move 2
[22:59:06.434] STOP to_move 2 nodes_visited 25
[22:59:06.434] START to_move 1
[22:59:06.435] STOP to_move 1 nodes_visited 19
[22:59:06.435] START to_move 2
[22:59:06.437] STOP to_move 2 nodes_visited 25
[22:59:06.437] START to_move 1
[22:59:06.438] STOP to_move 1 nodes_visited 21
[22:59:06.438] START to_move 2
[22:59:06.439] STOP to_move 2 nodes_visited 25
[22:59:06.439] START to_move 1
[22:59:06.440] STOP to_move 1 nodes_visited 21
[22:59:06.441] START to_move 2
[22:59:06.442] STOP to_move 2 nodes_visited 25
[22:59:06.442] START to_move 1
[22:59:06.443] STOP to_move 1 nodes_visited 23
[22:59:06.443] START to_move 2
[22:59:06.445] STOP to_move 2 nodes_visited 21
[22:59:06.445] START to_move 1
[22:59:06.446] STOP to_move 1 nodes_visited 21
[22:59:06.446] START to_move 2
[22:59:06.448] STOP to_move 2 nodes_visited 37
[22:59:06.448] START to_move 1
[22:59:06.450] STOP to_move 1 nodes_visited 27
[22:59:06.450] START to_move 2
[22:59:06.451] STOP to_move 2 nodes_visited 19
[22:59:06.451] START to_move 1
[22:59:06.452] STOP to_move 1 nodes_visited 15
[22:59:06.452] START to_move 2
[22:59:06.453] STOP to_move 2 nodes_visited 23
[22:59:06.453] START to_move 1
[22:59:06.454] STOP to_move 1 nodes_visited 14
[22:59:06.454] END winner 1 - rounds 451
