[21:13:40.637] 1 - distance_function chebyshev - pruning True
[21:13:40.637] 2 - distance_function euclides - pruning True
[21:13:40.637] START to_move 1
[21:13:40.744] STOP to_move 1 nodes_visited 1640
[21:13:40.745] START to_move 2
[21:13:40.922] STOP to_move 2 nodes_visited 2749
[21:13:40.924] START to_move 1
[21:13:41.140] STOP to_move 1 nodes_visited 3267
[21:13:41.142] START to_move 2
[21:13:41.347] STOP to_move 2 nodes_visited 3364
[21:13:41.349] START to_move 1
[21:13:41.429] STOP to_move 1 nodes_visited 1236
[21:13:41.430] START to_move 2
[21:13:41.532] STOP to_move 2 nodes_visited 1701
[21:13:41.533] START to_move 1
[21:13:41.682] STOP to_move 1 nodes_visited 2265
[21:13:41.683] START to_move 2
[21:13:41.913] STOP to_move 2 nodes_visited 3727
[21:13:41.915] START to_move 1
[21:13:41.982] STOP to_move 1 nodes_visited 1019
[21:13:41.982] START to_move 2
[21:13:42.087] STOP to_move 2 nodes_visited 1728
[21:13:42.088] START to_move 1
[21:13:42.260] STOP to_move 1 nodes_visited 2584
[21:13:42.262] START to_move 2
[21:13:42.348] STOP to_move 2 nodes_visited 1432
[21:13:42.349] START to_move 1
[21:13:42.518] STOP to_move 1 nodes_visited 2595
[21:13:42.520] START to_move 2
[21:13:42.608] STOP to_move 2 nodes_visited 1490
[21:13:42.609] START to_move 1
[21:13:42.687] STOP to_move 1 nodes_visited 1223
[21:13:42.688] START to_move 2
[21:13:42.884] STOP to_move 2 nodes_visited 3181
[21:13:42.886] START to_move 1
[21:13:42.984] STOP to_move 1 nodes_visited 1506
[21:13:42.985] START to_move 2
[21:13:43.071] STOP to_move 2 nodes_visited 1407
[21:13:43.072] START to_move 1
[21:13:43.145] STOP to_move 1 nodes_visited 1138
[21:13:43.146] START to_move 2
[21:13:43.212] STOP to_move 2 nodes_visited 1119
[21:13:43.213] START to_move 1
[21:13:43.282] STOP to_move 1 nodes_visited 1069
[21:13:43.282] START to_move 2
[21:13:43.335] STOP to_move 2 nodes_visited 863
[21:13:43.336] START to_move 1
[21:13:43.524] STOP to_move 1 nodes_visited 2996
[21:13:43.526] START to_move 2
[21:13:43.601] STOP to_move 2 nodes_visited 1214
[21:13:43.602] START to_move 1
[21:13:43.791] STOP to_move 1 nodes_visited 3011
[21:13:43.792] START to_move 2
[21:13:43.858] STOP to_move 2 nodes_visited 1060
[21:13:43.859] START to_move 1
[21:13:44.046] STOP to_move 1 nodes_visited 2962
[21:13:44.048] START to_move 2
[21:13:44.108] STOP to_move 2 nodes_visited 969
[21:13:44.109] START to_move 1
[21:13:44.295] STOP to_move 1 nodes_visited 2956
[21:13:44.297] START to_move 2
[21:13:44.407] STOP to_move 2 nodes_visited 1766
[21:13:44.408] START to_move 1
[21:13:44.587] STOP to_move 1 nodes_visited 2737
[21:13:44.589] START to_move 2
[21:13:44.653] STOP to_move 2 nodes_visited 1038
[21:13:44.654] START to_move 1
[21:13:44.814] STOP to_move 1 nodes_visited 2533
[21:13:44.815] START to_move 2
[21:13:44.875] STOP to_move 2 nodes_visited 1007
[21:13:44.876] START to_move 1
[21:13:45.036] STOP to_move 1 nodes_visited 2502
[21:13:45.037] START to_move 2
[21:13:45.100] STOP to_move 2 nodes_visited 1042
[21:13:45.100] START to_move 1
[21:13:45.138] STOP to_move 1 nodes_visited 620
[21:13:45.139] START to_move 2
[21:13:45.173] STOP to_move 2 nodes_visited 586
[21:13:45.174] START to_move 1
[21:13:45.201] STOP to_move 1 nodes_visited 431
[21:13:45.202] START to_move 2
[21:13:45.270] STOP to_move 2 nodes_visited 1127
[21:13:45.270] START to_move 1
[21:13:45.394] STOP to_move 1 nodes_visited 1970
[21:13:45.395] START to_move 2
[21:13:45.450] STOP to_move 2 nodes_visited 930
[21:13:45.451] START to_move 1
[21:13:45.579] STOP to_move 1 nodes_visited 1994
[21:13:45.580] START to_move 2
[21:13:45.675] STOP to_move 2 nodes_visited 1570
[21:13:45.676] START to_move 1
[21:13:45.804] STOP to_move 1 nodes_visited 2022
[21:13:45.805] START to_move 2
[21:13:45.890] STOP to_move 2 nodes_visited 1369
[21:13:45.891] START to_move 1
[21:13:45.923] STOP to_move 1 nodes_visited 515
[21:13:45.924] START to_move 2
[21:13:46.183] STOP to_move 2 nodes_visited 4086
[21:13:46.185] START to_move 1
[21:13:46.217] STOP to_move 1 nodes_visited 508
[21:13:46.217] START to_move 2
[21:13:46.289] STOP to_move 2 nodes_visited 1135
[21:13:46.290] START to_move 1
[21:13:46.313] STOP to_move 1 nodes_visited 377
[21:13:46.313] START to_move 2
[21:13:46.381] STOP to_move 2 nodes_visited 1117
[21:13:46.381] START to_move 1
[21:13:46.404] STOP to_move 1 nodes_visited 377
[21:13:46.404] START to_move 2
[21:13:46.494] STOP to_move 2 nodes_visited 1417
[21:13:46.495] START to_move 1
[21:13:46.518] STOP to_move 1 nodes_visited 380
[21:13:46.518] START to_move 2
[21:13:46.751] STOP to_move 2 nodes_visited 3701
[21:13:46.753] START to_move 1
[21:13:46.776] STOP to_move 1 nodes_visited 382
[21:13:46.777] START to_move 2
[21:13:47.016] STOP to_move 2 nodes_visited 3821
[21:13:47.018] START to_move 1
[21:13:47.041] STOP to_move 1 nodes_visited 384
[21:13:47.042] START to_move 2
[21:13:47.291] STOP to_move 2 nodes_visited 3979
[21:13:47.293] START to_move 1
[21:13:47.315] STOP to_move 1 nodes_visited 362
[21:13:47.315] START to_move 2
[21:13:47.520] STOP to_move 2 nodes_visited 3302
[21:13:47.522] START to_move 1
[21:13:47.544] STOP to_move 1 nodes_visited 362
[21:13:47.544] START to_move 2
[21:13:47.755] STOP to_move 2 nodes_visited 3382
[21:13:47.757] START to_move 1
[21:13:47.785] STOP to_move 1 nodes_visited 447
[21:13:47.786] START to_move 2
[21:13:47.996] STOP to_move 2 nodes_visited 3386
[21:13:47.998] START to_move 1
[21:13:48.021] STOP to_move 1 nodes_visited 359
[21:13:48.021] START to_move 2
[21:13:48.236] STOP to_move 2 nodes_visited 3456
[21:13:48.238] START to_move 1
[21:13:48.260] STOP to_move 1 nodes_visited 356
[21:13:48.260] START to_move 2
[21:13:48.357] STOP to_move 2 nodes_visited 1595
[21:13:48.357] START to_move 1
[21:13:48.379] STOP to_move 1 nodes_visited 352
[21:13:48.380] START to_move 2
[21:13:48.443] STOP to_move 2 nodes_visited 1024
[21:13:48.444] START to_move 1
[21:13:48.465] STOP to_move 1 nodes_visited 340
[21:13:48.465] START to_move 2
[21:13:48.541] STOP to_move 2 nodes_visited 1259
[21:13:48.541] START to_move 1
[21:13:48.562] STOP to_move 1 nodes_visited 328
[21:13:48.562] START to_move 2
[21:13:48.640] STOP to_move 2 nodes_visited 1315
[21:13:48.641] START to_move 1
[21:13:48.661] STOP to_move 1 nodes_visited 327
[21:13:48.662] START to_move 2
[21:13:48.751] STOP to_move 2 nodes_visited 1457
[21:13:48.751] START to_move 1
[21:13:48.771] STOP to_move 1 nodes_visited 315
[21:13:48.771] START to_move 2
[21:13:48.882] STOP to_move 2 nodes_visited 1850
[21:13:48.883] START to_move 1
[21:13:48.904] STOP to_move 1 nodes_visited 330
[21:13:48.904] START to_move 2
[21:13:49.030] STOP to_move 2 nodes_visited 2030
[21:13:49.031] START to_move 1
[21:13:49.050] STOP to_move 1 nodes_visited 317
[21:13:49.051] START to_move 2
[21:13:49.157] STOP to_move 2 nodes_visited 1764
[21:13:49.158] START to_move 1
[21:13:49.181] STOP to_move 1 nodes_visited 371
[21:13:49.181] START to_move 2
[21:13:49.298] STOP to_move 2 nodes_visited 1902
[21:13:49.299] START to_move 1
[21:13:49.321] STOP to_move 1 nodes_visited 362
[21:13:49.321] START to_move 2
[21:13:49.425] STOP to_move 2 nodes_visited 1719
[21:13:49.426] START to_move 1
[21:13:49.457] STOP to_move 1 nodes_visited 510
[21:13:49.458] START to_move 2
[21:13:49.520] STOP to_move 2 nodes_visited 1039
[21:13:49.520] START to_move 1
[21:13:49.543] STOP to_move 1 nodes_visited 361
[21:13:49.543] START to_move 2
[21:13:49.646] STOP to_move 2 nodes_visited 1708
[21:13:49.647] START to_move 1
[21:13:49.669] STOP to_move 1 nodes_visited 361
[21:13:49.669] START to_move 2
[21:13:49.740] STOP to_move 2 nodes_visited 1175
[21:13:49.740] START to_move 1
[21:13:49.762] STOP to_move 1 nodes_visited 362
[21:13:49.762] START to_move 2
[21:13:49.836] STOP to_move 2 nodes_visited 1199
[21:13:49.836] START to_move 1
[21:13:49.867] STOP to_move 1 nodes_visited 488
[21:13:49.868] START to_move 2
[21:13:49.921] STOP to_move 2 nodes_visited 895
[21:13:49.922] START to_move 1
[21:13:49.964] STOP to_move 1 nodes_visited 639
[21:13:49.964] START to_move 2
[21:13:50.022] STOP to_move 2 nodes_visited 967
[21:13:50.022] START to_move 1
[21:13:50.038] STOP to_move 1 nodes_visited 258
[21:13:50.038] START to_move 2
[21:13:50.086] STOP to_move 2 nodes_visited 769
[21:13:50.087] START to_move 1
[21:13:50.102] STOP to_move 1 nodes_visited 261
[21:13:50.103] START to_move 2
[21:13:50.146] STOP to_move 2 nodes_visited 723
[21:13:50.146] START to_move 1
[21:13:50.160] STOP to_move 1 nodes_visited 243
[21:13:50.161] START to_move 2
[21:13:50.194] STOP to_move 2 nodes_visited 571
[21:13:50.195] START to_move 1
[21:13:50.209] STOP to_move 1 nodes_visited 243
[21:13:50.209] START to_move 2
[21:13:50.240] STOP to_move 2 nodes_visited 509
[21:13:50.240] START to_move 1
[21:13:50.254] STOP to_move 1 nodes_visited 247
[21:13:50.254] START to_move 2
[21:13:50.278] STOP to_move 2 nodes_visited 385
[21:13:50.278] START to_move 1
[21:13:50.292] STOP to_move 1 nodes_visited 240
[21:13:50.292] START to_move 2
[21:13:50.313] STOP to_move 2 nodes_visited 345
[21:13:50.313] START to_move 1
[21:13:50.324] STOP to_move 1 nodes_visited 186
[21:13:50.324] START to_move 2
[21:13:50.340] STOP to_move 2 nodes_visited 279
[21:13:50.340] START to_move 1
[21:13:50.365] STOP to_move 1 nodes_visited 410
[21:13:50.366] START to_move 2
[21:13:50.384] STOP to_move 2 nodes_visited 292
[21:13:50.385] START to_move 1
[21:13:50.408] STOP to_move 1 nodes_visited 392
[21:13:50.409] START to_move 2
[21:13:50.432] STOP to_move 2 nodes_visited 391
[21:13:50.432] START to_move 1
[21:13:50.455] STOP to_move 1 nodes_visited 387
[21:13:50.455] START to_move 2
[21:13:50.470] STOP to_move 2 nodes_visited 251
[21:13:50.471] START to_move 1
[21:13:50.495] STOP to_move 1 nodes_visited 405
[21:13:50.495] START to_move 2
[21:13:50.515] STOP to_move 2 nodes_visited 336
[21:13:50.516] START to_move 1
[21:13:50.534] STOP to_move 1 nodes_visited 313
[21:13:50.535] START to_move 2
[21:13:50.553] STOP to_move 2 nodes_visited 309
[21:13:50.553] START to_move 1
[21:13:50.572] STOP to_move 1 nodes_visited 317
[21:13:50.572] START to_move 2
[21:13:50.592] STOP to_move 2 nodes_visited 340
[21:13:50.593] START to_move 1
[21:13:50.611] STOP to_move 1 nodes_visited 309
[21:13:50.612] START to_move 2
[21:13:50.630] STOP to_move 2 nodes_visited 307
[21:13:50.630] START to_move 1
[21:13:50.649] STOP to_move 1 nodes_visited 309
[21:13:50.649] START to_move 2
[21:13:50.660] STOP to_move 2 nodes_visited 190
[21:13:50.661] START to_move 1
[21:13:50.688] STOP to_move 1 nodes_visited 407
[21:13:50.688] START to_move 2
[21:13:50.701] STOP to_move 2 nodes_visited 192
[21:13:50.701] START to_move 1
[21:13:50.714] STOP to_move 1 nodes_visited 216
[21:13:50.715] START to_move 2
[21:13:50.726] STOP to_move 2 nodes_visited 190
[21:13:50.726] START to_move 1
[21:13:50.739] STOP to_move 1 nodes_visited 219
[21:13:50.739] START to_move 2
[21:13:50.748] STOP to_move 2 nodes_visited 153
[21:13:50.748] START to_move 1
[21:13:50.763] STOP to_move 1 nodes_visited 243
[21:13:50.763] START to_move 2
[21:13:50.773] STOP to_move 2 nodes_visited 173
[21:13:50.773] START to_move 1
[21:13:50.786] STOP to_move 1 nodes_visited 229
[21:13:50.786] START to_move 2
[21:13:50.804] STOP to_move 2 nodes_visited 293
[21:13:50.804] START to_move 1
[21:13:50.823] STOP to_move 1 nodes_visited 315
[21:13:50.823] START to_move 2
[21:13:50.844] STOP to_move 2 nodes_visited 359
[21:13:50.844] START to_move 1
[21:13:50.855] STOP to_move 1 nodes_visited 177
[21:13:50.855] START to_move 2
[21:13:50.886] STOP to_move 2 nodes_visited 523
[21:13:50.887] START to_move 1
[21:13:50.897] STOP to_move 1 nodes_visited 180
[21:13:50.897] START to_move 2
[21:13:50.931] STOP to_move 2 nodes_visited 565
[21:13:50.931] START to_move 1
[21:13:50.942] STOP to_move 1 nodes_visited 186
[21:13:50.942] START to_move 2
[21:13:50.983] STOP to_move 2 nodes_visited 670
[21:13:50.983] START to_move 1
[21:13:50.993] STOP to_move 1 nodes_visited 157
[21:13:50.993] START to_move 2
[21:13:51.024] STOP to_move 2 nodes_visited 508
[21:13:51.024] START to_move 1
[21:13:51.032] STOP to_move 1 nodes_visited 141
[21:13:51.032] START to_move 2
[21:13:51.048] STOP to_move 2 nodes_visited 258
[21:13:51.048] START to_move 1
[21:13:51.056] STOP to_move 1 nodes_visited 149
[21:13:51.056] START to_move 2
[21:13:51.068] STOP to_move 2 nodes_visited 188
[21:13:51.068] START to_move 1
[21:13:51.077] STOP to_move 1 nodes_visited 150
[21:13:51.077] START to_move 2
[21:13:51.095] STOP to_move 2 nodes_visited 301
[21:13:51.095] START to_move 1
[21:13:51.104] STOP to_move 1 nodes_visited 145
[21:13:51.104] START to_move 2
[21:13:51.129] STOP to_move 2 nodes_visited 415
[21:13:51.129] START to_move 1
[21:13:51.138] STOP to_move 1 nodes_visited 146
[21:13:51.138] START to_move 2
[21:13:51.153] STOP to_move 2 nodes_visited 255
[21:13:51.153] START to_move 1
[21:13:51.161] STOP to_move 1 nodes_visited 139
[21:13:51.161] START to_move 2
[21:13:51.174] STOP to_move 2 nodes_visited 210
[21:13:51.174] START to_move 1
[21:13:51.183] STOP to_move 1 nodes_visited 159
[21:13:51.183] START to_move 2
[21:13:51.198] STOP to_move 2 nodes_visited 255
[21:13:51.198] START to_move 1
[21:13:51.206] STOP to_move 1 nodes_visited 139
[21:13:51.207] START to_move 2
[21:13:51.221] STOP to_move 2 nodes_visited 240
[21:13:51.221] START to_move 1
[21:13:51.230] STOP to_move 1 nodes_visited 159
[21:13:51.230] START to_move 2
[21:13:51.245] STOP to_move 2 nodes_visited 245
[21:13:51.245] START to_move 1
[21:13:51.252] STOP to_move 1 nodes_visited 131
[21:13:51.253] START to_move 2
[21:13:51.257] STOP to_move 2 nodes_visited 81
[21:13:51.257] START to_move 1
[21:13:51.265] STOP to_move 1 nodes_visited 130
[21:13:51.265] START to_move 2
[21:13:51.284] STOP to_move 2 nodes_visited 327
[21:13:51.284] START to_move 1
[21:13:51.293] STOP to_move 1 nodes_visited 125
[21:13:51.293] START to_move 2
[21:13:51.314] STOP to_move 2 nodes_visited 346
[21:13:51.314] START to_move 1
[21:13:51.322] STOP to_move 1 nodes_visited 135
[21:13:51.322] START to_move 2
[21:13:51.330] STOP to_move 2 nodes_visited 139
[21:13:51.330] START to_move 1
[21:13:51.337] STOP to_move 1 nodes_visited 119
[21:13:51.337] START to_move 2
[21:13:51.352] STOP to_move 2 nodes_visited 245
[21:13:51.352] START to_move 1
[21:13:51.359] STOP to_move 1 nodes_visited 120
[21:13:51.359] START to_move 2
[21:13:51.377] STOP to_move 2 nodes_visited 299
[21:13:51.377] START to_move 1
[21:13:51.384] STOP to_move 1 nodes_visited 115
[21:13:51.384] START to_move 2
[21:13:51.395] STOP to_move 2 nodes_visited 176
[21:13:51.395] START to_move 1
[21:13:51.402] STOP to_move 1 nodes_visited 118
[21:13:51.402] START to_move 2
[21:13:51.416] STOP to_move 2 nodes_visited 225
[21:13:51.416] START to_move 1
[21:13:51.422] STOP to_move 1 nodes_visited 115
[21:13:51.422] START to_move 2
[21:13:51.436] STOP to_move 2 nodes_visited 223
[21:13:51.436] START to_move 1
[21:13:51.443] STOP to_move 1 nodes_visited 125
[21:13:51.443] START to_move 2
[21:13:51.451] STOP to_move 2 nodes_visited 127
[21:13:51.451] START to_move 1
[21:13:51.457] STOP to_move 1 nodes_visited 111
[21:13:51.458] START to_move 2
[21:13:51.468] STOP to_move 2 nodes_visited 176
[21:13:51.468] START to_move 1
[21:13:51.475] STOP to_move 1 nodes_visited 108
[21:13:51.475] START to_move 2
[21:13:51.487] STOP to_move 2 nodes_visited 203
[21:13:51.487] START to_move 1
[21:13:51.493] STOP to_move 1 nodes_visited 103
[21:13:51.493] START to_move 2
[21:13:51.499] STOP to_move 2 nodes_visited 111
[21:13:51.499] START to_move 1
[21:13:51.505] STOP to_move 1 nodes_visited 104
[21:13:51.506] START to_move 2
[21:13:51.514] STOP to_move 2 nodes_visited 149
[21:13:51.514] START to_move 1
[21:13:51.520] STOP to_move 1 nodes_visited 101
[21:13:51.520] START to_move 2
[21:13:51.525] STOP to_move 2 nodes_visited 82
[21:13:51.525] START to_move 1
[21:13:51.531] STOP to_move 1 nodes_visited 100
[21:13:51.531] START to_move 2
[21:13:51.539] STOP to_move 2 nodes_visited 141
[21:13:51.540] START to_move 1
[21:13:51.545] STOP to_move 1 nodes_visited 97
[21:13:51.545] START to_move 2
[21:13:51.551] STOP to_move 2 nodes_visited 98
[21:13:51.551] START to_move 1
[21:13:51.557] STOP to_move 1 nodes_visited 100
[21:13:51.557] START to_move 2
[21:13:51.564] STOP to_move 2 nodes_visited 121
[21:13:51.564] START to_move 1
[21:13:51.570] STOP to_move 1 nodes_visited 91
[21:13:51.570] START to_move 2
[21:13:51.575] STOP to_move 2 nodes_visited 88
[21:13:51.575] START to_move 1
[21:13:51.580] STOP to_move 1 nodes_visited 90
[21:13:51.580] START to_move 2
[21:13:51.587] STOP to_move 2 nodes_visited 117
[21:13:51.587] START to_move 1
[21:13:51.592] STOP to_move 1 nodes_visited 89
[21:13:51.593] START to_move 2
[21:13:51.597] STOP to_move 2 nodes_visited 76
[21:13:51.597] START to_move 1
[21:13:51.602] STOP to_move 1 nodes_visited 86
[21:13:51.603] START to_move 2
[21:13:51.609] STOP to_move 2 nodes_visited 109
[21:13:51.609] START to_move 1
[21:13:51.613] STOP to_move 1 nodes_visited 69
[21:13:51.613] START to_move 2
[21:13:51.619] STOP to_move 2 nodes_visited 95
[21:13:51.619] START to_move 1
[21:13:51.624] STOP to_move 1 nodes_visited 80
[21:13:51.624] START to_move 2
[21:13:51.631] STOP to_move 2 nodes_visited 101
[21:13:51.631] START to_move 1
[21:13:51.635] STOP to_move 1 nodes_visited 67
[21:13:51.635] START to_move 2
[21:13:51.640] STOP to_move 2 nodes_visited 78
[21:13:51.640] START to_move 1
[21:13:51.643] STOP to_move 1 nodes_visited 63
[21:13:51.643] START to_move 2
[21:13:51.649] STOP to_move 2 nodes_visited 103
[21:13:51.649] START to_move 1
[21:13:51.653] STOP to_move 1 nodes_visited 57
[21:13:51.653] START to_move 2
[21:13:51.657] STOP to_move 2 nodes_visited 73
[21:13:51.657] START to_move 1
[21:13:51.660] STOP to_move 1 nodes_visited 53
[21:13:51.660] START to_move 2
[21:13:51.666] STOP to_move 2 nodes_visited 97
[21:13:51.666] START to_move 1
[21:13:51.669] STOP to_move 1 nodes_visited 51
[21:13:51.669] START to_move 2
[21:13:51.680] STOP to_move 2 nodes_visited 190
[21:13:51.681] START to_move 1
[21:13:51.684] STOP to_move 1 nodes_visited 51
[21:13:51.684] START to_move 2
[21:13:51.694] STOP to_move 2 nodes_visited 177
[21:13:51.694] START to_move 1
[21:13:51.697] STOP to_move 1 nodes_visited 47
[21:13:51.697] START to_move 2
[21:13:51.701] STOP to_move 2 nodes_visited 73
[21:13:51.701] START to_move 1
[21:13:51.705] STOP to_move 1 nodes_visited 49
[21:13:51.705] START to_move 2
[21:13:51.710] STOP to_move 2 nodes_visited 96
[21:13:51.711] START to_move 1
[21:13:51.713] STOP to_move 1 nodes_visited 41
[21:13:51.713] START to_move 2
[21:13:51.719] STOP to_move 2 nodes_visited 105
[21:13:51.719] START to_move 1
[21:13:51.722] STOP to_move 1 nodes_visited 42
[21:13:51.722] START to_move 2
[21:13:51.729] STOP to_move 2 nodes_visited 124
[21:13:51.729] START to_move 1
[21:13:51.732] STOP to_move 1 nodes_visited 41
[21:13:51.732] START to_move 2
[21:13:51.739] STOP to_move 2 nodes_visited 117
[21:13:51.739] START to_move 1
[21:13:51.741] STOP to_move 1 nodes_visited 36
[21:13:51.741] START to_move 2
[21:13:51.746] STOP to_move 2 nodes_visited 81
[21:13:51.746] START to_move 1
[21:13:51.749] STOP to_move 1 nodes_visited 45
[21:13:51.749] START to_move 2
[21:13:51.753] STOP to_move 2 nodes_visited 73
[21:13:51.753] START to_move 1
[21:13:51.756] STOP to_move 1 nodes_visited 49
[21:13:51.756] START to_move 2
[21:13:51.762] STOP to_move 2 nodes_visited 97
[21:13:51.762] START to_move 1
[21:13:51.766] STOP to_move 1 nodes_visited 55
[21:13:51.766] START to_move 2
[21:13:51.771] STOP to_move 2 nodes_visited 89
[21:13:51.771] START to_move 1
[21:13:51.774] STOP to_move 1 nodes_visited 51
[21:13:51.774] START to_move 2
[21:13:51.779] STOP to_move 2 nodes_visited 89
[21:13:51.780] START to_move 1
[21:13:51.782] STOP to_move 1 nodes_visited 45
[21:13:51.782] START to_move 2
[21:13:51.786] STOP to_move 2 nodes_visited 68
[21:13:51.786] START to_move 1
[21:13:51.789] STOP to_move 1 nodes_visited 45
[21:13:51.789] START to_move 2
[21:13:51.793] STOP to_move 2 nodes_visited 57
[21:13:51.793] START to_move 1
[21:13:51.795] STOP to_move 1 nodes_visited 45
[21:13:51.795] START to_move 2
[21:13:51.799] STOP to_move 2 nodes_visited 59
[21:13:51.799] START to_move 1
[21:13:51.801] STOP to_move 1 nodes_visited 45
[21:13:51.802] START to_move 2
[21:13:51.807] STOP to_move 2 nodes_visited 93
[21:13:51.807] START to_move 1
[21:13:51.810] STOP to_move 1 nodes_visited 41
[21:13:51.810] START to_move 2
[21:13:51.818] STOP to_move 2 nodes_visited 141
[21:13:51.818] START to_move 1
[21:13:51.821] STOP to_move 1 nodes_visited 41
[21:13:51.821] START to_move 2
[21:13:51.826] STOP to_move 2 nodes_visited 93
[21:13:51.826] START to_move 1
[21:13:51.829] STOP to_move 1 nodes_visited 39
[21:13:51.829] START to_move 2
[21:13:51.833] STOP to_move 2 nodes_visited 74
[21:13:51.833] START to_move 1
[21:13:51.836] STOP to_move 1 nodes_visited 50
[21:13:51.836] START to_move 2
[21:13:51.842] STOP to_move 2 nodes_visited 103
[21:13:51.842] START to_move 1
[21:13:51.845] STOP to_move 1 nodes_visited 45
[21:13:51.845] START to_move 2
[21:13:51.848] STOP to_move 2 nodes_visited 55
[21:13:51.848] START to_move 1
[21:13:51.851] STOP to_move 1 nodes_visited 39
[21:13:51.851] START to_move 2
[21:13:51.857] STOP to_move 2 nodes_visited 103
[21:13:51.857] START to_move 1
[21:13:51.859] STOP to_move 1 nodes_visited 37
[21:13:51.859] START to_move 2
[21:13:51.864] STOP to_move 2 nodes_visited 81
[21:13:51.864] START to_move 1
[21:13:51.866] STOP to_move 1 nodes_visited 37
[21:13:51.867] START to_move 2
[21:13:51.870] STOP to_move 2 nodes_visited 49
[21:13:51.870] START to_move 1
[21:13:51.872] STOP to_move 1 nodes_visited 37
[21:13:51.872] START to_move 2
[21:13:51.874] STOP to_move 2 nodes_visited 33
[21:13:51.874] START to_move 1
[21:13:51.876] STOP to_move 1 nodes_visited 39
[21:13:51.876] START to_move 2
[21:13:51.880] STOP to_move 2 nodes_visited 57
[21:13:51.880] START to_move 1
[21:13:51.882] STOP to_move 1 nodes_visited 37
[21:13:51.882] START to_move 2
[21:13:51.889] STOP to_move 2 nodes_visited 113
[21:13:51.889] START to_move 1
[21:13:51.891] STOP to_move 1 nodes_visited 37
[21:13:51.891] START to_move 2
[21:13:51.894] STOP to_move 2 nodes_visited 47
[21:13:51.894] START to_move 1
[21:13:51.896] STOP to_move 1 nodes_visited 35
[21:13:51.896] START to_move 2
[21:13:51.898] STOP to_move 2 nodes_visited 34
[21:13:51.898] START to_move 1
[21:13:51.900] STOP to_move 1 nodes_visited 41
[21:13:51.900] START to_move 2
[21:13:51.903] STOP to_move 2 nodes_visited 49
[21:13:51.903] START to_move 1
[21:13:51.906] STOP to_move 1 nodes_visited 35
[21:13:51.906] START to_move 2
[21:13:51.907] STOP to_move 2 nodes_visited 24
[21:13:51.907] START to_move 1
[21:13:51.909] STOP to_move 1 nodes_visited 31
[21:13:51.909] START to_move 2
[21:13:51.911] STOP to_move 2 nodes_visited 35
[21:13:51.911] START to_move 1
[21:13:51.913] STOP to_move 1 nodes_visited 29
[21:13:51.913] START to_move 2
[21:13:51.914] STOP to_move 2 nodes_visited 23
[21:13:51.914] START to_move 1
[21:13:51.916] STOP to_move 1 nodes_visited 29
[21:13:51.916] START to_move 2
[21:13:51.918] STOP to_move 2 nodes_visited 37
[21:13:51.919] START to_move 1
[21:13:51.921] STOP to_move 1 nodes_visited 31
[21:13:51.921] START to_move 2
[21:13:51.922] STOP to_move 2 nodes_visited 23
[21:13:51.922] START to_move 1
[21:13:51.923] STOP to_move 1 nodes_visited 22
[21:13:51.924] START to_move 2
[21:13:51.926] STOP to_move 2 nodes_visited 39
[21:13:51.927] START to_move 1
[21:13:51.928] STOP to_move 1 nodes_visited 27
[21:13:51.928] START to_move 2
[21:13:51.929] STOP to_move 2 nodes_visited 14
[21:13:51.929] START to_move 1
[21:13:51.930] STOP to_move 1 nodes_visited 16
[21:13:51.930] START to_move 2
[21:13:51.933] STOP to_move 2 nodes_visited 43
[21:13:51.933] START to_move 1
[21:13:51.934] STOP to_move 1 nodes_visited 25
[21:13:51.934] START to_move 2
[21:13:51.936] STOP to_move 2 nodes_visited 33
[21:13:51.936] START to_move 1
[21:13:51.938] STOP to_move 1 nodes_visited 23
[21:13:51.938] START to_move 2
[21:13:51.939] STOP to_move 2 nodes_visited 21
[21:13:51.939] START to_move 1
[21:13:51.940] STOP to_move 1 nodes_visited 21
[21:13:51.940] START to_move 2
[21:13:51.941] STOP to_move 2 nodes_visited 17
[21:13:51.941] START to_move 1
[21:13:51.942] STOP to_move 1 nodes_visited 14
[21:13:51.942] START to_move 2
[21:13:51.944] STOP to_move 2 nodes_visited 25
[21:13:51.944] START to_move 1
[21:13:51.945] STOP to_move 1 nodes_visited 17
[21:13:51.945] START to_move 2
[21:13:51.947] STOP to_move 2 nodes_visited 34
[21:13:51.947] START to_move 1
[21:13:51.948] STOP to_move 1 nodes_visited 25
[21:13:51.948] START to_move 2
[21:13:51.950] STOP to_move 2 nodes_visited 23
[21:13:51.950] START to_move 1
[21:13:51.951] STOP to_move 1 nodes_visited 19
[21:13:51.951] START to_move 2
[21:13:51.952] STOP to_move 2 nodes_visited 15
[21:13:51.952] START to_move 1
[21:13:51.953] STOP to_move 1 nodes_visited 12
[21:13:51.953] START to_move 2
[21:13:51.954] STOP to_move 2 nodes_visited 21
[21:13:51.954] START to_move 1
[21:13:51.955] STOP to_move 1 nodes_visited 13
[21:13:51.955] START to_move 2
[21:13:51.956] STOP to_move 2 nodes_visited 21
[21:13:51.956] START to_move 1
[21:13:51.957] STOP to_move 1 nodes_visited 14
[21:13:51.957] START to_move 2
[21:13:51.958] STOP to_move 2 nodes_visited 27
[21:13:51.958] START to_move 1
[21:13:51.959] STOP to_move 1 nodes_visited 13
[21:13:51.959] START to_move 2
[21:13:51.960] STOP to_move 2 nodes_visited 21
[21:13:51.961] START to_move 1
[21:13:51.961] STOP to_move 1 nodes_visited 14
[21:13:51.961] START to_move 2
[21:13:51.964] STOP to_move 2 nodes_visited 49
[21:13:51.964] START to_move 1
[21:13:51.966] STOP to_move 1 nodes_visited 21
[21:13:51.966] START to_move 2
[21:13:51.966] STOP to_move 2 nodes_visited 13
[21:13:51.966] START to_move 1
[21:13:51.967] STOP to_move 1 nodes_visited 10
[21:13:51.967] START to_move 2
[21:13:51.968] STOP to_move 2 nodes_visited 21
[21:13:51.968] START to_move 1
[21:13:51.969] STOP to_move 1 nodes_visited 13
[21:13:51.969] START to_move 2
[21:13:51.970] STOP to_move 2 nodes_visited 17
[21:13:51.970] START to_move 1
[21:13:51.971] STOP to_move 1 nodes_visited 10
[21:13:51.971] START to_move 2
[21:13:51.972] STOP to_move 2 nodes_visited 21
[21:13:51.972] START to_move 1
[21:13:51.973] STOP to_move 1 nodes_visited 13
[21:13:51.995] END winner 0 - rounds 333
