[22:18:12.422] 1 - distance_function chebyshev - pruning True
[22:18:12.422] 2 - distance_function manhattan - pruning True
[22:18:12.422] START to_move 1
[22:18:12.477] STOP to_move 1 nodes_visited 879
[22:18:12.478] START to_move 2
[22:18:12.545] STOP to_move 2 nodes_visited 1182
[22:18:12.546] START to_move 1
[22:18:12.594] STOP to_move 1 nodes_visited 782
[22:18:12.595] START to_move 2
[22:18:12.666] STOP to_move 2 nodes_visited 1171
[22:18:12.667] START to_move 1
[22:18:12.724] STOP to_move 1 nodes_visited 885
[22:18:12.725] START to_move 2
[22:18:12.796] STOP to_move 2 nodes_visited 1255
[22:18:12.797] START to_move 1
[22:18:12.846] STOP to_move 1 nodes_visited 803
[22:18:12.847] START to_move 2
[22:18:12.921] STOP to_move 2 nodes_visited 1247
[22:18:12.922] START to_move 1
[22:18:12.970] STOP to_move 1 nodes_visited 785
[22:18:12.971] START to_move 2
[22:18:13.041] STOP to_move 2 nodes_visited 1219
[22:18:13.041] START to_move 1
[22:18:13.087] STOP to_move 1 nodes_visited 754
[22:18:13.088] START to_move 2
[22:18:13.153] STOP to_move 2 nodes_visited 1137
[22:18:13.153] START to_move 1
[22:18:13.200] STOP to_move 1 nodes_visited 742
[22:18:13.200] START to_move 2
[22:18:13.264] STOP to_move 2 nodes_visited 1114
[22:18:13.265] START to_move 1
[22:18:13.313] STOP to_move 1 nodes_visited 792
[22:18:13.314] START to_move 2
[22:18:13.375] STOP to_move 2 nodes_visited 1074
[22:18:13.376] START to_move 1
[22:18:13.420] STOP to_move 1 nodes_visited 725
[22:18:13.421] START to_move 2
[22:18:13.484] STOP to_move 2 nodes_visited 1079
[22:18:13.484] START to_move 1
[22:18:13.530] STOP to_move 1 nodes_visited 733
[22:18:13.530] START to_move 2
[22:18:13.612] STOP to_move 2 nodes_visited 1450
[22:18:13.613] START to_move 1
[22:18:13.638] STOP to_move 1 nodes_visited 412
[22:18:13.638] START to_move 2
[22:18:13.725] STOP to_move 2 nodes_visited 1478
[22:18:13.725] START to_move 1
[22:18:13.754] STOP to_move 1 nodes_visited 478
[22:18:13.755] START to_move 2
[22:18:13.965] STOP to_move 2 nodes_visited 3536
[22:18:13.967] START to_move 1
[22:18:13.988] STOP to_move 1 nodes_visited 351
[22:18:13.988] START to_move 2
[22:18:14.191] STOP to_move 2 nodes_visited 3536
[22:18:14.193] START to_move 1
[22:18:14.214] STOP to_move 1 nodes_visited 351
[22:18:14.215] START to_move 2
[22:18:14.299] STOP to_move 2 nodes_visited 1478
[22:18:14.300] START to_move 1
[22:18:14.325] STOP to_move 1 nodes_visited 411
[22:18:14.325] START to_move 2
[22:18:14.421] STOP to_move 2 nodes_visited 1649
[22:18:14.422] START to_move 1
[22:18:14.446] STOP to_move 1 nodes_visited 401
[22:18:14.446] START to_move 2
[22:18:14.663] STOP to_move 2 nodes_visited 3701
[22:18:14.665] START to_move 1
[22:18:14.686] STOP to_move 1 nodes_visited 342
[22:18:14.686] START to_move 2
[22:18:14.900] STOP to_move 2 nodes_visited 3643
[22:18:14.902] START to_move 1
[22:18:14.922] STOP to_move 1 nodes_visited 345
[22:18:14.923] START to_move 2
[22:18:15.140] STOP to_move 2 nodes_visited 3702
[22:18:15.142] START to_move 1
[22:18:15.162] STOP to_move 1 nodes_visited 343
[22:18:15.163] START to_move 2
[22:18:15.383] STOP to_move 2 nodes_visited 3738
[22:18:15.385] START to_move 1
[22:18:15.405] STOP to_move 1 nodes_visited 339
[22:18:15.406] START to_move 2
[22:18:15.628] STOP to_move 2 nodes_visited 3768
[22:18:15.630] START to_move 1
[22:18:15.674] STOP to_move 1 nodes_visited 710
[22:18:15.674] START to_move 2
[22:18:15.722] STOP to_move 2 nodes_visited 831
[22:18:15.723] START to_move 1
[22:18:15.771] STOP to_move 1 nodes_visited 772
[22:18:15.772] START to_move 2
[22:18:15.821] STOP to_move 2 nodes_visited 870
[22:18:15.822] START to_move 1
[22:18:15.867] STOP to_move 1 nodes_visited 742
[22:18:15.868] START to_move 2
[22:18:15.915] STOP to_move 2 nodes_visited 826
[22:18:15.916] START to_move 1
[22:18:15.954] STOP to_move 1 nodes_visited 629
[22:18:15.955] START to_move 2
[22:18:16.016] STOP to_move 2 nodes_visited 1013
[22:18:16.016] START to_move 1
[22:18:16.066] STOP to_move 1 nodes_visited 818
[22:18:16.067] START to_move 2
[22:18:16.125] STOP to_move 2 nodes_visited 1005
[22:18:16.126] START to_move 1
[22:18:16.175] STOP to_move 1 nodes_visited 801
[22:18:16.175] START to_move 2
[22:18:16.232] STOP to_move 2 nodes_visited 991
[22:18:16.233] START to_move 1
[22:18:16.270] STOP to_move 1 nodes_visited 602
[22:18:16.270] START to_move 2
[22:18:16.326] STOP to_move 2 nodes_visited 951
[22:18:16.327] START to_move 1
[22:18:16.374] STOP to_move 1 nodes_visited 755
[22:18:16.374] START to_move 2
[22:18:16.429] STOP to_move 2 nodes_visited 951
[22:18:16.429] START to_move 1
[22:18:16.478] STOP to_move 1 nodes_visited 791
[22:18:16.478] START to_move 2
[22:18:16.537] STOP to_move 2 nodes_visited 1010
[22:18:16.537] START to_move 1
[22:18:16.587] STOP to_move 1 nodes_visited 776
[22:18:16.587] START to_move 2
[22:18:16.646] STOP to_move 2 nodes_visited 1008
[22:18:16.646] START to_move 1
[22:18:16.696] STOP to_move 1 nodes_visited 806
[22:18:16.696] START to_move 2
[22:18:16.755] STOP to_move 2 nodes_visited 1016
[22:18:16.756] START to_move 1
[22:18:16.805] STOP to_move 1 nodes_visited 806
[22:18:16.806] START to_move 2
[22:18:16.927] STOP to_move 2 nodes_visited 2034
[22:18:16.928] START to_move 1
[22:18:16.968] STOP to_move 1 nodes_visited 637
[22:18:16.968] START to_move 2
[22:18:16.997] STOP to_move 2 nodes_visited 515
[22:18:16.997] START to_move 1
[22:18:17.021] STOP to_move 1 nodes_visited 394
[22:18:17.021] START to_move 2
[22:18:17.051] STOP to_move 2 nodes_visited 533
[22:18:17.051] START to_move 1
[22:18:17.075] STOP to_move 1 nodes_visited 404
[22:18:17.075] START to_move 2
[22:18:17.104] STOP to_move 2 nodes_visited 520
[22:18:17.104] START to_move 1
[22:18:17.130] STOP to_move 1 nodes_visited 404
[22:18:17.130] START to_move 2
[22:18:17.162] STOP to_move 2 nodes_visited 540
[22:18:17.162] START to_move 1
[22:18:17.185] STOP to_move 1 nodes_visited 387
[22:18:17.185] START to_move 2
[22:18:17.217] STOP to_move 2 nodes_visited 536
[22:18:17.217] START to_move 1
[22:18:17.308] STOP to_move 1 nodes_visited 1448
[22:18:17.309] START to_move 2
[22:18:17.342] STOP to_move 2 nodes_visited 560
[22:18:17.342] START to_move 1
[22:18:17.361] STOP to_move 1 nodes_visited 306
[22:18:17.361] START to_move 2
[22:18:17.404] STOP to_move 2 nodes_visited 685
[22:18:17.404] START to_move 1
[22:18:17.427] STOP to_move 1 nodes_visited 378
[22:18:17.428] START to_move 2
[22:18:17.469] STOP to_move 2 nodes_visited 685
[22:18:17.470] START to_move 1
[22:18:17.489] STOP to_move 1 nodes_visited 329
[22:18:17.489] START to_move 2
[22:18:17.525] STOP to_move 2 nodes_visited 627
[22:18:17.525] START to_move 1
[22:18:17.547] STOP to_move 1 nodes_visited 367
[22:18:17.547] START to_move 2
[22:18:17.581] STOP to_move 2 nodes_visited 590
[22:18:17.581] START to_move 1
[22:18:17.603] STOP to_move 1 nodes_visited 360
[22:18:17.603] START to_move 2
[22:18:17.640] STOP to_move 2 nodes_visited 616
[22:18:17.641] START to_move 1
[22:18:17.659] STOP to_move 1 nodes_visited 308
[22:18:17.659] START to_move 2
[22:18:17.693] STOP to_move 2 nodes_visited 578
[22:18:17.694] START to_move 1
[22:18:17.713] STOP to_move 1 nodes_visited 307
[22:18:17.713] START to_move 2
[22:18:17.747] STOP to_move 2 nodes_visited 594
[22:18:17.747] START to_move 1
[22:18:17.766] STOP to_move 1 nodes_visited 301
[22:18:17.766] START to_move 2
[22:18:17.805] STOP to_move 2 nodes_visited 645
[22:18:17.805] START to_move 1
[22:18:17.822] STOP to_move 1 nodes_visited 287
[22:18:17.823] START to_move 2
[22:18:17.905] STOP to_move 2 nodes_visited 1377
[22:18:17.906] START to_move 1
[22:18:17.928] STOP to_move 1 nodes_visited 368
[22:18:17.928] START to_move 2
[22:18:18.024] STOP to_move 2 nodes_visited 1614
[22:18:18.025] START to_move 1
[22:18:18.052] STOP to_move 1 nodes_visited 444
[22:18:18.052] START to_move 2
[22:18:18.072] STOP to_move 2 nodes_visited 360
[22:18:18.073] START to_move 1
[22:18:18.094] STOP to_move 1 nodes_visited 350
[22:18:18.094] START to_move 2
[22:18:18.116] STOP to_move 2 nodes_visited 392
[22:18:18.116] START to_move 1
[22:18:18.137] STOP to_move 1 nodes_visited 352
[22:18:18.138] START to_move 2
[22:18:18.241] STOP to_move 2 nodes_visited 1749
[22:18:18.242] START to_move 1
[22:18:18.266] STOP to_move 1 nodes_visited 385
[22:18:18.266] START to_move 2
[22:18:18.358] STOP to_move 2 nodes_visited 1586
[22:18:18.359] START to_move 1
[22:18:18.377] STOP to_move 1 nodes_visited 302
[22:18:18.378] START to_move 2
[22:18:18.398] STOP to_move 2 nodes_visited 364
[22:18:18.398] START to_move 1
[22:18:18.414] STOP to_move 1 nodes_visited 279
[22:18:18.414] START to_move 2
[22:18:18.434] STOP to_move 2 nodes_visited 352
[22:18:18.435] START to_move 1
[22:18:18.451] STOP to_move 1 nodes_visited 285
[22:18:18.451] START to_move 2
[22:18:18.472] STOP to_move 2 nodes_visited 352
[22:18:18.472] START to_move 1
[22:18:18.489] STOP to_move 1 nodes_visited 287
[22:18:18.489] START to_move 2
[22:18:18.510] STOP to_move 2 nodes_visited 362
[22:18:18.510] START to_move 1
[22:18:18.530] STOP to_move 1 nodes_visited 312
[22:18:18.530] START to_move 2
[22:18:18.550] STOP to_move 2 nodes_visited 355
[22:18:18.550] START to_move 1
[22:18:18.568] STOP to_move 1 nodes_visited 282
[22:18:18.568] START to_move 2
[22:18:18.622] STOP to_move 2 nodes_visited 906
[22:18:18.623] START to_move 1
[22:18:18.640] STOP to_move 1 nodes_visited 289
[22:18:18.640] START to_move 2
[22:18:18.693] STOP to_move 2 nodes_visited 881
[22:18:18.694] START to_move 1
[22:18:18.711] STOP to_move 1 nodes_visited 282
[22:18:18.711] START to_move 2
[22:18:18.771] STOP to_move 2 nodes_visited 994
[22:18:18.771] START to_move 1
[22:18:18.785] STOP to_move 1 nodes_visited 236
[22:18:18.785] START to_move 2
[22:18:18.821] STOP to_move 2 nodes_visited 573
[22:18:18.822] START to_move 1
[22:18:18.836] STOP to_move 1 nodes_visited 243
[22:18:18.836] START to_move 2
[22:18:18.854] STOP to_move 2 nodes_visited 306
[22:18:18.854] START to_move 1
[22:18:18.868] STOP to_move 1 nodes_visited 238
[22:18:18.869] START to_move 2
[22:18:18.899] STOP to_move 2 nodes_visited 506
[22:18:18.899] START to_move 1
[22:18:18.914] STOP to_move 1 nodes_visited 251
[22:18:18.914] START to_move 2
[22:18:18.946] STOP to_move 2 nodes_visited 522
[22:18:18.946] START to_move 1
[22:18:18.960] STOP to_move 1 nodes_visited 234
[22:18:18.960] START to_move 2
[22:18:19.039] STOP to_move 2 nodes_visited 1317
[22:18:19.040] START to_move 1
[22:18:19.053] STOP to_move 1 nodes_visited 224
[22:18:19.053] START to_move 2
[22:18:19.134] STOP to_move 2 nodes_visited 1326
[22:18:19.135] START to_move 1
[22:18:19.149] STOP to_move 1 nodes_visited 234
[22:18:19.149] START to_move 2
[22:18:19.233] STOP to_move 2 nodes_visited 1379
[22:18:19.234] START to_move 1
[22:18:19.289] STOP to_move 1 nodes_visited 892
[22:18:19.290] START to_move 2
[22:18:19.345] STOP to_move 2 nodes_visited 923
[22:18:19.345] START to_move 1
[22:18:19.394] STOP to_move 1 nodes_visited 769
[22:18:19.394] START to_move 2
[22:18:19.415] STOP to_move 2 nodes_visited 359
[22:18:19.415] START to_move 1
[22:18:19.429] STOP to_move 1 nodes_visited 232
[22:18:19.429] START to_move 2
[22:18:19.446] STOP to_move 2 nodes_visited 307
[22:18:19.446] START to_move 1
[22:18:19.458] STOP to_move 1 nodes_visited 194
[22:18:19.458] START to_move 2
[22:18:19.476] STOP to_move 2 nodes_visited 311
[22:18:19.476] START to_move 1
[22:18:19.487] STOP to_move 1 nodes_visited 193
[22:18:19.488] START to_move 2
[22:18:19.505] STOP to_move 2 nodes_visited 308
[22:18:19.505] START to_move 1
[22:18:19.517] STOP to_move 1 nodes_visited 192
[22:18:19.517] START to_move 2
[22:18:19.533] STOP to_move 2 nodes_visited 297
[22:18:19.534] START to_move 1
[22:18:19.548] STOP to_move 1 nodes_visited 249
[22:18:19.548] START to_move 2
[22:18:19.564] STOP to_move 2 nodes_visited 283
[22:18:19.564] START to_move 1
[22:18:19.579] STOP to_move 1 nodes_visited 244
[22:18:19.579] START to_move 2
[22:18:19.594] STOP to_move 2 nodes_visited 280
[22:18:19.594] START to_move 1
[22:18:19.608] STOP to_move 1 nodes_visited 239
[22:18:19.609] START to_move 2
[22:18:19.624] STOP to_move 2 nodes_visited 264
[22:18:19.624] START to_move 1
[22:18:19.637] STOP to_move 1 nodes_visited 234
[22:18:19.638] START to_move 2
[22:18:19.653] STOP to_move 2 nodes_visited 254
[22:18:19.653] START to_move 1
[22:18:19.665] STOP to_move 1 nodes_visited 203
[22:18:19.665] START to_move 2
[22:18:19.676] STOP to_move 2 nodes_visited 191
[22:18:19.676] START to_move 1
[22:18:19.689] STOP to_move 1 nodes_visited 219
[22:18:19.689] START to_move 2
[22:18:19.699] STOP to_move 2 nodes_visited 185
[22:18:19.699] START to_move 1
[22:18:19.711] STOP to_move 1 nodes_visited 199
[22:18:19.711] START to_move 2
[22:18:19.721] STOP to_move 2 nodes_visited 169
[22:18:19.721] START to_move 1
[22:18:19.732] STOP to_move 1 nodes_visited 197
[22:18:19.732] START to_move 2
[22:18:19.742] STOP to_move 2 nodes_visited 169
[22:18:19.742] START to_move 1
[22:18:19.754] STOP to_move 1 nodes_visited 199
[22:18:19.754] START to_move 2
[22:18:19.763] STOP to_move 2 nodes_visited 159
[22:18:19.763] START to_move 1
[22:18:19.775] STOP to_move 1 nodes_visited 205
[22:18:19.775] START to_move 2
[22:18:19.785] STOP to_move 2 nodes_visited 157
[22:18:19.785] START to_move 1
[22:18:19.795] STOP to_move 1 nodes_visited 178
[22:18:19.796] START to_move 2
[22:18:19.807] STOP to_move 2 nodes_visited 203
[22:18:19.807] START to_move 1
[22:18:19.819] STOP to_move 1 nodes_visited 198
[22:18:19.819] START to_move 2
[22:18:19.848] STOP to_move 2 nodes_visited 478
[22:18:19.848] START to_move 1
[22:18:19.859] STOP to_move 1 nodes_visited 185
[22:18:19.859] START to_move 2
[22:18:19.887] STOP to_move 2 nodes_visited 473
[22:18:19.888] START to_move 1
[22:18:19.899] STOP to_move 1 nodes_visited 189
[22:18:19.899] START to_move 2
[22:18:19.929] STOP to_move 2 nodes_visited 506
[22:18:19.930] START to_move 1
[22:18:19.940] STOP to_move 1 nodes_visited 187
[22:18:19.941] START to_move 2
[22:18:19.972] STOP to_move 2 nodes_visited 505
[22:18:19.972] START to_move 1
[22:18:19.983] STOP to_move 1 nodes_visited 185
[22:18:19.983] START to_move 2
[22:18:20.010] STOP to_move 2 nodes_visited 456
[22:18:20.011] START to_move 1
[22:18:20.021] STOP to_move 1 nodes_visited 183
[22:18:20.022] START to_move 2
[22:18:20.045] STOP to_move 2 nodes_visited 411
[22:18:20.045] START to_move 1
[22:18:20.055] STOP to_move 1 nodes_visited 161
[22:18:20.055] START to_move 2
[22:18:20.075] STOP to_move 2 nodes_visited 357
[22:18:20.075] START to_move 1
[22:18:20.085] STOP to_move 1 nodes_visited 163
[22:18:20.085] START to_move 2
[22:18:20.108] STOP to_move 2 nodes_visited 391
[22:18:20.108] START to_move 1
[22:18:20.119] STOP to_move 1 nodes_visited 194
[22:18:20.120] START to_move 2
[22:18:20.143] STOP to_move 2 nodes_visited 410
[22:18:20.143] START to_move 1
[22:18:20.155] STOP to_move 1 nodes_visited 199
[22:18:20.155] START to_move 2
[22:18:20.209] STOP to_move 2 nodes_visited 938
[22:18:20.209] START to_move 1
[22:18:20.220] STOP to_move 1 nodes_visited 185
[22:18:20.221] START to_move 2
[22:18:20.229] STOP to_move 2 nodes_visited 148
[22:18:20.229] START to_move 1
[22:18:20.258] STOP to_move 1 nodes_visited 450
[22:18:20.258] START to_move 2
[22:18:20.268] STOP to_move 2 nodes_visited 157
[22:18:20.268] START to_move 1
[22:18:20.278] STOP to_move 1 nodes_visited 164
[22:18:20.278] START to_move 2
[22:18:20.296] STOP to_move 2 nodes_visited 319
[22:18:20.296] START to_move 1
[22:18:20.306] STOP to_move 1 nodes_visited 161
[22:18:20.306] START to_move 2
[22:18:20.319] STOP to_move 2 nodes_visited 230
[22:18:20.320] START to_move 1
[22:18:20.337] STOP to_move 1 nodes_visited 282
[22:18:20.337] START to_move 2
[22:18:20.356] STOP to_move 2 nodes_visited 320
[22:18:20.356] START to_move 1
[22:18:20.366] STOP to_move 1 nodes_visited 157
[22:18:20.366] START to_move 2
[22:18:20.384] STOP to_move 2 nodes_visited 315
[22:18:20.384] START to_move 1
[22:18:20.398] STOP to_move 1 nodes_visited 211
[22:18:20.398] START to_move 2
[22:18:20.418] STOP to_move 2 nodes_visited 348
[22:18:20.418] START to_move 1
[22:18:20.431] STOP to_move 1 nodes_visited 192
[22:18:20.431] START to_move 2
[22:18:20.442] STOP to_move 2 nodes_visited 199
[22:18:20.442] START to_move 1
[22:18:20.452] STOP to_move 1 nodes_visited 155
[22:18:20.452] START to_move 2
[22:18:20.463] STOP to_move 2 nodes_visited 192
[22:18:20.463] START to_move 1
[22:18:20.472] STOP to_move 1 nodes_visited 149
[22:18:20.472] START to_move 2
[22:18:20.481] STOP to_move 2 nodes_visited 155
[22:18:20.481] START to_move 1
[22:18:20.489] STOP to_move 1 nodes_visited 134
[22:18:20.489] START to_move 2
[22:18:20.498] STOP to_move 2 nodes_visited 151
[22:18:20.498] START to_move 1
[22:18:20.507] STOP to_move 1 nodes_visited 159
[22:18:20.507] START to_move 2
[22:18:20.517] STOP to_move 2 nodes_visited 163
[22:18:20.517] START to_move 1
[22:18:20.525] STOP to_move 1 nodes_visited 139
[22:18:20.525] START to_move 2
[22:18:20.533] STOP to_move 2 nodes_visited 141
[22:18:20.533] START to_move 1
[22:18:20.538] STOP to_move 1 nodes_visited 82
[22:18:20.538] START to_move 2
[22:18:20.544] STOP to_move 2 nodes_visited 102
[22:18:20.544] START to_move 1
[22:18:20.550] STOP to_move 1 nodes_visited 93
[22:18:20.550] START to_move 2
[22:18:20.556] STOP to_move 2 nodes_visited 98
[22:18:20.556] START to_move 1
[22:18:20.561] STOP to_move 1 nodes_visited 85
[22:18:20.561] START to_move 2
[22:18:20.566] STOP to_move 2 nodes_visited 87
[22:18:20.566] START to_move 1
[22:18:20.570] STOP to_move 1 nodes_visited 76
[22:18:20.570] START to_move 2
[22:18:20.575] STOP to_move 2 nodes_visited 81
[22:18:20.575] START to_move 1
[22:18:20.580] STOP to_move 1 nodes_visited 82
[22:18:20.580] START to_move 2
[22:18:20.586] STOP to_move 2 nodes_visited 110
[22:18:20.586] START to_move 1
[22:18:20.589] STOP to_move 1 nodes_visited 59
[22:18:20.589] START to_move 2
[22:18:20.593] STOP to_move 2 nodes_visited 71
[22:18:20.593] START to_move 1
[22:18:20.597] STOP to_move 1 nodes_visited 63
[22:18:20.597] START to_move 2
[22:18:20.601] STOP to_move 2 nodes_visited 69
[22:18:20.601] START to_move 1
[22:18:20.605] STOP to_move 1 nodes_visited 66
[22:18:20.605] START to_move 2
[22:18:20.608] STOP to_move 2 nodes_visited 67
[22:18:20.608] START to_move 1
[22:18:20.612] STOP to_move 1 nodes_visited 58
[22:18:20.612] START to_move 2
[22:18:20.616] STOP to_move 2 nodes_visited 73
[22:18:20.616] START to_move 1
[22:18:20.620] STOP to_move 1 nodes_visited 66
[22:18:20.620] START to_move 2
[22:18:20.624] STOP to_move 2 nodes_visited 67
[22:18:20.624] START to_move 1
[22:18:20.628] STOP to_move 1 nodes_visited 69
[22:18:20.628] START to_move 2
[22:18:20.632] STOP to_move 2 nodes_visited 79
[22:18:20.632] START to_move 1
[22:18:20.638] STOP to_move 1 nodes_visited 92
[22:18:20.638] START to_move 2
[22:18:20.643] STOP to_move 2 nodes_visited 98
[22:18:20.643] START to_move 1
[22:18:20.646] STOP to_move 1 nodes_visited 54
[22:18:20.646] START to_move 2
[22:18:20.649] STOP to_move 2 nodes_visited 55
[22:18:20.650] START to_move 1
[22:18:20.653] STOP to_move 1 nodes_visited 59
[22:18:20.653] START to_move 2
[22:18:20.656] STOP to_move 2 nodes_visited 53
[22:18:20.656] START to_move 1
[22:18:20.659] STOP to_move 1 nodes_visited 51
[22:18:20.659] START to_move 2
[22:18:20.667] STOP to_move 2 nodes_visited 143
[22:18:20.667] START to_move 1
[22:18:20.670] STOP to_move 1 nodes_visited 48
[22:18:20.670] START to_move 2
[22:18:20.675] STOP to_move 2 nodes_visited 83
[22:18:20.675] START to_move 1
[22:18:20.678] STOP to_move 1 nodes_visited 60
[22:18:20.678] START to_move 2
[22:18:20.681] STOP to_move 2 nodes_visited 51
[22:18:20.681] START to_move 1
[22:18:20.684] STOP to_move 1 nodes_visited 50
[22:18:20.684] START to_move 2
[22:18:20.688] STOP to_move 2 nodes_visited 77
[22:18:20.688] START to_move 1
[22:18:20.692] STOP to_move 1 nodes_visited 67
[22:18:20.692] START to_move 2
[22:18:20.697] STOP to_move 2 nodes_visited 79
[22:18:20.697] START to_move 1
[22:18:20.700] STOP to_move 1 nodes_visited 59
[22:18:20.701] START to_move 2
[22:18:20.705] STOP to_move 2 nodes_visited 79
[22:18:20.705] START to_move 1
[22:18:20.709] STOP to_move 1 nodes_visited 68
[22:18:20.709] START to_move 2
[22:18:20.712] STOP to_move 2 nodes_visited 53
[22:18:20.712] START to_move 1
[22:18:20.716] STOP to_move 1 nodes_visited 59
[22:18:20.716] START to_move 2
[22:18:20.720] STOP to_move 2 nodes_visited 75
[22:18:20.720] START to_move 1
[22:18:20.723] STOP to_move 1 nodes_visited 42
[22:18:20.723] START to_move 2
[22:18:20.726] STOP to_move 2 nodes_visited 62
[22:18:20.726] START to_move 1
[22:18:20.728] STOP to_move 1 nodes_visited 34
[22:18:20.728] START to_move 2
[22:18:20.732] STOP to_move 2 nodes_visited 69
[22:18:20.732] START to_move 1
[22:18:20.735] STOP to_move 1 nodes_visited 36
[22:18:20.735] START to_move 2
[22:18:20.736] STOP to_move 2 nodes_visited 30
[22:18:20.736] START to_move 1
[22:18:20.738] STOP to_move 1 nodes_visited 24
[22:18:20.738] START to_move 2
[22:18:20.740] STOP to_move 2 nodes_visited 39
[22:18:20.740] START to_move 1
[22:18:20.742] STOP to_move 1 nodes_visited 29
[22:18:20.742] START to_move 2
[22:18:20.743] STOP to_move 2 nodes_visited 34
[22:18:20.743] START to_move 1
[22:18:20.745] STOP to_move 1 nodes_visited 24
[22:18:20.745] START to_move 2
[22:18:20.748] STOP to_move 2 nodes_visited 50
[22:18:20.748] START to_move 1
[22:18:20.749] STOP to_move 1 nodes_visited 27
[22:18:20.749] START to_move 2
[22:18:20.751] STOP to_move 2 nodes_visited 31
[22:18:20.751] START to_move 1
[22:18:20.753] STOP to_move 1 nodes_visited 36
[22:18:20.754] START to_move 2
[22:18:20.757] STOP to_move 2 nodes_visited 65
[22:18:20.757] START to_move 1
[22:18:20.760] STOP to_move 1 nodes_visited 37
[22:18:20.760] START to_move 2
[22:18:20.762] STOP to_move 2 nodes_visited 44
[22:18:20.762] START to_move 1
[22:18:20.765] STOP to_move 1 nodes_visited 39
[22:18:20.765] START to_move 2
[22:18:20.768] STOP to_move 2 nodes_visited 61
[22:18:20.768] START to_move 1
[22:18:20.770] STOP to_move 1 nodes_visited 33
[22:18:20.770] START to_move 2
[22:18:20.772] STOP to_move 2 nodes_visited 35
[22:18:20.772] START to_move 1
[22:18:20.775] STOP to_move 1 nodes_visited 32
[22:18:20.775] START to_move 2
[22:18:20.778] STOP to_move 2 nodes_visited 59
[22:18:20.778] START to_move 1
[22:18:20.780] STOP to_move 1 nodes_visited 38
[22:18:20.780] START to_move 2
[22:18:20.782] STOP to_move 2 nodes_visited 27
[22:18:20.782] START to_move 1
[22:18:20.784] STOP to_move 1 nodes_visited 32
[22:18:20.784] START to_move 2
[22:18:20.786] STOP to_move 2 nodes_visited 33
[22:18:20.786] START to_move 1
[22:18:20.788] STOP to_move 1 nodes_visited 29
[22:18:20.788] START to_move 2
[22:18:20.789] STOP to_move 2 nodes_visited 29
[22:18:20.789] START to_move 1
[22:18:20.791] STOP to_move 1 nodes_visited 26
[22:18:20.791] START to_move 2
[22:18:20.792] STOP to_move 2 nodes_visited 23
[22:18:20.792] START to_move 1
[22:18:20.793] STOP to_move 1 nodes_visited 18
[22:18:20.793] START to_move 2
[22:18:20.795] STOP to_move 2 nodes_visited 39
[22:18:20.795] START to_move 1
[22:18:20.797] STOP to_move 1 nodes_visited 21
[22:18:20.797] START to_move 2
[22:18:20.798] STOP to_move 2 nodes_visited 15
[22:18:20.798] START to_move 1
[22:18:20.798] STOP to_move 1 nodes_visited 13
[22:18:20.798] START to_move 2
[22:18:20.800] STOP to_move 2 nodes_visited 21
[22:18:20.800] START to_move 1
[22:18:20.801] STOP to_move 1 nodes_visited 10
[22:18:20.801] START to_move 2
[22:18:20.801] STOP to_move 2 nodes_visited 9
[22:18:20.801] START to_move 1
[22:18:20.802] STOP to_move 1 nodes_visited 8
[22:18:20.802] START to_move 2
[22:18:20.803] STOP to_move 2 nodes_visited 17
[22:18:20.803] START to_move 1
[22:18:20.804] STOP to_move 1 nodes_visited 10
[22:18:20.804] START to_move 2
[22:18:20.804] STOP to_move 2 nodes_visited 13
[22:18:20.804] START to_move 1
[22:18:20.805] STOP to_move 1 nodes_visited 15
[22:18:20.820] END winner 0 - rounds 303
