[21:36:49.803] 1 - distance_function chebyshev - pruning True
[21:36:49.803] 2 - distance_function euclides - pruning True
[21:36:49.804] START to_move 1
[21:36:49.867] STOP to_move 1 nodes_visited 984
[21:36:49.867] START to_move 2
[21:36:49.942] STOP to_move 2 nodes_visited 1212
[21:36:49.942] START to_move 1
[21:36:49.986] STOP to_move 1 nodes_visited 694
[21:36:49.987] START to_move 2
[21:36:50.246] STOP to_move 2 nodes_visited 4108
[21:36:50.249] START to_move 1
[21:36:50.292] STOP to_move 1 nodes_visited 661
[21:36:50.292] START to_move 2
[21:36:50.441] STOP to_move 2 nodes_visited 2471
[21:36:50.442] START to_move 1
[21:36:50.467] STOP to_move 1 nodes_visited 407
[21:36:50.467] START to_move 2
[21:36:50.619] STOP to_move 2 nodes_visited 2475
[21:36:50.620] START to_move 1
[21:36:50.644] STOP to_move 1 nodes_visited 393
[21:36:50.644] START to_move 2
[21:36:50.771] STOP to_move 2 nodes_visited 2100
[21:36:50.772] START to_move 1
[21:36:50.796] STOP to_move 1 nodes_visited 395
[21:36:50.796] START to_move 2
[21:36:51.114] STOP to_move 2 nodes_visited 5075
[21:36:51.117] START to_move 1
[21:36:51.217] STOP to_move 1 nodes_visited 1577
[21:36:51.218] START to_move 2
[21:36:51.330] STOP to_move 2 nodes_visited 1861
[21:36:51.331] START to_move 1
[21:36:51.400] STOP to_move 1 nodes_visited 1100
[21:36:51.401] START to_move 2
[21:36:51.433] STOP to_move 2 nodes_visited 560
[21:36:51.433] START to_move 1
[21:36:51.502] STOP to_move 1 nodes_visited 1114
[21:36:51.503] START to_move 2
[21:36:51.735] STOP to_move 2 nodes_visited 3773
[21:36:51.737] START to_move 1
[21:36:51.806] STOP to_move 1 nodes_visited 1109
[21:36:51.806] START to_move 2
[21:36:51.867] STOP to_move 2 nodes_visited 1023
[21:36:51.868] START to_move 1
[21:36:51.954] STOP to_move 1 nodes_visited 1331
[21:36:51.954] START to_move 2
[21:36:52.108] STOP to_move 2 nodes_visited 2543
[21:36:52.109] START to_move 1
[21:36:52.191] STOP to_move 1 nodes_visited 1271
[21:36:52.192] START to_move 2
[21:36:52.293] STOP to_move 2 nodes_visited 1667
[21:36:52.294] START to_move 1
[21:36:52.344] STOP to_move 1 nodes_visited 798
[21:36:52.345] START to_move 2
[21:36:52.397] STOP to_move 2 nodes_visited 859
[21:36:52.397] START to_move 1
[21:36:52.420] STOP to_move 1 nodes_visited 373
[21:36:52.420] START to_move 2
[21:36:52.581] STOP to_move 2 nodes_visited 2589
[21:36:52.583] START to_move 1
[21:36:52.606] STOP to_move 1 nodes_visited 374
[21:36:52.606] START to_move 2
[21:36:52.802] STOP to_move 2 nodes_visited 3139
[21:36:52.804] START to_move 1
[21:36:52.827] STOP to_move 1 nodes_visited 369
[21:36:52.827] START to_move 2
[21:36:53.053] STOP to_move 2 nodes_visited 3622
[21:36:53.055] START to_move 1
[21:36:53.077] STOP to_move 1 nodes_visited 363
[21:36:53.078] START to_move 2
[21:36:53.137] STOP to_move 2 nodes_visited 977
[21:36:53.137] START to_move 1
[21:36:53.159] STOP to_move 1 nodes_visited 360
[21:36:53.160] START to_move 2
[21:36:53.306] STOP to_move 2 nodes_visited 2366
[21:36:53.308] START to_move 1
[21:36:53.330] STOP to_move 1 nodes_visited 357
[21:36:53.330] START to_move 2
[21:36:53.473] STOP to_move 2 nodes_visited 2347
[21:36:53.475] START to_move 1
[21:36:53.498] STOP to_move 1 nodes_visited 357
[21:36:53.498] START to_move 2
[21:36:53.641] STOP to_move 2 nodes_visited 2347
[21:36:53.643] START to_move 1
[21:36:53.666] STOP to_move 1 nodes_visited 366
[21:36:53.666] START to_move 2
[21:36:53.837] STOP to_move 2 nodes_visited 2762
[21:36:53.839] START to_move 1
[21:36:53.862] STOP to_move 1 nodes_visited 366
[21:36:53.862] START to_move 2
[21:36:54.014] STOP to_move 2 nodes_visited 2475
[21:36:54.015] START to_move 1
[21:36:54.040] STOP to_move 1 nodes_visited 362
[21:36:54.040] START to_move 2
[21:36:54.167] STOP to_move 2 nodes_visited 2074
[21:36:54.168] START to_move 1
[21:36:54.190] STOP to_move 1 nodes_visited 356
[21:36:54.190] START to_move 2
[21:36:54.267] STOP to_move 2 nodes_visited 1266
[21:36:54.267] START to_move 1
[21:36:54.290] STOP to_move 1 nodes_visited 355
[21:36:54.291] START to_move 2
[21:36:54.367] STOP to_move 2 nodes_visited 1267
[21:36:54.368] START to_move 1
[21:36:54.389] STOP to_move 1 nodes_visited 355
[21:36:54.390] START to_move 2
[21:36:54.465] STOP to_move 2 nodes_visited 1244
[21:36:54.466] START to_move 1
[21:36:54.488] STOP to_move 1 nodes_visited 355
[21:36:54.488] START to_move 2
[21:36:54.567] STOP to_move 2 nodes_visited 1255
[21:36:54.567] START to_move 1
[21:36:54.589] STOP to_move 1 nodes_visited 360
[21:36:54.589] START to_move 2
[21:36:54.720] STOP to_move 2 nodes_visited 2172
[21:36:54.721] START to_move 1
[21:36:54.743] STOP to_move 1 nodes_visited 360
[21:36:54.743] START to_move 2
[21:36:54.776] STOP to_move 2 nodes_visited 551
[21:36:54.776] START to_move 1
[21:36:54.798] STOP to_move 1 nodes_visited 367
[21:36:54.798] START to_move 2
[21:36:54.831] STOP to_move 2 nodes_visited 551
[21:36:54.831] START to_move 1
[21:36:54.854] STOP to_move 1 nodes_visited 367
[21:36:54.855] START to_move 2
[21:36:54.949] STOP to_move 2 nodes_visited 1567
[21:36:54.950] START to_move 1
[21:36:54.972] STOP to_move 1 nodes_visited 362
[21:36:54.972] START to_move 2
[21:36:55.052] STOP to_move 2 nodes_visited 1343
[21:36:55.053] START to_move 1
[21:36:55.123] STOP to_move 1 nodes_visited 1088
[21:36:55.124] START to_move 2
[21:36:55.158] STOP to_move 2 nodes_visited 584
[21:36:55.158] START to_move 1
[21:36:55.195] STOP to_move 1 nodes_visited 602
[21:36:55.196] START to_move 2
[21:36:55.239] STOP to_move 2 nodes_visited 722
[21:36:55.239] START to_move 1
[21:36:55.259] STOP to_move 1 nodes_visited 331
[21:36:55.259] START to_move 2
[21:36:55.299] STOP to_move 2 nodes_visited 670
[21:36:55.299] START to_move 1
[21:36:55.319] STOP to_move 1 nodes_visited 324
[21:36:55.319] START to_move 2
[21:36:55.348] STOP to_move 2 nodes_visited 483
[21:36:55.348] START to_move 1
[21:36:55.369] STOP to_move 1 nodes_visited 353
[21:36:55.369] START to_move 2
[21:36:55.622] STOP to_move 2 nodes_visited 4062
[21:36:55.624] START to_move 1
[21:36:55.682] STOP to_move 1 nodes_visited 874
[21:36:55.683] START to_move 2
[21:36:55.741] STOP to_move 2 nodes_visited 975
[21:36:55.742] START to_move 1
[21:36:55.762] STOP to_move 1 nodes_visited 345
[21:36:55.763] START to_move 2
[21:36:55.789] STOP to_move 2 nodes_visited 458
[21:36:55.789] START to_move 1
[21:36:55.809] STOP to_move 1 nodes_visited 328
[21:36:55.809] START to_move 2
[21:36:55.844] STOP to_move 2 nodes_visited 575
[21:36:55.844] START to_move 1
[21:36:55.865] STOP to_move 1 nodes_visited 350
[21:36:55.865] START to_move 2
[21:36:55.893] STOP to_move 2 nodes_visited 477
[21:36:55.893] START to_move 1
[21:36:55.914] STOP to_move 1 nodes_visited 352
[21:36:55.915] START to_move 2
[21:36:55.943] STOP to_move 2 nodes_visited 477
[21:36:55.943] START to_move 1
[21:36:55.965] STOP to_move 1 nodes_visited 349
[21:36:55.966] START to_move 2
[21:36:55.993] STOP to_move 2 nodes_visited 477
[21:36:55.994] START to_move 1
[21:36:56.015] STOP to_move 1 nodes_visited 352
[21:36:56.015] START to_move 2
[21:36:56.043] STOP to_move 2 nodes_visited 473
[21:36:56.043] START to_move 1
[21:36:56.064] STOP to_move 1 nodes_visited 352
[21:36:56.065] START to_move 2
[21:36:56.101] STOP to_move 2 nodes_visited 615
[21:36:56.102] START to_move 1
[21:36:56.152] STOP to_move 1 nodes_visited 813
[21:36:56.152] START to_move 2
[21:36:56.186] STOP to_move 2 nodes_visited 576
[21:36:56.187] START to_move 1
[21:36:56.207] STOP to_move 1 nodes_visited 338
[21:36:56.207] START to_move 2
[21:36:56.235] STOP to_move 2 nodes_visited 469
[21:36:56.235] START to_move 1
[21:36:56.257] STOP to_move 1 nodes_visited 341
[21:36:56.257] START to_move 2
[21:36:56.284] STOP to_move 2 nodes_visited 466
[21:36:56.285] START to_move 1
[21:36:56.305] STOP to_move 1 nodes_visited 338
[21:36:56.305] START to_move 2
[21:36:56.337] STOP to_move 2 nodes_visited 537
[21:36:56.337] START to_move 1
[21:36:56.384] STOP to_move 1 nodes_visited 753
[21:36:56.385] START to_move 2
[21:36:56.416] STOP to_move 2 nodes_visited 522
[21:36:56.416] START to_move 1
[21:36:56.436] STOP to_move 1 nodes_visited 320
[21:36:56.436] START to_move 2
[21:36:56.467] STOP to_move 2 nodes_visited 532
[21:36:56.468] START to_move 1
[21:36:56.487] STOP to_move 1 nodes_visited 324
[21:36:56.487] START to_move 2
[21:36:56.514] STOP to_move 2 nodes_visited 445
[21:36:56.514] START to_move 1
[21:36:56.533] STOP to_move 1 nodes_visited 314
[21:36:56.533] START to_move 2
[21:36:56.565] STOP to_move 2 nodes_visited 501
[21:36:56.565] START to_move 1
[21:36:56.583] STOP to_move 1 nodes_visited 305
[21:36:56.584] START to_move 2
[21:36:56.624] STOP to_move 2 nodes_visited 671
[21:36:56.624] START to_move 1
[21:36:56.642] STOP to_move 1 nodes_visited 302
[21:36:56.643] START to_move 2
[21:36:56.688] STOP to_move 2 nodes_visited 754
[21:36:56.689] START to_move 1
[21:36:56.718] STOP to_move 1 nodes_visited 469
[21:36:56.718] START to_move 2
[21:36:56.802] STOP to_move 2 nodes_visited 1388
[21:36:56.803] START to_move 1
[21:36:56.832] STOP to_move 1 nodes_visited 448
[21:36:56.832] START to_move 2
[21:36:56.900] STOP to_move 2 nodes_visited 1138
[21:36:56.901] START to_move 1
[21:36:56.918] STOP to_move 1 nodes_visited 282
[21:36:56.918] START to_move 2
[21:36:56.976] STOP to_move 2 nodes_visited 950
[21:36:56.976] START to_move 1
[21:36:57.038] STOP to_move 1 nodes_visited 994
[21:36:57.039] START to_move 2
[21:36:57.079] STOP to_move 2 nodes_visited 650
[21:36:57.079] START to_move 1
[21:36:57.094] STOP to_move 1 nodes_visited 256
[21:36:57.094] START to_move 2
[21:36:57.142] STOP to_move 2 nodes_visited 774
[21:36:57.142] START to_move 1
[21:36:57.172] STOP to_move 1 nodes_visited 458
[21:36:57.172] START to_move 2
[21:36:57.216] STOP to_move 2 nodes_visited 743
[21:36:57.217] START to_move 1
[21:36:57.232] STOP to_move 1 nodes_visited 256
[21:36:57.232] START to_move 2
[21:36:57.275] STOP to_move 2 nodes_visited 712
[21:36:57.275] START to_move 1
[21:36:57.291] STOP to_move 1 nodes_visited 255
[21:36:57.291] START to_move 2
[21:36:57.357] STOP to_move 2 nodes_visited 1104
[21:36:57.358] START to_move 1
[21:36:57.374] STOP to_move 1 nodes_visited 267
[21:36:57.374] START to_move 2
[21:36:57.431] STOP to_move 2 nodes_visited 925
[21:36:57.432] START to_move 1
[21:36:57.450] STOP to_move 1 nodes_visited 303
[21:36:57.450] START to_move 2
[21:36:57.509] STOP to_move 2 nodes_visited 987
[21:36:57.510] START to_move 1
[21:36:57.528] STOP to_move 1 nodes_visited 300
[21:36:57.528] START to_move 2
[21:36:57.587] STOP to_move 2 nodes_visited 975
[21:36:57.588] START to_move 1
[21:36:57.608] STOP to_move 1 nodes_visited 348
[21:36:57.609] START to_move 2
[21:36:57.735] STOP to_move 2 nodes_visited 2039
[21:36:57.737] START to_move 1
[21:36:57.756] STOP to_move 1 nodes_visited 318
[21:36:57.756] START to_move 2
[21:36:57.871] STOP to_move 2 nodes_visited 1901
[21:36:57.872] START to_move 1
[21:36:57.891] STOP to_move 1 nodes_visited 326
[21:36:57.892] START to_move 2
[21:36:58.009] STOP to_move 2 nodes_visited 1906
[21:36:58.010] START to_move 1
[21:36:58.030] STOP to_move 1 nodes_visited 326
[21:36:58.030] START to_move 2
[21:36:58.091] STOP to_move 2 nodes_visited 1013
[21:36:58.092] START to_move 1
[21:36:58.111] STOP to_move 1 nodes_visited 324
[21:36:58.112] START to_move 2
[21:36:58.174] STOP to_move 2 nodes_visited 1036
[21:36:58.174] START to_move 1
[21:36:58.194] STOP to_move 1 nodes_visited 330
[21:36:58.195] START to_move 2
[21:36:58.260] STOP to_move 2 nodes_visited 1078
[21:36:58.261] START to_move 1
[21:36:58.283] STOP to_move 1 nodes_visited 371
[21:36:58.284] START to_move 2
[21:36:58.341] STOP to_move 2 nodes_visited 971
[21:36:58.342] START to_move 1
[21:36:58.373] STOP to_move 1 nodes_visited 508
[21:36:58.373] START to_move 2
[21:36:58.464] STOP to_move 2 nodes_visited 1522
[21:36:58.465] START to_move 1
[21:36:58.499] STOP to_move 1 nodes_visited 537
[21:36:58.499] START to_move 2
[21:36:58.567] STOP to_move 2 nodes_visited 1142
[21:36:58.568] START to_move 1
[21:36:58.601] STOP to_move 1 nodes_visited 531
[21:36:58.601] START to_move 2
[21:36:58.667] STOP to_move 2 nodes_visited 1103
[21:36:58.668] START to_move 1
[21:36:58.700] STOP to_move 1 nodes_visited 531
[21:36:58.700] START to_move 2
[21:36:58.734] STOP to_move 2 nodes_visited 563
[21:36:58.734] START to_move 1
[21:36:58.810] STOP to_move 1 nodes_visited 1198
[21:36:58.811] START to_move 2
[21:36:58.853] STOP to_move 2 nodes_visited 703
[21:36:58.853] START to_move 1
[21:36:58.887] STOP to_move 1 nodes_visited 563
[21:36:58.888] START to_move 2
[21:36:58.919] STOP to_move 2 nodes_visited 530
[21:36:58.919] START to_move 1
[21:36:58.934] STOP to_move 1 nodes_visited 246
[21:36:58.934] START to_move 2
[21:36:58.960] STOP to_move 2 nodes_visited 449
[21:36:58.961] START to_move 1
[21:36:58.980] STOP to_move 1 nodes_visited 324
[21:36:58.980] START to_move 2
[21:36:59.005] STOP to_move 2 nodes_visited 433
[21:36:59.005] START to_move 1
[21:36:59.021] STOP to_move 1 nodes_visited 255
[21:36:59.021] START to_move 2
[21:36:59.038] STOP to_move 2 nodes_visited 294
[21:36:59.038] START to_move 1
[21:36:59.052] STOP to_move 1 nodes_visited 215
[21:36:59.052] START to_move 2
[21:36:59.071] STOP to_move 2 nodes_visited 310
[21:36:59.071] START to_move 1
[21:36:59.088] STOP to_move 1 nodes_visited 289
[21:36:59.088] START to_move 2
[21:36:59.117] STOP to_move 2 nodes_visited 491
[21:36:59.118] START to_move 1
[21:36:59.135] STOP to_move 1 nodes_visited 289
[21:36:59.135] START to_move 2
[21:36:59.163] STOP to_move 2 nodes_visited 470
[21:36:59.163] START to_move 1
[21:36:59.180] STOP to_move 1 nodes_visited 289
[21:36:59.181] START to_move 2
[21:36:59.208] STOP to_move 2 nodes_visited 455
[21:36:59.208] START to_move 1
[21:36:59.224] STOP to_move 1 nodes_visited 275
[21:36:59.225] START to_move 2
[21:36:59.251] STOP to_move 2 nodes_visited 440
[21:36:59.251] START to_move 1
[21:36:59.267] STOP to_move 1 nodes_visited 268
[21:36:59.267] START to_move 2
[21:36:59.293] STOP to_move 2 nodes_visited 440
[21:36:59.293] START to_move 1
[21:36:59.309] STOP to_move 1 nodes_visited 265
[21:36:59.309] START to_move 2
[21:36:59.331] STOP to_move 2 nodes_visited 370
[21:36:59.331] START to_move 1
[21:36:59.349] STOP to_move 1 nodes_visited 279
[21:36:59.349] START to_move 2
[21:36:59.390] STOP to_move 2 nodes_visited 670
[21:36:59.390] START to_move 1
[21:36:59.407] STOP to_move 1 nodes_visited 274
[21:36:59.407] START to_move 2
[21:36:59.452] STOP to_move 2 nodes_visited 752
[21:36:59.453] START to_move 1
[21:36:59.467] STOP to_move 1 nodes_visited 233
[21:36:59.468] START to_move 2
[21:36:59.502] STOP to_move 2 nodes_visited 565
[21:36:59.502] START to_move 1
[21:36:59.521] STOP to_move 1 nodes_visited 308
[21:36:59.521] START to_move 2
[21:36:59.567] STOP to_move 2 nodes_visited 778
[21:36:59.568] START to_move 1
[21:36:59.584] STOP to_move 1 nodes_visited 276
[21:36:59.585] START to_move 2
[21:36:59.635] STOP to_move 2 nodes_visited 803
[21:36:59.635] START to_move 1
[21:36:59.652] STOP to_move 1 nodes_visited 270
[21:36:59.652] START to_move 2
[21:36:59.711] STOP to_move 2 nodes_visited 974
[21:36:59.712] START to_move 1
[21:36:59.722] STOP to_move 1 nodes_visited 178
[21:36:59.722] START to_move 2
[21:36:59.752] STOP to_move 2 nodes_visited 491
[21:36:59.752] START to_move 1
[21:36:59.762] STOP to_move 1 nodes_visited 169
[21:36:59.762] START to_move 2
[21:36:59.779] STOP to_move 2 nodes_visited 287
[21:36:59.779] START to_move 1
[21:36:59.790] STOP to_move 1 nodes_visited 177
[21:36:59.790] START to_move 2
[21:36:59.798] STOP to_move 2 nodes_visited 135
[21:36:59.798] START to_move 1
[21:36:59.808] STOP to_move 1 nodes_visited 177
[21:36:59.808] START to_move 2
[21:36:59.820] STOP to_move 2 nodes_visited 195
[21:36:59.820] START to_move 1
[21:36:59.830] STOP to_move 1 nodes_visited 179
[21:36:59.830] START to_move 2
[21:36:59.844] STOP to_move 2 nodes_visited 225
[21:36:59.844] START to_move 1
[21:36:59.854] STOP to_move 1 nodes_visited 172
[21:36:59.854] START to_move 2
[21:36:59.871] STOP to_move 2 nodes_visited 285
[21:36:59.871] START to_move 1
[21:36:59.889] STOP to_move 1 nodes_visited 295
[21:36:59.889] START to_move 2
[21:36:59.906] STOP to_move 2 nodes_visited 290
[21:36:59.907] START to_move 1
[21:36:59.914] STOP to_move 1 nodes_visited 133
[21:36:59.914] START to_move 2
[21:36:59.920] STOP to_move 2 nodes_visited 98
[21:36:59.920] START to_move 1
[21:36:59.928] STOP to_move 1 nodes_visited 131
[21:36:59.928] START to_move 2
[21:36:59.945] STOP to_move 2 nodes_visited 262
[21:36:59.945] START to_move 1
[21:36:59.954] STOP to_move 1 nodes_visited 145
[21:36:59.954] START to_move 2
[21:36:59.961] STOP to_move 2 nodes_visited 113
[21:36:59.961] START to_move 1
[21:36:59.969] STOP to_move 1 nodes_visited 135
[21:36:59.969] START to_move 2
[21:36:59.978] STOP to_move 2 nodes_visited 140
[21:36:59.978] START to_move 1
[21:36:59.985] STOP to_move 1 nodes_visited 123
[21:36:59.985] START to_move 2
[21:36:59.989] STOP to_move 2 nodes_visited 72
[21:36:59.990] END winner 2 - rounds 214
