[22:12:47.983] 1 - distance_function chebyshev - pruning True
[22:12:47.983] 2 - distance_function euclides - pruning True
[22:12:47.983] START to_move 1
[22:12:48.045] STOP to_move 1 nodes_visited 990
[22:12:48.046] START to_move 2
[22:12:48.342] STOP to_move 2 nodes_visited 4545
[22:12:48.345] START to_move 1
[22:12:48.391] STOP to_move 1 nodes_visited 702
[22:12:48.391] START to_move 2
[22:12:48.457] STOP to_move 2 nodes_visited 1084
[22:12:48.458] START to_move 1
[22:12:48.504] STOP to_move 1 nodes_visited 682
[22:12:48.505] START to_move 2
[22:12:48.572] STOP to_move 2 nodes_visited 1113
[22:12:48.573] START to_move 1
[22:12:48.616] STOP to_move 1 nodes_visited 698
[22:12:48.616] START to_move 2
[22:12:48.666] STOP to_move 2 nodes_visited 839
[22:12:48.667] START to_move 1
[22:12:48.767] STOP to_move 1 nodes_visited 1530
[22:12:48.768] START to_move 2
[22:12:48.823] STOP to_move 2 nodes_visited 906
[22:12:48.823] START to_move 1
[22:12:48.899] STOP to_move 1 nodes_visited 1177
[22:12:48.900] START to_move 2
[22:12:48.949] STOP to_move 2 nodes_visited 813
[22:12:48.949] START to_move 1
[22:12:48.989] STOP to_move 1 nodes_visited 655
[22:12:48.990] START to_move 2
[22:12:49.035] STOP to_move 2 nodes_visited 772
[22:12:49.036] START to_move 1
[22:12:49.084] STOP to_move 1 nodes_visited 732
[22:12:49.084] START to_move 2
[22:12:49.127] STOP to_move 2 nodes_visited 720
[22:12:49.127] START to_move 1
[22:12:49.261] STOP to_move 1 nodes_visited 2117
[22:12:49.262] START to_move 2
[22:12:49.348] STOP to_move 2 nodes_visited 1382
[22:12:49.349] START to_move 1
[22:12:49.484] STOP to_move 1 nodes_visited 2104
[22:12:49.485] START to_move 2
[22:12:49.582] STOP to_move 2 nodes_visited 1637
[22:12:49.583] START to_move 1
[22:12:49.709] STOP to_move 1 nodes_visited 1985
[22:12:49.710] START to_move 2
[22:12:49.815] STOP to_move 2 nodes_visited 1745
[22:12:49.816] START to_move 1
[22:12:49.893] STOP to_move 1 nodes_visited 1233
[22:12:49.894] START to_move 2
[22:12:49.944] STOP to_move 2 nodes_visited 845
[22:12:49.944] START to_move 1
[22:12:50.021] STOP to_move 1 nodes_visited 1249
[22:12:50.022] START to_move 2
[22:12:50.088] STOP to_move 2 nodes_visited 1109
[22:12:50.089] START to_move 1
[22:12:50.187] STOP to_move 1 nodes_visited 1554
[22:12:50.188] START to_move 2
[22:12:50.261] STOP to_move 2 nodes_visited 1217
[22:12:50.261] START to_move 1
[22:12:50.331] STOP to_move 1 nodes_visited 1131
[22:12:50.332] START to_move 2
[22:12:50.476] STOP to_move 2 nodes_visited 2306
[22:12:50.477] START to_move 1
[22:12:50.603] STOP to_move 1 nodes_visited 2017
[22:12:50.604] START to_move 2
[22:12:50.684] STOP to_move 2 nodes_visited 1296
[22:12:50.685] START to_move 1
[22:12:50.811] STOP to_move 1 nodes_visited 2043
[22:12:50.812] START to_move 2
[22:12:50.885] STOP to_move 2 nodes_visited 1196
[22:12:50.886] START to_move 1
[22:12:51.003] STOP to_move 1 nodes_visited 1866
[22:12:51.004] START to_move 2
[22:12:51.082] STOP to_move 2 nodes_visited 1271
[22:12:51.083] START to_move 1
[22:12:51.214] STOP to_move 1 nodes_visited 2055
[22:12:51.215] START to_move 2
[22:12:51.295] STOP to_move 2 nodes_visited 1329
[22:12:51.296] START to_move 1
[22:12:51.418] STOP to_move 1 nodes_visited 1960
[22:12:51.419] START to_move 2
[22:12:51.495] STOP to_move 2 nodes_visited 1229
[22:12:51.496] START to_move 1
[22:12:51.516] STOP to_move 1 nodes_visited 342
[22:12:51.516] START to_move 2
[22:12:51.609] STOP to_move 2 nodes_visited 1538
[22:12:51.610] START to_move 1
[22:12:51.630] STOP to_move 1 nodes_visited 346
[22:12:51.630] START to_move 2
[22:12:51.689] STOP to_move 2 nodes_visited 997
[22:12:51.690] START to_move 1
[22:12:51.710] STOP to_move 1 nodes_visited 335
[22:12:51.710] START to_move 2
[22:12:51.770] STOP to_move 2 nodes_visited 980
[22:12:51.771] START to_move 1
[22:12:51.837] STOP to_move 1 nodes_visited 1075
[22:12:51.837] START to_move 2
[22:12:51.878] STOP to_move 2 nodes_visited 679
[22:12:51.878] START to_move 1
[22:12:51.944] STOP to_move 1 nodes_visited 1038
[22:12:51.944] START to_move 2
[22:12:51.988] STOP to_move 2 nodes_visited 750
[22:12:51.989] START to_move 1
[22:12:52.006] STOP to_move 1 nodes_visited 294
[22:12:52.006] START to_move 2
[22:12:52.048] STOP to_move 2 nodes_visited 684
[22:12:52.049] START to_move 1
[22:12:52.102] STOP to_move 1 nodes_visited 864
[22:12:52.103] START to_move 2
[22:12:52.198] STOP to_move 2 nodes_visited 1605
[22:12:52.199] START to_move 1
[22:12:52.216] STOP to_move 1 nodes_visited 279
[22:12:52.216] START to_move 2
[22:12:52.323] STOP to_move 2 nodes_visited 1739
[22:12:52.324] START to_move 1
[22:12:52.340] STOP to_move 1 nodes_visited 275
[22:12:52.340] START to_move 2
[22:12:52.441] STOP to_move 2 nodes_visited 1677
[22:12:52.442] START to_move 1
[22:12:52.458] STOP to_move 1 nodes_visited 275
[22:12:52.459] START to_move 2
[22:12:52.490] STOP to_move 2 nodes_visited 532
[22:12:52.490] START to_move 1
[22:12:52.506] STOP to_move 1 nodes_visited 272
[22:12:52.506] START to_move 2
[22:12:52.537] STOP to_move 2 nodes_visited 528
[22:12:52.537] START to_move 1
[22:12:52.625] STOP to_move 1 nodes_visited 1345
[22:12:52.625] START to_move 2
[22:12:52.662] STOP to_move 2 nodes_visited 625
[22:12:52.662] START to_move 1
[22:12:52.679] STOP to_move 1 nodes_visited 283
[22:12:52.679] START to_move 2
[22:12:52.716] STOP to_move 2 nodes_visited 626
[22:12:52.716] START to_move 1
[22:12:52.733] STOP to_move 1 nodes_visited 283
[22:12:52.733] START to_move 2
[22:12:52.786] STOP to_move 2 nodes_visited 903
[22:12:52.787] START to_move 1
[22:12:52.803] STOP to_move 1 nodes_visited 283
[22:12:52.804] START to_move 2
[22:12:52.838] STOP to_move 2 nodes_visited 589
[22:12:52.838] START to_move 1
[22:12:52.855] STOP to_move 1 nodes_visited 281
[22:12:52.855] START to_move 2
[22:12:52.892] STOP to_move 2 nodes_visited 606
[22:12:52.892] START to_move 1
[22:12:52.909] STOP to_move 1 nodes_visited 283
[22:12:52.909] START to_move 2
[22:12:52.941] STOP to_move 2 nodes_visited 538
[22:12:52.941] START to_move 1
[22:12:53.013] STOP to_move 1 nodes_visited 1163
[22:12:53.014] START to_move 2
[22:12:53.046] STOP to_move 2 nodes_visited 545
[22:12:53.046] START to_move 1
[22:12:53.063] STOP to_move 1 nodes_visited 281
[22:12:53.063] START to_move 2
[22:12:53.098] STOP to_move 2 nodes_visited 600
[22:12:53.098] START to_move 1
[22:12:53.115] STOP to_move 1 nodes_visited 281
[22:12:53.115] START to_move 2
[22:12:53.205] STOP to_move 2 nodes_visited 1456
[22:12:53.206] START to_move 1
[22:12:53.222] STOP to_move 1 nodes_visited 282
[22:12:53.223] START to_move 2
[22:12:53.310] STOP to_move 2 nodes_visited 1462
[22:12:53.311] START to_move 1
[22:12:53.557] STOP to_move 1 nodes_visited 3854
[22:12:53.560] START to_move 2
[22:12:53.624] STOP to_move 2 nodes_visited 1066
[22:12:53.625] START to_move 1
[22:12:53.739] STOP to_move 1 nodes_visited 1736
[22:12:53.740] START to_move 2
[22:12:53.774] STOP to_move 2 nodes_visited 582
[22:12:53.774] START to_move 1
[22:12:53.896] STOP to_move 1 nodes_visited 1895
[22:12:53.898] START to_move 2
[22:12:54.140] STOP to_move 2 nodes_visited 3943
[22:12:54.142] START to_move 1
[22:12:54.248] STOP to_move 1 nodes_visited 1654
[22:12:54.249] START to_move 2
[22:12:54.358] STOP to_move 2 nodes_visited 1772
[22:12:54.359] START to_move 1
[22:12:54.374] STOP to_move 1 nodes_visited 252
[22:12:54.375] START to_move 2
[22:12:54.403] STOP to_move 2 nodes_visited 476
[22:12:54.403] START to_move 1
[22:12:54.417] STOP to_move 1 nodes_visited 239
[22:12:54.417] START to_move 2
[22:12:54.435] STOP to_move 2 nodes_visited 304
[22:12:54.435] START to_move 1
[22:12:54.454] STOP to_move 1 nodes_visited 316
[22:12:54.454] START to_move 2
[22:12:54.481] STOP to_move 2 nodes_visited 457
[22:12:54.481] START to_move 1
[22:12:54.500] STOP to_move 1 nodes_visited 316
[22:12:54.501] START to_move 2
[22:12:54.549] STOP to_move 2 nodes_visited 783
[22:12:54.550] START to_move 1
[22:12:54.568] STOP to_move 1 nodes_visited 298
[22:12:54.568] START to_move 2
[22:12:54.620] STOP to_move 2 nodes_visited 851
[22:12:54.620] START to_move 1
[22:12:54.638] STOP to_move 1 nodes_visited 294
[22:12:54.638] START to_move 2
[22:12:54.689] STOP to_move 2 nodes_visited 851
[22:12:54.690] START to_move 1
[22:12:54.708] STOP to_move 1 nodes_visited 298
[22:12:54.708] START to_move 2
[22:12:54.759] STOP to_move 2 nodes_visited 851
[22:12:54.759] START to_move 1
[22:12:54.777] STOP to_move 1 nodes_visited 298
[22:12:54.778] START to_move 2
[22:12:54.824] STOP to_move 2 nodes_visited 771
[22:12:54.825] START to_move 1
[22:12:54.843] STOP to_move 1 nodes_visited 290
[22:12:54.843] START to_move 2
[22:12:54.882] STOP to_move 2 nodes_visited 641
[22:12:54.883] START to_move 1
[22:12:54.917] STOP to_move 1 nodes_visited 547
[22:12:54.917] START to_move 2
[22:12:54.960] STOP to_move 2 nodes_visited 711
[22:12:54.960] START to_move 1
[22:12:54.978] STOP to_move 1 nodes_visited 289
[22:12:54.978] START to_move 2
[22:12:55.011] STOP to_move 2 nodes_visited 539
[22:12:55.011] START to_move 1
[22:12:55.040] STOP to_move 1 nodes_visited 471
[22:12:55.040] START to_move 2
[22:12:55.077] STOP to_move 2 nodes_visited 609
[22:12:55.077] START to_move 1
[22:12:55.094] STOP to_move 1 nodes_visited 281
[22:12:55.094] START to_move 2
[22:12:55.126] STOP to_move 2 nodes_visited 507
[22:12:55.126] START to_move 1
[22:12:55.141] STOP to_move 1 nodes_visited 249
[22:12:55.141] START to_move 2
[22:12:55.176] STOP to_move 2 nodes_visited 573
[22:12:55.176] START to_move 1
[22:12:55.193] STOP to_move 1 nodes_visited 277
[22:12:55.193] START to_move 2
[22:12:55.235] STOP to_move 2 nodes_visited 687
[22:12:55.235] START to_move 1
[22:12:55.251] STOP to_move 1 nodes_visited 281
[22:12:55.251] START to_move 2
[22:12:55.289] STOP to_move 2 nodes_visited 626
[22:12:55.290] START to_move 1
[22:12:55.306] STOP to_move 1 nodes_visited 271
[22:12:55.306] START to_move 2
[22:12:55.331] STOP to_move 2 nodes_visited 430
[22:12:55.332] START to_move 1
[22:12:55.347] STOP to_move 1 nodes_visited 252
[22:12:55.347] START to_move 2
[22:12:55.372] STOP to_move 2 nodes_visited 428
[22:12:55.372] START to_move 1
[22:12:55.387] STOP to_move 1 nodes_visited 246
[22:12:55.387] START to_move 2
[22:12:55.409] STOP to_move 2 nodes_visited 361
[22:12:55.409] START to_move 1
[22:12:55.426] STOP to_move 1 nodes_visited 260
[22:12:55.426] START to_move 2
[22:12:55.456] STOP to_move 2 nodes_visited 499
[22:12:55.456] START to_move 1
[22:12:55.471] STOP to_move 1 nodes_visited 239
[22:12:55.471] START to_move 2
[22:12:55.494] STOP to_move 2 nodes_visited 386
[22:12:55.494] START to_move 1
[22:12:55.508] STOP to_move 1 nodes_visited 237
[22:12:55.508] START to_move 2
[22:12:55.528] STOP to_move 2 nodes_visited 325
[22:12:55.528] START to_move 1
[22:12:55.538] STOP to_move 1 nodes_visited 183
[22:12:55.538] START to_move 2
[22:12:55.549] STOP to_move 2 nodes_visited 187
[22:12:55.549] START to_move 1
[22:12:55.563] STOP to_move 1 nodes_visited 237
[22:12:55.564] START to_move 2
[22:12:55.601] STOP to_move 2 nodes_visited 609
[22:12:55.602] START to_move 1
[22:12:55.612] STOP to_move 1 nodes_visited 177
[22:12:55.612] START to_move 2
[22:12:55.636] STOP to_move 2 nodes_visited 366
[22:12:55.636] START to_move 1
[22:12:55.651] STOP to_move 1 nodes_visited 255
[22:12:55.652] START to_move 2
[22:12:55.681] STOP to_move 2 nodes_visited 469
[22:12:55.682] START to_move 1
[22:12:55.693] STOP to_move 1 nodes_visited 190
[22:12:55.693] START to_move 2
[22:12:55.715] STOP to_move 2 nodes_visited 344
[22:12:55.715] START to_move 1
[22:12:55.728] STOP to_move 1 nodes_visited 195
[22:12:55.728] START to_move 2
[22:12:55.750] STOP to_move 2 nodes_visited 343
[22:12:55.750] START to_move 1
[22:12:55.763] STOP to_move 1 nodes_visited 209
[22:12:55.763] START to_move 2
[22:12:55.769] STOP to_move 2 nodes_visited 94
[22:12:55.769] START to_move 1
[22:12:55.780] STOP to_move 1 nodes_visited 188
[22:12:55.780] START to_move 2
[22:12:55.787] STOP to_move 2 nodes_visited 107
[22:12:55.787] START to_move 1
[22:12:55.799] STOP to_move 1 nodes_visited 206
[22:12:55.799] START to_move 2
[22:12:55.822] STOP to_move 2 nodes_visited 369
[22:12:55.822] START to_move 1
[22:12:55.838] STOP to_move 1 nodes_visited 262
[22:12:55.838] START to_move 2
[22:12:55.862] STOP to_move 2 nodes_visited 391
[22:12:55.862] START to_move 1
[22:12:55.878] STOP to_move 1 nodes_visited 262
[22:12:55.878] START to_move 2
[22:12:55.902] STOP to_move 2 nodes_visited 391
[22:12:55.902] START to_move 1
[22:12:55.918] STOP to_move 1 nodes_visited 262
[22:12:55.918] START to_move 2
[22:12:55.941] STOP to_move 2 nodes_visited 372
[22:12:55.941] START to_move 1
[22:12:55.957] STOP to_move 1 nodes_visited 260
[22:12:55.957] START to_move 2
[22:12:55.981] STOP to_move 2 nodes_visited 386
[22:12:55.981] START to_move 1
[22:12:55.993] STOP to_move 1 nodes_visited 208
[22:12:55.993] START to_move 2
[22:12:56.014] STOP to_move 2 nodes_visited 330
[22:12:56.014] START to_move 1
[22:12:56.022] STOP to_move 1 nodes_visited 146
[22:12:56.022] START to_move 2
[22:12:56.038] STOP to_move 2 nodes_visited 243
[22:12:56.039] START to_move 1
[22:12:56.049] STOP to_move 1 nodes_visited 176
[22:12:56.050] START to_move 2
[22:12:56.065] STOP to_move 2 nodes_visited 253
[22:12:56.065] START to_move 1
[22:12:56.074] STOP to_move 1 nodes_visited 153
[22:12:56.074] START to_move 2
[22:12:56.093] STOP to_move 2 nodes_visited 306
[22:12:56.093] START to_move 1
[22:12:56.102] STOP to_move 1 nodes_visited 147
[22:12:56.102] START to_move 2
[22:12:56.113] STOP to_move 2 nodes_visited 189
[22:12:56.113] START to_move 1
[22:12:56.120] STOP to_move 1 nodes_visited 129
[22:12:56.121] START to_move 2
[22:12:56.131] STOP to_move 2 nodes_visited 171
[22:12:56.131] START to_move 1
[22:12:56.138] STOP to_move 1 nodes_visited 125
[22:12:56.138] START to_move 2
[22:12:56.144] STOP to_move 2 nodes_visited 115
[22:12:56.145] START to_move 1
[22:12:56.151] STOP to_move 1 nodes_visited 119
[22:12:56.152] START to_move 2
[22:12:56.165] STOP to_move 2 nodes_visited 223
[22:12:56.165] START to_move 1
[22:12:56.171] STOP to_move 1 nodes_visited 105
[22:12:56.171] START to_move 2
[22:12:56.180] STOP to_move 2 nodes_visited 149
[22:12:56.180] START to_move 1
[22:12:56.187] STOP to_move 1 nodes_visited 114
[22:12:56.187] START to_move 2
[22:12:56.196] STOP to_move 2 nodes_visited 147
[22:12:56.196] START to_move 1
[22:12:56.201] STOP to_move 1 nodes_visited 95
[22:12:56.201] START to_move 2
[22:12:56.208] STOP to_move 2 nodes_visited 115
[22:12:56.208] START to_move 1
[22:12:56.214] STOP to_move 1 nodes_visited 87
[22:12:56.214] START to_move 2
[22:12:56.217] STOP to_move 2 nodes_visited 52
[22:12:56.217] START to_move 1
[22:12:56.223] STOP to_move 1 nodes_visited 104
[22:12:56.223] START to_move 2
[22:12:56.230] STOP to_move 2 nodes_visited 105
[22:12:56.230] START to_move 1
[22:12:56.235] STOP to_move 1 nodes_visited 85
[22:12:56.235] START to_move 2
[22:12:56.238] STOP to_move 2 nodes_visited 50
[22:12:56.238] START to_move 1
[22:12:56.244] STOP to_move 1 nodes_visited 99
[22:12:56.244] START to_move 2
[22:12:56.250] STOP to_move 2 nodes_visited 103
[22:12:56.250] START to_move 1
[22:12:56.255] STOP to_move 1 nodes_visited 79
[22:12:56.255] START to_move 2
[22:12:56.258] STOP to_move 2 nodes_visited 49
[22:12:56.258] START to_move 1
[22:12:56.264] STOP to_move 1 nodes_visited 93
[22:12:56.264] START to_move 2
[22:12:56.271] STOP to_move 2 nodes_visited 124
[22:12:56.271] START to_move 1
[22:12:56.276] STOP to_move 1 nodes_visited 78
[22:12:56.276] START to_move 2
[22:12:56.279] STOP to_move 2 nodes_visited 48
[22:12:56.279] START to_move 1
[22:12:56.284] STOP to_move 1 nodes_visited 88
[22:12:56.285] START to_move 2
[22:12:56.290] STOP to_move 2 nodes_visited 99
[22:12:56.290] START to_move 1
[22:12:56.294] STOP to_move 1 nodes_visited 67
[22:12:56.294] START to_move 2
[22:12:56.297] STOP to_move 2 nodes_visited 42
[22:12:56.297] START to_move 1
[22:12:56.302] STOP to_move 1 nodes_visited 79
[22:12:56.302] START to_move 2
[22:12:56.308] STOP to_move 2 nodes_visited 98
[22:12:56.308] START to_move 1
[22:12:56.312] STOP to_move 1 nodes_visited 67
[22:12:56.312] START to_move 2
[22:12:56.315] STOP to_move 2 nodes_visited 39
[22:12:56.315] START to_move 1
[22:12:56.320] STOP to_move 1 nodes_visited 82
[22:12:56.320] START to_move 2
[22:12:56.326] STOP to_move 2 nodes_visited 105
[22:12:56.326] START to_move 1
[22:12:56.330] STOP to_move 1 nodes_visited 68
[22:12:56.330] START to_move 2
[22:12:56.332] STOP to_move 2 nodes_visited 39
[22:12:56.332] START to_move 1
[22:12:56.337] STOP to_move 1 nodes_visited 82
[22:12:56.337] START to_move 2
[22:12:56.345] STOP to_move 2 nodes_visited 121
[22:12:56.345] START to_move 1
[22:12:56.349] STOP to_move 1 nodes_visited 70
[22:12:56.349] START to_move 2
[22:12:56.351] STOP to_move 2 nodes_visited 41
[22:12:56.351] START to_move 1
[22:12:56.357] STOP to_move 1 nodes_visited 85
[22:12:56.357] START to_move 2
[22:12:56.364] STOP to_move 2 nodes_visited 121
[22:12:56.364] START to_move 1
[22:12:56.369] STOP to_move 1 nodes_visited 68
[22:12:56.369] START to_move 2
[22:12:56.372] STOP to_move 2 nodes_visited 38
[22:12:56.372] START to_move 1
[22:12:56.376] STOP to_move 1 nodes_visited 72
[22:12:56.376] START to_move 2
[22:12:56.382] STOP to_move 2 nodes_visited 97
[22:12:56.382] START to_move 1
[22:12:56.385] STOP to_move 1 nodes_visited 56
[22:12:56.385] START to_move 2
[22:12:56.387] STOP to_move 2 nodes_visited 33
[22:12:56.387] START to_move 1
[22:12:56.391] STOP to_move 1 nodes_visited 69
[22:12:56.391] START to_move 2
[22:12:56.397] STOP to_move 2 nodes_visited 97
[22:12:56.397] START to_move 1
[22:12:56.401] STOP to_move 1 nodes_visited 56
[22:12:56.401] START to_move 2
[22:12:56.402] STOP to_move 2 nodes_visited 26
[22:12:56.402] START to_move 1
[22:12:56.406] STOP to_move 1 nodes_visited 52
[22:12:56.406] START to_move 2
[22:12:56.410] STOP to_move 2 nodes_visited 79
[22:12:56.411] START to_move 1
[22:12:56.413] STOP to_move 1 nodes_visited 42
[22:12:56.413] START to_move 2
[22:12:56.415] STOP to_move 2 nodes_visited 39
[22:12:56.415] START to_move 1
[22:12:56.419] STOP to_move 1 nodes_visited 58
[22:12:56.419] START to_move 2
[22:12:56.423] STOP to_move 2 nodes_visited 67
[22:12:56.423] START to_move 1
[22:12:56.425] STOP to_move 1 nodes_visited 38
[22:12:56.425] START to_move 2
[22:12:56.427] STOP to_move 2 nodes_visited 21
[22:12:56.427] START to_move 1
[22:12:56.430] STOP to_move 1 nodes_visited 46
[22:12:56.430] START to_move 2
[22:12:56.433] STOP to_move 2 nodes_visited 60
[22:12:56.433] START to_move 1
[22:12:56.435] STOP to_move 1 nodes_visited 38
[22:12:56.435] START to_move 2
[22:12:56.437] STOP to_move 2 nodes_visited 20
[22:12:56.437] START to_move 1
[22:12:56.439] STOP to_move 1 nodes_visited 47
[22:12:56.440] START to_move 2
[22:12:56.443] STOP to_move 2 nodes_visited 67
[22:12:56.443] START to_move 1
[22:12:56.446] STOP to_move 1 nodes_visited 40
[22:12:56.446] START to_move 2
[22:12:56.447] STOP to_move 2 nodes_visited 17
[22:12:56.447] START to_move 1
[22:12:56.450] STOP to_move 1 nodes_visited 41
[22:12:56.450] START to_move 2
[22:12:56.453] STOP to_move 2 nodes_visited 53
[22:12:56.453] START to_move 1
[22:12:56.455] STOP to_move 1 nodes_visited 34
[22:12:56.455] START to_move 2
[22:12:56.456] STOP to_move 2 nodes_visited 17
[22:12:56.456] START to_move 1
[22:12:56.458] STOP to_move 1 nodes_visited 41
[22:12:56.458] START to_move 2
[22:12:56.462] STOP to_move 2 nodes_visited 52
[22:12:56.462] START to_move 1
[22:12:56.464] STOP to_move 1 nodes_visited 37
[22:12:56.464] START to_move 2
[22:12:56.465] STOP to_move 2 nodes_visited 20
[22:12:56.465] START to_move 1
[22:12:56.468] STOP to_move 1 nodes_visited 45
[22:12:56.468] START to_move 2
[22:12:56.472] STOP to_move 2 nodes_visited 60
[22:12:56.472] START to_move 1
[22:12:56.474] STOP to_move 1 nodes_visited 37
[22:12:56.474] START to_move 2
[22:12:56.475] STOP to_move 2 nodes_visited 18
[22:12:56.475] START to_move 1
[22:12:56.478] STOP to_move 1 nodes_visited 40
[22:12:56.478] START to_move 2
[22:12:56.480] STOP to_move 2 nodes_visited 44
[22:12:56.480] START to_move 1
[22:12:56.482] STOP to_move 1 nodes_visited 25
[22:12:56.482] START to_move 2
[22:12:56.483] STOP to_move 2 nodes_visited 15
[22:12:56.483] START to_move 1
[22:12:56.485] STOP to_move 1 nodes_visited 33
[22:12:56.485] START to_move 2
[22:12:56.487] STOP to_move 2 nodes_visited 38
[22:12:56.487] START to_move 1
[22:12:56.488] STOP to_move 1 nodes_visited 20
[22:12:56.488] START to_move 2
[22:12:56.489] STOP to_move 2 nodes_visited 16
[22:12:56.489] START to_move 1
[22:12:56.491] STOP to_move 1 nodes_visited 33
[22:12:56.491] START to_move 2
[22:12:56.494] STOP to_move 2 nodes_visited 38
[22:12:56.494] START to_move 1
[22:12:56.495] STOP to_move 1 nodes_visited 19
[22:12:56.495] START to_move 2
[22:12:56.496] STOP to_move 2 nodes_visited 14
[22:12:56.496] START to_move 1
[22:12:56.498] STOP to_move 1 nodes_visited 31
[22:12:56.498] START to_move 2
[22:12:56.500] STOP to_move 2 nodes_visited 43
[22:12:56.500] START to_move 1
[22:12:56.502] STOP to_move 1 nodes_visited 19
[22:12:56.502] START to_move 2
[22:12:56.502] STOP to_move 2 nodes_visited 14
[22:12:56.502] START to_move 1
[22:12:56.504] STOP to_move 1 nodes_visited 28
[22:12:56.504] START to_move 2
[22:12:56.506] STOP to_move 2 nodes_visited 28
[22:12:56.506] START to_move 1
[22:12:56.507] STOP to_move 1 nodes_visited 19
[22:12:56.507] START to_move 2
[22:12:56.508] STOP to_move 2 nodes_visited 13
[22:12:56.508] START to_move 1
[22:12:56.510] STOP to_move 1 nodes_visited 26
[22:12:56.510] START to_move 2
[22:12:56.511] STOP to_move 2 nodes_visited 26
[22:12:56.512] START to_move 1
[22:12:56.513] STOP to_move 1 nodes_visited 17
[22:12:56.513] START to_move 2
[22:12:56.513] STOP to_move 2 nodes_visited 11
[22:12:56.513] START to_move 1
[22:12:56.515] STOP to_move 1 nodes_visited 23
[22:12:56.515] START to_move 2
[22:12:56.518] STOP to_move 2 nodes_visited 43
[22:12:56.518] START to_move 1
[22:12:56.519] STOP to_move 1 nodes_visited 19
[22:12:56.519] START to_move 2
[22:12:56.520] STOP to_move 2 nodes_visited 12
[22:12:56.520] START to_move 1
[22:12:56.521] STOP to_move 1 nodes_visited 24
[22:12:56.521] START to_move 2
[22:12:56.523] STOP to_move 2 nodes_visited 30
[22:12:56.523] START to_move 1
[22:12:56.524] STOP to_move 1 nodes_visited 19
[22:12:56.524] START to_move 2
[22:12:56.525] STOP to_move 2 nodes_visited 11
[22:12:56.525] START to_move 1
[22:12:56.526] STOP to_move 1 nodes_visited 19
[22:12:56.526] START to_move 2
[22:12:56.528] STOP to_move 2 nodes_visited 23
[22:12:56.528] START to_move 1
[22:12:56.529] STOP to_move 1 nodes_visited 15
[22:12:56.529] START to_move 2
[22:12:56.529] STOP to_move 2 nodes_visited 6
[22:12:56.529] START to_move 1
[22:12:56.530] STOP to_move 1 nodes_visited 15
[22:12:56.530] START to_move 2
[22:12:56.531] STOP to_move 2 nodes_visited 17
[22:12:56.531] START to_move 1
[22:12:56.532] STOP to_move 1 nodes_visited 13
[22:12:56.532] START to_move 2
[22:12:56.532] STOP to_move 2 nodes_visited 6
[22:12:56.532] START to_move 1
[22:12:56.533] STOP to_move 1 nodes_visited 10
[22:12:56.533] START to_move 2
[22:12:56.534] STOP to_move 2 nodes_visited 21
[22:12:56.534] START to_move 1
[22:12:56.535] STOP to_move 1 nodes_visited 10
[22:12:56.535] START to_move 2
[22:12:56.536] STOP to_move 2 nodes_visited 8
[22:12:56.536] START to_move 1
[22:12:56.537] STOP to_move 1 nodes_visited 16
[22:12:56.537] START to_move 2
[22:12:56.538] STOP to_move 2 nodes_visited 19
[22:12:56.538] START to_move 1
[22:12:56.538] STOP to_move 1 nodes_visited 8
[22:12:56.538] END winner 1 - rounds 299
