[23:18:49.121] 1 - distance_function chebyshev - pruning True
[23:18:49.121] 2 - distance_function euclides - pruning True
[23:18:49.121] START to_move 1
[23:18:49.154] STOP to_move 1 nodes_visited 539
[23:18:49.154] START to_move 2
[23:18:49.425] STOP to_move 2 nodes_visited 4266
[23:18:49.428] START to_move 1
[23:18:49.449] STOP to_move 1 nodes_visited 349
[23:18:49.449] START to_move 2
[23:18:49.500] STOP to_move 2 nodes_visited 863
[23:18:49.501] START to_move 1
[23:18:49.521] STOP to_move 1 nodes_visited 344
[23:18:49.521] START to_move 2
[23:18:49.657] STOP to_move 2 nodes_visited 2235
[23:18:49.659] START to_move 1
[23:18:49.723] STOP to_move 1 nodes_visited 1038
[23:18:49.723] START to_move 2
[23:18:49.836] STOP to_move 2 nodes_visited 1881
[23:18:49.837] START to_move 1
[23:18:49.857] STOP to_move 1 nodes_visited 327
[23:18:49.857] START to_move 2
[23:18:50.075] STOP to_move 2 nodes_visited 3553
[23:18:50.077] START to_move 1
[23:18:50.097] STOP to_move 1 nodes_visited 329
[23:18:50.097] START to_move 2
[23:18:50.220] STOP to_move 2 nodes_visited 2019
[23:18:50.221] START to_move 1
[23:18:50.241] STOP to_move 1 nodes_visited 328
[23:18:50.241] START to_move 2
[23:18:50.363] STOP to_move 2 nodes_visited 2031
[23:18:50.364] START to_move 1
[23:18:50.384] STOP to_move 1 nodes_visited 327
[23:18:50.384] START to_move 2
[23:18:50.504] STOP to_move 2 nodes_visited 1973
[23:18:50.505] START to_move 1
[23:18:50.781] STOP to_move 1 nodes_visited 4296
[23:18:50.783] START to_move 2
[23:18:50.880] STOP to_move 2 nodes_visited 1603
[23:18:50.881] START to_move 1
[23:18:50.903] STOP to_move 1 nodes_visited 377
[23:18:50.903] START to_move 2
[23:18:51.001] STOP to_move 2 nodes_visited 1598
[23:18:51.001] START to_move 1
[23:18:51.029] STOP to_move 1 nodes_visited 461
[23:18:51.029] START to_move 2
[23:18:51.207] STOP to_move 2 nodes_visited 2811
[23:18:51.209] START to_move 1
[23:18:51.235] STOP to_move 1 nodes_visited 437
[23:18:51.236] START to_move 2
[23:18:51.322] STOP to_move 2 nodes_visited 1420
[23:18:51.322] START to_move 1
[23:18:51.344] STOP to_move 1 nodes_visited 358
[23:18:51.345] START to_move 2
[23:18:51.465] STOP to_move 2 nodes_visited 1937
[23:18:51.466] START to_move 1
[23:18:51.489] STOP to_move 1 nodes_visited 387
[23:18:51.489] START to_move 2
[23:18:51.604] STOP to_move 2 nodes_visited 1889
[23:18:51.605] START to_move 1
[23:18:51.628] STOP to_move 1 nodes_visited 393
[23:18:51.629] START to_move 2
[23:18:51.742] STOP to_move 2 nodes_visited 1839
[23:18:51.743] START to_move 1
[23:18:51.767] STOP to_move 1 nodes_visited 397
[23:18:51.767] START to_move 2
[23:18:51.801] STOP to_move 2 nodes_visited 569
[23:18:51.801] START to_move 1
[23:18:51.825] STOP to_move 1 nodes_visited 399
[23:18:51.825] START to_move 2
[23:18:51.856] STOP to_move 2 nodes_visited 511
[23:18:51.856] START to_move 1
[23:18:51.880] STOP to_move 1 nodes_visited 401
[23:18:51.881] START to_move 2
[23:18:51.919] STOP to_move 2 nodes_visited 654
[23:18:51.920] START to_move 1
[23:18:51.944] STOP to_move 1 nodes_visited 405
[23:18:51.945] START to_move 2
[23:18:51.983] STOP to_move 2 nodes_visited 648
[23:18:51.984] START to_move 1
[23:18:52.008] STOP to_move 1 nodes_visited 405
[23:18:52.008] START to_move 2
[23:18:52.238] STOP to_move 2 nodes_visited 3758
[23:18:52.240] START to_move 1
[23:18:52.264] STOP to_move 1 nodes_visited 402
[23:18:52.265] START to_move 2
[23:18:52.442] STOP to_move 2 nodes_visited 2908
[23:18:52.443] START to_move 1
[23:18:52.468] STOP to_move 1 nodes_visited 408
[23:18:52.468] START to_move 2
[23:18:52.644] STOP to_move 2 nodes_visited 2847
[23:18:52.645] START to_move 1
[23:18:52.722] STOP to_move 1 nodes_visited 1233
[23:18:52.723] START to_move 2
[23:18:52.810] STOP to_move 2 nodes_visited 1401
[23:18:52.811] START to_move 1
[23:18:52.834] STOP to_move 1 nodes_visited 394
[23:18:52.835] START to_move 2
[23:18:52.985] STOP to_move 2 nodes_visited 2498
[23:18:52.986] START to_move 1
[23:18:53.043] STOP to_move 1 nodes_visited 923
[23:18:53.044] START to_move 2
[23:18:53.261] STOP to_move 2 nodes_visited 3484
[23:18:53.263] START to_move 1
[23:18:53.287] STOP to_move 1 nodes_visited 393
[23:18:53.288] START to_move 2
[23:18:53.586] STOP to_move 2 nodes_visited 4669
[23:18:53.589] START to_move 1
[23:18:53.612] STOP to_move 1 nodes_visited 388
[23:18:53.612] START to_move 2
[23:18:53.724] STOP to_move 2 nodes_visited 1858
[23:18:53.725] START to_move 1
[23:18:53.749] STOP to_move 1 nodes_visited 396
[23:18:53.749] START to_move 2
[23:18:53.798] STOP to_move 2 nodes_visited 827
[23:18:53.799] START to_move 1
[23:18:53.823] STOP to_move 1 nodes_visited 404
[23:18:53.823] START to_move 2
[23:18:53.981] STOP to_move 2 nodes_visited 2604
[23:18:53.982] START to_move 1
[23:18:54.006] STOP to_move 1 nodes_visited 394
[23:18:54.006] START to_move 2
[23:18:54.051] STOP to_move 2 nodes_visited 752
[23:18:54.051] START to_move 1
[23:18:54.075] STOP to_move 1 nodes_visited 398
[23:18:54.075] START to_move 2
[23:18:54.123] STOP to_move 2 nodes_visited 816
[23:18:54.124] START to_move 1
[23:18:54.149] STOP to_move 1 nodes_visited 395
[23:18:54.149] START to_move 2
[23:18:54.295] STOP to_move 2 nodes_visited 2412
[23:18:54.296] START to_move 1
[23:18:54.320] STOP to_move 1 nodes_visited 396
[23:18:54.320] START to_move 2
[23:18:54.475] STOP to_move 2 nodes_visited 2532
[23:18:54.477] START to_move 1
[23:18:54.500] STOP to_move 1 nodes_visited 392
[23:18:54.500] START to_move 2
[23:18:54.666] STOP to_move 2 nodes_visited 2704
[23:18:54.667] START to_move 1
[23:18:54.691] STOP to_move 1 nodes_visited 392
[23:18:54.691] START to_move 2
[23:18:54.859] STOP to_move 2 nodes_visited 2795
[23:18:54.861] START to_move 1
[23:18:54.884] STOP to_move 1 nodes_visited 386
[23:18:54.884] START to_move 2
[23:18:55.041] STOP to_move 2 nodes_visited 2572
[23:18:55.042] START to_move 1
[23:18:55.065] STOP to_move 1 nodes_visited 379
[23:18:55.066] START to_move 2
[23:18:55.224] STOP to_move 2 nodes_visited 2588
[23:18:55.226] START to_move 1
[23:18:55.248] STOP to_move 1 nodes_visited 375
[23:18:55.249] START to_move 2
[23:18:55.407] STOP to_move 2 nodes_visited 2619
[23:18:55.408] START to_move 1
[23:18:55.429] STOP to_move 1 nodes_visited 354
[23:18:55.429] START to_move 2
[23:18:55.559] STOP to_move 2 nodes_visited 2093
[23:18:55.560] START to_move 1
[23:18:55.607] STOP to_move 1 nodes_visited 761
[23:18:55.608] START to_move 2
[23:18:55.702] STOP to_move 2 nodes_visited 1545
[23:18:55.702] START to_move 1
[23:18:55.750] STOP to_move 1 nodes_visited 755
[23:18:55.751] START to_move 2
[23:18:55.873] STOP to_move 2 nodes_visited 2036
[23:18:55.874] START to_move 1
[23:18:55.896] STOP to_move 1 nodes_visited 367
[23:18:55.897] START to_move 2
[23:18:56.018] STOP to_move 2 nodes_visited 1979
[23:18:56.019] START to_move 1
[23:18:56.041] STOP to_move 1 nodes_visited 367
[23:18:56.041] START to_move 2
[23:18:56.167] STOP to_move 2 nodes_visited 2085
[23:18:56.168] START to_move 1
[23:18:56.190] STOP to_move 1 nodes_visited 366
[23:18:56.190] START to_move 2
[23:18:56.263] STOP to_move 2 nodes_visited 1183
[23:18:56.264] START to_move 1
[23:18:56.285] STOP to_move 1 nodes_visited 365
[23:18:56.286] START to_move 2
[23:18:56.363] STOP to_move 2 nodes_visited 1295
[23:18:56.364] START to_move 1
[23:18:56.386] STOP to_move 1 nodes_visited 363
[23:18:56.386] START to_move 2
[23:18:56.472] STOP to_move 2 nodes_visited 1430
[23:18:56.472] START to_move 1
[23:18:56.495] STOP to_move 1 nodes_visited 367
[23:18:56.495] START to_move 2
[23:18:56.582] STOP to_move 2 nodes_visited 1430
[23:18:56.582] START to_move 1
[23:18:56.605] STOP to_move 1 nodes_visited 365
[23:18:56.605] START to_move 2
[23:18:56.690] STOP to_move 2 nodes_visited 1430
[23:18:56.691] START to_move 1
[23:18:56.713] STOP to_move 1 nodes_visited 366
[23:18:56.713] START to_move 2
[23:18:56.848] STOP to_move 2 nodes_visited 2211
[23:18:56.849] START to_move 1
[23:18:56.871] STOP to_move 1 nodes_visited 363
[23:18:56.871] START to_move 2
[23:18:56.954] STOP to_move 2 nodes_visited 1371
[23:18:56.955] START to_move 1
[23:18:57.033] STOP to_move 1 nodes_visited 1260
[23:18:57.034] START to_move 2
[23:18:57.091] STOP to_move 2 nodes_visited 924
[23:18:57.091] START to_move 1
[23:18:57.177] STOP to_move 1 nodes_visited 1380
[23:18:57.178] START to_move 2
[23:18:57.236] STOP to_move 2 nodes_visited 954
[23:18:57.236] START to_move 1
[23:18:57.257] STOP to_move 1 nodes_visited 340
[23:18:57.257] START to_move 2
[23:18:57.330] STOP to_move 2 nodes_visited 1220
[23:18:57.331] START to_move 1
[23:18:57.352] STOP to_move 1 nodes_visited 331
[23:18:57.352] START to_move 2
[23:18:57.416] STOP to_move 2 nodes_visited 1061
[23:18:57.416] START to_move 1
[23:18:57.430] STOP to_move 1 nodes_visited 231
[23:18:57.430] START to_move 2
[23:18:57.512] STOP to_move 2 nodes_visited 1369
[23:18:57.513] START to_move 1
[23:18:57.526] STOP to_move 1 nodes_visited 219
[23:18:57.526] START to_move 2
[23:18:57.612] STOP to_move 2 nodes_visited 1397
[23:18:57.613] START to_move 1
[23:18:57.625] STOP to_move 1 nodes_visited 218
[23:18:57.626] START to_move 2
[23:18:57.718] STOP to_move 2 nodes_visited 1547
[23:18:57.719] START to_move 1
[23:18:57.732] STOP to_move 1 nodes_visited 225
[23:18:57.732] START to_move 2
[23:18:57.810] STOP to_move 2 nodes_visited 1297
[23:18:57.811] START to_move 1
[23:18:57.825] STOP to_move 1 nodes_visited 238
[23:18:57.825] START to_move 2
[23:18:57.912] STOP to_move 2 nodes_visited 1413
[23:18:57.913] START to_move 1
[23:18:57.926] STOP to_move 1 nodes_visited 235
[23:18:57.927] START to_move 2
[23:18:58.026] STOP to_move 2 nodes_visited 1638
[23:18:58.026] START to_move 1
[23:18:58.040] STOP to_move 1 nodes_visited 228
[23:18:58.040] START to_move 2
[23:18:58.105] STOP to_move 2 nodes_visited 1079
[23:18:58.105] START to_move 1
[23:18:58.118] STOP to_move 1 nodes_visited 211
[23:18:58.118] START to_move 2
[23:18:58.165] STOP to_move 2 nodes_visited 756
[23:18:58.165] START to_move 1
[23:18:58.178] STOP to_move 1 nodes_visited 215
[23:18:58.178] START to_move 2
[23:18:58.225] STOP to_move 2 nodes_visited 780
[23:18:58.225] START to_move 1
[23:18:58.239] STOP to_move 1 nodes_visited 224
[23:18:58.239] START to_move 2
[23:18:58.292] STOP to_move 2 nodes_visited 882
[23:18:58.292] START to_move 1
[23:18:58.314] STOP to_move 1 nodes_visited 354
[23:18:58.314] START to_move 2
[23:18:58.356] STOP to_move 2 nodes_visited 711
[23:18:58.357] START to_move 1
[23:18:58.378] STOP to_move 1 nodes_visited 354
[23:18:58.378] START to_move 2
[23:18:58.422] STOP to_move 2 nodes_visited 721
[23:18:58.422] START to_move 1
[23:18:58.440] STOP to_move 1 nodes_visited 303
[23:18:58.440] START to_move 2
[23:18:58.454] STOP to_move 2 nodes_visited 225
[23:18:58.455] START to_move 1
[23:18:58.470] STOP to_move 1 nodes_visited 257
[23:18:58.470] START to_move 2
[23:18:58.492] STOP to_move 2 nodes_visited 388
[23:18:58.493] START to_move 1
[23:18:58.508] STOP to_move 1 nodes_visited 258
[23:18:58.508] START to_move 2
[23:18:58.542] STOP to_move 2 nodes_visited 571
[23:18:58.542] START to_move 1
[23:18:58.558] STOP to_move 1 nodes_visited 254
[23:18:58.558] START to_move 2
[23:18:58.607] STOP to_move 2 nodes_visited 814
[23:18:58.607] START to_move 1
[23:18:58.623] STOP to_move 1 nodes_visited 281
[23:18:58.624] START to_move 2
[23:18:58.645] STOP to_move 2 nodes_visited 365
[23:18:58.645] START to_move 1
[23:18:58.668] STOP to_move 1 nodes_visited 378
[23:18:58.668] START to_move 2
[23:18:58.690] STOP to_move 2 nodes_visited 376
[23:18:58.690] START to_move 1
[23:18:58.701] STOP to_move 1 nodes_visited 196
[23:18:58.702] START to_move 2
[23:18:58.727] STOP to_move 2 nodes_visited 435
[23:18:58.727] START to_move 1
[23:18:58.739] STOP to_move 1 nodes_visited 186
[23:18:58.739] START to_move 2
[23:18:58.773] STOP to_move 2 nodes_visited 573
[23:18:58.774] START to_move 1
[23:18:58.784] STOP to_move 1 nodes_visited 186
[23:18:58.785] START to_move 2
[23:18:58.851] STOP to_move 2 nodes_visited 1093
[23:18:58.851] START to_move 1
[23:18:58.861] STOP to_move 1 nodes_visited 176
[23:18:58.861] START to_move 2
[23:18:58.894] STOP to_move 2 nodes_visited 550
[23:18:58.894] START to_move 1
[23:18:58.904] STOP to_move 1 nodes_visited 175
[23:18:58.905] START to_move 2
[23:18:58.934] STOP to_move 2 nodes_visited 492
[23:18:58.934] START to_move 1
[23:18:58.943] STOP to_move 1 nodes_visited 166
[23:18:58.944] START to_move 2
[23:18:58.976] STOP to_move 2 nodes_visited 540
[23:18:58.976] START to_move 1
[23:18:58.985] STOP to_move 1 nodes_visited 159
[23:18:58.986] START to_move 2
[23:18:59.014] STOP to_move 2 nodes_visited 485
[23:18:59.015] START to_move 1
[23:18:59.025] STOP to_move 1 nodes_visited 157
[23:18:59.025] START to_move 2
[23:18:59.052] STOP to_move 2 nodes_visited 450
[23:18:59.052] START to_move 1
[23:18:59.061] STOP to_move 1 nodes_visited 157
[23:18:59.061] START to_move 2
[23:18:59.089] STOP to_move 2 nodes_visited 455
[23:18:59.089] START to_move 1
[23:18:59.098] STOP to_move 1 nodes_visited 157
[23:18:59.098] START to_move 2
[23:18:59.125] STOP to_move 2 nodes_visited 455
[23:18:59.125] START to_move 1
[23:18:59.134] STOP to_move 1 nodes_visited 156
[23:18:59.134] START to_move 2
[23:18:59.161] STOP to_move 2 nodes_visited 441
[23:18:59.161] START to_move 1
[23:18:59.174] STOP to_move 1 nodes_visited 224
[23:18:59.175] START to_move 2
[23:18:59.201] STOP to_move 2 nodes_visited 444
[23:18:59.201] START to_move 1
[23:18:59.211] STOP to_move 1 nodes_visited 171
[23:18:59.211] START to_move 2
[23:18:59.234] STOP to_move 2 nodes_visited 386
[23:18:59.234] START to_move 1
[23:18:59.244] STOP to_move 1 nodes_visited 171
[23:18:59.244] START to_move 2
[23:18:59.268] STOP to_move 2 nodes_visited 392
[23:18:59.268] START to_move 1
[23:18:59.278] STOP to_move 1 nodes_visited 172
[23:18:59.278] START to_move 2
[23:18:59.302] STOP to_move 2 nodes_visited 392
[23:18:59.302] START to_move 1
[23:18:59.312] STOP to_move 1 nodes_visited 175
[23:18:59.312] START to_move 2
[23:18:59.337] STOP to_move 2 nodes_visited 394
[23:18:59.337] START to_move 1
[23:18:59.346] STOP to_move 1 nodes_visited 152
[23:18:59.346] START to_move 2
[23:18:59.357] STOP to_move 2 nodes_visited 193
[23:18:59.357] START to_move 1
[23:18:59.366] STOP to_move 1 nodes_visited 160
[23:18:59.366] START to_move 2
[23:18:59.382] STOP to_move 2 nodes_visited 258
[23:18:59.382] START to_move 1
[23:18:59.390] STOP to_move 1 nodes_visited 155
[23:18:59.390] START to_move 2
[23:18:59.396] STOP to_move 2 nodes_visited 95
[23:18:59.396] START to_move 1
[23:18:59.407] STOP to_move 1 nodes_visited 191
[23:18:59.407] START to_move 2
[23:18:59.410] STOP to_move 2 nodes_visited 63
[23:18:59.410] START to_move 1
[23:18:59.441] STOP to_move 1 nodes_visited 513
[23:18:59.442] START to_move 2
[23:18:59.445] STOP to_move 2 nodes_visited 63
[23:18:59.445] START to_move 1
[23:18:59.463] STOP to_move 1 nodes_visited 297
[23:18:59.463] START to_move 2
[23:18:59.467] STOP to_move 2 nodes_visited 71
[23:18:59.467] START to_move 1
[23:18:59.476] STOP to_move 1 nodes_visited 166
[23:18:59.476] START to_move 2
[23:18:59.492] STOP to_move 2 nodes_visited 260
[23:18:59.492] START to_move 1
[23:18:59.501] STOP to_move 1 nodes_visited 156
[23:18:59.501] START to_move 2
[23:18:59.542] STOP to_move 2 nodes_visited 674
[23:18:59.543] START to_move 1
[23:18:59.551] STOP to_move 1 nodes_visited 154
[23:18:59.552] START to_move 2
[23:18:59.576] STOP to_move 2 nodes_visited 416
[23:18:59.576] START to_move 1
[23:18:59.585] STOP to_move 1 nodes_visited 158
[23:18:59.585] START to_move 2
[23:18:59.600] STOP to_move 2 nodes_visited 235
[23:18:59.600] START to_move 1
[23:18:59.609] STOP to_move 1 nodes_visited 169
[23:18:59.609] START to_move 2
[23:18:59.630] STOP to_move 2 nodes_visited 330
[23:18:59.631] START to_move 1
[23:18:59.640] STOP to_move 1 nodes_visited 172
[23:18:59.641] START to_move 2
[23:18:59.655] STOP to_move 2 nodes_visited 244
[23:18:59.655] START to_move 1
[23:18:59.665] STOP to_move 1 nodes_visited 174
[23:18:59.665] START to_move 2
[23:18:59.679] STOP to_move 2 nodes_visited 244
[23:18:59.679] START to_move 1
[23:18:59.689] STOP to_move 1 nodes_visited 174
[23:18:59.689] START to_move 2
[23:18:59.704] STOP to_move 2 nodes_visited 246
[23:18:59.704] START to_move 1
[23:18:59.713] STOP to_move 1 nodes_visited 168
[23:18:59.713] START to_move 2
[23:18:59.729] STOP to_move 2 nodes_visited 264
[23:18:59.729] START to_move 1
[23:18:59.738] STOP to_move 1 nodes_visited 166
[23:18:59.738] START to_move 2
[23:18:59.749] STOP to_move 2 nodes_visited 177
[23:18:59.749] START to_move 1
[23:18:59.758] STOP to_move 1 nodes_visited 167
[23:18:59.758] START to_move 2
[23:18:59.768] STOP to_move 2 nodes_visited 177
[23:18:59.768] START to_move 1
[23:18:59.778] STOP to_move 1 nodes_visited 167
[23:18:59.778] START to_move 2
[23:18:59.788] STOP to_move 2 nodes_visited 177
[23:18:59.788] START to_move 1
[23:18:59.798] STOP to_move 1 nodes_visited 167
[23:18:59.798] START to_move 2
[23:18:59.808] STOP to_move 2 nodes_visited 170
[23:18:59.808] START to_move 1
[23:18:59.817] STOP to_move 1 nodes_visited 165
[23:18:59.818] START to_move 2
[23:18:59.827] STOP to_move 2 nodes_visited 163
[23:18:59.827] START to_move 1
[23:18:59.837] STOP to_move 1 nodes_visited 166
[23:18:59.837] START to_move 2
[23:18:59.843] STOP to_move 2 nodes_visited 96
[23:18:59.843] START to_move 1
[23:18:59.852] STOP to_move 1 nodes_visited 161
[23:18:59.852] START to_move 2
[23:18:59.862] STOP to_move 2 nodes_visited 164
[23:18:59.862] START to_move 1
[23:18:59.870] STOP to_move 1 nodes_visited 149
[23:18:59.870] START to_move 2
[23:18:59.879] STOP to_move 2 nodes_visited 155
[23:18:59.879] END winner 2 - rounds 222
