[21:24:06.035] 1 - distance_function chebyshev - pruning True
[21:24:06.035] 2 - distance_function manhattan - pruning True
[21:24:06.036] START to_move 1
[21:24:06.097] STOP to_move 1 nodes_visited 912
[21:24:06.098] START to_move 2
[21:24:06.145] STOP to_move 2 nodes_visited 842
[21:24:06.146] START to_move 1
[21:24:06.192] STOP to_move 1 nodes_visited 673
[21:24:06.192] START to_move 2
[21:24:06.244] STOP to_move 2 nodes_visited 873
[21:24:06.245] START to_move 1
[21:24:06.301] STOP to_move 1 nodes_visited 757
[21:24:06.302] START to_move 2
[21:24:06.420] STOP to_move 2 nodes_visited 2025
[21:24:06.421] START to_move 1
[21:24:06.466] STOP to_move 1 nodes_visited 717
[21:24:06.466] START to_move 2
[21:24:06.500] STOP to_move 2 nodes_visited 599
[21:24:06.500] START to_move 1
[21:24:06.545] STOP to_move 1 nodes_visited 670
[21:24:06.545] START to_move 2
[21:24:06.579] STOP to_move 2 nodes_visited 593
[21:24:06.579] START to_move 1
[21:24:06.621] STOP to_move 1 nodes_visited 662
[21:24:06.621] START to_move 2
[21:24:06.654] STOP to_move 2 nodes_visited 587
[21:24:06.655] START to_move 1
[21:24:06.774] STOP to_move 1 nodes_visited 1829
[21:24:06.775] START to_move 2
[21:24:06.808] STOP to_move 2 nodes_visited 588
[21:24:06.809] START to_move 1
[21:24:06.930] STOP to_move 1 nodes_visited 1829
[21:24:06.932] START to_move 2
[21:24:06.966] STOP to_move 2 nodes_visited 588
[21:24:06.966] START to_move 1
[21:24:07.009] STOP to_move 1 nodes_visited 674
[21:24:07.010] START to_move 2
[21:24:07.055] STOP to_move 2 nodes_visited 789
[21:24:07.055] START to_move 1
[21:24:07.098] STOP to_move 1 nodes_visited 681
[21:24:07.098] START to_move 2
[21:24:07.137] STOP to_move 2 nodes_visited 658
[21:24:07.138] START to_move 1
[21:24:07.179] STOP to_move 1 nodes_visited 689
[21:24:07.180] START to_move 2
[21:24:07.219] STOP to_move 2 nodes_visited 684
[21:24:07.219] START to_move 1
[21:24:07.261] STOP to_move 1 nodes_visited 696
[21:24:07.262] START to_move 2
[21:24:07.301] STOP to_move 2 nodes_visited 684
[21:24:07.301] START to_move 1
[21:24:07.343] STOP to_move 1 nodes_visited 689
[21:24:07.343] START to_move 2
[21:24:07.383] STOP to_move 2 nodes_visited 684
[21:24:07.383] START to_move 1
[21:24:07.427] STOP to_move 1 nodes_visited 685
[21:24:07.427] START to_move 2
[21:24:07.574] STOP to_move 2 nodes_visited 2522
[21:24:07.575] START to_move 1
[21:24:07.620] STOP to_move 1 nodes_visited 728
[21:24:07.620] START to_move 2
[21:24:07.653] STOP to_move 2 nodes_visited 594
[21:24:07.654] START to_move 1
[21:24:07.699] STOP to_move 1 nodes_visited 728
[21:24:07.700] START to_move 2
[21:24:07.733] STOP to_move 2 nodes_visited 594
[21:24:07.734] START to_move 1
[21:24:07.778] STOP to_move 1 nodes_visited 735
[21:24:07.779] START to_move 2
[21:24:08.054] STOP to_move 2 nodes_visited 4651
[21:24:08.057] START to_move 1
[21:24:08.165] STOP to_move 1 nodes_visited 1664
[21:24:08.166] START to_move 2
[21:24:08.245] STOP to_move 2 nodes_visited 1349
[21:24:08.245] START to_move 1
[21:24:08.281] STOP to_move 1 nodes_visited 586
[21:24:08.281] START to_move 2
[21:24:08.360] STOP to_move 2 nodes_visited 1364
[21:24:08.360] START to_move 1
[21:24:08.431] STOP to_move 1 nodes_visited 1107
[21:24:08.432] START to_move 2
[21:24:08.523] STOP to_move 2 nodes_visited 1552
[21:24:08.524] START to_move 1
[21:24:08.551] STOP to_move 1 nodes_visited 448
[21:24:08.551] START to_move 2
[21:24:08.587] STOP to_move 2 nodes_visited 635
[21:24:08.587] START to_move 1
[21:24:08.621] STOP to_move 1 nodes_visited 561
[21:24:08.621] START to_move 2
[21:24:08.660] STOP to_move 2 nodes_visited 679
[21:24:08.660] START to_move 1
[21:24:08.694] STOP to_move 1 nodes_visited 556
[21:24:08.694] START to_move 2
[21:24:08.731] STOP to_move 2 nodes_visited 617
[21:24:08.731] START to_move 1
[21:24:08.765] STOP to_move 1 nodes_visited 566
[21:24:08.765] START to_move 2
[21:24:08.802] STOP to_move 2 nodes_visited 636
[21:24:08.802] START to_move 1
[21:24:08.839] STOP to_move 1 nodes_visited 609
[21:24:08.839] START to_move 2
[21:24:08.902] STOP to_move 2 nodes_visited 1092
[21:24:08.903] START to_move 1
[21:24:08.940] STOP to_move 1 nodes_visited 617
[21:24:08.941] START to_move 2
[21:24:09.120] STOP to_move 2 nodes_visited 3059
[21:24:09.122] START to_move 1
[21:24:09.150] STOP to_move 1 nodes_visited 472
[21:24:09.150] START to_move 2
[21:24:09.308] STOP to_move 2 nodes_visited 2672
[21:24:09.309] START to_move 1
[21:24:09.362] STOP to_move 1 nodes_visited 852
[21:24:09.362] START to_move 2
[21:24:09.538] STOP to_move 2 nodes_visited 2957
[21:24:09.540] START to_move 1
[21:24:09.585] STOP to_move 1 nodes_visited 732
[21:24:09.585] START to_move 2
[21:24:09.648] STOP to_move 2 nodes_visited 1092
[21:24:09.648] START to_move 1
[21:24:09.756] STOP to_move 1 nodes_visited 1723
[21:24:09.756] START to_move 2
[21:24:09.908] STOP to_move 2 nodes_visited 2608
[21:24:09.909] START to_move 1
[21:24:10.010] STOP to_move 1 nodes_visited 1633
[21:24:10.011] START to_move 2
[21:24:10.166] STOP to_move 2 nodes_visited 2659
[21:24:10.167] START to_move 1
[21:24:10.200] STOP to_move 1 nodes_visited 543
[21:24:10.201] START to_move 2
[21:24:10.411] STOP to_move 2 nodes_visited 3574
[21:24:10.413] START to_move 1
[21:24:10.437] STOP to_move 1 nodes_visited 400
[21:24:10.437] START to_move 2
[21:24:10.658] STOP to_move 2 nodes_visited 3741
[21:24:10.660] START to_move 1
[21:24:10.693] STOP to_move 1 nodes_visited 538
[21:24:10.693] START to_move 2
[21:24:10.760] STOP to_move 2 nodes_visited 1181
[21:24:10.761] START to_move 1
[21:24:10.791] STOP to_move 1 nodes_visited 463
[21:24:10.791] START to_move 2
[21:24:10.855] STOP to_move 2 nodes_visited 1126
[21:24:10.856] START to_move 1
[21:24:10.882] STOP to_move 1 nodes_visited 441
[21:24:10.883] START to_move 2
[21:24:10.945] STOP to_move 2 nodes_visited 1087
[21:24:10.945] START to_move 1
[21:24:10.972] STOP to_move 1 nodes_visited 444
[21:24:10.972] START to_move 2
[21:24:11.015] STOP to_move 2 nodes_visited 766
[21:24:11.016] START to_move 1
[21:24:11.039] STOP to_move 1 nodes_visited 386
[21:24:11.039] START to_move 2
[21:24:11.099] STOP to_move 2 nodes_visited 1032
[21:24:11.100] START to_move 1
[21:24:11.127] STOP to_move 1 nodes_visited 444
[21:24:11.127] START to_move 2
[21:24:11.186] STOP to_move 2 nodes_visited 1032
[21:24:11.187] START to_move 1
[21:24:11.213] STOP to_move 1 nodes_visited 444
[21:24:11.214] START to_move 2
[21:24:11.268] STOP to_move 2 nodes_visited 950
[21:24:11.268] START to_move 1
[21:24:11.294] STOP to_move 1 nodes_visited 429
[21:24:11.295] START to_move 2
[21:24:11.513] STOP to_move 2 nodes_visited 3743
[21:24:11.516] START to_move 1
[21:24:11.600] STOP to_move 1 nodes_visited 1305
[21:24:11.601] START to_move 2
[21:24:11.664] STOP to_move 2 nodes_visited 1097
[21:24:11.665] START to_move 1
[21:24:11.704] STOP to_move 1 nodes_visited 633
[21:24:11.705] START to_move 2
[21:24:11.743] STOP to_move 2 nodes_visited 671
[21:24:11.743] START to_move 1
[21:24:11.768] STOP to_move 1 nodes_visited 418
[21:24:11.768] START to_move 2
[21:24:11.804] STOP to_move 2 nodes_visited 617
[21:24:11.804] START to_move 1
[21:24:11.825] STOP to_move 1 nodes_visited 351
[21:24:11.825] START to_move 2
[21:24:11.871] STOP to_move 2 nodes_visited 778
[21:24:11.872] START to_move 1
[21:24:11.895] STOP to_move 1 nodes_visited 397
[21:24:11.896] START to_move 2
[21:24:11.939] STOP to_move 2 nodes_visited 767
[21:24:11.940] START to_move 1
[21:24:11.963] STOP to_move 1 nodes_visited 382
[21:24:11.963] START to_move 2
[21:24:11.984] STOP to_move 2 nodes_visited 374
[21:24:11.984] START to_move 1
[21:24:12.009] STOP to_move 1 nodes_visited 403
[21:24:12.009] START to_move 2
[21:24:12.043] STOP to_move 2 nodes_visited 584
[21:24:12.043] START to_move 1
[21:24:12.069] STOP to_move 1 nodes_visited 407
[21:24:12.069] START to_move 2
[21:24:12.103] STOP to_move 2 nodes_visited 601
[21:24:12.103] START to_move 1
[21:24:12.149] STOP to_move 1 nodes_visited 709
[21:24:12.149] START to_move 2
[21:24:12.279] STOP to_move 2 nodes_visited 2230
[21:24:12.280] START to_move 1
[21:24:12.308] STOP to_move 1 nodes_visited 459
[21:24:12.308] START to_move 2
[21:24:12.327] STOP to_move 2 nodes_visited 333
[21:24:12.327] START to_move 1
[21:24:12.347] STOP to_move 1 nodes_visited 335
[21:24:12.347] START to_move 2
[21:24:12.477] STOP to_move 2 nodes_visited 2211
[21:24:12.478] START to_move 1
[21:24:12.512] STOP to_move 1 nodes_visited 557
[21:24:12.513] START to_move 2
[21:24:12.565] STOP to_move 2 nodes_visited 915
[21:24:12.566] START to_move 1
[21:24:12.585] STOP to_move 1 nodes_visited 316
[21:24:12.585] START to_move 2
[21:24:12.718] STOP to_move 2 nodes_visited 2212
[21:24:12.720] START to_move 1
[21:24:12.748] STOP to_move 1 nodes_visited 467
[21:24:12.748] START to_move 2
[21:24:12.759] STOP to_move 2 nodes_visited 189
[21:24:12.759] START to_move 1
[21:24:12.777] STOP to_move 1 nodes_visited 296
[21:24:12.777] START to_move 2
[21:24:12.852] STOP to_move 2 nodes_visited 1276
[21:24:12.853] START to_move 1
[21:24:12.871] STOP to_move 1 nodes_visited 291
[21:24:12.871] START to_move 2
[21:24:12.900] STOP to_move 2 nodes_visited 519
[21:24:12.901] START to_move 1
[21:24:12.918] STOP to_move 1 nodes_visited 292
[21:24:12.919] START to_move 2
[21:24:12.948] STOP to_move 2 nodes_visited 498
[21:24:12.949] START to_move 1
[21:24:12.966] STOP to_move 1 nodes_visited 282
[21:24:12.966] START to_move 2
[21:24:12.994] STOP to_move 2 nodes_visited 495
[21:24:12.994] START to_move 1
[21:24:13.011] STOP to_move 1 nodes_visited 286
[21:24:13.011] START to_move 2
[21:24:13.039] STOP to_move 2 nodes_visited 493
[21:24:13.040] START to_move 1
[21:24:13.057] STOP to_move 1 nodes_visited 278
[21:24:13.057] START to_move 2
[21:24:13.076] STOP to_move 2 nodes_visited 346
[21:24:13.077] START to_move 1
[21:24:13.093] STOP to_move 1 nodes_visited 270
[21:24:13.093] START to_move 2
[21:24:13.113] STOP to_move 2 nodes_visited 351
[21:24:13.113] START to_move 1
[21:24:13.133] STOP to_move 1 nodes_visited 327
[21:24:13.133] START to_move 2
[21:24:13.156] STOP to_move 2 nodes_visited 399
[21:24:13.156] START to_move 1
[21:24:13.176] STOP to_move 1 nodes_visited 327
[21:24:13.176] START to_move 2
[21:24:13.201] STOP to_move 2 nodes_visited 437
[21:24:13.201] START to_move 1
[21:24:13.220] STOP to_move 1 nodes_visited 326
[21:24:13.221] START to_move 2
[21:24:13.245] STOP to_move 2 nodes_visited 414
[21:24:13.246] START to_move 1
[21:24:13.266] STOP to_move 1 nodes_visited 328
[21:24:13.266] START to_move 2
[21:24:13.291] STOP to_move 2 nodes_visited 444
[21:24:13.291] START to_move 1
[21:24:13.312] STOP to_move 1 nodes_visited 343
[21:24:13.312] START to_move 2
[21:24:13.332] STOP to_move 2 nodes_visited 342
[21:24:13.332] START to_move 1
[21:24:13.347] STOP to_move 1 nodes_visited 240
[21:24:13.347] START to_move 2
[21:24:13.365] STOP to_move 2 nodes_visited 325
[21:24:13.365] START to_move 1
[21:24:13.380] STOP to_move 1 nodes_visited 241
[21:24:13.380] START to_move 2
[21:24:13.398] STOP to_move 2 nodes_visited 315
[21:24:13.398] START to_move 1
[21:24:13.420] STOP to_move 1 nodes_visited 366
[21:24:13.421] START to_move 2
[21:24:13.437] STOP to_move 2 nodes_visited 295
[21:24:13.437] START to_move 1
[21:24:13.459] STOP to_move 1 nodes_visited 360
[21:24:13.460] START to_move 2
[21:24:13.476] STOP to_move 2 nodes_visited 295
[21:24:13.476] START to_move 1
[21:24:13.498] STOP to_move 1 nodes_visited 360
[21:24:13.499] START to_move 2
[21:24:13.515] STOP to_move 2 nodes_visited 295
[21:24:13.515] START to_move 1
[21:24:13.539] STOP to_move 1 nodes_visited 356
[21:24:13.539] START to_move 2
[21:24:13.559] STOP to_move 2 nodes_visited 353
[21:24:13.559] START to_move 1
[21:24:13.580] STOP to_move 1 nodes_visited 344
[21:24:13.580] START to_move 2
[21:24:13.597] STOP to_move 2 nodes_visited 295
[21:24:13.597] START to_move 1
[21:24:13.619] STOP to_move 1 nodes_visited 356
[21:24:13.619] START to_move 2
[21:24:13.632] STOP to_move 2 nodes_visited 237
[21:24:13.632] START to_move 1
[21:24:13.659] STOP to_move 1 nodes_visited 419
[21:24:13.659] START to_move 2
[21:24:13.672] STOP to_move 2 nodes_visited 241
[21:24:13.672] START to_move 1
[21:24:13.696] STOP to_move 1 nodes_visited 375
[21:24:13.696] START to_move 2
[21:24:13.709] STOP to_move 2 nodes_visited 241
[21:24:13.709] START to_move 1
[21:24:13.732] STOP to_move 1 nodes_visited 358
[21:24:13.732] START to_move 2
[21:24:13.744] STOP to_move 2 nodes_visited 219
[21:24:13.744] START to_move 1
[21:24:13.766] STOP to_move 1 nodes_visited 363
[21:24:13.767] START to_move 2
[21:24:13.780] STOP to_move 2 nodes_visited 241
[21:24:13.780] START to_move 1
[21:24:13.803] STOP to_move 1 nodes_visited 363
[21:24:13.803] START to_move 2
[21:24:13.816] STOP to_move 2 nodes_visited 241
[21:24:13.816] START to_move 1
[21:24:13.840] STOP to_move 1 nodes_visited 364
[21:24:13.841] START to_move 2
[21:24:13.854] STOP to_move 2 nodes_visited 249
[21:24:13.855] START to_move 1
[21:24:13.877] STOP to_move 1 nodes_visited 364
[21:24:13.877] START to_move 2
[21:24:13.891] STOP to_move 2 nodes_visited 249
[21:24:13.891] START to_move 1
[21:24:13.914] STOP to_move 1 nodes_visited 367
[21:24:13.914] START to_move 2
[21:24:13.924] STOP to_move 2 nodes_visited 193
[21:24:13.925] START to_move 1
[21:24:13.945] STOP to_move 1 nodes_visited 337
[21:24:13.946] START to_move 2
[21:24:13.955] STOP to_move 2 nodes_visited 175
[21:24:13.955] START to_move 1
[21:24:13.975] STOP to_move 1 nodes_visited 328
[21:24:13.975] START to_move 2
[21:24:13.984] STOP to_move 2 nodes_visited 164
[21:24:13.985] START to_move 1
[21:24:14.008] STOP to_move 1 nodes_visited 376
[21:24:14.008] START to_move 2
[21:24:14.017] STOP to_move 2 nodes_visited 167
[21:24:14.017] START to_move 1
[21:24:14.060] STOP to_move 1 nodes_visited 694
[21:24:14.061] START to_move 2
[21:24:14.070] STOP to_move 2 nodes_visited 162
[21:24:14.070] START to_move 1
[21:24:14.081] STOP to_move 1 nodes_visited 182
[21:24:14.081] START to_move 2
[21:24:14.101] STOP to_move 2 nodes_visited 351
[21:24:14.101] START to_move 1
[21:24:14.116] STOP to_move 1 nodes_visited 239
[21:24:14.116] START to_move 2
[21:24:14.157] STOP to_move 2 nodes_visited 705
[21:24:14.158] START to_move 1
[21:24:14.169] STOP to_move 1 nodes_visited 184
[21:24:14.169] START to_move 2
[21:24:14.210] STOP to_move 2 nodes_visited 717
[21:24:14.210] START to_move 1
[21:24:14.222] STOP to_move 1 nodes_visited 190
[21:24:14.222] START to_move 2
[21:24:14.243] STOP to_move 2 nodes_visited 371
[21:24:14.243] START to_move 1
[21:24:14.255] STOP to_move 1 nodes_visited 190
[21:24:14.255] START to_move 2
[21:24:14.276] STOP to_move 2 nodes_visited 370
[21:24:14.276] START to_move 1
[21:24:14.288] STOP to_move 1 nodes_visited 182
[21:24:14.288] START to_move 2
[21:24:14.308] STOP to_move 2 nodes_visited 364
[21:24:14.308] START to_move 1
[21:24:14.318] STOP to_move 1 nodes_visited 166
[21:24:14.319] START to_move 2
[21:24:14.345] STOP to_move 2 nodes_visited 470
[21:24:14.345] START to_move 1
[21:24:14.363] STOP to_move 1 nodes_visited 284
[21:24:14.363] START to_move 2
[21:24:14.390] STOP to_move 2 nodes_visited 470
[21:24:14.390] START to_move 1
[21:24:14.408] STOP to_move 1 nodes_visited 288
[21:24:14.408] START to_move 2
[21:24:14.428] STOP to_move 2 nodes_visited 343
[21:24:14.428] START to_move 1
[21:24:14.442] STOP to_move 1 nodes_visited 223
[21:24:14.442] START to_move 2
[21:24:14.461] STOP to_move 2 nodes_visited 340
[21:24:14.461] START to_move 1
[21:24:14.478] STOP to_move 1 nodes_visited 266
[21:24:14.478] START to_move 2
[21:24:14.491] STOP to_move 2 nodes_visited 241
[21:24:14.492] START to_move 1
[21:24:14.500] STOP to_move 1 nodes_visited 138
[21:24:14.500] START to_move 2
[21:24:14.517] STOP to_move 2 nodes_visited 308
[21:24:14.517] START to_move 1
[21:24:14.526] STOP to_move 1 nodes_visited 146
[21:24:14.526] START to_move 2
[21:24:14.540] STOP to_move 2 nodes_visited 248
[21:24:14.541] START to_move 1
[21:24:14.548] STOP to_move 1 nodes_visited 126
[21:24:14.548] START to_move 2
[21:24:14.561] STOP to_move 2 nodes_visited 223
[21:24:14.561] START to_move 1
[21:24:14.566] STOP to_move 1 nodes_visited 85
[21:24:14.566] START to_move 2
[21:24:14.578] STOP to_move 2 nodes_visited 206
[21:24:14.578] START to_move 1
[21:24:14.586] STOP to_move 1 nodes_visited 128
[21:24:14.586] START to_move 2
[21:24:14.597] STOP to_move 2 nodes_visited 203
[21:24:14.597] START to_move 1
[21:24:14.602] STOP to_move 1 nodes_visited 89
[21:24:14.603] START to_move 2
[21:24:14.628] STOP to_move 2 nodes_visited 447
[21:24:14.628] START to_move 1
[21:24:14.634] STOP to_move 1 nodes_visited 94
[21:24:14.634] START to_move 2
[21:24:14.660] STOP to_move 2 nodes_visited 453
[21:24:14.660] START to_move 1
[21:24:14.668] STOP to_move 1 nodes_visited 135
[21:24:14.668] START to_move 2
[21:24:14.692] STOP to_move 2 nodes_visited 403
[21:24:14.693] START to_move 1
[21:24:14.700] STOP to_move 1 nodes_visited 123
[21:24:14.700] START to_move 2
[21:24:14.726] STOP to_move 2 nodes_visited 444
[21:24:14.727] START to_move 1
[21:24:14.732] STOP to_move 1 nodes_visited 86
[21:24:14.732] START to_move 2
[21:24:14.739] STOP to_move 2 nodes_visited 133
[21:24:14.739] START to_move 1
[21:24:14.745] STOP to_move 1 nodes_visited 99
[21:24:14.745] START to_move 2
[21:24:14.754] STOP to_move 2 nodes_visited 155
[21:24:14.754] START to_move 1
[21:24:14.760] STOP to_move 1 nodes_visited 108
[21:24:14.761] START to_move 2
[21:24:14.769] STOP to_move 2 nodes_visited 144
[21:24:14.769] START to_move 1
[21:24:14.778] STOP to_move 1 nodes_visited 150
[21:24:14.778] START to_move 2
[21:24:14.793] STOP to_move 2 nodes_visited 251
[21:24:14.794] START to_move 1
[21:24:14.804] STOP to_move 1 nodes_visited 179
[21:24:14.805] START to_move 2
[21:24:14.817] STOP to_move 2 nodes_visited 227
[21:24:14.817] START to_move 1
[21:24:14.828] STOP to_move 1 nodes_visited 177
[21:24:14.828] START to_move 2
[21:24:14.836] STOP to_move 2 nodes_visited 146
[21:24:14.836] START to_move 1
[21:24:14.845] STOP to_move 1 nodes_visited 146
[21:24:14.845] START to_move 2
[21:24:14.867] STOP to_move 2 nodes_visited 380
[21:24:14.867] START to_move 1
[21:24:14.875] STOP to_move 1 nodes_visited 132
[21:24:14.875] START to_move 2
[21:24:14.883] STOP to_move 2 nodes_visited 146
[21:24:14.883] START to_move 1
[21:24:14.892] STOP to_move 1 nodes_visited 146
[21:24:14.892] START to_move 2
[21:24:14.900] STOP to_move 2 nodes_visited 143
[21:24:14.900] START to_move 1
[21:24:14.909] STOP to_move 1 nodes_visited 137
[21:24:14.909] START to_move 2
[21:24:14.919] STOP to_move 2 nodes_visited 181
[21:24:14.919] START to_move 1
[21:24:14.928] STOP to_move 1 nodes_visited 152
[21:24:14.928] START to_move 2
[21:24:14.939] STOP to_move 2 nodes_visited 195
[21:24:14.939] START to_move 1
[21:24:14.952] STOP to_move 1 nodes_visited 200
[21:24:14.952] START to_move 2
[21:24:14.958] STOP to_move 2 nodes_visited 120
[21:24:14.959] START to_move 1
[21:24:14.966] STOP to_move 1 nodes_visited 130
[21:24:14.967] START to_move 2
[21:24:14.974] STOP to_move 2 nodes_visited 128
[21:24:14.974] START to_move 1
[21:24:14.981] STOP to_move 1 nodes_visited 116
[21:24:14.981] START to_move 2
[21:24:14.988] STOP to_move 2 nodes_visited 133
[21:24:14.988] START to_move 1
[21:24:14.993] STOP to_move 1 nodes_visited 75
[21:24:14.993] START to_move 2
[21:24:15.000] STOP to_move 2 nodes_visited 141
[21:24:15.001] START to_move 1
[21:24:15.007] STOP to_move 1 nodes_visited 110
[21:24:15.007] START to_move 2
[21:24:15.012] STOP to_move 2 nodes_visited 95
[21:24:15.012] START to_move 1
[21:24:15.018] STOP to_move 1 nodes_visited 92
[21:24:15.018] START to_move 2
[21:24:15.024] STOP to_move 2 nodes_visited 97
[21:24:15.024] START to_move 1
[21:24:15.030] STOP to_move 1 nodes_visited 95
[21:24:15.030] START to_move 2
[21:24:15.036] STOP to_move 2 nodes_visited 100
[21:24:15.036] START to_move 1
[21:24:15.042] STOP to_move 1 nodes_visited 92
[21:24:15.042] START to_move 2
[21:24:15.047] STOP to_move 2 nodes_visited 97
[21:24:15.047] START to_move 1
[21:24:15.053] STOP to_move 1 nodes_visited 93
[21:24:15.053] START to_move 2
[21:24:15.058] STOP to_move 2 nodes_visited 95
[21:24:15.058] START to_move 1
[21:24:15.063] STOP to_move 1 nodes_visited 81
[21:24:15.063] START to_move 2
[21:24:15.068] STOP to_move 2 nodes_visited 93
[21:24:15.068] START to_move 1
[21:24:15.072] STOP to_move 1 nodes_visited 68
[21:24:15.072] START to_move 2
[21:24:15.078] STOP to_move 2 nodes_visited 96
[21:24:15.078] START to_move 1
[21:24:15.082] STOP to_move 1 nodes_visited 71
[21:24:15.082] START to_move 2
[21:24:15.087] STOP to_move 2 nodes_visited 89
[21:24:15.087] START to_move 1
[21:24:15.091] STOP to_move 1 nodes_visited 66
[21:24:15.091] START to_move 2
[21:24:15.097] STOP to_move 2 nodes_visited 121
[21:24:15.098] START to_move 1
[21:24:15.103] STOP to_move 1 nodes_visited 87
[21:24:15.103] START to_move 2
[21:24:15.110] STOP to_move 2 nodes_visited 130
[21:24:15.110] START to_move 1
[21:24:15.115] STOP to_move 1 nodes_visited 88
[21:24:15.115] START to_move 2
[21:24:15.121] STOP to_move 2 nodes_visited 99
[21:24:15.121] START to_move 1
[21:24:15.126] STOP to_move 1 nodes_visited 79
[21:24:15.126] START to_move 2
[21:24:15.129] STOP to_move 2 nodes_visited 66
[21:24:15.129] START to_move 1
[21:24:15.133] STOP to_move 1 nodes_visited 63
[21:24:15.133] START to_move 2
[21:24:15.137] STOP to_move 2 nodes_visited 72
[21:24:15.137] START to_move 1
[21:24:15.141] STOP to_move 1 nodes_visited 73
[21:24:15.141] START to_move 2
[21:24:15.146] STOP to_move 2 nodes_visited 89
[21:24:15.146] START to_move 1
[21:24:15.151] STOP to_move 1 nodes_visited 81
[21:24:15.151] START to_move 2
[21:24:15.156] STOP to_move 2 nodes_visited 82
[21:24:15.156] START to_move 1
[21:24:15.161] STOP to_move 1 nodes_visited 77
[21:24:15.161] START to_move 2
[21:24:15.164] STOP to_move 2 nodes_visited 51
[21:24:15.164] START to_move 1
[21:24:15.167] STOP to_move 1 nodes_visited 51
[21:24:15.167] START to_move 2
[21:24:15.170] STOP to_move 2 nodes_visited 54
[21:24:15.170] START to_move 1
[21:24:15.173] STOP to_move 1 nodes_visited 49
[21:24:15.173] START to_move 2
[21:24:15.175] STOP to_move 2 nodes_visited 41
[21:24:15.175] START to_move 1
[21:24:15.178] STOP to_move 1 nodes_visited 46
[21:24:15.178] START to_move 2
[21:24:15.180] STOP to_move 2 nodes_visited 37
[21:24:15.180] START to_move 1
[21:24:15.183] STOP to_move 1 nodes_visited 52
[21:24:15.183] START to_move 2
[21:24:15.187] STOP to_move 2 nodes_visited 55
[21:24:15.187] START to_move 1
[21:24:15.189] STOP to_move 1 nodes_visited 39
[21:24:15.189] START to_move 2
[21:24:15.191] STOP to_move 2 nodes_visited 41
[21:24:15.192] START to_move 1
[21:24:15.194] STOP to_move 1 nodes_visited 48
[21:24:15.194] START to_move 2
[21:24:15.197] STOP to_move 2 nodes_visited 45
[21:24:15.197] START to_move 1
[21:24:15.199] STOP to_move 1 nodes_visited 36
[21:24:15.199] START to_move 2
[21:24:15.202] STOP to_move 2 nodes_visited 54
[21:24:15.202] START to_move 1
[21:24:15.204] STOP to_move 1 nodes_visited 35
[21:24:15.204] START to_move 2
[21:24:15.206] STOP to_move 2 nodes_visited 36
[21:24:15.206] START to_move 1
[21:24:15.208] STOP to_move 1 nodes_visited 29
[21:24:15.208] START to_move 2
[21:24:15.210] STOP to_move 2 nodes_visited 35
[21:24:15.210] START to_move 1
[21:24:15.212] STOP to_move 1 nodes_visited 39
[21:24:15.212] START to_move 2
[21:24:15.214] STOP to_move 2 nodes_visited 34
[21:24:15.214] START to_move 1
[21:24:15.216] STOP to_move 1 nodes_visited 37
[21:24:15.216] START to_move 2
[21:24:15.219] STOP to_move 2 nodes_visited 52
[21:24:15.219] START to_move 1
[21:24:15.222] STOP to_move 1 nodes_visited 37
[21:24:15.222] START to_move 2
[21:24:15.223] STOP to_move 2 nodes_visited 32
[21:24:15.223] START to_move 1
[21:24:15.225] STOP to_move 1 nodes_visited 33
[21:24:15.225] START to_move 2
[21:24:15.228] STOP to_move 2 nodes_visited 40
[21:24:15.228] START to_move 1
[21:24:15.230] STOP to_move 1 nodes_visited 43
[21:24:15.230] START to_move 2
[21:24:15.232] STOP to_move 2 nodes_visited 39
[21:24:15.232] START to_move 1
[21:24:15.234] STOP to_move 1 nodes_visited 35
[21:24:15.234] START to_move 2
[21:24:15.236] STOP to_move 2 nodes_visited 34
[21:24:15.236] START to_move 1
[21:24:15.238] STOP to_move 1 nodes_visited 35
[21:24:15.238] START to_move 2
[21:24:15.241] STOP to_move 2 nodes_visited 43
[21:24:15.241] START to_move 1
[21:24:15.243] STOP to_move 1 nodes_visited 41
[21:24:15.243] START to_move 2
[21:24:15.245] STOP to_move 2 nodes_visited 37
[21:24:15.245] START to_move 1
[21:24:15.247] STOP to_move 1 nodes_visited 35
[21:24:15.247] START to_move 2
[21:24:15.249] STOP to_move 2 nodes_visited 34
[21:24:15.249] START to_move 1
[21:24:15.251] STOP to_move 1 nodes_visited 35
[21:24:15.251] START to_move 2
[21:24:15.254] STOP to_move 2 nodes_visited 42
[21:24:15.254] START to_move 1
[21:24:15.256] STOP to_move 1 nodes_visited 35
[21:24:15.256] START to_move 2
[21:24:15.258] STOP to_move 2 nodes_visited 40
[21:24:15.258] START to_move 1
[21:24:15.261] STOP to_move 1 nodes_visited 45
[21:24:15.261] START to_move 2
[21:24:15.264] STOP to_move 2 nodes_visited 47
[21:24:15.264] START to_move 1
[21:24:15.266] STOP to_move 1 nodes_visited 41
[21:24:15.266] START to_move 2
[21:24:15.268] STOP to_move 2 nodes_visited 37
[21:24:15.268] START to_move 1
[21:24:15.271] STOP to_move 1 nodes_visited 39
[21:24:15.271] START to_move 2
[21:24:15.273] STOP to_move 2 nodes_visited 47
[21:24:15.273] START to_move 1
[21:24:15.276] STOP to_move 1 nodes_visited 43
[21:24:15.276] START to_move 2
[21:24:15.278] STOP to_move 2 nodes_visited 45
[21:24:15.278] START to_move 1
[21:24:15.281] STOP to_move 1 nodes_visited 39
[21:24:15.281] START to_move 2
[21:24:15.283] STOP to_move 2 nodes_visited 40
[21:24:15.283] START to_move 1
[21:24:15.286] STOP to_move 1 nodes_visited 41
[21:24:15.286] START to_move 2
[21:24:15.288] STOP to_move 2 nodes_visited 36
[21:24:15.288] START to_move 1
[21:24:15.289] STOP to_move 1 nodes_visited 31
[21:24:15.289] START to_move 2
[21:24:15.292] STOP to_move 2 nodes_visited 38
[21:24:15.292] START to_move 1
[21:24:15.294] STOP to_move 1 nodes_visited 41
[21:24:15.294] START to_move 2
[21:24:15.296] STOP to_move 2 nodes_visited 43
[21:24:15.296] START to_move 1
[21:24:15.299] STOP to_move 1 nodes_visited 37
[21:24:15.299] START to_move 2
[21:24:15.300] STOP to_move 2 nodes_visited 32
[21:24:15.300] START to_move 1
[21:24:15.302] STOP to_move 1 nodes_visited 35
[21:24:15.302] START to_move 2
[21:24:15.304] STOP to_move 2 nodes_visited 23
[21:24:15.304] START to_move 1
[21:24:15.305] STOP to_move 1 nodes_visited 14
[21:24:15.305] START to_move 2
[21:24:15.307] STOP to_move 2 nodes_visited 29
[21:24:15.307] START to_move 1
[21:24:15.308] STOP to_move 1 nodes_visited 19
[21:24:15.308] START to_move 2
[21:24:15.310] STOP to_move 2 nodes_visited 31
[21:24:15.310] START to_move 1
[21:24:15.311] STOP to_move 1 nodes_visited 19
[21:24:15.311] END winner 1 - rounds 341
