[21:43:09.032] 1 - distance_function chebyshev - pruning True
[21:43:09.033] 2 - distance_function manhattan - pruning True
[21:43:09.033] START to_move 1
[21:43:09.087] STOP to_move 1 nodes_visited 869
[21:43:09.087] START to_move 2
[21:43:09.409] STOP to_move 2 nodes_visited 5162
[21:43:09.413] START to_move 1
[21:43:09.459] STOP to_move 1 nodes_visited 758
[21:43:09.460] START to_move 2
[21:43:09.808] STOP to_move 2 nodes_visited 5547
[21:43:09.811] START to_move 1
[21:43:09.960] STOP to_move 1 nodes_visited 2374
[21:43:09.961] START to_move 2
[21:43:10.243] STOP to_move 2 nodes_visited 4660
[21:43:10.245] START to_move 1
[21:43:10.388] STOP to_move 1 nodes_visited 2255
[21:43:10.390] START to_move 2
[21:43:10.619] STOP to_move 2 nodes_visited 3910
[21:43:10.621] START to_move 1
[21:43:10.837] STOP to_move 1 nodes_visited 3389
[21:43:10.839] START to_move 2
[21:43:11.046] STOP to_move 2 nodes_visited 3506
[21:43:11.048] START to_move 1
[21:43:11.229] STOP to_move 1 nodes_visited 2855
[21:43:11.230] START to_move 2
[21:43:11.352] STOP to_move 2 nodes_visited 2067
[21:43:11.353] START to_move 1
[21:43:11.402] STOP to_move 1 nodes_visited 798
[21:43:11.402] START to_move 2
[21:43:11.504] STOP to_move 2 nodes_visited 1744
[21:43:11.505] START to_move 1
[21:43:11.546] STOP to_move 1 nodes_visited 678
[21:43:11.547] START to_move 2
[21:43:11.692] STOP to_move 2 nodes_visited 2427
[21:43:11.693] START to_move 1
[21:43:11.729] STOP to_move 1 nodes_visited 593
[21:43:11.729] START to_move 2
[21:43:11.844] STOP to_move 2 nodes_visited 1938
[21:43:11.845] START to_move 1
[21:43:11.884] STOP to_move 1 nodes_visited 646
[21:43:11.885] START to_move 2
[21:43:11.923] STOP to_move 2 nodes_visited 674
[21:43:11.923] START to_move 1
[21:43:11.963] STOP to_move 1 nodes_visited 658
[21:43:11.964] START to_move 2
[21:43:12.005] STOP to_move 2 nodes_visited 708
[21:43:12.005] START to_move 1
[21:43:12.050] STOP to_move 1 nodes_visited 722
[21:43:12.050] START to_move 2
[21:43:12.093] STOP to_move 2 nodes_visited 740
[21:43:12.093] START to_move 1
[21:43:12.139] STOP to_move 1 nodes_visited 723
[21:43:12.139] START to_move 2
[21:43:12.182] STOP to_move 2 nodes_visited 740
[21:43:12.183] START to_move 1
[21:43:12.234] STOP to_move 1 nodes_visited 826
[21:43:12.234] START to_move 2
[21:43:12.283] STOP to_move 2 nodes_visited 839
[21:43:12.283] START to_move 1
[21:43:12.320] STOP to_move 1 nodes_visited 604
[21:43:12.320] START to_move 2
[21:43:12.458] STOP to_move 2 nodes_visited 2331
[21:43:12.460] START to_move 1
[21:43:12.497] STOP to_move 1 nodes_visited 614
[21:43:12.497] START to_move 2
[21:43:12.632] STOP to_move 2 nodes_visited 2312
[21:43:12.633] START to_move 1
[21:43:12.679] STOP to_move 1 nodes_visited 724
[21:43:12.679] START to_move 2
[21:43:12.959] STOP to_move 2 nodes_visited 4627
[21:43:12.961] START to_move 1
[21:43:13.007] STOP to_move 1 nodes_visited 748
[21:43:13.008] START to_move 2
[21:43:13.047] STOP to_move 2 nodes_visited 694
[21:43:13.048] START to_move 1
[21:43:13.100] STOP to_move 1 nodes_visited 860
[21:43:13.101] START to_move 2
[21:43:13.468] STOP to_move 2 nodes_visited 6022
[21:43:13.471] START to_move 1
[21:43:13.520] STOP to_move 1 nodes_visited 786
[21:43:13.520] START to_move 2
[21:43:13.560] STOP to_move 2 nodes_visited 690
[21:43:13.560] START to_move 1
[21:43:13.614] STOP to_move 1 nodes_visited 881
[21:43:13.615] START to_move 2
[21:43:13.977] STOP to_move 2 nodes_visited 5790
[21:43:13.980] START to_move 1
[21:43:14.022] STOP to_move 1 nodes_visited 682
[21:43:14.022] START to_move 2
[21:43:14.384] STOP to_move 2 nodes_visited 5862
[21:43:14.387] START to_move 1
[21:43:14.435] STOP to_move 1 nodes_visited 777
[21:43:14.436] START to_move 2
[21:43:14.698] STOP to_move 2 nodes_visited 4350
[21:43:14.701] START to_move 1
[21:43:14.753] STOP to_move 1 nodes_visited 818
[21:43:14.754] START to_move 2
[21:43:14.841] STOP to_move 2 nodes_visited 1467
[21:43:14.842] START to_move 1
[21:43:14.877] STOP to_move 1 nodes_visited 581
[21:43:14.878] START to_move 2
[21:43:15.108] STOP to_move 2 nodes_visited 3721
[21:43:15.110] START to_move 1
[21:43:15.146] STOP to_move 1 nodes_visited 593
[21:43:15.146] START to_move 2
[21:43:15.554] STOP to_move 2 nodes_visited 6543
[21:43:15.558] START to_move 1
[21:43:15.603] STOP to_move 1 nodes_visited 733
[21:43:15.604] START to_move 2
[21:43:15.836] STOP to_move 2 nodes_visited 3863
[21:43:15.838] START to_move 1
[21:43:15.896] STOP to_move 1 nodes_visited 931
[21:43:15.896] START to_move 2
[21:43:15.933] STOP to_move 2 nodes_visited 623
[21:43:15.933] START to_move 1
[21:43:15.991] STOP to_move 1 nodes_visited 930
[21:43:15.991] START to_move 2
[21:43:16.030] STOP to_move 2 nodes_visited 669
[21:43:16.031] START to_move 1
[21:43:16.084] STOP to_move 1 nodes_visited 816
[21:43:16.084] START to_move 2
[21:43:16.172] STOP to_move 2 nodes_visited 1509
[21:43:16.173] START to_move 1
[21:43:16.222] STOP to_move 1 nodes_visited 789
[21:43:16.222] START to_move 2
[21:43:16.551] STOP to_move 2 nodes_visited 5558
[21:43:16.554] START to_move 1
[21:43:16.603] STOP to_move 1 nodes_visited 765
[21:43:16.604] START to_move 2
[21:43:16.625] STOP to_move 2 nodes_visited 378
[21:43:16.625] START to_move 1
[21:43:16.682] STOP to_move 1 nodes_visited 907
[21:43:16.682] START to_move 2
[21:43:16.703] STOP to_move 2 nodes_visited 379
[21:43:16.703] START to_move 1
[21:43:16.728] STOP to_move 1 nodes_visited 415
[21:43:16.728] START to_move 2
[21:43:16.753] STOP to_move 2 nodes_visited 440
[21:43:16.753] START to_move 1
[21:43:16.919] STOP to_move 1 nodes_visited 2591
[21:43:16.921] START to_move 2
[21:43:16.950] STOP to_move 2 nodes_visited 529
[21:43:16.950] START to_move 1
[21:43:17.202] STOP to_move 1 nodes_visited 3918
[21:43:17.204] START to_move 2
[21:43:17.441] STOP to_move 2 nodes_visited 3962
[21:43:17.443] START to_move 1
[21:43:17.469] STOP to_move 1 nodes_visited 416
[21:43:17.469] START to_move 2
[21:43:17.490] STOP to_move 2 nodes_visited 387
[21:43:17.490] START to_move 1
[21:43:17.515] STOP to_move 1 nodes_visited 419
[21:43:17.515] START to_move 2
[21:43:17.536] STOP to_move 2 nodes_visited 381
[21:43:17.537] START to_move 1
[21:43:17.561] STOP to_move 1 nodes_visited 408
[21:43:17.562] START to_move 2
[21:43:17.582] STOP to_move 2 nodes_visited 378
[21:43:17.583] START to_move 1
[21:43:17.607] STOP to_move 1 nodes_visited 408
[21:43:17.607] START to_move 2
[21:43:17.657] STOP to_move 2 nodes_visited 887
[21:43:17.658] START to_move 1
[21:43:17.692] STOP to_move 1 nodes_visited 553
[21:43:17.692] START to_move 2
[21:43:17.713] STOP to_move 2 nodes_visited 363
[21:43:17.713] START to_move 1
[21:43:17.737] STOP to_move 1 nodes_visited 404
[21:43:17.737] START to_move 2
[21:43:17.871] STOP to_move 2 nodes_visited 2330
[21:43:17.872] START to_move 1
[21:43:17.896] STOP to_move 1 nodes_visited 389
[21:43:17.897] START to_move 2
[21:43:17.916] STOP to_move 2 nodes_visited 364
[21:43:17.917] START to_move 1
[21:43:17.941] STOP to_move 1 nodes_visited 396
[21:43:17.942] START to_move 2
[21:43:17.962] STOP to_move 2 nodes_visited 364
[21:43:17.962] START to_move 1
[21:43:17.985] STOP to_move 1 nodes_visited 397
[21:43:17.985] START to_move 2
[21:43:18.006] STOP to_move 2 nodes_visited 368
[21:43:18.006] START to_move 1
[21:43:18.030] STOP to_move 1 nodes_visited 409
[21:43:18.031] START to_move 2
[21:43:18.055] STOP to_move 2 nodes_visited 430
[21:43:18.055] START to_move 1
[21:43:18.078] STOP to_move 1 nodes_visited 385
[21:43:18.078] START to_move 2
[21:43:18.099] STOP to_move 2 nodes_visited 370
[21:43:18.099] START to_move 1
[21:43:18.123] STOP to_move 1 nodes_visited 405
[21:43:18.123] START to_move 2
[21:43:18.144] STOP to_move 2 nodes_visited 368
[21:43:18.144] START to_move 1
[21:43:18.168] STOP to_move 1 nodes_visited 403
[21:43:18.168] START to_move 2
[21:43:18.483] STOP to_move 2 nodes_visited 5220
[21:43:18.486] START to_move 1
[21:43:18.560] STOP to_move 1 nodes_visited 1161
[21:43:18.560] START to_move 2
[21:43:18.701] STOP to_move 2 nodes_visited 2383
[21:43:18.703] START to_move 1
[21:43:18.804] STOP to_move 1 nodes_visited 1597
[21:43:18.805] START to_move 2
[21:43:18.905] STOP to_move 2 nodes_visited 1708
[21:43:18.906] START to_move 1
[21:43:19.003] STOP to_move 1 nodes_visited 1500
[21:43:19.004] START to_move 2
[21:43:19.191] STOP to_move 2 nodes_visited 3170
[21:43:19.192] START to_move 1
[21:43:19.293] STOP to_move 1 nodes_visited 1553
[21:43:19.294] START to_move 2
[21:43:19.382] STOP to_move 2 nodes_visited 1517
[21:43:19.383] START to_move 1
[21:43:19.442] STOP to_move 1 nodes_visited 921
[21:43:19.442] START to_move 2
[21:43:19.521] STOP to_move 2 nodes_visited 1328
[21:43:19.522] START to_move 1
[21:43:19.615] STOP to_move 1 nodes_visited 1491
[21:43:19.616] START to_move 2
[21:43:19.764] STOP to_move 2 nodes_visited 2467
[21:43:19.765] START to_move 1
[21:43:19.896] STOP to_move 1 nodes_visited 2089
[21:43:19.897] START to_move 2
[21:43:19.946] STOP to_move 2 nodes_visited 840
[21:43:19.946] START to_move 1
[21:43:20.058] STOP to_move 1 nodes_visited 1748
[21:43:20.059] START to_move 2
[21:43:20.108] STOP to_move 2 nodes_visited 840
[21:43:20.108] START to_move 1
[21:43:20.219] STOP to_move 1 nodes_visited 1763
[21:43:20.220] START to_move 2
[21:43:20.339] STOP to_move 2 nodes_visited 2013
[21:43:20.340] START to_move 1
[21:43:20.469] STOP to_move 1 nodes_visited 2058
[21:43:20.470] START to_move 2
[21:43:20.559] STOP to_move 2 nodes_visited 1523
[21:43:20.560] START to_move 1
[21:43:20.633] STOP to_move 1 nodes_visited 1148
[21:43:20.633] START to_move 2
[21:43:20.756] STOP to_move 2 nodes_visited 2098
[21:43:20.757] START to_move 1
[21:43:20.816] STOP to_move 1 nodes_visited 969
[21:43:20.817] START to_move 2
[21:43:20.863] STOP to_move 2 nodes_visited 789
[21:43:20.864] START to_move 1
[21:43:20.929] STOP to_move 1 nodes_visited 1056
[21:43:20.930] START to_move 2
[21:43:20.962] STOP to_move 2 nodes_visited 584
[21:43:20.963] START to_move 1
[21:43:21.029] STOP to_move 1 nodes_visited 1074
[21:43:21.030] START to_move 2
[21:43:21.063] STOP to_move 2 nodes_visited 597
[21:43:21.063] START to_move 1
[21:43:21.132] STOP to_move 1 nodes_visited 1074
[21:43:21.132] START to_move 2
[21:43:21.166] STOP to_move 2 nodes_visited 601
[21:43:21.166] START to_move 1
[21:43:21.235] STOP to_move 1 nodes_visited 1101
[21:43:21.235] START to_move 2
[21:43:21.269] STOP to_move 2 nodes_visited 603
[21:43:21.269] START to_move 1
[21:43:21.336] STOP to_move 1 nodes_visited 1093
[21:43:21.337] START to_move 2
[21:43:21.371] STOP to_move 2 nodes_visited 599
[21:43:21.371] START to_move 1
[21:43:21.440] STOP to_move 1 nodes_visited 1102
[21:43:21.441] START to_move 2
[21:43:21.475] STOP to_move 2 nodes_visited 594
[21:43:21.475] START to_move 1
[21:43:21.542] STOP to_move 1 nodes_visited 1090
[21:43:21.543] START to_move 2
[21:43:21.632] STOP to_move 2 nodes_visited 1560
[21:43:21.633] START to_move 1
[21:43:21.705] STOP to_move 1 nodes_visited 1144
[21:43:21.705] START to_move 2
[21:43:21.723] STOP to_move 2 nodes_visited 322
[21:43:21.723] START to_move 1
[21:43:21.795] STOP to_move 1 nodes_visited 1159
[21:43:21.795] START to_move 2
[21:43:21.813] STOP to_move 2 nodes_visited 320
[21:43:21.813] START to_move 1
[21:43:21.834] STOP to_move 1 nodes_visited 347
[21:43:21.834] START to_move 2
[21:43:21.852] STOP to_move 2 nodes_visited 326
[21:43:21.852] START to_move 1
[21:43:21.872] STOP to_move 1 nodes_visited 342
[21:43:21.873] START to_move 2
[21:43:21.892] STOP to_move 2 nodes_visited 348
[21:43:21.892] START to_move 1
[21:43:21.912] STOP to_move 1 nodes_visited 347
[21:43:21.912] START to_move 2
[21:43:21.935] STOP to_move 2 nodes_visited 386
[21:43:21.935] START to_move 1
[21:43:21.956] STOP to_move 1 nodes_visited 349
[21:43:21.956] START to_move 2
[21:43:21.978] STOP to_move 2 nodes_visited 388
[21:43:21.978] START to_move 1
[21:43:21.998] STOP to_move 1 nodes_visited 354
[21:43:21.999] START to_move 2
[21:43:22.051] STOP to_move 2 nodes_visited 920
[21:43:22.052] START to_move 1
[21:43:22.101] STOP to_move 1 nodes_visited 797
[21:43:22.101] START to_move 2
[21:43:22.146] STOP to_move 2 nodes_visited 766
[21:43:22.146] START to_move 1
[21:43:22.187] STOP to_move 1 nodes_visited 662
[21:43:22.187] START to_move 2
[21:43:22.205] STOP to_move 2 nodes_visited 283
[21:43:22.205] START to_move 1
[21:43:22.224] STOP to_move 1 nodes_visited 319
[21:43:22.225] START to_move 2
[21:43:22.242] STOP to_move 2 nodes_visited 315
[21:43:22.242] START to_move 1
[21:43:22.262] STOP to_move 1 nodes_visited 328
[21:43:22.263] START to_move 2
[21:43:22.280] STOP to_move 2 nodes_visited 313
[21:43:22.280] START to_move 1
[21:43:22.298] STOP to_move 1 nodes_visited 307
[21:43:22.298] START to_move 2
[21:43:22.313] STOP to_move 2 nodes_visited 280
[21:43:22.313] START to_move 1
[21:43:22.331] STOP to_move 1 nodes_visited 295
[21:43:22.331] START to_move 2
[21:43:22.353] STOP to_move 2 nodes_visited 393
[21:43:22.353] START to_move 1
[21:43:22.374] STOP to_move 1 nodes_visited 344
[21:43:22.374] START to_move 2
[21:43:22.396] STOP to_move 2 nodes_visited 409
[21:43:22.397] START to_move 1
[21:43:22.419] STOP to_move 1 nodes_visited 371
[21:43:22.420] START to_move 2
[21:43:22.445] STOP to_move 2 nodes_visited 453
[21:43:22.445] START to_move 1
[21:43:22.505] STOP to_move 1 nodes_visited 935
[21:43:22.506] START to_move 2
[21:43:22.552] STOP to_move 2 nodes_visited 815
[21:43:22.553] START to_move 1
[21:43:22.600] STOP to_move 1 nodes_visited 766
[21:43:22.601] START to_move 2
[21:43:22.652] STOP to_move 2 nodes_visited 892
[21:43:22.652] START to_move 1
[21:43:22.700] STOP to_move 1 nodes_visited 779
[21:43:22.700] START to_move 2
[21:43:22.748] STOP to_move 2 nodes_visited 826
[21:43:22.748] START to_move 1
[21:43:22.798] STOP to_move 1 nodes_visited 797
[21:43:22.799] START to_move 2
[21:43:22.847] STOP to_move 2 nodes_visited 831
[21:43:22.847] START to_move 1
[21:43:22.897] STOP to_move 1 nodes_visited 796
[21:43:22.897] START to_move 2
[21:43:22.944] STOP to_move 2 nodes_visited 826
[21:43:22.944] START to_move 1
[21:43:22.995] STOP to_move 1 nodes_visited 816
[21:43:22.995] START to_move 2
[21:43:23.043] STOP to_move 2 nodes_visited 848
[21:43:23.044] START to_move 1
[21:43:23.094] STOP to_move 1 nodes_visited 796
[21:43:23.095] START to_move 2
[21:43:23.117] STOP to_move 2 nodes_visited 394
[21:43:23.117] START to_move 1
[21:43:23.138] STOP to_move 1 nodes_visited 346
[21:43:23.138] START to_move 2
[21:43:23.161] STOP to_move 2 nodes_visited 411
[21:43:23.161] START to_move 1
[21:43:23.182] STOP to_move 1 nodes_visited 350
[21:43:23.182] START to_move 2
[21:43:23.206] STOP to_move 2 nodes_visited 420
[21:43:23.206] START to_move 1
[21:43:23.227] STOP to_move 1 nodes_visited 350
[21:43:23.227] START to_move 2
[21:43:23.262] STOP to_move 2 nodes_visited 609
[21:43:23.262] START to_move 1
[21:43:23.284] STOP to_move 1 nodes_visited 360
[21:43:23.284] START to_move 2
[21:43:23.319] STOP to_move 2 nodes_visited 609
[21:43:23.319] START to_move 1
[21:43:23.342] STOP to_move 1 nodes_visited 356
[21:43:23.342] START to_move 2
[21:43:23.387] STOP to_move 2 nodes_visited 778
[21:43:23.387] START to_move 1
[21:43:23.408] STOP to_move 1 nodes_visited 338
[21:43:23.408] START to_move 2
[21:43:23.431] STOP to_move 2 nodes_visited 413
[21:43:23.431] START to_move 1
[21:43:23.450] STOP to_move 1 nodes_visited 310
[21:43:23.450] START to_move 2
[21:43:23.472] STOP to_move 2 nodes_visited 394
[21:43:23.472] START to_move 1
[21:43:23.491] STOP to_move 1 nodes_visited 314
[21:43:23.491] START to_move 2
[21:43:23.513] STOP to_move 2 nodes_visited 394
[21:43:23.513] START to_move 1
[21:43:23.532] STOP to_move 1 nodes_visited 310
[21:43:23.532] START to_move 2
[21:43:23.554] STOP to_move 2 nodes_visited 394
[21:43:23.554] START to_move 1
[21:43:23.576] STOP to_move 1 nodes_visited 370
[21:43:23.577] START to_move 2
[21:43:23.610] STOP to_move 2 nodes_visited 586
[21:43:23.610] START to_move 1
[21:43:23.631] STOP to_move 1 nodes_visited 335
[21:43:23.632] START to_move 2
[21:43:23.668] STOP to_move 2 nodes_visited 637
[21:43:23.668] START to_move 1
[21:43:23.688] STOP to_move 1 nodes_visited 326
[21:43:23.688] START to_move 2
[21:43:23.709] STOP to_move 2 nodes_visited 380
[21:43:23.710] START to_move 1
[21:43:23.729] STOP to_move 1 nodes_visited 320
[21:43:23.729] START to_move 2
[21:43:23.751] STOP to_move 2 nodes_visited 402
[21:43:23.751] START to_move 1
[21:43:23.771] STOP to_move 1 nodes_visited 321
[21:43:23.771] START to_move 2
[21:43:23.794] STOP to_move 2 nodes_visited 410
[21:43:23.794] START to_move 1
[21:43:23.838] STOP to_move 1 nodes_visited 719
[21:43:23.839] START to_move 2
[21:43:23.858] STOP to_move 2 nodes_visited 337
[21:43:23.858] START to_move 1
[21:43:23.877] STOP to_move 1 nodes_visited 315
[21:43:23.877] START to_move 2
[21:43:23.903] STOP to_move 2 nodes_visited 431
[21:43:23.903] START to_move 1
[21:43:23.923] STOP to_move 1 nodes_visited 343
[21:43:23.924] START to_move 2
[21:43:23.949] STOP to_move 2 nodes_visited 442
[21:43:23.949] START to_move 1
[21:43:23.970] STOP to_move 1 nodes_visited 346
[21:43:23.970] START to_move 2
[21:43:23.995] STOP to_move 2 nodes_visited 442
[21:43:23.995] START to_move 1
[21:43:24.016] STOP to_move 1 nodes_visited 346
[21:43:24.016] START to_move 2
[21:43:24.041] STOP to_move 2 nodes_visited 442
[21:43:24.041] START to_move 1
[21:43:24.062] STOP to_move 1 nodes_visited 343
[21:43:24.062] START to_move 2
[21:43:24.156] STOP to_move 2 nodes_visited 1609
[21:43:24.157] START to_move 1
[21:43:24.183] STOP to_move 1 nodes_visited 399
[21:43:24.183] START to_move 2
[21:43:24.231] STOP to_move 2 nodes_visited 840
[21:43:24.232] START to_move 1
[21:43:24.253] STOP to_move 1 nodes_visited 349
[21:43:24.253] START to_move 2
[21:43:24.302] STOP to_move 2 nodes_visited 855
[21:43:24.303] START to_move 1
[21:43:24.323] STOP to_move 1 nodes_visited 344
[21:43:24.324] START to_move 2
[21:43:24.346] STOP to_move 2 nodes_visited 393
[21:43:24.346] START to_move 1
[21:43:24.366] STOP to_move 1 nodes_visited 333
[21:43:24.366] START to_move 2
[21:43:24.388] STOP to_move 2 nodes_visited 393
[21:43:24.389] START to_move 1
[21:43:24.408] STOP to_move 1 nodes_visited 318
[21:43:24.408] START to_move 2
[21:43:24.430] STOP to_move 2 nodes_visited 393
[21:43:24.431] START to_move 1
[21:43:24.450] STOP to_move 1 nodes_visited 326
[21:43:24.450] START to_move 2
[21:43:24.476] STOP to_move 2 nodes_visited 433
[21:43:24.476] START to_move 1
[21:43:24.495] STOP to_move 1 nodes_visited 321
[21:43:24.495] START to_move 2
[21:43:24.519] STOP to_move 2 nodes_visited 422
[21:43:24.519] START to_move 1
[21:43:24.539] STOP to_move 1 nodes_visited 321
[21:43:24.539] START to_move 2
[21:43:24.562] STOP to_move 2 nodes_visited 407
[21:43:24.562] START to_move 1
[21:43:24.581] STOP to_move 1 nodes_visited 325
[21:43:24.582] START to_move 2
[21:43:24.603] STOP to_move 2 nodes_visited 385
[21:43:24.603] START to_move 1
[21:43:24.622] STOP to_move 1 nodes_visited 305
[21:43:24.622] START to_move 2
[21:43:24.643] STOP to_move 2 nodes_visited 385
[21:43:24.644] START to_move 1
[21:43:24.660] STOP to_move 1 nodes_visited 277
[21:43:24.661] START to_move 2
[21:43:24.682] STOP to_move 2 nodes_visited 376
[21:43:24.682] START to_move 1
[21:43:24.699] STOP to_move 1 nodes_visited 295
[21:43:24.700] START to_move 2
[21:43:24.721] STOP to_move 2 nodes_visited 376
[21:43:24.721] START to_move 1
[21:43:24.739] STOP to_move 1 nodes_visited 295
[21:43:24.739] START to_move 2
[21:43:24.758] STOP to_move 2 nodes_visited 331
[21:43:24.758] START to_move 1
[21:43:24.776] STOP to_move 1 nodes_visited 282
[21:43:24.776] START to_move 2
[21:43:24.799] STOP to_move 2 nodes_visited 417
[21:43:24.800] START to_move 1
[21:43:24.824] STOP to_move 1 nodes_visited 397
[21:43:24.824] START to_move 2
[21:43:24.831] STOP to_move 2 nodes_visited 129
[21:43:24.831] START to_move 1
[21:43:24.904] STOP to_move 1 nodes_visited 1151
[21:43:24.904] START to_move 2
[21:43:24.927] STOP to_move 2 nodes_visited 402
[21:43:24.927] START to_move 1
[21:43:24.989] STOP to_move 1 nodes_visited 1000
[21:43:24.990] START to_move 2
[21:43:25.009] STOP to_move 2 nodes_visited 351
[21:43:25.010] START to_move 1
[21:43:25.080] STOP to_move 1 nodes_visited 1111
[21:43:25.080] START to_move 2
[21:43:25.101] STOP to_move 2 nodes_visited 371
[21:43:25.101] START to_move 1
[21:43:25.118] STOP to_move 1 nodes_visited 278
[21:43:25.118] START to_move 2
[21:43:25.139] STOP to_move 2 nodes_visited 378
[21:43:25.139] START to_move 1
[21:43:25.157] STOP to_move 1 nodes_visited 278
[21:43:25.157] START to_move 2
[21:43:25.178] STOP to_move 2 nodes_visited 378
[21:43:25.178] START to_move 1
[21:43:25.195] STOP to_move 1 nodes_visited 287
[21:43:25.196] START to_move 2
[21:43:25.217] STOP to_move 2 nodes_visited 382
[21:43:25.218] START to_move 1
[21:43:25.235] STOP to_move 1 nodes_visited 287
[21:43:25.235] START to_move 2
[21:43:25.256] STOP to_move 2 nodes_visited 382
[21:43:25.256] START to_move 1
[21:43:25.290] STOP to_move 1 nodes_visited 552
[21:43:25.290] START to_move 2
[21:43:25.329] STOP to_move 2 nodes_visited 650
[21:43:25.330] START to_move 1
[21:43:25.349] STOP to_move 1 nodes_visited 319
[21:43:25.349] START to_move 2
[21:43:25.389] STOP to_move 2 nodes_visited 698
[21:43:25.389] START to_move 1
[21:43:25.421] STOP to_move 1 nodes_visited 518
[21:43:25.421] START to_move 2
[21:43:25.444] STOP to_move 2 nodes_visited 412
[21:43:25.444] START to_move 1
[21:43:25.458] STOP to_move 1 nodes_visited 234
[21:43:25.459] START to_move 2
[21:43:25.494] STOP to_move 2 nodes_visited 630
[21:43:25.495] START to_move 1
[21:43:25.509] STOP to_move 1 nodes_visited 240
[21:43:25.509] START to_move 2
[21:43:25.545] STOP to_move 2 nodes_visited 630
[21:43:25.546] START to_move 1
[21:43:25.570] STOP to_move 1 nodes_visited 387
[21:43:25.570] START to_move 2
[21:43:25.605] STOP to_move 2 nodes_visited 622
[21:43:25.606] START to_move 1
[21:43:25.634] STOP to_move 1 nodes_visited 448
[21:43:25.634] START to_move 2
[21:43:25.669] STOP to_move 2 nodes_visited 598
[21:43:25.669] START to_move 1
[21:43:25.696] STOP to_move 1 nodes_visited 448
[21:43:25.697] START to_move 2
[21:43:25.713] STOP to_move 2 nodes_visited 279
[21:43:25.713] START to_move 1
[21:43:25.742] STOP to_move 1 nodes_visited 484
[21:43:25.743] START to_move 2
[21:43:25.762] STOP to_move 2 nodes_visited 339
[21:43:25.762] START to_move 1
[21:43:25.775] STOP to_move 1 nodes_visited 215
[21:43:25.775] START to_move 2
[21:43:25.789] STOP to_move 2 nodes_visited 250
[21:43:25.789] START to_move 1
[21:43:25.802] STOP to_move 1 nodes_visited 223
[21:43:25.802] START to_move 2
[21:43:25.818] STOP to_move 2 nodes_visited 272
[21:43:25.818] START to_move 1
[21:43:25.832] STOP to_move 1 nodes_visited 244
[21:43:25.832] START to_move 2
[21:43:25.850] STOP to_move 2 nodes_visited 309
[21:43:25.850] START to_move 1
[21:43:25.864] STOP to_move 1 nodes_visited 236
[21:43:25.864] START to_move 2
[21:43:25.880] STOP to_move 2 nodes_visited 284
[21:43:25.880] START to_move 1
[21:43:25.894] STOP to_move 1 nodes_visited 230
[21:43:25.894] START to_move 2
[21:43:25.911] STOP to_move 2 nodes_visited 286
[21:43:25.911] START to_move 1
[21:43:25.924] STOP to_move 1 nodes_visited 221
[21:43:25.925] START to_move 2
[21:43:25.939] STOP to_move 2 nodes_visited 262
[21:43:25.939] START to_move 1
[21:43:25.952] STOP to_move 1 nodes_visited 218
[21:43:25.952] START to_move 2
[21:43:25.967] STOP to_move 2 nodes_visited 260
[21:43:25.967] START to_move 1
[21:43:25.980] STOP to_move 1 nodes_visited 218
[21:43:25.980] START to_move 2
[21:43:25.994] STOP to_move 2 nodes_visited 260
[21:43:25.995] START to_move 1
[21:43:26.008] STOP to_move 1 nodes_visited 221
[21:43:26.008] START to_move 2
[21:43:26.025] STOP to_move 2 nodes_visited 295
[21:43:26.025] START to_move 1
[21:43:26.038] STOP to_move 1 nodes_visited 212
[21:43:26.038] START to_move 2
[21:43:26.053] STOP to_move 2 nodes_visited 271
[21:43:26.053] START to_move 1
[21:43:26.065] STOP to_move 1 nodes_visited 212
[21:43:26.066] START to_move 2
[21:43:26.081] STOP to_move 2 nodes_visited 271
[21:43:26.081] START to_move 1
[21:43:26.094] STOP to_move 1 nodes_visited 218
[21:43:26.094] START to_move 2
[21:43:26.120] STOP to_move 2 nodes_visited 463
[21:43:26.120] START to_move 1
[21:43:26.135] STOP to_move 1 nodes_visited 236
[21:43:26.135] START to_move 2
[21:43:26.147] STOP to_move 2 nodes_visited 216
[21:43:26.147] START to_move 1
[21:43:26.159] STOP to_move 1 nodes_visited 204
[21:43:26.159] START to_move 2
[21:43:26.172] STOP to_move 2 nodes_visited 228
[21:43:26.172] START to_move 1
[21:43:26.184] STOP to_move 1 nodes_visited 196
[21:43:26.184] START to_move 2
[21:43:26.198] STOP to_move 2 nodes_visited 219
[21:43:26.198] START to_move 1
[21:43:26.209] STOP to_move 1 nodes_visited 190
[21:43:26.209] START to_move 2
[21:43:26.223] STOP to_move 2 nodes_visited 231
[21:43:26.223] START to_move 1
[21:43:26.235] STOP to_move 1 nodes_visited 201
[21:43:26.235] START to_move 2
[21:43:26.246] STOP to_move 2 nodes_visited 213
[21:43:26.247] START to_move 1
[21:43:26.258] STOP to_move 1 nodes_visited 193
[21:43:26.258] START to_move 2
[21:43:26.270] STOP to_move 2 nodes_visited 215
[21:43:26.270] START to_move 1
[21:43:26.283] STOP to_move 1 nodes_visited 203
[21:43:26.283] START to_move 2
[21:43:26.296] STOP to_move 2 nodes_visited 239
[21:43:26.296] START to_move 1
[21:43:26.310] STOP to_move 1 nodes_visited 234
[21:43:26.311] START to_move 2
[21:43:26.320] STOP to_move 2 nodes_visited 169
[21:43:26.320] START to_move 1
[21:43:26.329] STOP to_move 1 nodes_visited 159
[21:43:26.329] START to_move 2
[21:43:26.339] STOP to_move 2 nodes_visited 172
[21:43:26.339] START to_move 1
[21:43:26.348] STOP to_move 1 nodes_visited 162
[21:43:26.348] START to_move 2
[21:43:26.412] STOP to_move 2 nodes_visited 1098
[21:43:26.412] START to_move 1
[21:43:26.428] STOP to_move 1 nodes_visited 252
[21:43:26.428] START to_move 2
[21:43:26.442] STOP to_move 2 nodes_visited 245
[21:43:26.442] START to_move 1
[21:43:26.454] STOP to_move 1 nodes_visited 197
[21:43:26.454] START to_move 2
[21:43:26.469] STOP to_move 2 nodes_visited 275
[21:43:26.469] START to_move 1
[21:43:26.481] STOP to_move 1 nodes_visited 200
[21:43:26.481] START to_move 2
[21:43:26.498] STOP to_move 2 nodes_visited 281
[21:43:26.498] START to_move 1
[21:43:26.510] STOP to_move 1 nodes_visited 195
[21:43:26.510] START to_move 2
[21:43:26.523] STOP to_move 2 nodes_visited 229
[21:43:26.523] START to_move 1
[21:43:26.532] STOP to_move 1 nodes_visited 148
[21:43:26.532] START to_move 2
[21:43:26.542] STOP to_move 2 nodes_visited 176
[21:43:26.542] START to_move 1
[21:43:26.552] STOP to_move 1 nodes_visited 167
[21:43:26.552] START to_move 2
[21:43:26.558] STOP to_move 2 nodes_visited 96
[21:43:26.558] START to_move 1
[21:43:26.564] STOP to_move 1 nodes_visited 104
[21:43:26.564] START to_move 2
[21:43:26.571] STOP to_move 2 nodes_visited 130
[21:43:26.571] START to_move 1
[21:43:26.580] STOP to_move 1 nodes_visited 138
[21:43:26.580] START to_move 2
[21:43:26.585] STOP to_move 2 nodes_visited 94
[21:43:26.585] START to_move 1
[21:43:26.590] STOP to_move 1 nodes_visited 84
[21:43:26.590] START to_move 2
[21:43:26.594] STOP to_move 2 nodes_visited 80
[21:43:26.594] START to_move 1
[21:43:26.597] STOP to_move 1 nodes_visited 54
[21:43:26.598] START to_move 2
[21:43:26.602] STOP to_move 2 nodes_visited 83
[21:43:26.602] START to_move 1
[21:43:26.605] STOP to_move 1 nodes_visited 55
[21:43:26.605] START to_move 2
[21:43:26.610] STOP to_move 2 nodes_visited 80
[21:43:26.610] START to_move 1
[21:43:26.614] STOP to_move 1 nodes_visited 71
[21:43:26.614] START to_move 2
[21:43:26.619] STOP to_move 2 nodes_visited 85
[21:43:26.619] START to_move 1
[21:43:26.623] STOP to_move 1 nodes_visited 66
[21:43:26.623] START to_move 2
[21:43:26.627] STOP to_move 2 nodes_visited 85
[21:43:26.627] START to_move 1
[21:43:26.631] STOP to_move 1 nodes_visited 66
[21:43:26.631] START to_move 2
[21:43:26.636] STOP to_move 2 nodes_visited 85
[21:43:26.636] START to_move 1
[21:43:26.640] STOP to_move 1 nodes_visited 63
[21:43:26.640] START to_move 2
[21:43:26.645] STOP to_move 2 nodes_visited 104
[21:43:26.646] START to_move 1
[21:43:26.651] STOP to_move 1 nodes_visited 82
[21:43:26.651] START to_move 2
[21:43:26.656] STOP to_move 2 nodes_visited 104
[21:43:26.656] START to_move 1
[21:43:26.661] STOP to_move 1 nodes_visited 82
[21:43:26.661] START to_move 2
[21:43:26.667] STOP to_move 2 nodes_visited 104
[21:43:26.667] START to_move 1
[21:43:26.672] STOP to_move 1 nodes_visited 78
[21:43:26.672] START to_move 2
[21:43:26.678] STOP to_move 2 nodes_visited 106
[21:43:26.678] START to_move 1
[21:43:26.683] STOP to_move 1 nodes_visited 82
[21:43:26.683] START to_move 2
[21:43:26.689] STOP to_move 2 nodes_visited 106
[21:43:26.689] START to_move 1
[21:43:26.694] STOP to_move 1 nodes_visited 80
[21:43:26.694] START to_move 2
[21:43:26.699] STOP to_move 2 nodes_visited 98
[21:43:26.699] START to_move 1
[21:43:26.703] STOP to_move 1 nodes_visited 57
[21:43:26.703] START to_move 2
[21:43:26.708] STOP to_move 2 nodes_visited 92
[21:43:26.708] START to_move 1
[21:43:26.711] STOP to_move 1 nodes_visited 57
[21:43:26.711] START to_move 2
[21:43:26.715] STOP to_move 2 nodes_visited 63
[21:43:26.715] START to_move 1
[21:43:26.718] STOP to_move 1 nodes_visited 49
[21:43:26.718] START to_move 2
[21:43:26.721] STOP to_move 2 nodes_visited 37
[21:43:26.721] START to_move 1
[21:43:26.722] STOP to_move 1 nodes_visited 31
[21:43:26.722] START to_move 2
[21:43:26.725] STOP to_move 2 nodes_visited 41
[21:43:26.725] START to_move 1
[21:43:26.727] STOP to_move 1 nodes_visited 32
[21:43:26.727] START to_move 2
[21:43:26.729] STOP to_move 2 nodes_visited 38
[21:43:26.729] START to_move 1
[21:43:26.731] STOP to_move 1 nodes_visited 43
[21:43:26.731] START to_move 2
[21:43:26.733] STOP to_move 2 nodes_visited 27
[21:43:26.733] START to_move 1
[21:43:26.734] STOP to_move 1 nodes_visited 17
[21:43:26.734] START to_move 2
[21:43:26.736] STOP to_move 2 nodes_visited 31
[21:43:26.736] START to_move 1
[21:43:26.738] STOP to_move 1 nodes_visited 23
[21:43:26.738] START to_move 2
[21:43:26.739] STOP to_move 2 nodes_visited 31
[21:43:26.739] START to_move 1
[21:43:26.740] STOP to_move 1 nodes_visited 17
[21:43:26.740] START to_move 2
[21:43:26.742] STOP to_move 2 nodes_visited 31
[21:43:26.742] START to_move 1
[21:43:26.744] STOP to_move 1 nodes_visited 22
[21:43:26.744] START to_move 2
[21:43:26.746] STOP to_move 2 nodes_visited 39
[21:43:26.746] START to_move 1
[21:43:26.747] STOP to_move 1 nodes_visited 23
[21:43:26.747] START to_move 2
[21:43:26.749] STOP to_move 2 nodes_visited 27
[21:43:26.749] START to_move 1
[21:43:26.750] STOP to_move 1 nodes_visited 18
[21:43:26.750] START to_move 2
[21:43:26.751] STOP to_move 2 nodes_visited 21
[21:43:26.751] START to_move 1
[21:43:26.752] STOP to_move 1 nodes_visited 11
[21:43:26.752] START to_move 2
[21:43:26.754] STOP to_move 2 nodes_visited 25
[21:43:26.754] START to_move 1
[21:43:26.754] STOP to_move 1 nodes_visited 14
[21:43:26.755] START to_move 2
[21:43:26.755] STOP to_move 2 nodes_visited 18
[21:43:26.756] START to_move 1
[21:43:26.756] STOP to_move 1 nodes_visited 12
[21:43:26.756] START to_move 2
[21:43:26.758] STOP to_move 2 nodes_visited 27
[21:43:26.758] START to_move 1
[21:43:26.759] STOP to_move 1 nodes_visited 17
[21:43:26.759] START to_move 2
[21:43:26.760] STOP to_move 2 nodes_visited 21
[21:43:26.760] START to_move 1
[21:43:26.761] STOP to_move 1 nodes_visited 21
[21:43:26.761] START to_move 2
[21:43:26.763] STOP to_move 2 nodes_visited 23
[21:43:26.763] START to_move 1
[21:43:26.764] STOP to_move 1 nodes_visited 19
[21:43:26.764] START to_move 2
[21:43:26.765] STOP to_move 2 nodes_visited 25
[21:43:26.765] START to_move 1
[21:43:26.766] STOP to_move 1 nodes_visited 10
[21:43:26.766] START to_move 2
[21:43:26.767] STOP to_move 2 nodes_visited 13
[21:43:26.767] START to_move 1
[21:43:26.767] STOP to_move 1 nodes_visited 6
[21:43:26.767] END winner 1 - rounds 405
