[21:11:12.345] 1 - distance_function chebyshev - pruning True
[21:11:12.345] 2 - distance_function euclides - pruning True
[21:11:12.346] START to_move 1
[21:11:12.355] STOP to_move 1 nodes_visited 159
[21:11:12.355] START to_move 2
[21:11:12.394] STOP to_move 2 nodes_visited 595
[21:11:12.395] START to_move 1
[21:11:12.406] STOP to_move 1 nodes_visited 158
[21:11:12.406] START to_move 2
[21:11:12.535] STOP to_move 2 nodes_visited 1863
[21:11:12.536] START to_move 1
[21:11:12.569] STOP to_move 1 nodes_visited 439
[21:11:12.571] START to_move 2
[21:11:12.732] STOP to_move 2 nodes_visited 2119
[21:11:12.734] START to_move 1
[21:11:12.796] STOP to_move 1 nodes_visited 803
[21:11:12.796] START to_move 2
[21:11:12.958] STOP to_move 2 nodes_visited 2326
[21:11:12.959] START to_move 1
[21:11:13.009] STOP to_move 1 nodes_visited 645
[21:11:13.009] START to_move 2
[21:11:13.215] STOP to_move 2 nodes_visited 2913
[21:11:13.217] START to_move 1
[21:11:13.260] STOP to_move 1 nodes_visited 621
[21:11:13.261] START to_move 2
[21:11:13.518] STOP to_move 2 nodes_visited 3679
[21:11:13.520] START to_move 1
[21:11:13.562] STOP to_move 1 nodes_visited 627
[21:11:13.562] START to_move 2
[21:11:13.759] STOP to_move 2 nodes_visited 3078
[21:11:13.761] START to_move 1
[21:11:13.793] STOP to_move 1 nodes_visited 467
[21:11:13.793] START to_move 2
[21:11:13.965] STOP to_move 2 nodes_visited 2630
[21:11:13.966] START to_move 1
[21:11:14.001] STOP to_move 1 nodes_visited 527
[21:11:14.001] START to_move 2
[21:11:14.269] STOP to_move 2 nodes_visited 3846
[21:11:14.272] START to_move 1
[21:11:14.307] STOP to_move 1 nodes_visited 522
[21:11:14.307] START to_move 2
[21:11:14.614] STOP to_move 2 nodes_visited 4378
[21:11:14.616] START to_move 1
[21:11:14.649] STOP to_move 1 nodes_visited 517
[21:11:14.649] START to_move 2
[21:11:14.946] STOP to_move 2 nodes_visited 4355
[21:11:14.949] START to_move 1
[21:11:14.986] STOP to_move 1 nodes_visited 565
[21:11:14.986] START to_move 2
[21:11:15.327] STOP to_move 2 nodes_visited 4990
[21:11:15.330] START to_move 1
[21:11:15.378] STOP to_move 1 nodes_visited 770
[21:11:15.379] START to_move 2
[21:11:15.718] STOP to_move 2 nodes_visited 4984
[21:11:15.721] START to_move 1
[21:11:15.765] STOP to_move 1 nodes_visited 686
[21:11:15.765] START to_move 2
[21:11:16.066] STOP to_move 2 nodes_visited 4373
[21:11:16.069] START to_move 1
[21:11:16.114] STOP to_move 1 nodes_visited 660
[21:11:16.115] START to_move 2
[21:11:16.463] STOP to_move 2 nodes_visited 4902
[21:11:16.466] START to_move 1
[21:11:16.511] STOP to_move 1 nodes_visited 707
[21:11:16.512] START to_move 2
[21:11:16.804] STOP to_move 2 nodes_visited 3847
[21:11:16.806] START to_move 1
[21:11:16.848] STOP to_move 1 nodes_visited 658
[21:11:16.849] START to_move 2
[21:11:17.076] STOP to_move 2 nodes_visited 3192
[21:11:17.078] START to_move 1
[21:11:17.125] STOP to_move 1 nodes_visited 716
[21:11:17.125] START to_move 2
[21:11:17.405] STOP to_move 2 nodes_visited 4009
[21:11:17.407] START to_move 1
[21:11:17.456] STOP to_move 1 nodes_visited 762
[21:11:17.457] START to_move 2
[21:11:17.654] STOP to_move 2 nodes_visited 2780
[21:11:17.655] START to_move 1
[21:11:17.706] STOP to_move 1 nodes_visited 773
[21:11:17.706] START to_move 2
[21:11:17.946] STOP to_move 2 nodes_visited 3262
[21:11:17.948] START to_move 1
[21:11:18.005] STOP to_move 1 nodes_visited 843
[21:11:18.006] START to_move 2
[21:11:18.273] STOP to_move 2 nodes_visited 3615
[21:11:18.275] START to_move 1
[21:11:18.332] STOP to_move 1 nodes_visited 840
[21:11:18.333] START to_move 2
[21:11:18.881] STOP to_move 2 nodes_visited 7252
[21:11:18.886] START to_move 1
[21:11:18.942] STOP to_move 1 nodes_visited 835
[21:11:18.943] START to_move 2
[21:11:19.359] STOP to_move 2 nodes_visited 6037
[21:11:19.362] START to_move 1
[21:11:19.418] STOP to_move 1 nodes_visited 841
[21:11:19.419] START to_move 2
[21:11:19.828] STOP to_move 2 nodes_visited 6060
[21:11:19.832] START to_move 1
[21:11:19.888] STOP to_move 1 nodes_visited 850
[21:11:19.889] START to_move 2
[21:11:20.290] STOP to_move 2 nodes_visited 5865
[21:11:20.293] START to_move 1
[21:11:20.348] STOP to_move 1 nodes_visited 826
[21:11:20.349] START to_move 2
[21:11:20.738] STOP to_move 2 nodes_visited 5640
[21:11:20.742] START to_move 1
[21:11:20.789] STOP to_move 1 nodes_visited 716
[21:11:20.789] START to_move 2
[21:11:21.186] STOP to_move 2 nodes_visited 5554
[21:11:21.189] START to_move 1
[21:11:21.242] STOP to_move 1 nodes_visited 796
[21:11:21.242] START to_move 2
[21:11:21.465] STOP to_move 2 nodes_visited 3306
[21:11:21.467] START to_move 1
[21:11:21.520] STOP to_move 1 nodes_visited 796
[21:11:21.520] START to_move 2
[21:11:22.004] STOP to_move 2 nodes_visited 6296
[21:11:22.007] START to_move 1
[21:11:22.056] STOP to_move 1 nodes_visited 728
[21:11:22.056] START to_move 2
[21:11:22.500] STOP to_move 2 nodes_visited 5836
[21:11:22.504] START to_move 1
[21:11:22.559] STOP to_move 1 nodes_visited 834
[21:11:22.560] START to_move 2
[21:11:22.895] STOP to_move 2 nodes_visited 4565
[21:11:22.898] START to_move 1
[21:11:22.947] STOP to_move 1 nodes_visited 730
[21:11:22.947] START to_move 2
[21:11:23.195] STOP to_move 2 nodes_visited 3548
[21:11:23.197] START to_move 1
[21:11:23.248] STOP to_move 1 nodes_visited 777
[21:11:23.249] START to_move 2
[21:11:23.480] STOP to_move 2 nodes_visited 3311
[21:11:23.482] START to_move 1
[21:11:23.520] STOP to_move 1 nodes_visited 575
[21:11:23.520] START to_move 2
[21:11:23.675] STOP to_move 2 nodes_visited 2344
[21:11:23.677] START to_move 1
[21:11:23.798] STOP to_move 1 nodes_visited 1796
[21:11:23.799] START to_move 2
[21:11:24.219] STOP to_move 2 nodes_visited 5669
[21:11:24.222] START to_move 1
[21:11:24.347] STOP to_move 1 nodes_visited 1863
[21:11:24.348] START to_move 2
[21:11:24.575] STOP to_move 2 nodes_visited 3364
[21:11:24.577] START to_move 1
[21:11:24.703] STOP to_move 1 nodes_visited 1863
[21:11:24.704] START to_move 2
[21:11:24.942] STOP to_move 2 nodes_visited 3455
[21:11:24.944] START to_move 1
[21:11:25.078] STOP to_move 1 nodes_visited 1989
[21:11:25.080] START to_move 2
[21:11:25.340] STOP to_move 2 nodes_visited 3858
[21:11:25.343] START to_move 1
[21:11:25.474] STOP to_move 1 nodes_visited 1902
[21:11:25.475] START to_move 2
[21:11:25.715] STOP to_move 2 nodes_visited 3548
[21:11:25.717] START to_move 1
[21:11:25.854] STOP to_move 1 nodes_visited 2022
[21:11:25.855] START to_move 2
[21:11:26.046] STOP to_move 2 nodes_visited 2942
[21:11:26.048] START to_move 1
[21:11:26.204] STOP to_move 1 nodes_visited 2272
[21:11:26.205] START to_move 2
[21:11:26.415] STOP to_move 2 nodes_visited 3240
[21:11:26.416] START to_move 1
[21:11:26.447] STOP to_move 1 nodes_visited 495
[21:11:26.447] START to_move 2
[21:11:26.725] STOP to_move 2 nodes_visited 4296
[21:11:26.727] START to_move 1
[21:11:26.758] STOP to_move 1 nodes_visited 504
[21:11:26.759] START to_move 2
[21:11:27.041] STOP to_move 2 nodes_visited 4285
[21:11:27.043] START to_move 1
[21:11:27.130] STOP to_move 1 nodes_visited 1258
[21:11:27.131] START to_move 2
[21:11:27.348] STOP to_move 2 nodes_visited 3269
[21:11:27.349] START to_move 1
[21:11:27.480] STOP to_move 1 nodes_visited 1874
[21:11:27.482] START to_move 2
[21:11:27.855] STOP to_move 2 nodes_visited 5474
[21:11:27.859] START to_move 1
[21:11:27.984] STOP to_move 1 nodes_visited 1756
[21:11:27.985] START to_move 2
[21:11:28.278] STOP to_move 2 nodes_visited 4232
[21:11:28.280] START to_move 1
[21:11:28.366] STOP to_move 1 nodes_visited 1230
[21:11:28.367] START to_move 2
[21:11:28.694] STOP to_move 2 nodes_visited 4987
[21:11:28.697] START to_move 1
[21:11:28.820] STOP to_move 1 nodes_visited 1804
[21:11:28.821] START to_move 2
[21:11:29.033] STOP to_move 2 nodes_visited 3180
[21:11:29.034] START to_move 1
[21:11:29.143] STOP to_move 1 nodes_visited 1613
[21:11:29.144] START to_move 2
[21:11:29.437] STOP to_move 2 nodes_visited 4294
[21:11:29.439] START to_move 1
[21:11:29.494] STOP to_move 1 nodes_visited 837
[21:11:29.495] START to_move 2
[21:11:29.713] STOP to_move 2 nodes_visited 3361
[21:11:29.715] START to_move 1
[21:11:29.791] STOP to_move 1 nodes_visited 1168
[21:11:29.791] START to_move 2
[21:11:30.034] STOP to_move 2 nodes_visited 3547
[21:11:30.036] START to_move 1
[21:11:30.074] STOP to_move 1 nodes_visited 575
[21:11:30.075] START to_move 2
[21:11:30.383] STOP to_move 2 nodes_visited 4429
[21:11:30.385] START to_move 1
[21:11:30.453] STOP to_move 1 nodes_visited 1050
[21:11:30.454] START to_move 2
[21:11:30.709] STOP to_move 2 nodes_visited 3800
[21:11:30.712] START to_move 1
[21:11:30.749] STOP to_move 1 nodes_visited 576
[21:11:30.749] START to_move 2
[21:11:30.976] STOP to_move 2 nodes_visited 3453
[21:11:30.978] START to_move 1
[21:11:31.013] STOP to_move 1 nodes_visited 549
[21:11:31.014] START to_move 2
[21:11:31.287] STOP to_move 2 nodes_visited 4239
[21:11:31.289] START to_move 1
[21:11:31.327] STOP to_move 1 nodes_visited 554
[21:11:31.328] START to_move 2
[21:11:31.553] STOP to_move 2 nodes_visited 3483
[21:11:31.555] START to_move 1
[21:11:31.613] STOP to_move 1 nodes_visited 894
[21:11:31.614] START to_move 2
[21:11:31.746] STOP to_move 2 nodes_visited 1972
[21:11:31.747] START to_move 1
[21:11:31.864] STOP to_move 1 nodes_visited 1835
[21:11:31.865] START to_move 2
[21:11:32.270] STOP to_move 2 nodes_visited 5599
[21:11:32.273] START to_move 1
[21:11:32.409] STOP to_move 1 nodes_visited 2152
[21:11:32.411] START to_move 2
[21:11:32.754] STOP to_move 2 nodes_visited 4894
[21:11:32.757] START to_move 1
[21:11:32.993] STOP to_move 1 nodes_visited 3677
[21:11:32.995] START to_move 2
[21:11:33.255] STOP to_move 2 nodes_visited 3842
[21:11:33.257] START to_move 1
[21:11:33.495] STOP to_move 1 nodes_visited 3673
[21:11:33.497] START to_move 2
[21:11:33.791] STOP to_move 2 nodes_visited 4306
[21:11:33.793] START to_move 1
[21:11:34.013] STOP to_move 1 nodes_visited 3359
[21:11:34.016] START to_move 2
[21:11:34.291] STOP to_move 2 nodes_visited 4096
[21:11:34.293] START to_move 1
[21:11:34.358] STOP to_move 1 nodes_visited 1020
[21:11:34.359] START to_move 2
[21:11:34.680] STOP to_move 2 nodes_visited 4818
[21:11:34.683] START to_move 1
[21:11:34.741] STOP to_move 1 nodes_visited 896
[21:11:34.742] START to_move 2
[21:11:35.065] STOP to_move 2 nodes_visited 4803
[21:11:35.070] START to_move 1
[21:11:35.147] STOP to_move 1 nodes_visited 1198
[21:11:35.147] START to_move 2
[21:11:35.401] STOP to_move 2 nodes_visited 3840
[21:11:35.404] START to_move 1
[21:11:35.468] STOP to_move 1 nodes_visited 1010
[21:11:35.468] START to_move 2
[21:11:35.683] STOP to_move 2 nodes_visited 3344
[21:11:35.685] START to_move 1
[21:11:35.853] STOP to_move 1 nodes_visited 2598
[21:11:35.855] START to_move 2
[21:11:36.123] STOP to_move 2 nodes_visited 4021
[21:11:36.125] START to_move 1
[21:11:36.193] STOP to_move 1 nodes_visited 1084
[21:11:36.194] START to_move 2
[21:11:36.439] STOP to_move 2 nodes_visited 3704
[21:11:36.441] START to_move 1
[21:11:36.489] STOP to_move 1 nodes_visited 753
[21:11:36.489] START to_move 2
[21:11:36.743] STOP to_move 2 nodes_visited 3944
[21:11:36.745] START to_move 1
[21:11:36.759] STOP to_move 1 nodes_visited 239
[21:11:36.759] START to_move 2
[21:11:37.071] STOP to_move 2 nodes_visited 4421
[21:11:37.074] START to_move 1
[21:11:37.152] STOP to_move 1 nodes_visited 1206
[21:11:37.153] START to_move 2
[21:11:37.380] STOP to_move 2 nodes_visited 3519
[21:11:37.382] START to_move 1
[21:11:37.396] STOP to_move 1 nodes_visited 240
[21:11:37.397] START to_move 2
[21:11:37.668] STOP to_move 2 nodes_visited 4208
[21:11:37.670] START to_move 1
[21:11:37.724] STOP to_move 1 nodes_visited 865
[21:11:37.724] START to_move 2
[21:11:37.955] STOP to_move 2 nodes_visited 3634
[21:11:37.957] START to_move 1
[21:11:37.972] STOP to_move 1 nodes_visited 243
[21:11:37.972] START to_move 2
[21:11:38.232] STOP to_move 2 nodes_visited 4069
[21:11:38.235] START to_move 1
[21:11:38.249] STOP to_move 1 nodes_visited 240
[21:11:38.249] START to_move 2
[21:11:38.479] STOP to_move 2 nodes_visited 3565
[21:11:38.481] START to_move 1
[21:11:38.495] STOP to_move 1 nodes_visited 239
[21:11:38.495] START to_move 2
[21:11:38.717] STOP to_move 2 nodes_visited 3432
[21:11:38.719] START to_move 1
[21:11:38.766] STOP to_move 1 nodes_visited 750
[21:11:38.766] START to_move 2
[21:11:38.981] STOP to_move 2 nodes_visited 3344
[21:11:38.983] START to_move 1
[21:11:38.997] STOP to_move 1 nodes_visited 242
[21:11:38.998] START to_move 2
[21:11:39.216] STOP to_move 2 nodes_visited 3394
[21:11:39.218] START to_move 1
[21:11:39.232] STOP to_move 1 nodes_visited 241
[21:11:39.233] START to_move 2
[21:11:39.462] STOP to_move 2 nodes_visited 3449
[21:11:39.464] START to_move 1
[21:11:39.479] STOP to_move 1 nodes_visited 237
[21:11:39.479] START to_move 2
[21:11:39.703] STOP to_move 2 nodes_visited 3403
[21:11:39.705] START to_move 1
[21:11:39.720] STOP to_move 1 nodes_visited 241
[21:11:39.720] START to_move 2
[21:11:39.921] STOP to_move 2 nodes_visited 3212
[21:11:39.923] START to_move 1
[21:11:39.937] STOP to_move 1 nodes_visited 240
[21:11:39.937] START to_move 2
[21:11:40.092] STOP to_move 2 nodes_visited 2390
[21:11:40.093] START to_move 1
[21:11:40.107] STOP to_move 1 nodes_visited 246
[21:11:40.108] START to_move 2
[21:11:40.247] STOP to_move 2 nodes_visited 2169
[21:11:40.248] START to_move 1
[21:11:40.290] STOP to_move 1 nodes_visited 666
[21:11:40.290] START to_move 2
[21:11:40.375] STOP to_move 2 nodes_visited 1354
[21:11:40.376] START to_move 1
[21:11:40.390] STOP to_move 1 nodes_visited 239
[21:11:40.391] START to_move 2
[21:11:40.561] STOP to_move 2 nodes_visited 2590
[21:11:40.562] START to_move 1
[21:11:40.576] STOP to_move 1 nodes_visited 234
[21:11:40.576] START to_move 2
[21:11:40.687] STOP to_move 2 nodes_visited 1784
[21:11:40.688] START to_move 1
[21:11:40.706] STOP to_move 1 nodes_visited 297
[21:11:40.707] START to_move 2
[21:11:40.907] STOP to_move 2 nodes_visited 3020
[21:11:40.908] START to_move 1
[21:11:40.922] STOP to_move 1 nodes_visited 233
[21:11:40.922] START to_move 2
[21:11:41.038] STOP to_move 2 nodes_visited 1845
[21:11:41.039] START to_move 1
[21:11:41.052] STOP to_move 1 nodes_visited 228
[21:11:41.052] START to_move 2
[21:11:41.171] STOP to_move 2 nodes_visited 1874
[21:11:41.172] START to_move 1
[21:11:41.186] STOP to_move 1 nodes_visited 223
[21:11:41.186] START to_move 2
[21:11:41.400] STOP to_move 2 nodes_visited 3239
[21:11:41.402] START to_move 1
[21:11:41.416] STOP to_move 1 nodes_visited 217
[21:11:41.416] START to_move 2
[21:11:41.516] STOP to_move 2 nodes_visited 1584
[21:11:41.517] START to_move 1
[21:11:41.530] STOP to_move 1 nodes_visited 216
[21:11:41.530] START to_move 2
[21:11:41.689] STOP to_move 2 nodes_visited 2472
[21:11:41.690] START to_move 1
[21:11:41.703] STOP to_move 1 nodes_visited 219
[21:11:41.704] START to_move 2
[21:11:41.821] STOP to_move 2 nodes_visited 1874
[21:11:41.822] START to_move 1
[21:11:41.836] STOP to_move 1 nodes_visited 222
[21:11:41.836] START to_move 2
[21:11:41.942] STOP to_move 2 nodes_visited 1670
[21:11:41.943] START to_move 1
[21:11:41.956] STOP to_move 1 nodes_visited 229
[21:11:41.957] START to_move 2
[21:11:42.057] STOP to_move 2 nodes_visited 1619
[21:11:42.058] START to_move 1
[21:11:42.071] STOP to_move 1 nodes_visited 229
[21:11:42.072] START to_move 2
[21:11:42.274] STOP to_move 2 nodes_visited 3137
[21:11:42.276] START to_move 1
[21:11:42.290] STOP to_move 1 nodes_visited 232
[21:11:42.290] START to_move 2
[21:11:42.491] STOP to_move 2 nodes_visited 3058
[21:11:42.492] START to_move 1
[21:11:42.506] STOP to_move 1 nodes_visited 236
[21:11:42.506] START to_move 2
[21:11:42.690] STOP to_move 2 nodes_visited 2902
[21:11:42.692] START to_move 1
[21:11:42.712] STOP to_move 1 nodes_visited 327
[21:11:42.713] START to_move 2
[21:11:42.920] STOP to_move 2 nodes_visited 3157
[21:11:42.921] START to_move 1
[21:11:42.935] STOP to_move 1 nodes_visited 233
[21:11:42.936] START to_move 2
[21:11:43.144] STOP to_move 2 nodes_visited 3128
[21:11:43.146] START to_move 1
[21:11:43.177] STOP to_move 1 nodes_visited 499
[21:11:43.178] START to_move 2
[21:11:43.365] STOP to_move 2 nodes_visited 2818
[21:11:43.367] START to_move 1
[21:11:43.380] STOP to_move 1 nodes_visited 218
[21:11:43.380] START to_move 2
[21:11:43.537] STOP to_move 2 nodes_visited 2375
[21:11:43.539] START to_move 1
[21:11:43.554] STOP to_move 1 nodes_visited 258
[21:11:43.554] START to_move 2
[21:11:43.671] STOP to_move 2 nodes_visited 1725
[21:11:43.672] START to_move 1
[21:11:43.730] STOP to_move 1 nodes_visited 883
[21:11:43.730] START to_move 2
[21:11:43.885] STOP to_move 2 nodes_visited 2324
[21:11:43.886] START to_move 1
[21:11:43.901] STOP to_move 1 nodes_visited 248
[21:11:43.901] START to_move 2
[21:11:44.005] STOP to_move 2 nodes_visited 1602
[21:11:44.006] START to_move 1
[21:11:44.021] STOP to_move 1 nodes_visited 252
[21:11:44.021] START to_move 2
[21:11:44.070] STOP to_move 2 nodes_visited 785
[21:11:44.071] START to_move 1
[21:11:44.086] STOP to_move 1 nodes_visited 252
[21:11:44.086] START to_move 2
[21:11:44.135] STOP to_move 2 nodes_visited 785
[21:11:44.135] START to_move 1
[21:11:44.151] STOP to_move 1 nodes_visited 256
[21:11:44.151] START to_move 2
[21:11:44.201] STOP to_move 2 nodes_visited 785
[21:11:44.201] START to_move 1
[21:11:44.217] STOP to_move 1 nodes_visited 256
[21:11:44.217] START to_move 2
[21:11:44.308] STOP to_move 2 nodes_visited 1404
[21:11:44.309] START to_move 1
[21:11:44.324] STOP to_move 1 nodes_visited 252
[21:11:44.324] START to_move 2
[21:11:44.361] STOP to_move 2 nodes_visited 588
[21:11:44.361] START to_move 1
[21:11:44.377] STOP to_move 1 nodes_visited 267
[21:11:44.377] START to_move 2
[21:11:44.436] STOP to_move 2 nodes_visited 936
[21:11:44.436] START to_move 1
[21:11:44.451] STOP to_move 1 nodes_visited 265
[21:11:44.452] START to_move 2
[21:11:44.494] STOP to_move 2 nodes_visited 661
[21:11:44.494] START to_move 1
[21:11:44.509] STOP to_move 1 nodes_visited 247
[21:11:44.509] START to_move 2
[21:11:44.541] STOP to_move 2 nodes_visited 511
[21:11:44.541] START to_move 1
[21:11:44.556] STOP to_move 1 nodes_visited 259
[21:11:44.556] START to_move 2
[21:11:44.596] STOP to_move 2 nodes_visited 648
[21:11:44.597] START to_move 1
[21:11:44.610] STOP to_move 1 nodes_visited 222
[21:11:44.610] START to_move 2
[21:11:44.683] STOP to_move 2 nodes_visited 1154
[21:11:44.684] START to_move 1
[21:11:44.703] STOP to_move 1 nodes_visited 318
[21:11:44.704] START to_move 2
[21:11:44.783] STOP to_move 2 nodes_visited 1204
[21:11:44.784] START to_move 1
[21:11:44.800] STOP to_move 1 nodes_visited 277
[21:11:44.800] START to_move 2
[21:11:44.851] STOP to_move 2 nodes_visited 828
[21:11:44.852] START to_move 1
[21:11:44.867] STOP to_move 1 nodes_visited 250
[21:11:44.867] START to_move 2
[21:11:44.905] STOP to_move 2 nodes_visited 622
[21:11:44.906] START to_move 1
[21:11:44.925] STOP to_move 1 nodes_visited 310
[21:11:44.925] START to_move 2
[21:11:44.977] STOP to_move 2 nodes_visited 840
[21:11:44.978] START to_move 1
[21:11:44.989] STOP to_move 1 nodes_visited 177
[21:11:44.989] START to_move 2
[21:11:45.031] STOP to_move 2 nodes_visited 675
[21:11:45.032] START to_move 1
[21:11:45.041] STOP to_move 1 nodes_visited 164
[21:11:45.042] START to_move 2
[21:11:45.073] STOP to_move 2 nodes_visited 490
[21:11:45.074] START to_move 1
[21:11:45.084] STOP to_move 1 nodes_visited 169
[21:11:45.084] START to_move 2
[21:11:45.129] STOP to_move 2 nodes_visited 714
[21:11:45.129] START to_move 1
[21:11:45.147] STOP to_move 1 nodes_visited 294
[21:11:45.148] START to_move 2
[21:11:45.208] STOP to_move 2 nodes_visited 936
[21:11:45.209] START to_move 1
[21:11:45.219] STOP to_move 1 nodes_visited 170
[21:11:45.219] START to_move 2
[21:11:45.272] STOP to_move 2 nodes_visited 816
[21:11:45.273] START to_move 1
[21:11:45.282] STOP to_move 1 nodes_visited 156
[21:11:45.282] START to_move 2
[21:11:45.326] STOP to_move 2 nodes_visited 678
[21:11:45.326] START to_move 1
[21:11:45.336] STOP to_move 1 nodes_visited 171
[21:11:45.337] START to_move 2
[21:11:45.373] STOP to_move 2 nodes_visited 541
[21:11:45.373] START to_move 1
[21:11:45.382] STOP to_move 1 nodes_visited 155
[21:11:45.382] START to_move 2
[21:11:45.397] STOP to_move 2 nodes_visited 226
[21:11:45.397] START to_move 1
[21:11:45.406] STOP to_move 1 nodes_visited 149
[21:11:45.406] START to_move 2
[21:11:45.424] STOP to_move 2 nodes_visited 271
[21:11:45.424] START to_move 1
[21:11:45.433] STOP to_move 1 nodes_visited 147
[21:11:45.433] START to_move 2
[21:11:45.452] STOP to_move 2 nodes_visited 310
[21:11:45.452] START to_move 1
[21:11:45.463] STOP to_move 1 nodes_visited 171
[21:11:45.463] START to_move 2
[21:11:45.479] STOP to_move 2 nodes_visited 252
[21:11:45.479] START to_move 1
[21:11:45.488] STOP to_move 1 nodes_visited 141
[21:11:45.488] START to_move 2
[21:11:45.512] STOP to_move 2 nodes_visited 348
[21:11:45.512] START to_move 1
[21:11:45.521] STOP to_move 1 nodes_visited 155
[21:11:45.522] START to_move 2
[21:11:45.542] STOP to_move 2 nodes_visited 301
[21:11:45.542] START to_move 1
[21:11:45.551] STOP to_move 1 nodes_visited 147
[21:11:45.551] START to_move 2
[21:11:45.577] STOP to_move 2 nodes_visited 395
[21:11:45.577] START to_move 1
[21:11:45.586] STOP to_move 1 nodes_visited 151
[21:11:45.587] START to_move 2
[21:11:45.606] STOP to_move 2 nodes_visited 304
[21:11:45.606] START to_move 1
[21:11:45.616] STOP to_move 1 nodes_visited 145
[21:11:45.616] START to_move 2
[21:11:45.642] STOP to_move 2 nodes_visited 401
[21:11:45.642] START to_move 1
[21:11:45.651] STOP to_move 1 nodes_visited 149
[21:11:45.651] START to_move 2
[21:11:45.677] STOP to_move 2 nodes_visited 383
[21:11:45.677] START to_move 1
[21:11:45.687] STOP to_move 1 nodes_visited 147
[21:11:45.687] START to_move 2
[21:11:45.711] STOP to_move 2 nodes_visited 367
[21:11:45.711] START to_move 1
[21:11:45.721] STOP to_move 1 nodes_visited 151
[21:11:45.721] START to_move 2
[21:11:45.748] STOP to_move 2 nodes_visited 401
[21:11:45.748] START to_move 1
[21:11:45.757] STOP to_move 1 nodes_visited 149
[21:11:45.757] START to_move 2
[21:11:45.780] STOP to_move 2 nodes_visited 360
[21:11:45.780] START to_move 1
[21:11:45.791] STOP to_move 1 nodes_visited 177
[21:11:45.791] START to_move 2
[21:11:45.809] STOP to_move 2 nodes_visited 281
[21:11:45.809] START to_move 1
[21:11:45.818] STOP to_move 1 nodes_visited 153
[21:11:45.818] START to_move 2
[21:11:45.842] STOP to_move 2 nodes_visited 371
[21:11:45.842] START to_move 1
[21:11:45.851] STOP to_move 1 nodes_visited 153
[21:11:45.851] START to_move 2
[21:11:45.875] STOP to_move 2 nodes_visited 369
[21:11:45.875] START to_move 1
[21:11:45.884] STOP to_move 1 nodes_visited 159
[21:11:45.884] START to_move 2
[21:11:45.906] STOP to_move 2 nodes_visited 355
[21:11:45.906] START to_move 1
[21:11:45.916] STOP to_move 1 nodes_visited 159
[21:11:45.916] START to_move 2
[21:11:45.933] STOP to_move 2 nodes_visited 269
[21:11:45.933] START to_move 1
[21:11:45.942] STOP to_move 1 nodes_visited 154
[21:11:45.942] START to_move 2
[21:11:45.962] STOP to_move 2 nodes_visited 319
[21:11:45.962] START to_move 1
[21:11:45.973] STOP to_move 1 nodes_visited 181
[21:11:45.973] START to_move 2
[21:11:45.989] STOP to_move 2 nodes_visited 256
[21:11:45.989] START to_move 1
[21:11:45.999] STOP to_move 1 nodes_visited 154
[21:11:45.999] START to_move 2
[21:11:46.020] STOP to_move 2 nodes_visited 335
[21:11:46.021] START to_move 1
[21:11:46.030] STOP to_move 1 nodes_visited 159
[21:11:46.030] START to_move 2
[21:11:46.046] STOP to_move 2 nodes_visited 255
[21:11:46.046] START to_move 1
[21:11:46.055] STOP to_move 1 nodes_visited 158
[21:11:46.056] START to_move 2
[21:11:46.056] STOP to_move 2 nodes_visited 9
[21:11:46.056] START to_move 1
[21:11:46.077] STOP to_move 1 nodes_visited 341
[21:11:46.077] START to_move 2
[21:11:46.083] STOP to_move 2 nodes_visited 105
[21:11:46.083] START to_move 1
[21:11:46.094] STOP to_move 1 nodes_visited 175
[21:11:46.094] START to_move 2
[21:11:46.106] STOP to_move 2 nodes_visited 216
[21:11:46.106] START to_move 1
[21:11:46.116] STOP to_move 1 nodes_visited 172
[21:11:46.117] START to_move 2
[21:11:46.119] STOP to_move 2 nodes_visited 47
[21:11:46.119] START to_move 1
[21:11:46.145] STOP to_move 1 nodes_visited 371
[21:11:46.145] START to_move 2
[21:11:46.156] STOP to_move 2 nodes_visited 187
[21:11:46.156] START to_move 1
[21:11:46.166] STOP to_move 1 nodes_visited 169
[21:11:46.166] START to_move 2
[21:11:46.177] STOP to_move 2 nodes_visited 177
[21:11:46.177] START to_move 1
[21:11:46.186] STOP to_move 1 nodes_visited 160
[21:11:46.187] START to_move 2
[21:11:46.192] STOP to_move 2 nodes_visited 91
[21:11:46.192] START to_move 1
[21:11:46.202] STOP to_move 1 nodes_visited 155
[21:11:46.202] START to_move 2
[21:11:46.213] STOP to_move 2 nodes_visited 179
[21:11:46.213] START to_move 1
[21:11:46.222] STOP to_move 1 nodes_visited 158
[21:11:46.222] START to_move 2
[21:11:46.228] STOP to_move 2 nodes_visited 91
[21:11:46.228] START to_move 1
[21:11:46.237] STOP to_move 1 nodes_visited 159
[21:11:46.237] START to_move 2
[21:11:46.248] STOP to_move 2 nodes_visited 179
[21:11:46.248] START to_move 1
[21:11:46.258] STOP to_move 1 nodes_visited 158
[21:11:46.258] START to_move 2
[21:11:46.263] STOP to_move 2 nodes_visited 89
[21:11:46.263] START to_move 1
[21:11:46.272] STOP to_move 1 nodes_visited 157
[21:11:46.273] START to_move 2
[21:11:46.283] STOP to_move 2 nodes_visited 177
[21:11:46.283] START to_move 1
[21:11:46.293] STOP to_move 1 nodes_visited 156
[21:11:46.293] START to_move 2
[21:11:46.299] STOP to_move 2 nodes_visited 91
[21:11:46.299] START to_move 1
[21:11:46.308] STOP to_move 1 nodes_visited 159
[21:11:46.308] START to_move 2
[21:11:46.320] STOP to_move 2 nodes_visited 183
[21:11:46.320] START to_move 1
[21:11:46.330] STOP to_move 1 nodes_visited 154
[21:11:46.330] START to_move 2
[21:11:46.336] STOP to_move 2 nodes_visited 92
[21:11:46.336] START to_move 1
[21:11:46.345] STOP to_move 1 nodes_visited 153
[21:11:46.345] START to_move 2
[21:11:46.357] STOP to_move 2 nodes_visited 193
[21:11:46.357] START to_move 1
[21:11:46.367] STOP to_move 1 nodes_visited 158
[21:11:46.367] START to_move 2
[21:11:46.373] STOP to_move 2 nodes_visited 97
[21:11:46.373] START to_move 1
[21:11:46.383] STOP to_move 1 nodes_visited 159
[21:11:46.383] START to_move 2
[21:11:46.395] STOP to_move 2 nodes_visited 193
[21:11:46.395] START to_move 1
[21:11:46.405] STOP to_move 1 nodes_visited 160
[21:11:46.405] START to_move 2
[21:11:46.411] STOP to_move 2 nodes_visited 97
[21:11:46.411] START to_move 1
[21:11:46.421] STOP to_move 1 nodes_visited 161
[21:11:46.421] START to_move 2
[21:11:46.433] STOP to_move 2 nodes_visited 193
[21:11:46.433] START to_move 1
[21:11:46.443] STOP to_move 1 nodes_visited 160
[21:11:46.443] START to_move 2
[21:11:46.449] STOP to_move 2 nodes_visited 97
[21:11:46.449] START to_move 1
[21:11:46.458] STOP to_move 1 nodes_visited 159
[21:11:46.458] START to_move 2
[21:11:46.470] STOP to_move 2 nodes_visited 187
[21:11:46.470] START to_move 1
[21:11:46.480] STOP to_move 1 nodes_visited 148
[21:11:46.480] START to_move 2
[21:11:46.485] STOP to_move 2 nodes_visited 89
[21:11:46.485] START to_move 1
[21:11:46.494] STOP to_move 1 nodes_visited 149
[21:11:46.494] START to_move 2
[21:11:46.505] STOP to_move 2 nodes_visited 171
[21:11:46.505] START to_move 1
[21:11:46.514] STOP to_move 1 nodes_visited 137
[21:11:46.514] START to_move 2
[21:11:46.520] STOP to_move 2 nodes_visited 86
[21:11:46.520] START to_move 1
[21:11:46.528] STOP to_move 1 nodes_visited 139
[21:11:46.529] START to_move 2
[21:11:46.539] STOP to_move 2 nodes_visited 165
[21:11:46.539] START to_move 1
[21:11:46.547] STOP to_move 1 nodes_visited 134
[21:11:46.547] START to_move 2
[21:11:46.552] STOP to_move 2 nodes_visited 83
[21:11:46.552] START to_move 1
[21:11:46.561] STOP to_move 1 nodes_visited 131
[21:11:46.561] START to_move 2
[21:11:46.571] STOP to_move 2 nodes_visited 173
[21:11:46.571] START to_move 1
[21:11:46.580] STOP to_move 1 nodes_visited 132
[21:11:46.580] START to_move 2
[21:11:46.585] STOP to_move 2 nodes_visited 85
[21:11:46.585] START to_move 1
[21:11:46.593] STOP to_move 1 nodes_visited 135
[21:11:46.594] START to_move 2
[21:11:46.604] STOP to_move 2 nodes_visited 169
[21:11:46.604] START to_move 1
[21:11:46.612] STOP to_move 1 nodes_visited 132
[21:11:46.612] START to_move 2
[21:11:46.618] STOP to_move 2 nodes_visited 88
[21:11:46.618] START to_move 1
[21:11:46.626] STOP to_move 1 nodes_visited 139
[21:11:46.626] START to_move 2
[21:11:46.637] STOP to_move 2 nodes_visited 177
[21:11:46.637] START to_move 1
[21:11:46.646] STOP to_move 1 nodes_visited 136
[21:11:46.646] START to_move 2
[21:11:46.652] STOP to_move 2 nodes_visited 95
[21:11:46.652] START to_move 1
[21:11:46.661] STOP to_move 1 nodes_visited 137
[21:11:46.662] START to_move 2
[21:11:46.674] STOP to_move 2 nodes_visited 199
[21:11:46.674] START to_move 1
[21:11:46.683] STOP to_move 1 nodes_visited 134
[21:11:46.683] START to_move 2
[21:11:46.689] STOP to_move 2 nodes_visited 93
[21:11:46.689] START to_move 1
[21:11:46.697] STOP to_move 1 nodes_visited 141
[21:11:46.697] START to_move 2
[21:11:46.709] STOP to_move 2 nodes_visited 185
[21:11:46.709] START to_move 1
[21:11:46.718] STOP to_move 1 nodes_visited 138
[21:11:46.718] START to_move 2
[21:11:46.723] STOP to_move 2 nodes_visited 86
[21:11:46.723] START to_move 1
[21:11:46.732] STOP to_move 1 nodes_visited 137
[21:11:46.732] START to_move 2
[21:11:46.743] STOP to_move 2 nodes_visited 171
[21:11:46.743] START to_move 1
[21:11:46.751] STOP to_move 1 nodes_visited 134
[21:11:46.751] START to_move 2
[21:11:46.757] STOP to_move 2 nodes_visited 90
[21:11:46.757] START to_move 1
[21:11:46.766] STOP to_move 1 nodes_visited 141
[21:11:46.766] START to_move 2
[21:11:46.776] STOP to_move 2 nodes_visited 171
[21:11:46.776] START to_move 1
[21:11:46.785] STOP to_move 1 nodes_visited 136
[21:11:46.785] START to_move 2
[21:11:46.791] STOP to_move 2 nodes_visited 89
[21:11:46.791] START to_move 1
[21:11:46.799] STOP to_move 1 nodes_visited 141
[21:11:46.799] START to_move 2
[21:11:46.810] STOP to_move 2 nodes_visited 173
[21:11:46.810] START to_move 1
[21:11:46.819] STOP to_move 1 nodes_visited 138
[21:11:46.819] START to_move 2
[21:11:46.824] STOP to_move 2 nodes_visited 85
[21:11:46.824] START to_move 1
[21:11:46.832] STOP to_move 1 nodes_visited 139
[21:11:46.833] START to_move 2
[21:11:46.843] STOP to_move 2 nodes_visited 169
[21:11:46.843] START to_move 1
[21:11:46.852] STOP to_move 1 nodes_visited 134
[21:11:46.852] START to_move 2
[21:11:46.857] STOP to_move 2 nodes_visited 87
[21:11:46.857] START to_move 1
[21:11:46.865] STOP to_move 1 nodes_visited 135
[21:11:46.866] START to_move 2
[21:11:46.876] STOP to_move 2 nodes_visited 169
[21:11:46.876] START to_move 1
[21:11:46.885] STOP to_move 1 nodes_visited 128
[21:11:46.885] START to_move 2
[21:11:46.890] STOP to_move 2 nodes_visited 81
[21:11:46.890] START to_move 1
[21:11:46.898] STOP to_move 1 nodes_visited 131
[21:11:46.898] START to_move 2
[21:11:46.908] STOP to_move 2 nodes_visited 161
[21:11:46.908] START to_move 1
[21:11:46.916] STOP to_move 1 nodes_visited 122
[21:11:46.916] START to_move 2
[21:11:46.921] STOP to_move 2 nodes_visited 81
[21:11:46.921] START to_move 1
[21:11:46.929] STOP to_move 1 nodes_visited 133
[21:11:46.929] START to_move 2
[21:11:46.939] STOP to_move 2 nodes_visited 161
[21:11:46.939] START to_move 1
[21:11:46.947] STOP to_move 1 nodes_visited 126
[21:11:46.947] START to_move 2
[21:11:46.951] STOP to_move 2 nodes_visited 76
[21:11:46.951] START to_move 1
[21:11:46.959] STOP to_move 1 nodes_visited 123
[21:11:46.959] START to_move 2
[21:11:46.969] STOP to_move 2 nodes_visited 155
[21:11:46.969] START to_move 1
[21:11:46.976] STOP to_move 1 nodes_visited 118
[21:11:46.976] START to_move 2
[21:11:46.981] STOP to_move 2 nodes_visited 76
[21:11:46.981] START to_move 1
[21:11:46.988] STOP to_move 1 nodes_visited 125
[21:11:46.989] START to_move 2
[21:11:46.998] STOP to_move 2 nodes_visited 147
[21:11:46.999] START to_move 1
[21:11:47.006] STOP to_move 1 nodes_visited 110
[21:11:47.006] START to_move 2
[21:11:47.010] STOP to_move 2 nodes_visited 70
[21:11:47.010] START to_move 1
[21:11:47.017] STOP to_move 1 nodes_visited 111
[21:11:47.017] START to_move 2
[21:11:47.025] STOP to_move 2 nodes_visited 131
[21:11:47.025] START to_move 1
[21:11:47.032] STOP to_move 1 nodes_visited 111
[21:11:47.032] START to_move 2
[21:11:47.036] STOP to_move 2 nodes_visited 63
[21:11:47.036] START to_move 1
[21:11:47.042] STOP to_move 1 nodes_visited 105
[21:11:47.042] START to_move 2
[21:11:47.050] STOP to_move 2 nodes_visited 125
[21:11:47.050] START to_move 1
[21:11:47.056] STOP to_move 1 nodes_visited 104
[21:11:47.056] START to_move 2
[21:11:47.060] STOP to_move 2 nodes_visited 63
[21:11:47.060] START to_move 1
[21:11:47.067] STOP to_move 1 nodes_visited 107
[21:11:47.067] START to_move 2
[21:11:47.074] STOP to_move 2 nodes_visited 121
[21:11:47.074] START to_move 1
[21:11:47.080] STOP to_move 1 nodes_visited 102
[21:11:47.080] START to_move 2
[21:11:47.084] STOP to_move 2 nodes_visited 58
[21:11:47.084] START to_move 1
[21:11:47.090] STOP to_move 1 nodes_visited 99
[21:11:47.090] START to_move 2
[21:11:47.097] STOP to_move 2 nodes_visited 115
[21:11:47.097] START to_move 1
[21:11:47.103] STOP to_move 1 nodes_visited 96
[21:11:47.103] START to_move 2
[21:11:47.106] STOP to_move 2 nodes_visited 58
[21:11:47.106] START to_move 1
[21:11:47.113] STOP to_move 1 nodes_visited 97
[21:11:47.113] START to_move 2
[21:11:47.119] STOP to_move 2 nodes_visited 109
[21:11:47.119] START to_move 1
[21:11:47.125] STOP to_move 1 nodes_visited 88
[21:11:47.125] START to_move 2
[21:11:47.128] STOP to_move 2 nodes_visited 56
[21:11:47.128] START to_move 1
[21:11:47.134] STOP to_move 1 nodes_visited 89
[21:11:47.134] START to_move 2
[21:11:47.140] STOP to_move 2 nodes_visited 109
[21:11:47.140] START to_move 1
[21:11:47.146] STOP to_move 1 nodes_visited 89
[21:11:47.146] START to_move 2
[21:11:47.150] STOP to_move 2 nodes_visited 55
[21:11:47.150] START to_move 1
[21:11:47.155] STOP to_move 1 nodes_visited 89
[21:11:47.155] START to_move 2
[21:11:47.162] STOP to_move 2 nodes_visited 103
[21:11:47.162] START to_move 1
[21:11:47.167] STOP to_move 1 nodes_visited 80
[21:11:47.167] START to_move 2
[21:11:47.170] STOP to_move 2 nodes_visited 51
[21:11:47.170] START to_move 1
[21:11:47.175] STOP to_move 1 nodes_visited 81
[21:11:47.175] START to_move 2
[21:11:47.180] STOP to_move 2 nodes_visited 91
[21:11:47.181] START to_move 1
[21:11:47.185] STOP to_move 1 nodes_visited 74
[21:11:47.185] START to_move 2
[21:11:47.188] STOP to_move 2 nodes_visited 44
[21:11:47.188] START to_move 1
[21:11:47.193] STOP to_move 1 nodes_visited 75
[21:11:47.193] START to_move 2
[21:11:47.198] STOP to_move 2 nodes_visited 87
[21:11:47.198] START to_move 1
[21:11:47.202] STOP to_move 1 nodes_visited 68
[21:11:47.202] START to_move 2
[21:11:47.205] STOP to_move 2 nodes_visited 44
[21:11:47.205] START to_move 1
[21:11:47.209] STOP to_move 1 nodes_visited 67
[21:11:47.209] START to_move 2
[21:11:47.214] STOP to_move 2 nodes_visited 85
[21:11:47.215] START to_move 1
[21:11:47.218] STOP to_move 1 nodes_visited 61
[21:11:47.219] START to_move 2
[21:11:47.221] STOP to_move 2 nodes_visited 43
[21:11:47.221] START to_move 1
[21:11:47.225] STOP to_move 1 nodes_visited 63
[21:11:47.225] START to_move 2
[21:11:47.230] STOP to_move 2 nodes_visited 85
[21:11:47.231] START to_move 1
[21:11:47.235] STOP to_move 1 nodes_visited 59
[21:11:47.235] START to_move 2
[21:11:47.237] STOP to_move 2 nodes_visited 46
[21:11:47.237] START to_move 1
[21:11:47.242] STOP to_move 1 nodes_visited 65
[21:11:47.242] START to_move 2
[21:11:47.247] STOP to_move 2 nodes_visited 79
[21:11:47.247] START to_move 1
[21:11:47.250] STOP to_move 1 nodes_visited 58
[21:11:47.250] START to_move 2
[21:11:47.253] STOP to_move 2 nodes_visited 40
[21:11:47.253] START to_move 1
[21:11:47.257] STOP to_move 1 nodes_visited 57
[21:11:47.257] START to_move 2
[21:11:47.261] STOP to_move 2 nodes_visited 75
[21:11:47.261] START to_move 1
[21:11:47.265] STOP to_move 1 nodes_visited 53
[21:11:47.265] START to_move 2
[21:11:47.267] STOP to_move 2 nodes_visited 37
[21:11:47.267] START to_move 1
[21:11:47.271] STOP to_move 1 nodes_visited 55
[21:11:47.271] START to_move 2
[21:11:47.275] STOP to_move 2 nodes_visited 61
[21:11:47.275] START to_move 1
[21:11:47.277] STOP to_move 1 nodes_visited 39
[21:11:47.277] START to_move 2
[21:11:47.279] STOP to_move 2 nodes_visited 31
[21:11:47.279] START to_move 1
[21:11:47.282] STOP to_move 1 nodes_visited 43
[21:11:47.282] START to_move 2
[21:11:47.285] STOP to_move 2 nodes_visited 53
[21:11:47.285] START to_move 1
[21:11:47.288] STOP to_move 1 nodes_visited 33
[21:11:47.288] START to_move 2
[21:11:47.289] STOP to_move 2 nodes_visited 27
[21:11:47.289] START to_move 1
[21:11:47.292] STOP to_move 1 nodes_visited 39
[21:11:47.292] START to_move 2
[21:11:47.297] STOP to_move 2 nodes_visited 85
[21:11:47.297] START to_move 1
[21:11:47.300] STOP to_move 1 nodes_visited 42
[21:11:47.300] START to_move 2
[21:11:47.304] STOP to_move 2 nodes_visited 61
[21:11:47.304] START to_move 1
[21:11:47.307] STOP to_move 1 nodes_visited 45
[21:11:47.307] START to_move 2
[21:11:47.312] STOP to_move 2 nodes_visited 94
[21:11:47.312] START to_move 1
[21:11:47.315] STOP to_move 1 nodes_visited 48
[21:11:47.316] START to_move 2
[21:11:47.317] STOP to_move 2 nodes_visited 25
[21:11:47.317] START to_move 1
[21:11:47.320] STOP to_move 1 nodes_visited 39
[21:11:47.320] START to_move 2
[21:11:47.323] STOP to_move 2 nodes_visited 47
[21:11:47.323] START to_move 1
[21:11:47.325] STOP to_move 1 nodes_visited 29
[21:11:47.325] START to_move 2
[21:11:47.326] STOP to_move 2 nodes_visited 21
[21:11:47.326] START to_move 1
[21:11:47.328] STOP to_move 1 nodes_visited 27
[21:11:47.328] START to_move 2
[21:11:47.330] STOP to_move 2 nodes_visited 41
[21:11:47.330] START to_move 1
[21:11:47.332] STOP to_move 1 nodes_visited 26
[21:11:47.332] START to_move 2
[21:11:47.333] STOP to_move 2 nodes_visited 18
[21:11:47.333] START to_move 1
[21:11:47.335] STOP to_move 1 nodes_visited 25
[21:11:47.335] START to_move 2
[21:11:47.337] STOP to_move 2 nodes_visited 33
[21:11:47.337] START to_move 1
[21:11:47.338] STOP to_move 1 nodes_visited 21
[21:11:47.339] START to_move 2
[21:11:47.339] STOP to_move 2 nodes_visited 12
[21:11:47.339] START to_move 1
[21:11:47.340] STOP to_move 1 nodes_visited 17
[21:11:47.340] START to_move 2
[21:11:47.342] STOP to_move 2 nodes_visited 21
[21:11:47.342] START to_move 1
[21:11:47.343] STOP to_move 1 nodes_visited 13
[21:11:47.343] START to_move 2
[21:11:47.343] STOP to_move 2 nodes_visited 12
[21:11:47.343] START to_move 1
[21:11:47.344] STOP to_move 1 nodes_visited 15
[21:11:47.344] START to_move 2
[21:11:47.346] STOP to_move 2 nodes_visited 23
[21:11:47.346] START to_move 1
[21:11:47.347] STOP to_move 1 nodes_visited 17
[21:11:47.347] START to_move 2
[21:11:47.347] STOP to_move 2 nodes_visited 6
[21:11:47.347] START to_move 1
[21:11:47.348] STOP to_move 1 nodes_visited 7
[21:11:47.348] START to_move 2
[21:11:47.349] STOP to_move 2 nodes_visited 13
[21:11:47.349] START to_move 1
[21:11:47.349] STOP to_move 1 nodes_visited 10
[21:11:47.349] START to_move 2
[21:11:47.350] STOP to_move 2 nodes_visited 9
[21:11:47.350] START to_move 1
[21:11:47.351] STOP to_move 1 nodes_visited 13
[21:11:47.351] START to_move 2
[21:11:47.351] STOP to_move 2 nodes_visited 9
[21:11:47.351] START to_move 1
[21:11:47.352] STOP to_move 1 nodes_visited 4
[21:11:47.352] START to_move 2
[21:11:47.352] STOP to_move 2 nodes_visited 8
[21:11:47.352] START to_move 1
[21:11:47.353] STOP to_move 1 nodes_visited 9
[21:11:47.353] START to_move 2
[21:11:47.353] STOP to_move 2 nodes_visited 13
[21:11:47.354] START to_move 1
[21:11:47.354] STOP to_move 1 nodes_visited 8
[21:11:47.354] START to_move 2
[21:11:47.355] STOP to_move 2 nodes_visited 8
[21:11:47.355] START to_move 1
[21:11:47.355] STOP to_move 1 nodes_visited 13
[21:11:47.355] START to_move 2
[21:11:47.357] STOP to_move 2 nodes_visited 19
[21:11:47.357] START to_move 1
[21:11:47.357] STOP to_move 1 nodes_visited 11
[21:11:47.357] START to_move 2
[21:11:47.358] STOP to_move 2 nodes_visited 10
[21:11:47.358] START to_move 1
[21:11:47.359] STOP to_move 1 nodes_visited 13
[21:11:47.359] START to_move 2
[21:11:47.360] STOP to_move 2 nodes_visited 19
[21:11:47.360] START to_move 1
[21:11:47.361] STOP to_move 1 nodes_visited 11
[21:11:47.361] START to_move 2
[21:11:47.362] STOP to_move 2 nodes_visited 10
[21:11:47.362] START to_move 1
[21:11:47.363] STOP to_move 1 nodes_visited 13
[21:11:47.390] END winner 0 - rounds 515
