[22:05:24.752] 1 - distance_function chebyshev - pruning True
[22:05:24.752] 2 - distance_function euclides - pruning True
[22:05:24.752] START to_move 1
[22:05:24.873] STOP to_move 1 nodes_visited 1913
[22:05:24.874] START to_move 2
[22:05:24.920] STOP to_move 2 nodes_visited 760
[22:05:24.921] START to_move 1
[22:05:25.050] STOP to_move 1 nodes_visited 1952
[22:05:25.051] START to_move 2
[22:05:25.158] STOP to_move 2 nodes_visited 1763
[22:05:25.159] START to_move 1
[22:05:25.345] STOP to_move 1 nodes_visited 2885
[22:05:25.347] START to_move 2
[22:05:25.655] STOP to_move 2 nodes_visited 4864
[22:05:25.658] START to_move 1
[22:05:25.846] STOP to_move 1 nodes_visited 2926
[22:05:25.848] START to_move 2
[22:05:26.175] STOP to_move 2 nodes_visited 5246
[22:05:26.178] START to_move 1
[22:05:26.272] STOP to_move 1 nodes_visited 1492
[22:05:26.272] START to_move 2
[22:05:26.598] STOP to_move 2 nodes_visited 5212
[22:05:26.601] START to_move 1
[22:05:26.626] STOP to_move 1 nodes_visited 408
[22:05:26.626] START to_move 2
[22:05:26.963] STOP to_move 2 nodes_visited 5445
[22:05:26.967] START to_move 1
[22:05:26.991] STOP to_move 1 nodes_visited 411
[22:05:26.992] START to_move 2
[22:05:27.327] STOP to_move 2 nodes_visited 5443
[22:05:27.330] START to_move 1
[22:05:27.363] STOP to_move 1 nodes_visited 500
[22:05:27.363] START to_move 2
[22:05:27.403] STOP to_move 2 nodes_visited 676
[22:05:27.403] START to_move 1
[22:05:27.429] STOP to_move 1 nodes_visited 428
[22:05:27.430] START to_move 2
[22:05:27.471] STOP to_move 2 nodes_visited 699
[22:05:27.472] START to_move 1
[22:05:27.580] STOP to_move 1 nodes_visited 1707
[22:05:27.581] START to_move 2
[22:05:27.618] STOP to_move 2 nodes_visited 615
[22:05:27.618] START to_move 1
[22:05:27.686] STOP to_move 1 nodes_visited 1067
[22:05:27.686] START to_move 2
[22:05:27.725] STOP to_move 2 nodes_visited 659
[22:05:27.726] START to_move 1
[22:05:27.818] STOP to_move 1 nodes_visited 1459
[22:05:27.818] START to_move 2
[22:05:28.092] STOP to_move 2 nodes_visited 4349
[22:05:28.095] START to_move 1
[22:05:28.119] STOP to_move 1 nodes_visited 408
[22:05:28.120] START to_move 2
[22:05:28.163] STOP to_move 2 nodes_visited 700
[22:05:28.164] START to_move 1
[22:05:28.189] STOP to_move 1 nodes_visited 411
[22:05:28.189] START to_move 2
[22:05:28.232] STOP to_move 2 nodes_visited 719
[22:05:28.233] START to_move 1
[22:05:28.259] STOP to_move 1 nodes_visited 420
[22:05:28.259] START to_move 2
[22:05:28.292] STOP to_move 2 nodes_visited 568
[22:05:28.293] START to_move 1
[22:05:28.414] STOP to_move 1 nodes_visited 1935
[22:05:28.415] START to_move 2
[22:05:28.460] STOP to_move 2 nodes_visited 733
[22:05:28.461] START to_move 1
[22:05:28.572] STOP to_move 1 nodes_visited 1775
[22:05:28.573] START to_move 2
[22:05:28.637] STOP to_move 2 nodes_visited 1069
[22:05:28.638] START to_move 1
[22:05:28.663] STOP to_move 1 nodes_visited 413
[22:05:28.663] START to_move 2
[22:05:28.767] STOP to_move 2 nodes_visited 1679
[22:05:28.768] START to_move 1
[22:05:28.793] STOP to_move 1 nodes_visited 417
[22:05:28.793] START to_move 2
[22:05:28.838] STOP to_move 2 nodes_visited 762
[22:05:28.839] START to_move 1
[22:05:28.864] STOP to_move 1 nodes_visited 417
[22:05:28.864] START to_move 2
[22:05:28.913] STOP to_move 2 nodes_visited 817
[22:05:28.914] START to_move 1
[22:05:28.939] STOP to_move 1 nodes_visited 418
[22:05:28.939] START to_move 2
[22:05:28.987] STOP to_move 2 nodes_visited 804
[22:05:28.987] START to_move 1
[22:05:29.050] STOP to_move 1 nodes_visited 958
[22:05:29.050] START to_move 2
[22:05:29.142] STOP to_move 2 nodes_visited 1506
[22:05:29.143] START to_move 1
[22:05:29.193] STOP to_move 1 nodes_visited 806
[22:05:29.194] START to_move 2
[22:05:29.252] STOP to_move 2 nodes_visited 966
[22:05:29.252] START to_move 1
[22:05:29.278] STOP to_move 1 nodes_visited 410
[22:05:29.278] START to_move 2
[22:05:29.327] STOP to_move 2 nodes_visited 810
[22:05:29.328] START to_move 1
[22:05:29.353] STOP to_move 1 nodes_visited 421
[22:05:29.353] START to_move 2
[22:05:29.400] STOP to_move 2 nodes_visited 792
[22:05:29.400] START to_move 1
[22:05:29.426] STOP to_move 1 nodes_visited 424
[22:05:29.426] START to_move 2
[22:05:29.476] STOP to_move 2 nodes_visited 839
[22:05:29.477] START to_move 1
[22:05:29.501] STOP to_move 1 nodes_visited 410
[22:05:29.502] START to_move 2
[22:05:29.711] STOP to_move 2 nodes_visited 3365
[22:05:29.713] START to_move 1
[22:05:29.776] STOP to_move 1 nodes_visited 1003
[22:05:29.776] START to_move 2
[22:05:29.912] STOP to_move 2 nodes_visited 2209
[22:05:29.913] START to_move 1
[22:05:29.977] STOP to_move 1 nodes_visited 1013
[22:05:29.977] START to_move 2
[22:05:30.129] STOP to_move 2 nodes_visited 2381
[22:05:30.131] START to_move 1
[22:05:30.290] STOP to_move 1 nodes_visited 2547
[22:05:30.291] START to_move 2
[22:05:30.440] STOP to_move 2 nodes_visited 2426
[22:05:30.442] START to_move 1
[22:05:30.484] STOP to_move 1 nodes_visited 679
[22:05:30.484] START to_move 2
[22:05:30.539] STOP to_move 2 nodes_visited 913
[22:05:30.539] START to_move 1
[22:05:30.562] STOP to_move 1 nodes_visited 386
[22:05:30.563] START to_move 2
[22:05:30.724] STOP to_move 2 nodes_visited 2633
[22:05:30.726] START to_move 1
[22:05:30.918] STOP to_move 1 nodes_visited 2976
[22:05:30.919] START to_move 2
[22:05:31.070] STOP to_move 2 nodes_visited 2498
[22:05:31.071] START to_move 1
[22:05:31.262] STOP to_move 1 nodes_visited 2980
[22:05:31.264] START to_move 2
[22:05:31.420] STOP to_move 2 nodes_visited 2570
[22:05:31.421] START to_move 1
[22:05:31.446] STOP to_move 1 nodes_visited 386
[22:05:31.446] START to_move 2
[22:05:31.605] STOP to_move 2 nodes_visited 2632
[22:05:31.607] START to_move 1
[22:05:31.630] STOP to_move 1 nodes_visited 384
[22:05:31.630] START to_move 2
[22:05:31.887] STOP to_move 2 nodes_visited 4107
[22:05:31.890] START to_move 1
[22:05:32.089] STOP to_move 1 nodes_visited 3122
[22:05:32.091] START to_move 2
[22:05:32.252] STOP to_move 2 nodes_visited 2597
[22:05:32.253] START to_move 1
[22:05:32.440] STOP to_move 1 nodes_visited 2950
[22:05:32.442] START to_move 2
[22:05:32.593] STOP to_move 2 nodes_visited 2469
[22:05:32.594] START to_move 1
[22:05:32.679] STOP to_move 1 nodes_visited 1354
[22:05:32.680] START to_move 2
[22:05:32.787] STOP to_move 2 nodes_visited 1724
[22:05:32.788] START to_move 1
[22:05:32.856] STOP to_move 1 nodes_visited 1079
[22:05:32.856] START to_move 2
[22:05:32.909] STOP to_move 2 nodes_visited 880
[22:05:32.909] START to_move 1
[22:05:32.951] STOP to_move 1 nodes_visited 644
[22:05:32.951] START to_move 2
[22:05:33.093] STOP to_move 2 nodes_visited 2301
[22:05:33.094] START to_move 1
[22:05:33.135] STOP to_move 1 nodes_visited 638
[22:05:33.135] START to_move 2
[22:05:33.241] STOP to_move 2 nodes_visited 1756
[22:05:33.242] START to_move 1
[22:05:33.264] STOP to_move 1 nodes_visited 368
[22:05:33.265] START to_move 2
[22:05:33.405] STOP to_move 2 nodes_visited 2287
[22:05:33.406] START to_move 1
[22:05:33.429] STOP to_move 1 nodes_visited 372
[22:05:33.429] START to_move 2
[22:05:33.573] STOP to_move 2 nodes_visited 2382
[22:05:33.574] START to_move 1
[22:05:33.598] STOP to_move 1 nodes_visited 372
[22:05:33.598] START to_move 2
[22:05:33.736] STOP to_move 2 nodes_visited 2294
[22:05:33.737] START to_move 1
[22:05:33.758] STOP to_move 1 nodes_visited 363
[22:05:33.759] START to_move 2
[22:05:33.891] STOP to_move 2 nodes_visited 2151
[22:05:33.892] START to_move 1
[22:05:33.914] STOP to_move 1 nodes_visited 366
[22:05:33.915] START to_move 2
[22:05:34.006] STOP to_move 2 nodes_visited 1524
[22:05:34.007] START to_move 1
[22:05:34.031] STOP to_move 1 nodes_visited 405
[22:05:34.031] START to_move 2
[22:05:34.109] STOP to_move 2 nodes_visited 1247
[22:05:34.109] START to_move 1
[22:05:34.130] STOP to_move 1 nodes_visited 344
[22:05:34.130] START to_move 2
[22:05:34.220] STOP to_move 2 nodes_visited 1494
[22:05:34.221] START to_move 1
[22:05:34.240] STOP to_move 1 nodes_visited 323
[22:05:34.240] START to_move 2
[22:05:34.314] STOP to_move 2 nodes_visited 1221
[22:05:34.315] START to_move 1
[22:05:34.334] STOP to_move 1 nodes_visited 317
[22:05:34.334] START to_move 2
[22:05:34.419] STOP to_move 2 nodes_visited 1364
[22:05:34.420] START to_move 1
[22:05:34.492] STOP to_move 1 nodes_visited 1157
[22:05:34.493] START to_move 2
[22:05:34.567] STOP to_move 2 nodes_visited 1233
[22:05:34.568] START to_move 1
[22:05:34.587] STOP to_move 1 nodes_visited 317
[22:05:34.588] START to_move 2
[22:05:34.674] STOP to_move 2 nodes_visited 1401
[22:05:34.675] START to_move 1
[22:05:34.694] STOP to_move 1 nodes_visited 307
[22:05:34.694] START to_move 2
[22:05:34.835] STOP to_move 2 nodes_visited 2304
[22:05:34.836] START to_move 1
[22:05:34.855] STOP to_move 1 nodes_visited 310
[22:05:34.855] START to_move 2
[22:05:35.051] STOP to_move 2 nodes_visited 3197
[22:05:35.053] START to_move 1
[22:05:35.073] STOP to_move 1 nodes_visited 320
[22:05:35.073] START to_move 2
[22:05:35.282] STOP to_move 2 nodes_visited 3399
[22:05:35.284] START to_move 1
[22:05:35.304] STOP to_move 1 nodes_visited 326
[22:05:35.305] START to_move 2
[22:05:35.527] STOP to_move 2 nodes_visited 3592
[22:05:35.529] START to_move 1
[22:05:35.558] STOP to_move 1 nodes_visited 457
[22:05:35.558] START to_move 2
[22:05:35.631] STOP to_move 2 nodes_visited 1220
[22:05:35.632] START to_move 1
[22:05:35.649] STOP to_move 1 nodes_visited 291
[22:05:35.650] START to_move 2
[22:05:35.867] STOP to_move 2 nodes_visited 3564
[22:05:35.869] START to_move 1
[22:05:35.889] STOP to_move 1 nodes_visited 322
[22:05:35.890] START to_move 2
[22:05:36.101] STOP to_move 2 nodes_visited 3452
[22:05:36.102] START to_move 1
[22:05:36.123] STOP to_move 1 nodes_visited 333
[22:05:36.123] START to_move 2
[22:05:36.334] STOP to_move 2 nodes_visited 3442
[22:05:36.336] START to_move 1
[22:05:36.364] STOP to_move 1 nodes_visited 441
[22:05:36.365] START to_move 2
[22:05:36.385] STOP to_move 2 nodes_visited 357
[22:05:36.386] START to_move 1
[22:05:36.430] STOP to_move 1 nodes_visited 695
[22:05:36.430] START to_move 2
[22:05:36.468] STOP to_move 2 nodes_visited 631
[22:05:36.468] START to_move 1
[22:05:36.482] STOP to_move 1 nodes_visited 233
[22:05:36.482] START to_move 2
[22:05:36.497] STOP to_move 2 nodes_visited 269
[22:05:36.498] START to_move 1
[22:05:36.570] STOP to_move 1 nodes_visited 1091
[22:05:36.570] START to_move 2
[22:05:36.604] STOP to_move 2 nodes_visited 569
[22:05:36.604] START to_move 1
[22:05:36.701] STOP to_move 1 nodes_visited 1477
[22:05:36.702] START to_move 2
[22:05:36.742] STOP to_move 2 nodes_visited 675
[22:05:36.742] START to_move 1
[22:05:36.839] STOP to_move 1 nodes_visited 1435
[22:05:36.840] START to_move 2
[22:05:37.069] STOP to_move 2 nodes_visited 3723
[22:05:37.072] START to_move 1
[22:05:37.086] STOP to_move 1 nodes_visited 227
[22:05:37.087] START to_move 2
[22:05:37.266] STOP to_move 2 nodes_visited 2916
[22:05:37.268] START to_move 1
[22:05:37.284] STOP to_move 1 nodes_visited 265
[22:05:37.284] START to_move 2
[22:05:37.462] STOP to_move 2 nodes_visited 2836
[22:05:37.463] START to_move 1
[22:05:37.478] STOP to_move 1 nodes_visited 250
[22:05:37.478] START to_move 2
[22:05:37.633] STOP to_move 2 nodes_visited 2467
[22:05:37.634] START to_move 1
[22:05:37.647] STOP to_move 1 nodes_visited 217
[22:05:37.648] START to_move 2
[22:05:37.772] STOP to_move 2 nodes_visited 2019
[22:05:37.773] START to_move 1
[22:05:37.785] STOP to_move 1 nodes_visited 211
[22:05:37.785] START to_move 2
[22:05:37.902] STOP to_move 2 nodes_visited 1846
[22:05:37.903] START to_move 1
[22:05:37.914] STOP to_move 1 nodes_visited 188
[22:05:37.914] START to_move 2
[22:05:37.995] STOP to_move 2 nodes_visited 1330
[22:05:37.996] START to_move 1
[22:05:38.006] STOP to_move 1 nodes_visited 173
[22:05:38.006] START to_move 2
[22:05:38.018] STOP to_move 2 nodes_visited 203
[22:05:38.018] START to_move 1
[22:05:38.029] STOP to_move 1 nodes_visited 183
[22:05:38.029] START to_move 2
[22:05:38.045] STOP to_move 2 nodes_visited 272
[22:05:38.045] START to_move 1
[22:05:38.054] STOP to_move 1 nodes_visited 159
[22:05:38.054] START to_move 2
[22:05:38.074] STOP to_move 2 nodes_visited 330
[22:05:38.074] START to_move 1
[22:05:38.084] STOP to_move 1 nodes_visited 157
[22:05:38.084] START to_move 2
[22:05:38.104] STOP to_move 2 nodes_visited 332
[22:05:38.104] START to_move 1
[22:05:38.114] STOP to_move 1 nodes_visited 171
[22:05:38.114] START to_move 2
[22:05:38.156] STOP to_move 2 nodes_visited 673
[22:05:38.156] START to_move 1
[22:05:38.166] STOP to_move 1 nodes_visited 172
[22:05:38.166] START to_move 2
[22:05:38.209] STOP to_move 2 nodes_visited 677
[22:05:38.210] START to_move 1
[22:05:38.220] STOP to_move 1 nodes_visited 172
[22:05:38.220] START to_move 2
[22:05:38.255] STOP to_move 2 nodes_visited 570
[22:05:38.256] START to_move 1
[22:05:38.265] STOP to_move 1 nodes_visited 167
[22:05:38.265] START to_move 2
[22:05:38.287] STOP to_move 2 nodes_visited 360
[22:05:38.288] START to_move 1
[22:05:38.296] STOP to_move 1 nodes_visited 149
[22:05:38.296] START to_move 2
[22:05:38.317] STOP to_move 2 nodes_visited 332
[22:05:38.317] START to_move 1
[22:05:38.326] STOP to_move 1 nodes_visited 152
[22:05:38.326] START to_move 2
[22:05:38.344] STOP to_move 2 nodes_visited 303
[22:05:38.344] START to_move 1
[22:05:38.353] STOP to_move 1 nodes_visited 142
[22:05:38.353] START to_move 2
[22:05:38.354] STOP to_move 2 nodes_visited 13
[22:05:38.354] START to_move 1
[22:05:38.354] STOP to_move 1 nodes_visited 13
[22:05:38.354] START to_move 2
[22:05:38.355] STOP to_move 2 nodes_visited 5
[22:05:38.355] START to_move 1
[22:05:38.355] STOP to_move 1 nodes_visited 6
[22:05:38.355] START to_move 2
[22:05:38.356] STOP to_move 2 nodes_visited 7
[22:05:38.356] START to_move 1
[22:05:38.356] STOP to_move 1 nodes_visited 6
[22:05:38.356] START to_move 2
[22:05:38.356] STOP to_move 2 nodes_visited 7
[22:05:38.356] START to_move 1
[22:05:38.375] STOP to_move 1 nodes_visited 323
[22:05:38.376] START to_move 2
[22:05:38.377] STOP to_move 2 nodes_visited 22
[22:05:38.377] START to_move 1
[22:05:38.379] STOP to_move 1 nodes_visited 33
[22:05:38.379] START to_move 2
[22:05:38.379] STOP to_move 2 nodes_visited 5
[22:05:38.379] START to_move 1
[22:05:38.389] STOP to_move 1 nodes_visited 164
[22:05:38.389] START to_move 2
[22:05:38.402] STOP to_move 2 nodes_visited 218
[22:05:38.402] START to_move 1
[22:05:38.420] STOP to_move 1 nodes_visited 295
[22:05:38.420] START to_move 2
[22:05:38.425] STOP to_move 2 nodes_visited 86
[22:05:38.425] END winner 2 - rounds 182
