[23:18:08.563] 1 - distance_function chebyshev - pruning True
[23:18:08.563] 2 - distance_function manhattan - pruning True
[23:18:08.563] START to_move 1
[23:18:08.633] STOP to_move 1 nodes_visited 1104
[23:18:08.634] START to_move 2
[23:18:08.724] STOP to_move 2 nodes_visited 1567
[23:18:08.725] START to_move 1
[23:18:08.833] STOP to_move 1 nodes_visited 1589
[23:18:08.834] START to_move 2
[23:18:08.938] STOP to_move 2 nodes_visited 1786
[23:18:08.939] START to_move 1
[23:18:09.108] STOP to_move 1 nodes_visited 2538
[23:18:09.109] START to_move 2
[23:18:09.479] STOP to_move 2 nodes_visited 6223
[23:18:09.483] START to_move 1
[23:18:09.678] STOP to_move 1 nodes_visited 2940
[23:18:09.680] START to_move 2
[23:18:09.750] STOP to_move 2 nodes_visited 1239
[23:18:09.751] START to_move 1
[23:18:09.842] STOP to_move 1 nodes_visited 1408
[23:18:09.843] START to_move 2
[23:18:10.000] STOP to_move 2 nodes_visited 2729
[23:18:10.002] START to_move 1
[23:18:10.092] STOP to_move 1 nodes_visited 1395
[23:18:10.093] START to_move 2
[23:18:10.246] STOP to_move 2 nodes_visited 2665
[23:18:10.248] START to_move 1
[23:18:10.486] STOP to_move 1 nodes_visited 3654
[23:18:10.489] START to_move 2
[23:18:10.727] STOP to_move 2 nodes_visited 4093
[23:18:10.730] START to_move 1
[23:18:10.762] STOP to_move 1 nodes_visited 517
[23:18:10.763] START to_move 2
[23:18:10.846] STOP to_move 2 nodes_visited 1463
[23:18:10.847] START to_move 1
[23:18:10.882] STOP to_move 1 nodes_visited 528
[23:18:10.882] START to_move 2
[23:18:10.907] STOP to_move 2 nodes_visited 446
[23:18:10.907] START to_move 1
[23:18:10.935] STOP to_move 1 nodes_visited 472
[23:18:10.936] START to_move 2
[23:18:10.961] STOP to_move 2 nodes_visited 464
[23:18:10.961] START to_move 1
[23:18:11.231] STOP to_move 1 nodes_visited 4101
[23:18:11.233] START to_move 2
[23:18:11.257] STOP to_move 2 nodes_visited 430
[23:18:11.257] START to_move 1
[23:18:11.521] STOP to_move 1 nodes_visited 4019
[23:18:11.524] START to_move 2
[23:18:11.553] STOP to_move 2 nodes_visited 530
[23:18:11.554] START to_move 1
[23:18:11.580] STOP to_move 1 nodes_visited 427
[23:18:11.580] START to_move 2
[23:18:11.604] STOP to_move 2 nodes_visited 428
[23:18:11.604] START to_move 1
[23:18:11.630] STOP to_move 1 nodes_visited 440
[23:18:11.630] START to_move 2
[23:18:11.654] STOP to_move 2 nodes_visited 431
[23:18:11.655] START to_move 1
[23:18:11.682] STOP to_move 1 nodes_visited 445
[23:18:11.682] START to_move 2
[23:18:11.840] STOP to_move 2 nodes_visited 2738
[23:18:11.841] START to_move 1
[23:18:11.866] STOP to_move 1 nodes_visited 406
[23:18:11.866] START to_move 2
[23:18:12.019] STOP to_move 2 nodes_visited 2644
[23:18:12.021] START to_move 1
[23:18:12.045] STOP to_move 1 nodes_visited 408
[23:18:12.045] START to_move 2
[23:18:12.192] STOP to_move 2 nodes_visited 2504
[23:18:12.193] START to_move 1
[23:18:12.221] STOP to_move 1 nodes_visited 465
[23:18:12.222] START to_move 2
[23:18:12.244] STOP to_move 2 nodes_visited 401
[23:18:12.244] START to_move 1
[23:18:12.268] STOP to_move 1 nodes_visited 402
[23:18:12.269] START to_move 2
[23:18:12.292] STOP to_move 2 nodes_visited 430
[23:18:12.293] START to_move 1
[23:18:12.318] STOP to_move 1 nodes_visited 423
[23:18:12.319] START to_move 2
[23:18:12.342] STOP to_move 2 nodes_visited 424
[23:18:12.342] START to_move 1
[23:18:12.367] STOP to_move 1 nodes_visited 412
[23:18:12.367] START to_move 2
[23:18:12.390] STOP to_move 2 nodes_visited 423
[23:18:12.390] START to_move 1
[23:18:12.415] STOP to_move 1 nodes_visited 418
[23:18:12.416] START to_move 2
[23:18:12.438] STOP to_move 2 nodes_visited 414
[23:18:12.438] START to_move 1
[23:18:12.463] STOP to_move 1 nodes_visited 404
[23:18:12.463] START to_move 2
[23:18:12.486] STOP to_move 2 nodes_visited 406
[23:18:12.487] START to_move 1
[23:18:12.512] STOP to_move 1 nodes_visited 416
[23:18:12.512] START to_move 2
[23:18:12.535] STOP to_move 2 nodes_visited 421
[23:18:12.536] START to_move 1
[23:18:12.562] STOP to_move 1 nodes_visited 435
[23:18:12.562] START to_move 2
[23:18:12.623] STOP to_move 2 nodes_visited 1084
[23:18:12.624] START to_move 1
[23:18:12.654] STOP to_move 1 nodes_visited 478
[23:18:12.654] START to_move 2
[23:18:12.900] STOP to_move 2 nodes_visited 4243
[23:18:12.902] START to_move 1
[23:18:12.932] STOP to_move 1 nodes_visited 479
[23:18:12.932] START to_move 2
[23:18:13.076] STOP to_move 2 nodes_visited 2491
[23:18:13.078] START to_move 1
[23:18:13.188] STOP to_move 1 nodes_visited 1771
[23:18:13.189] START to_move 2
[23:18:13.293] STOP to_move 2 nodes_visited 1772
[23:18:13.294] START to_move 1
[23:18:13.407] STOP to_move 1 nodes_visited 1815
[23:18:13.408] START to_move 2
[23:18:13.511] STOP to_move 2 nodes_visited 1753
[23:18:13.511] START to_move 1
[23:18:13.617] STOP to_move 1 nodes_visited 1705
[23:18:13.618] START to_move 2
[23:18:13.719] STOP to_move 2 nodes_visited 1756
[23:18:13.719] START to_move 1
[23:18:13.845] STOP to_move 1 nodes_visited 1948
[23:18:13.846] START to_move 2
[23:18:13.960] STOP to_move 2 nodes_visited 1981
[23:18:13.961] START to_move 1
[23:18:13.990] STOP to_move 1 nodes_visited 493
[23:18:13.991] START to_move 2
[23:18:14.044] STOP to_move 2 nodes_visited 880
[23:18:14.044] START to_move 1
[23:18:14.084] STOP to_move 1 nodes_visited 648
[23:18:14.084] START to_move 2
[23:18:14.124] STOP to_move 2 nodes_visited 693
[23:18:14.124] START to_move 1
[23:18:14.168] STOP to_move 1 nodes_visited 715
[23:18:14.168] START to_move 2
[23:18:14.207] STOP to_move 2 nodes_visited 683
[23:18:14.208] START to_move 1
[23:18:14.295] STOP to_move 1 nodes_visited 1408
[23:18:14.296] START to_move 2
[23:18:14.341] STOP to_move 2 nodes_visited 772
[23:18:14.342] START to_move 1
[23:18:14.380] STOP to_move 1 nodes_visited 625
[23:18:14.381] START to_move 2
[23:18:14.588] STOP to_move 2 nodes_visited 3471
[23:18:14.590] START to_move 1
[23:18:14.611] STOP to_move 1 nodes_visited 357
[23:18:14.612] START to_move 2
[23:18:14.718] STOP to_move 2 nodes_visited 1820
[23:18:14.719] START to_move 1
[23:18:14.742] STOP to_move 1 nodes_visited 371
[23:18:14.743] START to_move 2
[23:18:14.859] STOP to_move 2 nodes_visited 1945
[23:18:14.860] START to_move 1
[23:18:14.877] STOP to_move 1 nodes_visited 283
[23:18:14.877] START to_move 2
[23:18:14.991] STOP to_move 2 nodes_visited 1945
[23:18:14.992] START to_move 1
[23:18:15.036] STOP to_move 1 nodes_visited 691
[23:18:15.037] START to_move 2
[23:18:15.118] STOP to_move 2 nodes_visited 1363
[23:18:15.119] START to_move 1
[23:18:15.142] STOP to_move 1 nodes_visited 377
[23:18:15.142] START to_move 2
[23:18:15.256] STOP to_move 2 nodes_visited 1945
[23:18:15.257] START to_move 1
[23:18:15.345] STOP to_move 1 nodes_visited 1376
[23:18:15.345] START to_move 2
[23:18:15.425] STOP to_move 2 nodes_visited 1343
[23:18:15.426] START to_move 1
[23:18:15.517] STOP to_move 1 nodes_visited 1427
[23:18:15.517] START to_move 2
[23:18:15.535] STOP to_move 2 nodes_visited 330
[23:18:15.536] START to_move 1
[23:18:15.591] STOP to_move 1 nodes_visited 883
[23:18:15.591] START to_move 2
[23:18:15.610] STOP to_move 2 nodes_visited 353
[23:18:15.611] START to_move 1
[23:18:15.693] STOP to_move 1 nodes_visited 1265
[23:18:15.693] START to_move 2
[23:18:15.823] STOP to_move 2 nodes_visited 2247
[23:18:15.824] START to_move 1
[23:18:15.907] STOP to_move 1 nodes_visited 1296
[23:18:15.908] START to_move 2
[23:18:16.029] STOP to_move 2 nodes_visited 2094
[23:18:16.031] START to_move 1
[23:18:16.113] STOP to_move 1 nodes_visited 1294
[23:18:16.114] START to_move 2
[23:18:16.237] STOP to_move 2 nodes_visited 2106
[23:18:16.238] START to_move 1
[23:18:16.309] STOP to_move 1 nodes_visited 1120
[23:18:16.310] START to_move 2
[23:18:16.435] STOP to_move 2 nodes_visited 2136
[23:18:16.436] START to_move 1
[23:18:16.507] STOP to_move 1 nodes_visited 1120
[23:18:16.508] START to_move 2
[23:18:16.620] STOP to_move 2 nodes_visited 1960
[23:18:16.621] START to_move 1
[23:18:16.689] STOP to_move 1 nodes_visited 1082
[23:18:16.690] START to_move 2
[23:18:16.806] STOP to_move 2 nodes_visited 2012
[23:18:16.807] START to_move 1
[23:18:16.828] STOP to_move 1 nodes_visited 339
[23:18:16.828] START to_move 2
[23:18:16.850] STOP to_move 2 nodes_visited 391
[23:18:16.850] START to_move 1
[23:18:16.870] STOP to_move 1 nodes_visited 331
[23:18:16.870] START to_move 2
[23:18:16.889] STOP to_move 2 nodes_visited 336
[23:18:16.889] START to_move 1
[23:18:16.908] STOP to_move 1 nodes_visited 317
[23:18:16.908] START to_move 2
[23:18:16.944] STOP to_move 2 nodes_visited 636
[23:18:16.944] START to_move 1
[23:18:16.962] STOP to_move 1 nodes_visited 297
[23:18:16.963] START to_move 2
[23:18:16.998] STOP to_move 2 nodes_visited 607
[23:18:16.999] START to_move 1
[23:18:17.016] STOP to_move 1 nodes_visited 282
[23:18:17.016] START to_move 2
[23:18:17.048] STOP to_move 2 nodes_visited 568
[23:18:17.048] START to_move 1
[23:18:17.065] STOP to_move 1 nodes_visited 282
[23:18:17.065] START to_move 2
[23:18:17.098] STOP to_move 2 nodes_visited 568
[23:18:17.098] START to_move 1
[23:18:17.115] STOP to_move 1 nodes_visited 282
[23:18:17.115] START to_move 2
[23:18:17.147] STOP to_move 2 nodes_visited 565
[23:18:17.148] START to_move 1
[23:18:17.173] STOP to_move 1 nodes_visited 417
[23:18:17.173] START to_move 2
[23:18:17.201] STOP to_move 2 nodes_visited 496
[23:18:17.201] START to_move 1
[23:18:17.217] STOP to_move 1 nodes_visited 253
[23:18:17.217] START to_move 2
[23:18:17.247] STOP to_move 2 nodes_visited 528
[23:18:17.247] START to_move 1
[23:18:17.264] STOP to_move 1 nodes_visited 260
[23:18:17.264] START to_move 2
[23:18:17.299] STOP to_move 2 nodes_visited 626
[23:18:17.300] START to_move 1
[23:18:17.315] STOP to_move 1 nodes_visited 254
[23:18:17.315] START to_move 2
[23:18:17.351] STOP to_move 2 nodes_visited 635
[23:18:17.352] START to_move 1
[23:18:17.367] STOP to_move 1 nodes_visited 254
[23:18:17.367] START to_move 2
[23:18:17.404] STOP to_move 2 nodes_visited 644
[23:18:17.404] START to_move 1
[23:18:17.420] STOP to_move 1 nodes_visited 268
[23:18:17.420] START to_move 2
[23:18:17.458] STOP to_move 2 nodes_visited 654
[23:18:17.458] START to_move 1
[23:18:17.474] STOP to_move 1 nodes_visited 266
[23:18:17.474] START to_move 2
[23:18:17.511] STOP to_move 2 nodes_visited 644
[23:18:17.511] START to_move 1
[23:18:17.531] STOP to_move 1 nodes_visited 323
[23:18:17.531] START to_move 2
[23:18:17.567] STOP to_move 2 nodes_visited 613
[23:18:17.567] START to_move 1
[23:18:17.579] STOP to_move 1 nodes_visited 202
[23:18:17.580] START to_move 2
[23:18:17.616] STOP to_move 2 nodes_visited 637
[23:18:17.616] START to_move 1
[23:18:17.632] STOP to_move 1 nodes_visited 260
[23:18:17.632] START to_move 2
[23:18:17.666] STOP to_move 2 nodes_visited 599
[23:18:17.667] START to_move 1
[23:18:17.682] STOP to_move 1 nodes_visited 252
[23:18:17.682] START to_move 2
[23:18:17.716] STOP to_move 2 nodes_visited 599
[23:18:17.717] START to_move 1
[23:18:17.732] STOP to_move 1 nodes_visited 252
[23:18:17.732] START to_move 2
[23:18:17.791] STOP to_move 2 nodes_visited 1006
[23:18:17.791] START to_move 1
[23:18:17.806] STOP to_move 1 nodes_visited 241
[23:18:17.806] START to_move 2
[23:18:17.868] STOP to_move 2 nodes_visited 1057
[23:18:17.868] START to_move 1
[23:18:17.887] STOP to_move 1 nodes_visited 307
[23:18:17.887] START to_move 2
[23:18:17.894] STOP to_move 2 nodes_visited 132
[23:18:17.894] START to_move 1
[23:18:17.942] STOP to_move 1 nodes_visited 769
[23:18:17.942] START to_move 2
[23:18:17.949] STOP to_move 2 nodes_visited 130
[23:18:17.950] START to_move 1
[23:18:17.995] STOP to_move 1 nodes_visited 730
[23:18:17.995] START to_move 2
[23:18:18.033] STOP to_move 2 nodes_visited 671
[23:18:18.034] START to_move 1
[23:18:18.046] STOP to_move 1 nodes_visited 199
[23:18:18.046] START to_move 2
[23:18:18.060] STOP to_move 2 nodes_visited 257
[23:18:18.060] START to_move 1
[23:18:18.072] STOP to_move 1 nodes_visited 195
[23:18:18.072] START to_move 2
[23:18:18.088] STOP to_move 2 nodes_visited 254
[23:18:18.088] START to_move 1
[23:18:18.100] STOP to_move 1 nodes_visited 191
[23:18:18.100] START to_move 2
[23:18:18.113] STOP to_move 2 nodes_visited 248
[23:18:18.113] START to_move 1
[23:18:18.130] STOP to_move 1 nodes_visited 276
[23:18:18.130] START to_move 2
[23:18:18.146] STOP to_move 2 nodes_visited 285
[23:18:18.147] START to_move 1
[23:18:18.165] STOP to_move 1 nodes_visited 295
[23:18:18.165] START to_move 2
[23:18:18.185] STOP to_move 2 nodes_visited 329
[23:18:18.185] START to_move 1
[23:18:18.204] STOP to_move 1 nodes_visited 292
[23:18:18.204] START to_move 2
[23:18:18.218] STOP to_move 2 nodes_visited 251
[23:18:18.218] START to_move 1
[23:18:18.234] STOP to_move 1 nodes_visited 268
[23:18:18.235] START to_move 2
[23:18:18.248] STOP to_move 2 nodes_visited 240
[23:18:18.248] START to_move 1
[23:18:18.266] STOP to_move 1 nodes_visited 284
[23:18:18.266] START to_move 2
[23:18:18.280] STOP to_move 2 nodes_visited 254
[23:18:18.280] START to_move 1
[23:18:18.298] STOP to_move 1 nodes_visited 288
[23:18:18.298] START to_move 2
[23:18:18.312] STOP to_move 2 nodes_visited 248
[23:18:18.312] START to_move 1
[23:18:18.329] STOP to_move 1 nodes_visited 275
[23:18:18.329] START to_move 2
[23:18:18.349] STOP to_move 2 nodes_visited 325
[23:18:18.349] START to_move 1
[23:18:18.363] STOP to_move 1 nodes_visited 225
[23:18:18.364] START to_move 2
[23:18:18.383] STOP to_move 2 nodes_visited 322
[23:18:18.383] START to_move 1
[23:18:18.401] STOP to_move 1 nodes_visited 273
[23:18:18.401] START to_move 2
[23:18:18.421] STOP to_move 2 nodes_visited 322
[23:18:18.421] START to_move 1
[23:18:18.434] STOP to_move 1 nodes_visited 209
[23:18:18.434] START to_move 2
[23:18:18.449] STOP to_move 2 nodes_visited 264
[23:18:18.449] START to_move 1
[23:18:18.463] STOP to_move 1 nodes_visited 233
[23:18:18.463] START to_move 2
[23:18:18.489] STOP to_move 2 nodes_visited 453
[23:18:18.489] START to_move 1
[23:18:18.503] STOP to_move 1 nodes_visited 226
[23:18:18.504] START to_move 2
[23:18:18.528] STOP to_move 2 nodes_visited 425
[23:18:18.528] START to_move 1
[23:18:18.538] STOP to_move 1 nodes_visited 155
[23:18:18.538] START to_move 2
[23:18:18.551] STOP to_move 2 nodes_visited 235
[23:18:18.551] START to_move 1
[23:18:18.561] STOP to_move 1 nodes_visited 153
[23:18:18.561] START to_move 2
[23:18:18.574] STOP to_move 2 nodes_visited 235
[23:18:18.574] START to_move 1
[23:18:18.584] STOP to_move 1 nodes_visited 167
[23:18:18.585] START to_move 2
[23:18:18.598] STOP to_move 2 nodes_visited 244
[23:18:18.598] START to_move 1
[23:18:18.604] STOP to_move 1 nodes_visited 95
[23:18:18.604] START to_move 2
[23:18:18.618] STOP to_move 2 nodes_visited 247
[23:18:18.618] START to_move 1
[23:18:18.626] STOP to_move 1 nodes_visited 141
[23:18:18.627] START to_move 2
[23:18:18.635] STOP to_move 2 nodes_visited 151
[23:18:18.635] START to_move 1
[23:18:18.641] STOP to_move 1 nodes_visited 96
[23:18:18.641] START to_move 2
[23:18:18.656] STOP to_move 2 nodes_visited 255
[23:18:18.656] START to_move 1
[23:18:18.665] STOP to_move 1 nodes_visited 149
[23:18:18.666] START to_move 2
[23:18:18.681] STOP to_move 2 nodes_visited 268
[23:18:18.681] START to_move 1
[23:18:18.696] STOP to_move 1 nodes_visited 229
[23:18:18.697] START to_move 2
[23:18:18.719] STOP to_move 2 nodes_visited 390
[23:18:18.719] START to_move 1
[23:18:18.729] STOP to_move 1 nodes_visited 161
[23:18:18.729] START to_move 2
[23:18:18.739] STOP to_move 2 nodes_visited 175
[23:18:18.739] START to_move 1
[23:18:18.751] STOP to_move 1 nodes_visited 184
[23:18:18.751] START to_move 2
[23:18:18.761] STOP to_move 2 nodes_visited 175
[23:18:18.761] START to_move 1
[23:18:18.772] STOP to_move 1 nodes_visited 184
[23:18:18.772] START to_move 2
[23:18:18.781] STOP to_move 2 nodes_visited 159
[23:18:18.781] START to_move 1
[23:18:18.789] STOP to_move 1 nodes_visited 127
[23:18:18.789] START to_move 2
[23:18:18.794] STOP to_move 2 nodes_visited 90
[23:18:18.794] START to_move 1
[23:18:18.798] STOP to_move 1 nodes_visited 57
[23:18:18.798] START to_move 2
[23:18:18.803] STOP to_move 2 nodes_visited 101
[23:18:18.803] START to_move 1
[23:18:18.808] STOP to_move 1 nodes_visited 66
[23:18:18.808] START to_move 2
[23:18:18.815] STOP to_move 2 nodes_visited 127
[23:18:18.815] START to_move 1
[23:18:18.824] STOP to_move 1 nodes_visited 159
[23:18:18.824] START to_move 2
[23:18:18.830] STOP to_move 2 nodes_visited 99
[23:18:18.830] START to_move 1
[23:18:18.834] STOP to_move 1 nodes_visited 70
[23:18:18.834] START to_move 2
[23:18:18.842] STOP to_move 2 nodes_visited 137
[23:18:18.842] START to_move 1
[23:18:18.852] STOP to_move 1 nodes_visited 159
[23:18:18.852] START to_move 2
[23:18:18.857] STOP to_move 2 nodes_visited 81
[23:18:18.857] START to_move 1
[23:18:18.860] STOP to_move 1 nodes_visited 53
[23:18:18.860] START to_move 2
[23:18:18.865] STOP to_move 2 nodes_visited 90
[23:18:18.865] START to_move 1
[23:18:18.869] STOP to_move 1 nodes_visited 55
[23:18:18.869] START to_move 2
[23:18:18.874] STOP to_move 2 nodes_visited 92
[23:18:18.874] START to_move 1
[23:18:18.877] STOP to_move 1 nodes_visited 59
[23:18:18.877] START to_move 2
[23:18:18.884] STOP to_move 2 nodes_visited 114
[23:18:18.884] START to_move 1
[23:18:18.889] STOP to_move 1 nodes_visited 95
[23:18:18.889] START to_move 2
[23:18:18.896] STOP to_move 2 nodes_visited 119
[23:18:18.896] START to_move 1
[23:18:18.902] STOP to_move 1 nodes_visited 95
[23:18:18.902] START to_move 2
[23:18:18.907] STOP to_move 2 nodes_visited 84
[23:18:18.907] START to_move 1
[23:18:18.910] STOP to_move 1 nodes_visited 49
[23:18:18.910] START to_move 2
[23:18:18.914] STOP to_move 2 nodes_visited 81
[23:18:18.914] START to_move 1
[23:18:18.915] STOP to_move 1 nodes_visited 10
[23:18:18.915] END winner 1 - rounds 223
