[23:10:41.950] 1 - distance_function chebyshev - pruning True
[23:10:41.950] 2 - distance_function manhattan - pruning True
[23:10:41.950] START to_move 1
[23:10:42.062] STOP to_move 1 nodes_visited 1786
[23:10:42.063] START to_move 2
[23:10:42.195] STOP to_move 2 nodes_visited 2185
[23:10:42.196] START to_move 1
[23:10:42.572] STOP to_move 1 nodes_visited 5802
[23:10:42.575] START to_move 2
[23:10:42.774] STOP to_move 2 nodes_visited 3303
[23:10:42.776] START to_move 1
[23:10:42.934] STOP to_move 1 nodes_visited 2521
[23:10:42.936] START to_move 2
[23:10:43.132] STOP to_move 2 nodes_visited 3383
[23:10:43.134] START to_move 1
[23:10:43.416] STOP to_move 1 nodes_visited 4407
[23:10:43.418] START to_move 2
[23:10:43.575] STOP to_move 2 nodes_visited 2668
[23:10:43.577] START to_move 1
[23:10:43.702] STOP to_move 1 nodes_visited 2016
[23:10:43.703] START to_move 2
[23:10:43.821] STOP to_move 2 nodes_visited 2010
[23:10:43.822] START to_move 1
[23:10:44.010] STOP to_move 1 nodes_visited 2885
[23:10:44.011] START to_move 2
[23:10:44.168] STOP to_move 2 nodes_visited 2695
[23:10:44.170] START to_move 1
[23:10:44.335] STOP to_move 1 nodes_visited 2562
[23:10:44.337] START to_move 2
[23:10:44.361] STOP to_move 2 nodes_visited 435
[23:10:44.362] START to_move 1
[23:10:44.504] STOP to_move 1 nodes_visited 2256
[23:10:44.505] START to_move 2
[23:10:44.530] STOP to_move 2 nodes_visited 427
[23:10:44.531] START to_move 1
[23:10:44.545] STOP to_move 1 nodes_visited 260
[23:10:44.546] START to_move 2
[23:10:44.564] STOP to_move 2 nodes_visited 325
[23:10:44.564] START to_move 1
[23:10:44.580] STOP to_move 1 nodes_visited 278
[23:10:44.580] START to_move 2
[23:10:44.597] STOP to_move 2 nodes_visited 325
[23:10:44.598] START to_move 1
[23:10:44.614] STOP to_move 1 nodes_visited 279
[23:10:44.614] START to_move 2
[23:10:44.716] STOP to_move 2 nodes_visited 1791
[23:10:44.717] START to_move 1
[23:10:44.732] STOP to_move 1 nodes_visited 263
[23:10:44.732] START to_move 2
[23:10:44.750] STOP to_move 2 nodes_visited 325
[23:10:44.750] START to_move 1
[23:10:44.766] STOP to_move 1 nodes_visited 277
[23:10:44.766] START to_move 2
[23:10:44.790] STOP to_move 2 nodes_visited 424
[23:10:44.791] START to_move 1
[23:10:44.814] STOP to_move 1 nodes_visited 402
[23:10:44.814] START to_move 2
[23:10:44.940] STOP to_move 2 nodes_visited 2202
[23:10:44.942] START to_move 1
[23:10:45.012] STOP to_move 1 nodes_visited 1152
[23:10:45.013] START to_move 2
[23:10:45.314] STOP to_move 2 nodes_visited 5053
[23:10:45.317] START to_move 1
[23:10:45.379] STOP to_move 1 nodes_visited 993
[23:10:45.380] START to_move 2
[23:10:45.521] STOP to_move 2 nodes_visited 2462
[23:10:45.522] START to_move 1
[23:10:45.546] STOP to_move 1 nodes_visited 384
[23:10:45.547] START to_move 2
[23:10:45.700] STOP to_move 2 nodes_visited 2666
[23:10:45.701] START to_move 1
[23:10:45.807] STOP to_move 1 nodes_visited 1647
[23:10:45.808] START to_move 2
[23:10:46.094] STOP to_move 2 nodes_visited 4824
[23:10:46.097] START to_move 1
[23:10:46.215] STOP to_move 1 nodes_visited 1908
[23:10:46.216] START to_move 2
[23:10:46.360] STOP to_move 2 nodes_visited 2460
[23:10:46.361] START to_move 1
[23:10:46.389] STOP to_move 1 nodes_visited 481
[23:10:46.390] START to_move 2
[23:10:46.552] STOP to_move 2 nodes_visited 2747
[23:10:46.553] START to_move 1
[23:10:46.581] STOP to_move 1 nodes_visited 462
[23:10:46.581] START to_move 2
[23:10:46.831] STOP to_move 2 nodes_visited 4247
[23:10:46.833] START to_move 1
[23:10:46.859] STOP to_move 1 nodes_visited 442
[23:10:46.860] START to_move 2
[23:10:47.140] STOP to_move 2 nodes_visited 4750
[23:10:47.142] START to_move 1
[23:10:47.167] STOP to_move 1 nodes_visited 409
[23:10:47.167] START to_move 2
[23:10:47.217] STOP to_move 2 nodes_visited 859
[23:10:47.217] START to_move 1
[23:10:47.242] STOP to_move 1 nodes_visited 424
[23:10:47.243] START to_move 2
[23:10:47.283] STOP to_move 2 nodes_visited 713
[23:10:47.284] START to_move 1
[23:10:47.303] STOP to_move 1 nodes_visited 343
[23:10:47.304] START to_move 2
[23:10:47.412] STOP to_move 2 nodes_visited 1853
[23:10:47.413] START to_move 1
[23:10:47.564] STOP to_move 1 nodes_visited 2397
[23:10:47.566] START to_move 2
[23:10:47.654] STOP to_move 2 nodes_visited 1509
[23:10:47.654] START to_move 1
[23:10:47.679] STOP to_move 1 nodes_visited 408
[23:10:47.679] START to_move 2
[23:10:47.762] STOP to_move 2 nodes_visited 1456
[23:10:47.763] START to_move 1
[23:10:47.787] STOP to_move 1 nodes_visited 406
[23:10:47.787] START to_move 2
[23:10:47.950] STOP to_move 2 nodes_visited 2790
[23:10:47.951] START to_move 1
[23:10:48.074] STOP to_move 1 nodes_visited 1981
[23:10:48.075] START to_move 2
[23:10:48.252] STOP to_move 2 nodes_visited 3056
[23:10:48.254] START to_move 1
[23:10:48.271] STOP to_move 1 nodes_visited 282
[23:10:48.271] START to_move 2
[23:10:48.562] STOP to_move 2 nodes_visited 4978
[23:10:48.565] START to_move 1
[23:10:48.591] STOP to_move 1 nodes_visited 413
[23:10:48.592] START to_move 2
[23:10:48.746] STOP to_move 2 nodes_visited 2684
[23:10:48.748] START to_move 1
[23:10:48.769] STOP to_move 1 nodes_visited 354
[23:10:48.769] START to_move 2
[23:10:48.937] STOP to_move 2 nodes_visited 2892
[23:10:48.938] START to_move 1
[23:10:48.954] STOP to_move 1 nodes_visited 265
[23:10:48.954] START to_move 2
[23:10:49.012] STOP to_move 2 nodes_visited 1008
[23:10:49.013] START to_move 1
[23:10:49.028] STOP to_move 1 nodes_visited 264
[23:10:49.029] START to_move 2
[23:10:49.203] STOP to_move 2 nodes_visited 3003
[23:10:49.205] START to_move 1
[23:10:49.499] STOP to_move 1 nodes_visited 4493
[23:10:49.502] START to_move 2
[23:10:49.666] STOP to_move 2 nodes_visited 2796
[23:10:49.667] START to_move 1
[23:10:49.957] STOP to_move 1 nodes_visited 4424
[23:10:49.959] START to_move 2
[23:10:49.984] STOP to_move 2 nodes_visited 432
[23:10:49.984] START to_move 1
[23:10:50.260] STOP to_move 1 nodes_visited 4267
[23:10:50.262] START to_move 2
[23:10:50.287] STOP to_move 2 nodes_visited 434
[23:10:50.287] START to_move 1
[23:10:50.377] STOP to_move 1 nodes_visited 1440
[23:10:50.378] START to_move 2
[23:10:50.406] STOP to_move 2 nodes_visited 506
[23:10:50.406] START to_move 1
[23:10:50.423] STOP to_move 1 nodes_visited 251
[23:10:50.423] START to_move 2
[23:10:50.578] STOP to_move 2 nodes_visited 2699
[23:10:50.579] START to_move 1
[23:10:50.594] STOP to_move 1 nodes_visited 247
[23:10:50.594] START to_move 2
[23:10:50.621] STOP to_move 2 nodes_visited 488
[23:10:50.621] START to_move 1
[23:10:50.639] STOP to_move 1 nodes_visited 302
[23:10:50.640] START to_move 2
[23:10:50.667] STOP to_move 2 nodes_visited 482
[23:10:50.667] START to_move 1
[23:10:50.685] STOP to_move 1 nodes_visited 290
[23:10:50.685] START to_move 2
[23:10:50.712] STOP to_move 2 nodes_visited 472
[23:10:50.712] START to_move 1
[23:10:50.729] STOP to_move 1 nodes_visited 290
[23:10:50.729] START to_move 2
[23:10:50.756] STOP to_move 2 nodes_visited 487
[23:10:50.757] START to_move 1
[23:10:50.773] STOP to_move 1 nodes_visited 280
[23:10:50.773] START to_move 2
[23:10:50.824] STOP to_move 2 nodes_visited 886
[23:10:50.824] START to_move 1
[23:10:50.843] STOP to_move 1 nodes_visited 319
[23:10:50.843] START to_move 2
[23:10:50.885] STOP to_move 2 nodes_visited 724
[23:10:50.885] START to_move 1
[23:10:50.904] STOP to_move 1 nodes_visited 336
[23:10:50.905] START to_move 2
[23:10:50.934] STOP to_move 2 nodes_visited 516
[23:10:50.934] START to_move 1
[23:10:50.953] STOP to_move 1 nodes_visited 314
[23:10:50.953] START to_move 2
[23:10:50.981] STOP to_move 2 nodes_visited 481
[23:10:50.981] START to_move 1
[23:10:51.000] STOP to_move 1 nodes_visited 321
[23:10:51.000] START to_move 2
[23:10:51.046] STOP to_move 2 nodes_visited 814
[23:10:51.047] START to_move 1
[23:10:51.064] STOP to_move 1 nodes_visited 291
[23:10:51.065] START to_move 2
[23:10:51.131] STOP to_move 2 nodes_visited 1151
[23:10:51.131] START to_move 1
[23:10:51.149] STOP to_move 1 nodes_visited 310
[23:10:51.150] START to_move 2
[23:10:51.238] STOP to_move 2 nodes_visited 1491
[23:10:51.239] START to_move 1
[23:10:51.254] STOP to_move 1 nodes_visited 270
[23:10:51.255] START to_move 2
[23:10:51.372] STOP to_move 2 nodes_visited 2005
[23:10:51.373] START to_move 1
[23:10:51.393] STOP to_move 1 nodes_visited 321
[23:10:51.393] START to_move 2
[23:10:51.514] STOP to_move 2 nodes_visited 2007
[23:10:51.515] START to_move 1
[23:10:51.534] STOP to_move 1 nodes_visited 321
[23:10:51.534] START to_move 2
[23:10:51.676] STOP to_move 2 nodes_visited 2421
[23:10:51.678] START to_move 1
[23:10:51.701] STOP to_move 1 nodes_visited 385
[23:10:51.701] START to_move 2
[23:10:51.806] STOP to_move 2 nodes_visited 1761
[23:10:51.807] START to_move 1
[23:10:51.825] STOP to_move 1 nodes_visited 300
[23:10:51.825] START to_move 2
[23:10:51.896] STOP to_move 2 nodes_visited 1224
[23:10:51.897] START to_move 1
[23:10:51.908] STOP to_move 1 nodes_visited 201
[23:10:51.909] START to_move 2
[23:10:51.981] STOP to_move 2 nodes_visited 1228
[23:10:51.981] START to_move 1
[23:10:51.993] STOP to_move 1 nodes_visited 198
[23:10:51.993] START to_move 2
[23:10:52.064] STOP to_move 2 nodes_visited 1187
[23:10:52.064] START to_move 1
[23:10:52.075] STOP to_move 1 nodes_visited 193
[23:10:52.075] START to_move 2
[23:10:52.145] STOP to_move 2 nodes_visited 1191
[23:10:52.146] START to_move 1
[23:10:52.162] STOP to_move 1 nodes_visited 273
[23:10:52.162] START to_move 2
[23:10:52.236] STOP to_move 2 nodes_visited 1263
[23:10:52.236] START to_move 1
[23:10:52.247] STOP to_move 1 nodes_visited 195
[23:10:52.247] START to_move 2
[23:10:52.289] STOP to_move 2 nodes_visited 689
[23:10:52.289] START to_move 1
[23:10:52.323] STOP to_move 1 nodes_visited 562
[23:10:52.323] START to_move 2
[23:10:52.393] STOP to_move 2 nodes_visited 1202
[23:10:52.394] START to_move 1
[23:10:52.408] STOP to_move 1 nodes_visited 257
[23:10:52.409] START to_move 2
[23:10:52.485] STOP to_move 2 nodes_visited 1309
[23:10:52.486] START to_move 1
[23:10:52.503] STOP to_move 1 nodes_visited 301
[23:10:52.504] START to_move 2
[23:10:52.528] STOP to_move 2 nodes_visited 424
[23:10:52.528] START to_move 1
[23:10:52.543] STOP to_move 1 nodes_visited 256
[23:10:52.543] START to_move 2
[23:10:52.706] STOP to_move 2 nodes_visited 2773
[23:10:52.708] START to_move 1
[23:10:52.722] STOP to_move 1 nodes_visited 233
[23:10:52.722] START to_move 2
[23:10:52.899] STOP to_move 2 nodes_visited 2993
[23:10:52.901] START to_move 1
[23:10:52.915] STOP to_move 1 nodes_visited 233
[23:10:52.915] START to_move 2
[23:10:52.940] STOP to_move 2 nodes_visited 439
[23:10:52.941] START to_move 1
[23:10:52.955] STOP to_move 1 nodes_visited 258
[23:10:52.956] START to_move 2
[23:10:52.972] STOP to_move 2 nodes_visited 297
[23:10:52.972] START to_move 1
[23:10:52.987] STOP to_move 1 nodes_visited 250
[23:10:52.987] START to_move 2
[23:10:53.002] STOP to_move 2 nodes_visited 278
[23:10:53.002] START to_move 1
[23:10:53.019] STOP to_move 1 nodes_visited 286
[23:10:53.019] START to_move 2
[23:10:53.034] STOP to_move 2 nodes_visited 278
[23:10:53.035] START to_move 1
[23:10:53.050] STOP to_move 1 nodes_visited 266
[23:10:53.051] START to_move 2
[23:10:53.065] STOP to_move 2 nodes_visited 261
[23:10:53.065] START to_move 1
[23:10:53.083] STOP to_move 1 nodes_visited 284
[23:10:53.083] START to_move 2
[23:10:53.100] STOP to_move 2 nodes_visited 312
[23:10:53.100] START to_move 1
[23:10:53.117] STOP to_move 1 nodes_visited 284
[23:10:53.117] START to_move 2
[23:10:53.134] STOP to_move 2 nodes_visited 312
[23:10:53.135] START to_move 1
[23:10:53.152] STOP to_move 1 nodes_visited 284
[23:10:53.152] START to_move 2
[23:10:53.169] STOP to_move 2 nodes_visited 312
[23:10:53.169] START to_move 1
[23:10:53.186] STOP to_move 1 nodes_visited 281
[23:10:53.186] START to_move 2
[23:10:53.204] STOP to_move 2 nodes_visited 318
[23:10:53.204] START to_move 1
[23:10:53.221] STOP to_move 1 nodes_visited 297
[23:10:53.222] START to_move 2
[23:10:53.240] STOP to_move 2 nodes_visited 328
[23:10:53.240] START to_move 1
[23:10:53.258] STOP to_move 1 nodes_visited 293
[23:10:53.258] START to_move 2
[23:10:53.276] STOP to_move 2 nodes_visited 328
[23:10:53.276] START to_move 1
[23:10:53.300] STOP to_move 1 nodes_visited 412
[23:10:53.301] START to_move 2
[23:10:53.316] STOP to_move 2 nodes_visited 282
[23:10:53.316] START to_move 1
[23:10:53.333] STOP to_move 1 nodes_visited 284
[23:10:53.333] START to_move 2
[23:10:53.350] STOP to_move 2 nodes_visited 315
[23:10:53.350] START to_move 1
[23:10:53.413] STOP to_move 1 nodes_visited 988
[23:10:53.413] START to_move 2
[23:10:53.433] STOP to_move 2 nodes_visited 351
[23:10:53.433] START to_move 1
[23:10:53.468] STOP to_move 1 nodes_visited 573
[23:10:53.468] START to_move 2
[23:10:53.487] STOP to_move 2 nodes_visited 350
[23:10:53.488] START to_move 1
[23:10:53.522] STOP to_move 1 nodes_visited 565
[23:10:53.522] START to_move 2
[23:10:53.541] STOP to_move 2 nodes_visited 348
[23:10:53.542] START to_move 1
[23:10:53.577] STOP to_move 1 nodes_visited 581
[23:10:53.578] START to_move 2
[23:10:53.597] STOP to_move 2 nodes_visited 348
[23:10:53.597] START to_move 1
[23:10:53.613] STOP to_move 1 nodes_visited 266
[23:10:53.613] START to_move 2
[23:10:53.629] STOP to_move 2 nodes_visited 299
[23:10:53.630] START to_move 1
[23:10:53.675] STOP to_move 1 nodes_visited 718
[23:10:53.676] START to_move 2
[23:10:53.698] STOP to_move 2 nodes_visited 393
[23:10:53.698] START to_move 1
[23:10:53.715] STOP to_move 1 nodes_visited 278
[23:10:53.715] START to_move 2
[23:10:53.733] STOP to_move 2 nodes_visited 319
[23:10:53.733] START to_move 1
[23:10:53.749] STOP to_move 1 nodes_visited 276
[23:10:53.749] START to_move 2
[23:10:53.767] STOP to_move 2 nodes_visited 318
[23:10:53.767] START to_move 1
[23:10:53.783] STOP to_move 1 nodes_visited 270
[23:10:53.783] START to_move 2
[23:10:53.843] STOP to_move 2 nodes_visited 1049
[23:10:53.844] START to_move 1
[23:10:53.859] STOP to_move 1 nodes_visited 251
[23:10:53.859] START to_move 2
[23:10:53.917] STOP to_move 2 nodes_visited 1011
[23:10:53.917] START to_move 1
[23:10:53.933] STOP to_move 1 nodes_visited 242
[23:10:53.933] START to_move 2
[23:10:53.984] STOP to_move 2 nodes_visited 893
[23:10:53.984] START to_move 1
[23:10:53.999] STOP to_move 1 nodes_visited 242
[23:10:53.999] START to_move 2
[23:10:54.015] STOP to_move 2 nodes_visited 292
[23:10:54.015] START to_move 1
[23:10:54.030] STOP to_move 1 nodes_visited 260
[23:10:54.031] START to_move 2
[23:10:54.047] STOP to_move 2 nodes_visited 292
[23:10:54.047] START to_move 1
[23:10:54.062] STOP to_move 1 nodes_visited 262
[23:10:54.062] START to_move 2
[23:10:54.105] STOP to_move 2 nodes_visited 759
[23:10:54.106] START to_move 1
[23:10:54.122] STOP to_move 1 nodes_visited 281
[23:10:54.122] START to_move 2
[23:10:54.139] STOP to_move 2 nodes_visited 304
[23:10:54.140] START to_move 1
[23:10:54.156] STOP to_move 1 nodes_visited 269
[23:10:54.156] START to_move 2
[23:10:54.170] STOP to_move 2 nodes_visited 253
[23:10:54.170] START to_move 1
[23:10:54.187] STOP to_move 1 nodes_visited 274
[23:10:54.187] START to_move 2
[23:10:54.211] STOP to_move 2 nodes_visited 365
[23:10:54.211] START to_move 1
[23:10:54.230] STOP to_move 1 nodes_visited 315
[23:10:54.230] START to_move 2
[23:10:54.251] STOP to_move 2 nodes_visited 384
[23:10:54.252] START to_move 1
[23:10:54.270] STOP to_move 1 nodes_visited 315
[23:10:54.271] START to_move 2
[23:10:54.292] STOP to_move 2 nodes_visited 384
[23:10:54.293] START to_move 1
[23:10:54.311] STOP to_move 1 nodes_visited 315
[23:10:54.312] START to_move 2
[23:10:54.337] STOP to_move 2 nodes_visited 443
[23:10:54.337] START to_move 1
[23:10:54.357] STOP to_move 1 nodes_visited 329
[23:10:54.357] START to_move 2
[23:10:54.377] STOP to_move 2 nodes_visited 351
[23:10:54.377] START to_move 1
[23:10:54.395] STOP to_move 1 nodes_visited 304
[23:10:54.396] START to_move 2
[23:10:54.417] STOP to_move 2 nodes_visited 369
[23:10:54.417] START to_move 1
[23:10:54.435] STOP to_move 1 nodes_visited 296
[23:10:54.435] START to_move 2
[23:10:54.455] STOP to_move 2 nodes_visited 357
[23:10:54.455] START to_move 1
[23:10:54.475] STOP to_move 1 nodes_visited 322
[23:10:54.475] START to_move 2
[23:10:54.494] STOP to_move 2 nodes_visited 335
[23:10:54.494] START to_move 1
[23:10:54.517] STOP to_move 1 nodes_visited 360
[23:10:54.517] START to_move 2
[23:10:54.535] STOP to_move 2 nodes_visited 324
[23:10:54.536] START to_move 1
[23:10:54.557] STOP to_move 1 nodes_visited 352
[23:10:54.557] START to_move 2
[23:10:54.575] STOP to_move 2 nodes_visited 324
[23:10:54.575] START to_move 1
[23:10:54.590] STOP to_move 1 nodes_visited 252
[23:10:54.590] START to_move 2
[23:10:54.609] STOP to_move 2 nodes_visited 331
[23:10:54.609] START to_move 1
[23:10:54.625] STOP to_move 1 nodes_visited 260
[23:10:54.625] START to_move 2
[23:10:54.644] STOP to_move 2 nodes_visited 335
[23:10:54.644] START to_move 1
[23:10:54.659] STOP to_move 1 nodes_visited 251
[23:10:54.659] START to_move 2
[23:10:54.678] STOP to_move 2 nodes_visited 336
[23:10:54.678] START to_move 1
[23:10:54.699] STOP to_move 1 nodes_visited 346
[23:10:54.700] START to_move 2
[23:10:54.720] STOP to_move 2 nodes_visited 368
[23:10:54.721] START to_move 1
[23:10:54.742] STOP to_move 1 nodes_visited 347
[23:10:54.742] START to_move 2
[23:10:54.762] STOP to_move 2 nodes_visited 350
[23:10:54.762] START to_move 1
[23:10:54.783] STOP to_move 1 nodes_visited 347
[23:10:54.783] START to_move 2
[23:10:54.804] STOP to_move 2 nodes_visited 350
[23:10:54.804] START to_move 1
[23:10:54.826] STOP to_move 1 nodes_visited 357
[23:10:54.827] START to_move 2
[23:10:54.847] STOP to_move 2 nodes_visited 362
[23:10:54.847] START to_move 1
[23:10:54.868] STOP to_move 1 nodes_visited 339
[23:10:54.868] START to_move 2
[23:10:54.876] STOP to_move 2 nodes_visited 143
[23:10:54.876] START to_move 1
[23:10:54.896] STOP to_move 1 nodes_visited 319
[23:10:54.896] START to_move 2
[23:10:54.904] STOP to_move 2 nodes_visited 142
[23:10:54.904] START to_move 1
[23:10:54.992] STOP to_move 1 nodes_visited 1408
[23:10:54.993] START to_move 2
[23:10:55.002] STOP to_move 2 nodes_visited 162
[23:10:55.002] START to_move 1
[23:10:55.094] STOP to_move 1 nodes_visited 1419
[23:10:55.094] START to_move 2
[23:10:55.105] STOP to_move 2 nodes_visited 191
[23:10:55.105] START to_move 1
[23:10:55.202] STOP to_move 1 nodes_visited 1542
[23:10:55.203] START to_move 2
[23:10:55.213] STOP to_move 2 nodes_visited 178
[23:10:55.213] START to_move 1
[23:10:55.297] STOP to_move 1 nodes_visited 1335
[23:10:55.297] START to_move 2
[23:10:55.311] STOP to_move 2 nodes_visited 231
[23:10:55.311] START to_move 1
[23:10:55.345] STOP to_move 1 nodes_visited 554
[23:10:55.345] START to_move 2
[23:10:55.360] STOP to_move 2 nodes_visited 270
[23:10:55.360] START to_move 1
[23:10:55.374] STOP to_move 1 nodes_visited 208
[23:10:55.374] START to_move 2
[23:10:55.386] STOP to_move 2 nodes_visited 201
[23:10:55.386] START to_move 1
[23:10:55.399] STOP to_move 1 nodes_visited 224
[23:10:55.399] START to_move 2
[23:10:55.410] STOP to_move 2 nodes_visited 202
[23:10:55.410] START to_move 1
[23:10:55.423] STOP to_move 1 nodes_visited 217
[23:10:55.424] START to_move 2
[23:10:55.436] STOP to_move 2 nodes_visited 217
[23:10:55.436] START to_move 1
[23:10:55.452] STOP to_move 1 nodes_visited 274
[23:10:55.452] START to_move 2
[23:10:55.464] STOP to_move 2 nodes_visited 200
[23:10:55.464] START to_move 1
[23:10:55.480] STOP to_move 1 nodes_visited 271
[23:10:55.481] START to_move 2
[23:10:55.493] STOP to_move 2 nodes_visited 218
[23:10:55.493] START to_move 1
[23:10:55.513] STOP to_move 1 nodes_visited 326
[23:10:55.513] START to_move 2
[23:10:55.525] STOP to_move 2 nodes_visited 207
[23:10:55.525] START to_move 1
[23:10:55.533] STOP to_move 1 nodes_visited 131
[23:10:55.533] START to_move 2
[23:10:55.546] STOP to_move 2 nodes_visited 237
[23:10:55.546] START to_move 1
[23:10:55.554] STOP to_move 1 nodes_visited 131
[23:10:55.554] START to_move 2
[23:10:55.562] STOP to_move 2 nodes_visited 148
[23:10:55.562] START to_move 1
[23:10:55.570] STOP to_move 1 nodes_visited 131
[23:10:55.570] START to_move 2
[23:10:55.581] STOP to_move 2 nodes_visited 194
[23:10:55.581] START to_move 1
[23:10:55.588] STOP to_move 1 nodes_visited 129
[23:10:55.588] START to_move 2
[23:10:55.605] STOP to_move 2 nodes_visited 289
[23:10:55.605] START to_move 1
[23:10:55.614] STOP to_move 1 nodes_visited 146
[23:10:55.614] START to_move 2
[23:10:55.624] STOP to_move 2 nodes_visited 175
[23:10:55.624] START to_move 1
[23:10:55.630] STOP to_move 1 nodes_visited 105
[23:10:55.630] START to_move 2
[23:10:55.638] STOP to_move 2 nodes_visited 129
[23:10:55.638] START to_move 1
[23:10:55.643] STOP to_move 1 nodes_visited 99
[23:10:55.643] START to_move 2
[23:10:55.651] STOP to_move 2 nodes_visited 127
[23:10:55.651] START to_move 1
[23:10:55.657] STOP to_move 1 nodes_visited 101
[23:10:55.657] START to_move 2
[23:10:55.664] STOP to_move 2 nodes_visited 123
[23:10:55.664] START to_move 1
[23:10:55.671] STOP to_move 1 nodes_visited 121
[23:10:55.671] START to_move 2
[23:10:55.678] STOP to_move 2 nodes_visited 98
[23:10:55.678] START to_move 1
[23:10:55.685] STOP to_move 1 nodes_visited 123
[23:10:55.685] START to_move 2
[23:10:55.691] STOP to_move 2 nodes_visited 108
[23:10:55.691] START to_move 1
[23:10:55.700] STOP to_move 1 nodes_visited 149
[23:10:55.700] START to_move 2
[23:10:55.709] STOP to_move 2 nodes_visited 155
[23:10:55.709] START to_move 1
[23:10:55.715] STOP to_move 1 nodes_visited 106
[23:10:55.715] START to_move 2
[23:10:55.724] STOP to_move 2 nodes_visited 161
[23:10:55.724] START to_move 1
[23:10:55.730] STOP to_move 1 nodes_visited 95
[23:10:55.730] START to_move 2
[23:10:55.735] STOP to_move 2 nodes_visited 83
[23:10:55.735] START to_move 1
[23:10:55.742] STOP to_move 1 nodes_visited 123
[23:10:55.742] START to_move 2
[23:10:55.749] STOP to_move 2 nodes_visited 121
[23:10:55.749] START to_move 1
[23:10:55.756] STOP to_move 1 nodes_visited 116
[23:10:55.756] START to_move 2
[23:10:55.763] STOP to_move 2 nodes_visited 119
[23:10:55.763] START to_move 1
[23:10:55.770] STOP to_move 1 nodes_visited 122
[23:10:55.770] START to_move 2
[23:10:55.778] STOP to_move 2 nodes_visited 139
[23:10:55.778] START to_move 1
[23:10:55.783] STOP to_move 1 nodes_visited 97
[23:10:55.783] START to_move 2
[23:10:55.792] STOP to_move 2 nodes_visited 161
[23:10:55.793] START to_move 1
[23:10:55.798] STOP to_move 1 nodes_visited 85
[23:10:55.798] START to_move 2
[23:10:55.802] STOP to_move 2 nodes_visited 75
[23:10:55.802] START to_move 1
[23:10:55.806] STOP to_move 1 nodes_visited 72
[23:10:55.806] START to_move 2
[23:10:55.811] STOP to_move 2 nodes_visited 83
[23:10:55.811] START to_move 1
[23:10:55.815] STOP to_move 1 nodes_visited 75
[23:10:55.815] START to_move 2
[23:10:55.820] STOP to_move 2 nodes_visited 81
[23:10:55.820] START to_move 1
[23:10:55.824] STOP to_move 1 nodes_visited 68
[23:10:55.824] START to_move 2
[23:10:55.829] STOP to_move 2 nodes_visited 84
[23:10:55.829] START to_move 1
[23:10:55.835] STOP to_move 1 nodes_visited 101
[23:10:55.835] START to_move 2
[23:10:55.840] STOP to_move 2 nodes_visited 93
[23:10:55.840] START to_move 1
[23:10:55.846] STOP to_move 1 nodes_visited 99
[23:10:55.846] START to_move 2
[23:10:55.851] STOP to_move 2 nodes_visited 91
[23:10:55.851] START to_move 1
[23:10:55.857] STOP to_move 1 nodes_visited 97
[23:10:55.857] START to_move 2
[23:10:55.862] STOP to_move 2 nodes_visited 89
[23:10:55.862] START to_move 1
[23:10:55.868] STOP to_move 1 nodes_visited 98
[23:10:55.868] START to_move 2
[23:10:55.874] STOP to_move 2 nodes_visited 108
[23:10:55.874] START to_move 1
[23:10:55.880] STOP to_move 1 nodes_visited 87
[23:10:55.880] START to_move 2
[23:10:55.886] STOP to_move 2 nodes_visited 105
[23:10:55.886] START to_move 1
[23:10:55.891] STOP to_move 1 nodes_visited 87
[23:10:55.891] START to_move 2
[23:10:55.896] STOP to_move 2 nodes_visited 85
[23:10:55.896] START to_move 1
[23:10:55.901] STOP to_move 1 nodes_visited 85
[23:10:55.901] START to_move 2
[23:10:55.906] STOP to_move 2 nodes_visited 95
[23:10:55.906] START to_move 1
[23:10:55.910] STOP to_move 1 nodes_visited 57
[23:10:55.910] START to_move 2
[23:10:55.914] STOP to_move 2 nodes_visited 74
[23:10:55.914] START to_move 1
[23:10:55.919] STOP to_move 1 nodes_visited 80
[23:10:55.919] START to_move 2
[23:10:55.925] STOP to_move 2 nodes_visited 108
[23:10:55.925] START to_move 1
[23:10:55.929] STOP to_move 1 nodes_visited 67
[23:10:55.929] START to_move 2
[23:10:55.933] STOP to_move 2 nodes_visited 61
[23:10:55.933] START to_move 1
[23:10:55.936] STOP to_move 1 nodes_visited 55
[23:10:55.936] START to_move 2
[23:10:55.939] STOP to_move 2 nodes_visited 48
[23:10:55.939] START to_move 1
[23:10:55.941] STOP to_move 1 nodes_visited 35
[23:10:55.941] START to_move 2
[23:10:55.943] STOP to_move 2 nodes_visited 41
[23:10:55.943] START to_move 1
[23:10:55.945] STOP to_move 1 nodes_visited 33
[23:10:55.945] START to_move 2
[23:10:55.947] STOP to_move 2 nodes_visited 36
[23:10:55.947] START to_move 1
[23:10:55.950] STOP to_move 1 nodes_visited 43
[23:10:55.950] START to_move 2
[23:10:55.952] STOP to_move 2 nodes_visited 44
[23:10:55.952] START to_move 1
[23:10:55.954] STOP to_move 1 nodes_visited 37
[23:10:55.954] START to_move 2
[23:10:55.956] STOP to_move 2 nodes_visited 29
[23:10:55.956] START to_move 1
[23:10:55.957] STOP to_move 1 nodes_visited 25
[23:10:55.957] START to_move 2
[23:10:55.959] STOP to_move 2 nodes_visited 29
[23:10:55.959] START to_move 1
[23:10:55.961] STOP to_move 1 nodes_visited 25
[23:10:55.961] START to_move 2
[23:10:55.962] STOP to_move 2 nodes_visited 33
[23:10:55.962] START to_move 1
[23:10:55.964] STOP to_move 1 nodes_visited 30
[23:10:55.964] START to_move 2
[23:10:55.966] STOP to_move 2 nodes_visited 31
[23:10:55.966] START to_move 1
[23:10:55.967] STOP to_move 1 nodes_visited 28
[23:10:55.968] START to_move 2
[23:10:55.969] STOP to_move 2 nodes_visited 29
[23:10:55.969] START to_move 1
[23:10:55.970] STOP to_move 1 nodes_visited 20
[23:10:55.970] START to_move 2
[23:10:55.971] STOP to_move 2 nodes_visited 16
[23:10:55.971] START to_move 1
[23:10:55.973] STOP to_move 1 nodes_visited 23
[23:10:55.973] START to_move 2
[23:10:55.974] STOP to_move 2 nodes_visited 25
[23:10:55.974] START to_move 1
[23:10:55.975] STOP to_move 1 nodes_visited 14
[23:10:55.975] START to_move 2
[23:10:55.976] STOP to_move 2 nodes_visited 18
[23:10:55.976] START to_move 1
[23:10:55.977] STOP to_move 1 nodes_visited 29
[23:10:55.978] START to_move 2
[23:10:55.979] STOP to_move 2 nodes_visited 30
[23:10:55.979] START to_move 1
[23:10:55.981] STOP to_move 1 nodes_visited 23
[23:10:55.981] START to_move 2
[23:10:55.982] STOP to_move 2 nodes_visited 19
[23:10:55.982] START to_move 1
[23:10:55.983] STOP to_move 1 nodes_visited 29
[23:10:55.983] START to_move 2
[23:10:55.985] STOP to_move 2 nodes_visited 28
[23:10:55.985] START to_move 1
[23:10:55.986] STOP to_move 1 nodes_visited 25
[23:10:55.986] START to_move 2
[23:10:55.988] STOP to_move 2 nodes_visited 25
[23:10:55.988] START to_move 1
[23:10:55.990] STOP to_move 1 nodes_visited 35
[23:10:55.990] START to_move 2
[23:10:55.991] STOP to_move 2 nodes_visited 18
[23:10:55.991] START to_move 1
[23:10:55.992] STOP to_move 1 nodes_visited 16
[23:10:55.992] START to_move 2
[23:10:55.993] STOP to_move 2 nodes_visited 17
[23:10:55.993] START to_move 1
[23:10:55.994] STOP to_move 1 nodes_visited 27
[23:10:55.994] START to_move 2
[23:10:55.995] STOP to_move 2 nodes_visited 15
[23:10:55.995] START to_move 1
[23:10:55.996] STOP to_move 1 nodes_visited 11
[23:10:55.996] START to_move 2
[23:10:55.996] STOP to_move 2 nodes_visited 12
[23:10:55.996] START to_move 1
[23:10:55.997] STOP to_move 1 nodes_visited 7
[23:10:55.997] START to_move 2
[23:10:55.998] STOP to_move 2 nodes_visited 15
[23:10:55.998] START to_move 1
[23:10:55.998] STOP to_move 1 nodes_visited 11
[23:10:55.998] START to_move 2
[23:10:55.999] STOP to_move 2 nodes_visited 16
[23:10:55.999] START to_move 1
[23:10:56.000] STOP to_move 1 nodes_visited 14
[23:10:56.000] START to_move 2
[23:10:56.001] STOP to_move 2 nodes_visited 10
[23:10:56.001] START to_move 1
[23:10:56.001] STOP to_move 1 nodes_visited 8
[23:10:56.001] START to_move 2
[23:10:56.002] STOP to_move 2 nodes_visited 19
[23:10:56.002] START to_move 1
[23:10:56.003] STOP to_move 1 nodes_visited 11
[23:10:56.003] START to_move 2
[23:10:56.004] STOP to_move 2 nodes_visited 11
[23:10:56.004] START to_move 1
[23:10:56.005] STOP to_move 1 nodes_visited 15
[23:10:56.005] START to_move 2
[23:10:56.006] STOP to_move 2 nodes_visited 17
[23:10:56.006] START to_move 1
[23:10:56.007] STOP to_move 1 nodes_visited 11
[23:10:56.007] START to_move 2
[23:10:56.007] STOP to_move 2 nodes_visited 11
[23:10:56.007] START to_move 1
[23:10:56.008] STOP to_move 1 nodes_visited 15
[23:10:56.008] START to_move 2
[23:10:56.009] STOP to_move 2 nodes_visited 15
[23:10:56.009] START to_move 1
[23:10:56.010] STOP to_move 1 nodes_visited 14
[23:10:56.010] START to_move 2
[23:10:56.011] STOP to_move 2 nodes_visited 14
[23:10:56.011] START to_move 1
[23:10:56.012] STOP to_move 1 nodes_visited 16
[23:10:56.012] START to_move 2
[23:10:56.013] STOP to_move 2 nodes_visited 8
[23:10:56.013] START to_move 1
[23:10:56.013] STOP to_move 1 nodes_visited 8
[23:10:56.013] START to_move 2
[23:10:56.014] STOP to_move 2 nodes_visited 17
[23:10:56.014] START to_move 1
[23:10:56.015] STOP to_move 1 nodes_visited 13
[23:10:56.015] START to_move 2
[23:10:56.016] STOP to_move 2 nodes_visited 19
[23:10:56.016] START to_move 1
[23:10:56.017] STOP to_move 1 nodes_visited 14
[23:10:56.017] START to_move 2
[23:10:56.018] STOP to_move 2 nodes_visited 13
[23:10:56.018] START to_move 1
[23:10:56.019] STOP to_move 1 nodes_visited 10
[23:10:56.019] END winner 1 - rounds 377
