[21:12:09.215] 1 - distance_function chebyshev - pruning True
[21:12:09.215] 2 - distance_function manhattan - pruning True
[21:12:09.215] START to_move 1
[21:12:09.225] STOP to_move 1 nodes_visited 159
[21:12:09.225] START to_move 2
[21:12:09.280] STOP to_move 2 nodes_visited 913
[21:12:09.280] START to_move 1
[21:12:09.301] STOP to_move 1 nodes_visited 305
[21:12:09.301] START to_move 2
[21:12:09.398] STOP to_move 2 nodes_visited 1470
[21:12:09.399] START to_move 1
[21:12:09.429] STOP to_move 1 nodes_visited 429
[21:12:09.429] START to_move 2
[21:12:09.529] STOP to_move 2 nodes_visited 1627
[21:12:09.530] START to_move 1
[21:12:09.571] STOP to_move 1 nodes_visited 605
[21:12:09.571] START to_move 2
[21:12:09.660] STOP to_move 2 nodes_visited 1498
[21:12:09.661] START to_move 1
[21:12:09.690] STOP to_move 1 nodes_visited 439
[21:12:09.690] START to_move 2
[21:12:09.774] STOP to_move 2 nodes_visited 1389
[21:12:09.775] START to_move 1
[21:12:09.800] STOP to_move 1 nodes_visited 413
[21:12:09.801] START to_move 2
[21:12:09.916] STOP to_move 2 nodes_visited 1868
[21:12:09.917] START to_move 1
[21:12:09.950] STOP to_move 1 nodes_visited 505
[21:12:09.950] START to_move 2
[21:12:10.034] STOP to_move 2 nodes_visited 1343
[21:12:10.035] START to_move 1
[21:12:10.081] STOP to_move 1 nodes_visited 707
[21:12:10.082] START to_move 2
[21:12:10.218] STOP to_move 2 nodes_visited 2141
[21:12:10.219] START to_move 1
[21:12:10.283] STOP to_move 1 nodes_visited 948
[21:12:10.284] START to_move 2
[21:12:10.433] STOP to_move 2 nodes_visited 2243
[21:12:10.434] START to_move 1
[21:12:10.505] STOP to_move 1 nodes_visited 1084
[21:12:10.506] START to_move 2
[21:12:10.641] STOP to_move 2 nodes_visited 1970
[21:12:10.642] START to_move 1
[21:12:10.723] STOP to_move 1 nodes_visited 1252
[21:12:10.724] START to_move 2
[21:12:10.833] STOP to_move 2 nodes_visited 1547
[21:12:10.834] START to_move 1
[21:12:10.946] STOP to_move 1 nodes_visited 1649
[21:12:10.946] START to_move 2
[21:12:11.089] STOP to_move 2 nodes_visited 2053
[21:12:11.090] START to_move 1
[21:12:11.151] STOP to_move 1 nodes_visited 911
[21:12:11.151] START to_move 2
[21:12:11.248] STOP to_move 2 nodes_visited 1373
[21:12:11.249] START to_move 1
[21:12:11.304] STOP to_move 1 nodes_visited 861
[21:12:11.304] START to_move 2
[21:12:11.404] STOP to_move 2 nodes_visited 1459
[21:12:11.405] START to_move 1
[21:12:11.466] STOP to_move 1 nodes_visited 920
[21:12:11.467] START to_move 2
[21:12:11.562] STOP to_move 2 nodes_visited 1395
[21:12:11.563] START to_move 1
[21:12:11.630] STOP to_move 1 nodes_visited 1025
[21:12:11.630] START to_move 2
[21:12:11.712] STOP to_move 2 nodes_visited 1221
[21:12:11.713] START to_move 1
[21:12:11.796] STOP to_move 1 nodes_visited 1270
[21:12:11.797] START to_move 2
[21:12:11.886] STOP to_move 2 nodes_visited 1342
[21:12:11.887] START to_move 1
[21:12:11.980] STOP to_move 1 nodes_visited 1416
[21:12:11.981] START to_move 2
[21:12:12.072] STOP to_move 2 nodes_visited 1313
[21:12:12.072] START to_move 1
[21:12:12.169] STOP to_move 1 nodes_visited 1473
[21:12:12.170] START to_move 2
[21:12:12.283] STOP to_move 2 nodes_visited 1689
[21:12:12.284] START to_move 1
[21:12:12.383] STOP to_move 1 nodes_visited 1482
[21:12:12.384] START to_move 2
[21:12:12.498] STOP to_move 2 nodes_visited 1682
[21:12:12.498] START to_move 1
[21:12:12.546] STOP to_move 1 nodes_visited 752
[21:12:12.546] START to_move 2
[21:12:12.616] STOP to_move 2 nodes_visited 1036
[21:12:12.617] START to_move 1
[21:12:12.686] STOP to_move 1 nodes_visited 1065
[21:12:12.686] START to_move 2
[21:12:12.756] STOP to_move 2 nodes_visited 1035
[21:12:12.756] START to_move 1
[21:12:12.820] STOP to_move 1 nodes_visited 1022
[21:12:12.821] START to_move 2
[21:12:13.084] STOP to_move 2 nodes_visited 3402
[21:12:13.086] START to_move 1
[21:12:13.150] STOP to_move 1 nodes_visited 1018
[21:12:13.151] START to_move 2
[21:12:13.215] STOP to_move 2 nodes_visited 942
[21:12:13.215] START to_move 1
[21:12:13.283] STOP to_move 1 nodes_visited 1045
[21:12:13.284] START to_move 2
[21:12:13.359] STOP to_move 2 nodes_visited 1127
[21:12:13.360] START to_move 1
[21:12:13.424] STOP to_move 1 nodes_visited 1005
[21:12:13.425] START to_move 2
[21:12:13.589] STOP to_move 2 nodes_visited 2553
[21:12:13.591] START to_move 1
[21:12:13.647] STOP to_move 1 nodes_visited 902
[21:12:13.648] START to_move 2
[21:12:13.708] STOP to_move 2 nodes_visited 954
[21:12:13.709] START to_move 1
[21:12:13.744] STOP to_move 1 nodes_visited 539
[21:12:13.745] START to_move 2
[21:12:13.792] STOP to_move 2 nodes_visited 751
[21:12:13.793] START to_move 1
[21:12:13.851] STOP to_move 1 nodes_visited 910
[21:12:13.852] START to_move 2
[21:12:13.899] STOP to_move 2 nodes_visited 732
[21:12:13.899] START to_move 1
[21:12:14.053] STOP to_move 1 nodes_visited 2395
[21:12:14.054] START to_move 2
[21:12:14.114] STOP to_move 2 nodes_visited 967
[21:12:14.115] START to_move 1
[21:12:14.159] STOP to_move 1 nodes_visited 676
[21:12:14.159] START to_move 2
[21:12:14.207] STOP to_move 2 nodes_visited 787
[21:12:14.207] START to_move 1
[21:12:14.469] STOP to_move 1 nodes_visited 3905
[21:12:14.471] START to_move 2
[21:12:14.625] STOP to_move 2 nodes_visited 2515
[21:12:14.626] START to_move 1
[21:12:14.777] STOP to_move 1 nodes_visited 2276
[21:12:14.778] START to_move 2
[21:12:14.952] STOP to_move 2 nodes_visited 2757
[21:12:14.954] START to_move 1
[21:12:15.028] STOP to_move 1 nodes_visited 1141
[21:12:15.028] START to_move 2
[21:12:15.498] STOP to_move 2 nodes_visited 6508
[21:12:15.502] START to_move 1
[21:12:15.587] STOP to_move 1 nodes_visited 1302
[21:12:15.588] START to_move 2
[21:12:15.771] STOP to_move 2 nodes_visited 2970
[21:12:15.773] START to_move 1
[21:12:15.867] STOP to_move 1 nodes_visited 1457
[21:12:15.868] START to_move 2
[21:12:16.139] STOP to_move 2 nodes_visited 4169
[21:12:16.141] START to_move 1
[21:12:16.266] STOP to_move 1 nodes_visited 1893
[21:12:16.267] START to_move 2
[21:12:16.677] STOP to_move 2 nodes_visited 6226
[21:12:16.680] START to_move 1
[21:12:16.866] STOP to_move 1 nodes_visited 2820
[21:12:16.868] START to_move 2
[21:12:17.249] STOP to_move 2 nodes_visited 5791
[21:12:17.252] START to_move 1
[21:12:17.417] STOP to_move 1 nodes_visited 2491
[21:12:17.418] START to_move 2
[21:12:17.839] STOP to_move 2 nodes_visited 6360
[21:12:17.843] START to_move 1
[21:12:18.050] STOP to_move 1 nodes_visited 3072
[21:12:18.052] START to_move 2
[21:12:18.208] STOP to_move 2 nodes_visited 2657
[21:12:18.210] START to_move 1
[21:12:18.364] STOP to_move 1 nodes_visited 2303
[21:12:18.366] START to_move 2
[21:12:18.500] STOP to_move 2 nodes_visited 2275
[21:12:18.501] START to_move 1
[21:12:18.768] STOP to_move 1 nodes_visited 3918
[21:12:18.771] START to_move 2
[21:12:19.076] STOP to_move 2 nodes_visited 4604
[21:12:19.079] START to_move 1
[21:12:19.377] STOP to_move 1 nodes_visited 4402
[21:12:19.380] START to_move 2
[21:12:19.599] STOP to_move 2 nodes_visited 3428
[21:12:19.601] START to_move 1
[21:12:19.669] STOP to_move 1 nodes_visited 1082
[21:12:19.669] START to_move 2
[21:12:19.968] STOP to_move 2 nodes_visited 4570
[21:12:19.970] START to_move 1
[21:12:20.037] STOP to_move 1 nodes_visited 1051
[21:12:20.038] START to_move 2
[21:12:20.279] STOP to_move 2 nodes_visited 3801
[21:12:20.281] START to_move 1
[21:12:20.615] STOP to_move 1 nodes_visited 4979
[21:12:20.618] START to_move 2
[21:12:20.913] STOP to_move 2 nodes_visited 4677
[21:12:20.916] START to_move 1
[21:12:21.187] STOP to_move 1 nodes_visited 4040
[21:12:21.189] START to_move 2
[21:12:21.361] STOP to_move 2 nodes_visited 2855
[21:12:21.363] START to_move 1
[21:12:21.432] STOP to_move 1 nodes_visited 1113
[21:12:21.433] START to_move 2
[21:12:21.798] STOP to_move 2 nodes_visited 5804
[21:12:21.801] START to_move 1
[21:12:21.873] STOP to_move 1 nodes_visited 1133
[21:12:21.874] START to_move 2
[21:12:22.065] STOP to_move 2 nodes_visited 3301
[21:12:22.067] START to_move 1
[21:12:22.133] STOP to_move 1 nodes_visited 1044
[21:12:22.134] START to_move 2
[21:12:22.297] STOP to_move 2 nodes_visited 2824
[21:12:22.298] START to_move 1
[21:12:22.391] STOP to_move 1 nodes_visited 1462
[21:12:22.392] START to_move 2
[21:12:22.588] STOP to_move 2 nodes_visited 3308
[21:12:22.590] START to_move 1
[21:12:22.770] STOP to_move 1 nodes_visited 2812
[21:12:22.771] START to_move 2
[21:12:22.989] STOP to_move 2 nodes_visited 3639
[21:12:22.991] START to_move 1
[21:12:23.035] STOP to_move 1 nodes_visited 703
[21:12:23.035] START to_move 2
[21:12:23.240] STOP to_move 2 nodes_visited 3486
[21:12:23.242] START to_move 1
[21:12:23.344] STOP to_move 1 nodes_visited 1615
[21:12:23.345] START to_move 2
[21:12:23.544] STOP to_move 2 nodes_visited 3367
[21:12:23.546] START to_move 1
[21:12:23.620] STOP to_move 1 nodes_visited 1203
[21:12:23.621] START to_move 2
[21:12:23.831] STOP to_move 2 nodes_visited 3572
[21:12:23.833] START to_move 1
[21:12:23.903] STOP to_move 1 nodes_visited 1112
[21:12:23.904] START to_move 2
[21:12:24.149] STOP to_move 2 nodes_visited 4073
[21:12:24.151] START to_move 1
[21:12:24.236] STOP to_move 1 nodes_visited 1357
[21:12:24.237] START to_move 2
[21:12:24.488] STOP to_move 2 nodes_visited 4241
[21:12:24.490] START to_move 1
[21:12:24.578] STOP to_move 1 nodes_visited 1408
[21:12:24.579] START to_move 2
[21:12:24.828] STOP to_move 2 nodes_visited 4241
[21:12:24.831] START to_move 1
[21:12:24.919] STOP to_move 1 nodes_visited 1379
[21:12:24.920] START to_move 2
[21:12:25.157] STOP to_move 2 nodes_visited 3992
[21:12:25.159] START to_move 1
[21:12:25.193] STOP to_move 1 nodes_visited 561
[21:12:25.193] START to_move 2
[21:12:25.274] STOP to_move 2 nodes_visited 1376
[21:12:25.274] START to_move 1
[21:12:25.320] STOP to_move 1 nodes_visited 749
[21:12:25.321] START to_move 2
[21:12:25.403] STOP to_move 2 nodes_visited 1397
[21:12:25.403] START to_move 1
[21:12:25.478] STOP to_move 1 nodes_visited 1187
[21:12:25.479] START to_move 2
[21:12:25.636] STOP to_move 2 nodes_visited 2652
[21:12:25.637] START to_move 1
[21:12:25.707] STOP to_move 1 nodes_visited 1093
[21:12:25.707] START to_move 2
[21:12:25.857] STOP to_move 2 nodes_visited 2576
[21:12:25.859] START to_move 1
[21:12:25.923] STOP to_move 1 nodes_visited 1012
[21:12:25.923] START to_move 2
[21:12:26.015] STOP to_move 2 nodes_visited 1522
[21:12:26.015] START to_move 1
[21:12:26.146] STOP to_move 1 nodes_visited 2076
[21:12:26.147] START to_move 2
[21:12:26.234] STOP to_move 2 nodes_visited 1434
[21:12:26.234] START to_move 1
[21:12:26.408] STOP to_move 1 nodes_visited 2730
[21:12:26.410] START to_move 2
[21:12:26.560] STOP to_move 2 nodes_visited 2501
[21:12:26.562] START to_move 1
[21:12:26.713] STOP to_move 1 nodes_visited 2408
[21:12:26.715] START to_move 2
[21:12:26.796] STOP to_move 2 nodes_visited 1346
[21:12:26.797] START to_move 1
[21:12:26.872] STOP to_move 1 nodes_visited 1200
[21:12:26.873] START to_move 2
[21:12:26.953] STOP to_move 2 nodes_visited 1354
[21:12:26.954] START to_move 1
[21:12:27.027] STOP to_move 1 nodes_visited 1154
[21:12:27.028] START to_move 2
[21:12:27.178] STOP to_move 2 nodes_visited 2574
[21:12:27.179] START to_move 1
[21:12:27.370] STOP to_move 1 nodes_visited 2909
[21:12:27.371] START to_move 2
[21:12:27.433] STOP to_move 2 nodes_visited 1068
[21:12:27.434] START to_move 1
[21:12:27.497] STOP to_move 1 nodes_visited 1009
[21:12:27.498] START to_move 2
[21:12:27.817] STOP to_move 2 nodes_visited 5085
[21:12:27.819] START to_move 1
[21:12:27.924] STOP to_move 1 nodes_visited 1642
[21:12:27.925] START to_move 2
[21:12:28.175] STOP to_move 2 nodes_visited 4063
[21:12:28.178] START to_move 1
[21:12:28.267] STOP to_move 1 nodes_visited 1404
[21:12:28.267] START to_move 2
[21:12:28.473] STOP to_move 2 nodes_visited 3421
[21:12:28.475] START to_move 1
[21:12:28.546] STOP to_move 1 nodes_visited 1131
[21:12:28.546] START to_move 2
[21:12:28.778] STOP to_move 2 nodes_visited 3904
[21:12:28.780] START to_move 1
[21:12:28.871] STOP to_move 1 nodes_visited 1415
[21:12:28.872] START to_move 2
[21:12:29.037] STOP to_move 2 nodes_visited 2816
[21:12:29.039] START to_move 1
[21:12:29.297] STOP to_move 1 nodes_visited 4051
[21:12:29.299] START to_move 2
[21:12:29.476] STOP to_move 2 nodes_visited 2954
[21:12:29.478] START to_move 1
[21:12:29.578] STOP to_move 1 nodes_visited 1599
[21:12:29.579] START to_move 2
[21:12:29.725] STOP to_move 2 nodes_visited 2406
[21:12:29.726] START to_move 1
[21:12:29.823] STOP to_move 1 nodes_visited 1539
[21:12:29.824] START to_move 2
[21:12:29.950] STOP to_move 2 nodes_visited 2056
[21:12:29.951] START to_move 1
[21:12:30.067] STOP to_move 1 nodes_visited 1753
[21:12:30.068] START to_move 2
[21:12:30.199] STOP to_move 2 nodes_visited 2127
[21:12:30.201] START to_move 1
[21:12:30.319] STOP to_move 1 nodes_visited 1903
[21:12:30.320] START to_move 2
[21:12:30.453] STOP to_move 2 nodes_visited 2116
[21:12:30.454] START to_move 1
[21:12:30.565] STOP to_move 1 nodes_visited 1781
[21:12:30.566] START to_move 2
[21:12:30.703] STOP to_move 2 nodes_visited 2195
[21:12:30.704] START to_move 1
[21:12:30.816] STOP to_move 1 nodes_visited 1783
[21:12:30.817] START to_move 2
[21:12:30.949] STOP to_move 2 nodes_visited 2160
[21:12:30.950] START to_move 1
[21:12:31.147] STOP to_move 1 nodes_visited 3055
[21:12:31.149] START to_move 2
[21:12:31.214] STOP to_move 2 nodes_visited 1100
[21:12:31.214] START to_move 1
[21:12:31.251] STOP to_move 1 nodes_visited 560
[21:12:31.251] START to_move 2
[21:12:31.357] STOP to_move 2 nodes_visited 1835
[21:12:31.358] START to_move 1
[21:12:31.394] STOP to_move 1 nodes_visited 581
[21:12:31.394] START to_move 2
[21:12:31.468] STOP to_move 2 nodes_visited 1260
[21:12:31.469] START to_move 1
[21:12:31.533] STOP to_move 1 nodes_visited 994
[21:12:31.533] START to_move 2
[21:12:31.589] STOP to_move 2 nodes_visited 927
[21:12:31.589] START to_move 1
[21:12:31.652] STOP to_move 1 nodes_visited 1016
[21:12:31.653] START to_move 2
[21:12:31.715] STOP to_move 2 nodes_visited 1053
[21:12:31.716] START to_move 1
[21:12:31.769] STOP to_move 1 nodes_visited 866
[21:12:31.769] START to_move 2
[21:12:31.844] STOP to_move 2 nodes_visited 1238
[21:12:31.845] START to_move 1
[21:12:31.900] STOP to_move 1 nodes_visited 898
[21:12:31.901] START to_move 2
[21:12:31.941] STOP to_move 2 nodes_visited 696
[21:12:31.941] START to_move 1
[21:12:32.008] STOP to_move 1 nodes_visited 988
[21:12:32.009] START to_move 2
[21:12:32.054] STOP to_move 2 nodes_visited 798
[21:12:32.055] START to_move 1
[21:12:32.121] STOP to_move 1 nodes_visited 1026
[21:12:32.122] START to_move 2
[21:12:32.169] STOP to_move 2 nodes_visited 808
[21:12:32.170] START to_move 1
[21:12:32.191] STOP to_move 1 nodes_visited 354
[21:12:32.191] START to_move 2
[21:12:32.219] STOP to_move 2 nodes_visited 484
[21:12:32.219] START to_move 1
[21:12:32.242] STOP to_move 1 nodes_visited 385
[21:12:32.242] START to_move 2
[21:12:32.260] STOP to_move 2 nodes_visited 314
[21:12:32.260] START to_move 1
[21:12:32.281] STOP to_move 1 nodes_visited 358
[21:12:32.282] START to_move 2
[21:12:32.299] STOP to_move 2 nodes_visited 312
[21:12:32.299] START to_move 1
[21:12:32.324] STOP to_move 1 nodes_visited 410
[21:12:32.324] START to_move 2
[21:12:32.501] STOP to_move 2 nodes_visited 2947
[21:12:32.503] START to_move 1
[21:12:32.534] STOP to_move 1 nodes_visited 510
[21:12:32.534] START to_move 2
[21:12:32.646] STOP to_move 2 nodes_visited 1884
[21:12:32.647] START to_move 1
[21:12:32.691] STOP to_move 1 nodes_visited 704
[21:12:32.691] START to_move 2
[21:12:32.746] STOP to_move 2 nodes_visited 928
[21:12:32.747] START to_move 1
[21:12:32.763] STOP to_move 1 nodes_visited 273
[21:12:32.763] START to_move 2
[21:12:32.817] STOP to_move 2 nodes_visited 916
[21:12:32.818] START to_move 1
[21:12:32.834] STOP to_move 1 nodes_visited 273
[21:12:32.834] START to_move 2
[21:12:32.951] STOP to_move 2 nodes_visited 1911
[21:12:32.952] START to_move 1
[21:12:32.968] STOP to_move 1 nodes_visited 266
[21:12:32.968] START to_move 2
[21:12:33.115] STOP to_move 2 nodes_visited 2421
[21:12:33.116] START to_move 1
[21:12:33.147] STOP to_move 1 nodes_visited 503
[21:12:33.147] START to_move 2
[21:12:33.290] STOP to_move 2 nodes_visited 2370
[21:12:33.291] START to_move 1
[21:12:33.307] STOP to_move 1 nodes_visited 263
[21:12:33.307] START to_move 2
[21:12:33.452] STOP to_move 2 nodes_visited 2379
[21:12:33.453] START to_move 1
[21:12:33.474] STOP to_move 1 nodes_visited 347
[21:12:33.474] START to_move 2
[21:12:33.617] STOP to_move 2 nodes_visited 2391
[21:12:33.618] START to_move 1
[21:12:33.639] STOP to_move 1 nodes_visited 352
[21:12:33.639] START to_move 2
[21:12:33.722] STOP to_move 2 nodes_visited 1345
[21:12:33.723] START to_move 1
[21:12:33.744] STOP to_move 1 nodes_visited 342
[21:12:33.744] START to_move 2
[21:12:33.832] STOP to_move 2 nodes_visited 1466
[21:12:33.833] START to_move 1
[21:12:33.854] STOP to_move 1 nodes_visited 347
[21:12:33.854] START to_move 2
[21:12:33.909] STOP to_move 2 nodes_visited 918
[21:12:33.909] START to_move 1
[21:12:33.925] STOP to_move 1 nodes_visited 257
[21:12:33.925] START to_move 2
[21:12:33.955] STOP to_move 2 nodes_visited 497
[21:12:33.955] START to_move 1
[21:12:33.975] STOP to_move 1 nodes_visited 324
[21:12:33.975] START to_move 2
[21:12:34.003] STOP to_move 2 nodes_visited 495
[21:12:34.003] START to_move 1
[21:12:34.023] STOP to_move 1 nodes_visited 324
[21:12:34.023] START to_move 2
[21:12:34.047] STOP to_move 2 nodes_visited 437
[21:12:34.048] START to_move 1
[21:12:34.067] STOP to_move 1 nodes_visited 316
[21:12:34.067] START to_move 2
[21:12:34.086] STOP to_move 2 nodes_visited 339
[21:12:34.086] START to_move 1
[21:12:34.107] STOP to_move 1 nodes_visited 349
[21:12:34.108] START to_move 2
[21:12:34.127] STOP to_move 2 nodes_visited 353
[21:12:34.127] START to_move 1
[21:12:34.148] STOP to_move 1 nodes_visited 348
[21:12:34.148] START to_move 2
[21:12:34.242] STOP to_move 2 nodes_visited 1576
[21:12:34.243] START to_move 1
[21:12:34.285] STOP to_move 1 nodes_visited 672
[21:12:34.285] START to_move 2
[21:12:34.305] STOP to_move 2 nodes_visited 361
[21:12:34.305] START to_move 1
[21:12:34.326] STOP to_move 1 nodes_visited 349
[21:12:34.327] START to_move 2
[21:12:34.363] STOP to_move 2 nodes_visited 621
[21:12:34.363] START to_move 1
[21:12:34.386] STOP to_move 1 nodes_visited 374
[21:12:34.386] START to_move 2
[21:12:34.421] STOP to_move 2 nodes_visited 613
[21:12:34.421] START to_move 1
[21:12:34.444] STOP to_move 1 nodes_visited 372
[21:12:34.444] START to_move 2
[21:12:34.482] STOP to_move 2 nodes_visited 668
[21:12:34.483] START to_move 1
[21:12:34.505] STOP to_move 1 nodes_visited 377
[21:12:34.506] START to_move 2
[21:12:34.538] STOP to_move 2 nodes_visited 539
[21:12:34.538] START to_move 1
[21:12:34.565] STOP to_move 1 nodes_visited 426
[21:12:34.565] START to_move 2
[21:12:34.572] STOP to_move 2 nodes_visited 127
[21:12:34.572] START to_move 1
[21:12:34.688] STOP to_move 1 nodes_visited 1853
[21:12:34.689] START to_move 2
[21:12:34.701] STOP to_move 2 nodes_visited 215
[21:12:34.701] START to_move 1
[21:12:34.721] STOP to_move 1 nodes_visited 304
[21:12:34.721] START to_move 2
[21:12:34.738] STOP to_move 2 nodes_visited 315
[21:12:34.739] START to_move 1
[21:12:34.761] STOP to_move 1 nodes_visited 363
[21:12:34.761] START to_move 2
[21:12:34.784] STOP to_move 2 nodes_visited 400
[21:12:34.784] START to_move 1
[21:12:34.821] STOP to_move 1 nodes_visited 563
[21:12:34.821] START to_move 2
[21:12:34.936] STOP to_move 2 nodes_visited 1944
[21:12:34.937] START to_move 1
[21:12:34.964] STOP to_move 1 nodes_visited 435
[21:12:34.964] START to_move 2
[21:12:34.970] STOP to_move 2 nodes_visited 109
[21:12:34.970] START to_move 1
[21:12:34.974] STOP to_move 1 nodes_visited 65
[21:12:34.974] START to_move 2
[21:12:34.981] STOP to_move 2 nodes_visited 111
[21:12:34.981] START to_move 1
[21:12:34.985] STOP to_move 1 nodes_visited 65
[21:12:34.985] START to_move 2
[21:12:34.991] STOP to_move 2 nodes_visited 109
[21:12:34.991] START to_move 1
[21:12:34.995] STOP to_move 1 nodes_visited 65
[21:12:34.995] START to_move 2
[21:12:35.001] STOP to_move 2 nodes_visited 109
[21:12:35.001] START to_move 1
[21:12:35.005] STOP to_move 1 nodes_visited 65
[21:12:35.005] START to_move 2
[21:12:35.011] STOP to_move 2 nodes_visited 113
[21:12:35.012] START to_move 1
[21:12:35.016] STOP to_move 1 nodes_visited 65
[21:12:35.016] START to_move 2
[21:12:35.022] STOP to_move 2 nodes_visited 113
[21:12:35.022] START to_move 1
[21:12:35.026] STOP to_move 1 nodes_visited 65
[21:12:35.026] START to_move 2
[21:12:35.032] STOP to_move 2 nodes_visited 113
[21:12:35.032] START to_move 1
[21:12:35.036] STOP to_move 1 nodes_visited 65
[21:12:35.036] START to_move 2
[21:12:35.042] STOP to_move 2 nodes_visited 109
[21:12:35.043] START to_move 1
[21:12:35.047] STOP to_move 1 nodes_visited 66
[21:12:35.047] START to_move 2
[21:12:35.053] STOP to_move 2 nodes_visited 111
[21:12:35.053] START to_move 1
[21:12:35.057] STOP to_move 1 nodes_visited 66
[21:12:35.057] START to_move 2
[21:12:35.063] STOP to_move 2 nodes_visited 111
[21:12:35.064] START to_move 1
[21:12:35.068] STOP to_move 1 nodes_visited 66
[21:12:35.068] START to_move 2
[21:12:35.074] STOP to_move 2 nodes_visited 111
[21:12:35.074] START to_move 1
[21:12:35.078] STOP to_move 1 nodes_visited 66
[21:12:35.078] START to_move 2
[21:12:35.084] STOP to_move 2 nodes_visited 115
[21:12:35.084] START to_move 1
[21:12:35.088] STOP to_move 1 nodes_visited 65
[21:12:35.088] START to_move 2
[21:12:35.095] STOP to_move 2 nodes_visited 117
[21:12:35.095] START to_move 1
[21:12:35.218] STOP to_move 1 nodes_visited 1898
[21:12:35.219] START to_move 2
[21:12:35.227] STOP to_move 2 nodes_visited 157
[21:12:35.227] START to_move 1
[21:12:35.246] STOP to_move 1 nodes_visited 301
[21:12:35.246] START to_move 2
[21:12:35.265] STOP to_move 2 nodes_visited 347
[21:12:35.266] START to_move 1
[21:12:35.285] STOP to_move 1 nodes_visited 321
[21:12:35.285] START to_move 2
[21:12:35.305] STOP to_move 2 nodes_visited 358
[21:12:35.306] START to_move 1
[21:12:35.325] STOP to_move 1 nodes_visited 315
[21:12:35.325] START to_move 2
[21:12:35.344] STOP to_move 2 nodes_visited 342
[21:12:35.344] START to_move 1
[21:12:35.367] STOP to_move 1 nodes_visited 370
[21:12:35.367] START to_move 2
[21:12:35.387] STOP to_move 2 nodes_visited 312
[21:12:35.387] START to_move 1
[21:12:35.405] STOP to_move 1 nodes_visited 305
[21:12:35.406] START to_move 2
[21:12:35.425] STOP to_move 2 nodes_visited 345
[21:12:35.425] START to_move 1
[21:12:35.444] STOP to_move 1 nodes_visited 307
[21:12:35.444] START to_move 2
[21:12:35.483] STOP to_move 2 nodes_visited 672
[21:12:35.483] START to_move 1
[21:12:35.500] STOP to_move 1 nodes_visited 279
[21:12:35.500] START to_move 2
[21:12:35.538] STOP to_move 2 nodes_visited 657
[21:12:35.539] START to_move 1
[21:12:35.556] STOP to_move 1 nodes_visited 266
[21:12:35.556] START to_move 2
[21:12:35.612] STOP to_move 2 nodes_visited 967
[21:12:35.613] START to_move 1
[21:12:35.625] STOP to_move 1 nodes_visited 193
[21:12:35.625] START to_move 2
[21:12:35.682] STOP to_move 2 nodes_visited 961
[21:12:35.682] START to_move 1
[21:12:35.697] STOP to_move 1 nodes_visited 246
[21:12:35.697] START to_move 2
[21:12:35.752] STOP to_move 2 nodes_visited 958
[21:12:35.753] START to_move 1
[21:12:35.769] STOP to_move 1 nodes_visited 253
[21:12:35.769] START to_move 2
[21:12:35.787] STOP to_move 2 nodes_visited 321
[21:12:35.787] START to_move 1
[21:12:35.798] STOP to_move 1 nodes_visited 187
[21:12:35.798] START to_move 2
[21:12:35.812] STOP to_move 2 nodes_visited 239
[21:12:35.812] START to_move 1
[21:12:35.824] STOP to_move 1 nodes_visited 197
[21:12:35.824] START to_move 2
[21:12:35.838] STOP to_move 2 nodes_visited 253
[21:12:35.838] START to_move 1
[21:12:35.850] STOP to_move 1 nodes_visited 187
[21:12:35.850] START to_move 2
[21:12:35.865] STOP to_move 2 nodes_visited 268
[21:12:35.865] START to_move 1
[21:12:35.877] STOP to_move 1 nodes_visited 192
[21:12:35.877] START to_move 2
[21:12:35.892] STOP to_move 2 nodes_visited 266
[21:12:35.892] START to_move 1
[21:12:35.903] STOP to_move 1 nodes_visited 192
[21:12:35.903] START to_move 2
[21:12:35.916] STOP to_move 2 nodes_visited 239
[21:12:35.917] START to_move 1
[21:12:35.928] STOP to_move 1 nodes_visited 189
[21:12:35.928] START to_move 2
[21:12:35.941] STOP to_move 2 nodes_visited 236
[21:12:35.941] START to_move 1
[21:12:35.954] STOP to_move 1 nodes_visited 182
[21:12:35.954] START to_move 2
[21:12:35.967] STOP to_move 2 nodes_visited 236
[21:12:35.967] START to_move 1
[21:12:35.978] STOP to_move 1 nodes_visited 186
[21:12:35.978] START to_move 2
[21:12:35.992] STOP to_move 2 nodes_visited 245
[21:12:35.992] START to_move 1
[21:12:36.003] STOP to_move 1 nodes_visited 193
[21:12:36.004] START to_move 2
[21:12:36.019] STOP to_move 2 nodes_visited 263
[21:12:36.019] START to_move 1
[21:12:36.032] STOP to_move 1 nodes_visited 224
[21:12:36.033] START to_move 2
[21:12:36.053] STOP to_move 2 nodes_visited 373
[21:12:36.054] START to_move 1
[21:12:36.066] STOP to_move 1 nodes_visited 200
[21:12:36.066] START to_move 2
[21:12:36.085] STOP to_move 2 nodes_visited 343
[21:12:36.086] START to_move 1
[21:12:36.097] STOP to_move 1 nodes_visited 192
[21:12:36.097] START to_move 2
[21:12:36.117] STOP to_move 2 nodes_visited 343
[21:12:36.117] START to_move 1
[21:12:36.128] STOP to_move 1 nodes_visited 183
[21:12:36.128] START to_move 2
[21:12:36.147] STOP to_move 2 nodes_visited 322
[21:12:36.147] START to_move 1
[21:12:36.158] STOP to_move 1 nodes_visited 187
[21:12:36.158] START to_move 2
[21:12:36.177] STOP to_move 2 nodes_visited 334
[21:12:36.177] START to_move 1
[21:12:36.189] STOP to_move 1 nodes_visited 183
[21:12:36.189] START to_move 2
[21:12:36.208] STOP to_move 2 nodes_visited 334
[21:12:36.208] START to_move 1
[21:12:36.219] STOP to_move 1 nodes_visited 183
[21:12:36.219] START to_move 2
[21:12:36.233] STOP to_move 2 nodes_visited 238
[21:12:36.233] START to_move 1
[21:12:36.245] STOP to_move 1 nodes_visited 194
[21:12:36.245] START to_move 2
[21:12:36.260] STOP to_move 2 nodes_visited 236
[21:12:36.260] START to_move 1
[21:12:36.271] STOP to_move 1 nodes_visited 185
[21:12:36.271] START to_move 2
[21:12:36.279] STOP to_move 2 nodes_visited 140
[21:12:36.279] START to_move 1
[21:12:36.288] STOP to_move 1 nodes_visited 151
[21:12:36.288] START to_move 2
[21:12:36.308] STOP to_move 2 nodes_visited 351
[21:12:36.309] START to_move 1
[21:12:36.319] STOP to_move 1 nodes_visited 169
[21:12:36.319] START to_move 2
[21:12:36.339] STOP to_move 2 nodes_visited 351
[21:12:36.340] START to_move 1
[21:12:36.350] STOP to_move 1 nodes_visited 169
[21:12:36.350] START to_move 2
[21:12:36.370] STOP to_move 2 nodes_visited 351
[21:12:36.370] START to_move 1
[21:12:36.381] STOP to_move 1 nodes_visited 169
[21:12:36.381] START to_move 2
[21:12:36.387] STOP to_move 2 nodes_visited 113
[21:12:36.387] START to_move 1
[21:12:36.395] STOP to_move 1 nodes_visited 124
[21:12:36.395] START to_move 2
[21:12:36.401] STOP to_move 2 nodes_visited 117
[21:12:36.401] START to_move 1
[21:12:36.408] STOP to_move 1 nodes_visited 109
[21:12:36.408] START to_move 2
[21:12:36.415] STOP to_move 2 nodes_visited 122
[21:12:36.415] START to_move 1
[21:12:36.419] STOP to_move 1 nodes_visited 62
[21:12:36.419] START to_move 2
[21:12:36.427] STOP to_move 2 nodes_visited 140
[21:12:36.427] START to_move 1
[21:12:36.431] STOP to_move 1 nodes_visited 62
[21:12:36.431] START to_move 2
[21:12:36.438] STOP to_move 2 nodes_visited 138
[21:12:36.439] START to_move 1
[21:12:36.446] STOP to_move 1 nodes_visited 115
[21:12:36.446] START to_move 2
[21:12:36.454] STOP to_move 2 nodes_visited 142
[21:12:36.454] START to_move 1
[21:12:36.459] STOP to_move 1 nodes_visited 80
[21:12:36.459] START to_move 2
[21:12:36.472] STOP to_move 2 nodes_visited 217
[21:12:36.472] START to_move 1
[21:12:36.477] STOP to_move 1 nodes_visited 87
[21:12:36.477] START to_move 2
[21:12:36.481] STOP to_move 2 nodes_visited 63
[21:12:36.481] START to_move 1
[21:12:36.484] STOP to_move 1 nodes_visited 40
[21:12:36.484] START to_move 2
[21:12:36.488] STOP to_move 2 nodes_visited 75
[21:12:36.488] START to_move 1
[21:12:36.490] STOP to_move 1 nodes_visited 42
[21:12:36.490] START to_move 2
[21:12:36.495] STOP to_move 2 nodes_visited 77
[21:12:36.495] START to_move 1
[21:12:36.499] STOP to_move 1 nodes_visited 67
[21:12:36.499] START to_move 2
[21:12:36.502] STOP to_move 2 nodes_visited 61
[21:12:36.503] START to_move 1
[21:12:36.505] STOP to_move 1 nodes_visited 34
[21:12:36.505] START to_move 2
[21:12:36.509] STOP to_move 2 nodes_visited 69
[21:12:36.509] START to_move 1
[21:12:36.513] STOP to_move 1 nodes_visited 67
[21:12:36.513] START to_move 2
[21:12:36.517] STOP to_move 2 nodes_visited 64
[21:12:36.517] START to_move 1
[21:12:36.519] STOP to_move 1 nodes_visited 34
[21:12:36.519] START to_move 2
[21:12:36.523] STOP to_move 2 nodes_visited 71
[21:12:36.523] START to_move 1
[21:12:36.528] STOP to_move 1 nodes_visited 67
[21:12:36.528] START to_move 2
[21:12:36.531] STOP to_move 2 nodes_visited 64
[21:12:36.531] START to_move 1
[21:12:36.534] STOP to_move 1 nodes_visited 34
[21:12:36.534] START to_move 2
[21:12:36.538] STOP to_move 2 nodes_visited 73
[21:12:36.538] START to_move 1
[21:12:36.542] STOP to_move 1 nodes_visited 65
[21:12:36.542] START to_move 2
[21:12:36.545] STOP to_move 2 nodes_visited 60
[21:12:36.546] START to_move 1
[21:12:36.548] STOP to_move 1 nodes_visited 33
[21:12:36.548] START to_move 2
[21:12:36.552] STOP to_move 2 nodes_visited 71
[21:12:36.552] START to_move 1
[21:12:36.556] STOP to_move 1 nodes_visited 65
[21:12:36.556] START to_move 2
[21:12:36.559] STOP to_move 2 nodes_visited 58
[21:12:36.560] START to_move 1
[21:12:36.562] STOP to_move 1 nodes_visited 32
[21:12:36.562] START to_move 2
[21:12:36.566] STOP to_move 2 nodes_visited 63
[21:12:36.566] START to_move 1
[21:12:36.570] STOP to_move 1 nodes_visited 63
[21:12:36.570] START to_move 2
[21:12:36.573] STOP to_move 2 nodes_visited 51
[21:12:36.573] START to_move 1
[21:12:36.575] STOP to_move 1 nodes_visited 23
[21:12:36.575] START to_move 2
[21:12:36.577] STOP to_move 2 nodes_visited 41
[21:12:36.577] START to_move 1
[21:12:36.580] STOP to_move 1 nodes_visited 45
[21:12:36.580] START to_move 2
[21:12:36.582] STOP to_move 2 nodes_visited 36
[21:12:36.583] START to_move 1
[21:12:36.583] STOP to_move 1 nodes_visited 16
[21:12:36.584] START to_move 2
[21:12:36.586] STOP to_move 2 nodes_visited 39
[21:12:36.586] START to_move 1
[21:12:36.588] STOP to_move 1 nodes_visited 31
[21:12:36.588] START to_move 2
[21:12:36.589] STOP to_move 2 nodes_visited 27
[21:12:36.589] START to_move 1
[21:12:36.590] STOP to_move 1 nodes_visited 15
[21:12:36.590] START to_move 2
[21:12:36.592] STOP to_move 2 nodes_visited 37
[21:12:36.593] START to_move 1
[21:12:36.594] STOP to_move 1 nodes_visited 27
[21:12:36.594] START to_move 2
[21:12:36.596] STOP to_move 2 nodes_visited 25
[21:12:36.596] START to_move 1
[21:12:36.597] STOP to_move 1 nodes_visited 14
[21:12:36.597] START to_move 2
[21:12:36.598] STOP to_move 2 nodes_visited 33
[21:12:36.599] START to_move 1
[21:12:36.600] STOP to_move 1 nodes_visited 25
[21:12:36.600] START to_move 2
[21:12:36.601] STOP to_move 2 nodes_visited 21
[21:12:36.601] START to_move 1
[21:12:36.602] STOP to_move 1 nodes_visited 13
[21:12:36.602] START to_move 2
[21:12:36.604] STOP to_move 2 nodes_visited 31
[21:12:36.604] START to_move 1
[21:12:36.606] STOP to_move 1 nodes_visited 25
[21:12:36.606] START to_move 2
[21:12:36.607] STOP to_move 2 nodes_visited 23
[21:12:36.607] START to_move 1
[21:12:36.608] STOP to_move 1 nodes_visited 13
[21:12:36.608] START to_move 2
[21:12:36.610] STOP to_move 2 nodes_visited 31
[21:12:36.610] START to_move 1
[21:12:36.611] STOP to_move 1 nodes_visited 23
[21:12:36.611] START to_move 2
[21:12:36.612] STOP to_move 2 nodes_visited 19
[21:12:36.613] START to_move 1
[21:12:36.613] STOP to_move 1 nodes_visited 12
[21:12:36.613] START to_move 2
[21:12:36.615] STOP to_move 2 nodes_visited 31
[21:12:36.615] START to_move 1
[21:12:36.617] STOP to_move 1 nodes_visited 23
[21:12:36.617] START to_move 2
[21:12:36.618] STOP to_move 2 nodes_visited 19
[21:12:36.618] START to_move 1
[21:12:36.619] STOP to_move 1 nodes_visited 12
[21:12:36.619] START to_move 2
[21:12:36.620] STOP to_move 2 nodes_visited 31
[21:12:36.620] START to_move 1
[21:12:36.622] STOP to_move 1 nodes_visited 23
[21:12:36.622] START to_move 2
[21:12:36.623] STOP to_move 2 nodes_visited 19
[21:12:36.623] START to_move 1
[21:12:36.624] STOP to_move 1 nodes_visited 11
[21:12:36.624] START to_move 2
[21:12:36.625] STOP to_move 2 nodes_visited 27
[21:12:36.625] START to_move 1
[21:12:36.627] STOP to_move 1 nodes_visited 19
[21:12:36.627] START to_move 2
[21:12:36.628] STOP to_move 2 nodes_visited 16
[21:12:36.628] START to_move 1
[21:12:36.628] STOP to_move 1 nodes_visited 12
[21:12:36.628] START to_move 2
[21:12:36.631] STOP to_move 2 nodes_visited 31
[21:12:36.631] START to_move 1
[21:12:36.633] STOP to_move 1 nodes_visited 31
[21:12:36.633] START to_move 2
[21:12:36.635] STOP to_move 2 nodes_visited 27
[21:12:36.635] START to_move 1
[21:12:36.636] STOP to_move 1 nodes_visited 10
[21:12:36.636] START to_move 2
[21:12:36.637] STOP to_move 2 nodes_visited 21
[21:12:36.637] START to_move 1
[21:12:36.639] STOP to_move 1 nodes_visited 27
[21:12:36.639] START to_move 2
[21:12:36.640] STOP to_move 2 nodes_visited 19
[21:12:36.640] START to_move 1
[21:12:36.641] STOP to_move 1 nodes_visited 11
[21:12:36.641] START to_move 2
[21:12:36.642] STOP to_move 2 nodes_visited 17
[21:12:36.642] START to_move 1
[21:12:36.643] STOP to_move 1 nodes_visited 19
[21:12:36.643] START to_move 2
[21:12:36.644] STOP to_move 2 nodes_visited 12
[21:12:36.644] START to_move 1
[21:12:36.644] STOP to_move 1 nodes_visited 10
[21:12:36.644] START to_move 2
[21:12:36.646] STOP to_move 2 nodes_visited 19
[21:12:36.646] START to_move 1
[21:12:36.646] STOP to_move 1 nodes_visited 9
[21:12:36.646] START to_move 2
[21:12:36.647] STOP to_move 2 nodes_visited 8
[21:12:36.647] START to_move 1
[21:12:36.647] STOP to_move 1 nodes_visited 7
[21:12:36.647] START to_move 2
[21:12:36.648] STOP to_move 2 nodes_visited 17
[21:12:36.648] START to_move 1
[21:12:36.649] STOP to_move 1 nodes_visited 9
[21:12:36.649] START to_move 2
[21:12:36.649] STOP to_move 2 nodes_visited 6
[21:12:36.649] START to_move 1
[21:12:36.649] STOP to_move 1 nodes_visited 6
[21:12:36.649] START to_move 2
[21:12:36.650] STOP to_move 2 nodes_visited 15
[21:12:36.650] START to_move 1
[21:12:36.651] STOP to_move 1 nodes_visited 11
[21:12:36.651] START to_move 2
[21:12:36.652] STOP to_move 2 nodes_visited 11
[21:12:36.652] START to_move 1
[21:12:36.652] STOP to_move 1 nodes_visited 6
[21:12:36.652] START to_move 2
[21:12:36.653] STOP to_move 2 nodes_visited 15
[21:12:36.653] START to_move 1
[21:12:36.654] STOP to_move 1 nodes_visited 11
[21:12:36.654] START to_move 2
[21:12:36.654] STOP to_move 2 nodes_visited 11
[21:12:36.654] START to_move 1
[21:12:36.655] STOP to_move 1 nodes_visited 5
[21:12:36.655] START to_move 2
[21:12:36.655] STOP to_move 2 nodes_visited 9
[21:12:36.677] END winner 0 - rounds 444
