[22:13:42.286] 1 - distance_function chebyshev - pruning True
[22:13:42.286] 2 - distance_function euclides - pruning True
[22:13:42.286] START to_move 1
[22:13:42.361] STOP to_move 1 nodes_visited 1166
[22:13:42.362] START to_move 2
[22:13:42.404] STOP to_move 2 nodes_visited 701
[22:13:42.404] START to_move 1
[22:13:42.487] STOP to_move 1 nodes_visited 1266
[22:13:42.488] START to_move 2
[22:13:42.541] STOP to_move 2 nodes_visited 824
[22:13:42.542] START to_move 1
[22:13:42.616] STOP to_move 1 nodes_visited 1151
[22:13:42.616] START to_move 2
[22:13:42.698] STOP to_move 2 nodes_visited 1364
[22:13:42.699] START to_move 1
[22:13:42.772] STOP to_move 1 nodes_visited 1177
[22:13:42.773] START to_move 2
[22:13:42.881] STOP to_move 2 nodes_visited 1758
[22:13:42.882] START to_move 1
[22:13:43.017] STOP to_move 1 nodes_visited 2093
[22:13:43.018] START to_move 2
[22:13:43.138] STOP to_move 2 nodes_visited 1955
[22:13:43.139] START to_move 1
[22:13:43.243] STOP to_move 1 nodes_visited 1609
[22:13:43.244] START to_move 2
[22:13:43.360] STOP to_move 2 nodes_visited 1863
[22:13:43.361] START to_move 1
[22:13:43.424] STOP to_move 1 nodes_visited 1022
[22:13:43.425] START to_move 2
[22:13:43.609] STOP to_move 2 nodes_visited 2995
[22:13:43.611] START to_move 1
[22:13:43.676] STOP to_move 1 nodes_visited 1028
[22:13:43.676] START to_move 2
[22:13:43.882] STOP to_move 2 nodes_visited 3322
[22:13:43.884] START to_move 1
[22:13:43.920] STOP to_move 1 nodes_visited 595
[22:13:43.920] START to_move 2
[22:13:43.973] STOP to_move 2 nodes_visited 878
[22:13:43.973] START to_move 1
[22:13:44.011] STOP to_move 1 nodes_visited 612
[22:13:44.011] START to_move 2
[22:13:44.156] STOP to_move 2 nodes_visited 2370
[22:13:44.157] START to_move 1
[22:13:44.376] STOP to_move 1 nodes_visited 3432
[22:13:44.378] START to_move 2
[22:13:44.538] STOP to_move 2 nodes_visited 2632
[22:13:44.539] START to_move 1
[22:13:44.621] STOP to_move 1 nodes_visited 1256
[22:13:44.622] START to_move 2
[22:13:44.759] STOP to_move 2 nodes_visited 2254
[22:13:44.760] START to_move 1
[22:13:44.821] STOP to_move 1 nodes_visited 953
[22:13:44.823] START to_move 2
[22:13:44.992] STOP to_move 2 nodes_visited 2771
[22:13:44.994] START to_move 1
[22:13:45.054] STOP to_move 1 nodes_visited 941
[22:13:45.054] START to_move 2
[22:13:45.243] STOP to_move 2 nodes_visited 3080
[22:13:45.245] START to_move 1
[22:13:45.285] STOP to_move 1 nodes_visited 637
[22:13:45.286] START to_move 2
[22:13:45.510] STOP to_move 2 nodes_visited 3648
[22:13:45.512] START to_move 1
[22:13:45.551] STOP to_move 1 nodes_visited 622
[22:13:45.552] START to_move 2
[22:13:45.662] STOP to_move 2 nodes_visited 1836
[22:13:45.663] START to_move 1
[22:13:45.688] STOP to_move 1 nodes_visited 425
[22:13:45.689] START to_move 2
[22:13:45.830] STOP to_move 2 nodes_visited 2306
[22:13:45.832] START to_move 1
[22:13:45.857] STOP to_move 1 nodes_visited 422
[22:13:45.857] START to_move 2
[22:13:45.991] STOP to_move 2 nodes_visited 2228
[22:13:45.992] START to_move 1
[22:13:46.054] STOP to_move 1 nodes_visited 971
[22:13:46.054] START to_move 2
[22:13:46.153] STOP to_move 2 nodes_visited 1650
[22:13:46.154] START to_move 1
[22:13:46.179] STOP to_move 1 nodes_visited 407
[22:13:46.179] START to_move 2
[22:13:46.306] STOP to_move 2 nodes_visited 2079
[22:13:46.307] START to_move 1
[22:13:46.332] STOP to_move 1 nodes_visited 407
[22:13:46.332] START to_move 2
[22:13:46.519] STOP to_move 2 nodes_visited 3100
[22:13:46.521] START to_move 1
[22:13:46.546] STOP to_move 1 nodes_visited 402
[22:13:46.547] START to_move 2
[22:13:46.724] STOP to_move 2 nodes_visited 2944
[22:13:46.726] START to_move 1
[22:13:46.749] STOP to_move 1 nodes_visited 390
[22:13:46.749] START to_move 2
[22:13:46.966] STOP to_move 2 nodes_visited 3579
[22:13:46.968] START to_move 1
[22:13:46.994] STOP to_move 1 nodes_visited 437
[22:13:46.995] START to_move 2
[22:13:47.027] STOP to_move 2 nodes_visited 544
[22:13:47.027] START to_move 1
[22:13:47.055] STOP to_move 1 nodes_visited 437
[22:13:47.055] START to_move 2
[22:13:47.087] STOP to_move 2 nodes_visited 544
[22:13:47.088] START to_move 1
[22:13:47.114] STOP to_move 1 nodes_visited 434
[22:13:47.114] START to_move 2
[22:13:47.146] STOP to_move 2 nodes_visited 542
[22:13:47.147] START to_move 1
[22:13:47.172] STOP to_move 1 nodes_visited 428
[22:13:47.173] START to_move 2
[22:13:47.199] STOP to_move 2 nodes_visited 458
[22:13:47.199] START to_move 1
[22:13:47.216] STOP to_move 1 nodes_visited 283
[22:13:47.217] START to_move 2
[22:13:47.248] STOP to_move 2 nodes_visited 537
[22:13:47.249] START to_move 1
[22:13:47.283] STOP to_move 1 nodes_visited 576
[22:13:47.284] START to_move 2
[22:13:47.316] STOP to_move 2 nodes_visited 548
[22:13:47.316] START to_move 1
[22:13:47.332] STOP to_move 1 nodes_visited 266
[22:13:47.332] START to_move 2
[22:13:47.368] STOP to_move 2 nodes_visited 581
[22:13:47.368] START to_move 1
[22:13:47.399] STOP to_move 1 nodes_visited 506
[22:13:47.399] START to_move 2
[22:13:47.429] STOP to_move 2 nodes_visited 506
[22:13:47.429] START to_move 1
[22:13:47.461] STOP to_move 1 nodes_visited 519
[22:13:47.461] START to_move 2
[22:13:47.486] STOP to_move 2 nodes_visited 423
[22:13:47.486] START to_move 1
[22:13:47.523] STOP to_move 1 nodes_visited 595
[22:13:47.523] START to_move 2
[22:13:47.551] STOP to_move 2 nodes_visited 487
[22:13:47.552] START to_move 1
[22:13:47.587] STOP to_move 1 nodes_visited 587
[22:13:47.588] START to_move 2
[22:13:47.612] STOP to_move 2 nodes_visited 411
[22:13:47.612] START to_move 1
[22:13:47.625] STOP to_move 1 nodes_visited 216
[22:13:47.625] START to_move 2
[22:13:47.646] STOP to_move 2 nodes_visited 345
[22:13:47.647] START to_move 1
[22:13:47.659] STOP to_move 1 nodes_visited 212
[22:13:47.659] START to_move 2
[22:13:47.680] STOP to_move 2 nodes_visited 349
[22:13:47.680] START to_move 1
[22:13:47.692] STOP to_move 1 nodes_visited 206
[22:13:47.692] START to_move 2
[22:13:47.718] STOP to_move 2 nodes_visited 437
[22:13:47.718] START to_move 1
[22:13:47.729] STOP to_move 1 nodes_visited 193
[22:13:47.729] START to_move 2
[22:13:47.745] STOP to_move 2 nodes_visited 261
[22:13:47.745] START to_move 1
[22:13:47.757] STOP to_move 1 nodes_visited 200
[22:13:47.757] START to_move 2
[22:13:47.772] STOP to_move 2 nodes_visited 261
[22:13:47.772] START to_move 1
[22:13:47.784] STOP to_move 1 nodes_visited 200
[22:13:47.784] START to_move 2
[22:13:47.909] STOP to_move 2 nodes_visited 1991
[22:13:47.910] START to_move 1
[22:13:47.928] STOP to_move 1 nodes_visited 273
[22:13:47.928] START to_move 2
[22:13:48.053] STOP to_move 2 nodes_visited 2012
[22:13:48.055] START to_move 1
[22:13:48.071] STOP to_move 1 nodes_visited 273
[22:13:48.071] START to_move 2
[22:13:48.199] STOP to_move 2 nodes_visited 2012
[22:13:48.200] START to_move 1
[22:13:48.216] STOP to_move 1 nodes_visited 271
[22:13:48.216] START to_move 2
[22:13:48.327] STOP to_move 2 nodes_visited 1829
[22:13:48.328] START to_move 1
[22:13:48.344] STOP to_move 1 nodes_visited 257
[22:13:48.344] START to_move 2
[22:13:48.419] STOP to_move 2 nodes_visited 1249
[22:13:48.420] START to_move 1
[22:13:48.457] STOP to_move 1 nodes_visited 596
[22:13:48.457] START to_move 2
[22:13:48.535] STOP to_move 2 nodes_visited 1275
[22:13:48.536] START to_move 1
[22:13:48.558] STOP to_move 1 nodes_visited 368
[22:13:48.558] START to_move 2
[22:13:48.628] STOP to_move 2 nodes_visited 1161
[22:13:48.629] START to_move 1
[22:13:48.651] STOP to_move 1 nodes_visited 369
[22:13:48.651] START to_move 2
[22:13:48.720] STOP to_move 2 nodes_visited 1130
[22:13:48.720] START to_move 1
[22:13:48.742] STOP to_move 1 nodes_visited 365
[22:13:48.743] START to_move 2
[22:13:48.806] STOP to_move 2 nodes_visited 1033
[22:13:48.806] START to_move 1
[22:13:48.831] STOP to_move 1 nodes_visited 406
[22:13:48.831] START to_move 2
[22:13:48.889] STOP to_move 2 nodes_visited 959
[22:13:48.890] START to_move 1
[22:13:48.904] STOP to_move 1 nodes_visited 238
[22:13:48.904] START to_move 2
[22:13:48.961] STOP to_move 2 nodes_visited 938
[22:13:48.961] START to_move 1
[22:13:48.971] STOP to_move 1 nodes_visited 173
[22:13:48.972] START to_move 2
[22:13:49.023] STOP to_move 2 nodes_visited 837
[22:13:49.023] START to_move 1
[22:13:49.048] STOP to_move 1 nodes_visited 387
[22:13:49.048] START to_move 2
[22:13:49.125] STOP to_move 2 nodes_visited 1264
[22:13:49.126] START to_move 1
[22:13:49.146] STOP to_move 1 nodes_visited 344
[22:13:49.147] START to_move 2
[22:13:49.210] STOP to_move 2 nodes_visited 1050
[22:13:49.211] START to_move 1
[22:13:49.224] STOP to_move 1 nodes_visited 221
[22:13:49.224] START to_move 2
[22:13:49.268] STOP to_move 2 nodes_visited 742
[22:13:49.269] START to_move 1
[22:13:49.283] STOP to_move 1 nodes_visited 245
[22:13:49.283] START to_move 2
[22:13:49.338] STOP to_move 2 nodes_visited 854
[22:13:49.338] START to_move 1
[22:13:49.348] STOP to_move 1 nodes_visited 173
[22:13:49.349] START to_move 2
[22:13:49.400] STOP to_move 2 nodes_visited 823
[22:13:49.400] START to_move 1
[22:13:49.433] STOP to_move 1 nodes_visited 536
[22:13:49.434] START to_move 2
[22:13:49.505] STOP to_move 2 nodes_visited 1168
[22:13:49.505] START to_move 1
[22:13:49.532] STOP to_move 1 nodes_visited 435
[22:13:49.532] START to_move 2
[22:13:49.578] STOP to_move 2 nodes_visited 770
[22:13:49.579] START to_move 1
[22:13:49.589] STOP to_move 1 nodes_visited 174
[22:13:49.589] START to_move 2
[22:13:49.631] STOP to_move 2 nodes_visited 673
[22:13:49.631] START to_move 1
[22:13:49.646] STOP to_move 1 nodes_visited 243
[22:13:49.646] START to_move 2
[22:13:49.704] STOP to_move 2 nodes_visited 971
[22:13:49.705] START to_move 1
[22:13:49.726] STOP to_move 1 nodes_visited 340
[22:13:49.726] START to_move 2
[22:13:49.777] STOP to_move 2 nodes_visited 855
[22:13:49.777] START to_move 1
[22:13:49.821] STOP to_move 1 nodes_visited 696
[22:13:49.821] START to_move 2
[22:13:49.896] STOP to_move 2 nodes_visited 1189
[22:13:49.897] START to_move 1
[22:13:49.914] STOP to_move 1 nodes_visited 286
[22:13:49.915] START to_move 2
[22:13:49.978] STOP to_move 2 nodes_visited 1045
[22:13:49.979] START to_move 1
[22:13:49.995] STOP to_move 1 nodes_visited 275
[22:13:49.996] START to_move 2
[22:13:50.054] STOP to_move 2 nodes_visited 967
[22:13:50.055] START to_move 1
[22:13:50.074] STOP to_move 1 nodes_visited 325
[22:13:50.075] START to_move 2
[22:13:50.119] STOP to_move 2 nodes_visited 750
[22:13:50.120] START to_move 1
[22:13:50.137] STOP to_move 1 nodes_visited 288
[22:13:50.137] START to_move 2
[22:13:50.148] STOP to_move 2 nodes_visited 176
[22:13:50.148] START to_move 1
[22:13:50.168] STOP to_move 1 nodes_visited 299
[22:13:50.168] START to_move 2
[22:13:50.197] STOP to_move 2 nodes_visited 485
[22:13:50.197] START to_move 1
[22:13:50.211] STOP to_move 1 nodes_visited 226
[22:13:50.211] START to_move 2
[22:13:50.236] STOP to_move 2 nodes_visited 433
[22:13:50.237] START to_move 1
[22:13:50.254] STOP to_move 1 nodes_visited 284
[22:13:50.254] START to_move 2
[22:13:50.271] STOP to_move 2 nodes_visited 289
[22:13:50.271] START to_move 1
[22:13:50.288] STOP to_move 1 nodes_visited 270
[22:13:50.288] START to_move 2
[22:13:50.360] STOP to_move 2 nodes_visited 1193
[22:13:50.361] START to_move 1
[22:13:50.376] STOP to_move 1 nodes_visited 251
[22:13:50.376] START to_move 2
[22:13:50.432] STOP to_move 2 nodes_visited 933
[22:13:50.433] START to_move 1
[22:13:50.442] STOP to_move 1 nodes_visited 157
[22:13:50.442] START to_move 2
[22:13:50.496] STOP to_move 2 nodes_visited 867
[22:13:50.496] START to_move 1
[22:13:50.505] STOP to_move 1 nodes_visited 157
[22:13:50.505] START to_move 2
[22:13:50.529] STOP to_move 2 nodes_visited 399
[22:13:50.530] START to_move 1
[22:13:50.536] STOP to_move 1 nodes_visited 119
[22:13:50.537] START to_move 2
[22:13:50.558] STOP to_move 2 nodes_visited 363
[22:13:50.558] START to_move 1
[22:13:50.565] STOP to_move 1 nodes_visited 115
[22:13:50.565] START to_move 2
[22:13:50.585] STOP to_move 2 nodes_visited 329
[22:13:50.585] START to_move 1
[22:13:50.591] STOP to_move 1 nodes_visited 113
[22:13:50.592] START to_move 2
[22:13:50.607] STOP to_move 2 nodes_visited 267
[22:13:50.608] START to_move 1
[22:13:50.615] STOP to_move 1 nodes_visited 121
[22:13:50.615] START to_move 2
[22:13:50.636] STOP to_move 2 nodes_visited 359
[22:13:50.636] START to_move 1
[22:13:50.643] STOP to_move 1 nodes_visited 113
[22:13:50.643] START to_move 2
[22:13:50.661] STOP to_move 2 nodes_visited 298
[22:13:50.661] START to_move 1
[22:13:50.668] STOP to_move 1 nodes_visited 115
[22:13:50.668] START to_move 2
[22:13:50.689] STOP to_move 2 nodes_visited 361
[22:13:50.689] START to_move 1
[22:13:50.696] STOP to_move 1 nodes_visited 111
[22:13:50.696] START to_move 2
[22:13:50.714] STOP to_move 2 nodes_visited 299
[22:13:50.714] START to_move 1
[22:13:50.722] STOP to_move 1 nodes_visited 132
[22:13:50.722] START to_move 2
[22:13:50.740] STOP to_move 2 nodes_visited 281
[22:13:50.741] START to_move 1
[22:13:50.747] STOP to_move 1 nodes_visited 109
[22:13:50.747] START to_move 2
[22:13:50.760] STOP to_move 2 nodes_visited 214
[22:13:50.760] START to_move 1
[22:13:50.767] STOP to_move 1 nodes_visited 109
[22:13:50.767] START to_move 2
[22:13:50.775] STOP to_move 2 nodes_visited 137
[22:13:50.775] START to_move 1
[22:13:50.781] STOP to_move 1 nodes_visited 105
[22:13:50.781] START to_move 2
[22:13:50.796] STOP to_move 2 nodes_visited 242
[22:13:50.796] START to_move 1
[22:13:50.803] STOP to_move 1 nodes_visited 112
[22:13:50.803] START to_move 2
[22:13:50.818] STOP to_move 2 nodes_visited 259
[22:13:50.818] START to_move 1
[22:13:50.824] STOP to_move 1 nodes_visited 101
[22:13:50.824] START to_move 2
[22:13:50.846] STOP to_move 2 nodes_visited 363
[22:13:50.846] START to_move 1
[22:13:50.852] STOP to_move 1 nodes_visited 99
[22:13:50.852] START to_move 2
[22:13:50.871] STOP to_move 2 nodes_visited 317
[22:13:50.871] START to_move 1
[22:13:50.877] STOP to_move 1 nodes_visited 93
[22:13:50.877] START to_move 2
[22:13:50.889] STOP to_move 2 nodes_visited 206
[22:13:50.889] START to_move 1
[22:13:50.895] STOP to_move 1 nodes_visited 93
[22:13:50.895] START to_move 2
[22:13:50.909] STOP to_move 2 nodes_visited 233
[22:13:50.909] START to_move 1
[22:13:50.915] STOP to_move 1 nodes_visited 87
[22:13:50.915] START to_move 2
[22:13:50.925] STOP to_move 2 nodes_visited 166
[22:13:50.925] START to_move 1
[22:13:50.930] STOP to_move 1 nodes_visited 80
[22:13:50.930] START to_move 2
[22:13:50.946] STOP to_move 2 nodes_visited 271
[22:13:50.946] START to_move 1
[22:13:50.951] STOP to_move 1 nodes_visited 83
[22:13:50.951] START to_move 2
[22:13:50.961] STOP to_move 2 nodes_visited 165
[22:13:50.961] START to_move 1
[22:13:50.966] STOP to_move 1 nodes_visited 85
[22:13:50.966] START to_move 2
[22:13:50.983] STOP to_move 2 nodes_visited 285
[22:13:50.983] START to_move 1
[22:13:50.987] STOP to_move 1 nodes_visited 71
[22:13:50.987] START to_move 2
[22:13:50.993] STOP to_move 2 nodes_visited 106
[22:13:50.993] START to_move 1
[22:13:50.997] STOP to_move 1 nodes_visited 66
[22:13:50.997] START to_move 2
[22:13:51.006] STOP to_move 2 nodes_visited 139
[22:13:51.006] START to_move 1
[22:13:51.010] STOP to_move 1 nodes_visited 71
[22:13:51.010] START to_move 2
[22:13:51.017] STOP to_move 2 nodes_visited 110
[22:13:51.017] START to_move 1
[22:13:51.021] STOP to_move 1 nodes_visited 67
[22:13:51.021] START to_move 2
[22:13:51.028] STOP to_move 2 nodes_visited 130
[22:13:51.028] START to_move 1
[22:13:51.032] STOP to_move 1 nodes_visited 57
[22:13:51.032] START to_move 2
[22:13:51.037] STOP to_move 2 nodes_visited 83
[22:13:51.037] START to_move 1
[22:13:51.041] STOP to_move 1 nodes_visited 70
[22:13:51.041] START to_move 2
[22:13:51.046] STOP to_move 2 nodes_visited 85
[22:13:51.046] START to_move 1
[22:13:51.049] STOP to_move 1 nodes_visited 47
[22:13:51.049] START to_move 2
[22:13:51.052] STOP to_move 2 nodes_visited 57
[22:13:51.052] START to_move 1
[22:13:51.056] STOP to_move 1 nodes_visited 64
[22:13:51.056] START to_move 2
[22:13:51.060] STOP to_move 2 nodes_visited 69
[22:13:51.060] START to_move 1
[22:13:51.063] STOP to_move 1 nodes_visited 45
[22:13:51.063] START to_move 2
[22:13:51.067] STOP to_move 2 nodes_visited 62
[22:13:51.067] START to_move 1
[22:13:51.070] STOP to_move 1 nodes_visited 56
[22:13:51.070] START to_move 2
[22:13:51.074] STOP to_move 2 nodes_visited 63
[22:13:51.074] START to_move 1
[22:13:51.076] STOP to_move 1 nodes_visited 37
[22:13:51.076] START to_move 2
[22:13:51.080] STOP to_move 2 nodes_visited 60
[22:13:51.080] START to_move 1
[22:13:51.084] STOP to_move 1 nodes_visited 41
[22:13:51.084] START to_move 2
[22:13:51.088] STOP to_move 2 nodes_visited 81
[22:13:51.088] START to_move 1
[22:13:51.091] STOP to_move 1 nodes_visited 39
[22:13:51.091] START to_move 2
[22:13:51.094] STOP to_move 2 nodes_visited 61
[22:13:51.094] START to_move 1
[22:13:51.097] STOP to_move 1 nodes_visited 39
[22:13:51.097] START to_move 2
[22:13:51.102] STOP to_move 2 nodes_visited 81
[22:13:51.102] START to_move 1
[22:13:51.104] STOP to_move 1 nodes_visited 37
[22:13:51.104] START to_move 2
[22:13:51.108] STOP to_move 2 nodes_visited 61
[22:13:51.108] START to_move 1
[22:13:51.110] STOP to_move 1 nodes_visited 43
[22:13:51.110] START to_move 2
[22:13:51.116] STOP to_move 2 nodes_visited 99
[22:13:51.116] START to_move 1
[22:13:51.119] STOP to_move 1 nodes_visited 37
[22:13:51.119] START to_move 2
[22:13:51.123] STOP to_move 2 nodes_visited 69
[22:13:51.123] START to_move 1
[22:13:51.125] STOP to_move 1 nodes_visited 33
[22:13:51.125] START to_move 2
[22:13:51.128] STOP to_move 2 nodes_visited 59
[22:13:51.128] START to_move 1
[22:13:51.130] STOP to_move 1 nodes_visited 31
[22:13:51.130] START to_move 2
[22:13:51.133] STOP to_move 2 nodes_visited 41
[22:13:51.133] START to_move 1
[22:13:51.135] STOP to_move 1 nodes_visited 31
[22:13:51.135] START to_move 2
[22:13:51.138] STOP to_move 2 nodes_visited 53
[22:13:51.138] START to_move 1
[22:13:51.140] STOP to_move 1 nodes_visited 33
[22:13:51.140] START to_move 2
[22:13:51.144] STOP to_move 2 nodes_visited 67
[22:13:51.144] START to_move 1
[22:13:51.146] STOP to_move 1 nodes_visited 37
[22:13:51.146] START to_move 2
[22:13:51.150] STOP to_move 2 nodes_visited 65
[22:13:51.150] START to_move 1
[22:13:51.152] STOP to_move 1 nodes_visited 33
[22:13:51.152] START to_move 2
[22:13:51.156] STOP to_move 2 nodes_visited 67
[22:13:51.156] START to_move 1
[22:13:51.158] STOP to_move 1 nodes_visited 37
[22:13:51.158] START to_move 2
[22:13:51.162] STOP to_move 2 nodes_visited 59
[22:13:51.162] START to_move 1
[22:13:51.164] STOP to_move 1 nodes_visited 35
[22:13:51.164] START to_move 2
[22:13:51.170] STOP to_move 2 nodes_visited 94
[22:13:51.170] START to_move 1
[22:13:51.172] STOP to_move 1 nodes_visited 37
[22:13:51.172] START to_move 2
[22:13:51.174] STOP to_move 2 nodes_visited 37
[22:13:51.174] START to_move 1
[22:13:51.176] STOP to_move 1 nodes_visited 29
[22:13:51.176] START to_move 2
[22:13:51.178] STOP to_move 2 nodes_visited 34
[22:13:51.178] START to_move 1
[22:13:51.180] STOP to_move 1 nodes_visited 31
[22:13:51.180] START to_move 2
[22:13:51.182] STOP to_move 2 nodes_visited 35
[22:13:51.182] START to_move 1
[22:13:51.184] STOP to_move 1 nodes_visited 27
[22:13:51.184] START to_move 2
[22:13:51.187] STOP to_move 2 nodes_visited 48
[22:13:51.187] START to_move 1
[22:13:51.188] STOP to_move 1 nodes_visited 20
[22:13:51.188] START to_move 2
[22:13:51.191] STOP to_move 2 nodes_visited 55
[22:13:51.191] START to_move 1
[22:13:51.193] STOP to_move 1 nodes_visited 29
[22:13:51.193] START to_move 2
[22:13:51.195] STOP to_move 2 nodes_visited 30
[22:13:51.195] START to_move 1
[22:13:51.196] STOP to_move 1 nodes_visited 18
[22:13:51.196] START to_move 2
[22:13:51.200] STOP to_move 2 nodes_visited 61
[22:13:51.200] START to_move 1
[22:13:51.201] STOP to_move 1 nodes_visited 23
[22:13:51.201] START to_move 2
[22:13:51.203] STOP to_move 2 nodes_visited 31
[22:13:51.203] START to_move 1
[22:13:51.204] STOP to_move 1 nodes_visited 14
[22:13:51.204] START to_move 2
[22:13:51.206] STOP to_move 2 nodes_visited 33
[22:13:51.206] START to_move 1
[22:13:51.207] STOP to_move 1 nodes_visited 21
[22:13:51.207] START to_move 2
[22:13:51.209] STOP to_move 2 nodes_visited 30
[22:13:51.209] START to_move 1
[22:13:51.210] STOP to_move 1 nodes_visited 16
[22:13:51.210] START to_move 2
[22:13:51.213] STOP to_move 2 nodes_visited 47
[22:13:51.213] START to_move 1
[22:13:51.214] STOP to_move 1 nodes_visited 17
[22:13:51.214] START to_move 2
[22:13:51.216] STOP to_move 2 nodes_visited 26
[22:13:51.216] START to_move 1
[22:13:51.217] STOP to_move 1 nodes_visited 14
[22:13:51.217] START to_move 2
[22:13:51.219] STOP to_move 2 nodes_visited 37
[22:13:51.219] START to_move 1
[22:13:51.220] STOP to_move 1 nodes_visited 17
[22:13:51.220] START to_move 2
[22:13:51.222] STOP to_move 2 nodes_visited 30
[22:13:51.222] START to_move 1
[22:13:51.223] STOP to_move 1 nodes_visited 25
[22:13:51.223] START to_move 2
[22:13:51.227] STOP to_move 2 nodes_visited 61
[22:13:51.227] START to_move 1
[22:13:51.229] STOP to_move 1 nodes_visited 41
[22:13:51.229] START to_move 2
[22:13:51.231] STOP to_move 2 nodes_visited 22
[22:13:51.231] START to_move 1
[22:13:51.232] STOP to_move 1 nodes_visited 21
[22:13:51.232] START to_move 2
[22:13:51.235] STOP to_move 2 nodes_visited 57
[22:13:51.235] START to_move 1
[22:13:51.237] STOP to_move 1 nodes_visited 19
[22:13:51.237] START to_move 2
[22:13:51.238] STOP to_move 2 nodes_visited 22
[22:13:51.238] START to_move 1
[22:13:51.239] STOP to_move 1 nodes_visited 21
[22:13:51.239] START to_move 2
[22:13:51.243] STOP to_move 2 nodes_visited 57
[22:13:51.243] START to_move 1
[22:13:51.244] STOP to_move 1 nodes_visited 19
[22:13:51.260] END winner 0 - rounds 275
