[21:41:06.210] 1 - distance_function chebyshev - pruning True
[21:41:06.210] 2 - distance_function euclides - pruning True
[21:41:06.210] START to_move 1
[21:41:06.481] STOP to_move 1 nodes_visited 3763
[21:41:06.483] START to_move 2
[21:41:06.864] STOP to_move 2 nodes_visited 5959
[21:41:06.869] START to_move 1
[21:41:06.975] STOP to_move 1 nodes_visited 1639
[21:41:06.976] START to_move 2
[21:41:07.086] STOP to_move 2 nodes_visited 1755
[21:41:07.087] START to_move 1
[21:41:07.188] STOP to_move 1 nodes_visited 1589
[21:41:07.189] START to_move 2
[21:41:07.299] STOP to_move 2 nodes_visited 1748
[21:41:07.300] START to_move 1
[21:41:07.397] STOP to_move 1 nodes_visited 1558
[21:41:07.398] START to_move 2
[21:41:07.545] STOP to_move 2 nodes_visited 2363
[21:41:07.547] START to_move 1
[21:41:07.646] STOP to_move 1 nodes_visited 1566
[21:41:07.647] START to_move 2
[21:41:07.812] STOP to_move 2 nodes_visited 2600
[21:41:07.814] START to_move 1
[21:41:07.910] STOP to_move 1 nodes_visited 1497
[21:41:07.910] START to_move 2
[21:41:08.044] STOP to_move 2 nodes_visited 2119
[21:41:08.045] START to_move 1
[21:41:08.227] STOP to_move 1 nodes_visited 2801
[21:41:08.228] START to_move 2
[21:41:08.383] STOP to_move 2 nodes_visited 2230
[21:41:08.384] START to_move 1
[21:41:08.434] STOP to_move 1 nodes_visited 800
[21:41:08.434] START to_move 2
[21:41:08.587] STOP to_move 2 nodes_visited 2485
[21:41:08.588] START to_move 1
[21:41:08.785] STOP to_move 1 nodes_visited 3067
[21:41:08.787] START to_move 2
[21:41:08.931] STOP to_move 2 nodes_visited 2291
[21:41:08.932] START to_move 1
[21:41:09.125] STOP to_move 1 nodes_visited 3057
[21:41:09.127] START to_move 2
[21:41:09.306] STOP to_move 2 nodes_visited 2884
[21:41:09.309] START to_move 1
[21:41:09.498] STOP to_move 1 nodes_visited 2957
[21:41:09.501] START to_move 2
[21:41:09.668] STOP to_move 2 nodes_visited 2737
[21:41:09.670] START to_move 1
[21:41:09.868] STOP to_move 1 nodes_visited 3052
[21:41:09.870] START to_move 2
[21:41:10.033] STOP to_move 2 nodes_visited 2641
[21:41:10.035] START to_move 1
[21:41:10.222] STOP to_move 1 nodes_visited 2964
[21:41:10.224] START to_move 2
[21:41:10.408] STOP to_move 2 nodes_visited 2963
[21:41:10.410] START to_move 1
[21:41:10.429] STOP to_move 1 nodes_visited 312
[21:41:10.429] START to_move 2
[21:41:10.681] STOP to_move 2 nodes_visited 4045
[21:41:10.684] START to_move 1
[21:41:10.831] STOP to_move 1 nodes_visited 2261
[21:41:10.832] START to_move 2
[21:41:11.132] STOP to_move 2 nodes_visited 4749
[21:41:11.135] START to_move 1
[21:41:11.272] STOP to_move 1 nodes_visited 2175
[21:41:11.273] START to_move 2
[21:41:11.534] STOP to_move 2 nodes_visited 4171
[21:41:11.537] START to_move 1
[21:41:11.673] STOP to_move 1 nodes_visited 2142
[21:41:11.674] START to_move 2
[21:41:11.912] STOP to_move 2 nodes_visited 3789
[21:41:11.914] START to_move 1
[21:41:12.015] STOP to_move 1 nodes_visited 1616
[21:41:12.016] START to_move 2
[21:41:12.207] STOP to_move 2 nodes_visited 3057
[21:41:12.209] START to_move 1
[21:41:12.227] STOP to_move 1 nodes_visited 303
[21:41:12.228] START to_move 2
[21:41:12.460] STOP to_move 2 nodes_visited 3721
[21:41:12.462] START to_move 1
[21:41:12.524] STOP to_move 1 nodes_visited 976
[21:41:12.524] START to_move 2
[21:41:12.741] STOP to_move 2 nodes_visited 3524
[21:41:12.743] START to_move 1
[21:41:12.761] STOP to_move 1 nodes_visited 306
[21:41:12.761] START to_move 2
[21:41:12.959] STOP to_move 2 nodes_visited 3158
[21:41:12.961] START to_move 1
[21:41:12.978] STOP to_move 1 nodes_visited 290
[21:41:12.979] START to_move 2
[21:41:13.177] STOP to_move 2 nodes_visited 3158
[21:41:13.179] START to_move 1
[21:41:13.197] STOP to_move 1 nodes_visited 298
[21:41:13.197] START to_move 2
[21:41:13.389] STOP to_move 2 nodes_visited 3138
[21:41:13.391] START to_move 1
[21:41:13.409] STOP to_move 1 nodes_visited 298
[21:41:13.409] START to_move 2
[21:41:13.600] STOP to_move 2 nodes_visited 3101
[21:41:13.602] START to_move 1
[21:41:13.619] STOP to_move 1 nodes_visited 294
[21:41:13.620] START to_move 2
[21:41:13.761] STOP to_move 2 nodes_visited 2313
[21:41:13.763] START to_move 1
[21:41:13.781] STOP to_move 1 nodes_visited 298
[21:41:13.781] START to_move 2
[21:41:13.971] STOP to_move 2 nodes_visited 3059
[21:41:13.973] START to_move 1
[21:41:13.991] STOP to_move 1 nodes_visited 306
[21:41:13.991] START to_move 2
[21:41:14.151] STOP to_move 2 nodes_visited 2630
[21:41:14.152] START to_move 1
[21:41:14.170] STOP to_move 1 nodes_visited 297
[21:41:14.170] START to_move 2
[21:41:14.330] STOP to_move 2 nodes_visited 2597
[21:41:14.331] START to_move 1
[21:41:14.406] STOP to_move 1 nodes_visited 1189
[21:41:14.406] START to_move 2
[21:41:14.488] STOP to_move 2 nodes_visited 1284
[21:41:14.489] START to_move 1
[21:41:14.507] STOP to_move 1 nodes_visited 303
[21:41:14.507] START to_move 2
[21:41:14.673] STOP to_move 2 nodes_visited 2719
[21:41:14.674] START to_move 1
[21:41:14.825] STOP to_move 1 nodes_visited 2359
[21:41:14.827] START to_move 2
[21:41:14.979] STOP to_move 2 nodes_visited 2495
[21:41:14.980] START to_move 1
[21:41:14.998] STOP to_move 1 nodes_visited 303
[21:41:14.998] START to_move 2
[21:41:15.160] STOP to_move 2 nodes_visited 2647
[21:41:15.162] START to_move 1
[21:41:15.180] STOP to_move 1 nodes_visited 307
[21:41:15.180] START to_move 2
[21:41:15.344] STOP to_move 2 nodes_visited 2647
[21:41:15.345] START to_move 1
[21:41:15.363] STOP to_move 1 nodes_visited 305
[21:41:15.364] START to_move 2
[21:41:15.518] STOP to_move 2 nodes_visited 2557
[21:41:15.520] START to_move 1
[21:41:15.538] STOP to_move 1 nodes_visited 291
[21:41:15.538] START to_move 2
[21:41:15.687] STOP to_move 2 nodes_visited 2474
[21:41:15.689] START to_move 1
[21:41:15.706] STOP to_move 1 nodes_visited 291
[21:41:15.707] START to_move 2
[21:41:15.858] STOP to_move 2 nodes_visited 2485
[21:41:15.860] START to_move 1
[21:41:15.877] STOP to_move 1 nodes_visited 293
[21:41:15.877] START to_move 2
[21:41:16.021] STOP to_move 2 nodes_visited 2398
[21:41:16.023] START to_move 1
[21:41:16.040] STOP to_move 1 nodes_visited 293
[21:41:16.040] START to_move 2
[21:41:16.204] STOP to_move 2 nodes_visited 2707
[21:41:16.205] START to_move 1
[21:41:16.223] STOP to_move 1 nodes_visited 297
[21:41:16.223] START to_move 2
[21:41:16.381] STOP to_move 2 nodes_visited 2563
[21:41:16.383] START to_move 1
[21:41:16.399] STOP to_move 1 nodes_visited 285
[21:41:16.400] START to_move 2
[21:41:16.545] STOP to_move 2 nodes_visited 2392
[21:41:16.547] START to_move 1
[21:41:16.562] STOP to_move 1 nodes_visited 259
[21:41:16.562] START to_move 2
[21:41:16.692] STOP to_move 2 nodes_visited 2144
[21:41:16.693] START to_move 1
[21:41:16.709] STOP to_move 1 nodes_visited 263
[21:41:16.709] START to_move 2
[21:41:16.836] STOP to_move 2 nodes_visited 2062
[21:41:16.837] START to_move 1
[21:41:16.853] STOP to_move 1 nodes_visited 257
[21:41:16.853] START to_move 2
[21:41:16.965] STOP to_move 2 nodes_visited 1859
[21:41:16.966] START to_move 1
[21:41:16.988] STOP to_move 1 nodes_visited 369
[21:41:16.989] START to_move 2
[21:41:17.041] STOP to_move 2 nodes_visited 890
[21:41:17.042] START to_move 1
[21:41:17.071] STOP to_move 1 nodes_visited 480
[21:41:17.071] START to_move 2
[21:41:17.198] STOP to_move 2 nodes_visited 2040
[21:41:17.199] START to_move 1
[21:41:17.231] STOP to_move 1 nodes_visited 520
[21:41:17.231] START to_move 2
[21:41:17.334] STOP to_move 2 nodes_visited 1686
[21:41:17.335] START to_move 1
[21:41:17.352] STOP to_move 1 nodes_visited 289
[21:41:17.352] START to_move 2
[21:41:17.486] STOP to_move 2 nodes_visited 2187
[21:41:17.487] START to_move 1
[21:41:17.511] STOP to_move 1 nodes_visited 376
[21:41:17.511] START to_move 2
[21:41:17.570] STOP to_move 2 nodes_visited 976
[21:41:17.571] START to_move 1
[21:41:17.601] STOP to_move 1 nodes_visited 480
[21:41:17.601] START to_move 2
[21:41:17.678] STOP to_move 2 nodes_visited 1251
[21:41:17.679] START to_move 1
[21:41:17.710] STOP to_move 1 nodes_visited 504
[21:41:17.710] START to_move 2
[21:41:17.787] STOP to_move 2 nodes_visited 1284
[21:41:17.788] START to_move 1
[21:41:17.829] STOP to_move 1 nodes_visited 660
[21:41:17.830] START to_move 2
[21:41:17.976] STOP to_move 2 nodes_visited 2385
[21:41:17.977] START to_move 1
[21:41:18.020] STOP to_move 1 nodes_visited 673
[21:41:18.020] START to_move 2
[21:41:18.129] STOP to_move 2 nodes_visited 1808
[21:41:18.130] START to_move 1
[21:41:18.171] STOP to_move 1 nodes_visited 631
[21:41:18.171] START to_move 2
[21:41:18.288] STOP to_move 2 nodes_visited 1914
[21:41:18.289] START to_move 1
[21:41:18.303] STOP to_move 1 nodes_visited 229
[21:41:18.303] START to_move 2
[21:41:18.418] STOP to_move 2 nodes_visited 1914
[21:41:18.419] START to_move 1
[21:41:18.433] STOP to_move 1 nodes_visited 229
[21:41:18.433] START to_move 2
[21:41:18.488] STOP to_move 2 nodes_visited 880
[21:41:18.488] START to_move 1
[21:41:18.502] STOP to_move 1 nodes_visited 227
[21:41:18.502] START to_move 2
[21:41:18.577] STOP to_move 2 nodes_visited 1254
[21:41:18.578] START to_move 1
[21:41:18.590] STOP to_move 1 nodes_visited 217
[21:41:18.591] START to_move 2
[21:41:18.658] STOP to_move 2 nodes_visited 1119
[21:41:18.658] START to_move 1
[21:41:18.678] STOP to_move 1 nodes_visited 320
[21:41:18.678] START to_move 2
[21:41:18.738] STOP to_move 2 nodes_visited 971
[21:41:18.739] START to_move 1
[21:41:18.755] STOP to_move 1 nodes_visited 274
[21:41:18.755] START to_move 2
[21:41:18.817] STOP to_move 2 nodes_visited 1033
[21:41:18.818] START to_move 1
[21:41:18.838] STOP to_move 1 nodes_visited 329
[21:41:18.838] START to_move 2
[21:41:18.884] STOP to_move 2 nodes_visited 763
[21:41:18.884] START to_move 1
[21:41:18.897] STOP to_move 1 nodes_visited 214
[21:41:18.897] START to_move 2
[21:41:18.947] STOP to_move 2 nodes_visited 837
[21:41:18.948] START to_move 1
[21:41:18.968] STOP to_move 1 nodes_visited 332
[21:41:18.968] START to_move 2
[21:41:19.012] STOP to_move 2 nodes_visited 741
[21:41:19.012] START to_move 1
[21:41:19.025] STOP to_move 1 nodes_visited 214
[21:41:19.026] START to_move 2
[21:41:19.085] STOP to_move 2 nodes_visited 972
[21:41:19.085] START to_move 1
[21:41:19.105] STOP to_move 1 nodes_visited 321
[21:41:19.105] START to_move 2
[21:41:19.149] STOP to_move 2 nodes_visited 740
[21:41:19.150] START to_move 1
[21:41:19.162] STOP to_move 1 nodes_visited 216
[21:41:19.163] START to_move 2
[21:41:19.183] STOP to_move 2 nodes_visited 340
[21:41:19.183] START to_move 1
[21:41:19.201] STOP to_move 1 nodes_visited 307
[21:41:19.201] START to_move 2
[21:41:19.215] STOP to_move 2 nodes_visited 225
[21:41:19.215] START to_move 1
[21:41:19.226] STOP to_move 1 nodes_visited 183
[21:41:19.226] START to_move 2
[21:41:19.246] STOP to_move 2 nodes_visited 340
[21:41:19.246] START to_move 1
[21:41:19.265] STOP to_move 1 nodes_visited 307
[21:41:19.265] START to_move 2
[21:41:19.291] STOP to_move 2 nodes_visited 421
[21:41:19.291] START to_move 1
[21:41:19.302] STOP to_move 1 nodes_visited 183
[21:41:19.302] START to_move 2
[21:41:19.328] STOP to_move 2 nodes_visited 400
[21:41:19.328] START to_move 1
[21:41:19.347] STOP to_move 1 nodes_visited 307
[21:41:19.347] START to_move 2
[21:41:19.372] STOP to_move 2 nodes_visited 405
[21:41:19.372] START to_move 1
[21:41:19.384] STOP to_move 1 nodes_visited 209
[21:41:19.385] START to_move 2
[21:41:19.403] STOP to_move 2 nodes_visited 315
[21:41:19.404] START to_move 1
[21:41:19.422] STOP to_move 1 nodes_visited 305
[21:41:19.422] START to_move 2
[21:41:19.442] STOP to_move 2 nodes_visited 341
[21:41:19.442] START to_move 1
[21:41:19.454] STOP to_move 1 nodes_visited 197
[21:41:19.454] START to_move 2
[21:41:19.488] STOP to_move 2 nodes_visited 568
[21:41:19.489] START to_move 1
[21:41:19.501] STOP to_move 1 nodes_visited 199
[21:41:19.501] START to_move 2
[21:41:19.537] STOP to_move 2 nodes_visited 603
[21:41:19.537] START to_move 1
[21:41:19.549] STOP to_move 1 nodes_visited 190
[21:41:19.549] START to_move 2
[21:41:19.579] STOP to_move 2 nodes_visited 499
[21:41:19.579] START to_move 1
[21:41:19.590] STOP to_move 1 nodes_visited 187
[21:41:19.591] START to_move 2
[21:41:19.629] STOP to_move 2 nodes_visited 610
[21:41:19.629] START to_move 1
[21:41:19.647] STOP to_move 1 nodes_visited 304
[21:41:19.647] START to_move 2
[21:41:19.666] STOP to_move 2 nodes_visited 308
[21:41:19.666] START to_move 1
[21:41:19.673] STOP to_move 1 nodes_visited 125
[21:41:19.673] START to_move 2
[21:41:19.687] STOP to_move 2 nodes_visited 236
[21:41:19.687] START to_move 1
[21:41:19.695] STOP to_move 1 nodes_visited 127
[21:41:19.695] START to_move 2
[21:41:19.709] STOP to_move 2 nodes_visited 240
[21:41:19.709] START to_move 1
[21:41:19.716] STOP to_move 1 nodes_visited 117
[21:41:19.717] START to_move 2
[21:41:19.728] STOP to_move 2 nodes_visited 195
[21:41:19.728] START to_move 1
[21:41:19.734] STOP to_move 1 nodes_visited 103
[21:41:19.735] START to_move 2
[21:41:19.741] STOP to_move 2 nodes_visited 108
[21:41:19.741] START to_move 1
[21:41:19.749] STOP to_move 1 nodes_visited 122
[21:41:19.749] START to_move 2
[21:41:19.754] STOP to_move 2 nodes_visited 87
[21:41:19.754] START to_move 1
[21:41:19.761] STOP to_move 1 nodes_visited 118
[21:41:19.761] START to_move 2
[21:41:19.770] STOP to_move 2 nodes_visited 156
[21:41:19.770] START to_move 1
[21:41:19.777] STOP to_move 1 nodes_visited 109
[21:41:19.777] START to_move 2
[21:41:19.780] STOP to_move 2 nodes_visited 58
[21:41:19.780] END winner 2 - rounds 168
