[22:18:51.615] 1 - distance_function chebyshev - pruning True
[22:18:51.615] 2 - distance_function euclides - pruning True
[22:18:51.615] START to_move 1
[22:18:51.664] STOP to_move 1 nodes_visited 792
[22:18:51.665] START to_move 2
[22:18:51.744] STOP to_move 2 nodes_visited 1327
[22:18:51.745] START to_move 1
[22:18:51.931] STOP to_move 1 nodes_visited 2741
[22:18:51.933] START to_move 2
[22:18:52.005] STOP to_move 2 nodes_visited 1193
[22:18:52.005] START to_move 1
[22:18:52.199] STOP to_move 1 nodes_visited 2967
[22:18:52.201] START to_move 2
[22:18:52.270] STOP to_move 2 nodes_visited 1153
[22:18:52.271] START to_move 1
[22:18:52.330] STOP to_move 1 nodes_visited 962
[22:18:52.331] START to_move 2
[22:18:52.600] STOP to_move 2 nodes_visited 4408
[22:18:52.603] START to_move 1
[22:18:52.667] STOP to_move 1 nodes_visited 996
[22:18:52.667] START to_move 2
[22:18:52.856] STOP to_move 2 nodes_visited 3142
[22:18:52.858] START to_move 1
[22:18:53.062] STOP to_move 1 nodes_visited 3206
[22:18:53.064] START to_move 2
[22:18:53.212] STOP to_move 2 nodes_visited 2411
[22:18:53.214] START to_move 1
[22:18:53.240] STOP to_move 1 nodes_visited 433
[22:18:53.240] START to_move 2
[22:18:53.500] STOP to_move 2 nodes_visited 4235
[22:18:53.502] START to_move 1
[22:18:53.530] STOP to_move 1 nodes_visited 444
[22:18:53.530] START to_move 2
[22:18:53.794] STOP to_move 2 nodes_visited 4311
[22:18:53.796] START to_move 1
[22:18:53.823] STOP to_move 1 nodes_visited 447
[22:18:53.824] START to_move 2
[22:18:54.028] STOP to_move 2 nodes_visited 3335
[22:18:54.030] START to_move 1
[22:18:54.056] STOP to_move 1 nodes_visited 432
[22:18:54.057] START to_move 2
[22:18:54.185] STOP to_move 2 nodes_visited 2075
[22:18:54.186] START to_move 1
[22:18:54.219] STOP to_move 1 nodes_visited 501
[22:18:54.219] START to_move 2
[22:18:54.402] STOP to_move 2 nodes_visited 2973
[22:18:54.404] START to_move 1
[22:18:54.436] STOP to_move 1 nodes_visited 507
[22:18:54.436] START to_move 2
[22:18:54.616] STOP to_move 2 nodes_visited 2888
[22:18:54.618] START to_move 1
[22:18:54.648] STOP to_move 1 nodes_visited 489
[22:18:54.649] START to_move 2
[22:18:54.830] STOP to_move 2 nodes_visited 2885
[22:18:54.831] START to_move 1
[22:18:54.861] STOP to_move 1 nodes_visited 487
[22:18:54.861] START to_move 2
[22:18:55.049] STOP to_move 2 nodes_visited 2970
[22:18:55.051] START to_move 1
[22:18:55.079] STOP to_move 1 nodes_visited 475
[22:18:55.080] START to_move 2
[22:18:55.265] STOP to_move 2 nodes_visited 2980
[22:18:55.267] START to_move 1
[22:18:55.297] STOP to_move 1 nodes_visited 469
[22:18:55.297] START to_move 2
[22:18:55.475] STOP to_move 2 nodes_visited 2865
[22:18:55.476] START to_move 1
[22:18:55.504] STOP to_move 1 nodes_visited 474
[22:18:55.505] START to_move 2
[22:18:55.671] STOP to_move 2 nodes_visited 2663
[22:18:55.672] START to_move 1
[22:18:55.701] STOP to_move 1 nodes_visited 481
[22:18:55.702] START to_move 2
[22:18:55.793] STOP to_move 2 nodes_visited 1472
[22:18:55.794] START to_move 1
[22:18:55.894] STOP to_move 1 nodes_visited 1565
[22:18:55.895] START to_move 2
[22:18:56.133] STOP to_move 2 nodes_visited 3746
[22:18:56.135] START to_move 1
[22:18:56.219] STOP to_move 1 nodes_visited 1347
[22:18:56.220] START to_move 2
[22:18:56.387] STOP to_move 2 nodes_visited 2685
[22:18:56.389] START to_move 1
[22:18:56.475] STOP to_move 1 nodes_visited 1344
[22:18:56.476] START to_move 2
[22:18:56.541] STOP to_move 2 nodes_visited 1045
[22:18:56.542] START to_move 1
[22:18:56.611] STOP to_move 1 nodes_visited 1080
[22:18:56.612] START to_move 2
[22:18:56.749] STOP to_move 2 nodes_visited 2200
[22:18:56.750] START to_move 1
[22:18:56.821] STOP to_move 1 nodes_visited 1106
[22:18:56.822] START to_move 2
[22:18:56.945] STOP to_move 2 nodes_visited 1975
[22:18:56.946] START to_move 1
[22:18:57.014] STOP to_move 1 nodes_visited 1056
[22:18:57.015] START to_move 2
[22:18:57.124] STOP to_move 2 nodes_visited 1790
[22:18:57.125] START to_move 1
[22:18:57.149] STOP to_move 1 nodes_visited 394
[22:18:57.149] START to_move 2
[22:18:57.284] STOP to_move 2 nodes_visited 2172
[22:18:57.285] START to_move 1
[22:18:57.312] STOP to_move 1 nodes_visited 447
[22:18:57.313] START to_move 2
[22:18:57.454] STOP to_move 2 nodes_visited 2311
[22:18:57.456] START to_move 1
[22:18:57.484] STOP to_move 1 nodes_visited 438
[22:18:57.484] START to_move 2
[22:18:57.621] STOP to_move 2 nodes_visited 2218
[22:18:57.622] START to_move 1
[22:18:57.650] STOP to_move 1 nodes_visited 454
[22:18:57.650] START to_move 2
[22:18:57.775] STOP to_move 2 nodes_visited 1988
[22:18:57.776] START to_move 1
[22:18:57.831] STOP to_move 1 nodes_visited 889
[22:18:57.832] START to_move 2
[22:18:57.968] STOP to_move 2 nodes_visited 2224
[22:18:57.969] START to_move 1
[22:18:57.996] STOP to_move 1 nodes_visited 451
[22:18:57.996] START to_move 2
[22:18:58.219] STOP to_move 2 nodes_visited 3608
[22:18:58.221] START to_move 1
[22:18:58.248] STOP to_move 1 nodes_visited 440
[22:18:58.248] START to_move 2
[22:18:58.460] STOP to_move 2 nodes_visited 3436
[22:18:58.462] START to_move 1
[22:18:58.523] STOP to_move 1 nodes_visited 973
[22:18:58.523] START to_move 2
[22:18:58.743] STOP to_move 2 nodes_visited 3517
[22:18:58.745] START to_move 1
[22:18:58.808] STOP to_move 1 nodes_visited 970
[22:18:58.808] START to_move 2
[22:18:59.016] STOP to_move 2 nodes_visited 3348
[22:18:59.018] START to_move 1
[22:18:59.080] STOP to_move 1 nodes_visited 967
[22:18:59.080] START to_move 2
[22:18:59.321] STOP to_move 2 nodes_visited 3871
[22:18:59.323] START to_move 1
[22:18:59.384] STOP to_move 1 nodes_visited 958
[22:18:59.385] START to_move 2
[22:18:59.543] STOP to_move 2 nodes_visited 2581
[22:18:59.544] START to_move 1
[22:18:59.606] STOP to_move 1 nodes_visited 958
[22:18:59.607] START to_move 2
[22:18:59.764] STOP to_move 2 nodes_visited 2562
[22:18:59.766] START to_move 1
[22:18:59.825] STOP to_move 1 nodes_visited 946
[22:18:59.825] START to_move 2
[22:18:59.986] STOP to_move 2 nodes_visited 2570
[22:18:59.987] START to_move 1
[22:19:00.046] STOP to_move 1 nodes_visited 935
[22:19:00.046] START to_move 2
[22:19:00.283] STOP to_move 2 nodes_visited 3782
[22:19:00.285] START to_move 1
[22:19:00.321] STOP to_move 1 nodes_visited 586
[22:19:00.322] START to_move 2
[22:19:00.471] STOP to_move 2 nodes_visited 2407
[22:19:00.473] START to_move 1
[22:19:00.507] STOP to_move 1 nodes_visited 555
[22:19:00.507] START to_move 2
[22:19:00.555] STOP to_move 2 nodes_visited 802
[22:19:00.556] START to_move 1
[22:19:00.587] STOP to_move 1 nodes_visited 502
[22:19:00.587] START to_move 2
[22:19:00.632] STOP to_move 2 nodes_visited 743
[22:19:00.633] START to_move 1
[22:19:00.659] STOP to_move 1 nodes_visited 419
[22:19:00.659] START to_move 2
[22:19:00.775] STOP to_move 2 nodes_visited 1863
[22:19:00.776] START to_move 1
[22:19:00.800] STOP to_move 1 nodes_visited 408
[22:19:00.801] START to_move 2
[22:19:00.920] STOP to_move 2 nodes_visited 1952
[22:19:00.921] START to_move 1
[22:19:00.946] STOP to_move 1 nodes_visited 418
[22:19:00.946] START to_move 2
[22:19:01.067] STOP to_move 2 nodes_visited 1930
[22:19:01.068] START to_move 1
[22:19:01.101] STOP to_move 1 nodes_visited 559
[22:19:01.102] START to_move 2
[22:19:01.179] STOP to_move 2 nodes_visited 1271
[22:19:01.180] START to_move 1
[22:19:01.204] STOP to_move 1 nodes_visited 406
[22:19:01.205] START to_move 2
[22:19:01.377] STOP to_move 2 nodes_visited 2797
[22:19:01.378] START to_move 1
[22:19:01.403] STOP to_move 1 nodes_visited 410
[22:19:01.403] START to_move 2
[22:19:01.566] STOP to_move 2 nodes_visited 2617
[22:19:01.567] START to_move 1
[22:19:01.592] STOP to_move 1 nodes_visited 403
[22:19:01.592] START to_move 2
[22:19:01.752] STOP to_move 2 nodes_visited 2629
[22:19:01.753] START to_move 1
[22:19:01.780] STOP to_move 1 nodes_visited 411
[22:19:01.780] START to_move 2
[22:19:01.892] STOP to_move 2 nodes_visited 1813
[22:19:01.893] START to_move 1
[22:19:01.940] STOP to_move 1 nodes_visited 737
[22:19:01.941] START to_move 2
[22:19:02.073] STOP to_move 2 nodes_visited 2129
[22:19:02.074] START to_move 1
[22:19:02.118] STOP to_move 1 nodes_visited 707
[22:19:02.118] START to_move 2
[22:19:02.259] STOP to_move 2 nodes_visited 2288
[22:19:02.260] START to_move 1
[22:19:02.306] STOP to_move 1 nodes_visited 699
[22:19:02.306] START to_move 2
[22:19:02.428] STOP to_move 2 nodes_visited 1980
[22:19:02.429] START to_move 1
[22:19:02.474] STOP to_move 1 nodes_visited 713
[22:19:02.474] START to_move 2
[22:19:02.594] STOP to_move 2 nodes_visited 1925
[22:19:02.595] START to_move 1
[22:19:02.619] STOP to_move 1 nodes_visited 393
[22:19:02.619] START to_move 2
[22:19:02.744] STOP to_move 2 nodes_visited 2035
[22:19:02.745] START to_move 1
[22:19:02.790] STOP to_move 1 nodes_visited 726
[22:19:02.790] START to_move 2
[22:19:02.901] STOP to_move 2 nodes_visited 1793
[22:19:02.902] START to_move 1
[22:19:02.923] STOP to_move 1 nodes_visited 351
[22:19:02.924] START to_move 2
[22:19:03.027] STOP to_move 2 nodes_visited 1705
[22:19:03.028] START to_move 1
[22:19:03.049] STOP to_move 1 nodes_visited 362
[22:19:03.049] START to_move 2
[22:19:03.155] STOP to_move 2 nodes_visited 1715
[22:19:03.156] START to_move 1
[22:19:03.178] STOP to_move 1 nodes_visited 362
[22:19:03.178] START to_move 2
[22:19:03.295] STOP to_move 2 nodes_visited 1907
[22:19:03.296] START to_move 1
[22:19:03.320] STOP to_move 1 nodes_visited 380
[22:19:03.320] START to_move 2
[22:19:03.452] STOP to_move 2 nodes_visited 2081
[22:19:03.453] START to_move 1
[22:19:03.479] STOP to_move 1 nodes_visited 428
[22:19:03.479] START to_move 2
[22:19:03.615] STOP to_move 2 nodes_visited 2195
[22:19:03.616] START to_move 1
[22:19:03.640] STOP to_move 1 nodes_visited 399
[22:19:03.641] START to_move 2
[22:19:03.766] STOP to_move 2 nodes_visited 2021
[22:19:03.767] START to_move 1
[22:19:03.792] STOP to_move 1 nodes_visited 401
[22:19:03.792] START to_move 2
[22:19:03.915] STOP to_move 2 nodes_visited 2021
[22:19:03.916] START to_move 1
[22:19:03.941] STOP to_move 1 nodes_visited 392
[22:19:03.941] START to_move 2
[22:19:04.049] STOP to_move 2 nodes_visited 1777
[22:19:04.050] START to_move 1
[22:19:04.074] STOP to_move 1 nodes_visited 392
[22:19:04.074] START to_move 2
[22:19:04.182] STOP to_move 2 nodes_visited 1777
[22:19:04.183] START to_move 1
[22:19:04.240] STOP to_move 1 nodes_visited 889
[22:19:04.241] START to_move 2
[22:19:04.344] STOP to_move 2 nodes_visited 1714
[22:19:04.345] START to_move 1
[22:19:04.368] STOP to_move 1 nodes_visited 383
[22:19:04.368] START to_move 2
[22:19:04.470] STOP to_move 2 nodes_visited 1646
[22:19:04.471] START to_move 1
[22:19:04.494] STOP to_move 1 nodes_visited 387
[22:19:04.494] START to_move 2
[22:19:04.590] STOP to_move 2 nodes_visited 1606
[22:19:04.591] START to_move 1
[22:19:04.613] STOP to_move 1 nodes_visited 373
[22:19:04.613] START to_move 2
[22:19:04.708] STOP to_move 2 nodes_visited 1565
[22:19:04.709] START to_move 1
[22:19:04.730] STOP to_move 1 nodes_visited 362
[22:19:04.731] START to_move 2
[22:19:04.815] STOP to_move 2 nodes_visited 1385
[22:19:04.816] START to_move 1
[22:19:04.839] STOP to_move 1 nodes_visited 394
[22:19:04.840] START to_move 2
[22:19:04.926] STOP to_move 2 nodes_visited 1402
[22:19:04.926] START to_move 1
[22:19:04.949] STOP to_move 1 nodes_visited 375
[22:19:04.949] START to_move 2
[22:19:05.037] STOP to_move 2 nodes_visited 1402
[22:19:05.038] START to_move 1
[22:19:05.060] STOP to_move 1 nodes_visited 375
[22:19:05.061] START to_move 2
[22:19:05.138] STOP to_move 2 nodes_visited 1255
[22:19:05.139] START to_move 1
[22:19:05.161] STOP to_move 1 nodes_visited 377
[22:19:05.162] START to_move 2
[22:19:05.243] STOP to_move 2 nodes_visited 1327
[22:19:05.244] START to_move 1
[22:19:05.268] STOP to_move 1 nodes_visited 397
[22:19:05.269] START to_move 2
[22:19:05.344] STOP to_move 2 nodes_visited 1243
[22:19:05.345] START to_move 1
[22:19:05.370] STOP to_move 1 nodes_visited 410
[22:19:05.370] START to_move 2
[22:19:05.462] STOP to_move 2 nodes_visited 1532
[22:19:05.463] START to_move 1
[22:19:05.539] STOP to_move 1 nodes_visited 1209
[22:19:05.539] START to_move 2
[22:19:05.632] STOP to_move 2 nodes_visited 1521
[22:19:05.633] START to_move 1
[22:19:05.658] STOP to_move 1 nodes_visited 419
[22:19:05.658] START to_move 2
[22:19:05.742] STOP to_move 2 nodes_visited 1382
[22:19:05.742] START to_move 1
[22:19:05.768] STOP to_move 1 nodes_visited 419
[22:19:05.768] START to_move 2
[22:19:05.857] STOP to_move 2 nodes_visited 1457
[22:19:05.858] START to_move 1
[22:19:05.870] STOP to_move 1 nodes_visited 216
[22:19:05.871] START to_move 2
[22:19:05.953] STOP to_move 2 nodes_visited 1384
[22:19:05.954] START to_move 1
[22:19:05.966] STOP to_move 1 nodes_visited 222
[22:19:05.967] START to_move 2
[22:19:06.048] STOP to_move 2 nodes_visited 1366
[22:19:06.049] START to_move 1
[22:19:06.061] STOP to_move 1 nodes_visited 217
[22:19:06.061] START to_move 2
[22:19:06.139] STOP to_move 2 nodes_visited 1274
[22:19:06.140] START to_move 1
[22:19:06.152] STOP to_move 1 nodes_visited 209
[22:19:06.152] START to_move 2
[22:19:06.224] STOP to_move 2 nodes_visited 1197
[22:19:06.224] START to_move 1
[22:19:06.236] STOP to_move 1 nodes_visited 209
[22:19:06.236] START to_move 2
[22:19:06.250] STOP to_move 2 nodes_visited 238
[22:19:06.250] START to_move 1
[22:19:06.262] STOP to_move 1 nodes_visited 210
[22:19:06.263] START to_move 2
[22:19:06.277] STOP to_move 2 nodes_visited 240
[22:19:06.277] START to_move 1
[22:19:06.288] STOP to_move 1 nodes_visited 208
[22:19:06.289] START to_move 2
[22:19:06.302] STOP to_move 2 nodes_visited 235
[22:19:06.302] START to_move 1
[22:19:06.314] STOP to_move 1 nodes_visited 208
[22:19:06.315] START to_move 2
[22:19:06.328] STOP to_move 2 nodes_visited 235
[22:19:06.329] START to_move 1
[22:19:06.339] STOP to_move 1 nodes_visited 184
[22:19:06.339] START to_move 2
[22:19:06.364] STOP to_move 2 nodes_visited 423
[22:19:06.365] START to_move 1
[22:19:06.383] STOP to_move 1 nodes_visited 303
[22:19:06.383] START to_move 2
[22:19:06.412] STOP to_move 2 nodes_visited 468
[22:19:06.412] START to_move 1
[22:19:06.446] STOP to_move 1 nodes_visited 553
[22:19:06.446] START to_move 2
[22:19:06.470] STOP to_move 2 nodes_visited 406
[22:19:06.471] START to_move 1
[22:19:06.488] STOP to_move 1 nodes_visited 297
[22:19:06.488] START to_move 2
[22:19:06.507] STOP to_move 2 nodes_visited 319
[22:19:06.507] START to_move 1
[22:19:06.517] STOP to_move 1 nodes_visited 176
[22:19:06.518] START to_move 2
[22:19:06.537] STOP to_move 2 nodes_visited 331
[22:19:06.538] START to_move 1
[22:19:06.548] STOP to_move 1 nodes_visited 184
[22:19:06.548] START to_move 2
[22:19:06.569] STOP to_move 2 nodes_visited 345
[22:19:06.569] START to_move 1
[22:19:06.580] STOP to_move 1 nodes_visited 188
[22:19:06.580] START to_move 2
[22:19:06.602] STOP to_move 2 nodes_visited 364
[22:19:06.602] START to_move 1
[22:19:06.627] STOP to_move 1 nodes_visited 407
[22:19:06.627] START to_move 2
[22:19:06.658] STOP to_move 2 nodes_visited 517
[22:19:06.658] START to_move 1
[22:19:06.670] STOP to_move 1 nodes_visited 190
[22:19:06.670] START to_move 2
[22:19:06.692] STOP to_move 2 nodes_visited 391
[22:19:06.693] START to_move 1
[22:19:06.706] STOP to_move 1 nodes_visited 200
[22:19:06.706] START to_move 2
[22:19:06.735] STOP to_move 2 nodes_visited 483
[22:19:06.735] START to_move 1
[22:19:06.746] STOP to_move 1 nodes_visited 193
[22:19:06.747] START to_move 2
[22:19:06.761] STOP to_move 2 nodes_visited 247
[22:19:06.761] START to_move 1
[22:19:06.771] STOP to_move 1 nodes_visited 161
[22:19:06.771] START to_move 2
[22:19:06.795] STOP to_move 2 nodes_visited 406
[22:19:06.795] START to_move 1
[22:19:06.804] STOP to_move 1 nodes_visited 165
[22:19:06.805] START to_move 2
[22:19:06.827] STOP to_move 2 nodes_visited 379
[22:19:06.827] START to_move 1
[22:19:06.837] STOP to_move 1 nodes_visited 171
[22:19:06.837] START to_move 2
[22:19:06.868] STOP to_move 2 nodes_visited 521
[22:19:06.868] START to_move 1
[22:19:06.877] STOP to_move 1 nodes_visited 157
[22:19:06.878] START to_move 2
[22:19:06.900] STOP to_move 2 nodes_visited 379
[22:19:06.900] START to_move 1
[22:19:06.910] STOP to_move 1 nodes_visited 165
[22:19:06.910] START to_move 2
[22:19:06.941] STOP to_move 2 nodes_visited 521
[22:19:06.941] START to_move 1
[22:19:06.950] STOP to_move 1 nodes_visited 157
[22:19:06.951] START to_move 2
[22:19:06.957] STOP to_move 2 nodes_visited 113
[22:19:06.957] START to_move 1
[22:19:06.968] STOP to_move 1 nodes_visited 192
[22:19:06.968] START to_move 2
[22:19:06.976] STOP to_move 2 nodes_visited 125
[22:19:06.976] START to_move 1
[22:19:06.999] STOP to_move 1 nodes_visited 375
[22:19:06.999] START to_move 2
[22:19:07.017] STOP to_move 2 nodes_visited 288
[22:19:07.018] START to_move 1
[22:19:07.027] STOP to_move 1 nodes_visited 166
[22:19:07.027] START to_move 2
[22:19:07.040] STOP to_move 2 nodes_visited 220
[22:19:07.040] START to_move 1
[22:19:07.048] STOP to_move 1 nodes_visited 136
[22:19:07.048] START to_move 2
[22:19:07.064] STOP to_move 2 nodes_visited 264
[22:19:07.064] START to_move 1
[22:19:07.072] STOP to_move 1 nodes_visited 139
[22:19:07.072] START to_move 2
[22:19:07.091] STOP to_move 2 nodes_visited 318
[22:19:07.091] START to_move 1
[22:19:07.098] STOP to_move 1 nodes_visited 126
[22:19:07.098] START to_move 2
[22:19:07.103] STOP to_move 2 nodes_visited 82
[22:19:07.103] START to_move 1
[22:19:07.109] STOP to_move 1 nodes_visited 111
[22:19:07.110] START to_move 2
[22:19:07.114] STOP to_move 2 nodes_visited 73
[22:19:07.114] END winner 2 - rounds 220
