[21:34:57.600] 1 - distance_function chebyshev - pruning True
[21:34:57.600] 2 - distance_function euclides - pruning True
[21:34:57.600] START to_move 1
[21:34:57.784] STOP to_move 1 nodes_visited 2858
[21:34:57.786] START to_move 2
[21:34:58.041] STOP to_move 2 nodes_visited 3974
[21:34:58.043] START to_move 1
[21:34:58.192] STOP to_move 1 nodes_visited 2379
[21:34:58.193] START to_move 2
[21:34:58.408] STOP to_move 2 nodes_visited 3473
[21:34:58.410] START to_move 1
[21:34:58.557] STOP to_move 1 nodes_visited 2380
[21:34:58.558] START to_move 2
[21:34:58.814] STOP to_move 2 nodes_visited 4146
[21:34:58.816] START to_move 1
[21:34:58.968] STOP to_move 1 nodes_visited 2417
[21:34:58.970] START to_move 2
[21:34:59.242] STOP to_move 2 nodes_visited 4345
[21:34:59.245] START to_move 1
[21:34:59.396] STOP to_move 1 nodes_visited 2391
[21:34:59.397] START to_move 2
[21:34:59.736] STOP to_move 2 nodes_visited 5350
[21:34:59.739] START to_move 1
[21:34:59.783] STOP to_move 1 nodes_visited 716
[21:34:59.784] START to_move 2
[21:35:00.286] STOP to_move 2 nodes_visited 7477
[21:35:00.291] START to_move 1
[21:35:00.334] STOP to_move 1 nodes_visited 713
[21:35:00.335] START to_move 2
[21:35:00.442] STOP to_move 2 nodes_visited 1739
[21:35:00.442] START to_move 1
[21:35:00.499] STOP to_move 1 nodes_visited 900
[21:35:00.500] START to_move 2
[21:35:00.688] STOP to_move 2 nodes_visited 3059
[21:35:00.690] START to_move 1
[21:35:00.838] STOP to_move 1 nodes_visited 2348
[21:35:00.840] START to_move 2
[21:35:01.189] STOP to_move 2 nodes_visited 5572
[21:35:01.192] START to_move 1
[21:35:01.306] STOP to_move 1 nodes_visited 1801
[21:35:01.307] START to_move 2
[21:35:01.474] STOP to_move 2 nodes_visited 2736
[21:35:01.476] START to_move 1
[21:35:01.634] STOP to_move 1 nodes_visited 2527
[21:35:01.636] START to_move 2
[21:35:01.867] STOP to_move 2 nodes_visited 3692
[21:35:01.869] START to_move 1
[21:35:01.978] STOP to_move 1 nodes_visited 1760
[21:35:01.979] START to_move 2
[21:35:02.509] STOP to_move 2 nodes_visited 8335
[21:35:02.515] START to_move 1
[21:35:02.543] STOP to_move 1 nodes_visited 468
[21:35:02.543] START to_move 2
[21:35:03.032] STOP to_move 2 nodes_visited 7691
[21:35:03.037] START to_move 1
[21:35:03.065] STOP to_move 1 nodes_visited 460
[21:35:03.065] START to_move 2
[21:35:03.091] STOP to_move 2 nodes_visited 436
[21:35:03.091] START to_move 1
[21:35:03.118] STOP to_move 1 nodes_visited 451
[21:35:03.119] START to_move 2
[21:35:03.146] STOP to_move 2 nodes_visited 445
[21:35:03.146] START to_move 1
[21:35:03.173] STOP to_move 1 nodes_visited 444
[21:35:03.173] START to_move 2
[21:35:03.520] STOP to_move 2 nodes_visited 5571
[21:35:03.524] START to_move 1
[21:35:03.551] STOP to_move 1 nodes_visited 441
[21:35:03.551] START to_move 2
[21:35:03.951] STOP to_move 2 nodes_visited 6290
[21:35:03.955] START to_move 1
[21:35:03.982] STOP to_move 1 nodes_visited 446
[21:35:03.982] START to_move 2
[21:35:04.100] STOP to_move 2 nodes_visited 1947
[21:35:04.101] START to_move 1
[21:35:04.136] STOP to_move 1 nodes_visited 580
[21:35:04.137] START to_move 2
[21:35:04.498] STOP to_move 2 nodes_visited 5747
[21:35:04.501] START to_move 1
[21:35:04.536] STOP to_move 1 nodes_visited 569
[21:35:04.536] START to_move 2
[21:35:04.562] STOP to_move 2 nodes_visited 448
[21:35:04.563] START to_move 1
[21:35:04.601] STOP to_move 1 nodes_visited 632
[21:35:04.601] START to_move 2
[21:35:04.639] STOP to_move 2 nodes_visited 641
[21:35:04.640] START to_move 1
[21:35:04.693] STOP to_move 1 nodes_visited 868
[21:35:04.693] START to_move 2
[21:35:04.728] STOP to_move 2 nodes_visited 602
[21:35:04.729] START to_move 1
[21:35:04.769] STOP to_move 1 nodes_visited 631
[21:35:04.769] START to_move 2
[21:35:04.971] STOP to_move 2 nodes_visited 3293
[21:35:04.973] START to_move 1
[21:35:05.012] STOP to_move 1 nodes_visited 622
[21:35:05.013] START to_move 2
[21:35:05.149] STOP to_move 2 nodes_visited 2243
[21:35:05.150] START to_move 1
[21:35:05.187] STOP to_move 1 nodes_visited 596
[21:35:05.187] START to_move 2
[21:35:05.555] STOP to_move 2 nodes_visited 5803
[21:35:05.558] START to_move 1
[21:35:05.595] STOP to_move 1 nodes_visited 595
[21:35:05.595] START to_move 2
[21:35:05.701] STOP to_move 2 nodes_visited 1738
[21:35:05.702] START to_move 1
[21:35:05.738] STOP to_move 1 nodes_visited 596
[21:35:05.739] START to_move 2
[21:35:05.785] STOP to_move 2 nodes_visited 788
[21:35:05.786] START to_move 1
[21:35:05.825] STOP to_move 1 nodes_visited 608
[21:35:05.825] START to_move 2
[21:35:05.867] STOP to_move 2 nodes_visited 722
[21:35:05.868] START to_move 1
[21:35:05.887] STOP to_move 1 nodes_visited 323
[21:35:05.887] START to_move 2
[21:35:05.925] STOP to_move 2 nodes_visited 641
[21:35:05.925] START to_move 1
[21:35:06.008] STOP to_move 1 nodes_visited 1332
[21:35:06.008] START to_move 2
[21:35:06.058] STOP to_move 2 nodes_visited 847
[21:35:06.059] START to_move 1
[21:35:06.078] STOP to_move 1 nodes_visited 330
[21:35:06.078] START to_move 2
[21:35:06.122] STOP to_move 2 nodes_visited 715
[21:35:06.122] START to_move 1
[21:35:06.141] STOP to_move 1 nodes_visited 326
[21:35:06.142] START to_move 2
[21:35:06.183] STOP to_move 2 nodes_visited 705
[21:35:06.184] START to_move 1
[21:35:06.239] STOP to_move 1 nodes_visited 896
[21:35:06.240] START to_move 2
[21:35:06.377] STOP to_move 2 nodes_visited 2196
[21:35:06.378] START to_move 1
[21:35:06.396] STOP to_move 1 nodes_visited 313
[21:35:06.397] START to_move 2
[21:35:06.542] STOP to_move 2 nodes_visited 2390
[21:35:06.543] START to_move 1
[21:35:06.562] STOP to_move 1 nodes_visited 310
[21:35:06.562] START to_move 2
[21:35:06.721] STOP to_move 2 nodes_visited 2572
[21:35:06.722] START to_move 1
[21:35:06.740] STOP to_move 1 nodes_visited 299
[21:35:06.740] START to_move 2
[21:35:06.786] STOP to_move 2 nodes_visited 783
[21:35:06.787] START to_move 1
[21:35:06.804] STOP to_move 1 nodes_visited 297
[21:35:06.805] START to_move 2
[21:35:06.848] STOP to_move 2 nodes_visited 734
[21:35:06.849] START to_move 1
[21:35:06.915] STOP to_move 1 nodes_visited 1064
[21:35:06.916] START to_move 2
[21:35:06.960] STOP to_move 2 nodes_visited 722
[21:35:06.960] START to_move 1
[21:35:06.979] STOP to_move 1 nodes_visited 314
[21:35:06.979] START to_move 2
[21:35:07.134] STOP to_move 2 nodes_visited 2548
[21:35:07.135] START to_move 1
[21:35:07.154] STOP to_move 1 nodes_visited 317
[21:35:07.154] START to_move 2
[21:35:07.325] STOP to_move 2 nodes_visited 2760
[21:35:07.327] START to_move 1
[21:35:07.345] STOP to_move 1 nodes_visited 311
[21:35:07.346] START to_move 2
[21:35:07.391] STOP to_move 2 nodes_visited 754
[21:35:07.391] START to_move 1
[21:35:07.409] STOP to_move 1 nodes_visited 301
[21:35:07.409] START to_move 2
[21:35:07.447] STOP to_move 2 nodes_visited 654
[21:35:07.448] START to_move 1
[21:35:07.467] STOP to_move 1 nodes_visited 293
[21:35:07.467] START to_move 2
[21:35:07.654] STOP to_move 2 nodes_visited 3037
[21:35:07.656] START to_move 1
[21:35:07.674] STOP to_move 1 nodes_visited 303
[21:35:07.674] START to_move 2
[21:35:07.860] STOP to_move 2 nodes_visited 3007
[21:35:07.861] START to_move 1
[21:35:07.914] STOP to_move 1 nodes_visited 855
[21:35:07.915] START to_move 2
[21:35:08.098] STOP to_move 2 nodes_visited 2956
[21:35:08.100] START to_move 1
[21:35:08.142] STOP to_move 1 nodes_visited 676
[21:35:08.142] START to_move 2
[21:35:08.205] STOP to_move 2 nodes_visited 1042
[21:35:08.206] START to_move 1
[21:35:08.256] STOP to_move 1 nodes_visited 820
[21:35:08.257] START to_move 2
[21:35:08.312] STOP to_move 2 nodes_visited 886
[21:35:08.312] START to_move 1
[21:35:08.370] STOP to_move 1 nodes_visited 928
[21:35:08.370] START to_move 2
[21:35:08.426] STOP to_move 2 nodes_visited 920
[21:35:08.426] START to_move 1
[21:35:08.444] STOP to_move 1 nodes_visited 307
[21:35:08.445] START to_move 2
[21:35:08.523] STOP to_move 2 nodes_visited 1303
[21:35:08.524] START to_move 1
[21:35:08.615] STOP to_move 1 nodes_visited 1448
[21:35:08.616] START to_move 2
[21:35:08.683] STOP to_move 2 nodes_visited 1117
[21:35:08.684] START to_move 1
[21:35:08.703] STOP to_move 1 nodes_visited 316
[21:35:08.703] START to_move 2
[21:35:08.757] STOP to_move 2 nodes_visited 911
[21:35:08.758] START to_move 1
[21:35:08.776] STOP to_move 1 nodes_visited 309
[21:35:08.776] START to_move 2
[21:35:08.829] STOP to_move 2 nodes_visited 855
[21:35:08.829] START to_move 1
[21:35:08.848] STOP to_move 1 nodes_visited 308
[21:35:08.848] START to_move 2
[21:35:08.901] STOP to_move 2 nodes_visited 892
[21:35:08.902] START to_move 1
[21:35:08.920] STOP to_move 1 nodes_visited 305
[21:35:08.920] START to_move 2
[21:35:08.961] STOP to_move 2 nodes_visited 701
[21:35:08.962] START to_move 1
[21:35:08.980] STOP to_move 1 nodes_visited 312
[21:35:08.980] START to_move 2
[21:35:09.231] STOP to_move 2 nodes_visited 3969
[21:35:09.233] START to_move 1
[21:35:09.250] STOP to_move 1 nodes_visited 304
[21:35:09.251] START to_move 2
[21:35:09.293] STOP to_move 2 nodes_visited 715
[21:35:09.294] START to_move 1
[21:35:09.311] STOP to_move 1 nodes_visited 302
[21:35:09.312] START to_move 2
[21:35:09.575] STOP to_move 2 nodes_visited 4240
[21:35:09.577] START to_move 1
[21:35:09.595] STOP to_move 1 nodes_visited 306
[21:35:09.596] START to_move 2
[21:35:09.872] STOP to_move 2 nodes_visited 4439
[21:35:09.874] START to_move 1
[21:35:09.893] STOP to_move 1 nodes_visited 298
[21:35:09.894] START to_move 2
[21:35:10.158] STOP to_move 2 nodes_visited 4229
[21:35:10.160] START to_move 1
[21:35:10.221] STOP to_move 1 nodes_visited 967
[21:35:10.222] START to_move 2
[21:35:10.454] STOP to_move 2 nodes_visited 3698
[21:35:10.456] START to_move 1
[21:35:10.474] STOP to_move 1 nodes_visited 286
[21:35:10.474] START to_move 2
[21:35:10.727] STOP to_move 2 nodes_visited 3982
[21:35:10.729] START to_move 1
[21:35:10.745] STOP to_move 1 nodes_visited 277
[21:35:10.746] START to_move 2
[21:35:10.850] STOP to_move 2 nodes_visited 1701
[21:35:10.851] START to_move 1
[21:35:10.868] STOP to_move 1 nodes_visited 277
[21:35:10.868] START to_move 2
[21:35:11.100] STOP to_move 2 nodes_visited 3758
[21:35:11.103] START to_move 1
[21:35:11.119] STOP to_move 1 nodes_visited 281
[21:35:11.120] START to_move 2
[21:35:11.366] STOP to_move 2 nodes_visited 3911
[21:35:11.369] START to_move 1
[21:35:11.386] STOP to_move 1 nodes_visited 281
[21:35:11.386] START to_move 2
[21:35:11.621] STOP to_move 2 nodes_visited 3796
[21:35:11.623] START to_move 1
[21:35:11.669] STOP to_move 1 nodes_visited 755
[21:35:11.670] START to_move 2
[21:35:11.879] STOP to_move 2 nodes_visited 3386
[21:35:11.881] START to_move 1
[21:35:11.898] STOP to_move 1 nodes_visited 274
[21:35:11.898] START to_move 2
[21:35:12.103] STOP to_move 2 nodes_visited 3315
[21:35:12.105] START to_move 1
[21:35:12.155] STOP to_move 1 nodes_visited 817
[21:35:12.156] START to_move 2
[21:35:12.316] STOP to_move 2 nodes_visited 2525
[21:35:12.317] START to_move 1
[21:35:12.333] STOP to_move 1 nodes_visited 271
[21:35:12.333] START to_move 2
[21:35:12.540] STOP to_move 2 nodes_visited 3345
[21:35:12.542] START to_move 1
[21:35:12.559] STOP to_move 1 nodes_visited 263
[21:35:12.559] START to_move 2
[21:35:12.739] STOP to_move 2 nodes_visited 2904
[21:35:12.740] START to_move 1
[21:35:12.777] STOP to_move 1 nodes_visited 601
[21:35:12.777] START to_move 2
[21:35:12.882] STOP to_move 2 nodes_visited 1690
[21:35:12.883] START to_move 1
[21:35:12.899] STOP to_move 1 nodes_visited 278
[21:35:12.899] START to_move 2
[21:35:13.066] STOP to_move 2 nodes_visited 2733
[21:35:13.067] START to_move 1
[21:35:13.108] STOP to_move 1 nodes_visited 653
[21:35:13.109] START to_move 2
[21:35:13.153] STOP to_move 2 nodes_visited 741
[21:35:13.153] START to_move 1
[21:35:13.175] STOP to_move 1 nodes_visited 358
[21:35:13.175] START to_move 2
[21:35:13.266] STOP to_move 2 nodes_visited 1483
[21:35:13.267] START to_move 1
[21:35:13.288] STOP to_move 1 nodes_visited 351
[21:35:13.288] START to_move 2
[21:35:13.379] STOP to_move 2 nodes_visited 1450
[21:35:13.379] START to_move 1
[21:35:13.398] STOP to_move 1 nodes_visited 301
[21:35:13.398] START to_move 2
[21:35:13.487] STOP to_move 2 nodes_visited 1455
[21:35:13.487] START to_move 1
[21:35:13.509] STOP to_move 1 nodes_visited 349
[21:35:13.509] START to_move 2
[21:35:13.598] STOP to_move 2 nodes_visited 1475
[21:35:13.599] START to_move 1
[21:35:13.621] STOP to_move 1 nodes_visited 351
[21:35:13.621] START to_move 2
[21:35:13.714] STOP to_move 2 nodes_visited 1513
[21:35:13.715] START to_move 1
[21:35:13.736] STOP to_move 1 nodes_visited 340
[21:35:13.736] START to_move 2
[21:35:13.823] STOP to_move 2 nodes_visited 1421
[21:35:13.823] START to_move 1
[21:35:13.844] STOP to_move 1 nodes_visited 341
[21:35:13.845] START to_move 2
[21:35:13.935] STOP to_move 2 nodes_visited 1449
[21:35:13.936] START to_move 1
[21:35:13.957] STOP to_move 1 nodes_visited 338
[21:35:13.957] START to_move 2
[21:35:14.082] STOP to_move 2 nodes_visited 2029
[21:35:14.083] START to_move 1
[21:35:14.105] STOP to_move 1 nodes_visited 346
[21:35:14.105] START to_move 2
[21:35:14.336] STOP to_move 2 nodes_visited 3622
[21:35:14.338] START to_move 1
[21:35:14.359] STOP to_move 1 nodes_visited 351
[21:35:14.359] START to_move 2
[21:35:14.587] STOP to_move 2 nodes_visited 3571
[21:35:14.589] START to_move 1
[21:35:14.629] STOP to_move 1 nodes_visited 624
[21:35:14.629] START to_move 2
[21:35:14.808] STOP to_move 2 nodes_visited 2831
[21:35:14.810] START to_move 1
[21:35:14.831] STOP to_move 1 nodes_visited 351
[21:35:14.831] START to_move 2
[21:35:15.005] STOP to_move 2 nodes_visited 2802
[21:35:15.006] START to_move 1
[21:35:15.029] STOP to_move 1 nodes_visited 342
[21:35:15.029] START to_move 2
[21:35:15.209] STOP to_move 2 nodes_visited 2915
[21:35:15.211] START to_move 1
[21:35:15.232] STOP to_move 1 nodes_visited 336
[21:35:15.232] START to_move 2
[21:35:15.421] STOP to_move 2 nodes_visited 3002
[21:35:15.422] START to_move 1
[21:35:15.443] STOP to_move 1 nodes_visited 336
[21:35:15.443] START to_move 2
[21:35:15.632] STOP to_move 2 nodes_visited 3050
[21:35:15.634] START to_move 1
[21:35:15.653] STOP to_move 1 nodes_visited 322
[21:35:15.653] START to_move 2
[21:35:15.831] STOP to_move 2 nodes_visited 2854
[21:35:15.832] START to_move 1
[21:35:15.852] STOP to_move 1 nodes_visited 326
[21:35:15.852] START to_move 2
[21:35:16.022] STOP to_move 2 nodes_visited 2786
[21:35:16.023] START to_move 1
[21:35:16.043] STOP to_move 1 nodes_visited 329
[21:35:16.043] START to_move 2
[21:35:16.221] STOP to_move 2 nodes_visited 2905
[21:35:16.223] START to_move 1
[21:35:16.244] STOP to_move 1 nodes_visited 345
[21:35:16.244] START to_move 2
[21:35:16.459] STOP to_move 2 nodes_visited 3397
[21:35:16.461] START to_move 1
[21:35:16.482] STOP to_move 1 nodes_visited 347
[21:35:16.482] START to_move 2
[21:35:16.651] STOP to_move 2 nodes_visited 2676
[21:35:16.652] START to_move 1
[21:35:16.673] STOP to_move 1 nodes_visited 349
[21:35:16.674] START to_move 2
[21:35:16.831] STOP to_move 2 nodes_visited 2535
[21:35:16.832] START to_move 1
[21:35:16.854] STOP to_move 1 nodes_visited 343
[21:35:16.854] START to_move 2
[21:35:16.952] STOP to_move 2 nodes_visited 1601
[21:35:16.953] START to_move 1
[21:35:16.974] STOP to_move 1 nodes_visited 333
[21:35:16.974] START to_move 2
[21:35:17.098] STOP to_move 2 nodes_visited 2052
[21:35:17.099] START to_move 1
[21:35:17.130] STOP to_move 1 nodes_visited 475
[21:35:17.131] START to_move 2
[21:35:17.246] STOP to_move 2 nodes_visited 1871
[21:35:17.247] START to_move 1
[21:35:17.273] STOP to_move 1 nodes_visited 401
[21:35:17.274] START to_move 2
[21:35:17.392] STOP to_move 2 nodes_visited 1936
[21:35:17.393] START to_move 1
[21:35:17.412] STOP to_move 1 nodes_visited 310
[21:35:17.412] START to_move 2
[21:35:17.527] STOP to_move 2 nodes_visited 1860
[21:35:17.528] START to_move 1
[21:35:17.543] STOP to_move 1 nodes_visited 249
[21:35:17.543] START to_move 2
[21:35:17.664] STOP to_move 2 nodes_visited 2007
[21:35:17.665] START to_move 1
[21:35:17.688] STOP to_move 1 nodes_visited 342
[21:35:17.689] START to_move 2
[21:35:17.816] STOP to_move 2 nodes_visited 2102
[21:35:17.818] START to_move 1
[21:35:17.832] STOP to_move 1 nodes_visited 245
[21:35:17.832] START to_move 2
[21:35:17.954] STOP to_move 2 nodes_visited 1964
[21:35:17.955] START to_move 1
[21:35:17.986] STOP to_move 1 nodes_visited 481
[21:35:17.987] START to_move 2
[21:35:18.109] STOP to_move 2 nodes_visited 2020
[21:35:18.110] START to_move 1
[21:35:18.124] STOP to_move 1 nodes_visited 226
[21:35:18.124] START to_move 2
[21:35:18.223] STOP to_move 2 nodes_visited 1587
[21:35:18.224] START to_move 1
[21:35:18.236] STOP to_move 1 nodes_visited 223
[21:35:18.237] START to_move 2
[21:35:18.336] STOP to_move 2 nodes_visited 1648
[21:35:18.337] START to_move 1
[21:35:18.349] STOP to_move 1 nodes_visited 203
[21:35:18.349] START to_move 2
[21:35:18.428] STOP to_move 2 nodes_visited 1297
[21:35:18.429] START to_move 1
[21:35:18.440] STOP to_move 1 nodes_visited 197
[21:35:18.441] START to_move 2
[21:35:18.513] STOP to_move 2 nodes_visited 1164
[21:35:18.514] START to_move 1
[21:35:18.525] STOP to_move 1 nodes_visited 194
[21:35:18.526] START to_move 2
[21:35:18.588] STOP to_move 2 nodes_visited 1037
[21:35:18.589] START to_move 1
[21:35:18.600] STOP to_move 1 nodes_visited 188
[21:35:18.600] START to_move 2
[21:35:18.666] STOP to_move 2 nodes_visited 1087
[21:35:18.666] START to_move 1
[21:35:18.689] STOP to_move 1 nodes_visited 365
[21:35:18.690] START to_move 2
[21:35:18.753] STOP to_move 2 nodes_visited 1040
[21:35:18.753] START to_move 1
[21:35:18.778] STOP to_move 1 nodes_visited 365
[21:35:18.778] START to_move 2
[21:35:18.841] STOP to_move 2 nodes_visited 1040
[21:35:18.842] START to_move 1
[21:35:18.864] STOP to_move 1 nodes_visited 349
[21:35:18.864] START to_move 2
[21:35:18.928] STOP to_move 2 nodes_visited 1052
[21:35:18.929] START to_move 1
[21:35:18.950] STOP to_move 1 nodes_visited 349
[21:35:18.951] START to_move 2
[21:35:19.015] STOP to_move 2 nodes_visited 1052
[21:35:19.015] START to_move 1
[21:35:19.037] STOP to_move 1 nodes_visited 349
[21:35:19.038] START to_move 2
[21:35:19.104] STOP to_move 2 nodes_visited 1077
[21:35:19.105] START to_move 1
[21:35:19.116] STOP to_move 1 nodes_visited 179
[21:35:19.116] START to_move 2
[21:35:19.182] STOP to_move 2 nodes_visited 1091
[21:35:19.182] START to_move 1
[21:35:19.194] STOP to_move 1 nodes_visited 202
[21:35:19.194] START to_move 2
[21:35:19.279] STOP to_move 2 nodes_visited 1389
[21:35:19.279] START to_move 1
[21:35:19.290] STOP to_move 1 nodes_visited 181
[21:35:19.290] START to_move 2
[21:35:19.346] STOP to_move 2 nodes_visited 901
[21:35:19.347] START to_move 1
[21:35:19.358] STOP to_move 1 nodes_visited 190
[21:35:19.358] START to_move 2
[21:35:19.416] STOP to_move 2 nodes_visited 959
[21:35:19.416] START to_move 1
[21:35:19.426] STOP to_move 1 nodes_visited 167
[21:35:19.426] START to_move 2
[21:35:19.477] STOP to_move 2 nodes_visited 854
[21:35:19.478] START to_move 1
[21:35:19.488] STOP to_move 1 nodes_visited 169
[21:35:19.488] START to_move 2
[21:35:19.528] STOP to_move 2 nodes_visited 666
[21:35:19.529] START to_move 1
[21:35:19.538] STOP to_move 1 nodes_visited 160
[21:35:19.538] START to_move 2
[21:35:19.558] STOP to_move 2 nodes_visited 334
[21:35:19.558] START to_move 1
[21:35:19.568] STOP to_move 1 nodes_visited 160
[21:35:19.568] START to_move 2
[21:35:19.584] STOP to_move 2 nodes_visited 273
[21:35:19.584] START to_move 1
[21:35:19.593] STOP to_move 1 nodes_visited 158
[21:35:19.593] START to_move 2
[21:35:19.608] STOP to_move 2 nodes_visited 255
[21:35:19.608] START to_move 1
[21:35:19.617] STOP to_move 1 nodes_visited 156
[21:35:19.617] START to_move 2
[21:35:19.635] STOP to_move 2 nodes_visited 273
[21:35:19.635] START to_move 1
[21:35:19.643] STOP to_move 1 nodes_visited 143
[21:35:19.644] START to_move 2
[21:35:19.659] STOP to_move 2 nodes_visited 255
[21:35:19.659] START to_move 1
[21:35:19.668] STOP to_move 1 nodes_visited 150
[21:35:19.668] START to_move 2
[21:35:19.690] STOP to_move 2 nodes_visited 381
[21:35:19.691] START to_move 1
[21:35:19.699] STOP to_move 1 nodes_visited 153
[21:35:19.700] START to_move 2
[21:35:19.721] STOP to_move 2 nodes_visited 363
[21:35:19.722] START to_move 1
[21:35:19.730] STOP to_move 1 nodes_visited 154
[21:35:19.731] START to_move 2
[21:35:19.753] STOP to_move 2 nodes_visited 381
[21:35:19.753] START to_move 1
[21:35:19.762] STOP to_move 1 nodes_visited 148
[21:35:19.762] START to_move 2
[21:35:19.784] STOP to_move 2 nodes_visited 369
[21:35:19.784] START to_move 1
[21:35:19.793] STOP to_move 1 nodes_visited 145
[21:35:19.793] START to_move 2
[21:35:19.816] STOP to_move 2 nodes_visited 381
[21:35:19.816] START to_move 1
[21:35:19.825] STOP to_move 1 nodes_visited 144
[21:35:19.825] START to_move 2
[21:35:19.847] STOP to_move 2 nodes_visited 378
[21:35:19.847] START to_move 1
[21:35:19.856] STOP to_move 1 nodes_visited 153
[21:35:19.856] START to_move 2
[21:35:19.875] STOP to_move 2 nodes_visited 311
[21:35:19.875] START to_move 1
[21:35:19.884] STOP to_move 1 nodes_visited 150
[21:35:19.884] START to_move 2
[21:35:19.907] STOP to_move 2 nodes_visited 378
[21:35:19.907] START to_move 1
[21:35:19.916] STOP to_move 1 nodes_visited 151
[21:35:19.916] START to_move 2
[21:35:19.941] STOP to_move 2 nodes_visited 401
[21:35:19.941] START to_move 1
[21:35:19.950] STOP to_move 1 nodes_visited 142
[21:35:19.950] START to_move 2
[21:35:19.973] STOP to_move 2 nodes_visited 393
[21:35:19.974] START to_move 1
[21:35:19.982] STOP to_move 1 nodes_visited 153
[21:35:19.983] START to_move 2
[21:35:20.007] STOP to_move 2 nodes_visited 421
[21:35:20.008] START to_move 1
[21:35:20.017] STOP to_move 1 nodes_visited 151
[21:35:20.017] START to_move 2
[21:35:20.040] STOP to_move 2 nodes_visited 401
[21:35:20.041] START to_move 1
[21:35:20.050] STOP to_move 1 nodes_visited 164
[21:35:20.050] START to_move 2
[21:35:20.076] STOP to_move 2 nodes_visited 429
[21:35:20.076] START to_move 1
[21:35:20.085] STOP to_move 1 nodes_visited 156
[21:35:20.086] START to_move 2
[21:35:20.109] STOP to_move 2 nodes_visited 401
[21:35:20.110] START to_move 1
[21:35:20.119] STOP to_move 1 nodes_visited 160
[21:35:20.119] START to_move 2
[21:35:20.146] STOP to_move 2 nodes_visited 449
[21:35:20.146] START to_move 1
[21:35:20.155] STOP to_move 1 nodes_visited 161
[21:35:20.155] START to_move 2
[21:35:20.178] STOP to_move 2 nodes_visited 376
[21:35:20.178] START to_move 1
[21:35:20.187] STOP to_move 1 nodes_visited 157
[21:35:20.187] START to_move 2
[21:35:20.211] STOP to_move 2 nodes_visited 409
[21:35:20.211] START to_move 1
[21:35:20.220] STOP to_move 1 nodes_visited 149
[21:35:20.220] START to_move 2
[21:35:20.245] STOP to_move 2 nodes_visited 397
[21:35:20.245] START to_move 1
[21:35:20.254] STOP to_move 1 nodes_visited 153
[21:35:20.254] START to_move 2
[21:35:20.263] STOP to_move 2 nodes_visited 149
[21:35:20.263] START to_move 1
[21:35:20.274] STOP to_move 1 nodes_visited 183
[21:35:20.274] START to_move 2
[21:35:20.285] STOP to_move 2 nodes_visited 184
[21:35:20.285] START to_move 1
[21:35:20.300] STOP to_move 1 nodes_visited 250
[21:35:20.300] START to_move 2
[21:35:20.313] STOP to_move 2 nodes_visited 217
[21:35:20.313] START to_move 1
[21:35:20.329] STOP to_move 1 nodes_visited 271
[21:35:20.329] START to_move 2
[21:35:20.336] STOP to_move 2 nodes_visited 109
[21:35:20.336] START to_move 1
[21:35:20.342] STOP to_move 1 nodes_visited 113
[21:35:20.342] START to_move 2
[21:35:20.348] STOP to_move 2 nodes_visited 107
[21:35:20.349] START to_move 1
[21:35:20.354] STOP to_move 1 nodes_visited 103
[21:35:20.355] START to_move 2
[21:35:20.358] STOP to_move 2 nodes_visited 53
[21:35:20.358] START to_move 1
[21:35:20.365] STOP to_move 1 nodes_visited 117
[21:35:20.365] START to_move 2
[21:35:20.372] STOP to_move 2 nodes_visited 126
[21:35:20.372] START to_move 1
[21:35:20.378] STOP to_move 1 nodes_visited 100
[21:35:20.378] START to_move 2
[21:35:20.381] STOP to_move 2 nodes_visited 49
[21:35:20.381] START to_move 1
[21:35:20.387] STOP to_move 1 nodes_visited 109
[21:35:20.387] START to_move 2
[21:35:20.394] STOP to_move 2 nodes_visited 117
[21:35:20.394] START to_move 1
[21:35:20.400] STOP to_move 1 nodes_visited 94
[21:35:20.400] START to_move 2
[21:35:20.403] STOP to_move 2 nodes_visited 48
[21:35:20.403] START to_move 1
[21:35:20.409] STOP to_move 1 nodes_visited 102
[21:35:20.409] START to_move 2
[21:35:20.415] STOP to_move 2 nodes_visited 99
[21:35:20.415] START to_move 1
[21:35:20.420] STOP to_move 1 nodes_visited 80
[21:35:20.420] START to_move 2
[21:35:20.423] STOP to_move 2 nodes_visited 46
[21:35:20.423] START to_move 1
[21:35:20.429] STOP to_move 1 nodes_visited 94
[21:35:20.429] START to_move 2
[21:35:20.435] STOP to_move 2 nodes_visited 99
[21:35:20.435] START to_move 1
[21:35:20.440] STOP to_move 1 nodes_visited 80
[21:35:20.440] START to_move 2
[21:35:20.442] STOP to_move 2 nodes_visited 44
[21:35:20.442] START to_move 1
[21:35:20.448] STOP to_move 1 nodes_visited 87
[21:35:20.448] START to_move 2
[21:35:20.453] STOP to_move 2 nodes_visited 91
[21:35:20.453] START to_move 1
[21:35:20.457] STOP to_move 1 nodes_visited 68
[21:35:20.457] START to_move 2
[21:35:20.460] STOP to_move 2 nodes_visited 41
[21:35:20.460] START to_move 1
[21:35:20.465] STOP to_move 1 nodes_visited 83
[21:35:20.465] START to_move 2
[21:35:20.470] STOP to_move 2 nodes_visited 91
[21:35:20.470] START to_move 1
[21:35:20.475] STOP to_move 1 nodes_visited 68
[21:35:20.475] START to_move 2
[21:35:20.477] STOP to_move 2 nodes_visited 41
[21:35:20.477] START to_move 1
[21:35:20.482] STOP to_move 1 nodes_visited 83
[21:35:20.482] START to_move 2
[21:35:20.488] STOP to_move 2 nodes_visited 91
[21:35:20.488] START to_move 1
[21:35:20.492] STOP to_move 1 nodes_visited 68
[21:35:20.492] START to_move 2
[21:35:20.494] STOP to_move 2 nodes_visited 41
[21:35:20.494] START to_move 1
[21:35:20.499] STOP to_move 1 nodes_visited 83
[21:35:20.500] START to_move 2
[21:35:20.506] STOP to_move 2 nodes_visited 108
[21:35:20.506] START to_move 1
[21:35:20.510] STOP to_move 1 nodes_visited 66
[21:35:20.510] START to_move 2
[21:35:20.512] STOP to_move 2 nodes_visited 40
[21:35:20.512] START to_move 1
[21:35:20.518] STOP to_move 1 nodes_visited 83
[21:35:20.518] START to_move 2
[21:35:20.523] STOP to_move 2 nodes_visited 87
[21:35:20.523] START to_move 1
[21:35:20.527] STOP to_move 1 nodes_visited 63
[21:35:20.527] START to_move 2
[21:35:20.530] STOP to_move 2 nodes_visited 45
[21:35:20.530] START to_move 1
[21:35:20.536] STOP to_move 1 nodes_visited 88
[21:35:20.536] START to_move 2
[21:35:20.544] STOP to_move 2 nodes_visited 142
[21:35:20.544] START to_move 1
[21:35:20.549] STOP to_move 1 nodes_visited 76
[21:35:20.549] START to_move 2
[21:35:20.552] STOP to_move 2 nodes_visited 42
[21:35:20.552] START to_move 1
[21:35:20.557] STOP to_move 1 nodes_visited 82
[21:35:20.557] START to_move 2
[21:35:20.563] STOP to_move 2 nodes_visited 97
[21:35:20.563] START to_move 1
[21:35:20.567] STOP to_move 1 nodes_visited 70
[21:35:20.567] START to_move 2
[21:35:20.570] STOP to_move 2 nodes_visited 43
[21:35:20.570] START to_move 1
[21:35:20.575] STOP to_move 1 nodes_visited 85
[21:35:20.575] START to_move 2
[21:35:20.583] STOP to_move 2 nodes_visited 111
[21:35:20.583] START to_move 1
[21:35:20.587] STOP to_move 1 nodes_visited 67
[21:35:20.587] START to_move 2
[21:35:20.590] STOP to_move 2 nodes_visited 44
[21:35:20.590] START to_move 1
[21:35:20.595] STOP to_move 1 nodes_visited 85
[21:35:20.595] START to_move 2
[21:35:20.601] STOP to_move 2 nodes_visited 103
[21:35:20.601] START to_move 1
[21:35:20.605] STOP to_move 1 nodes_visited 64
[21:35:20.605] START to_move 2
[21:35:20.607] STOP to_move 2 nodes_visited 39
[21:35:20.607] START to_move 1
[21:35:20.612] STOP to_move 1 nodes_visited 75
[21:35:20.612] START to_move 2
[21:35:20.618] STOP to_move 2 nodes_visited 99
[21:35:20.618] START to_move 1
[21:35:20.622] STOP to_move 1 nodes_visited 61
[21:35:20.622] START to_move 2
[21:35:20.624] STOP to_move 2 nodes_visited 35
[21:35:20.624] START to_move 1
[21:35:20.628] STOP to_move 1 nodes_visited 67
[21:35:20.628] START to_move 2
[21:35:20.633] STOP to_move 2 nodes_visited 89
[21:35:20.633] START to_move 1
[21:35:20.637] STOP to_move 1 nodes_visited 54
[21:35:20.637] START to_move 2
[21:35:20.639] STOP to_move 2 nodes_visited 37
[21:35:20.639] START to_move 1
[21:35:20.643] STOP to_move 1 nodes_visited 64
[21:35:20.643] START to_move 2
[21:35:20.648] STOP to_move 2 nodes_visited 84
[21:35:20.648] START to_move 1
[21:35:20.652] STOP to_move 1 nodes_visited 59
[21:35:20.652] START to_move 2
[21:35:20.654] STOP to_move 2 nodes_visited 32
[21:35:20.654] START to_move 1
[21:35:20.657] STOP to_move 1 nodes_visited 58
[21:35:20.657] START to_move 2
[21:35:20.662] STOP to_move 2 nodes_visited 82
[21:35:20.662] START to_move 1
[21:35:20.665] STOP to_move 1 nodes_visited 50
[21:35:20.665] START to_move 2
[21:35:20.667] STOP to_move 2 nodes_visited 34
[21:35:20.667] START to_move 1
[21:35:20.671] STOP to_move 1 nodes_visited 65
[21:35:20.671] START to_move 2
[21:35:20.676] STOP to_move 2 nodes_visited 83
[21:35:20.676] START to_move 1
[21:35:20.680] STOP to_move 1 nodes_visited 58
[21:35:20.680] START to_move 2
[21:35:20.682] STOP to_move 2 nodes_visited 36
[21:35:20.682] START to_move 1
[21:35:20.686] STOP to_move 1 nodes_visited 74
[21:35:20.687] START to_move 2
[21:35:20.691] STOP to_move 2 nodes_visited 79
[21:35:20.691] START to_move 1
[21:35:20.695] STOP to_move 1 nodes_visited 58
[21:35:20.695] START to_move 2
[21:35:20.696] STOP to_move 2 nodes_visited 29
[21:35:20.696] START to_move 1
[21:35:20.700] STOP to_move 1 nodes_visited 61
[21:35:20.700] START to_move 2
[21:35:20.705] STOP to_move 2 nodes_visited 78
[21:35:20.705] START to_move 1
[21:35:20.708] STOP to_move 1 nodes_visited 53
[21:35:20.708] START to_move 2
[21:35:20.710] STOP to_move 2 nodes_visited 30
[21:35:20.710] START to_move 1
[21:35:20.714] STOP to_move 1 nodes_visited 61
[21:35:20.714] START to_move 2
[21:35:20.719] STOP to_move 2 nodes_visited 83
[21:35:20.719] START to_move 1
[21:35:20.722] STOP to_move 1 nodes_visited 49
[21:35:20.722] START to_move 2
[21:35:20.724] STOP to_move 2 nodes_visited 29
[21:35:20.724] START to_move 1
[21:35:20.727] STOP to_move 1 nodes_visited 58
[21:35:20.727] START to_move 2
[21:35:20.732] STOP to_move 2 nodes_visited 77
[21:35:20.732] START to_move 1
[21:35:20.735] STOP to_move 1 nodes_visited 51
[21:35:20.735] START to_move 2
[21:35:20.737] STOP to_move 2 nodes_visited 27
[21:35:20.737] START to_move 1
[21:35:20.740] STOP to_move 1 nodes_visited 53
[21:35:20.740] START to_move 2
[21:35:20.744] STOP to_move 2 nodes_visited 68
[21:35:20.744] START to_move 1
[21:35:20.747] STOP to_move 1 nodes_visited 44
[21:35:20.747] START to_move 2
[21:35:20.748] STOP to_move 2 nodes_visited 28
[21:35:20.748] START to_move 1
[21:35:20.752] STOP to_move 1 nodes_visited 56
[21:35:20.752] START to_move 2
[21:35:20.757] STOP to_move 2 nodes_visited 78
[21:35:20.757] START to_move 1
[21:35:20.760] STOP to_move 1 nodes_visited 49
[21:35:20.760] START to_move 2
[21:35:20.761] STOP to_move 2 nodes_visited 25
[21:35:20.761] START to_move 1
[21:35:20.765] STOP to_move 1 nodes_visited 55
[21:35:20.765] START to_move 2
[21:35:20.769] STOP to_move 2 nodes_visited 63
[21:35:20.769] START to_move 1
[21:35:20.771] STOP to_move 1 nodes_visited 43
[21:35:20.771] START to_move 2
[21:35:20.773] STOP to_move 2 nodes_visited 25
[21:35:20.773] START to_move 1
[21:35:20.776] STOP to_move 1 nodes_visited 55
[21:35:20.776] START to_move 2
[21:35:20.780] STOP to_move 2 nodes_visited 69
[21:35:20.780] START to_move 1
[21:35:20.783] STOP to_move 1 nodes_visited 48
[21:35:20.783] START to_move 2
[21:35:20.785] STOP to_move 2 nodes_visited 25
[21:35:20.785] START to_move 1
[21:35:20.788] STOP to_move 1 nodes_visited 51
[21:35:20.788] START to_move 2
[21:35:20.791] STOP to_move 2 nodes_visited 55
[21:35:20.791] START to_move 1
[21:35:20.794] STOP to_move 1 nodes_visited 42
[21:35:20.794] START to_move 2
[21:35:20.795] STOP to_move 2 nodes_visited 24
[21:35:20.795] START to_move 1
[21:35:20.799] STOP to_move 1 nodes_visited 56
[21:35:20.799] START to_move 2
[21:35:20.803] STOP to_move 2 nodes_visited 66
[21:35:20.803] START to_move 1
[21:35:20.805] STOP to_move 1 nodes_visited 41
[21:35:20.805] START to_move 2
[21:35:20.806] STOP to_move 2 nodes_visited 20
[21:35:20.806] START to_move 1
[21:35:20.809] STOP to_move 1 nodes_visited 46
[21:35:20.809] START to_move 2
[21:35:20.813] STOP to_move 2 nodes_visited 58
[21:35:20.813] START to_move 1
[21:35:20.815] STOP to_move 1 nodes_visited 35
[21:35:20.815] START to_move 2
[21:35:20.816] STOP to_move 2 nodes_visited 19
[21:35:20.816] START to_move 1
[21:35:20.819] STOP to_move 1 nodes_visited 46
[21:35:20.819] START to_move 2
[21:35:20.824] STOP to_move 2 nodes_visited 83
[21:35:20.824] START to_move 1
[21:35:20.826] STOP to_move 1 nodes_visited 39
[21:35:20.826] START to_move 2
[21:35:20.827] STOP to_move 2 nodes_visited 21
[21:35:20.827] START to_move 1
[21:35:20.830] STOP to_move 1 nodes_visited 50
[21:35:20.830] START to_move 2
[21:35:20.834] STOP to_move 2 nodes_visited 53
[21:35:20.834] START to_move 1
[21:35:20.836] STOP to_move 1 nodes_visited 37
[21:35:20.836] START to_move 2
[21:35:20.837] STOP to_move 2 nodes_visited 20
[21:35:20.837] START to_move 1
[21:35:20.840] STOP to_move 1 nodes_visited 47
[21:35:20.840] START to_move 2
[21:35:20.842] STOP to_move 2 nodes_visited 43
[21:35:20.842] START to_move 1
[21:35:20.845] STOP to_move 1 nodes_visited 38
[21:35:20.845] START to_move 2
[21:35:20.846] STOP to_move 2 nodes_visited 18
[21:35:20.846] START to_move 1
[21:35:20.848] STOP to_move 1 nodes_visited 40
[21:35:20.848] START to_move 2
[21:35:20.852] STOP to_move 2 nodes_visited 61
[21:35:20.852] START to_move 1
[21:35:20.854] STOP to_move 1 nodes_visited 38
[21:35:20.854] START to_move 2
[21:35:20.855] STOP to_move 2 nodes_visited 17
[21:35:20.855] START to_move 1
[21:35:20.858] STOP to_move 1 nodes_visited 38
[21:35:20.858] START to_move 2
[21:35:20.862] STOP to_move 2 nodes_visited 61
[21:35:20.862] START to_move 1
[21:35:20.864] STOP to_move 1 nodes_visited 35
[21:35:20.864] START to_move 2
[21:35:20.865] STOP to_move 2 nodes_visited 19
[21:35:20.865] START to_move 1
[21:35:20.868] STOP to_move 1 nodes_visited 38
[21:35:20.868] START to_move 2
[21:35:20.871] STOP to_move 2 nodes_visited 52
[21:35:20.871] START to_move 1
[21:35:20.873] STOP to_move 1 nodes_visited 29
[21:35:20.873] START to_move 2
[21:35:20.874] STOP to_move 2 nodes_visited 19
[21:35:20.874] START to_move 1
[21:35:20.876] STOP to_move 1 nodes_visited 38
[21:35:20.876] START to_move 2
[21:35:20.880] STOP to_move 2 nodes_visited 58
[21:35:20.880] START to_move 1
[21:35:20.882] STOP to_move 1 nodes_visited 35
[21:35:20.882] START to_move 2
[21:35:20.883] STOP to_move 2 nodes_visited 20
[21:35:20.883] START to_move 1
[21:35:20.886] STOP to_move 1 nodes_visited 39
[21:35:20.886] START to_move 2
[21:35:20.889] STOP to_move 2 nodes_visited 62
[21:35:20.889] START to_move 1
[21:35:20.891] STOP to_move 1 nodes_visited 35
[21:35:20.892] START to_move 2
[21:35:20.893] STOP to_move 2 nodes_visited 19
[21:35:20.893] START to_move 1
[21:35:20.895] STOP to_move 1 nodes_visited 40
[21:35:20.895] START to_move 2
[21:35:20.900] STOP to_move 2 nodes_visited 71
[21:35:20.900] START to_move 1
[21:35:20.902] STOP to_move 1 nodes_visited 38
[21:35:20.902] START to_move 2
[21:35:20.903] STOP to_move 2 nodes_visited 19
[21:35:20.903] START to_move 1
[21:35:20.906] STOP to_move 1 nodes_visited 41
[21:35:20.906] START to_move 2
[21:35:20.909] STOP to_move 2 nodes_visited 50
[21:35:20.909] START to_move 1
[21:35:20.911] STOP to_move 1 nodes_visited 32
[21:35:20.911] START to_move 2
[21:35:20.912] STOP to_move 2 nodes_visited 19
[21:35:20.912] START to_move 1
[21:35:20.915] STOP to_move 1 nodes_visited 41
[21:35:20.915] START to_move 2
[21:35:20.918] STOP to_move 2 nodes_visited 54
[21:35:20.918] START to_move 1
[21:35:20.920] STOP to_move 1 nodes_visited 33
[21:35:20.920] START to_move 2
[21:35:20.921] STOP to_move 2 nodes_visited 20
[21:35:20.921] START to_move 1
[21:35:20.924] STOP to_move 1 nodes_visited 40
[21:35:20.924] START to_move 2
[21:35:20.927] STOP to_move 2 nodes_visited 53
[21:35:20.927] START to_move 1
[21:35:20.929] STOP to_move 1 nodes_visited 32
[21:35:20.929] START to_move 2
[21:35:20.930] STOP to_move 2 nodes_visited 14
[21:35:20.930] START to_move 1
[21:35:20.932] STOP to_move 1 nodes_visited 31
[21:35:20.932] START to_move 2
[21:35:20.935] STOP to_move 2 nodes_visited 45
[21:35:20.935] START to_move 1
[21:35:20.937] STOP to_move 1 nodes_visited 30
[21:35:20.937] START to_move 2
[21:35:20.937] STOP to_move 2 nodes_visited 12
[21:35:20.937] START to_move 1
[21:35:20.939] STOP to_move 1 nodes_visited 24
[21:35:20.939] START to_move 2
[21:35:20.941] STOP to_move 2 nodes_visited 36
[21:35:20.941] START to_move 1
[21:35:20.942] STOP to_move 1 nodes_visited 23
[21:35:20.942] START to_move 2
[21:35:20.943] STOP to_move 2 nodes_visited 16
[21:35:20.943] START to_move 1
[21:35:20.946] STOP to_move 1 nodes_visited 36
[21:35:20.946] START to_move 2
[21:35:20.949] STOP to_move 2 nodes_visited 52
[21:35:20.949] START to_move 1
[21:35:20.951] STOP to_move 1 nodes_visited 28
[21:35:20.951] START to_move 2
[21:35:20.952] STOP to_move 2 nodes_visited 18
[21:35:20.952] START to_move 1
[21:35:20.954] STOP to_move 1 nodes_visited 39
[21:35:20.954] START to_move 2
[21:35:20.956] STOP to_move 2 nodes_visited 32
[21:35:20.956] START to_move 1
[21:35:20.957] STOP to_move 1 nodes_visited 19
[21:35:20.958] START to_move 2
[21:35:20.958] STOP to_move 2 nodes_visited 6
[21:35:20.958] START to_move 1
[21:35:20.959] STOP to_move 1 nodes_visited 13
[21:35:20.959] START to_move 2
[21:35:20.960] STOP to_move 2 nodes_visited 18
[21:35:20.960] START to_move 1
[21:35:20.961] STOP to_move 1 nodes_visited 13
[21:35:20.961] START to_move 2
[21:35:20.961] STOP to_move 2 nodes_visited 6
[21:35:20.961] START to_move 1
[21:35:20.962] STOP to_move 1 nodes_visited 10
[21:35:20.962] START to_move 2
[21:35:20.963] STOP to_move 2 nodes_visited 20
[21:35:20.963] START to_move 1
[21:35:20.964] STOP to_move 1 nodes_visited 14
[21:35:20.964] START to_move 2
[21:35:20.964] STOP to_move 2 nodes_visited 5
[21:35:20.964] START to_move 1
[21:35:20.965] STOP to_move 1 nodes_visited 10
[21:35:20.965] START to_move 2
[21:35:20.966] STOP to_move 2 nodes_visited 20
[21:35:20.966] START to_move 1
[21:35:20.967] STOP to_move 1 nodes_visited 10
[21:35:20.967] START to_move 2
[21:35:20.967] STOP to_move 2 nodes_visited 8
[21:35:20.967] START to_move 1
[21:35:20.969] STOP to_move 1 nodes_visited 18
[21:35:20.969] START to_move 2
[21:35:20.970] STOP to_move 2 nodes_visited 26
[21:35:20.970] START to_move 1
[21:35:20.971] STOP to_move 1 nodes_visited 16
[21:35:20.971] START to_move 2
[21:35:20.972] STOP to_move 2 nodes_visited 4
[21:35:20.972] START to_move 1
[21:35:20.972] STOP to_move 1 nodes_visited 7
[21:35:20.972] START to_move 2
[21:35:20.973] STOP to_move 2 nodes_visited 16
[21:35:20.973] START to_move 1
[21:35:20.974] STOP to_move 1 nodes_visited 9
[21:35:20.974] START to_move 2
[21:35:20.974] STOP to_move 2 nodes_visited 8
[21:35:20.974] START to_move 1
[21:35:20.975] STOP to_move 1 nodes_visited 16
[21:35:20.975] START to_move 2
[21:35:20.977] STOP to_move 2 nodes_visited 19
[21:35:20.977] START to_move 1
[21:35:20.977] STOP to_move 1 nodes_visited 8
[21:35:20.977] END winner 1 - rounds 501
