[22:21:53.001] 1 - distance_function chebyshev - pruning True
[22:21:53.002] 2 - distance_function euclides - pruning True
[22:21:53.002] START to_move 1
[22:21:53.177] STOP to_move 1 nodes_visited 2712
[22:21:53.179] START to_move 2
[22:21:53.391] STOP to_move 2 nodes_visited 3277
[22:21:53.393] START to_move 1
[22:21:53.579] STOP to_move 1 nodes_visited 2804
[22:21:53.581] START to_move 2
[22:21:53.816] STOP to_move 2 nodes_visited 3708
[22:21:53.818] START to_move 1
[22:21:53.841] STOP to_move 1 nodes_visited 365
[22:21:53.841] START to_move 2
[22:21:54.110] STOP to_move 2 nodes_visited 4270
[22:21:54.113] START to_move 1
[22:21:54.137] STOP to_move 1 nodes_visited 384
[22:21:54.137] START to_move 2
[22:21:54.386] STOP to_move 2 nodes_visited 3944
[22:21:54.389] START to_move 1
[22:21:54.421] STOP to_move 1 nodes_visited 506
[22:21:54.422] START to_move 2
[22:21:54.795] STOP to_move 2 nodes_visited 5913
[22:21:54.798] START to_move 1
[22:21:54.827] STOP to_move 1 nodes_visited 469
[22:21:54.828] START to_move 2
[22:21:55.223] STOP to_move 2 nodes_visited 6227
[22:21:55.226] START to_move 1
[22:21:55.306] STOP to_move 1 nodes_visited 1262
[22:21:55.307] START to_move 2
[22:21:55.682] STOP to_move 2 nodes_visited 5942
[22:21:55.685] START to_move 1
[22:21:55.708] STOP to_move 1 nodes_visited 377
[22:21:55.708] START to_move 2
[22:21:56.036] STOP to_move 2 nodes_visited 5274
[22:21:56.039] START to_move 1
[22:21:56.061] STOP to_move 1 nodes_visited 362
[22:21:56.062] START to_move 2
[22:21:56.385] STOP to_move 2 nodes_visited 5229
[22:21:56.388] START to_move 1
[22:21:56.412] STOP to_move 1 nodes_visited 358
[22:21:56.412] START to_move 2
[22:21:56.752] STOP to_move 2 nodes_visited 5344
[22:21:56.755] START to_move 1
[22:21:56.777] STOP to_move 1 nodes_visited 358
[22:21:56.778] START to_move 2
[22:21:57.058] STOP to_move 2 nodes_visited 4430
[22:21:57.060] START to_move 1
[22:21:57.082] STOP to_move 1 nodes_visited 359
[22:21:57.082] START to_move 2
[22:21:57.446] STOP to_move 2 nodes_visited 5262
[22:21:57.450] START to_move 1
[22:21:57.496] STOP to_move 1 nodes_visited 701
[22:21:57.497] START to_move 2
[22:21:57.854] STOP to_move 2 nodes_visited 5541
[22:21:57.857] START to_move 1
[22:21:57.908] STOP to_move 1 nodes_visited 802
[22:21:57.909] START to_move 2
[22:21:58.229] STOP to_move 2 nodes_visited 5029
[22:21:58.232] START to_move 1
[22:21:58.295] STOP to_move 1 nodes_visited 1013
[22:21:58.296] START to_move 2
[22:21:58.623] STOP to_move 2 nodes_visited 5148
[22:21:58.626] START to_move 1
[22:21:58.684] STOP to_move 1 nodes_visited 926
[22:21:58.684] START to_move 2
[22:21:58.800] STOP to_move 2 nodes_visited 1912
[22:21:58.801] START to_move 1
[22:21:58.827] STOP to_move 1 nodes_visited 420
[22:21:58.827] START to_move 2
[22:21:58.975] STOP to_move 2 nodes_visited 2405
[22:21:58.976] START to_move 1
[22:21:59.002] STOP to_move 1 nodes_visited 428
[22:21:59.003] START to_move 2
[22:21:59.155] STOP to_move 2 nodes_visited 2476
[22:21:59.157] START to_move 1
[22:21:59.182] STOP to_move 1 nodes_visited 409
[22:21:59.182] START to_move 2
[22:21:59.445] STOP to_move 2 nodes_visited 4197
[22:21:59.447] START to_move 1
[22:21:59.472] STOP to_move 1 nodes_visited 411
[22:21:59.473] START to_move 2
[22:21:59.610] STOP to_move 2 nodes_visited 2271
[22:21:59.612] START to_move 1
[22:21:59.634] STOP to_move 1 nodes_visited 370
[22:21:59.634] START to_move 2
[22:21:59.779] STOP to_move 2 nodes_visited 2336
[22:21:59.780] START to_move 1
[22:21:59.805] STOP to_move 1 nodes_visited 408
[22:21:59.805] START to_move 2
[22:21:59.958] STOP to_move 2 nodes_visited 2459
[22:21:59.959] START to_move 1
[22:21:59.985] STOP to_move 1 nodes_visited 417
[22:21:59.985] START to_move 2
[22:22:00.138] STOP to_move 2 nodes_visited 2499
[22:22:00.139] START to_move 1
[22:22:00.165] STOP to_move 1 nodes_visited 417
[22:22:00.165] START to_move 2
[22:22:00.317] STOP to_move 2 nodes_visited 2459
[22:22:00.318] START to_move 1
[22:22:00.343] STOP to_move 1 nodes_visited 413
[22:22:00.343] START to_move 2
[22:22:00.520] STOP to_move 2 nodes_visited 2869
[22:22:00.522] START to_move 1
[22:22:00.546] STOP to_move 1 nodes_visited 404
[22:22:00.546] START to_move 2
[22:22:00.700] STOP to_move 2 nodes_visited 2481
[22:22:00.701] START to_move 1
[22:22:00.726] STOP to_move 1 nodes_visited 407
[22:22:00.727] START to_move 2
[22:22:00.889] STOP to_move 2 nodes_visited 2672
[22:22:00.890] START to_move 1
[22:22:00.916] STOP to_move 1 nodes_visited 411
[22:22:00.916] START to_move 2
[22:22:01.081] STOP to_move 2 nodes_visited 2683
[22:22:01.082] START to_move 1
[22:22:01.107] STOP to_move 1 nodes_visited 411
[22:22:01.108] START to_move 2
[22:22:01.272] STOP to_move 2 nodes_visited 2658
[22:22:01.273] START to_move 1
[22:22:01.298] STOP to_move 1 nodes_visited 412
[22:22:01.299] START to_move 2
[22:22:01.460] STOP to_move 2 nodes_visited 2651
[22:22:01.461] START to_move 1
[22:22:01.486] STOP to_move 1 nodes_visited 412
[22:22:01.486] START to_move 2
[22:22:01.654] STOP to_move 2 nodes_visited 2739
[22:22:01.655] START to_move 1
[22:22:01.680] STOP to_move 1 nodes_visited 407
[22:22:01.680] START to_move 2
[22:22:01.847] STOP to_move 2 nodes_visited 2708
[22:22:01.848] START to_move 1
[22:22:01.873] STOP to_move 1 nodes_visited 404
[22:22:01.873] START to_move 2
[22:22:02.142] STOP to_move 2 nodes_visited 4319
[22:22:02.144] START to_move 1
[22:22:02.263] STOP to_move 1 nodes_visited 1835
[22:22:02.264] START to_move 2
[22:22:02.510] STOP to_move 2 nodes_visited 4001
[22:22:02.513] START to_move 1
[22:22:02.630] STOP to_move 1 nodes_visited 1797
[22:22:02.631] START to_move 2
[22:22:02.875] STOP to_move 2 nodes_visited 3855
[22:22:02.877] START to_move 1
[22:22:02.939] STOP to_move 1 nodes_visited 992
[22:22:02.940] START to_move 2
[22:22:03.198] STOP to_move 2 nodes_visited 4098
[22:22:03.200] START to_move 1
[22:22:03.269] STOP to_move 1 nodes_visited 1104
[22:22:03.270] START to_move 2
[22:22:03.529] STOP to_move 2 nodes_visited 4212
[22:22:03.531] START to_move 1
[22:22:03.600] STOP to_move 1 nodes_visited 1092
[22:22:03.601] START to_move 2
[22:22:03.781] STOP to_move 2 nodes_visited 2936
[22:22:03.783] START to_move 1
[22:22:03.851] STOP to_move 1 nodes_visited 1095
[22:22:03.852] START to_move 2
[22:22:03.924] STOP to_move 2 nodes_visited 1161
[22:22:03.924] START to_move 1
[22:22:03.992] STOP to_move 1 nodes_visited 1080
[22:22:03.992] START to_move 2
[22:22:04.178] STOP to_move 2 nodes_visited 2979
[22:22:04.180] START to_move 1
[22:22:04.245] STOP to_move 1 nodes_visited 1038
[22:22:04.246] START to_move 2
[22:22:04.468] STOP to_move 2 nodes_visited 3562
[22:22:04.471] START to_move 1
[22:22:04.538] STOP to_move 1 nodes_visited 1068
[22:22:04.538] START to_move 2
[22:22:04.660] STOP to_move 2 nodes_visited 2005
[22:22:04.661] START to_move 1
[22:22:04.731] STOP to_move 1 nodes_visited 1086
[22:22:04.732] START to_move 2
[22:22:04.866] STOP to_move 2 nodes_visited 2221
[22:22:04.867] START to_move 1
[22:22:04.935] STOP to_move 1 nodes_visited 1086
[22:22:04.936] START to_move 2
[22:22:05.080] STOP to_move 2 nodes_visited 2365
[22:22:05.082] START to_move 1
[22:22:05.105] STOP to_move 1 nodes_visited 382
[22:22:05.105] START to_move 2
[22:22:05.242] STOP to_move 2 nodes_visited 2210
[22:22:05.243] START to_move 1
[22:22:05.267] STOP to_move 1 nodes_visited 383
[22:22:05.267] START to_move 2
[22:22:05.315] STOP to_move 2 nodes_visited 793
[22:22:05.315] START to_move 1
[22:22:05.338] STOP to_move 1 nodes_visited 388
[22:22:05.339] START to_move 2
[22:22:05.387] STOP to_move 2 nodes_visited 801
[22:22:05.387] START to_move 1
[22:22:05.410] STOP to_move 1 nodes_visited 388
[22:22:05.411] START to_move 2
[22:22:05.463] STOP to_move 2 nodes_visited 873
[22:22:05.463] START to_move 1
[22:22:05.487] STOP to_move 1 nodes_visited 385
[22:22:05.487] START to_move 2
[22:22:05.544] STOP to_move 2 nodes_visited 919
[22:22:05.544] START to_move 1
[22:22:05.610] STOP to_move 1 nodes_visited 1038
[22:22:05.611] START to_move 2
[22:22:05.661] STOP to_move 2 nodes_visited 838
[22:22:05.662] START to_move 1
[22:22:05.684] STOP to_move 1 nodes_visited 372
[22:22:05.685] START to_move 2
[22:22:05.731] STOP to_move 2 nodes_visited 782
[22:22:05.732] START to_move 1
[22:22:05.754] STOP to_move 1 nodes_visited 376
[22:22:05.755] START to_move 2
[22:22:05.924] STOP to_move 2 nodes_visited 2750
[22:22:05.925] START to_move 1
[22:22:05.947] STOP to_move 1 nodes_visited 360
[22:22:05.948] START to_move 2
[22:22:06.111] STOP to_move 2 nodes_visited 2631
[22:22:06.113] START to_move 1
[22:22:06.134] STOP to_move 1 nodes_visited 352
[22:22:06.134] START to_move 2
[22:22:06.246] STOP to_move 2 nodes_visited 1838
[22:22:06.247] START to_move 1
[22:22:06.268] STOP to_move 1 nodes_visited 353
[22:22:06.269] START to_move 2
[22:22:06.380] STOP to_move 2 nodes_visited 1812
[22:22:06.381] START to_move 1
[22:22:06.402] STOP to_move 1 nodes_visited 349
[22:22:06.402] START to_move 2
[22:22:06.497] STOP to_move 2 nodes_visited 1570
[22:22:06.498] START to_move 1
[22:22:06.553] STOP to_move 1 nodes_visited 886
[22:22:06.554] START to_move 2
[22:22:06.749] STOP to_move 2 nodes_visited 3169
[22:22:06.750] START to_move 1
[22:22:06.771] STOP to_move 1 nodes_visited 338
[22:22:06.771] START to_move 2
[22:22:06.944] STOP to_move 2 nodes_visited 2774
[22:22:06.946] START to_move 1
[22:22:06.966] STOP to_move 1 nodes_visited 338
[22:22:06.966] START to_move 2
[22:22:07.140] STOP to_move 2 nodes_visited 2724
[22:22:07.141] START to_move 1
[22:22:07.178] STOP to_move 1 nodes_visited 592
[22:22:07.178] START to_move 2
[22:22:07.308] STOP to_move 2 nodes_visited 2104
[22:22:07.309] START to_move 1
[22:22:07.342] STOP to_move 1 nodes_visited 533
[22:22:07.342] START to_move 2
[22:22:07.476] STOP to_move 2 nodes_visited 2155
[22:22:07.477] START to_move 1
[22:22:07.508] STOP to_move 1 nodes_visited 508
[22:22:07.508] START to_move 2
[22:22:07.607] STOP to_move 2 nodes_visited 1613
[22:22:07.607] START to_move 1
[22:22:07.625] STOP to_move 1 nodes_visited 296
[22:22:07.626] START to_move 2
[22:22:07.743] STOP to_move 2 nodes_visited 1902
[22:22:07.744] START to_move 1
[22:22:07.759] STOP to_move 1 nodes_visited 246
[22:22:07.759] START to_move 2
[22:22:07.881] STOP to_move 2 nodes_visited 2005
[22:22:07.882] START to_move 1
[22:22:07.900] STOP to_move 1 nodes_visited 312
[22:22:07.900] START to_move 2
[22:22:08.017] STOP to_move 2 nodes_visited 1899
[22:22:08.018] START to_move 1
[22:22:08.037] STOP to_move 1 nodes_visited 304
[22:22:08.037] START to_move 2
[22:22:08.150] STOP to_move 2 nodes_visited 1857
[22:22:08.151] START to_move 1
[22:22:08.170] STOP to_move 1 nodes_visited 299
[22:22:08.170] START to_move 2
[22:22:08.269] STOP to_move 2 nodes_visited 1608
[22:22:08.270] START to_move 1
[22:22:08.288] STOP to_move 1 nodes_visited 296
[22:22:08.288] START to_move 2
[22:22:08.381] STOP to_move 2 nodes_visited 1537
[22:22:08.382] START to_move 1
[22:22:08.398] STOP to_move 1 nodes_visited 274
[22:22:08.398] START to_move 2
[22:22:08.488] STOP to_move 2 nodes_visited 1441
[22:22:08.489] START to_move 1
[22:22:08.515] STOP to_move 1 nodes_visited 417
[22:22:08.515] START to_move 2
[22:22:08.588] STOP to_move 2 nodes_visited 1198
[22:22:08.588] START to_move 1
[22:22:08.599] STOP to_move 1 nodes_visited 185
[22:22:08.599] START to_move 2
[22:22:08.672] STOP to_move 2 nodes_visited 1195
[22:22:08.673] START to_move 1
[22:22:08.682] STOP to_move 1 nodes_visited 170
[22:22:08.683] START to_move 2
[22:22:08.736] STOP to_move 2 nodes_visited 881
[22:22:08.736] START to_move 1
[22:22:08.745] STOP to_move 1 nodes_visited 158
[22:22:08.745] START to_move 2
[22:22:08.783] STOP to_move 2 nodes_visited 609
[22:22:08.784] START to_move 1
[22:22:08.793] STOP to_move 1 nodes_visited 156
[22:22:08.793] START to_move 2
[22:22:08.828] STOP to_move 2 nodes_visited 589
[22:22:08.829] START to_move 1
[22:22:08.837] STOP to_move 1 nodes_visited 154
[22:22:08.838] START to_move 2
[22:22:08.871] STOP to_move 2 nodes_visited 543
[22:22:08.871] START to_move 1
[22:22:08.885] STOP to_move 1 nodes_visited 230
[22:22:08.885] START to_move 2
[22:22:08.912] STOP to_move 2 nodes_visited 452
[22:22:08.913] START to_move 1
[22:22:08.924] STOP to_move 1 nodes_visited 189
[22:22:08.924] START to_move 2
[22:22:08.957] STOP to_move 2 nodes_visited 561
[22:22:08.958] START to_move 1
[22:22:08.969] STOP to_move 1 nodes_visited 189
[22:22:08.969] START to_move 2
[22:22:08.999] STOP to_move 2 nodes_visited 501
[22:22:08.999] START to_move 1
[22:22:09.013] STOP to_move 1 nodes_visited 238
[22:22:09.013] START to_move 2
[22:22:09.032] STOP to_move 2 nodes_visited 312
[22:22:09.032] START to_move 1
[22:22:09.047] STOP to_move 1 nodes_visited 247
[22:22:09.047] START to_move 2
[22:22:09.068] STOP to_move 2 nodes_visited 335
[22:22:09.069] START to_move 1
[22:22:09.083] STOP to_move 1 nodes_visited 247
[22:22:09.083] START to_move 2
[22:22:09.104] STOP to_move 2 nodes_visited 340
[22:22:09.104] START to_move 1
[22:22:09.119] STOP to_move 1 nodes_visited 247
[22:22:09.119] START to_move 2
[22:22:09.139] STOP to_move 2 nodes_visited 324
[22:22:09.139] START to_move 1
[22:22:09.147] STOP to_move 1 nodes_visited 144
[22:22:09.147] START to_move 2
[22:22:09.163] STOP to_move 2 nodes_visited 272
[22:22:09.164] START to_move 1
[22:22:09.174] STOP to_move 1 nodes_visited 171
[22:22:09.174] START to_move 2
[22:22:09.185] STOP to_move 2 nodes_visited 201
[22:22:09.186] START to_move 1
[22:22:09.194] STOP to_move 1 nodes_visited 144
[22:22:09.194] START to_move 2
[22:22:09.203] STOP to_move 2 nodes_visited 149
[22:22:09.203] START to_move 1
[22:22:09.210] STOP to_move 1 nodes_visited 124
[22:22:09.210] START to_move 2
[22:22:09.216] STOP to_move 2 nodes_visited 97
[22:22:09.216] START to_move 1
[22:22:09.223] STOP to_move 1 nodes_visited 132
[22:22:09.223] START to_move 2
[22:22:09.235] STOP to_move 2 nodes_visited 193
[22:22:09.235] START to_move 1
[22:22:09.243] STOP to_move 1 nodes_visited 140
[22:22:09.243] START to_move 2
[22:22:09.248] STOP to_move 2 nodes_visited 81
[22:22:09.248] START to_move 1
[22:22:09.259] STOP to_move 1 nodes_visited 201
[22:22:09.259] START to_move 2
[22:22:09.273] STOP to_move 2 nodes_visited 224
[22:22:09.273] START to_move 1
[22:22:09.281] STOP to_move 1 nodes_visited 142
[22:22:09.281] START to_move 2
[22:22:09.296] STOP to_move 2 nodes_visited 254
[22:22:09.296] START to_move 1
[22:22:09.304] STOP to_move 1 nodes_visited 137
[22:22:09.304] START to_move 2
[22:22:09.318] STOP to_move 2 nodes_visited 235
[22:22:09.318] START to_move 1
[22:22:09.327] STOP to_move 1 nodes_visited 137
[22:22:09.327] START to_move 2
[22:22:09.336] STOP to_move 2 nodes_visited 155
[22:22:09.336] START to_move 1
[22:22:09.343] STOP to_move 1 nodes_visited 119
[22:22:09.343] START to_move 2
[22:22:09.350] STOP to_move 2 nodes_visited 118
[22:22:09.350] END winner 2 - rounds 186
