[22:37:10.404] 1 - distance_function chebyshev - pruning True
[22:37:10.404] 2 - distance_function euclides - pruning True
[22:37:10.404] START to_move 1
[22:37:10.555] STOP to_move 1 nodes_visited 2298
[22:37:10.557] START to_move 2
[22:37:10.622] STOP to_move 2 nodes_visited 985
[22:37:10.622] START to_move 1
[22:37:10.962] STOP to_move 1 nodes_visited 4986
[22:37:10.965] START to_move 2
[22:37:11.257] STOP to_move 2 nodes_visited 4488
[22:37:11.260] START to_move 1
[22:37:11.504] STOP to_move 1 nodes_visited 3666
[22:37:11.506] START to_move 2
[22:37:11.773] STOP to_move 2 nodes_visited 4249
[22:37:11.776] START to_move 1
[22:37:11.981] STOP to_move 1 nodes_visited 3251
[22:37:11.983] START to_move 2
[22:37:12.170] STOP to_move 2 nodes_visited 2988
[22:37:12.171] START to_move 1
[22:37:12.339] STOP to_move 1 nodes_visited 2635
[22:37:12.340] START to_move 2
[22:37:12.458] STOP to_move 2 nodes_visited 1929
[22:37:12.459] START to_move 1
[22:37:12.521] STOP to_move 1 nodes_visited 994
[22:37:12.521] START to_move 2
[22:37:12.699] STOP to_move 2 nodes_visited 2844
[22:37:12.700] START to_move 1
[22:37:12.874] STOP to_move 1 nodes_visited 2729
[22:37:12.875] START to_move 2
[22:37:13.057] STOP to_move 2 nodes_visited 2778
[22:37:13.058] START to_move 1
[22:37:13.090] STOP to_move 1 nodes_visited 506
[22:37:13.090] START to_move 2
[22:37:13.167] STOP to_move 2 nodes_visited 1229
[22:37:13.168] START to_move 1
[22:37:13.199] STOP to_move 1 nodes_visited 520
[22:37:13.200] START to_move 2
[22:37:13.269] STOP to_move 2 nodes_visited 1130
[22:37:13.270] START to_move 1
[22:37:13.302] STOP to_move 1 nodes_visited 536
[22:37:13.303] START to_move 2
[22:37:13.375] STOP to_move 2 nodes_visited 1130
[22:37:13.375] START to_move 1
[22:37:13.408] STOP to_move 1 nodes_visited 534
[22:37:13.408] START to_move 2
[22:37:13.536] STOP to_move 2 nodes_visited 2013
[22:37:13.537] START to_move 1
[22:37:13.798] STOP to_move 1 nodes_visited 4023
[22:37:13.801] START to_move 2
[22:37:13.940] STOP to_move 2 nodes_visited 2103
[22:37:13.941] START to_move 1
[22:37:14.194] STOP to_move 1 nodes_visited 3855
[22:37:14.196] START to_move 2
[22:37:14.330] STOP to_move 2 nodes_visited 2074
[22:37:14.331] START to_move 1
[22:37:14.582] STOP to_move 1 nodes_visited 3844
[22:37:14.584] START to_move 2
[22:37:14.845] STOP to_move 2 nodes_visited 3992
[22:37:14.848] START to_move 1
[22:37:15.088] STOP to_move 1 nodes_visited 3690
[22:37:15.090] START to_move 2
[22:37:15.221] STOP to_move 2 nodes_visited 2069
[22:37:15.222] START to_move 1
[22:37:15.471] STOP to_move 1 nodes_visited 3833
[22:37:15.474] START to_move 2
[22:37:15.610] STOP to_move 2 nodes_visited 2091
[22:37:15.611] START to_move 1
[22:37:15.801] STOP to_move 1 nodes_visited 2999
[22:37:15.802] START to_move 2
[22:37:15.920] STOP to_move 2 nodes_visited 1856
[22:37:15.921] START to_move 1
[22:37:16.017] STOP to_move 1 nodes_visited 1557
[22:37:16.018] START to_move 2
[22:37:16.137] STOP to_move 2 nodes_visited 1914
[22:37:16.138] START to_move 1
[22:37:16.233] STOP to_move 1 nodes_visited 1529
[22:37:16.234] START to_move 2
[22:37:16.297] STOP to_move 2 nodes_visited 1045
[22:37:16.298] START to_move 1
[22:37:16.417] STOP to_move 1 nodes_visited 1870
[22:37:16.418] START to_move 2
[22:37:16.490] STOP to_move 2 nodes_visited 1192
[22:37:16.491] START to_move 1
[22:37:16.630] STOP to_move 1 nodes_visited 2189
[22:37:16.631] START to_move 2
[22:37:16.695] STOP to_move 2 nodes_visited 1059
[22:37:16.696] START to_move 1
[22:37:16.831] STOP to_move 1 nodes_visited 2179
[22:37:16.832] START to_move 2
[22:37:16.897] STOP to_move 2 nodes_visited 1044
[22:37:16.897] START to_move 1
[22:37:17.026] STOP to_move 1 nodes_visited 2066
[22:37:17.028] START to_move 2
[22:37:17.093] STOP to_move 2 nodes_visited 1096
[22:37:17.094] START to_move 1
[22:37:17.225] STOP to_move 1 nodes_visited 2066
[22:37:17.227] START to_move 2
[22:37:17.300] STOP to_move 2 nodes_visited 1219
[22:37:17.300] START to_move 1
[22:37:17.425] STOP to_move 1 nodes_visited 2002
[22:37:17.426] START to_move 2
[22:37:17.490] STOP to_move 2 nodes_visited 1045
[22:37:17.491] START to_move 1
[22:37:17.616] STOP to_move 1 nodes_visited 2001
[22:37:17.617] START to_move 2
[22:37:17.683] STOP to_move 2 nodes_visited 1106
[22:37:17.683] START to_move 1
[22:37:17.896] STOP to_move 1 nodes_visited 3321
[22:37:17.897] START to_move 2
[22:37:18.026] STOP to_move 2 nodes_visited 2071
[22:37:18.028] START to_move 1
[22:37:18.057] STOP to_move 1 nodes_visited 480
[22:37:18.057] START to_move 2
[22:37:18.109] STOP to_move 2 nodes_visited 861
[22:37:18.109] START to_move 1
[22:37:18.138] STOP to_move 1 nodes_visited 470
[22:37:18.138] START to_move 2
[22:37:18.199] STOP to_move 2 nodes_visited 1017
[22:37:18.199] START to_move 1
[22:37:18.228] STOP to_move 1 nodes_visited 468
[22:37:18.228] START to_move 2
[22:37:18.357] STOP to_move 2 nodes_visited 2099
[22:37:18.358] START to_move 1
[22:37:18.386] STOP to_move 1 nodes_visited 468
[22:37:18.387] START to_move 2
[22:37:18.450] STOP to_move 2 nodes_visited 1065
[22:37:18.450] START to_move 1
[22:37:18.481] STOP to_move 1 nodes_visited 492
[22:37:18.481] START to_move 2
[22:37:18.545] STOP to_move 2 nodes_visited 1016
[22:37:18.545] START to_move 1
[22:37:18.576] STOP to_move 1 nodes_visited 492
[22:37:18.576] START to_move 2
[22:37:18.640] STOP to_move 2 nodes_visited 1075
[22:37:18.641] START to_move 1
[22:37:18.901] STOP to_move 1 nodes_visited 3990
[22:37:18.904] START to_move 2
[22:37:18.964] STOP to_move 2 nodes_visited 1010
[22:37:18.965] START to_move 1
[22:37:18.995] STOP to_move 1 nodes_visited 488
[22:37:18.995] START to_move 2
[22:37:19.054] STOP to_move 2 nodes_visited 998
[22:37:19.055] START to_move 1
[22:37:19.087] STOP to_move 1 nodes_visited 486
[22:37:19.087] START to_move 2
[22:37:19.156] STOP to_move 2 nodes_visited 1137
[22:37:19.156] START to_move 1
[22:37:19.186] STOP to_move 1 nodes_visited 478
[22:37:19.186] START to_move 2
[22:37:19.311] STOP to_move 2 nodes_visited 2036
[22:37:19.312] START to_move 1
[22:37:19.342] STOP to_move 1 nodes_visited 482
[22:37:19.342] START to_move 2
[22:37:19.460] STOP to_move 2 nodes_visited 1912
[22:37:19.461] START to_move 1
[22:37:19.646] STOP to_move 1 nodes_visited 2875
[22:37:19.648] START to_move 2
[22:37:19.770] STOP to_move 2 nodes_visited 1997
[22:37:19.771] START to_move 1
[22:37:19.801] STOP to_move 1 nodes_visited 495
[22:37:19.802] START to_move 2
[22:37:19.925] STOP to_move 2 nodes_visited 1980
[22:37:19.926] START to_move 1
[22:37:19.966] STOP to_move 1 nodes_visited 643
[22:37:19.966] START to_move 2
[22:37:20.066] STOP to_move 2 nodes_visited 1650
[22:37:20.067] START to_move 1
[22:37:20.108] STOP to_move 1 nodes_visited 659
[22:37:20.108] START to_move 2
[22:37:20.215] STOP to_move 2 nodes_visited 1728
[22:37:20.216] START to_move 1
[22:37:20.245] STOP to_move 1 nodes_visited 477
[22:37:20.245] START to_move 2
[22:37:20.338] STOP to_move 2 nodes_visited 1533
[22:37:20.339] START to_move 1
[22:37:20.367] STOP to_move 1 nodes_visited 445
[22:37:20.367] START to_move 2
[22:37:20.430] STOP to_move 2 nodes_visited 1064
[22:37:20.431] START to_move 1
[22:37:20.460] STOP to_move 1 nodes_visited 452
[22:37:20.460] START to_move 2
[22:37:20.525] STOP to_move 2 nodes_visited 1080
[22:37:20.526] START to_move 1
[22:37:20.806] STOP to_move 1 nodes_visited 4325
[22:37:20.808] START to_move 2
[22:37:20.867] STOP to_move 2 nodes_visited 986
[22:37:20.868] START to_move 1
[22:37:21.145] STOP to_move 1 nodes_visited 4278
[22:37:21.148] START to_move 2
[22:37:21.204] STOP to_move 2 nodes_visited 934
[22:37:21.204] START to_move 1
[22:37:21.495] STOP to_move 1 nodes_visited 4520
[22:37:21.497] START to_move 2
[22:37:21.555] STOP to_move 2 nodes_visited 942
[22:37:21.556] START to_move 1
[22:37:21.862] STOP to_move 1 nodes_visited 4602
[22:37:21.864] START to_move 2
[22:37:21.920] STOP to_move 2 nodes_visited 938
[22:37:21.921] START to_move 1
[22:37:22.218] STOP to_move 1 nodes_visited 4540
[22:37:22.220] START to_move 2
[22:37:22.277] STOP to_move 2 nodes_visited 934
[22:37:22.277] START to_move 1
[22:37:22.544] STOP to_move 1 nodes_visited 4114
[22:37:22.546] START to_move 2
[22:37:22.616] STOP to_move 2 nodes_visited 1130
[22:37:22.617] START to_move 1
[22:37:22.791] STOP to_move 1 nodes_visited 2779
[22:37:22.792] START to_move 2
[22:37:22.844] STOP to_move 2 nodes_visited 867
[22:37:22.845] START to_move 1
[22:37:22.872] STOP to_move 1 nodes_visited 446
[22:37:22.872] START to_move 2
[22:37:22.933] STOP to_move 2 nodes_visited 1009
[22:37:22.934] START to_move 1
[22:37:22.961] STOP to_move 1 nodes_visited 439
[22:37:22.961] START to_move 2
[22:37:23.024] STOP to_move 2 nodes_visited 1057
[22:37:23.025] START to_move 1
[22:37:23.051] STOP to_move 1 nodes_visited 426
[22:37:23.051] START to_move 2
[22:37:23.104] STOP to_move 2 nodes_visited 900
[22:37:23.105] START to_move 1
[22:37:23.131] STOP to_move 1 nodes_visited 429
[22:37:23.131] START to_move 2
[22:37:23.186] STOP to_move 2 nodes_visited 903
[22:37:23.186] START to_move 1
[22:37:23.366] STOP to_move 1 nodes_visited 2875
[22:37:23.368] START to_move 2
[22:37:23.428] STOP to_move 2 nodes_visited 1002
[22:37:23.429] START to_move 1
[22:37:23.458] STOP to_move 1 nodes_visited 470
[22:37:23.459] START to_move 2
[22:37:23.512] STOP to_move 2 nodes_visited 891
[22:37:23.512] START to_move 1
[22:37:23.548] STOP to_move 1 nodes_visited 584
[22:37:23.548] START to_move 2
[22:37:23.596] STOP to_move 2 nodes_visited 816
[22:37:23.597] START to_move 1
[22:37:23.621] STOP to_move 1 nodes_visited 410
[22:37:23.622] START to_move 2
[22:37:23.671] STOP to_move 2 nodes_visited 829
[22:37:23.671] START to_move 1
[22:37:23.696] STOP to_move 1 nodes_visited 411
[22:37:23.696] START to_move 2
[22:37:23.747] STOP to_move 2 nodes_visited 833
[22:37:23.747] START to_move 1
[22:37:23.863] STOP to_move 1 nodes_visited 1861
[22:37:23.864] START to_move 2
[22:37:23.912] STOP to_move 2 nodes_visited 815
[22:37:23.913] START to_move 1
[22:37:23.937] STOP to_move 1 nodes_visited 403
[22:37:23.937] START to_move 2
[22:37:23.981] STOP to_move 2 nodes_visited 737
[22:37:23.981] START to_move 1
[22:37:24.006] STOP to_move 1 nodes_visited 396
[22:37:24.006] START to_move 2
[22:37:24.045] STOP to_move 2 nodes_visited 660
[22:37:24.046] START to_move 1
[22:37:24.068] STOP to_move 1 nodes_visited 366
[22:37:24.068] START to_move 2
[22:37:24.112] STOP to_move 2 nodes_visited 750
[22:37:24.113] START to_move 1
[22:37:24.158] STOP to_move 1 nodes_visited 748
[22:37:24.158] START to_move 2
[22:37:24.200] STOP to_move 2 nodes_visited 701
[22:37:24.200] START to_move 1
[22:37:24.223] STOP to_move 1 nodes_visited 380
[22:37:24.223] START to_move 2
[22:37:24.261] STOP to_move 2 nodes_visited 636
[22:37:24.262] START to_move 1
[22:37:24.291] STOP to_move 1 nodes_visited 463
[22:37:24.291] START to_move 2
[22:37:24.343] STOP to_move 2 nodes_visited 860
[22:37:24.344] START to_move 1
[22:37:24.366] STOP to_move 1 nodes_visited 368
[22:37:24.366] START to_move 2
[22:37:24.452] STOP to_move 2 nodes_visited 1426
[22:37:24.452] START to_move 1
[22:37:24.484] STOP to_move 1 nodes_visited 511
[22:37:24.485] START to_move 2
[22:37:24.571] STOP to_move 2 nodes_visited 1392
[22:37:24.572] START to_move 1
[22:37:24.597] STOP to_move 1 nodes_visited 407
[22:37:24.598] START to_move 2
[22:37:24.643] STOP to_move 2 nodes_visited 763
[22:37:24.644] START to_move 1
[22:37:24.696] STOP to_move 1 nodes_visited 838
[22:37:24.697] START to_move 2
[22:37:24.790] STOP to_move 2 nodes_visited 1545
[22:37:24.791] START to_move 1
[22:37:24.829] STOP to_move 1 nodes_visited 612
[22:37:24.830] START to_move 2
[22:37:24.873] STOP to_move 2 nodes_visited 719
[22:37:24.874] START to_move 1
[22:37:24.892] STOP to_move 1 nodes_visited 303
[22:37:24.893] START to_move 2
[22:37:24.934] STOP to_move 2 nodes_visited 694
[22:37:24.934] START to_move 1
[22:37:24.953] STOP to_move 1 nodes_visited 317
[22:37:24.954] START to_move 2
[22:37:25.000] STOP to_move 2 nodes_visited 775
[22:37:25.000] START to_move 1
[22:37:25.038] STOP to_move 1 nodes_visited 592
[22:37:25.038] START to_move 2
[22:37:25.172] STOP to_move 2 nodes_visited 2163
[22:37:25.174] START to_move 1
[22:37:25.263] STOP to_move 1 nodes_visited 1388
[22:37:25.264] START to_move 2
[22:37:25.398] STOP to_move 2 nodes_visited 2165
[22:37:25.399] START to_move 1
[22:37:25.413] STOP to_move 1 nodes_visited 244
[22:37:25.414] START to_move 2
[22:37:25.557] STOP to_move 2 nodes_visited 2369
[22:37:25.558] START to_move 1
[22:37:25.572] STOP to_move 1 nodes_visited 225
[22:37:25.572] START to_move 2
[22:37:25.697] STOP to_move 2 nodes_visited 2040
[22:37:25.698] START to_move 1
[22:37:25.711] STOP to_move 1 nodes_visited 215
[22:37:25.711] START to_move 2
[22:37:25.815] STOP to_move 2 nodes_visited 1703
[22:37:25.816] START to_move 1
[22:37:25.841] STOP to_move 1 nodes_visited 419
[22:37:25.841] START to_move 2
[22:37:25.872] STOP to_move 2 nodes_visited 517
[22:37:25.872] START to_move 1
[22:37:25.883] STOP to_move 1 nodes_visited 193
[22:37:25.883] START to_move 2
[22:37:25.911] STOP to_move 2 nodes_visited 461
[22:37:25.911] START to_move 1
[22:37:25.934] STOP to_move 1 nodes_visited 354
[22:37:25.934] START to_move 2
[22:37:25.959] STOP to_move 2 nodes_visited 417
[22:37:25.959] START to_move 1
[22:37:25.970] STOP to_move 1 nodes_visited 193
[22:37:25.970] START to_move 2
[22:37:25.993] STOP to_move 2 nodes_visited 389
[22:37:25.993] START to_move 1
[22:37:26.004] STOP to_move 1 nodes_visited 183
[22:37:26.004] START to_move 2
[22:37:26.022] STOP to_move 2 nodes_visited 312
[22:37:26.023] START to_move 1
[22:37:26.033] STOP to_move 1 nodes_visited 179
[22:37:26.033] START to_move 2
[22:37:26.052] STOP to_move 2 nodes_visited 312
[22:37:26.052] START to_move 1
[22:37:26.062] STOP to_move 1 nodes_visited 179
[22:37:26.062] START to_move 2
[22:37:26.081] STOP to_move 2 nodes_visited 312
[22:37:26.081] START to_move 1
[22:37:26.091] STOP to_move 1 nodes_visited 179
[22:37:26.091] START to_move 2
[22:37:26.110] STOP to_move 2 nodes_visited 304
[22:37:26.110] START to_move 1
[22:37:26.120] STOP to_move 1 nodes_visited 180
[22:37:26.120] START to_move 2
[22:37:26.168] STOP to_move 2 nodes_visited 795
[22:37:26.168] START to_move 1
[22:37:26.179] STOP to_move 1 nodes_visited 178
[22:37:26.179] START to_move 2
[22:37:26.224] STOP to_move 2 nodes_visited 753
[22:37:26.225] START to_move 1
[22:37:26.236] STOP to_move 1 nodes_visited 171
[22:37:26.236] START to_move 2
[22:37:26.282] STOP to_move 2 nodes_visited 753
[22:37:26.282] START to_move 1
[22:37:26.291] STOP to_move 1 nodes_visited 160
[22:37:26.292] START to_move 2
[22:37:26.297] STOP to_move 2 nodes_visited 101
[22:37:26.297] START to_move 1
[22:37:26.310] STOP to_move 1 nodes_visited 219
[22:37:26.310] START to_move 2
[22:37:26.316] STOP to_move 2 nodes_visited 91
[22:37:26.316] START to_move 1
[22:37:26.325] STOP to_move 1 nodes_visited 160
[22:37:26.325] START to_move 2
[22:37:26.329] STOP to_move 2 nodes_visited 69
[22:37:26.329] START to_move 1
[22:37:26.346] STOP to_move 1 nodes_visited 291
[22:37:26.346] START to_move 2
[22:37:26.350] STOP to_move 2 nodes_visited 77
[22:37:26.350] START to_move 1
[22:37:26.368] STOP to_move 1 nodes_visited 298
[22:37:26.368] START to_move 2
[22:37:26.385] STOP to_move 2 nodes_visited 281
[22:37:26.385] START to_move 1
[22:37:26.394] STOP to_move 1 nodes_visited 154
[22:37:26.394] START to_move 2
[22:37:26.406] STOP to_move 2 nodes_visited 201
[22:37:26.406] START to_move 1
[22:37:26.415] STOP to_move 1 nodes_visited 163
[22:37:26.415] START to_move 2
[22:37:26.430] STOP to_move 2 nodes_visited 260
[22:37:26.431] START to_move 1
[22:37:26.439] STOP to_move 1 nodes_visited 157
[22:37:26.440] START to_move 2
[22:37:26.455] STOP to_move 2 nodes_visited 260
[22:37:26.455] START to_move 1
[22:37:26.464] STOP to_move 1 nodes_visited 157
[22:37:26.464] START to_move 2
[22:37:26.479] STOP to_move 2 nodes_visited 257
[22:37:26.479] START to_move 1
[22:37:26.488] STOP to_move 1 nodes_visited 153
[22:37:26.488] START to_move 2
[22:37:26.500] STOP to_move 2 nodes_visited 193
[22:37:26.500] START to_move 1
[22:37:26.508] STOP to_move 1 nodes_visited 153
[22:37:26.508] START to_move 2
[22:37:26.520] STOP to_move 2 nodes_visited 193
[22:37:26.520] START to_move 1
[22:37:26.530] STOP to_move 1 nodes_visited 154
[22:37:26.531] START to_move 2
[22:37:26.542] STOP to_move 2 nodes_visited 195
[22:37:26.542] START to_move 1
[22:37:26.551] STOP to_move 1 nodes_visited 150
[22:37:26.551] START to_move 2
[22:37:26.562] STOP to_move 2 nodes_visited 195
[22:37:26.562] START to_move 1
[22:37:26.571] STOP to_move 1 nodes_visited 150
[22:37:26.571] START to_move 2
[22:37:26.583] STOP to_move 2 nodes_visited 195
[22:37:26.583] START to_move 1
[22:37:26.591] STOP to_move 1 nodes_visited 150
[22:37:26.591] START to_move 2
[22:37:26.603] STOP to_move 2 nodes_visited 191
[22:37:26.603] START to_move 1
[22:37:26.611] STOP to_move 1 nodes_visited 146
[22:37:26.611] START to_move 2
[22:37:26.627] STOP to_move 2 nodes_visited 265
[22:37:26.627] START to_move 1
[22:37:26.641] STOP to_move 1 nodes_visited 232
[22:37:26.641] START to_move 2
[22:37:26.657] STOP to_move 2 nodes_visited 273
[22:37:26.657] START to_move 1
[22:37:26.668] STOP to_move 1 nodes_visited 184
[22:37:26.669] START to_move 2
[22:37:26.680] STOP to_move 2 nodes_visited 192
[22:37:26.680] START to_move 1
[22:37:26.688] STOP to_move 1 nodes_visited 137
[22:37:26.688] START to_move 2
[22:37:26.696] STOP to_move 2 nodes_visited 133
[22:37:26.696] START to_move 1
[22:37:26.704] STOP to_move 1 nodes_visited 140
[22:37:26.704] START to_move 2
[22:37:26.716] STOP to_move 2 nodes_visited 194
[22:37:26.716] START to_move 1
[22:37:26.723] STOP to_move 1 nodes_visited 125
[22:37:26.723] START to_move 2
[22:37:26.728] STOP to_move 2 nodes_visited 76
[22:37:26.728] START to_move 1
[22:37:26.737] STOP to_move 1 nodes_visited 151
[22:37:26.737] START to_move 2
[22:37:26.742] STOP to_move 2 nodes_visited 84
[22:37:26.742] START to_move 1
[22:37:26.749] STOP to_move 1 nodes_visited 132
[22:37:26.750] START to_move 2
[22:37:26.755] STOP to_move 2 nodes_visited 100
[22:37:26.755] START to_move 1
[22:37:26.765] STOP to_move 1 nodes_visited 173
[22:37:26.766] START to_move 2
[22:37:26.766] STOP to_move 2 nodes_visited 7
[22:37:26.766] END winner 2 - rounds 230
