[21:31:09.052] 1 - distance_function chebyshev - pruning True
[21:31:09.052] 2 - distance_function euclides - pruning True
[21:31:09.052] START to_move 1
[21:31:09.105] STOP to_move 1 nodes_visited 835
[21:31:09.106] START to_move 2
[21:31:09.191] STOP to_move 2 nodes_visited 1414
[21:31:09.192] START to_move 1
[21:31:09.236] STOP to_move 1 nodes_visited 693
[21:31:09.236] START to_move 2
[21:31:09.316] STOP to_move 2 nodes_visited 1237
[21:31:09.317] START to_move 1
[21:31:09.349] STOP to_move 1 nodes_visited 487
[21:31:09.349] START to_move 2
[21:31:09.475] STOP to_move 2 nodes_visited 2073
[21:31:09.476] START to_move 1
[21:31:09.506] STOP to_move 1 nodes_visited 484
[21:31:09.506] START to_move 2
[21:31:09.579] STOP to_move 2 nodes_visited 1167
[21:31:09.580] START to_move 1
[21:31:09.621] STOP to_move 1 nodes_visited 659
[21:31:09.622] START to_move 2
[21:31:09.752] STOP to_move 2 nodes_visited 2145
[21:31:09.753] START to_move 1
[21:31:09.892] STOP to_move 1 nodes_visited 2149
[21:31:09.894] START to_move 2
[21:31:10.055] STOP to_move 2 nodes_visited 2566
[21:31:10.056] START to_move 1
[21:31:10.174] STOP to_move 1 nodes_visited 1838
[21:31:10.175] START to_move 2
[21:31:10.422] STOP to_move 2 nodes_visited 3716
[21:31:10.424] START to_move 1
[21:31:10.443] STOP to_move 1 nodes_visited 303
[21:31:10.443] START to_move 2
[21:31:10.692] STOP to_move 2 nodes_visited 3813
[21:31:10.694] START to_move 1
[21:31:10.712] STOP to_move 1 nodes_visited 296
[21:31:10.712] START to_move 2
[21:31:10.845] STOP to_move 2 nodes_visited 2175
[21:31:10.846] START to_move 1
[21:31:10.864] STOP to_move 1 nodes_visited 284
[21:31:10.864] START to_move 2
[21:31:10.996] STOP to_move 2 nodes_visited 2127
[21:31:10.997] START to_move 1
[21:31:11.030] STOP to_move 1 nodes_visited 499
[21:31:11.030] START to_move 2
[21:31:11.105] STOP to_move 2 nodes_visited 1253
[21:31:11.106] START to_move 1
[21:31:11.158] STOP to_move 1 nodes_visited 842
[21:31:11.158] START to_move 2
[21:31:11.332] STOP to_move 2 nodes_visited 2783
[21:31:11.334] START to_move 1
[21:31:11.389] STOP to_move 1 nodes_visited 888
[21:31:11.389] START to_move 2
[21:31:11.555] STOP to_move 2 nodes_visited 2651
[21:31:11.556] START to_move 1
[21:31:11.668] STOP to_move 1 nodes_visited 1748
[21:31:11.669] START to_move 2
[21:31:11.797] STOP to_move 2 nodes_visited 2016
[21:31:11.798] START to_move 1
[21:31:11.880] STOP to_move 1 nodes_visited 1331
[21:31:11.881] START to_move 2
[21:31:12.039] STOP to_move 2 nodes_visited 2537
[21:31:12.041] START to_move 1
[21:31:12.147] STOP to_move 1 nodes_visited 1693
[21:31:12.148] START to_move 2
[21:31:12.265] STOP to_move 2 nodes_visited 1812
[21:31:12.266] START to_move 1
[21:31:12.288] STOP to_move 1 nodes_visited 333
[21:31:12.289] START to_move 2
[21:31:12.503] STOP to_move 2 nodes_visited 3422
[21:31:12.506] START to_move 1
[21:31:12.578] STOP to_move 1 nodes_visited 1127
[21:31:12.579] START to_move 2
[21:31:12.684] STOP to_move 2 nodes_visited 1666
[21:31:12.685] START to_move 1
[21:31:12.774] STOP to_move 1 nodes_visited 1439
[21:31:12.775] START to_move 2
[21:31:12.960] STOP to_move 2 nodes_visited 2964
[21:31:12.962] START to_move 1
[21:31:13.026] STOP to_move 1 nodes_visited 999
[21:31:13.027] START to_move 2
[21:31:13.140] STOP to_move 2 nodes_visited 1805
[21:31:13.141] START to_move 1
[21:31:13.211] STOP to_move 1 nodes_visited 1084
[21:31:13.211] START to_move 2
[21:31:13.548] STOP to_move 2 nodes_visited 5142
[21:31:13.551] START to_move 1
[21:31:13.616] STOP to_move 1 nodes_visited 1004
[21:31:13.617] START to_move 2
[21:31:13.703] STOP to_move 2 nodes_visited 1374
[21:31:13.704] START to_move 1
[21:31:13.771] STOP to_move 1 nodes_visited 1069
[21:31:13.771] START to_move 2
[21:31:13.807] STOP to_move 2 nodes_visited 597
[21:31:13.808] START to_move 1
[21:31:13.910] STOP to_move 1 nodes_visited 1618
[21:31:13.911] START to_move 2
[21:31:13.953] STOP to_move 2 nodes_visited 682
[21:31:13.954] START to_move 1
[21:31:14.056] STOP to_move 1 nodes_visited 1628
[21:31:14.057] START to_move 2
[21:31:14.196] STOP to_move 2 nodes_visited 2262
[21:31:14.197] START to_move 1
[21:31:14.319] STOP to_move 1 nodes_visited 1944
[21:31:14.320] START to_move 2
[21:31:14.484] STOP to_move 2 nodes_visited 2627
[21:31:14.486] START to_move 1
[21:31:14.606] STOP to_move 1 nodes_visited 1944
[21:31:14.607] START to_move 2
[21:31:14.775] STOP to_move 2 nodes_visited 2695
[21:31:14.777] START to_move 1
[21:31:14.899] STOP to_move 1 nodes_visited 1980
[21:31:14.900] START to_move 2
[21:31:15.072] STOP to_move 2 nodes_visited 2739
[21:31:15.074] START to_move 1
[21:31:15.186] STOP to_move 1 nodes_visited 1810
[21:31:15.187] START to_move 2
[21:31:15.358] STOP to_move 2 nodes_visited 2739
[21:31:15.360] START to_move 1
[21:31:15.469] STOP to_move 1 nodes_visited 1754
[21:31:15.470] START to_move 2
[21:31:15.569] STOP to_move 2 nodes_visited 1593
[21:31:15.570] START to_move 1
[21:31:15.678] STOP to_move 1 nodes_visited 1741
[21:31:15.679] START to_move 2
[21:31:15.804] STOP to_move 2 nodes_visited 2000
[21:31:15.805] START to_move 1
[21:31:15.917] STOP to_move 1 nodes_visited 1799
[21:31:15.918] START to_move 2
[21:31:16.067] STOP to_move 2 nodes_visited 2402
[21:31:16.068] START to_move 1
[21:31:16.186] STOP to_move 1 nodes_visited 1886
[21:31:16.187] START to_move 2
[21:31:16.443] STOP to_move 2 nodes_visited 4017
[21:31:16.446] START to_move 1
[21:31:16.550] STOP to_move 1 nodes_visited 1687
[21:31:16.551] START to_move 2
[21:31:16.787] STOP to_move 2 nodes_visited 3705
[21:31:16.790] START to_move 1
[21:31:16.900] STOP to_move 1 nodes_visited 1735
[21:31:16.901] START to_move 2
[21:31:17.160] STOP to_move 2 nodes_visited 4036
[21:31:17.163] START to_move 1
[21:31:17.265] STOP to_move 1 nodes_visited 1639
[21:31:17.266] START to_move 2
[21:31:17.498] STOP to_move 2 nodes_visited 3651
[21:31:17.500] START to_move 1
[21:31:17.602] STOP to_move 1 nodes_visited 1643
[21:31:17.603] START to_move 2
[21:31:17.690] STOP to_move 2 nodes_visited 1408
[21:31:17.691] START to_move 1
[21:31:17.800] STOP to_move 1 nodes_visited 1745
[21:31:17.801] START to_move 2
[21:31:17.928] STOP to_move 2 nodes_visited 2106
[21:31:17.929] START to_move 1
[21:31:18.043] STOP to_move 1 nodes_visited 1806
[21:31:18.044] START to_move 2
[21:31:18.228] STOP to_move 2 nodes_visited 2980
[21:31:18.229] START to_move 1
[21:31:18.334] STOP to_move 1 nodes_visited 1688
[21:31:18.335] START to_move 2
[21:31:18.417] STOP to_move 2 nodes_visited 1376
[21:31:18.418] START to_move 1
[21:31:18.598] STOP to_move 1 nodes_visited 2835
[21:31:18.599] START to_move 2
[21:31:18.715] STOP to_move 2 nodes_visited 1924
[21:31:18.716] START to_move 1
[21:31:18.873] STOP to_move 1 nodes_visited 2497
[21:31:18.875] START to_move 2
[21:31:18.983] STOP to_move 2 nodes_visited 1809
[21:31:18.984] START to_move 1
[21:31:19.139] STOP to_move 1 nodes_visited 2446
[21:31:19.140] START to_move 2
[21:31:19.237] STOP to_move 2 nodes_visited 1616
[21:31:19.238] START to_move 1
[21:31:19.387] STOP to_move 1 nodes_visited 2271
[21:31:19.388] START to_move 2
[21:31:19.572] STOP to_move 2 nodes_visited 2966
[21:31:19.574] START to_move 1
[21:31:19.707] STOP to_move 1 nodes_visited 2042
[21:31:19.708] START to_move 2
[21:31:19.790] STOP to_move 2 nodes_visited 1352
[21:31:19.790] START to_move 1
[21:31:19.930] STOP to_move 1 nodes_visited 2108
[21:31:19.931] START to_move 2
[21:31:20.031] STOP to_move 2 nodes_visited 1650
[21:31:20.032] START to_move 1
[21:31:20.169] STOP to_move 1 nodes_visited 2075
[21:31:20.170] START to_move 2
[21:31:20.299] STOP to_move 2 nodes_visited 1889
[21:31:20.300] START to_move 1
[21:31:20.441] STOP to_move 1 nodes_visited 2074
[21:31:20.442] START to_move 2
[21:31:20.564] STOP to_move 2 nodes_visited 2026
[21:31:20.565] START to_move 1
[21:31:20.598] STOP to_move 1 nodes_visited 521
[21:31:20.598] START to_move 2
[21:31:20.689] STOP to_move 2 nodes_visited 1473
[21:31:20.689] START to_move 1
[21:31:20.707] STOP to_move 1 nodes_visited 289
[21:31:20.707] START to_move 2
[21:31:20.816] STOP to_move 2 nodes_visited 1812
[21:31:20.817] START to_move 1
[21:31:20.835] STOP to_move 1 nodes_visited 293
[21:31:20.835] START to_move 2
[21:31:20.958] STOP to_move 2 nodes_visited 1988
[21:31:20.959] START to_move 1
[21:31:20.975] STOP to_move 1 nodes_visited 277
[21:31:20.976] START to_move 2
[21:31:21.090] STOP to_move 2 nodes_visited 1891
[21:31:21.091] START to_move 1
[21:31:21.107] STOP to_move 1 nodes_visited 260
[21:31:21.107] START to_move 2
[21:31:21.245] STOP to_move 2 nodes_visited 2247
[21:31:21.247] START to_move 1
[21:31:21.262] STOP to_move 1 nodes_visited 261
[21:31:21.262] START to_move 2
[21:31:21.355] STOP to_move 2 nodes_visited 1492
[21:31:21.356] START to_move 1
[21:31:21.388] STOP to_move 1 nodes_visited 532
[21:31:21.389] START to_move 2
[21:31:21.466] STOP to_move 2 nodes_visited 1212
[21:31:21.467] START to_move 1
[21:31:21.483] STOP to_move 1 nodes_visited 265
[21:31:21.483] START to_move 2
[21:31:21.592] STOP to_move 2 nodes_visited 1722
[21:31:21.593] START to_move 1
[21:31:21.609] STOP to_move 1 nodes_visited 269
[21:31:21.609] START to_move 2
[21:31:21.829] STOP to_move 2 nodes_visited 3479
[21:31:21.831] START to_move 1
[21:31:21.847] STOP to_move 1 nodes_visited 269
[21:31:21.847] START to_move 2
[21:31:22.073] STOP to_move 2 nodes_visited 3586
[21:31:22.075] START to_move 1
[21:31:22.092] STOP to_move 1 nodes_visited 272
[21:31:22.092] START to_move 2
[21:31:22.318] STOP to_move 2 nodes_visited 3611
[21:31:22.320] START to_move 1
[21:31:22.336] STOP to_move 1 nodes_visited 265
[21:31:22.336] START to_move 2
[21:31:22.549] STOP to_move 2 nodes_visited 3373
[21:31:22.551] START to_move 1
[21:31:22.565] STOP to_move 1 nodes_visited 226
[21:31:22.565] START to_move 2
[21:31:22.757] STOP to_move 2 nodes_visited 3176
[21:31:22.759] START to_move 1
[21:31:22.793] STOP to_move 1 nodes_visited 508
[21:31:22.793] START to_move 2
[21:31:22.843] STOP to_move 2 nodes_visited 817
[21:31:22.843] START to_move 1
[21:31:22.859] STOP to_move 1 nodes_visited 268
[21:31:22.859] START to_move 2
[21:31:22.960] STOP to_move 2 nodes_visited 1662
[21:31:22.961] START to_move 1
[21:31:22.977] STOP to_move 1 nodes_visited 268
[21:31:22.977] START to_move 2
[21:31:23.082] STOP to_move 2 nodes_visited 1660
[21:31:23.083] START to_move 1
[21:31:23.098] STOP to_move 1 nodes_visited 259
[21:31:23.098] START to_move 2
[21:31:23.187] STOP to_move 2 nodes_visited 1452
[21:31:23.187] START to_move 1
[21:31:23.202] STOP to_move 1 nodes_visited 243
[21:31:23.202] START to_move 2
[21:31:23.405] STOP to_move 2 nodes_visited 3168
[21:31:23.407] START to_move 1
[21:31:23.422] STOP to_move 1 nodes_visited 243
[21:31:23.422] START to_move 2
[21:31:23.597] STOP to_move 2 nodes_visited 2770
[21:31:23.599] START to_move 1
[21:31:23.617] STOP to_move 1 nodes_visited 273
[21:31:23.617] START to_move 2
[21:31:23.717] STOP to_move 2 nodes_visited 1644
[21:31:23.718] START to_move 1
[21:31:23.750] STOP to_move 1 nodes_visited 526
[21:31:23.751] START to_move 2
[21:31:23.865] STOP to_move 2 nodes_visited 1841
[21:31:23.866] START to_move 1
[21:31:23.944] STOP to_move 1 nodes_visited 1203
[21:31:23.945] START to_move 2
[21:31:24.044] STOP to_move 2 nodes_visited 1590
[21:31:24.045] START to_move 1
[21:31:24.086] STOP to_move 1 nodes_visited 655
[21:31:24.086] START to_move 2
[21:31:24.184] STOP to_move 2 nodes_visited 1545
[21:31:24.184] START to_move 1
[21:31:24.204] STOP to_move 1 nodes_visited 321
[21:31:24.204] START to_move 2
[21:31:24.285] STOP to_move 2 nodes_visited 1323
[21:31:24.286] START to_move 1
[21:31:24.319] STOP to_move 1 nodes_visited 535
[21:31:24.320] START to_move 2
[21:31:24.412] STOP to_move 2 nodes_visited 1504
[21:31:24.413] START to_move 1
[21:31:24.425] STOP to_move 1 nodes_visited 207
[21:31:24.425] START to_move 2
[21:31:24.512] STOP to_move 2 nodes_visited 1384
[21:31:24.513] START to_move 1
[21:31:24.524] STOP to_move 1 nodes_visited 199
[21:31:24.524] START to_move 2
[21:31:24.601] STOP to_move 2 nodes_visited 1236
[21:31:24.601] START to_move 1
[21:31:24.628] STOP to_move 1 nodes_visited 427
[21:31:24.628] START to_move 2
[21:31:24.711] STOP to_move 2 nodes_visited 1361
[21:31:24.712] START to_move 1
[21:31:24.722] STOP to_move 1 nodes_visited 174
[21:31:24.723] START to_move 2
[21:31:24.799] STOP to_move 2 nodes_visited 1234
[21:31:24.800] START to_move 1
[21:31:24.810] STOP to_move 1 nodes_visited 171
[21:31:24.810] START to_move 2
[21:31:24.863] STOP to_move 2 nodes_visited 869
[21:31:24.864] START to_move 1
[21:31:24.875] STOP to_move 1 nodes_visited 191
[21:31:24.875] START to_move 2
[21:31:24.918] STOP to_move 2 nodes_visited 699
[21:31:24.918] START to_move 1
[21:31:24.933] STOP to_move 1 nodes_visited 250
[21:31:24.933] START to_move 2
[21:31:24.976] STOP to_move 2 nodes_visited 716
[21:31:24.977] START to_move 1
[21:31:24.988] STOP to_move 1 nodes_visited 201
[21:31:24.988] START to_move 2
[21:31:25.021] STOP to_move 2 nodes_visited 531
[21:31:25.022] START to_move 1
[21:31:25.034] STOP to_move 1 nodes_visited 204
[21:31:25.034] START to_move 2
[21:31:25.066] STOP to_move 2 nodes_visited 531
[21:31:25.066] START to_move 1
[21:31:25.078] STOP to_move 1 nodes_visited 204
[21:31:25.078] START to_move 2
[21:31:25.110] STOP to_move 2 nodes_visited 540
[21:31:25.111] START to_move 1
[21:31:25.120] STOP to_move 1 nodes_visited 171
[21:31:25.121] START to_move 2
[21:31:25.154] STOP to_move 2 nodes_visited 560
[21:31:25.154] START to_move 1
[21:31:25.163] STOP to_move 1 nodes_visited 160
[21:31:25.164] START to_move 2
[21:31:25.189] STOP to_move 2 nodes_visited 427
[21:31:25.189] START to_move 1
[21:31:25.199] STOP to_move 1 nodes_visited 169
[21:31:25.199] START to_move 2
[21:31:25.228] STOP to_move 2 nodes_visited 491
[21:31:25.229] START to_move 1
[21:31:25.245] STOP to_move 1 nodes_visited 266
[21:31:25.245] START to_move 2
[21:31:25.283] STOP to_move 2 nodes_visited 631
[21:31:25.283] START to_move 1
[21:31:25.298] STOP to_move 1 nodes_visited 253
[21:31:25.298] START to_move 2
[21:31:25.328] STOP to_move 2 nodes_visited 479
[21:31:25.329] START to_move 1
[21:31:25.343] STOP to_move 1 nodes_visited 238
[21:31:25.343] START to_move 2
[21:31:25.377] STOP to_move 2 nodes_visited 577
[21:31:25.378] START to_move 1
[21:31:25.392] STOP to_move 1 nodes_visited 243
[21:31:25.392] START to_move 2
[21:31:25.418] STOP to_move 2 nodes_visited 429
[21:31:25.418] START to_move 1
[21:31:25.434] STOP to_move 1 nodes_visited 252
[21:31:25.434] START to_move 2
[21:31:25.467] STOP to_move 2 nodes_visited 553
[21:31:25.467] START to_move 1
[21:31:25.482] STOP to_move 1 nodes_visited 256
[21:31:25.482] START to_move 2
[21:31:25.504] STOP to_move 2 nodes_visited 369
[21:31:25.504] START to_move 1
[21:31:25.520] STOP to_move 1 nodes_visited 258
[21:31:25.520] START to_move 2
[21:31:25.550] STOP to_move 2 nodes_visited 499
[21:31:25.550] START to_move 1
[21:31:25.566] STOP to_move 1 nodes_visited 254
[21:31:25.566] START to_move 2
[21:31:25.599] STOP to_move 2 nodes_visited 519
[21:31:25.599] START to_move 1
[21:31:25.614] STOP to_move 1 nodes_visited 258
[21:31:25.614] START to_move 2
[21:31:25.642] STOP to_move 2 nodes_visited 456
[21:31:25.642] START to_move 1
[21:31:25.651] STOP to_move 1 nodes_visited 146
[21:31:25.651] START to_move 2
[21:31:25.684] STOP to_move 2 nodes_visited 548
[21:31:25.684] START to_move 1
[21:31:25.695] STOP to_move 1 nodes_visited 181
[21:31:25.695] START to_move 2
[21:31:25.733] STOP to_move 2 nodes_visited 637
[21:31:25.733] START to_move 1
[21:31:25.742] STOP to_move 1 nodes_visited 148
[21:31:25.742] START to_move 2
[21:31:25.769] STOP to_move 2 nodes_visited 451
[21:31:25.769] START to_move 1
[21:31:25.779] STOP to_move 1 nodes_visited 182
[21:31:25.780] START to_move 2
[21:31:25.789] STOP to_move 2 nodes_visited 165
[21:31:25.789] START to_move 1
[21:31:25.797] STOP to_move 1 nodes_visited 141
[21:31:25.798] START to_move 2
[21:31:25.820] STOP to_move 2 nodes_visited 376
[21:31:25.820] START to_move 1
[21:31:25.829] STOP to_move 1 nodes_visited 153
[21:31:25.829] START to_move 2
[21:31:25.853] STOP to_move 2 nodes_visited 409
[21:31:25.853] START to_move 1
[21:31:25.863] STOP to_move 1 nodes_visited 169
[21:31:25.863] START to_move 2
[21:31:25.879] STOP to_move 2 nodes_visited 276
[21:31:25.880] START to_move 1
[21:31:25.888] STOP to_move 1 nodes_visited 146
[21:31:25.888] START to_move 2
[21:31:25.908] STOP to_move 2 nodes_visited 326
[21:31:25.908] START to_move 1
[21:31:25.917] STOP to_move 1 nodes_visited 152
[21:31:25.917] START to_move 2
[21:31:25.929] STOP to_move 2 nodes_visited 202
[21:31:25.929] START to_move 1
[21:31:25.938] STOP to_move 1 nodes_visited 143
[21:31:25.938] START to_move 2
[21:31:25.954] STOP to_move 2 nodes_visited 271
[21:31:25.954] START to_move 1
[21:31:25.962] STOP to_move 1 nodes_visited 146
[21:31:25.963] START to_move 2
[21:31:25.977] STOP to_move 2 nodes_visited 255
[21:31:25.978] START to_move 1
[21:31:25.997] STOP to_move 1 nodes_visited 328
[21:31:25.997] START to_move 2
[21:31:26.014] STOP to_move 2 nodes_visited 281
[21:31:26.014] START to_move 1
[21:31:26.023] STOP to_move 1 nodes_visited 146
[21:31:26.023] START to_move 2
[21:31:26.033] STOP to_move 2 nodes_visited 167
[21:31:26.033] START to_move 1
[21:31:26.042] STOP to_move 1 nodes_visited 155
[21:31:26.042] START to_move 2
[21:31:26.048] STOP to_move 2 nodes_visited 107
[21:31:26.048] START to_move 1
[21:31:26.057] STOP to_move 1 nodes_visited 153
[21:31:26.057] START to_move 2
[21:31:26.065] STOP to_move 2 nodes_visited 133
[21:31:26.065] START to_move 1
[21:31:26.073] STOP to_move 1 nodes_visited 145
[21:31:26.074] START to_move 2
[21:31:26.086] STOP to_move 2 nodes_visited 211
[21:31:26.086] START to_move 1
[21:31:26.094] STOP to_move 1 nodes_visited 133
[21:31:26.094] START to_move 2
[21:31:26.103] STOP to_move 2 nodes_visited 141
[21:31:26.103] START to_move 1
[21:31:26.110] STOP to_move 1 nodes_visited 111
[21:31:26.110] START to_move 2
[21:31:26.118] STOP to_move 2 nodes_visited 133
[21:31:26.118] START to_move 1
[21:31:26.123] STOP to_move 1 nodes_visited 96
[21:31:26.124] START to_move 2
[21:31:26.127] STOP to_move 2 nodes_visited 53
[21:31:26.127] START to_move 1
[21:31:26.134] STOP to_move 1 nodes_visited 114
[21:31:26.134] START to_move 2
[21:31:26.141] STOP to_move 2 nodes_visited 128
[21:31:26.141] START to_move 1
[21:31:26.147] STOP to_move 1 nodes_visited 92
[21:31:26.147] START to_move 2
[21:31:26.150] STOP to_move 2 nodes_visited 52
[21:31:26.150] START to_move 1
[21:31:26.157] STOP to_move 1 nodes_visited 108
[21:31:26.157] START to_move 2
[21:31:26.164] STOP to_move 2 nodes_visited 123
[21:31:26.164] START to_move 1
[21:31:26.169] STOP to_move 1 nodes_visited 88
[21:31:26.170] START to_move 2
[21:31:26.173] STOP to_move 2 nodes_visited 51
[21:31:26.173] START to_move 1
[21:31:26.179] STOP to_move 1 nodes_visited 112
[21:31:26.179] START to_move 2
[21:31:26.187] STOP to_move 2 nodes_visited 122
[21:31:26.187] START to_move 1
[21:31:26.192] STOP to_move 1 nodes_visited 92
[21:31:26.192] START to_move 2
[21:31:26.195] STOP to_move 2 nodes_visited 49
[21:31:26.195] START to_move 1
[21:31:26.202] STOP to_move 1 nodes_visited 108
[21:31:26.202] START to_move 2
[21:31:26.209] STOP to_move 2 nodes_visited 122
[21:31:26.209] START to_move 1
[21:31:26.214] STOP to_move 1 nodes_visited 88
[21:31:26.214] START to_move 2
[21:31:26.217] STOP to_move 2 nodes_visited 51
[21:31:26.217] START to_move 1
[21:31:26.225] STOP to_move 1 nodes_visited 106
[21:31:26.225] START to_move 2
[21:31:26.232] STOP to_move 2 nodes_visited 121
[21:31:26.233] START to_move 1
[21:31:26.237] STOP to_move 1 nodes_visited 82
[21:31:26.237] START to_move 2
[21:31:26.240] STOP to_move 2 nodes_visited 46
[21:31:26.240] START to_move 1
[21:31:26.246] STOP to_move 1 nodes_visited 93
[21:31:26.246] START to_move 2
[21:31:26.254] STOP to_move 2 nodes_visited 126
[21:31:26.254] START to_move 1
[21:31:26.258] STOP to_move 1 nodes_visited 78
[21:31:26.259] START to_move 2
[21:31:26.261] STOP to_move 2 nodes_visited 44
[21:31:26.261] START to_move 1
[21:31:26.267] STOP to_move 1 nodes_visited 93
[21:31:26.267] START to_move 2
[21:31:26.274] STOP to_move 2 nodes_visited 123
[21:31:26.274] START to_move 1
[21:31:26.279] STOP to_move 1 nodes_visited 77
[21:31:26.279] START to_move 2
[21:31:26.282] STOP to_move 2 nodes_visited 44
[21:31:26.282] START to_move 1
[21:31:26.287] STOP to_move 1 nodes_visited 93
[21:31:26.287] START to_move 2
[21:31:26.294] STOP to_move 2 nodes_visited 114
[21:31:26.294] START to_move 1
[21:31:26.298] STOP to_move 1 nodes_visited 70
[21:31:26.298] START to_move 2
[21:31:26.301] STOP to_move 2 nodes_visited 43
[21:31:26.301] START to_move 1
[21:31:26.306] STOP to_move 1 nodes_visited 80
[21:31:26.306] START to_move 2
[21:31:26.312] STOP to_move 2 nodes_visited 109
[21:31:26.312] START to_move 1
[21:31:26.317] STOP to_move 1 nodes_visited 64
[21:31:26.317] START to_move 2
[21:31:26.319] STOP to_move 2 nodes_visited 34
[21:31:26.319] START to_move 1
[21:31:26.323] STOP to_move 1 nodes_visited 72
[21:31:26.323] START to_move 2
[21:31:26.329] STOP to_move 2 nodes_visited 103
[21:31:26.329] START to_move 1
[21:31:26.333] STOP to_move 1 nodes_visited 66
[21:31:26.333] START to_move 2
[21:31:26.336] STOP to_move 2 nodes_visited 36
[21:31:26.336] START to_move 1
[21:31:26.340] STOP to_move 1 nodes_visited 74
[21:31:26.340] START to_move 2
[21:31:26.345] STOP to_move 2 nodes_visited 77
[21:31:26.345] START to_move 1
[21:31:26.348] STOP to_move 1 nodes_visited 57
[21:31:26.348] START to_move 2
[21:31:26.350] STOP to_move 2 nodes_visited 32
[21:31:26.350] START to_move 1
[21:31:26.354] STOP to_move 1 nodes_visited 67
[21:31:26.354] START to_move 2
[21:31:26.359] STOP to_move 2 nodes_visited 77
[21:31:26.359] START to_move 1
[21:31:26.362] STOP to_move 1 nodes_visited 58
[21:31:26.362] START to_move 2
[21:31:26.364] STOP to_move 2 nodes_visited 31
[21:31:26.364] START to_move 1
[21:31:26.368] STOP to_move 1 nodes_visited 67
[21:31:26.369] START to_move 2
[21:31:26.374] STOP to_move 2 nodes_visited 86
[21:31:26.374] START to_move 1
[21:31:26.377] STOP to_move 1 nodes_visited 54
[21:31:26.377] START to_move 2
[21:31:26.379] STOP to_move 2 nodes_visited 31
[21:31:26.379] START to_move 1
[21:31:26.383] STOP to_move 1 nodes_visited 66
[21:31:26.383] START to_move 2
[21:31:26.387] STOP to_move 2 nodes_visited 72
[21:31:26.387] START to_move 1
[21:31:26.391] STOP to_move 1 nodes_visited 62
[21:31:26.391] START to_move 2
[21:31:26.393] STOP to_move 2 nodes_visited 32
[21:31:26.393] START to_move 1
[21:31:26.397] STOP to_move 1 nodes_visited 71
[21:31:26.397] START to_move 2
[21:31:26.401] STOP to_move 2 nodes_visited 60
[21:31:26.401] START to_move 1
[21:31:26.404] STOP to_move 1 nodes_visited 51
[21:31:26.404] START to_move 2
[21:31:26.406] STOP to_move 2 nodes_visited 33
[21:31:26.406] START to_move 1
[21:31:26.410] STOP to_move 1 nodes_visited 70
[21:31:26.410] START to_move 2
[21:31:26.417] STOP to_move 2 nodes_visited 112
[21:31:26.417] START to_move 1
[21:31:26.421] STOP to_move 1 nodes_visited 66
[21:31:26.421] START to_move 2
[21:31:26.423] STOP to_move 2 nodes_visited 31
[21:31:26.423] START to_move 1
[21:31:26.427] STOP to_move 1 nodes_visited 66
[21:31:26.427] START to_move 2
[21:31:26.431] STOP to_move 2 nodes_visited 72
[21:31:26.431] START to_move 1
[21:31:26.435] STOP to_move 1 nodes_visited 60
[21:31:26.435] START to_move 2
[21:31:26.437] STOP to_move 2 nodes_visited 30
[21:31:26.437] START to_move 1
[21:31:26.441] STOP to_move 1 nodes_visited 62
[21:31:26.441] START to_move 2
[21:31:26.445] STOP to_move 2 nodes_visited 82
[21:31:26.446] START to_move 1
[21:31:26.449] STOP to_move 1 nodes_visited 56
[21:31:26.449] START to_move 2
[21:31:26.451] STOP to_move 2 nodes_visited 31
[21:31:26.451] START to_move 1
[21:31:26.455] STOP to_move 1 nodes_visited 62
[21:31:26.455] START to_move 2
[21:31:26.460] STOP to_move 2 nodes_visited 86
[21:31:26.460] START to_move 1
[21:31:26.463] STOP to_move 1 nodes_visited 54
[21:31:26.464] START to_move 2
[21:31:26.465] STOP to_move 2 nodes_visited 29
[21:31:26.465] START to_move 1
[21:31:26.469] STOP to_move 1 nodes_visited 61
[21:31:26.469] START to_move 2
[21:31:26.474] STOP to_move 2 nodes_visited 87
[21:31:26.474] START to_move 1
[21:31:26.477] STOP to_move 1 nodes_visited 51
[21:31:26.477] START to_move 2
[21:31:26.479] STOP to_move 2 nodes_visited 27
[21:31:26.479] START to_move 1
[21:31:26.482] STOP to_move 1 nodes_visited 55
[21:31:26.483] START to_move 2
[21:31:26.487] STOP to_move 2 nodes_visited 72
[21:31:26.487] START to_move 1
[21:31:26.489] STOP to_move 1 nodes_visited 44
[21:31:26.489] START to_move 2
[21:31:26.491] STOP to_move 2 nodes_visited 25
[21:31:26.491] START to_move 1
[21:31:26.494] STOP to_move 1 nodes_visited 55
[21:31:26.494] START to_move 2
[21:31:26.498] STOP to_move 2 nodes_visited 69
[21:31:26.498] START to_move 1
[21:31:26.501] STOP to_move 1 nodes_visited 47
[21:31:26.501] START to_move 2
[21:31:26.503] STOP to_move 2 nodes_visited 28
[21:31:26.503] START to_move 1
[21:31:26.506] STOP to_move 1 nodes_visited 54
[21:31:26.506] START to_move 2
[21:31:26.510] STOP to_move 2 nodes_visited 70
[21:31:26.510] START to_move 1
[21:31:26.513] STOP to_move 1 nodes_visited 43
[21:31:26.513] START to_move 2
[21:31:26.515] STOP to_move 2 nodes_visited 25
[21:31:26.515] START to_move 1
[21:31:26.518] STOP to_move 1 nodes_visited 48
[21:31:26.518] START to_move 2
[21:31:26.521] STOP to_move 2 nodes_visited 47
[21:31:26.521] START to_move 1
[21:31:26.522] STOP to_move 1 nodes_visited 31
[21:31:26.522] START to_move 2
[21:31:26.524] STOP to_move 2 nodes_visited 21
[21:31:26.524] START to_move 1
[21:31:26.527] STOP to_move 1 nodes_visited 44
[21:31:26.527] START to_move 2
[21:31:26.530] STOP to_move 2 nodes_visited 64
[21:31:26.530] START to_move 1
[21:31:26.533] STOP to_move 1 nodes_visited 36
[21:31:26.533] START to_move 2
[21:31:26.534] STOP to_move 2 nodes_visited 19
[21:31:26.534] START to_move 1
[21:31:26.536] STOP to_move 1 nodes_visited 41
[21:31:26.536] START to_move 2
[21:31:26.539] STOP to_move 2 nodes_visited 49
[21:31:26.539] START to_move 1
[21:31:26.541] STOP to_move 1 nodes_visited 34
[21:31:26.541] START to_move 2
[21:31:26.542] STOP to_move 2 nodes_visited 15
[21:31:26.542] START to_move 1
[21:31:26.545] STOP to_move 1 nodes_visited 35
[21:31:26.545] START to_move 2
[21:31:26.547] STOP to_move 2 nodes_visited 34
[21:31:26.547] START to_move 1
[21:31:26.548] STOP to_move 1 nodes_visited 25
[21:31:26.548] START to_move 2
[21:31:26.549] STOP to_move 2 nodes_visited 15
[21:31:26.549] START to_move 1
[21:31:26.551] STOP to_move 1 nodes_visited 33
[21:31:26.551] START to_move 2
[21:31:26.554] STOP to_move 2 nodes_visited 49
[21:31:26.554] START to_move 1
[21:31:26.556] STOP to_move 1 nodes_visited 31
[21:31:26.556] START to_move 2
[21:31:26.557] STOP to_move 2 nodes_visited 22
[21:31:26.557] START to_move 1
[21:31:26.560] STOP to_move 1 nodes_visited 45
[21:31:26.560] START to_move 2
[21:31:26.564] STOP to_move 2 nodes_visited 55
[21:31:26.564] START to_move 1
[21:31:26.566] STOP to_move 1 nodes_visited 37
[21:31:26.566] START to_move 2
[21:31:26.568] STOP to_move 2 nodes_visited 26
[21:31:26.568] START to_move 1
[21:31:26.570] STOP to_move 1 nodes_visited 48
[21:31:26.571] START to_move 2
[21:31:26.574] STOP to_move 2 nodes_visited 53
[21:31:26.574] START to_move 1
[21:31:26.576] STOP to_move 1 nodes_visited 37
[21:31:26.576] START to_move 2
[21:31:26.577] STOP to_move 2 nodes_visited 21
[21:31:26.577] START to_move 1
[21:31:26.580] STOP to_move 1 nodes_visited 47
[21:31:26.580] START to_move 2
[21:31:26.583] STOP to_move 2 nodes_visited 41
[21:31:26.583] START to_move 1
[21:31:26.584] STOP to_move 1 nodes_visited 28
[21:31:26.584] START to_move 2
[21:31:26.585] STOP to_move 2 nodes_visited 16
[21:31:26.585] START to_move 1
[21:31:26.588] STOP to_move 1 nodes_visited 34
[21:31:26.588] START to_move 2
[21:31:26.590] STOP to_move 2 nodes_visited 41
[21:31:26.590] START to_move 1
[21:31:26.592] STOP to_move 1 nodes_visited 29
[21:31:26.592] START to_move 2
[21:31:26.593] STOP to_move 2 nodes_visited 18
[21:31:26.593] START to_move 1
[21:31:26.596] STOP to_move 1 nodes_visited 39
[21:31:26.596] START to_move 2
[21:31:26.598] STOP to_move 2 nodes_visited 41
[21:31:26.598] START to_move 1
[21:31:26.600] STOP to_move 1 nodes_visited 28
[21:31:26.600] START to_move 2
[21:31:26.601] STOP to_move 2 nodes_visited 19
[21:31:26.601] START to_move 1
[21:31:26.604] STOP to_move 1 nodes_visited 39
[21:31:26.604] START to_move 2
[21:31:26.607] STOP to_move 2 nodes_visited 50
[21:31:26.607] START to_move 1
[21:31:26.609] STOP to_move 1 nodes_visited 38
[21:31:26.609] START to_move 2
[21:31:26.610] STOP to_move 2 nodes_visited 18
[21:31:26.610] START to_move 1
[21:31:26.613] STOP to_move 1 nodes_visited 40
[21:31:26.613] START to_move 2
[21:31:26.616] STOP to_move 2 nodes_visited 42
[21:31:26.616] START to_move 1
[21:31:26.617] STOP to_move 1 nodes_visited 29
[21:31:26.617] START to_move 2
[21:31:26.618] STOP to_move 2 nodes_visited 18
[21:31:26.618] START to_move 1
[21:31:26.621] STOP to_move 1 nodes_visited 40
[21:31:26.621] START to_move 2
[21:31:26.624] STOP to_move 2 nodes_visited 46
[21:31:26.624] START to_move 1
[21:31:26.626] STOP to_move 1 nodes_visited 33
[21:31:26.626] START to_move 2
[21:31:26.627] STOP to_move 2 nodes_visited 17
[21:31:26.627] START to_move 1
[21:31:26.629] STOP to_move 1 nodes_visited 37
[21:31:26.629] START to_move 2
[21:31:26.632] STOP to_move 2 nodes_visited 42
[21:31:26.632] START to_move 1
[21:31:26.634] STOP to_move 1 nodes_visited 29
[21:31:26.634] START to_move 2
[21:31:26.635] STOP to_move 2 nodes_visited 16
[21:31:26.635] START to_move 1
[21:31:26.637] STOP to_move 1 nodes_visited 34
[21:31:26.637] START to_move 2
[21:31:26.639] STOP to_move 2 nodes_visited 36
[21:31:26.639] START to_move 1
[21:31:26.640] STOP to_move 1 nodes_visited 22
[21:31:26.640] START to_move 2
[21:31:26.641] STOP to_move 2 nodes_visited 14
[21:31:26.641] START to_move 1
[21:31:26.643] STOP to_move 1 nodes_visited 27
[21:31:26.643] START to_move 2
[21:31:26.644] STOP to_move 2 nodes_visited 29
[21:31:26.644] START to_move 1
[21:31:26.646] STOP to_move 1 nodes_visited 24
[21:31:26.646] START to_move 2
[21:31:26.647] STOP to_move 2 nodes_visited 13
[21:31:26.647] START to_move 1
[21:31:26.648] STOP to_move 1 nodes_visited 27
[21:31:26.648] START to_move 2
[21:31:26.650] STOP to_move 2 nodes_visited 27
[21:31:26.650] START to_move 1
[21:31:26.651] STOP to_move 1 nodes_visited 22
[21:31:26.651] START to_move 2
[21:31:26.652] STOP to_move 2 nodes_visited 13
[21:31:26.652] START to_move 1
[21:31:26.653] STOP to_move 1 nodes_visited 27
[21:31:26.653] START to_move 2
[21:31:26.655] STOP to_move 2 nodes_visited 30
[21:31:26.655] START to_move 1
[21:31:26.657] STOP to_move 1 nodes_visited 22
[21:31:26.657] START to_move 2
[21:31:26.657] STOP to_move 2 nodes_visited 13
[21:31:26.657] START to_move 1
[21:31:26.659] STOP to_move 1 nodes_visited 25
[21:31:26.659] START to_move 2
[21:31:26.661] STOP to_move 2 nodes_visited 40
[21:31:26.662] START to_move 1
[21:31:26.663] STOP to_move 1 nodes_visited 27
[21:31:26.663] START to_move 2
[21:31:26.664] STOP to_move 2 nodes_visited 15
[21:31:26.664] START to_move 1
[21:31:26.666] STOP to_move 1 nodes_visited 29
[21:31:26.666] START to_move 2
[21:31:26.668] STOP to_move 2 nodes_visited 30
[21:31:26.668] START to_move 1
[21:31:26.669] STOP to_move 1 nodes_visited 21
[21:31:26.669] START to_move 2
[21:31:26.670] STOP to_move 2 nodes_visited 13
[21:31:26.670] START to_move 1
[21:31:26.672] STOP to_move 1 nodes_visited 28
[21:31:26.672] START to_move 2
[21:31:26.673] STOP to_move 2 nodes_visited 25
[21:31:26.673] START to_move 1
[21:31:26.675] STOP to_move 1 nodes_visited 17
[21:31:26.675] START to_move 2
[21:31:26.675] STOP to_move 2 nodes_visited 13
[21:31:26.675] START to_move 1
[21:31:26.677] STOP to_move 1 nodes_visited 27
[21:31:26.677] START to_move 2
[21:31:26.679] STOP to_move 2 nodes_visited 28
[21:31:26.679] START to_move 1
[21:31:26.680] STOP to_move 1 nodes_visited 17
[21:31:26.680] START to_move 2
[21:31:26.680] STOP to_move 2 nodes_visited 8
[21:31:26.680] START to_move 1
[21:31:26.681] STOP to_move 1 nodes_visited 13
[21:31:26.681] START to_move 2
[21:31:26.683] STOP to_move 2 nodes_visited 24
[21:31:26.683] START to_move 1
[21:31:26.684] STOP to_move 1 nodes_visited 15
[21:31:26.684] START to_move 2
[21:31:26.684] STOP to_move 2 nodes_visited 8
[21:31:26.684] START to_move 1
[21:31:26.685] STOP to_move 1 nodes_visited 12
[21:31:26.685] START to_move 2
[21:31:26.686] STOP to_move 2 nodes_visited 15
[21:31:26.686] START to_move 1
[21:31:26.686] STOP to_move 1 nodes_visited 6
[21:31:26.686] END winner 1 - rounds 415
