[21:17:48.128] 1 - distance_function chebyshev - pruning True
[21:17:48.128] 2 - distance_function euclides - pruning True
[21:17:48.128] START to_move 1
[21:17:48.189] STOP to_move 1 nodes_visited 949
[21:17:48.189] START to_move 2
[21:17:48.284] STOP to_move 2 nodes_visited 1554
[21:17:48.285] START to_move 1
[21:17:48.365] STOP to_move 1 nodes_visited 1115
[21:17:48.366] START to_move 2
[21:17:48.412] STOP to_move 2 nodes_visited 751
[21:17:48.413] START to_move 1
[21:17:48.583] STOP to_move 1 nodes_visited 2567
[21:17:48.585] START to_move 2
[21:17:48.647] STOP to_move 2 nodes_visited 988
[21:17:48.647] START to_move 1
[21:17:48.699] STOP to_move 1 nodes_visited 800
[21:17:48.699] START to_move 2
[21:17:48.736] STOP to_move 2 nodes_visited 626
[21:17:48.736] START to_move 1
[21:17:48.787] STOP to_move 1 nodes_visited 782
[21:17:48.787] START to_move 2
[21:17:48.811] STOP to_move 2 nodes_visited 418
[21:17:48.811] START to_move 1
[21:17:48.858] STOP to_move 1 nodes_visited 742
[21:17:48.858] START to_move 2
[21:17:48.920] STOP to_move 2 nodes_visited 1028
[21:17:48.920] START to_move 1
[21:17:48.950] STOP to_move 1 nodes_visited 465
[21:17:48.950] START to_move 2
[21:17:49.126] STOP to_move 2 nodes_visited 2916
[21:17:49.128] START to_move 1
[21:17:49.155] STOP to_move 1 nodes_visited 458
[21:17:49.156] START to_move 2
[21:17:49.218] STOP to_move 2 nodes_visited 1018
[21:17:49.218] START to_move 1
[21:17:49.248] STOP to_move 1 nodes_visited 472
[21:17:49.248] START to_move 2
[21:17:49.300] STOP to_move 2 nodes_visited 878
[21:17:49.300] START to_move 1
[21:17:49.328] STOP to_move 1 nodes_visited 456
[21:17:49.328] START to_move 2
[21:17:49.376] STOP to_move 2 nodes_visited 803
[21:17:49.376] START to_move 1
[21:17:49.404] STOP to_move 1 nodes_visited 459
[21:17:49.404] START to_move 2
[21:17:49.451] STOP to_move 2 nodes_visited 785
[21:17:49.451] START to_move 1
[21:17:49.481] STOP to_move 1 nodes_visited 464
[21:17:49.481] START to_move 2
[21:17:49.621] STOP to_move 2 nodes_visited 2293
[21:17:49.622] START to_move 1
[21:17:49.650] STOP to_move 1 nodes_visited 449
[21:17:49.650] START to_move 2
[21:17:49.693] STOP to_move 2 nodes_visited 731
[21:17:49.693] START to_move 1
[21:17:49.721] STOP to_move 1 nodes_visited 476
[21:17:49.722] START to_move 2
[21:17:49.852] STOP to_move 2 nodes_visited 2144
[21:17:49.853] START to_move 1
[21:17:49.943] STOP to_move 1 nodes_visited 1445
[21:17:49.944] START to_move 2
[21:17:50.015] STOP to_move 2 nodes_visited 1163
[21:17:50.016] START to_move 1
[21:17:50.045] STOP to_move 1 nodes_visited 478
[21:17:50.045] START to_move 2
[21:17:50.173] STOP to_move 2 nodes_visited 2143
[21:17:50.174] START to_move 1
[21:17:50.389] STOP to_move 1 nodes_visited 3326
[21:17:50.391] START to_move 2
[21:17:50.703] STOP to_move 2 nodes_visited 5097
[21:17:50.706] START to_move 1
[21:17:50.750] STOP to_move 1 nodes_visited 715
[21:17:50.751] START to_move 2
[21:17:50.878] STOP to_move 2 nodes_visited 2094
[21:17:50.879] START to_move 1
[21:17:50.908] STOP to_move 1 nodes_visited 474
[21:17:50.908] START to_move 2
[21:17:51.170] STOP to_move 2 nodes_visited 4227
[21:17:51.172] START to_move 1
[21:17:51.201] STOP to_move 1 nodes_visited 474
[21:17:51.201] START to_move 2
[21:17:51.336] STOP to_move 2 nodes_visited 2194
[21:17:51.337] START to_move 1
[21:17:51.365] STOP to_move 1 nodes_visited 467
[21:17:51.365] START to_move 2
[21:17:51.633] STOP to_move 2 nodes_visited 4373
[21:17:51.636] START to_move 1
[21:17:51.731] STOP to_move 1 nodes_visited 1502
[21:17:51.732] START to_move 2
[21:17:51.823] STOP to_move 2 nodes_visited 1528
[21:17:51.824] START to_move 1
[21:17:51.852] STOP to_move 1 nodes_visited 474
[21:17:51.852] START to_move 2
[21:17:51.927] STOP to_move 2 nodes_visited 1224
[21:17:51.927] START to_move 1
[21:17:52.008] STOP to_move 1 nodes_visited 1291
[21:17:52.009] START to_move 2
[21:17:52.109] STOP to_move 2 nodes_visited 1680
[21:17:52.110] START to_move 1
[21:17:52.140] STOP to_move 1 nodes_visited 468
[21:17:52.140] START to_move 2
[21:17:52.396] STOP to_move 2 nodes_visited 4160
[21:17:52.398] START to_move 1
[21:17:52.426] STOP to_move 1 nodes_visited 464
[21:17:52.427] START to_move 2
[21:17:52.546] STOP to_move 2 nodes_visited 1995
[21:17:52.547] START to_move 1
[21:17:52.575] STOP to_move 1 nodes_visited 463
[21:17:52.575] START to_move 2
[21:17:52.695] STOP to_move 2 nodes_visited 1962
[21:17:52.696] START to_move 1
[21:17:52.765] STOP to_move 1 nodes_visited 1102
[21:17:52.766] START to_move 2
[21:17:52.888] STOP to_move 2 nodes_visited 2031
[21:17:52.889] START to_move 1
[21:17:52.917] STOP to_move 1 nodes_visited 454
[21:17:52.917] START to_move 2
[21:17:53.027] STOP to_move 2 nodes_visited 1817
[21:17:53.028] START to_move 1
[21:17:53.056] STOP to_move 1 nodes_visited 454
[21:17:53.057] START to_move 2
[21:17:53.166] STOP to_move 2 nodes_visited 1818
[21:17:53.167] START to_move 1
[21:17:53.203] STOP to_move 1 nodes_visited 571
[21:17:53.203] START to_move 2
[21:17:53.303] STOP to_move 2 nodes_visited 1667
[21:17:53.304] START to_move 1
[21:17:53.351] STOP to_move 1 nodes_visited 750
[21:17:53.351] START to_move 2
[21:17:53.465] STOP to_move 2 nodes_visited 1854
[21:17:53.466] START to_move 1
[21:17:53.540] STOP to_move 1 nodes_visited 1176
[21:17:53.541] START to_move 2
[21:17:53.761] STOP to_move 2 nodes_visited 3585
[21:17:53.762] START to_move 1
[21:17:53.788] STOP to_move 1 nodes_visited 428
[21:17:53.789] START to_move 2
[21:17:53.970] STOP to_move 2 nodes_visited 3015
[21:17:53.972] START to_move 1
[21:17:53.998] STOP to_move 1 nodes_visited 411
[21:17:53.999] START to_move 2
[21:17:54.168] STOP to_move 2 nodes_visited 2801
[21:17:54.169] START to_move 1
[21:17:54.194] STOP to_move 1 nodes_visited 411
[21:17:54.195] START to_move 2
[21:17:54.367] STOP to_move 2 nodes_visited 2827
[21:17:54.368] START to_move 1
[21:17:54.392] STOP to_move 1 nodes_visited 398
[21:17:54.393] START to_move 2
[21:17:54.555] STOP to_move 2 nodes_visited 2655
[21:17:54.557] START to_move 1
[21:17:54.581] STOP to_move 1 nodes_visited 396
[21:17:54.581] START to_move 2
[21:17:54.664] STOP to_move 2 nodes_visited 1378
[21:17:54.664] START to_move 1
[21:17:54.688] STOP to_move 1 nodes_visited 396
[21:17:54.688] START to_move 2
[21:17:54.828] STOP to_move 2 nodes_visited 2277
[21:17:54.829] START to_move 1
[21:17:54.853] STOP to_move 1 nodes_visited 397
[21:17:54.853] START to_move 2
[21:17:54.902] STOP to_move 2 nodes_visited 819
[21:17:54.903] START to_move 1
[21:17:54.927] STOP to_move 1 nodes_visited 395
[21:17:54.927] START to_move 2
[21:17:54.973] STOP to_move 2 nodes_visited 773
[21:17:54.973] START to_move 1
[21:17:54.997] STOP to_move 1 nodes_visited 395
[21:17:54.997] START to_move 2
[21:17:55.128] STOP to_move 2 nodes_visited 2124
[21:17:55.129] START to_move 1
[21:17:55.153] STOP to_move 1 nodes_visited 395
[21:17:55.153] START to_move 2
[21:17:55.215] STOP to_move 2 nodes_visited 1037
[21:17:55.215] START to_move 1
[21:17:55.239] STOP to_move 1 nodes_visited 391
[21:17:55.239] START to_move 2
[21:17:55.387] STOP to_move 2 nodes_visited 2411
[21:17:55.388] START to_move 1
[21:17:55.434] STOP to_move 1 nodes_visited 743
[21:17:55.435] START to_move 2
[21:17:55.558] STOP to_move 2 nodes_visited 2044
[21:17:55.559] START to_move 1
[21:17:55.581] STOP to_move 1 nodes_visited 368
[21:17:55.581] START to_move 2
[21:17:55.712] STOP to_move 2 nodes_visited 2163
[21:17:55.714] START to_move 1
[21:17:55.735] STOP to_move 1 nodes_visited 352
[21:17:55.736] START to_move 2
[21:17:55.838] STOP to_move 2 nodes_visited 1710
[21:17:55.839] START to_move 1
[21:17:55.863] STOP to_move 1 nodes_visited 351
[21:17:55.863] START to_move 2
[21:17:55.975] STOP to_move 2 nodes_visited 1856
[21:17:55.976] START to_move 1
[21:17:55.996] STOP to_move 1 nodes_visited 333
[21:17:55.996] START to_move 2
[21:17:56.095] STOP to_move 2 nodes_visited 1649
[21:17:56.096] START to_move 1
[21:17:56.117] STOP to_move 1 nodes_visited 319
[21:17:56.117] START to_move 2
[21:17:56.209] STOP to_move 2 nodes_visited 1515
[21:17:56.209] START to_move 1
[21:17:56.232] STOP to_move 1 nodes_visited 373
[21:17:56.232] START to_move 2
[21:17:56.326] STOP to_move 2 nodes_visited 1579
[21:17:56.327] START to_move 1
[21:17:56.351] STOP to_move 1 nodes_visited 389
[21:17:56.351] START to_move 2
[21:17:56.448] STOP to_move 2 nodes_visited 1594
[21:17:56.449] START to_move 1
[21:17:56.474] STOP to_move 1 nodes_visited 406
[21:17:56.474] START to_move 2
[21:17:56.570] STOP to_move 2 nodes_visited 1595
[21:17:56.571] START to_move 1
[21:17:56.596] STOP to_move 1 nodes_visited 420
[21:17:56.597] START to_move 2
[21:17:56.692] STOP to_move 2 nodes_visited 1550
[21:17:56.693] START to_move 1
[21:17:56.717] STOP to_move 1 nodes_visited 406
[21:17:56.717] START to_move 2
[21:17:56.810] STOP to_move 2 nodes_visited 1538
[21:17:56.811] START to_move 1
[21:17:56.836] STOP to_move 1 nodes_visited 416
[21:17:56.836] START to_move 2
[21:17:56.930] STOP to_move 2 nodes_visited 1506
[21:17:56.931] START to_move 1
[21:17:56.956] STOP to_move 1 nodes_visited 416
[21:17:56.956] START to_move 2
[21:17:57.046] STOP to_move 2 nodes_visited 1488
[21:17:57.047] START to_move 1
[21:17:57.085] STOP to_move 1 nodes_visited 627
[21:17:57.086] START to_move 2
[21:17:57.112] STOP to_move 2 nodes_visited 447
[21:17:57.113] START to_move 1
[21:17:57.126] STOP to_move 1 nodes_visited 220
[21:17:57.126] START to_move 2
[21:17:57.178] STOP to_move 2 nodes_visited 874
[21:17:57.179] START to_move 1
[21:17:57.192] STOP to_move 1 nodes_visited 233
[21:17:57.193] START to_move 2
[21:17:57.209] STOP to_move 2 nodes_visited 273
[21:17:57.209] START to_move 1
[21:17:57.247] STOP to_move 1 nodes_visited 594
[21:17:57.247] START to_move 2
[21:17:57.266] STOP to_move 2 nodes_visited 315
[21:17:57.266] START to_move 1
[21:17:57.278] STOP to_move 1 nodes_visited 204
[21:17:57.278] START to_move 2
[21:17:57.322] STOP to_move 2 nodes_visited 724
[21:17:57.322] START to_move 1
[21:17:57.347] STOP to_move 1 nodes_visited 405
[21:17:57.347] START to_move 2
[21:17:57.372] STOP to_move 2 nodes_visited 417
[21:17:57.372] START to_move 1
[21:17:57.383] STOP to_move 1 nodes_visited 186
[21:17:57.383] START to_move 2
[21:17:57.403] STOP to_move 2 nodes_visited 341
[21:17:57.403] START to_move 1
[21:17:57.413] STOP to_move 1 nodes_visited 177
[21:17:57.414] START to_move 2
[21:17:57.433] STOP to_move 2 nodes_visited 318
[21:17:57.433] START to_move 1
[21:17:57.443] STOP to_move 1 nodes_visited 174
[21:17:57.443] START to_move 2
[21:17:57.458] STOP to_move 2 nodes_visited 249
[21:17:57.458] START to_move 1
[21:17:57.468] STOP to_move 1 nodes_visited 174
[21:17:57.468] START to_move 2
[21:17:57.482] STOP to_move 2 nodes_visited 240
[21:17:57.482] START to_move 1
[21:17:57.492] STOP to_move 1 nodes_visited 167
[21:17:57.492] START to_move 2
[21:17:57.506] STOP to_move 2 nodes_visited 230
[21:17:57.506] START to_move 1
[21:17:57.516] STOP to_move 1 nodes_visited 166
[21:17:57.516] START to_move 2
[21:17:57.531] STOP to_move 2 nodes_visited 243
[21:17:57.532] START to_move 1
[21:17:57.541] STOP to_move 1 nodes_visited 166
[21:17:57.541] START to_move 2
[21:17:57.552] STOP to_move 2 nodes_visited 189
[21:17:57.553] START to_move 1
[21:17:57.562] STOP to_move 1 nodes_visited 165
[21:17:57.562] START to_move 2
[21:17:57.573] STOP to_move 2 nodes_visited 179
[21:17:57.573] START to_move 1
[21:17:57.582] STOP to_move 1 nodes_visited 157
[21:17:57.582] START to_move 2
[21:17:57.594] STOP to_move 2 nodes_visited 194
[21:17:57.594] START to_move 1
[21:17:57.603] STOP to_move 1 nodes_visited 168
[21:17:57.603] START to_move 2
[21:17:57.615] STOP to_move 2 nodes_visited 196
[21:17:57.615] START to_move 1
[21:17:57.625] STOP to_move 1 nodes_visited 165
[21:17:57.625] START to_move 2
[21:17:57.636] STOP to_move 2 nodes_visited 194
[21:17:57.636] START to_move 1
[21:17:57.646] STOP to_move 1 nodes_visited 165
[21:17:57.646] START to_move 2
[21:17:57.657] STOP to_move 2 nodes_visited 194
[21:17:57.658] START to_move 1
[21:17:57.667] STOP to_move 1 nodes_visited 165
[21:17:57.668] START to_move 2
[21:17:57.677] STOP to_move 2 nodes_visited 171
[21:17:57.677] START to_move 1
[21:17:57.686] STOP to_move 1 nodes_visited 145
[21:17:57.686] START to_move 2
[21:17:57.706] STOP to_move 2 nodes_visited 338
[21:17:57.706] START to_move 1
[21:17:57.718] STOP to_move 1 nodes_visited 201
[21:17:57.718] START to_move 2
[21:17:57.738] STOP to_move 2 nodes_visited 320
[21:17:57.738] START to_move 1
[21:17:57.748] STOP to_move 1 nodes_visited 168
[21:17:57.748] START to_move 2
[21:17:57.762] STOP to_move 2 nodes_visited 238
[21:17:57.762] START to_move 1
[21:17:57.769] STOP to_move 1 nodes_visited 117
[21:17:57.769] START to_move 2
[21:17:57.783] STOP to_move 2 nodes_visited 218
[21:17:57.783] START to_move 1
[21:17:57.790] STOP to_move 1 nodes_visited 123
[21:17:57.790] START to_move 2
[21:17:57.807] STOP to_move 2 nodes_visited 286
[21:17:57.807] START to_move 1
[21:17:57.815] STOP to_move 1 nodes_visited 126
[21:17:57.815] START to_move 2
[21:17:57.834] STOP to_move 2 nodes_visited 291
[21:17:57.835] START to_move 1
[21:17:57.841] STOP to_move 1 nodes_visited 113
[21:17:57.842] START to_move 2
[21:17:57.852] STOP to_move 2 nodes_visited 180
[21:17:57.852] START to_move 1
[21:17:57.859] STOP to_move 1 nodes_visited 110
[21:17:57.859] START to_move 2
[21:17:57.863] STOP to_move 2 nodes_visited 63
[21:17:57.863] START to_move 1
[21:17:57.872] STOP to_move 1 nodes_visited 149
[21:17:57.872] START to_move 2
[21:17:57.872] STOP to_move 2 nodes_visited 12
[21:17:57.872] END winner 2 - rounds 170
