[22:27:49.512] 1 - distance_function chebyshev - pruning True
[22:27:49.512] 2 - distance_function euclides - pruning True
[22:27:49.512] START to_move 1
[22:27:49.740] STOP to_move 1 nodes_visited 3499
[22:27:49.743] START to_move 2
[22:27:50.115] STOP to_move 2 nodes_visited 5917
[22:27:50.119] START to_move 1
[22:27:50.324] STOP to_move 1 nodes_visited 3216
[22:27:50.326] START to_move 2
[22:27:50.650] STOP to_move 2 nodes_visited 5143
[22:27:50.653] START to_move 1
[22:27:50.849] STOP to_move 1 nodes_visited 3089
[22:27:50.851] START to_move 2
[22:27:51.046] STOP to_move 2 nodes_visited 3126
[22:27:51.048] START to_move 1
[22:27:51.077] STOP to_move 1 nodes_visited 481
[22:27:51.077] START to_move 2
[22:27:51.496] STOP to_move 2 nodes_visited 6539
[22:27:51.501] START to_move 1
[22:27:51.530] STOP to_move 1 nodes_visited 483
[22:27:51.530] START to_move 2
[22:27:51.623] STOP to_move 2 nodes_visited 1521
[22:27:51.624] START to_move 1
[22:27:51.653] STOP to_move 1 nodes_visited 487
[22:27:51.654] START to_move 2
[22:27:52.076] STOP to_move 2 nodes_visited 6755
[22:27:52.081] START to_move 1
[22:27:52.268] STOP to_move 1 nodes_visited 2900
[22:27:52.269] START to_move 2
[22:27:52.312] STOP to_move 2 nodes_visited 726
[22:27:52.313] START to_move 1
[22:27:52.343] STOP to_move 1 nodes_visited 494
[22:27:52.343] START to_move 2
[22:27:52.381] STOP to_move 2 nodes_visited 652
[22:27:52.382] START to_move 1
[22:27:52.413] STOP to_move 1 nodes_visited 494
[22:27:52.413] START to_move 2
[22:27:52.452] STOP to_move 2 nodes_visited 654
[22:27:52.452] START to_move 1
[22:27:52.482] STOP to_move 1 nodes_visited 494
[22:27:52.482] START to_move 2
[22:27:52.522] STOP to_move 2 nodes_visited 668
[22:27:52.522] START to_move 1
[22:27:52.552] STOP to_move 1 nodes_visited 494
[22:27:52.552] START to_move 2
[22:27:52.591] STOP to_move 2 nodes_visited 658
[22:27:52.592] START to_move 1
[22:27:52.622] STOP to_move 1 nodes_visited 494
[22:27:52.622] START to_move 2
[22:27:52.657] STOP to_move 2 nodes_visited 597
[22:27:52.657] START to_move 1
[22:27:52.688] STOP to_move 1 nodes_visited 490
[22:27:52.689] START to_move 2
[22:27:52.926] STOP to_move 2 nodes_visited 3905
[22:27:52.928] START to_move 1
[22:27:52.959] STOP to_move 1 nodes_visited 487
[22:27:52.959] START to_move 2
[22:27:53.012] STOP to_move 2 nodes_visited 887
[22:27:53.012] START to_move 1
[22:27:53.042] STOP to_move 1 nodes_visited 497
[22:27:53.042] START to_move 2
[22:27:53.081] STOP to_move 2 nodes_visited 649
[22:27:53.081] START to_move 1
[22:27:53.111] STOP to_move 1 nodes_visited 503
[22:27:53.111] START to_move 2
[22:27:53.171] STOP to_move 2 nodes_visited 998
[22:27:53.171] START to_move 1
[22:27:53.201] STOP to_move 1 nodes_visited 485
[22:27:53.201] START to_move 2
[22:27:53.264] STOP to_move 2 nodes_visited 1026
[22:27:53.264] START to_move 1
[22:27:53.294] STOP to_move 1 nodes_visited 485
[22:27:53.294] START to_move 2
[22:27:53.363] STOP to_move 2 nodes_visited 1146
[22:27:53.364] START to_move 1
[22:27:53.393] STOP to_move 1 nodes_visited 491
[22:27:53.394] START to_move 2
[22:27:53.443] STOP to_move 2 nodes_visited 823
[22:27:53.443] START to_move 1
[22:27:53.472] STOP to_move 1 nodes_visited 469
[22:27:53.472] START to_move 2
[22:27:53.520] STOP to_move 2 nodes_visited 769
[22:27:53.520] START to_move 1
[22:27:53.549] STOP to_move 1 nodes_visited 471
[22:27:53.549] START to_move 2
[22:27:53.623] STOP to_move 2 nodes_visited 1226
[22:27:53.624] START to_move 1
[22:27:53.652] STOP to_move 1 nodes_visited 476
[22:27:53.652] START to_move 2
[22:27:53.727] STOP to_move 2 nodes_visited 1246
[22:27:53.728] START to_move 1
[22:27:53.756] STOP to_move 1 nodes_visited 476
[22:27:53.757] START to_move 2
[22:27:53.797] STOP to_move 2 nodes_visited 655
[22:27:53.797] START to_move 1
[22:27:53.826] STOP to_move 1 nodes_visited 482
[22:27:53.827] START to_move 2
[22:27:53.868] STOP to_move 2 nodes_visited 698
[22:27:53.868] START to_move 1
[22:27:54.120] STOP to_move 1 nodes_visited 3958
[22:27:54.123] START to_move 2
[22:27:54.159] STOP to_move 2 nodes_visited 604
[22:27:54.159] START to_move 1
[22:27:54.413] STOP to_move 1 nodes_visited 3989
[22:27:54.415] START to_move 2
[22:27:54.451] STOP to_move 2 nodes_visited 618
[22:27:54.452] START to_move 1
[22:27:54.694] STOP to_move 1 nodes_visited 3808
[22:27:54.696] START to_move 2
[22:27:54.733] STOP to_move 2 nodes_visited 624
[22:27:54.734] START to_move 1
[22:27:54.976] STOP to_move 1 nodes_visited 3808
[22:27:54.978] START to_move 2
[22:27:55.014] STOP to_move 2 nodes_visited 601
[22:27:55.014] START to_move 1
[22:27:55.234] STOP to_move 1 nodes_visited 3465
[22:27:55.236] START to_move 2
[22:27:55.406] STOP to_move 2 nodes_visited 2767
[22:27:55.408] START to_move 1
[22:27:55.554] STOP to_move 1 nodes_visited 2342
[22:27:55.555] START to_move 2
[22:27:55.755] STOP to_move 2 nodes_visited 3263
[22:27:55.757] START to_move 1
[22:27:55.906] STOP to_move 1 nodes_visited 2327
[22:27:55.907] START to_move 2
[22:27:55.938] STOP to_move 2 nodes_visited 535
[22:27:55.939] START to_move 1
[22:27:55.991] STOP to_move 1 nodes_visited 848
[22:27:55.991] START to_move 2
[22:27:56.019] STOP to_move 2 nodes_visited 478
[22:27:56.019] START to_move 1
[22:27:56.163] STOP to_move 1 nodes_visited 2299
[22:27:56.164] START to_move 2
[22:27:56.204] STOP to_move 2 nodes_visited 655
[22:27:56.204] START to_move 1
[22:27:56.285] STOP to_move 1 nodes_visited 1293
[22:27:56.286] START to_move 2
[22:27:56.325] STOP to_move 2 nodes_visited 680
[22:27:56.326] START to_move 1
[22:27:56.351] STOP to_move 1 nodes_visited 425
[22:27:56.352] START to_move 2
[22:27:56.387] STOP to_move 2 nodes_visited 609
[22:27:56.388] START to_move 1
[22:27:56.414] STOP to_move 1 nodes_visited 444
[22:27:56.414] START to_move 2
[22:27:56.577] STOP to_move 2 nodes_visited 2678
[22:27:56.578] START to_move 1
[22:27:56.604] STOP to_move 1 nodes_visited 439
[22:27:56.605] START to_move 2
[22:27:56.776] STOP to_move 2 nodes_visited 2798
[22:27:56.778] START to_move 1
[22:27:56.804] STOP to_move 1 nodes_visited 443
[22:27:56.804] START to_move 2
[22:27:56.973] STOP to_move 2 nodes_visited 2798
[22:27:56.974] START to_move 1
[22:27:57.099] STOP to_move 1 nodes_visited 1979
[22:27:57.100] START to_move 2
[22:27:57.202] STOP to_move 2 nodes_visited 1713
[22:27:57.203] START to_move 1
[22:27:57.229] STOP to_move 1 nodes_visited 422
[22:27:57.229] START to_move 2
[22:27:57.401] STOP to_move 2 nodes_visited 2844
[22:27:57.403] START to_move 1
[22:27:57.428] STOP to_move 1 nodes_visited 418
[22:27:57.428] START to_move 2
[22:27:57.576] STOP to_move 2 nodes_visited 2417
[22:27:57.578] START to_move 1
[22:27:57.631] STOP to_move 1 nodes_visited 856
[22:27:57.631] START to_move 2
[22:27:57.741] STOP to_move 2 nodes_visited 1806
[22:27:57.742] START to_move 1
[22:27:57.799] STOP to_move 1 nodes_visited 876
[22:27:57.799] START to_move 2
[22:27:57.838] STOP to_move 2 nodes_visited 648
[22:27:57.838] START to_move 1
[22:27:57.861] STOP to_move 1 nodes_visited 386
[22:27:57.862] START to_move 2
[22:27:57.897] STOP to_move 2 nodes_visited 605
[22:27:57.897] START to_move 1
[22:27:57.920] STOP to_move 1 nodes_visited 386
[22:27:57.921] START to_move 2
[22:27:57.957] STOP to_move 2 nodes_visited 617
[22:27:57.958] START to_move 1
[22:27:57.981] STOP to_move 1 nodes_visited 386
[22:27:57.981] START to_move 2
[22:27:58.027] STOP to_move 2 nodes_visited 773
[22:27:58.027] START to_move 1
[22:27:58.050] STOP to_move 1 nodes_visited 393
[22:27:58.051] START to_move 2
[22:27:58.093] STOP to_move 2 nodes_visited 697
[22:27:58.094] START to_move 1
[22:27:58.117] STOP to_move 1 nodes_visited 392
[22:27:58.117] START to_move 2
[22:27:58.161] STOP to_move 2 nodes_visited 731
[22:27:58.161] START to_move 1
[22:27:58.185] STOP to_move 1 nodes_visited 404
[22:27:58.186] START to_move 2
[22:27:58.228] STOP to_move 2 nodes_visited 714
[22:27:58.228] START to_move 1
[22:27:58.274] STOP to_move 1 nodes_visited 727
[22:27:58.274] START to_move 2
[22:27:58.311] STOP to_move 2 nodes_visited 632
[22:27:58.312] START to_move 1
[22:27:58.358] STOP to_move 1 nodes_visited 722
[22:27:58.359] START to_move 2
[22:27:58.395] STOP to_move 2 nodes_visited 621
[22:27:58.396] START to_move 1
[22:27:58.418] STOP to_move 1 nodes_visited 380
[22:27:58.418] START to_move 2
[22:27:58.450] STOP to_move 2 nodes_visited 543
[22:27:58.450] START to_move 1
[22:27:58.472] STOP to_move 1 nodes_visited 370
[22:27:58.472] START to_move 2
[22:27:58.503] STOP to_move 2 nodes_visited 528
[22:27:58.504] START to_move 1
[22:27:58.525] STOP to_move 1 nodes_visited 361
[22:27:58.525] START to_move 2
[22:27:58.551] STOP to_move 2 nodes_visited 443
[22:27:58.551] START to_move 1
[22:27:58.568] STOP to_move 1 nodes_visited 291
[22:27:58.568] START to_move 2
[22:27:58.622] STOP to_move 2 nodes_visited 891
[22:27:58.622] START to_move 1
[22:27:58.735] STOP to_move 1 nodes_visited 1751
[22:27:58.736] START to_move 2
[22:27:58.811] STOP to_move 2 nodes_visited 1244
[22:27:58.812] START to_move 1
[22:27:58.828] STOP to_move 1 nodes_visited 279
[22:27:58.829] START to_move 2
[22:27:58.846] STOP to_move 2 nodes_visited 299
[22:27:58.846] START to_move 1
[22:27:58.863] STOP to_move 1 nodes_visited 280
[22:27:58.863] START to_move 2
[22:27:58.901] STOP to_move 2 nodes_visited 635
[22:27:58.901] START to_move 1
[22:27:58.919] STOP to_move 1 nodes_visited 276
[22:27:58.919] START to_move 2
[22:27:58.928] STOP to_move 2 nodes_visited 164
[22:27:58.928] START to_move 1
[22:27:58.949] STOP to_move 1 nodes_visited 355
[22:27:58.949] START to_move 2
[22:27:58.981] STOP to_move 2 nodes_visited 530
[22:27:58.981] START to_move 1
[22:27:59.002] STOP to_move 1 nodes_visited 349
[22:27:59.002] START to_move 2
[22:27:59.037] STOP to_move 2 nodes_visited 587
[22:27:59.037] START to_move 1
[22:27:59.057] STOP to_move 1 nodes_visited 343
[22:27:59.058] START to_move 2
[22:27:59.089] STOP to_move 2 nodes_visited 528
[22:27:59.089] START to_move 1
[22:27:59.109] STOP to_move 1 nodes_visited 326
[22:27:59.109] START to_move 2
[22:27:59.137] STOP to_move 2 nodes_visited 480
[22:27:59.137] START to_move 1
[22:27:59.152] STOP to_move 1 nodes_visited 246
[22:27:59.152] START to_move 2
[22:27:59.164] STOP to_move 2 nodes_visited 205
[22:27:59.164] START to_move 1
[22:27:59.183] STOP to_move 1 nodes_visited 314
[22:27:59.183] START to_move 2
[22:27:59.213] STOP to_move 2 nodes_visited 458
[22:27:59.213] START to_move 1
[22:27:59.227] STOP to_move 1 nodes_visited 244
[22:27:59.227] START to_move 2
[22:27:59.238] STOP to_move 2 nodes_visited 195
[22:27:59.238] START to_move 1
[22:27:59.255] STOP to_move 1 nodes_visited 286
[22:27:59.255] START to_move 2
[22:27:59.279] STOP to_move 2 nodes_visited 408
[22:27:59.280] START to_move 1
[22:27:59.292] STOP to_move 1 nodes_visited 218
[22:27:59.292] START to_move 2
[22:27:59.311] STOP to_move 2 nodes_visited 317
[22:27:59.311] START to_move 1
[22:27:59.323] STOP to_move 1 nodes_visited 209
[22:27:59.323] START to_move 2
[22:27:59.349] STOP to_move 2 nodes_visited 427
[22:27:59.349] START to_move 1
[22:27:59.361] STOP to_move 1 nodes_visited 208
[22:27:59.361] START to_move 2
[22:27:59.385] STOP to_move 2 nodes_visited 403
[22:27:59.385] START to_move 1
[22:27:59.397] STOP to_move 1 nodes_visited 208
[22:27:59.397] START to_move 2
[22:27:59.421] STOP to_move 2 nodes_visited 402
[22:27:59.421] START to_move 1
[22:27:59.433] STOP to_move 1 nodes_visited 206
[22:27:59.433] START to_move 2
[22:27:59.454] STOP to_move 2 nodes_visited 349
[22:27:59.454] START to_move 1
[22:27:59.466] STOP to_move 1 nodes_visited 206
[22:27:59.466] START to_move 2
[22:27:59.487] STOP to_move 2 nodes_visited 349
[22:27:59.487] START to_move 1
[22:27:59.499] STOP to_move 1 nodes_visited 206
[22:27:59.499] START to_move 2
[22:27:59.527] STOP to_move 2 nodes_visited 445
[22:27:59.527] START to_move 1
[22:27:59.539] STOP to_move 1 nodes_visited 206
[22:27:59.539] START to_move 2
[22:27:59.554] STOP to_move 2 nodes_visited 257
[22:27:59.554] START to_move 1
[22:27:59.573] STOP to_move 1 nodes_visited 306
[22:27:59.573] START to_move 2
[22:27:59.589] STOP to_move 2 nodes_visited 273
[22:27:59.589] START to_move 1
[22:27:59.607] STOP to_move 1 nodes_visited 303
[22:27:59.607] START to_move 2
[22:27:59.623] STOP to_move 2 nodes_visited 270
[22:27:59.624] START to_move 1
[22:27:59.647] STOP to_move 1 nodes_visited 372
[22:27:59.647] START to_move 2
[22:27:59.664] STOP to_move 2 nodes_visited 288
[22:27:59.664] START to_move 1
[22:27:59.685] STOP to_move 1 nodes_visited 350
[22:27:59.686] START to_move 2
[22:27:59.701] STOP to_move 2 nodes_visited 265
[22:27:59.701] START to_move 1
[22:27:59.717] STOP to_move 1 nodes_visited 262
[22:27:59.717] START to_move 2
[22:27:59.738] STOP to_move 2 nodes_visited 349
[22:27:59.738] START to_move 1
[22:27:59.748] STOP to_move 1 nodes_visited 176
[22:27:59.748] START to_move 2
[22:27:59.770] STOP to_move 2 nodes_visited 373
[22:27:59.770] START to_move 1
[22:27:59.780] STOP to_move 1 nodes_visited 161
[22:27:59.780] START to_move 2
[22:27:59.797] STOP to_move 2 nodes_visited 288
[22:27:59.797] START to_move 1
[22:27:59.807] STOP to_move 1 nodes_visited 166
[22:27:59.807] START to_move 2
[22:27:59.827] STOP to_move 2 nodes_visited 315
[22:27:59.827] START to_move 1
[22:27:59.837] STOP to_move 1 nodes_visited 167
[22:27:59.837] START to_move 2
[22:27:59.858] STOP to_move 2 nodes_visited 353
[22:27:59.858] START to_move 1
[22:27:59.867] STOP to_move 1 nodes_visited 164
[22:27:59.868] START to_move 2
[22:27:59.882] STOP to_move 2 nodes_visited 243
[22:27:59.882] START to_move 1
[22:27:59.896] STOP to_move 1 nodes_visited 225
[22:27:59.896] START to_move 2
[22:27:59.896] STOP to_move 2 nodes_visited 12
[22:27:59.896] END winner 2 - rounds 172
