[21:28:46.580] 1 - distance_function chebyshev - pruning True
[21:28:46.580] 2 - distance_function euclides - pruning True
[21:28:46.580] START to_move 1
[21:28:46.633] STOP to_move 1 nodes_visited 832
[21:28:46.633] START to_move 2
[21:28:46.721] STOP to_move 2 nodes_visited 1441
[21:28:46.722] START to_move 1
[21:28:46.758] STOP to_move 1 nodes_visited 555
[21:28:46.759] START to_move 2
[21:28:46.848] STOP to_move 2 nodes_visited 1357
[21:28:46.849] START to_move 1
[21:28:46.881] STOP to_move 1 nodes_visited 514
[21:28:46.882] START to_move 2
[21:28:46.946] STOP to_move 2 nodes_visited 1075
[21:28:46.947] START to_move 1
[21:28:46.982] STOP to_move 1 nodes_visited 564
[21:28:46.983] START to_move 2
[21:28:47.176] STOP to_move 2 nodes_visited 3074
[21:28:47.177] START to_move 1
[21:28:47.213] STOP to_move 1 nodes_visited 578
[21:28:47.213] START to_move 2
[21:28:47.274] STOP to_move 2 nodes_visited 1001
[21:28:47.274] START to_move 1
[21:28:47.311] STOP to_move 1 nodes_visited 597
[21:28:47.311] START to_move 2
[21:28:47.375] STOP to_move 2 nodes_visited 1021
[21:28:47.375] START to_move 1
[21:28:47.412] STOP to_move 1 nodes_visited 587
[21:28:47.412] START to_move 2
[21:28:47.469] STOP to_move 2 nodes_visited 933
[21:28:47.469] START to_move 1
[21:28:47.505] STOP to_move 1 nodes_visited 579
[21:28:47.505] START to_move 2
[21:28:47.574] STOP to_move 2 nodes_visited 1143
[21:28:47.575] START to_move 1
[21:28:47.609] STOP to_move 1 nodes_visited 567
[21:28:47.610] START to_move 2
[21:28:47.696] STOP to_move 2 nodes_visited 1387
[21:28:47.697] START to_move 1
[21:28:47.731] STOP to_move 1 nodes_visited 553
[21:28:47.731] START to_move 2
[21:28:47.805] STOP to_move 2 nodes_visited 1221
[21:28:47.805] START to_move 1
[21:28:47.840] STOP to_move 1 nodes_visited 561
[21:28:47.840] START to_move 2
[21:28:47.892] STOP to_move 2 nodes_visited 850
[21:28:47.892] START to_move 1
[21:28:47.928] STOP to_move 1 nodes_visited 554
[21:28:47.929] START to_move 2
[21:28:48.037] STOP to_move 2 nodes_visited 1765
[21:28:48.038] START to_move 1
[21:28:48.071] STOP to_move 1 nodes_visited 542
[21:28:48.072] START to_move 2
[21:28:48.095] STOP to_move 2 nodes_visited 398
[21:28:48.095] START to_move 1
[21:28:48.128] STOP to_move 1 nodes_visited 543
[21:28:48.129] START to_move 2
[21:28:48.187] STOP to_move 2 nodes_visited 952
[21:28:48.188] START to_move 1
[21:28:48.210] STOP to_move 1 nodes_visited 333
[21:28:48.210] START to_move 2
[21:28:48.261] STOP to_move 2 nodes_visited 843
[21:28:48.262] START to_move 1
[21:28:48.275] STOP to_move 1 nodes_visited 231
[21:28:48.276] START to_move 2
[21:28:48.350] STOP to_move 2 nodes_visited 1209
[21:28:48.351] START to_move 1
[21:28:48.481] STOP to_move 1 nodes_visited 2046
[21:28:48.482] START to_move 2
[21:28:48.647] STOP to_move 2 nodes_visited 2626
[21:28:48.649] START to_move 1
[21:28:48.681] STOP to_move 1 nodes_visited 517
[21:28:48.681] START to_move 2
[21:28:48.836] STOP to_move 2 nodes_visited 2448
[21:28:48.837] START to_move 1
[21:28:48.850] STOP to_move 1 nodes_visited 228
[21:28:48.851] START to_move 2
[21:28:48.976] STOP to_move 2 nodes_visited 1992
[21:28:48.977] START to_move 1
[21:28:49.002] STOP to_move 1 nodes_visited 423
[21:28:49.002] START to_move 2
[21:28:49.187] STOP to_move 2 nodes_visited 2937
[21:28:49.189] START to_move 1
[21:28:49.202] STOP to_move 1 nodes_visited 225
[21:28:49.202] START to_move 2
[21:28:49.329] STOP to_move 2 nodes_visited 1990
[21:28:49.330] START to_move 1
[21:28:49.365] STOP to_move 1 nodes_visited 574
[21:28:49.366] START to_move 2
[21:28:49.410] STOP to_move 2 nodes_visited 724
[21:28:49.410] START to_move 1
[21:28:49.446] STOP to_move 1 nodes_visited 592
[21:28:49.446] START to_move 2
[21:28:49.495] STOP to_move 2 nodes_visited 780
[21:28:49.495] START to_move 1
[21:28:49.513] STOP to_move 1 nodes_visited 294
[21:28:49.513] START to_move 2
[21:28:49.807] STOP to_move 2 nodes_visited 4647
[21:28:49.810] START to_move 1
[21:28:49.828] STOP to_move 1 nodes_visited 296
[21:28:49.828] START to_move 2
[21:28:49.919] STOP to_move 2 nodes_visited 1479
[21:28:49.920] START to_move 1
[21:28:49.941] STOP to_move 1 nodes_visited 369
[21:28:49.942] START to_move 2
[21:28:49.987] STOP to_move 2 nodes_visited 758
[21:28:49.987] START to_move 1
[21:28:50.004] STOP to_move 1 nodes_visited 287
[21:28:50.004] START to_move 2
[21:28:50.052] STOP to_move 2 nodes_visited 806
[21:28:50.053] START to_move 1
[21:28:50.069] STOP to_move 1 nodes_visited 277
[21:28:50.069] START to_move 2
[21:28:50.112] STOP to_move 2 nodes_visited 714
[21:28:50.112] START to_move 1
[21:28:50.225] STOP to_move 1 nodes_visited 1728
[21:28:50.226] START to_move 2
[21:28:50.269] STOP to_move 2 nodes_visited 726
[21:28:50.270] START to_move 1
[21:28:50.286] STOP to_move 1 nodes_visited 276
[21:28:50.286] START to_move 2
[21:28:50.336] STOP to_move 2 nodes_visited 819
[21:28:50.337] START to_move 1
[21:28:50.353] STOP to_move 1 nodes_visited 278
[21:28:50.353] START to_move 2
[21:28:50.401] STOP to_move 2 nodes_visited 796
[21:28:50.402] START to_move 1
[21:28:50.419] STOP to_move 1 nodes_visited 276
[21:28:50.420] START to_move 2
[21:28:50.505] STOP to_move 2 nodes_visited 1415
[21:28:50.505] START to_move 1
[21:28:50.522] STOP to_move 1 nodes_visited 271
[21:28:50.522] START to_move 2
[21:28:50.756] STOP to_move 2 nodes_visited 3791
[21:28:50.758] START to_move 1
[21:28:50.774] STOP to_move 1 nodes_visited 274
[21:28:50.775] START to_move 2
[21:28:51.016] STOP to_move 2 nodes_visited 3862
[21:28:51.018] START to_move 1
[21:28:51.063] STOP to_move 1 nodes_visited 740
[21:28:51.064] START to_move 2
[21:28:51.282] STOP to_move 2 nodes_visited 3546
[21:28:51.284] START to_move 1
[21:28:51.301] STOP to_move 1 nodes_visited 287
[21:28:51.301] START to_move 2
[21:28:51.552] STOP to_move 2 nodes_visited 4086
[21:28:51.554] START to_move 1
[21:28:51.571] STOP to_move 1 nodes_visited 283
[21:28:51.571] START to_move 2
[21:28:51.809] STOP to_move 2 nodes_visited 3848
[21:28:51.812] START to_move 1
[21:28:51.827] STOP to_move 1 nodes_visited 265
[21:28:51.828] START to_move 2
[21:28:52.006] STOP to_move 2 nodes_visited 2885
[21:28:52.007] START to_move 1
[21:28:52.023] STOP to_move 1 nodes_visited 259
[21:28:52.023] START to_move 2
[21:28:52.075] STOP to_move 2 nodes_visited 852
[21:28:52.075] START to_move 1
[21:28:52.090] STOP to_move 1 nodes_visited 259
[21:28:52.090] START to_move 2
[21:28:52.163] STOP to_move 2 nodes_visited 1215
[21:28:52.164] START to_move 1
[21:28:52.179] STOP to_move 1 nodes_visited 256
[21:28:52.179] START to_move 2
[21:28:52.252] STOP to_move 2 nodes_visited 1221
[21:28:52.252] START to_move 1
[21:28:52.269] STOP to_move 1 nodes_visited 282
[21:28:52.269] START to_move 2
[21:28:52.347] STOP to_move 2 nodes_visited 1278
[21:28:52.348] START to_move 1
[21:28:52.364] STOP to_move 1 nodes_visited 280
[21:28:52.364] START to_move 2
[21:28:52.439] STOP to_move 2 nodes_visited 1246
[21:28:52.440] START to_move 1
[21:28:52.456] STOP to_move 1 nodes_visited 276
[21:28:52.456] START to_move 2
[21:28:52.577] STOP to_move 2 nodes_visited 1976
[21:28:52.578] START to_move 1
[21:28:52.594] STOP to_move 1 nodes_visited 256
[21:28:52.594] START to_move 2
[21:28:52.716] STOP to_move 2 nodes_visited 1985
[21:28:52.717] START to_move 1
[21:28:52.732] STOP to_move 1 nodes_visited 252
[21:28:52.733] START to_move 2
[21:28:52.860] STOP to_move 2 nodes_visited 2050
[21:28:52.861] START to_move 1
[21:28:52.876] STOP to_move 1 nodes_visited 254
[21:28:52.876] START to_move 2
[21:28:53.003] STOP to_move 2 nodes_visited 2070
[21:28:53.004] START to_move 1
[21:28:53.019] STOP to_move 1 nodes_visited 256
[21:28:53.020] START to_move 2
[21:28:53.177] STOP to_move 2 nodes_visited 2558
[21:28:53.178] START to_move 1
[21:28:53.194] STOP to_move 1 nodes_visited 257
[21:28:53.194] START to_move 2
[21:28:53.343] STOP to_move 2 nodes_visited 2381
[21:28:53.345] START to_move 1
[21:28:53.408] STOP to_move 1 nodes_visited 997
[21:28:53.408] START to_move 2
[21:28:53.495] STOP to_move 2 nodes_visited 1429
[21:28:53.496] START to_move 1
[21:28:53.509] STOP to_move 1 nodes_visited 235
[21:28:53.510] START to_move 2
[21:28:53.628] STOP to_move 2 nodes_visited 1899
[21:28:53.629] START to_move 1
[21:28:53.643] STOP to_move 1 nodes_visited 223
[21:28:53.643] START to_move 2
[21:28:53.764] STOP to_move 2 nodes_visited 1983
[21:28:53.765] START to_move 1
[21:28:53.779] STOP to_move 1 nodes_visited 229
[21:28:53.779] START to_move 2
[21:28:53.917] STOP to_move 2 nodes_visited 2231
[21:28:53.918] START to_move 1
[21:28:53.932] STOP to_move 1 nodes_visited 225
[21:28:53.932] START to_move 2
[21:28:54.051] STOP to_move 2 nodes_visited 1938
[21:28:54.052] START to_move 1
[21:28:54.078] STOP to_move 1 nodes_visited 422
[21:28:54.079] START to_move 2
[21:28:54.208] STOP to_move 2 nodes_visited 2073
[21:28:54.209] START to_move 1
[21:28:54.225] STOP to_move 1 nodes_visited 271
[21:28:54.225] START to_move 2
[21:28:54.307] STOP to_move 2 nodes_visited 1353
[21:28:54.307] START to_move 1
[21:28:54.323] STOP to_move 1 nodes_visited 263
[21:28:54.323] START to_move 2
[21:28:54.414] STOP to_move 2 nodes_visited 1517
[21:28:54.415] START to_move 1
[21:28:54.428] STOP to_move 1 nodes_visited 207
[21:28:54.429] START to_move 2
[21:28:54.511] STOP to_move 2 nodes_visited 1367
[21:28:54.511] START to_move 1
[21:28:54.526] STOP to_move 1 nodes_visited 241
[21:28:54.526] START to_move 2
[21:28:54.616] STOP to_move 2 nodes_visited 1511
[21:28:54.617] START to_move 1
[21:28:54.628] STOP to_move 1 nodes_visited 189
[21:28:54.628] START to_move 2
[21:28:54.689] STOP to_move 2 nodes_visited 1012
[21:28:54.690] START to_move 1
[21:28:54.701] STOP to_move 1 nodes_visited 181
[21:28:54.701] START to_move 2
[21:28:54.749] STOP to_move 2 nodes_visited 775
[21:28:54.749] START to_move 1
[21:28:54.760] STOP to_move 1 nodes_visited 181
[21:28:54.760] START to_move 2
[21:28:54.808] STOP to_move 2 nodes_visited 807
[21:28:54.809] START to_move 1
[21:28:54.819] STOP to_move 1 nodes_visited 177
[21:28:54.819] START to_move 2
[21:28:54.863] STOP to_move 2 nodes_visited 735
[21:28:54.863] START to_move 1
[21:28:54.876] STOP to_move 1 nodes_visited 214
[21:28:54.876] START to_move 2
[21:28:54.911] STOP to_move 2 nodes_visited 582
[21:28:54.911] START to_move 1
[21:28:54.922] STOP to_move 1 nodes_visited 186
[21:28:54.923] START to_move 2
[21:28:54.969] STOP to_move 2 nodes_visited 794
[21:28:54.970] START to_move 1
[21:28:54.981] STOP to_move 1 nodes_visited 170
[21:28:54.981] START to_move 2
[21:28:55.030] STOP to_move 2 nodes_visited 817
[21:28:55.031] START to_move 1
[21:28:55.040] STOP to_move 1 nodes_visited 169
[21:28:55.041] START to_move 2
[21:28:55.082] STOP to_move 2 nodes_visited 683
[21:28:55.082] START to_move 1
[21:28:55.093] STOP to_move 1 nodes_visited 180
[21:28:55.093] START to_move 2
[21:28:55.132] STOP to_move 2 nodes_visited 667
[21:28:55.133] START to_move 1
[21:28:55.144] STOP to_move 1 nodes_visited 187
[21:28:55.144] START to_move 2
[21:28:55.182] STOP to_move 2 nodes_visited 638
[21:28:55.182] START to_move 1
[21:28:55.193] STOP to_move 1 nodes_visited 188
[21:28:55.193] START to_move 2
[21:28:55.231] STOP to_move 2 nodes_visited 628
[21:28:55.231] START to_move 1
[21:28:55.242] STOP to_move 1 nodes_visited 188
[21:28:55.242] START to_move 2
[21:28:55.282] STOP to_move 2 nodes_visited 648
[21:28:55.283] START to_move 1
[21:28:55.293] STOP to_move 1 nodes_visited 172
[21:28:55.293] START to_move 2
[21:28:55.297] STOP to_move 2 nodes_visited 69
[21:28:55.297] START to_move 1
[21:28:55.310] STOP to_move 1 nodes_visited 229
[21:28:55.310] START to_move 2
[21:28:55.316] STOP to_move 2 nodes_visited 102
[21:28:55.316] START to_move 1
[21:28:55.330] STOP to_move 1 nodes_visited 229
[21:28:55.330] START to_move 2
[21:28:55.345] STOP to_move 2 nodes_visited 257
[21:28:55.345] START to_move 1
[21:28:55.359] STOP to_move 1 nodes_visited 235
[21:28:55.360] START to_move 2
[21:28:55.375] STOP to_move 2 nodes_visited 260
[21:28:55.375] START to_move 1
[21:28:55.389] STOP to_move 1 nodes_visited 229
[21:28:55.389] START to_move 2
[21:28:55.407] STOP to_move 2 nodes_visited 299
[21:28:55.407] START to_move 1
[21:28:55.421] STOP to_move 1 nodes_visited 229
[21:28:55.421] START to_move 2
[21:28:55.440] STOP to_move 2 nodes_visited 311
[21:28:55.440] START to_move 1
[21:28:55.454] STOP to_move 1 nodes_visited 233
[21:28:55.454] START to_move 2
[21:28:55.473] STOP to_move 2 nodes_visited 311
[21:28:55.473] START to_move 1
[21:28:55.487] STOP to_move 1 nodes_visited 233
[21:28:55.487] START to_move 2
[21:28:55.506] STOP to_move 2 nodes_visited 311
[21:28:55.506] START to_move 1
[21:28:55.520] STOP to_move 1 nodes_visited 233
[21:28:55.521] START to_move 2
[21:28:55.539] STOP to_move 2 nodes_visited 307
[21:28:55.539] START to_move 1
[21:28:55.550] STOP to_move 1 nodes_visited 195
[21:28:55.551] START to_move 2
[21:28:55.560] STOP to_move 2 nodes_visited 154
[21:28:55.560] START to_move 1
[21:28:55.577] STOP to_move 1 nodes_visited 257
[21:28:55.577] START to_move 2
[21:28:55.582] STOP to_move 2 nodes_visited 80
[21:28:55.582] END winner 2 - rounds 164
