[21:57:10.693] 1 - distance_function chebyshev - pruning True
[21:57:10.694] 2 - distance_function manhattan - pruning True
[21:57:10.694] START to_move 1
[21:57:10.794] STOP to_move 1 nodes_visited 1596
[21:57:10.795] START to_move 2
[21:57:11.043] STOP to_move 2 nodes_visited 4133
[21:57:11.046] START to_move 1
[21:57:11.182] STOP to_move 1 nodes_visited 2097
[21:57:11.183] START to_move 2
[21:57:11.414] STOP to_move 2 nodes_visited 3889
[21:57:11.416] START to_move 1
[21:57:11.538] STOP to_move 1 nodes_visited 1928
[21:57:11.539] START to_move 2
[21:57:11.794] STOP to_move 2 nodes_visited 4331
[21:57:11.797] START to_move 1
[21:57:11.957] STOP to_move 1 nodes_visited 2468
[21:57:11.958] START to_move 2
[21:57:12.217] STOP to_move 2 nodes_visited 4359
[21:57:12.219] START to_move 1
[21:57:12.248] STOP to_move 1 nodes_visited 471
[21:57:12.248] START to_move 2
[21:57:12.591] STOP to_move 2 nodes_visited 5810
[21:57:12.595] START to_move 1
[21:57:12.623] STOP to_move 1 nodes_visited 459
[21:57:12.623] START to_move 2
[21:57:12.781] STOP to_move 2 nodes_visited 2735
[21:57:12.783] START to_move 1
[21:57:12.814] STOP to_move 1 nodes_visited 514
[21:57:12.814] START to_move 2
[21:57:12.972] STOP to_move 2 nodes_visited 2711
[21:57:12.973] START to_move 1
[21:57:13.005] STOP to_move 1 nodes_visited 524
[21:57:13.005] START to_move 2
[21:57:13.170] STOP to_move 2 nodes_visited 2876
[21:57:13.172] START to_move 1
[21:57:13.204] STOP to_move 1 nodes_visited 509
[21:57:13.205] START to_move 2
[21:57:13.363] STOP to_move 2 nodes_visited 2776
[21:57:13.365] START to_move 1
[21:57:13.396] STOP to_move 1 nodes_visited 500
[21:57:13.396] START to_move 2
[21:57:13.519] STOP to_move 2 nodes_visited 2111
[21:57:13.520] START to_move 1
[21:57:13.550] STOP to_move 1 nodes_visited 501
[21:57:13.551] START to_move 2
[21:57:13.678] STOP to_move 2 nodes_visited 2224
[21:57:13.679] START to_move 1
[21:57:13.709] STOP to_move 1 nodes_visited 483
[21:57:13.709] START to_move 2
[21:57:13.970] STOP to_move 2 nodes_visited 4401
[21:57:13.973] START to_move 1
[21:57:14.004] STOP to_move 1 nodes_visited 515
[21:57:14.004] START to_move 2
[21:57:14.125] STOP to_move 2 nodes_visited 2116
[21:57:14.127] START to_move 1
[21:57:14.154] STOP to_move 1 nodes_visited 464
[21:57:14.155] START to_move 2
[21:57:14.289] STOP to_move 2 nodes_visited 2323
[21:57:14.291] START to_move 1
[21:57:14.317] STOP to_move 1 nodes_visited 450
[21:57:14.317] START to_move 2
[21:57:14.454] STOP to_move 2 nodes_visited 2307
[21:57:14.455] START to_move 1
[21:57:14.481] STOP to_move 1 nodes_visited 434
[21:57:14.481] START to_move 2
[21:57:14.595] STOP to_move 2 nodes_visited 1967
[21:57:14.596] START to_move 1
[21:57:14.621] STOP to_move 1 nodes_visited 421
[21:57:14.621] START to_move 2
[21:57:14.747] STOP to_move 2 nodes_visited 2160
[21:57:14.748] START to_move 1
[21:57:14.773] STOP to_move 1 nodes_visited 427
[21:57:14.774] START to_move 2
[21:57:14.904] STOP to_move 2 nodes_visited 2278
[21:57:14.906] START to_move 1
[21:57:14.935] STOP to_move 1 nodes_visited 485
[21:57:14.935] START to_move 2
[21:57:15.078] STOP to_move 2 nodes_visited 2465
[21:57:15.080] START to_move 1
[21:57:15.107] STOP to_move 1 nodes_visited 444
[21:57:15.107] START to_move 2
[21:57:15.224] STOP to_move 2 nodes_visited 1989
[21:57:15.225] START to_move 1
[21:57:15.254] STOP to_move 1 nodes_visited 475
[21:57:15.254] START to_move 2
[21:57:15.389] STOP to_move 2 nodes_visited 2337
[21:57:15.390] START to_move 1
[21:57:15.418] STOP to_move 1 nodes_visited 461
[21:57:15.419] START to_move 2
[21:57:15.541] STOP to_move 2 nodes_visited 2066
[21:57:15.542] START to_move 1
[21:57:15.574] STOP to_move 1 nodes_visited 520
[21:57:15.574] START to_move 2
[21:57:15.694] STOP to_move 2 nodes_visited 2090
[21:57:15.695] START to_move 1
[21:57:15.722] STOP to_move 1 nodes_visited 457
[21:57:15.723] START to_move 2
[21:57:15.899] STOP to_move 2 nodes_visited 3055
[21:57:15.901] START to_move 1
[21:57:15.928] STOP to_move 1 nodes_visited 457
[21:57:15.928] START to_move 2
[21:57:16.036] STOP to_move 2 nodes_visited 1847
[21:57:16.037] START to_move 1
[21:57:16.064] STOP to_move 1 nodes_visited 453
[21:57:16.064] START to_move 2
[21:57:16.179] STOP to_move 2 nodes_visited 1997
[21:57:16.180] START to_move 1
[21:57:16.206] STOP to_move 1 nodes_visited 453
[21:57:16.207] START to_move 2
[21:57:16.322] STOP to_move 2 nodes_visited 1994
[21:57:16.323] START to_move 1
[21:57:16.351] STOP to_move 1 nodes_visited 468
[21:57:16.351] START to_move 2
[21:57:16.478] STOP to_move 2 nodes_visited 2235
[21:57:16.480] START to_move 1
[21:57:16.503] STOP to_move 1 nodes_visited 361
[21:57:16.503] START to_move 2
[21:57:16.627] STOP to_move 2 nodes_visited 2166
[21:57:16.628] START to_move 1
[21:57:16.661] STOP to_move 1 nodes_visited 539
[21:57:16.661] START to_move 2
[21:57:16.699] STOP to_move 2 nodes_visited 686
[21:57:16.699] START to_move 1
[21:57:16.733] STOP to_move 1 nodes_visited 553
[21:57:16.733] START to_move 2
[21:57:16.771] STOP to_move 2 nodes_visited 651
[21:57:16.771] START to_move 1
[21:57:16.803] STOP to_move 1 nodes_visited 536
[21:57:16.804] START to_move 2
[21:57:16.891] STOP to_move 2 nodes_visited 1524
[21:57:16.892] START to_move 1
[21:57:16.912] STOP to_move 1 nodes_visited 350
[21:57:16.912] START to_move 2
[21:57:17.003] STOP to_move 2 nodes_visited 1594
[21:57:17.004] START to_move 1
[21:57:17.121] STOP to_move 1 nodes_visited 1867
[21:57:17.122] START to_move 2
[21:57:17.202] STOP to_move 2 nodes_visited 1401
[21:57:17.203] START to_move 1
[21:57:17.225] STOP to_move 1 nodes_visited 385
[21:57:17.225] START to_move 2
[21:57:17.311] STOP to_move 2 nodes_visited 1473
[21:57:17.312] START to_move 1
[21:57:17.335] STOP to_move 1 nodes_visited 393
[21:57:17.336] START to_move 2
[21:57:17.428] STOP to_move 2 nodes_visited 1632
[21:57:17.429] START to_move 1
[21:57:17.451] STOP to_move 1 nodes_visited 381
[21:57:17.452] START to_move 2
[21:57:17.542] STOP to_move 2 nodes_visited 1538
[21:57:17.543] START to_move 1
[21:57:17.566] STOP to_move 1 nodes_visited 393
[21:57:17.567] START to_move 2
[21:57:17.660] STOP to_move 2 nodes_visited 1632
[21:57:17.660] START to_move 1
[21:57:17.681] STOP to_move 1 nodes_visited 341
[21:57:17.681] START to_move 2
[21:57:17.774] STOP to_move 2 nodes_visited 1627
[21:57:17.775] START to_move 1
[21:57:17.799] STOP to_move 1 nodes_visited 385
[21:57:17.799] START to_move 2
[21:57:17.940] STOP to_move 2 nodes_visited 2460
[21:57:17.941] START to_move 1
[21:57:17.961] STOP to_move 1 nodes_visited 326
[21:57:17.961] START to_move 2
[21:57:18.091] STOP to_move 2 nodes_visited 2178
[21:57:18.092] START to_move 1
[21:57:18.118] STOP to_move 1 nodes_visited 428
[21:57:18.118] START to_move 2
[21:57:18.194] STOP to_move 2 nodes_visited 1306
[21:57:18.195] START to_move 1
[21:57:18.218] STOP to_move 1 nodes_visited 377
[21:57:18.218] START to_move 2
[21:57:18.304] STOP to_move 2 nodes_visited 1472
[21:57:18.304] START to_move 1
[21:57:18.328] STOP to_move 1 nodes_visited 371
[21:57:18.328] START to_move 2
[21:57:18.389] STOP to_move 2 nodes_visited 1057
[21:57:18.389] START to_move 1
[21:57:18.411] STOP to_move 1 nodes_visited 356
[21:57:18.411] START to_move 2
[21:57:18.496] STOP to_move 2 nodes_visited 1479
[21:57:18.496] START to_move 1
[21:57:18.521] STOP to_move 1 nodes_visited 408
[21:57:18.522] START to_move 2
[21:57:18.580] STOP to_move 2 nodes_visited 984
[21:57:18.580] START to_move 1
[21:57:18.617] STOP to_move 1 nodes_visited 572
[21:57:18.617] START to_move 2
[21:57:18.643] STOP to_move 2 nodes_visited 451
[21:57:18.643] START to_move 1
[21:57:18.664] STOP to_move 1 nodes_visited 362
[21:57:18.665] START to_move 2
[21:57:18.740] STOP to_move 2 nodes_visited 1310
[21:57:18.741] START to_move 1
[21:57:18.767] STOP to_move 1 nodes_visited 438
[21:57:18.767] START to_move 2
[21:57:18.850] STOP to_move 2 nodes_visited 1399
[21:57:18.851] START to_move 1
[21:57:18.876] STOP to_move 1 nodes_visited 410
[21:57:18.876] START to_move 2
[21:57:18.916] STOP to_move 2 nodes_visited 703
[21:57:18.916] START to_move 1
[21:57:18.939] STOP to_move 1 nodes_visited 379
[21:57:18.940] START to_move 2
[21:57:18.957] STOP to_move 2 nodes_visited 324
[21:57:18.958] START to_move 1
[21:57:18.977] STOP to_move 1 nodes_visited 321
[21:57:18.977] START to_move 2
[21:57:19.008] STOP to_move 2 nodes_visited 553
[21:57:19.009] START to_move 1
[21:57:19.030] STOP to_move 1 nodes_visited 351
[21:57:19.030] START to_move 2
[21:57:19.047] STOP to_move 2 nodes_visited 289
[21:57:19.047] START to_move 1
[21:57:19.067] STOP to_move 1 nodes_visited 336
[21:57:19.067] START to_move 2
[21:57:19.205] STOP to_move 2 nodes_visited 2375
[21:57:19.207] START to_move 1
[21:57:19.231] STOP to_move 1 nodes_visited 393
[21:57:19.231] START to_move 2
[21:57:19.250] STOP to_move 2 nodes_visited 349
[21:57:19.251] START to_move 1
[21:57:19.271] STOP to_move 1 nodes_visited 339
[21:57:19.271] START to_move 2
[21:57:19.333] STOP to_move 2 nodes_visited 1074
[21:57:19.333] START to_move 1
[21:57:19.353] STOP to_move 1 nodes_visited 329
[21:57:19.353] START to_move 2
[21:57:19.410] STOP to_move 2 nodes_visited 966
[21:57:19.410] START to_move 1
[21:57:19.431] STOP to_move 1 nodes_visited 342
[21:57:19.431] START to_move 2
[21:57:19.484] STOP to_move 2 nodes_visited 921
[21:57:19.484] START to_move 1
[21:57:19.513] STOP to_move 1 nodes_visited 468
[21:57:19.514] START to_move 2
[21:57:19.545] STOP to_move 2 nodes_visited 547
[21:57:19.545] START to_move 1
[21:57:19.670] STOP to_move 1 nodes_visited 1833
[21:57:19.671] START to_move 2
[21:57:19.709] STOP to_move 2 nodes_visited 657
[21:57:19.709] START to_move 1
[21:57:19.735] STOP to_move 1 nodes_visited 416
[21:57:19.736] START to_move 2
[21:57:19.771] STOP to_move 2 nodes_visited 626
[21:57:19.772] START to_move 1
[21:57:19.793] STOP to_move 1 nodes_visited 367
[21:57:19.794] START to_move 2
[21:57:19.833] STOP to_move 2 nodes_visited 695
[21:57:19.833] START to_move 1
[21:57:19.856] STOP to_move 1 nodes_visited 379
[21:57:19.857] START to_move 2
[21:57:19.897] STOP to_move 2 nodes_visited 714
[21:57:19.897] START to_move 1
[21:57:19.921] STOP to_move 1 nodes_visited 393
[21:57:19.921] START to_move 2
[21:57:19.965] STOP to_move 2 nodes_visited 746
[21:57:19.966] START to_move 1
[21:57:19.991] STOP to_move 1 nodes_visited 407
[21:57:19.991] START to_move 2
[21:57:20.036] STOP to_move 2 nodes_visited 792
[21:57:20.037] START to_move 1
[21:57:20.064] STOP to_move 1 nodes_visited 445
[21:57:20.064] START to_move 2
[21:57:20.070] STOP to_move 2 nodes_visited 113
[21:57:20.071] START to_move 1
[21:57:20.126] STOP to_move 1 nodes_visited 896
[21:57:20.126] START to_move 2
[21:57:20.157] STOP to_move 2 nodes_visited 545
[21:57:20.157] START to_move 1
[21:57:20.176] STOP to_move 1 nodes_visited 315
[21:57:20.176] START to_move 2
[21:57:20.209] STOP to_move 2 nodes_visited 569
[21:57:20.209] START to_move 1
[21:57:20.303] STOP to_move 1 nodes_visited 1468
[21:57:20.304] START to_move 2
[21:57:20.337] STOP to_move 2 nodes_visited 579
[21:57:20.338] START to_move 1
[21:57:20.350] STOP to_move 1 nodes_visited 209
[21:57:20.350] START to_move 2
[21:57:20.365] STOP to_move 2 nodes_visited 262
[21:57:20.365] START to_move 1
[21:57:20.379] STOP to_move 1 nodes_visited 231
[21:57:20.379] START to_move 2
[21:57:20.395] STOP to_move 2 nodes_visited 281
[21:57:20.395] START to_move 1
[21:57:20.408] STOP to_move 1 nodes_visited 216
[21:57:20.408] START to_move 2
[21:57:20.421] STOP to_move 2 nodes_visited 228
[21:57:20.421] START to_move 1
[21:57:20.433] STOP to_move 1 nodes_visited 199
[21:57:20.433] START to_move 2
[21:57:20.444] STOP to_move 2 nodes_visited 203
[21:57:20.444] START to_move 1
[21:57:20.456] STOP to_move 1 nodes_visited 197
[21:57:20.456] START to_move 2
[21:57:20.468] STOP to_move 2 nodes_visited 222
[21:57:20.468] START to_move 1
[21:57:20.481] STOP to_move 1 nodes_visited 215
[21:57:20.481] START to_move 2
[21:57:20.495] STOP to_move 2 nodes_visited 248
[21:57:20.495] START to_move 1
[21:57:20.560] STOP to_move 1 nodes_visited 1010
[21:57:20.560] START to_move 2
[21:57:20.570] STOP to_move 2 nodes_visited 169
[21:57:20.570] START to_move 1
[21:57:20.626] STOP to_move 1 nodes_visited 900
[21:57:20.627] START to_move 2
[21:57:20.635] STOP to_move 2 nodes_visited 143
[21:57:20.635] START to_move 1
[21:57:20.665] STOP to_move 1 nodes_visited 468
[21:57:20.665] START to_move 2
[21:57:20.685] STOP to_move 2 nodes_visited 361
[21:57:20.685] START to_move 1
[21:57:20.710] STOP to_move 1 nodes_visited 403
[21:57:20.710] START to_move 2
[21:57:20.733] STOP to_move 2 nodes_visited 403
[21:57:20.733] START to_move 1
[21:57:20.743] STOP to_move 1 nodes_visited 146
[21:57:20.743] START to_move 2
[21:57:20.767] STOP to_move 2 nodes_visited 394
[21:57:20.767] START to_move 1
[21:57:20.775] STOP to_move 1 nodes_visited 129
[21:57:20.775] START to_move 2
[21:57:20.791] STOP to_move 2 nodes_visited 293
[21:57:20.791] START to_move 1
[21:57:20.799] STOP to_move 1 nodes_visited 123
[21:57:20.799] START to_move 2
[21:57:20.808] STOP to_move 2 nodes_visited 166
[21:57:20.808] START to_move 1
[21:57:20.817] STOP to_move 1 nodes_visited 156
[21:57:20.817] START to_move 2
[21:57:20.833] STOP to_move 2 nodes_visited 253
[21:57:20.833] START to_move 1
[21:57:20.853] STOP to_move 1 nodes_visited 330
[21:57:20.854] START to_move 2
[21:57:20.861] STOP to_move 2 nodes_visited 134
[21:57:20.861] START to_move 1
[21:57:20.872] STOP to_move 1 nodes_visited 171
[21:57:20.872] START to_move 2
[21:57:20.881] STOP to_move 2 nodes_visited 165
[21:57:20.881] START to_move 1
[21:57:20.888] STOP to_move 1 nodes_visited 119
[21:57:20.888] START to_move 2
[21:57:20.895] STOP to_move 2 nodes_visited 135
[21:57:20.896] START to_move 1
[21:57:20.904] STOP to_move 1 nodes_visited 141
[21:57:20.904] START to_move 2
[21:57:20.911] STOP to_move 2 nodes_visited 135
[21:57:20.911] START to_move 1
[21:57:20.920] STOP to_move 1 nodes_visited 141
[21:57:20.920] START to_move 2
[21:57:20.943] STOP to_move 2 nodes_visited 395
[21:57:20.943] START to_move 1
[21:57:20.953] STOP to_move 1 nodes_visited 170
[21:57:20.953] START to_move 2
[21:57:20.960] STOP to_move 2 nodes_visited 121
[21:57:20.960] START to_move 1
[21:57:20.967] STOP to_move 1 nodes_visited 125
[21:57:20.967] START to_move 2
[21:57:20.974] STOP to_move 2 nodes_visited 120
[21:57:20.974] START to_move 1
[21:57:20.982] STOP to_move 1 nodes_visited 134
[21:57:20.982] START to_move 2
[21:57:20.989] STOP to_move 2 nodes_visited 125
[21:57:20.989] START to_move 1
[21:57:20.998] STOP to_move 1 nodes_visited 139
[21:57:20.998] START to_move 2
[21:57:21.006] STOP to_move 2 nodes_visited 150
[21:57:21.006] START to_move 1
[21:57:21.015] STOP to_move 1 nodes_visited 142
[21:57:21.015] START to_move 2
[21:57:21.023] STOP to_move 2 nodes_visited 148
[21:57:21.023] START to_move 1
[21:57:21.031] STOP to_move 1 nodes_visited 142
[21:57:21.031] START to_move 2
[21:57:21.039] STOP to_move 2 nodes_visited 136
[21:57:21.039] START to_move 1
[21:57:21.045] STOP to_move 1 nodes_visited 104
[21:57:21.045] START to_move 2
[21:57:21.053] STOP to_move 2 nodes_visited 142
[21:57:21.053] START to_move 1
[21:57:21.061] STOP to_move 1 nodes_visited 136
[21:57:21.061] START to_move 2
[21:57:21.068] STOP to_move 2 nodes_visited 127
[21:57:21.069] START to_move 1
[21:57:21.076] STOP to_move 1 nodes_visited 133
[21:57:21.077] START to_move 2
[21:57:21.084] STOP to_move 2 nodes_visited 133
[21:57:21.084] START to_move 1
[21:57:21.092] STOP to_move 1 nodes_visited 142
[21:57:21.092] START to_move 2
[21:57:21.100] STOP to_move 2 nodes_visited 135
[21:57:21.100] START to_move 1
[21:57:21.109] STOP to_move 1 nodes_visited 151
[21:57:21.109] START to_move 2
[21:57:21.116] STOP to_move 2 nodes_visited 135
[21:57:21.116] START to_move 1
[21:57:21.125] STOP to_move 1 nodes_visited 144
[21:57:21.125] START to_move 2
[21:57:21.132] STOP to_move 2 nodes_visited 118
[21:57:21.132] START to_move 1
[21:57:21.139] STOP to_move 1 nodes_visited 124
[21:57:21.139] START to_move 2
[21:57:21.144] STOP to_move 2 nodes_visited 95
[21:57:21.145] START to_move 1
[21:57:21.149] STOP to_move 1 nodes_visited 72
[21:57:21.149] START to_move 2
[21:57:21.155] STOP to_move 2 nodes_visited 92
[21:57:21.155] START to_move 1
[21:57:21.159] STOP to_move 1 nodes_visited 64
[21:57:21.159] START to_move 2
[21:57:21.164] STOP to_move 2 nodes_visited 97
[21:57:21.164] START to_move 1
[21:57:21.168] STOP to_move 1 nodes_visited 67
[21:57:21.168] START to_move 2
[21:57:21.179] STOP to_move 2 nodes_visited 203
[21:57:21.180] START to_move 1
[21:57:21.185] STOP to_move 1 nodes_visited 95
[21:57:21.185] START to_move 2
[21:57:21.191] STOP to_move 2 nodes_visited 94
[21:57:21.191] START to_move 1
[21:57:21.195] STOP to_move 1 nodes_visited 71
[21:57:21.195] START to_move 2
[21:57:21.204] STOP to_move 2 nodes_visited 169
[21:57:21.204] START to_move 1
[21:57:21.212] STOP to_move 1 nodes_visited 121
[21:57:21.212] START to_move 2
[21:57:21.221] STOP to_move 2 nodes_visited 169
[21:57:21.221] START to_move 1
[21:57:21.229] STOP to_move 1 nodes_visited 121
[21:57:21.229] START to_move 2
[21:57:21.234] STOP to_move 2 nodes_visited 94
[21:57:21.234] START to_move 1
[21:57:21.239] STOP to_move 1 nodes_visited 87
[21:57:21.239] START to_move 2
[21:57:21.244] STOP to_move 2 nodes_visited 83
[21:57:21.244] START to_move 1
[21:57:21.247] STOP to_move 1 nodes_visited 53
[21:57:21.247] START to_move 2
[21:57:21.254] STOP to_move 2 nodes_visited 118
[21:57:21.254] START to_move 1
[21:57:21.259] STOP to_move 1 nodes_visited 83
[21:57:21.259] START to_move 2
[21:57:21.262] STOP to_move 2 nodes_visited 69
[21:57:21.262] START to_move 1
[21:57:21.267] STOP to_move 1 nodes_visited 81
[21:57:21.267] START to_move 2
[21:57:21.271] STOP to_move 2 nodes_visited 76
[21:57:21.272] START to_move 1
[21:57:21.276] STOP to_move 1 nodes_visited 81
[21:57:21.276] START to_move 2
[21:57:21.282] STOP to_move 2 nodes_visited 110
[21:57:21.282] START to_move 1
[21:57:21.288] STOP to_move 1 nodes_visited 97
[21:57:21.289] START to_move 2
[21:57:21.292] STOP to_move 2 nodes_visited 63
[21:57:21.292] START to_move 1
[21:57:21.295] STOP to_move 1 nodes_visited 53
[21:57:21.295] START to_move 2
[21:57:21.298] STOP to_move 2 nodes_visited 55
[21:57:21.298] START to_move 1
[21:57:21.301] STOP to_move 1 nodes_visited 47
[21:57:21.301] START to_move 2
[21:57:21.304] STOP to_move 2 nodes_visited 57
[21:57:21.304] START to_move 1
[21:57:21.307] STOP to_move 1 nodes_visited 47
[21:57:21.307] START to_move 2
[21:57:21.310] STOP to_move 2 nodes_visited 55
[21:57:21.310] START to_move 1
[21:57:21.313] STOP to_move 1 nodes_visited 53
[21:57:21.313] START to_move 2
[21:57:21.316] STOP to_move 2 nodes_visited 55
[21:57:21.317] START to_move 1
[21:57:21.320] STOP to_move 1 nodes_visited 53
[21:57:21.320] START to_move 2
[21:57:21.323] STOP to_move 2 nodes_visited 51
[21:57:21.323] START to_move 1
[21:57:21.325] STOP to_move 1 nodes_visited 45
[21:57:21.325] START to_move 2
[21:57:21.328] STOP to_move 2 nodes_visited 47
[21:57:21.328] START to_move 1
[21:57:21.330] STOP to_move 1 nodes_visited 41
[21:57:21.330] START to_move 2
[21:57:21.332] STOP to_move 2 nodes_visited 35
[21:57:21.332] START to_move 1
[21:57:21.333] STOP to_move 1 nodes_visited 16
[21:57:21.333] START to_move 2
[21:57:21.335] STOP to_move 2 nodes_visited 31
[21:57:21.335] START to_move 1
[21:57:21.337] STOP to_move 1 nodes_visited 26
[21:57:21.337] START to_move 2
[21:57:21.339] STOP to_move 2 nodes_visited 29
[21:57:21.339] START to_move 1
[21:57:21.340] STOP to_move 1 nodes_visited 17
[21:57:21.340] START to_move 2
[21:57:21.342] STOP to_move 2 nodes_visited 43
[21:57:21.342] START to_move 1
[21:57:21.344] STOP to_move 1 nodes_visited 22
[21:57:21.344] START to_move 2
[21:57:21.345] STOP to_move 2 nodes_visited 25
[21:57:21.345] START to_move 1
[21:57:21.346] STOP to_move 1 nodes_visited 16
[21:57:21.346] START to_move 2
[21:57:21.348] STOP to_move 2 nodes_visited 33
[21:57:21.348] START to_move 1
[21:57:21.349] STOP to_move 1 nodes_visited 21
[21:57:21.349] START to_move 2
[21:57:21.351] STOP to_move 2 nodes_visited 35
[21:57:21.351] START to_move 1
[21:57:21.353] STOP to_move 1 nodes_visited 20
[21:57:21.353] START to_move 2
[21:57:21.355] STOP to_move 2 nodes_visited 35
[21:57:21.355] START to_move 1
[21:57:21.355] STOP to_move 1 nodes_visited 6
[21:57:21.355] END winner 1 - rounds 257
