[23:07:56.744] 1 - distance_function chebyshev - pruning True
[23:07:56.744] 2 - distance_function euclides - pruning True
[23:07:56.744] START to_move 1
[23:07:56.824] STOP to_move 1 nodes_visited 1279
[23:07:56.825] START to_move 2
[23:07:56.908] STOP to_move 2 nodes_visited 1325
[23:07:56.909] START to_move 1
[23:07:57.002] STOP to_move 1 nodes_visited 1398
[23:07:57.003] START to_move 2
[23:07:57.099] STOP to_move 2 nodes_visited 1550
[23:07:57.100] START to_move 1
[23:07:57.160] STOP to_move 1 nodes_visited 970
[23:07:57.161] START to_move 2
[23:07:57.205] STOP to_move 2 nodes_visited 731
[23:07:57.205] START to_move 1
[23:07:57.226] STOP to_move 1 nodes_visited 339
[23:07:57.226] START to_move 2
[23:07:57.303] STOP to_move 2 nodes_visited 1261
[23:07:57.304] START to_move 1
[23:07:57.324] STOP to_move 1 nodes_visited 341
[23:07:57.324] START to_move 2
[23:07:57.449] STOP to_move 2 nodes_visited 2069
[23:07:57.450] START to_move 1
[23:07:57.471] STOP to_move 1 nodes_visited 345
[23:07:57.471] START to_move 2
[23:07:57.519] STOP to_move 2 nodes_visited 771
[23:07:57.519] START to_move 1
[23:07:57.540] STOP to_move 1 nodes_visited 350
[23:07:57.540] START to_move 2
[23:07:57.592] STOP to_move 2 nodes_visited 869
[23:07:57.592] START to_move 1
[23:07:57.613] STOP to_move 1 nodes_visited 350
[23:07:57.614] START to_move 2
[23:07:57.664] STOP to_move 2 nodes_visited 851
[23:07:57.664] START to_move 1
[23:07:57.685] STOP to_move 1 nodes_visited 342
[23:07:57.685] START to_move 2
[23:07:57.735] STOP to_move 2 nodes_visited 843
[23:07:57.736] START to_move 1
[23:07:57.756] STOP to_move 1 nodes_visited 338
[23:07:57.756] START to_move 2
[23:07:57.884] STOP to_move 2 nodes_visited 2096
[23:07:57.885] START to_move 1
[23:07:57.937] STOP to_move 1 nodes_visited 795
[23:07:57.937] START to_move 2
[23:07:57.986] STOP to_move 2 nodes_visited 811
[23:07:57.986] START to_move 1
[23:07:58.010] STOP to_move 1 nodes_visited 388
[23:07:58.010] START to_move 2
[23:07:58.110] STOP to_move 2 nodes_visited 1602
[23:07:58.111] START to_move 1
[23:07:58.136] STOP to_move 1 nodes_visited 407
[23:07:58.137] START to_move 2
[23:07:58.248] STOP to_move 2 nodes_visited 1845
[23:07:58.249] START to_move 1
[23:07:58.268] STOP to_move 1 nodes_visited 307
[23:07:58.268] START to_move 2
[23:07:58.392] STOP to_move 2 nodes_visited 2019
[23:07:58.393] START to_move 1
[23:07:58.411] STOP to_move 1 nodes_visited 306
[23:07:58.411] START to_move 2
[23:07:58.546] STOP to_move 2 nodes_visited 2240
[23:07:58.548] START to_move 1
[23:07:58.566] STOP to_move 1 nodes_visited 294
[23:07:58.566] START to_move 2
[23:07:58.749] STOP to_move 2 nodes_visited 2977
[23:07:58.751] START to_move 1
[23:07:58.833] STOP to_move 1 nodes_visited 1309
[23:07:58.833] START to_move 2
[23:07:58.929] STOP to_move 2 nodes_visited 1529
[23:07:58.930] START to_move 1
[23:07:58.946] STOP to_move 1 nodes_visited 273
[23:07:58.946] START to_move 2
[23:07:59.171] STOP to_move 2 nodes_visited 3616
[23:07:59.173] START to_move 1
[23:07:59.211] STOP to_move 1 nodes_visited 629
[23:07:59.212] START to_move 2
[23:07:59.356] STOP to_move 2 nodes_visited 2392
[23:07:59.357] START to_move 1
[23:07:59.374] STOP to_move 1 nodes_visited 277
[23:07:59.374] START to_move 2
[23:07:59.502] STOP to_move 2 nodes_visited 2067
[23:07:59.503] START to_move 1
[23:07:59.519] STOP to_move 1 nodes_visited 280
[23:07:59.520] START to_move 2
[23:07:59.693] STOP to_move 2 nodes_visited 2782
[23:07:59.694] START to_move 1
[23:07:59.711] STOP to_move 1 nodes_visited 284
[23:07:59.711] START to_move 2
[23:07:59.751] STOP to_move 2 nodes_visited 674
[23:07:59.751] START to_move 1
[23:07:59.768] STOP to_move 1 nodes_visited 289
[23:07:59.769] START to_move 2
[23:07:59.805] STOP to_move 2 nodes_visited 612
[23:07:59.805] START to_move 1
[23:07:59.863] STOP to_move 1 nodes_visited 931
[23:07:59.863] START to_move 2
[23:07:59.898] STOP to_move 2 nodes_visited 592
[23:07:59.899] START to_move 1
[23:07:59.916] STOP to_move 1 nodes_visited 290
[23:07:59.916] START to_move 2
[23:07:59.991] STOP to_move 2 nodes_visited 1204
[23:07:59.991] START to_move 1
[23:08:00.008] STOP to_move 1 nodes_visited 289
[23:08:00.008] START to_move 2
[23:08:00.079] STOP to_move 2 nodes_visited 1176
[23:08:00.080] START to_move 1
[23:08:00.097] STOP to_move 1 nodes_visited 293
[23:08:00.097] START to_move 2
[23:08:00.168] STOP to_move 2 nodes_visited 1189
[23:08:00.169] START to_move 1
[23:08:00.201] STOP to_move 1 nodes_visited 528
[23:08:00.201] START to_move 2
[23:08:00.243] STOP to_move 2 nodes_visited 680
[23:08:00.243] START to_move 1
[23:08:00.263] STOP to_move 1 nodes_visited 342
[23:08:00.264] START to_move 2
[23:08:00.329] STOP to_move 2 nodes_visited 1099
[23:08:00.330] START to_move 1
[23:08:00.350] STOP to_move 1 nodes_visited 336
[23:08:00.350] START to_move 2
[23:08:00.458] STOP to_move 2 nodes_visited 1756
[23:08:00.458] START to_move 1
[23:08:00.559] STOP to_move 1 nodes_visited 1540
[23:08:00.560] START to_move 2
[23:08:00.619] STOP to_move 2 nodes_visited 994
[23:08:00.620] START to_move 1
[23:08:00.669] STOP to_move 1 nodes_visited 783
[23:08:00.669] START to_move 2
[23:08:00.713] STOP to_move 2 nodes_visited 729
[23:08:00.713] START to_move 1
[23:08:00.746] STOP to_move 1 nodes_visited 550
[23:08:00.747] START to_move 2
[23:08:00.771] STOP to_move 2 nodes_visited 415
[23:08:00.771] START to_move 1
[23:08:00.791] STOP to_move 1 nodes_visited 333
[23:08:00.791] START to_move 2
[23:08:00.856] STOP to_move 2 nodes_visited 1063
[23:08:00.856] START to_move 1
[23:08:00.876] STOP to_move 1 nodes_visited 329
[23:08:00.876] START to_move 2
[23:08:00.948] STOP to_move 2 nodes_visited 1212
[23:08:00.949] START to_move 1
[23:08:00.969] STOP to_move 1 nodes_visited 333
[23:08:00.969] START to_move 2
[23:08:01.037] STOP to_move 2 nodes_visited 1133
[23:08:01.038] START to_move 1
[23:08:01.057] STOP to_move 1 nodes_visited 325
[23:08:01.057] START to_move 2
[23:08:01.136] STOP to_move 2 nodes_visited 1295
[23:08:01.137] START to_move 1
[23:08:01.156] STOP to_move 1 nodes_visited 318
[23:08:01.156] START to_move 2
[23:08:01.227] STOP to_move 2 nodes_visited 1161
[23:08:01.227] START to_move 1
[23:08:01.374] STOP to_move 1 nodes_visited 2265
[23:08:01.375] START to_move 2
[23:08:01.446] STOP to_move 2 nodes_visited 1172
[23:08:01.446] START to_move 1
[23:08:01.465] STOP to_move 1 nodes_visited 317
[23:08:01.466] START to_move 2
[23:08:01.536] STOP to_move 2 nodes_visited 1179
[23:08:01.537] START to_move 1
[23:08:01.589] STOP to_move 1 nodes_visited 839
[23:08:01.590] START to_move 2
[23:08:01.654] STOP to_move 2 nodes_visited 1034
[23:08:01.654] START to_move 1
[23:08:01.704] STOP to_move 1 nodes_visited 801
[23:08:01.704] START to_move 2
[23:08:01.754] STOP to_move 2 nodes_visited 831
[23:08:01.754] START to_move 1
[23:08:01.807] STOP to_move 1 nodes_visited 849
[23:08:01.808] START to_move 2
[23:08:01.905] STOP to_move 2 nodes_visited 1626
[23:08:01.906] START to_move 1
[23:08:01.931] STOP to_move 1 nodes_visited 390
[23:08:01.931] START to_move 2
[23:08:02.032] STOP to_move 2 nodes_visited 1673
[23:08:02.033] START to_move 1
[23:08:02.055] STOP to_move 1 nodes_visited 379
[23:08:02.056] START to_move 2
[23:08:02.187] STOP to_move 2 nodes_visited 2131
[23:08:02.188] START to_move 1
[23:08:02.207] STOP to_move 1 nodes_visited 315
[23:08:02.207] START to_move 2
[23:08:02.280] STOP to_move 2 nodes_visited 1222
[23:08:02.281] START to_move 1
[23:08:02.300] STOP to_move 1 nodes_visited 315
[23:08:02.300] START to_move 2
[23:08:02.369] STOP to_move 2 nodes_visited 1152
[23:08:02.369] START to_move 1
[23:08:02.393] STOP to_move 1 nodes_visited 391
[23:08:02.393] START to_move 2
[23:08:02.414] STOP to_move 2 nodes_visited 352
[23:08:02.414] START to_move 1
[23:08:02.430] STOP to_move 1 nodes_visited 274
[23:08:02.431] START to_move 2
[23:08:02.564] STOP to_move 2 nodes_visited 2198
[23:08:02.566] START to_move 1
[23:08:02.580] STOP to_move 1 nodes_visited 253
[23:08:02.581] START to_move 2
[23:08:02.691] STOP to_move 2 nodes_visited 1840
[23:08:02.692] START to_move 1
[23:08:02.707] STOP to_move 1 nodes_visited 253
[23:08:02.707] START to_move 2
[23:08:02.731] STOP to_move 2 nodes_visited 378
[23:08:02.731] START to_move 1
[23:08:02.745] STOP to_move 1 nodes_visited 238
[23:08:02.745] START to_move 2
[23:08:02.771] STOP to_move 2 nodes_visited 433
[23:08:02.771] START to_move 1
[23:08:02.784] STOP to_move 1 nodes_visited 220
[23:08:02.784] START to_move 2
[23:08:02.796] STOP to_move 2 nodes_visited 216
[23:08:02.796] START to_move 1
[23:08:02.820] STOP to_move 1 nodes_visited 387
[23:08:02.821] START to_move 2
[23:08:02.854] STOP to_move 2 nodes_visited 570
[23:08:02.855] START to_move 1
[23:08:02.879] STOP to_move 1 nodes_visited 387
[23:08:02.879] START to_move 2
[23:08:02.913] STOP to_move 2 nodes_visited 574
[23:08:02.913] START to_move 1
[23:08:02.936] STOP to_move 1 nodes_visited 387
[23:08:02.937] START to_move 2
[23:08:02.973] STOP to_move 2 nodes_visited 611
[23:08:02.974] START to_move 1
[23:08:02.988] STOP to_move 1 nodes_visited 241
[23:08:02.988] START to_move 2
[23:08:03.011] STOP to_move 2 nodes_visited 371
[23:08:03.011] START to_move 1
[23:08:03.035] STOP to_move 1 nodes_visited 382
[23:08:03.035] START to_move 2
[23:08:03.037] STOP to_move 2 nodes_visited 37
[23:08:03.037] START to_move 1
[23:08:03.062] STOP to_move 1 nodes_visited 413
[23:08:03.062] START to_move 2
[23:08:03.064] STOP to_move 2 nodes_visited 43
[23:08:03.064] START to_move 1
[23:08:03.089] STOP to_move 1 nodes_visited 413
[23:08:03.089] START to_move 2
[23:08:03.092] STOP to_move 2 nodes_visited 45
[23:08:03.092] START to_move 1
[23:08:03.118] STOP to_move 1 nodes_visited 434
[23:08:03.118] START to_move 2
[23:08:03.120] STOP to_move 2 nodes_visited 49
[23:08:03.121] START to_move 1
[23:08:03.143] STOP to_move 1 nodes_visited 389
[23:08:03.144] START to_move 2
[23:08:03.146] STOP to_move 2 nodes_visited 45
[23:08:03.146] START to_move 1
[23:08:03.166] STOP to_move 1 nodes_visited 338
[23:08:03.166] START to_move 2
[23:08:03.169] STOP to_move 2 nodes_visited 51
[23:08:03.169] START to_move 1
[23:08:03.190] STOP to_move 1 nodes_visited 351
[23:08:03.190] START to_move 2
[23:08:03.192] STOP to_move 2 nodes_visited 39
[23:08:03.192] START to_move 1
[23:08:03.220] STOP to_move 1 nodes_visited 452
[23:08:03.220] START to_move 2
[23:08:03.233] STOP to_move 2 nodes_visited 227
[23:08:03.233] START to_move 1
[23:08:03.253] STOP to_move 1 nodes_visited 327
[23:08:03.253] START to_move 2
[23:08:03.279] STOP to_move 2 nodes_visited 437
[23:08:03.279] START to_move 1
[23:08:03.293] STOP to_move 1 nodes_visited 230
[23:08:03.293] START to_move 2
[23:08:03.322] STOP to_move 2 nodes_visited 461
[23:08:03.322] START to_move 1
[23:08:03.335] STOP to_move 1 nodes_visited 224
[23:08:03.335] START to_move 2
[23:08:03.365] STOP to_move 2 nodes_visited 509
[23:08:03.366] START to_move 1
[23:08:03.379] STOP to_move 1 nodes_visited 224
[23:08:03.379] START to_move 2
[23:08:03.426] STOP to_move 2 nodes_visited 796
[23:08:03.427] START to_move 1
[23:08:03.436] STOP to_move 1 nodes_visited 163
[23:08:03.436] START to_move 2
[23:08:03.468] STOP to_move 2 nodes_visited 522
[23:08:03.468] START to_move 1
[23:08:03.476] STOP to_move 1 nodes_visited 150
[23:08:03.477] START to_move 2
[23:08:03.513] STOP to_move 2 nodes_visited 605
[23:08:03.513] START to_move 1
[23:08:03.521] STOP to_move 1 nodes_visited 149
[23:08:03.521] START to_move 2
[23:08:03.539] STOP to_move 2 nodes_visited 308
[23:08:03.539] START to_move 1
[23:08:03.548] STOP to_move 1 nodes_visited 146
[23:08:03.548] START to_move 2
[23:08:03.584] STOP to_move 2 nodes_visited 595
[23:08:03.584] START to_move 1
[23:08:03.593] STOP to_move 1 nodes_visited 149
[23:08:03.593] START to_move 2
[23:08:03.625] STOP to_move 2 nodes_visited 517
[23:08:03.625] START to_move 1
[23:08:03.634] STOP to_move 1 nodes_visited 146
[23:08:03.634] START to_move 2
[23:08:03.644] STOP to_move 2 nodes_visited 179
[23:08:03.644] START to_move 1
[23:08:03.653] STOP to_move 1 nodes_visited 145
[23:08:03.653] START to_move 2
[23:08:03.659] STOP to_move 2 nodes_visited 102
[23:08:03.659] START to_move 1
[23:08:03.668] STOP to_move 1 nodes_visited 163
[23:08:03.668] START to_move 2
[23:08:03.678] STOP to_move 2 nodes_visited 161
[23:08:03.678] START to_move 1
[23:08:03.686] STOP to_move 1 nodes_visited 137
[23:08:03.686] START to_move 2
[23:08:03.691] STOP to_move 2 nodes_visited 97
[23:08:03.691] START to_move 1
[23:08:03.699] STOP to_move 1 nodes_visited 138
[23:08:03.699] START to_move 2
[23:08:03.712] STOP to_move 2 nodes_visited 218
[23:08:03.712] START to_move 1
[23:08:03.721] STOP to_move 1 nodes_visited 147
[23:08:03.721] START to_move 2
[23:08:03.733] STOP to_move 2 nodes_visited 199
[23:08:03.733] START to_move 1
[23:08:03.741] STOP to_move 1 nodes_visited 150
[23:08:03.741] START to_move 2
[23:08:03.753] STOP to_move 2 nodes_visited 198
[23:08:03.753] START to_move 1
[23:08:03.762] STOP to_move 1 nodes_visited 147
[23:08:03.762] START to_move 2
[23:08:03.771] STOP to_move 2 nodes_visited 157
[23:08:03.771] START to_move 1
[23:08:03.779] STOP to_move 1 nodes_visited 144
[23:08:03.780] START to_move 2
[23:08:03.792] STOP to_move 2 nodes_visited 209
[23:08:03.792] START to_move 1
[23:08:03.800] STOP to_move 1 nodes_visited 141
[23:08:03.801] START to_move 2
[23:08:03.806] STOP to_move 2 nodes_visited 87
[23:08:03.806] START to_move 1
[23:08:03.814] STOP to_move 1 nodes_visited 142
[23:08:03.814] START to_move 2
[23:08:03.824] STOP to_move 2 nodes_visited 163
[23:08:03.824] START to_move 1
[23:08:03.832] STOP to_move 1 nodes_visited 143
[23:08:03.832] START to_move 2
[23:08:03.850] STOP to_move 2 nodes_visited 303
[23:08:03.850] START to_move 1
[23:08:03.859] STOP to_move 1 nodes_visited 153
[23:08:03.859] START to_move 2
[23:08:03.871] STOP to_move 2 nodes_visited 207
[23:08:03.871] START to_move 1
[23:08:03.879] STOP to_move 1 nodes_visited 135
[23:08:03.879] START to_move 2
[23:08:03.885] STOP to_move 2 nodes_visited 101
[23:08:03.885] START to_move 1
[23:08:03.893] STOP to_move 1 nodes_visited 140
[23:08:03.893] START to_move 2
[23:08:03.904] STOP to_move 2 nodes_visited 181
[23:08:03.904] START to_move 1
[23:08:03.912] STOP to_move 1 nodes_visited 135
[23:08:03.912] START to_move 2
[23:08:03.918] STOP to_move 2 nodes_visited 106
[23:08:03.918] START to_move 1
[23:08:03.925] STOP to_move 1 nodes_visited 132
[23:08:03.926] START to_move 2
[23:08:03.935] STOP to_move 2 nodes_visited 131
[23:08:03.935] START to_move 1
[23:08:03.942] STOP to_move 1 nodes_visited 123
[23:08:03.942] START to_move 2
[23:08:03.946] STOP to_move 2 nodes_visited 73
[23:08:03.946] START to_move 1
[23:08:03.953] STOP to_move 1 nodes_visited 118
[23:08:03.953] START to_move 2
[23:08:03.961] STOP to_move 2 nodes_visited 135
[23:08:03.961] START to_move 1
[23:08:03.968] STOP to_move 1 nodes_visited 115
[23:08:03.968] START to_move 2
[23:08:03.972] STOP to_move 2 nodes_visited 73
[23:08:03.972] START to_move 1
[23:08:03.979] STOP to_move 1 nodes_visited 122
[23:08:03.979] START to_move 2
[23:08:03.986] STOP to_move 2 nodes_visited 125
[23:08:03.986] START to_move 1
[23:08:03.993] STOP to_move 1 nodes_visited 115
[23:08:03.993] START to_move 2
[23:08:03.998] STOP to_move 2 nodes_visited 83
[23:08:03.998] START to_move 1
[23:08:04.005] STOP to_move 1 nodes_visited 122
[23:08:04.005] START to_move 2
[23:08:04.012] STOP to_move 2 nodes_visited 121
[23:08:04.012] START to_move 1
[23:08:04.019] STOP to_move 1 nodes_visited 113
[23:08:04.019] START to_move 2
[23:08:04.024] STOP to_move 2 nodes_visited 81
[23:08:04.024] START to_move 1
[23:08:04.031] STOP to_move 1 nodes_visited 116
[23:08:04.031] START to_move 2
[23:08:04.038] STOP to_move 2 nodes_visited 131
[23:08:04.038] START to_move 1
[23:08:04.045] STOP to_move 1 nodes_visited 113
[23:08:04.045] START to_move 2
[23:08:04.049] STOP to_move 2 nodes_visited 68
[23:08:04.049] START to_move 1
[23:08:04.055] STOP to_move 1 nodes_visited 108
[23:08:04.055] START to_move 2
[23:08:04.063] STOP to_move 2 nodes_visited 125
[23:08:04.063] START to_move 1
[23:08:04.069] STOP to_move 1 nodes_visited 105
[23:08:04.069] START to_move 2
[23:08:04.074] STOP to_move 2 nodes_visited 78
[23:08:04.074] START to_move 1
[23:08:04.080] STOP to_move 1 nodes_visited 108
[23:08:04.080] START to_move 2
[23:08:04.097] STOP to_move 2 nodes_visited 293
[23:08:04.098] START to_move 1
[23:08:04.103] STOP to_move 1 nodes_visited 103
[23:08:04.104] START to_move 2
[23:08:04.110] STOP to_move 2 nodes_visited 104
[23:08:04.110] START to_move 1
[23:08:04.117] STOP to_move 1 nodes_visited 117
[23:08:04.117] START to_move 2
[23:08:04.124] STOP to_move 2 nodes_visited 115
[23:08:04.124] START to_move 1
[23:08:04.130] STOP to_move 1 nodes_visited 105
[23:08:04.130] START to_move 2
[23:08:04.135] STOP to_move 2 nodes_visited 78
[23:08:04.135] START to_move 1
[23:08:04.141] STOP to_move 1 nodes_visited 108
[23:08:04.141] START to_move 2
[23:08:04.148] STOP to_move 2 nodes_visited 125
[23:08:04.148] START to_move 1
[23:08:04.154] STOP to_move 1 nodes_visited 105
[23:08:04.154] START to_move 2
[23:08:04.160] STOP to_move 2 nodes_visited 91
[23:08:04.160] START to_move 1
[23:08:04.166] STOP to_move 1 nodes_visited 108
[23:08:04.166] START to_move 2
[23:08:04.181] STOP to_move 2 nodes_visited 247
[23:08:04.181] START to_move 1
[23:08:04.187] STOP to_move 1 nodes_visited 103
[23:08:04.187] START to_move 2
[23:08:04.194] STOP to_move 2 nodes_visited 113
[23:08:04.194] START to_move 1
[23:08:04.199] STOP to_move 1 nodes_visited 100
[23:08:04.200] START to_move 2
[23:08:04.207] STOP to_move 2 nodes_visited 123
[23:08:04.207] START to_move 1
[23:08:04.213] STOP to_move 1 nodes_visited 95
[23:08:04.213] START to_move 2
[23:08:04.217] STOP to_move 2 nodes_visited 78
[23:08:04.217] START to_move 1
[23:08:04.223] STOP to_move 1 nodes_visited 102
[23:08:04.223] START to_move 2
[23:08:04.231] STOP to_move 2 nodes_visited 139
[23:08:04.232] START to_move 1
[23:08:04.237] STOP to_move 1 nodes_visited 95
[23:08:04.237] START to_move 2
[23:08:04.242] STOP to_move 2 nodes_visited 78
[23:08:04.242] START to_move 1
[23:08:04.248] STOP to_move 1 nodes_visited 98
[23:08:04.248] START to_move 2
[23:08:04.254] STOP to_move 2 nodes_visited 115
[23:08:04.254] START to_move 1
[23:08:04.260] STOP to_move 1 nodes_visited 87
[23:08:04.260] START to_move 2
[23:08:04.264] STOP to_move 2 nodes_visited 74
[23:08:04.264] START to_move 1
[23:08:04.271] STOP to_move 1 nodes_visited 94
[23:08:04.271] START to_move 2
[23:08:04.278] STOP to_move 2 nodes_visited 115
[23:08:04.278] START to_move 1
[23:08:04.283] STOP to_move 1 nodes_visited 87
[23:08:04.283] START to_move 2
[23:08:04.287] STOP to_move 2 nodes_visited 74
[23:08:04.287] START to_move 1
[23:08:04.293] STOP to_move 1 nodes_visited 94
[23:08:04.293] START to_move 2
[23:08:04.300] STOP to_move 2 nodes_visited 113
[23:08:04.300] START to_move 1
[23:08:04.304] STOP to_move 1 nodes_visited 71
[23:08:04.304] START to_move 2
[23:08:04.321] STOP to_move 2 nodes_visited 285
[23:08:04.321] START to_move 1
[23:08:04.326] STOP to_move 1 nodes_visited 75
[23:08:04.326] START to_move 2
[23:08:04.345] STOP to_move 2 nodes_visited 329
[23:08:04.345] START to_move 1
[23:08:04.350] STOP to_move 1 nodes_visited 73
[23:08:04.350] START to_move 2
[23:08:04.355] STOP to_move 2 nodes_visited 84
[23:08:04.355] START to_move 1
[23:08:04.360] STOP to_move 1 nodes_visited 89
[23:08:04.360] START to_move 2
[23:08:04.366] STOP to_move 2 nodes_visited 99
[23:08:04.366] START to_move 1
[23:08:04.370] STOP to_move 1 nodes_visited 71
[23:08:04.370] START to_move 2
[23:08:04.375] STOP to_move 2 nodes_visited 85
[23:08:04.375] START to_move 1
[23:08:04.379] STOP to_move 1 nodes_visited 59
[23:08:04.379] START to_move 2
[23:08:04.385] STOP to_move 2 nodes_visited 107
[23:08:04.386] START to_move 1
[23:08:04.389] STOP to_move 1 nodes_visited 51
[23:08:04.389] START to_move 2
[23:08:04.393] STOP to_move 2 nodes_visited 76
[23:08:04.393] START to_move 1
[23:08:04.396] STOP to_move 1 nodes_visited 51
[23:08:04.397] START to_move 2
[23:08:04.401] STOP to_move 2 nodes_visited 77
[23:08:04.401] START to_move 1
[23:08:04.405] STOP to_move 1 nodes_visited 57
[23:08:04.405] START to_move 2
[23:08:04.410] STOP to_move 2 nodes_visited 83
[23:08:04.410] START to_move 1
[23:08:04.413] STOP to_move 1 nodes_visited 49
[23:08:04.413] START to_move 2
[23:08:04.421] STOP to_move 2 nodes_visited 133
[23:08:04.421] START to_move 1
[23:08:04.423] STOP to_move 1 nodes_visited 47
[23:08:04.424] START to_move 2
[23:08:04.426] STOP to_move 2 nodes_visited 42
[23:08:04.426] START to_move 1
[23:08:04.429] STOP to_move 1 nodes_visited 47
[23:08:04.429] START to_move 2
[23:08:04.438] STOP to_move 2 nodes_visited 165
[23:08:04.438] START to_move 1
[23:08:04.442] STOP to_move 1 nodes_visited 47
[23:08:04.442] START to_move 2
[23:08:04.450] STOP to_move 2 nodes_visited 142
[23:08:04.450] START to_move 1
[23:08:04.453] STOP to_move 1 nodes_visited 47
[23:08:04.453] START to_move 2
[23:08:04.463] STOP to_move 2 nodes_visited 163
[23:08:04.463] START to_move 1
[23:08:04.466] STOP to_move 1 nodes_visited 45
[23:08:04.466] START to_move 2
[23:08:04.474] STOP to_move 2 nodes_visited 142
[23:08:04.474] START to_move 1
[23:08:04.477] STOP to_move 1 nodes_visited 47
[23:08:04.477] START to_move 2
[23:08:04.487] STOP to_move 2 nodes_visited 163
[23:08:04.487] START to_move 1
[23:08:04.490] STOP to_move 1 nodes_visited 45
[23:08:04.490] START to_move 2
[23:08:04.498] STOP to_move 2 nodes_visited 135
[23:08:04.498] START to_move 1
[23:08:04.501] STOP to_move 1 nodes_visited 45
[23:08:04.501] START to_move 2
[23:08:04.506] STOP to_move 2 nodes_visited 83
[23:08:04.506] START to_move 1
[23:08:04.509] STOP to_move 1 nodes_visited 49
[23:08:04.509] START to_move 2
[23:08:04.513] STOP to_move 2 nodes_visited 72
[23:08:04.513] START to_move 1
[23:08:04.516] STOP to_move 1 nodes_visited 47
[23:08:04.516] START to_move 2
[23:08:04.522] STOP to_move 2 nodes_visited 93
[23:08:04.522] START to_move 1
[23:08:04.524] STOP to_move 1 nodes_visited 45
[23:08:04.524] START to_move 2
[23:08:04.528] STOP to_move 2 nodes_visited 70
[23:08:04.529] START to_move 1
[23:08:04.531] STOP to_move 1 nodes_visited 47
[23:08:04.531] START to_move 2
[23:08:04.536] STOP to_move 2 nodes_visited 81
[23:08:04.536] START to_move 1
[23:08:04.539] STOP to_move 1 nodes_visited 41
[23:08:04.539] START to_move 2
[23:08:04.542] STOP to_move 2 nodes_visited 61
[23:08:04.542] START to_move 1
[23:08:04.545] STOP to_move 1 nodes_visited 41
[23:08:04.545] START to_move 2
[23:08:04.549] STOP to_move 2 nodes_visited 69
[23:08:04.549] START to_move 1
[23:08:04.551] STOP to_move 1 nodes_visited 39
[23:08:04.551] START to_move 2
[23:08:04.555] STOP to_move 2 nodes_visited 66
[23:08:04.555] START to_move 1
[23:08:04.558] STOP to_move 1 nodes_visited 39
[23:08:04.558] START to_move 2
[23:08:04.561] STOP to_move 2 nodes_visited 57
[23:08:04.561] START to_move 1
[23:08:04.563] STOP to_move 1 nodes_visited 37
[23:08:04.563] START to_move 2
[23:08:04.572] STOP to_move 2 nodes_visited 141
[23:08:04.572] START to_move 1
[23:08:04.574] STOP to_move 1 nodes_visited 43
[23:08:04.574] START to_move 2
[23:08:04.584] STOP to_move 2 nodes_visited 153
[23:08:04.584] START to_move 1
[23:08:04.586] STOP to_move 1 nodes_visited 39
[23:08:04.586] START to_move 2
[23:08:04.592] STOP to_move 2 nodes_visited 101
[23:08:04.592] START to_move 1
[23:08:04.594] STOP to_move 1 nodes_visited 37
[23:08:04.594] START to_move 2
[23:08:04.598] STOP to_move 2 nodes_visited 65
[23:08:04.598] START to_move 1
[23:08:04.600] STOP to_move 1 nodes_visited 33
[23:08:04.600] START to_move 2
[23:08:04.604] STOP to_move 2 nodes_visited 65
[23:08:04.604] START to_move 1
[23:08:04.606] STOP to_move 1 nodes_visited 29
[23:08:04.606] START to_move 2
[23:08:04.609] STOP to_move 2 nodes_visited 59
[23:08:04.610] START to_move 1
[23:08:04.612] STOP to_move 1 nodes_visited 33
[23:08:04.612] START to_move 2
[23:08:04.614] STOP to_move 2 nodes_visited 34
[23:08:04.614] START to_move 1
[23:08:04.616] STOP to_move 1 nodes_visited 31
[23:08:04.616] START to_move 2
[23:08:04.618] STOP to_move 2 nodes_visited 35
[23:08:04.618] START to_move 1
[23:08:04.620] STOP to_move 1 nodes_visited 27
[23:08:04.620] START to_move 2
[23:08:04.622] STOP to_move 2 nodes_visited 48
[23:08:04.623] START to_move 1
[23:08:04.624] STOP to_move 1 nodes_visited 20
[23:08:04.624] START to_move 2
[23:08:04.627] STOP to_move 2 nodes_visited 55
[23:08:04.627] START to_move 1
[23:08:04.629] STOP to_move 1 nodes_visited 29
[23:08:04.629] START to_move 2
[23:08:04.631] STOP to_move 2 nodes_visited 30
[23:08:04.631] START to_move 1
[23:08:04.632] STOP to_move 1 nodes_visited 18
[23:08:04.632] START to_move 2
[23:08:04.634] STOP to_move 2 nodes_visited 33
[23:08:04.634] START to_move 1
[23:08:04.636] STOP to_move 1 nodes_visited 25
[23:08:04.636] START to_move 2
[23:08:04.637] STOP to_move 2 nodes_visited 23
[23:08:04.637] START to_move 1
[23:08:04.638] STOP to_move 1 nodes_visited 14
[23:08:04.638] START to_move 2
[23:08:04.640] STOP to_move 2 nodes_visited 33
[23:08:04.640] START to_move 1
[23:08:04.641] STOP to_move 1 nodes_visited 21
[23:08:04.641] START to_move 2
[23:08:04.644] STOP to_move 2 nodes_visited 45
[23:08:04.644] START to_move 1
[23:08:04.646] STOP to_move 1 nodes_visited 34
[23:08:04.646] START to_move 2
[23:08:04.650] STOP to_move 2 nodes_visited 57
[23:08:04.650] START to_move 1
[23:08:04.652] STOP to_move 1 nodes_visited 31
[23:08:04.652] START to_move 2
[23:08:04.653] STOP to_move 2 nodes_visited 22
[23:08:04.653] START to_move 1
[23:08:04.654] STOP to_move 1 nodes_visited 21
[23:08:04.654] START to_move 2
[23:08:04.655] STOP to_move 2 nodes_visited 15
[23:08:04.655] START to_move 1
[23:08:04.656] STOP to_move 1 nodes_visited 9
[23:08:04.656] START to_move 2
[23:08:04.657] STOP to_move 2 nodes_visited 22
[23:08:04.657] START to_move 1
[23:08:04.659] STOP to_move 1 nodes_visited 21
[23:08:04.659] START to_move 2
[23:08:04.660] STOP to_move 2 nodes_visited 15
[23:08:04.660] START to_move 1
[23:08:04.660] STOP to_move 1 nodes_visited 9
[23:08:04.674] END winner 0 - rounds 331
