[22:38:42.759] 1 - distance_function chebyshev - pruning True
[22:38:42.760] 2 - distance_function euclides - pruning True
[22:38:42.760] START to_move 1
[22:38:42.984] STOP to_move 1 nodes_visited 3444
[22:38:42.986] START to_move 2
[22:38:43.085] STOP to_move 2 nodes_visited 1620
[22:38:43.086] START to_move 1
[22:38:43.296] STOP to_move 1 nodes_visited 3294
[22:38:43.298] START to_move 2
[22:38:43.394] STOP to_move 2 nodes_visited 1606
[22:38:43.395] START to_move 1
[22:38:43.603] STOP to_move 1 nodes_visited 3276
[22:38:43.605] START to_move 2
[22:38:43.691] STOP to_move 2 nodes_visited 1439
[22:38:43.692] START to_move 1
[22:38:43.876] STOP to_move 1 nodes_visited 2901
[22:38:43.878] START to_move 2
[22:38:43.970] STOP to_move 2 nodes_visited 1546
[22:38:43.971] START to_move 1
[22:38:44.060] STOP to_move 1 nodes_visited 1402
[22:38:44.061] START to_move 2
[22:38:44.196] STOP to_move 2 nodes_visited 2240
[22:38:44.198] START to_move 1
[22:38:44.283] STOP to_move 1 nodes_visited 1357
[22:38:44.284] START to_move 2
[22:38:44.391] STOP to_move 2 nodes_visited 1767
[22:38:44.392] START to_move 1
[22:38:44.414] STOP to_move 1 nodes_visited 362
[22:38:44.414] START to_move 2
[22:38:44.514] STOP to_move 2 nodes_visited 1683
[22:38:44.515] START to_move 1
[22:38:44.537] STOP to_move 1 nodes_visited 364
[22:38:44.537] START to_move 2
[22:38:44.638] STOP to_move 2 nodes_visited 1660
[22:38:44.639] START to_move 1
[22:38:44.659] STOP to_move 1 nodes_visited 355
[22:38:44.660] START to_move 2
[22:38:44.766] STOP to_move 2 nodes_visited 1781
[22:38:44.767] START to_move 1
[22:38:44.789] STOP to_move 1 nodes_visited 365
[22:38:44.789] START to_move 2
[22:38:44.895] STOP to_move 2 nodes_visited 1762
[22:38:44.896] START to_move 1
[22:38:44.917] STOP to_move 1 nodes_visited 347
[22:38:44.917] START to_move 2
[22:38:45.018] STOP to_move 2 nodes_visited 1667
[22:38:45.019] START to_move 1
[22:38:45.071] STOP to_move 1 nodes_visited 850
[22:38:45.072] START to_move 2
[22:38:45.149] STOP to_move 2 nodes_visited 1268
[22:38:45.150] START to_move 1
[22:38:45.171] STOP to_move 1 nodes_visited 368
[22:38:45.172] START to_move 2
[22:38:45.273] STOP to_move 2 nodes_visited 1703
[22:38:45.274] START to_move 1
[22:38:45.344] STOP to_move 1 nodes_visited 1140
[22:38:45.345] START to_move 2
[22:38:45.406] STOP to_move 2 nodes_visited 1016
[22:38:45.407] START to_move 1
[22:38:45.429] STOP to_move 1 nodes_visited 368
[22:38:45.429] START to_move 2
[22:38:45.543] STOP to_move 2 nodes_visited 1922
[22:38:45.544] START to_move 1
[22:38:45.583] STOP to_move 1 nodes_visited 641
[22:38:45.584] START to_move 2
[22:38:45.691] STOP to_move 2 nodes_visited 1756
[22:38:45.692] START to_move 1
[22:38:45.731] STOP to_move 1 nodes_visited 650
[22:38:45.732] START to_move 2
[22:38:45.837] STOP to_move 2 nodes_visited 1763
[22:38:45.838] START to_move 1
[22:38:45.938] STOP to_move 1 nodes_visited 1571
[22:38:45.939] START to_move 2
[22:38:46.040] STOP to_move 2 nodes_visited 1697
[22:38:46.041] START to_move 1
[22:38:46.072] STOP to_move 1 nodes_visited 514
[22:38:46.072] START to_move 2
[22:38:46.182] STOP to_move 2 nodes_visited 1837
[22:38:46.183] START to_move 1
[22:38:46.216] STOP to_move 1 nodes_visited 516
[22:38:46.216] START to_move 2
[22:38:46.328] STOP to_move 2 nodes_visited 1874
[22:38:46.329] START to_move 1
[22:38:46.359] STOP to_move 1 nodes_visited 492
[22:38:46.359] START to_move 2
[22:38:46.462] STOP to_move 2 nodes_visited 1680
[22:38:46.463] START to_move 1
[22:38:46.493] STOP to_move 1 nodes_visited 496
[22:38:46.493] START to_move 2
[22:38:46.593] STOP to_move 2 nodes_visited 1677
[22:38:46.594] START to_move 1
[22:38:46.624] STOP to_move 1 nodes_visited 492
[22:38:46.624] START to_move 2
[22:38:46.731] STOP to_move 2 nodes_visited 1739
[22:38:46.732] START to_move 1
[22:38:46.761] STOP to_move 1 nodes_visited 488
[22:38:46.762] START to_move 2
[22:38:46.870] STOP to_move 2 nodes_visited 1805
[22:38:46.871] START to_move 1
[22:38:46.939] STOP to_move 1 nodes_visited 1117
[22:38:46.940] START to_move 2
[22:38:47.028] STOP to_move 2 nodes_visited 1450
[22:38:47.029] START to_move 1
[22:38:47.058] STOP to_move 1 nodes_visited 488
[22:38:47.058] START to_move 2
[22:38:47.162] STOP to_move 2 nodes_visited 1738
[22:38:47.163] START to_move 1
[22:38:47.297] STOP to_move 1 nodes_visited 2041
[22:38:47.298] START to_move 2
[22:38:47.375] STOP to_move 2 nodes_visited 1291
[22:38:47.376] START to_move 1
[22:38:47.404] STOP to_move 1 nodes_visited 466
[22:38:47.404] START to_move 2
[22:38:47.494] STOP to_move 2 nodes_visited 1527
[22:38:47.495] START to_move 1
[22:38:47.523] STOP to_move 1 nodes_visited 458
[22:38:47.523] START to_move 2
[22:38:47.616] STOP to_move 2 nodes_visited 1542
[22:38:47.617] START to_move 1
[22:38:47.644] STOP to_move 1 nodes_visited 452
[22:38:47.644] START to_move 2
[22:38:47.739] STOP to_move 2 nodes_visited 1585
[22:38:47.739] START to_move 1
[22:38:47.766] STOP to_move 1 nodes_visited 450
[22:38:47.766] START to_move 2
[22:38:47.861] STOP to_move 2 nodes_visited 1566
[22:38:47.862] START to_move 1
[22:38:47.889] STOP to_move 1 nodes_visited 448
[22:38:47.889] START to_move 2
[22:38:47.953] STOP to_move 2 nodes_visited 1084
[22:38:47.954] START to_move 1
[22:38:47.980] STOP to_move 1 nodes_visited 448
[22:38:47.981] START to_move 2
[22:38:48.084] STOP to_move 2 nodes_visited 1694
[22:38:48.085] START to_move 1
[22:38:48.112] STOP to_move 1 nodes_visited 448
[22:38:48.112] START to_move 2
[22:38:48.213] STOP to_move 2 nodes_visited 1691
[22:38:48.214] START to_move 1
[22:38:48.244] STOP to_move 1 nodes_visited 508
[22:38:48.244] START to_move 2
[22:38:48.335] STOP to_move 2 nodes_visited 1520
[22:38:48.336] START to_move 1
[22:38:48.373] STOP to_move 1 nodes_visited 556
[22:38:48.373] START to_move 2
[22:38:48.469] STOP to_move 2 nodes_visited 1613
[22:38:48.470] START to_move 1
[22:38:48.496] STOP to_move 1 nodes_visited 442
[22:38:48.496] START to_move 2
[22:38:48.597] STOP to_move 2 nodes_visited 1698
[22:38:48.598] START to_move 1
[22:38:48.626] STOP to_move 1 nodes_visited 440
[22:38:48.626] START to_move 2
[22:38:48.721] STOP to_move 2 nodes_visited 1595
[22:38:48.722] START to_move 1
[22:38:48.748] STOP to_move 1 nodes_visited 434
[22:38:48.748] START to_move 2
[22:38:48.849] STOP to_move 2 nodes_visited 1665
[22:38:48.849] START to_move 1
[22:38:48.877] STOP to_move 1 nodes_visited 425
[22:38:48.877] START to_move 2
[22:38:48.960] STOP to_move 2 nodes_visited 1391
[22:38:48.961] START to_move 1
[22:38:48.985] STOP to_move 1 nodes_visited 398
[22:38:48.985] START to_move 2
[22:38:49.066] STOP to_move 2 nodes_visited 1348
[22:38:49.067] START to_move 1
[22:38:49.090] STOP to_move 1 nodes_visited 393
[22:38:49.090] START to_move 2
[22:38:49.173] STOP to_move 2 nodes_visited 1348
[22:38:49.174] START to_move 1
[22:38:49.198] STOP to_move 1 nodes_visited 391
[22:38:49.198] START to_move 2
[22:38:49.281] STOP to_move 2 nodes_visited 1378
[22:38:49.281] START to_move 1
[22:38:49.305] STOP to_move 1 nodes_visited 387
[22:38:49.305] START to_move 2
[22:38:49.384] STOP to_move 2 nodes_visited 1307
[22:38:49.384] START to_move 1
[22:38:49.408] STOP to_move 1 nodes_visited 376
[22:38:49.408] START to_move 2
[22:38:49.495] STOP to_move 2 nodes_visited 1441
[22:38:49.496] START to_move 1
[22:38:49.519] STOP to_move 1 nodes_visited 372
[22:38:49.519] START to_move 2
[22:38:49.609] STOP to_move 2 nodes_visited 1493
[22:38:49.610] START to_move 1
[22:38:49.633] STOP to_move 1 nodes_visited 376
[22:38:49.633] START to_move 2
[22:38:49.714] STOP to_move 2 nodes_visited 1306
[22:38:49.714] START to_move 1
[22:38:49.738] STOP to_move 1 nodes_visited 375
[22:38:49.738] START to_move 2
[22:38:49.774] STOP to_move 2 nodes_visited 615
[22:38:49.775] START to_move 1
[22:38:49.798] STOP to_move 1 nodes_visited 379
[22:38:49.798] START to_move 2
[22:38:49.865] STOP to_move 2 nodes_visited 1115
[22:38:49.866] START to_move 1
[22:38:49.889] STOP to_move 1 nodes_visited 371
[22:38:49.889] START to_move 2
[22:38:49.956] STOP to_move 2 nodes_visited 1115
[22:38:49.956] START to_move 1
[22:38:49.981] STOP to_move 1 nodes_visited 375
[22:38:49.981] START to_move 2
[22:38:50.048] STOP to_move 2 nodes_visited 1115
[22:38:50.048] START to_move 1
[22:38:50.071] STOP to_move 1 nodes_visited 371
[22:38:50.071] START to_move 2
[22:38:50.112] STOP to_move 2 nodes_visited 674
[22:38:50.112] START to_move 1
[22:38:50.135] STOP to_move 1 nodes_visited 380
[22:38:50.136] START to_move 2
[22:38:50.172] STOP to_move 2 nodes_visited 610
[22:38:50.172] START to_move 1
[22:38:50.196] STOP to_move 1 nodes_visited 380
[22:38:50.196] START to_move 2
[22:38:50.232] STOP to_move 2 nodes_visited 604
[22:38:50.232] START to_move 1
[22:38:50.255] STOP to_move 1 nodes_visited 378
[22:38:50.256] START to_move 2
[22:38:50.293] STOP to_move 2 nodes_visited 607
[22:38:50.294] START to_move 1
[22:38:50.340] STOP to_move 1 nodes_visited 741
[22:38:50.340] START to_move 2
[22:38:50.478] STOP to_move 2 nodes_visited 2292
[22:38:50.480] START to_move 1
[22:38:50.522] STOP to_move 1 nodes_visited 682
[22:38:50.523] START to_move 2
[22:38:50.679] STOP to_move 2 nodes_visited 2590
[22:38:50.681] START to_move 1
[22:38:50.815] STOP to_move 1 nodes_visited 2027
[22:38:50.816] START to_move 2
[22:38:50.939] STOP to_move 2 nodes_visited 2039
[22:38:50.940] START to_move 1
[22:38:50.980] STOP to_move 1 nodes_visited 648
[22:38:50.980] START to_move 2
[22:38:51.108] STOP to_move 2 nodes_visited 2096
[22:38:51.109] START to_move 1
[22:38:51.146] STOP to_move 1 nodes_visited 606
[22:38:51.147] START to_move 2
[22:38:51.237] STOP to_move 2 nodes_visited 1505
[22:38:51.238] START to_move 1
[22:38:51.257] STOP to_move 1 nodes_visited 332
[22:38:51.257] START to_move 2
[22:38:51.354] STOP to_move 2 nodes_visited 1581
[22:38:51.355] START to_move 1
[22:38:51.376] STOP to_move 1 nodes_visited 341
[22:38:51.376] START to_move 2
[22:38:51.474] STOP to_move 2 nodes_visited 1660
[22:38:51.475] START to_move 1
[22:38:51.495] STOP to_move 1 nodes_visited 329
[22:38:51.495] START to_move 2
[22:38:51.604] STOP to_move 2 nodes_visited 1777
[22:38:51.605] START to_move 1
[22:38:51.625] STOP to_move 1 nodes_visited 339
[22:38:51.625] START to_move 2
[22:38:51.731] STOP to_move 2 nodes_visited 1773
[22:38:51.732] START to_move 1
[22:38:51.752] STOP to_move 1 nodes_visited 339
[22:38:51.752] START to_move 2
[22:38:51.856] STOP to_move 2 nodes_visited 1733
[22:38:51.857] START to_move 1
[22:38:51.876] STOP to_move 1 nodes_visited 295
[22:38:51.876] START to_move 2
[22:38:51.961] STOP to_move 2 nodes_visited 1422
[22:38:51.962] START to_move 1
[22:38:51.982] STOP to_move 1 nodes_visited 335
[22:38:51.982] START to_move 2
[22:38:52.076] STOP to_move 2 nodes_visited 1579
[22:38:52.077] START to_move 1
[22:38:52.096] STOP to_move 1 nodes_visited 326
[22:38:52.096] START to_move 2
[22:38:52.185] STOP to_move 2 nodes_visited 1458
[22:38:52.186] START to_move 1
[22:38:52.205] STOP to_move 1 nodes_visited 332
[22:38:52.205] START to_move 2
[22:38:52.295] STOP to_move 2 nodes_visited 1498
[22:38:52.295] START to_move 1
[22:38:52.315] STOP to_move 1 nodes_visited 332
[22:38:52.315] START to_move 2
[22:38:52.408] STOP to_move 2 nodes_visited 1501
[22:38:52.408] START to_move 1
[22:38:52.427] STOP to_move 1 nodes_visited 320
[22:38:52.428] START to_move 2
[22:38:52.460] STOP to_move 2 nodes_visited 554
[22:38:52.460] START to_move 1
[22:38:52.475] STOP to_move 1 nodes_visited 258
[22:38:52.476] START to_move 2
[22:38:52.551] STOP to_move 2 nodes_visited 1269
[22:38:52.551] START to_move 1
[22:38:52.566] STOP to_move 1 nodes_visited 254
[22:38:52.567] START to_move 2
[22:38:52.609] STOP to_move 2 nodes_visited 707
[22:38:52.609] START to_move 1
[22:38:52.626] STOP to_move 1 nodes_visited 282
[22:38:52.626] START to_move 2
[22:38:52.650] STOP to_move 2 nodes_visited 415
[22:38:52.650] START to_move 1
[22:38:52.667] STOP to_move 1 nodes_visited 276
[22:38:52.667] START to_move 2
[22:38:52.693] STOP to_move 2 nodes_visited 411
[22:38:52.693] START to_move 1
[22:38:52.710] STOP to_move 1 nodes_visited 281
[22:38:52.710] START to_move 2
[22:38:52.733] STOP to_move 2 nodes_visited 399
[22:38:52.733] START to_move 1
[22:38:52.750] STOP to_move 1 nodes_visited 275
[22:38:52.750] START to_move 2
[22:38:52.773] STOP to_move 2 nodes_visited 399
[22:38:52.774] START to_move 1
[22:38:52.790] STOP to_move 1 nodes_visited 275
[22:38:52.790] START to_move 2
[22:38:52.813] STOP to_move 2 nodes_visited 399
[22:38:52.814] START to_move 1
[22:38:52.829] STOP to_move 1 nodes_visited 263
[22:38:52.829] START to_move 2
[22:38:52.847] STOP to_move 2 nodes_visited 308
[22:38:52.847] START to_move 1
[22:38:52.867] STOP to_move 1 nodes_visited 326
[22:38:52.867] START to_move 2
[22:38:52.883] STOP to_move 2 nodes_visited 258
[22:38:52.883] START to_move 1
[22:38:52.892] STOP to_move 1 nodes_visited 166
[22:38:52.892] START to_move 2
[22:38:52.902] STOP to_move 2 nodes_visited 177
[22:38:52.902] START to_move 1
[22:38:52.913] STOP to_move 1 nodes_visited 175
[22:38:52.913] START to_move 2
[22:38:52.921] STOP to_move 2 nodes_visited 142
[22:38:52.921] START to_move 1
[22:38:52.932] STOP to_move 1 nodes_visited 184
[22:38:52.932] START to_move 2
[22:38:52.948] STOP to_move 2 nodes_visited 278
[22:38:52.948] START to_move 1
[22:38:52.959] STOP to_move 1 nodes_visited 187
[22:38:52.960] START to_move 2
[22:38:52.972] STOP to_move 2 nodes_visited 215
[22:38:52.972] START to_move 1
[22:38:52.986] STOP to_move 1 nodes_visited 240
[22:38:52.986] START to_move 2
[22:38:52.997] STOP to_move 2 nodes_visited 167
[22:38:52.997] START to_move 1
[22:38:53.013] STOP to_move 1 nodes_visited 255
[22:38:53.013] START to_move 2
[22:38:53.023] STOP to_move 2 nodes_visited 181
[22:38:53.024] START to_move 1
[22:38:53.038] STOP to_move 1 nodes_visited 249
[22:38:53.038] START to_move 2
[22:38:53.053] STOP to_move 2 nodes_visited 261
[22:38:53.054] START to_move 1
[22:38:53.069] STOP to_move 1 nodes_visited 255
[22:38:53.069] START to_move 2
[22:38:53.087] STOP to_move 2 nodes_visited 308
[22:38:53.087] START to_move 1
[22:38:53.099] STOP to_move 1 nodes_visited 207
[22:38:53.099] START to_move 2
[22:38:53.107] STOP to_move 2 nodes_visited 134
[22:38:53.107] START to_move 1
[22:38:53.122] STOP to_move 1 nodes_visited 258
[22:38:53.122] START to_move 2
[22:38:53.127] STOP to_move 2 nodes_visited 83
[22:38:53.127] START to_move 1
[22:38:53.142] STOP to_move 1 nodes_visited 258
[22:38:53.142] START to_move 2
[22:38:53.159] STOP to_move 2 nodes_visited 286
[22:38:53.159] START to_move 1
[22:38:53.176] STOP to_move 1 nodes_visited 261
[22:38:53.176] START to_move 2
[22:38:53.195] STOP to_move 2 nodes_visited 321
[22:38:53.195] START to_move 1
[22:38:53.203] STOP to_move 1 nodes_visited 148
[22:38:53.203] START to_move 2
[22:38:53.216] STOP to_move 2 nodes_visited 221
[22:38:53.216] START to_move 1
[22:38:53.223] STOP to_move 1 nodes_visited 125
[22:38:53.224] START to_move 2
[22:38:53.229] STOP to_move 2 nodes_visited 84
[22:38:53.229] START to_move 1
[22:38:53.238] STOP to_move 1 nodes_visited 158
[22:38:53.238] START to_move 2
[22:38:53.244] STOP to_move 2 nodes_visited 102
[22:38:53.244] START to_move 1
[22:38:53.253] STOP to_move 1 nodes_visited 146
[22:38:53.253] START to_move 2
[22:38:53.263] STOP to_move 2 nodes_visited 179
[22:38:53.263] START to_move 1
[22:38:53.271] STOP to_move 1 nodes_visited 131
[22:38:53.271] START to_move 2
[22:38:53.279] STOP to_move 2 nodes_visited 143
[22:38:53.279] END winner 2 - rounds 194
