[22:48:06.631] 1 - distance_function chebyshev - pruning True
[22:48:06.632] 2 - distance_function manhattan - pruning True
[22:48:06.632] START to_move 1
[22:48:06.752] STOP to_move 1 nodes_visited 1862
[22:48:06.753] START to_move 2
[22:48:06.983] STOP to_move 2 nodes_visited 3711
[22:48:06.985] START to_move 1
[22:48:07.048] STOP to_move 1 nodes_visited 1024
[22:48:07.049] START to_move 2
[22:48:07.123] STOP to_move 2 nodes_visited 1238
[22:48:07.124] START to_move 1
[22:48:07.183] STOP to_move 1 nodes_visited 963
[22:48:07.184] START to_move 2
[22:48:07.380] STOP to_move 2 nodes_visited 3273
[22:48:07.382] START to_move 1
[22:48:07.445] STOP to_move 1 nodes_visited 1032
[22:48:07.445] START to_move 2
[22:48:07.616] STOP to_move 2 nodes_visited 2900
[22:48:07.617] START to_move 1
[22:48:07.751] STOP to_move 1 nodes_visited 2143
[22:48:07.752] START to_move 2
[22:48:07.927] STOP to_move 2 nodes_visited 2906
[22:48:07.929] START to_move 1
[22:48:08.063] STOP to_move 1 nodes_visited 2146
[22:48:08.065] START to_move 2
[22:48:08.414] STOP to_move 2 nodes_visited 5649
[22:48:08.417] START to_move 1
[22:48:08.510] STOP to_move 1 nodes_visited 1483
[22:48:08.511] START to_move 2
[22:48:08.714] STOP to_move 2 nodes_visited 3349
[22:48:08.715] START to_move 1
[22:48:08.784] STOP to_move 1 nodes_visited 1106
[22:48:08.784] START to_move 2
[22:48:08.899] STOP to_move 2 nodes_visited 1968
[22:48:08.900] START to_move 1
[22:48:08.974] STOP to_move 1 nodes_visited 1134
[22:48:08.974] START to_move 2
[22:48:09.038] STOP to_move 2 nodes_visited 1109
[22:48:09.039] START to_move 1
[22:48:09.108] STOP to_move 1 nodes_visited 1125
[22:48:09.109] START to_move 2
[22:48:09.174] STOP to_move 2 nodes_visited 1114
[22:48:09.174] START to_move 1
[22:48:09.248] STOP to_move 1 nodes_visited 1165
[22:48:09.249] START to_move 2
[22:48:09.332] STOP to_move 2 nodes_visited 1437
[22:48:09.333] START to_move 1
[22:48:09.422] STOP to_move 1 nodes_visited 1430
[22:48:09.423] START to_move 2
[22:48:09.514] STOP to_move 2 nodes_visited 1502
[22:48:09.515] START to_move 1
[22:48:09.609] STOP to_move 1 nodes_visited 1523
[22:48:09.610] START to_move 2
[22:48:09.698] STOP to_move 2 nodes_visited 1485
[22:48:09.699] START to_move 1
[22:48:09.793] STOP to_move 1 nodes_visited 1499
[22:48:09.794] START to_move 2
[22:48:09.886] STOP to_move 2 nodes_visited 1541
[22:48:09.887] START to_move 1
[22:48:09.975] STOP to_move 1 nodes_visited 1415
[22:48:09.976] START to_move 2
[22:48:10.078] STOP to_move 2 nodes_visited 1677
[22:48:10.079] START to_move 1
[22:48:10.120] STOP to_move 1 nodes_visited 682
[22:48:10.121] START to_move 2
[22:48:10.220] STOP to_move 2 nodes_visited 1660
[22:48:10.221] START to_move 1
[22:48:10.263] STOP to_move 1 nodes_visited 686
[22:48:10.264] START to_move 2
[22:48:10.442] STOP to_move 2 nodes_visited 2950
[22:48:10.443] START to_move 1
[22:48:10.506] STOP to_move 1 nodes_visited 1011
[22:48:10.507] START to_move 2
[22:48:10.611] STOP to_move 2 nodes_visited 1759
[22:48:10.612] START to_move 1
[22:48:10.656] STOP to_move 1 nodes_visited 719
[22:48:10.657] START to_move 2
[22:48:10.693] STOP to_move 2 nodes_visited 628
[22:48:10.694] START to_move 1
[22:48:10.743] STOP to_move 1 nodes_visited 793
[22:48:10.743] START to_move 2
[22:48:10.804] STOP to_move 2 nodes_visited 1019
[22:48:10.804] START to_move 1
[22:48:10.856] STOP to_move 1 nodes_visited 829
[22:48:10.856] START to_move 2
[22:48:10.890] STOP to_move 2 nodes_visited 580
[22:48:10.890] START to_move 1
[22:48:10.937] STOP to_move 1 nodes_visited 778
[22:48:10.938] START to_move 2
[22:48:10.972] STOP to_move 2 nodes_visited 615
[22:48:10.973] START to_move 1
[22:48:11.023] STOP to_move 1 nodes_visited 809
[22:48:11.023] START to_move 2
[22:48:11.156] STOP to_move 2 nodes_visited 2257
[22:48:11.157] START to_move 1
[22:48:11.210] STOP to_move 1 nodes_visited 858
[22:48:11.211] START to_move 2
[22:48:11.350] STOP to_move 2 nodes_visited 2355
[22:48:11.351] START to_move 1
[22:48:11.456] STOP to_move 1 nodes_visited 1620
[22:48:11.457] START to_move 2
[22:48:11.545] STOP to_move 2 nodes_visited 1523
[22:48:11.546] START to_move 1
[22:48:11.597] STOP to_move 1 nodes_visited 813
[22:48:11.598] START to_move 2
[22:48:11.654] STOP to_move 2 nodes_visited 967
[22:48:11.655] START to_move 1
[22:48:11.703] STOP to_move 1 nodes_visited 777
[22:48:11.704] START to_move 2
[22:48:11.743] STOP to_move 2 nodes_visited 704
[22:48:11.744] START to_move 1
[22:48:11.833] STOP to_move 1 nodes_visited 1386
[22:48:11.834] START to_move 2
[22:48:11.870] STOP to_move 2 nodes_visited 642
[22:48:11.871] START to_move 1
[22:48:11.905] STOP to_move 1 nodes_visited 548
[22:48:11.906] START to_move 2
[22:48:11.978] STOP to_move 2 nodes_visited 1251
[22:48:11.979] START to_move 1
[22:48:12.026] STOP to_move 1 nodes_visited 751
[22:48:12.026] START to_move 2
[22:48:12.062] STOP to_move 2 nodes_visited 625
[22:48:12.062] START to_move 1
[22:48:12.136] STOP to_move 1 nodes_visited 1180
[22:48:12.136] START to_move 2
[22:48:12.174] STOP to_move 2 nodes_visited 631
[22:48:12.174] START to_move 1
[22:48:12.250] STOP to_move 1 nodes_visited 1226
[22:48:12.251] START to_move 2
[22:48:12.305] STOP to_move 2 nodes_visited 944
[22:48:12.305] START to_move 1
[22:48:12.351] STOP to_move 1 nodes_visited 717
[22:48:12.351] START to_move 2
[22:48:12.406] STOP to_move 2 nodes_visited 959
[22:48:12.407] START to_move 1
[22:48:12.453] STOP to_move 1 nodes_visited 712
[22:48:12.453] START to_move 2
[22:48:12.488] STOP to_move 2 nodes_visited 605
[22:48:12.488] START to_move 1
[22:48:12.564] STOP to_move 1 nodes_visited 1165
[22:48:12.564] START to_move 2
[22:48:12.599] STOP to_move 2 nodes_visited 612
[22:48:12.599] START to_move 1
[22:48:12.732] STOP to_move 1 nodes_visited 2061
[22:48:12.733] START to_move 2
[22:48:12.799] STOP to_move 2 nodes_visited 1150
[22:48:12.800] START to_move 1
[22:48:12.867] STOP to_move 1 nodes_visited 1092
[22:48:12.868] START to_move 2
[22:48:12.901] STOP to_move 2 nodes_visited 582
[22:48:12.901] START to_move 1
[22:48:12.957] STOP to_move 1 nodes_visited 904
[22:48:12.957] START to_move 2
[22:48:12.995] STOP to_move 2 nodes_visited 635
[22:48:12.995] START to_move 1
[22:48:13.110] STOP to_move 1 nodes_visited 1846
[22:48:13.112] START to_move 2
[22:48:13.144] STOP to_move 2 nodes_visited 561
[22:48:13.144] START to_move 1
[22:48:13.172] STOP to_move 1 nodes_visited 456
[22:48:13.172] START to_move 2
[22:48:13.204] STOP to_move 2 nodes_visited 566
[22:48:13.204] START to_move 1
[22:48:13.228] STOP to_move 1 nodes_visited 391
[22:48:13.228] START to_move 2
[22:48:13.290] STOP to_move 2 nodes_visited 1048
[22:48:13.290] START to_move 1
[22:48:13.311] STOP to_move 1 nodes_visited 354
[22:48:13.311] START to_move 2
[22:48:13.340] STOP to_move 2 nodes_visited 512
[22:48:13.340] START to_move 1
[22:48:13.358] STOP to_move 1 nodes_visited 315
[22:48:13.359] START to_move 2
[22:48:13.384] STOP to_move 2 nodes_visited 454
[22:48:13.384] START to_move 1
[22:48:13.410] STOP to_move 1 nodes_visited 431
[22:48:13.410] START to_move 2
[22:48:13.440] STOP to_move 2 nodes_visited 524
[22:48:13.440] START to_move 1
[22:48:13.484] STOP to_move 1 nodes_visited 717
[22:48:13.485] START to_move 2
[22:48:13.508] STOP to_move 2 nodes_visited 398
[22:48:13.508] START to_move 1
[22:48:13.528] STOP to_move 1 nodes_visited 340
[22:48:13.528] START to_move 2
[22:48:13.572] STOP to_move 2 nodes_visited 705
[22:48:13.572] START to_move 1
[22:48:13.592] STOP to_move 1 nodes_visited 330
[22:48:13.592] START to_move 2
[22:48:13.621] STOP to_move 2 nodes_visited 514
[22:48:13.622] START to_move 1
[22:48:13.648] STOP to_move 1 nodes_visited 438
[22:48:13.648] START to_move 2
[22:48:13.670] STOP to_move 2 nodes_visited 382
[22:48:13.670] START to_move 1
[22:48:13.690] STOP to_move 1 nodes_visited 332
[22:48:13.690] START to_move 2
[22:48:13.714] STOP to_move 2 nodes_visited 414
[22:48:13.714] START to_move 1
[22:48:13.733] STOP to_move 1 nodes_visited 324
[22:48:13.733] START to_move 2
[22:48:13.757] STOP to_move 2 nodes_visited 435
[22:48:13.758] START to_move 1
[22:48:13.776] STOP to_move 1 nodes_visited 313
[22:48:13.776] START to_move 2
[22:48:13.820] STOP to_move 2 nodes_visited 734
[22:48:13.821] START to_move 1
[22:48:13.840] STOP to_move 1 nodes_visited 327
[22:48:13.840] START to_move 2
[22:48:13.880] STOP to_move 2 nodes_visited 710
[22:48:13.881] START to_move 1
[22:48:13.899] STOP to_move 1 nodes_visited 320
[22:48:13.900] START to_move 2
[22:48:13.922] STOP to_move 2 nodes_visited 393
[22:48:13.922] START to_move 1
[22:48:13.940] STOP to_move 1 nodes_visited 306
[22:48:13.940] START to_move 2
[22:48:14.006] STOP to_move 2 nodes_visited 1150
[22:48:14.006] START to_move 1
[22:48:14.024] STOP to_move 1 nodes_visited 292
[22:48:14.024] START to_move 2
[22:48:14.095] STOP to_move 2 nodes_visited 1202
[22:48:14.095] START to_move 1
[22:48:14.113] STOP to_move 1 nodes_visited 292
[22:48:14.113] START to_move 2
[22:48:14.182] STOP to_move 2 nodes_visited 1202
[22:48:14.183] START to_move 1
[22:48:14.201] STOP to_move 1 nodes_visited 304
[22:48:14.201] START to_move 2
[22:48:14.275] STOP to_move 2 nodes_visited 1280
[22:48:14.275] START to_move 1
[22:48:14.291] STOP to_move 1 nodes_visited 259
[22:48:14.291] START to_move 2
[22:48:14.321] STOP to_move 2 nodes_visited 524
[22:48:14.321] START to_move 1
[22:48:14.342] STOP to_move 1 nodes_visited 350
[22:48:14.342] START to_move 2
[22:48:14.348] STOP to_move 2 nodes_visited 112
[22:48:14.348] START to_move 1
[22:48:14.475] STOP to_move 1 nodes_visited 2014
[22:48:14.476] START to_move 2
[22:48:14.484] STOP to_move 2 nodes_visited 147
[22:48:14.484] START to_move 1
[22:48:14.511] STOP to_move 1 nodes_visited 440
[22:48:14.511] START to_move 2
[22:48:14.525] STOP to_move 2 nodes_visited 257
[22:48:14.525] START to_move 1
[22:48:14.554] STOP to_move 1 nodes_visited 465
[22:48:14.554] START to_move 2
[22:48:14.568] STOP to_move 2 nodes_visited 257
[22:48:14.569] START to_move 1
[22:48:14.597] STOP to_move 1 nodes_visited 465
[22:48:14.597] START to_move 2
[22:48:14.610] STOP to_move 2 nodes_visited 235
[22:48:14.610] START to_move 1
[22:48:14.660] STOP to_move 1 nodes_visited 788
[22:48:14.661] START to_move 2
[22:48:14.681] STOP to_move 2 nodes_visited 361
[22:48:14.681] START to_move 1
[22:48:14.738] STOP to_move 1 nodes_visited 909
[22:48:14.738] START to_move 2
[22:48:14.768] STOP to_move 2 nodes_visited 512
[22:48:14.768] START to_move 1
[22:48:14.822] STOP to_move 1 nodes_visited 879
[22:48:14.823] START to_move 2
[22:48:14.838] STOP to_move 2 nodes_visited 270
[22:48:14.838] START to_move 1
[22:48:14.894] STOP to_move 1 nodes_visited 905
[22:48:14.894] START to_move 2
[22:48:14.909] STOP to_move 2 nodes_visited 270
[22:48:14.909] START to_move 1
[22:48:14.927] STOP to_move 1 nodes_visited 273
[22:48:14.927] START to_move 2
[22:48:14.940] STOP to_move 2 nodes_visited 229
[22:48:14.940] START to_move 1
[22:48:14.969] STOP to_move 1 nodes_visited 474
[22:48:14.969] START to_move 2
[22:48:14.987] STOP to_move 2 nodes_visited 304
[22:48:14.987] START to_move 1
[22:48:15.000] STOP to_move 1 nodes_visited 231
[22:48:15.001] START to_move 2
[22:48:15.037] STOP to_move 2 nodes_visited 628
[22:48:15.038] START to_move 1
[22:48:15.051] STOP to_move 1 nodes_visited 217
[22:48:15.051] START to_move 2
[22:48:15.087] STOP to_move 2 nodes_visited 614
[22:48:15.087] START to_move 1
[22:48:15.099] STOP to_move 1 nodes_visited 204
[22:48:15.100] START to_move 2
[22:48:15.135] STOP to_move 2 nodes_visited 607
[22:48:15.135] START to_move 1
[22:48:15.147] STOP to_move 1 nodes_visited 201
[22:48:15.148] START to_move 2
[22:48:15.174] STOP to_move 2 nodes_visited 429
[22:48:15.174] START to_move 1
[22:48:15.184] STOP to_move 1 nodes_visited 171
[22:48:15.184] START to_move 2
[22:48:15.208] STOP to_move 2 nodes_visited 372
[22:48:15.208] START to_move 1
[22:48:15.221] STOP to_move 1 nodes_visited 215
[22:48:15.221] START to_move 2
[22:48:15.244] STOP to_move 2 nodes_visited 397
[22:48:15.244] START to_move 1
[22:48:15.257] STOP to_move 1 nodes_visited 215
[22:48:15.257] START to_move 2
[22:48:15.281] STOP to_move 2 nodes_visited 397
[22:48:15.281] START to_move 1
[22:48:15.294] STOP to_move 1 nodes_visited 216
[22:48:15.294] START to_move 2
[22:48:15.368] STOP to_move 2 nodes_visited 1211
[22:48:15.369] START to_move 1
[22:48:15.386] STOP to_move 1 nodes_visited 290
[22:48:15.386] START to_move 2
[22:48:15.408] STOP to_move 2 nodes_visited 356
[22:48:15.408] START to_move 1
[22:48:15.420] STOP to_move 1 nodes_visited 206
[22:48:15.420] START to_move 2
[22:48:15.441] STOP to_move 2 nodes_visited 345
[22:48:15.441] START to_move 1
[22:48:15.451] STOP to_move 1 nodes_visited 169
[22:48:15.451] START to_move 2
[22:48:15.474] STOP to_move 2 nodes_visited 370
[22:48:15.474] START to_move 1
[22:48:15.484] STOP to_move 1 nodes_visited 170
[22:48:15.484] START to_move 2
[22:48:15.507] STOP to_move 2 nodes_visited 356
[22:48:15.508] START to_move 1
[22:48:15.518] STOP to_move 1 nodes_visited 179
[22:48:15.519] START to_move 2
[22:48:15.533] STOP to_move 2 nodes_visited 251
[22:48:15.533] START to_move 1
[22:48:15.545] STOP to_move 1 nodes_visited 204
[22:48:15.545] START to_move 2
[22:48:15.559] STOP to_move 2 nodes_visited 247
[22:48:15.559] START to_move 1
[22:48:15.571] STOP to_move 1 nodes_visited 204
[22:48:15.572] START to_move 2
[22:48:15.588] STOP to_move 2 nodes_visited 289
[22:48:15.588] START to_move 1
[22:48:15.601] STOP to_move 1 nodes_visited 207
[22:48:15.601] START to_move 2
[22:48:15.614] STOP to_move 2 nodes_visited 236
[22:48:15.614] START to_move 1
[22:48:15.623] STOP to_move 1 nodes_visited 154
[22:48:15.623] START to_move 2
[22:48:15.637] STOP to_move 2 nodes_visited 236
[22:48:15.637] START to_move 1
[22:48:15.646] STOP to_move 1 nodes_visited 154
[22:48:15.646] START to_move 2
[22:48:15.659] STOP to_move 2 nodes_visited 236
[22:48:15.659] START to_move 1
[22:48:15.671] STOP to_move 1 nodes_visited 190
[22:48:15.671] START to_move 2
[22:48:15.682] STOP to_move 2 nodes_visited 210
[22:48:15.683] START to_move 1
[22:48:15.693] STOP to_move 1 nodes_visited 174
[22:48:15.693] START to_move 2
[22:48:15.704] STOP to_move 2 nodes_visited 193
[22:48:15.704] START to_move 1
[22:48:15.712] STOP to_move 1 nodes_visited 142
[22:48:15.712] START to_move 2
[22:48:15.723] STOP to_move 2 nodes_visited 190
[22:48:15.723] START to_move 1
[22:48:15.732] STOP to_move 1 nodes_visited 159
[22:48:15.732] START to_move 2
[22:48:15.743] STOP to_move 2 nodes_visited 193
[22:48:15.743] START to_move 1
[22:48:15.753] STOP to_move 1 nodes_visited 162
[22:48:15.753] START to_move 2
[22:48:15.763] STOP to_move 2 nodes_visited 184
[22:48:15.763] START to_move 1
[22:48:15.772] STOP to_move 1 nodes_visited 154
[22:48:15.773] START to_move 2
[22:48:15.783] STOP to_move 2 nodes_visited 184
[22:48:15.783] START to_move 1
[22:48:15.792] STOP to_move 1 nodes_visited 154
[22:48:15.792] START to_move 2
[22:48:15.803] STOP to_move 2 nodes_visited 168
[22:48:15.803] START to_move 1
[22:48:15.811] STOP to_move 1 nodes_visited 143
[22:48:15.811] START to_move 2
[22:48:15.821] STOP to_move 2 nodes_visited 165
[22:48:15.821] START to_move 1
[22:48:15.829] STOP to_move 1 nodes_visited 136
[22:48:15.829] START to_move 2
[22:48:15.838] STOP to_move 2 nodes_visited 165
[22:48:15.838] START to_move 1
[22:48:15.846] STOP to_move 1 nodes_visited 136
[22:48:15.846] START to_move 2
[22:48:15.855] STOP to_move 2 nodes_visited 168
[22:48:15.856] START to_move 1
[22:48:15.864] STOP to_move 1 nodes_visited 143
[22:48:15.864] START to_move 2
[22:48:15.874] STOP to_move 2 nodes_visited 171
[22:48:15.874] START to_move 1
[22:48:15.883] STOP to_move 1 nodes_visited 146
[22:48:15.883] START to_move 2
[22:48:15.892] STOP to_move 2 nodes_visited 171
[22:48:15.892] START to_move 1
[22:48:15.901] STOP to_move 1 nodes_visited 152
[22:48:15.901] START to_move 2
[22:48:15.914] STOP to_move 2 nodes_visited 222
[22:48:15.914] START to_move 1
[22:48:15.925] STOP to_move 1 nodes_visited 181
[22:48:15.925] START to_move 2
[22:48:15.938] STOP to_move 2 nodes_visited 233
[22:48:15.938] START to_move 1
[22:48:15.949] STOP to_move 1 nodes_visited 178
[22:48:15.949] START to_move 2
[22:48:15.963] STOP to_move 2 nodes_visited 244
[22:48:15.963] START to_move 1
[22:48:15.980] STOP to_move 1 nodes_visited 265
[22:48:15.980] START to_move 2
[22:48:15.989] STOP to_move 2 nodes_visited 176
[22:48:15.990] START to_move 1
[22:48:16.000] STOP to_move 1 nodes_visited 170
[22:48:16.000] START to_move 2
[22:48:16.010] STOP to_move 2 nodes_visited 185
[22:48:16.010] START to_move 1
[22:48:16.020] STOP to_move 1 nodes_visited 166
[22:48:16.020] START to_move 2
[22:48:16.030] STOP to_move 2 nodes_visited 179
[22:48:16.030] START to_move 1
[22:48:16.040] STOP to_move 1 nodes_visited 171
[22:48:16.040] START to_move 2
[22:48:16.050] STOP to_move 2 nodes_visited 179
[22:48:16.050] START to_move 1
[22:48:16.060] STOP to_move 1 nodes_visited 168
[22:48:16.061] START to_move 2
[22:48:16.071] STOP to_move 2 nodes_visited 174
[22:48:16.071] START to_move 1
[22:48:16.081] STOP to_move 1 nodes_visited 171
[22:48:16.081] START to_move 2
[22:48:16.091] STOP to_move 2 nodes_visited 171
[22:48:16.091] START to_move 1
[22:48:16.101] STOP to_move 1 nodes_visited 173
[22:48:16.101] START to_move 2
[22:48:16.112] STOP to_move 2 nodes_visited 192
[22:48:16.112] START to_move 1
[22:48:16.130] STOP to_move 1 nodes_visited 255
[22:48:16.130] START to_move 2
[22:48:16.141] STOP to_move 2 nodes_visited 198
[22:48:16.141] START to_move 1
[22:48:16.150] STOP to_move 1 nodes_visited 150
[22:48:16.150] START to_move 2
[22:48:16.160] STOP to_move 2 nodes_visited 168
[22:48:16.160] START to_move 1
[22:48:16.171] STOP to_move 1 nodes_visited 170
[22:48:16.171] START to_move 2
[22:48:16.181] STOP to_move 2 nodes_visited 175
[22:48:16.181] START to_move 1
[22:48:16.190] STOP to_move 1 nodes_visited 145
[22:48:16.190] START to_move 2
[22:48:16.198] STOP to_move 2 nodes_visited 139
[22:48:16.198] START to_move 1
[22:48:16.204] STOP to_move 1 nodes_visited 102
[22:48:16.204] START to_move 2
[22:48:16.213] STOP to_move 2 nodes_visited 142
[22:48:16.213] START to_move 1
[22:48:16.220] STOP to_move 1 nodes_visited 111
[22:48:16.220] START to_move 2
[22:48:16.228] STOP to_move 2 nodes_visited 142
[22:48:16.229] START to_move 1
[22:48:16.236] STOP to_move 1 nodes_visited 117
[22:48:16.236] START to_move 2
[22:48:16.243] STOP to_move 2 nodes_visited 128
[22:48:16.243] START to_move 1
[22:48:16.250] STOP to_move 1 nodes_visited 109
[22:48:16.250] START to_move 2
[22:48:16.259] STOP to_move 2 nodes_visited 161
[22:48:16.259] START to_move 1
[22:48:16.267] STOP to_move 1 nodes_visited 118
[22:48:16.267] START to_move 2
[22:48:16.274] STOP to_move 2 nodes_visited 121
[22:48:16.274] START to_move 1
[22:48:16.279] STOP to_move 1 nodes_visited 90
[22:48:16.279] START to_move 2
[22:48:16.286] STOP to_move 2 nodes_visited 122
[22:48:16.286] START to_move 1
[22:48:16.294] STOP to_move 1 nodes_visited 130
[22:48:16.294] START to_move 2
[22:48:16.301] STOP to_move 2 nodes_visited 126
[22:48:16.301] START to_move 1
[22:48:16.309] STOP to_move 1 nodes_visited 133
[22:48:16.309] START to_move 2
[22:48:16.316] STOP to_move 2 nodes_visited 115
[22:48:16.316] START to_move 1
[22:48:16.322] STOP to_move 1 nodes_visited 96
[22:48:16.322] START to_move 2
[22:48:16.329] STOP to_move 2 nodes_visited 117
[22:48:16.329] START to_move 1
[22:48:16.335] STOP to_move 1 nodes_visited 105
[22:48:16.335] START to_move 2
[22:48:16.342] STOP to_move 2 nodes_visited 122
[22:48:16.342] START to_move 1
[22:48:16.348] STOP to_move 1 nodes_visited 92
[22:48:16.348] START to_move 2
[22:48:16.354] STOP to_move 2 nodes_visited 113
[22:48:16.354] START to_move 1
[22:48:16.360] STOP to_move 1 nodes_visited 99
[22:48:16.360] START to_move 2
[22:48:16.367] STOP to_move 2 nodes_visited 109
[22:48:16.367] START to_move 1
[22:48:16.373] STOP to_move 1 nodes_visited 102
[22:48:16.373] START to_move 2
[22:48:16.380] STOP to_move 2 nodes_visited 122
[22:48:16.380] START to_move 1
[22:48:16.385] STOP to_move 1 nodes_visited 88
[22:48:16.385] START to_move 2
[22:48:16.391] STOP to_move 2 nodes_visited 108
[22:48:16.391] START to_move 1
[22:48:16.397] STOP to_move 1 nodes_visited 97
[22:48:16.397] START to_move 2
[22:48:16.404] STOP to_move 2 nodes_visited 126
[22:48:16.404] START to_move 1
[22:48:16.410] STOP to_move 1 nodes_visited 96
[22:48:16.410] START to_move 2
[22:48:16.417] STOP to_move 2 nodes_visited 132
[22:48:16.417] START to_move 1
[22:48:16.424] STOP to_move 1 nodes_visited 113
[22:48:16.424] START to_move 2
[22:48:16.432] STOP to_move 2 nodes_visited 126
[22:48:16.432] START to_move 1
[22:48:16.437] STOP to_move 1 nodes_visited 83
[22:48:16.437] START to_move 2
[22:48:16.444] STOP to_move 2 nodes_visited 120
[22:48:16.444] START to_move 1
[22:48:16.448] STOP to_move 1 nodes_visited 76
[22:48:16.449] START to_move 2
[22:48:16.453] STOP to_move 2 nodes_visited 84
[22:48:16.453] START to_move 1
[22:48:16.458] STOP to_move 1 nodes_visited 76
[22:48:16.458] START to_move 2
[22:48:16.464] STOP to_move 2 nodes_visited 81
[22:48:16.464] START to_move 1
[22:48:16.468] STOP to_move 1 nodes_visited 66
[22:48:16.468] START to_move 2
[22:48:16.473] STOP to_move 2 nodes_visited 79
[22:48:16.473] START to_move 1
[22:48:16.476] STOP to_move 1 nodes_visited 61
[22:48:16.476] START to_move 2
[22:48:16.480] STOP to_move 2 nodes_visited 71
[22:48:16.480] START to_move 1
[22:48:16.483] STOP to_move 1 nodes_visited 36
[22:48:16.483] START to_move 2
[22:48:16.487] STOP to_move 2 nodes_visited 69
[22:48:16.487] START to_move 1
[22:48:16.490] STOP to_move 1 nodes_visited 49
[22:48:16.490] START to_move 2
[22:48:16.493] STOP to_move 2 nodes_visited 49
[22:48:16.493] START to_move 1
[22:48:16.495] STOP to_move 1 nodes_visited 34
[22:48:16.495] START to_move 2
[22:48:16.497] STOP to_move 2 nodes_visited 49
[22:48:16.498] START to_move 1
[22:48:16.500] STOP to_move 1 nodes_visited 39
[22:48:16.500] START to_move 2
[22:48:16.502] STOP to_move 2 nodes_visited 45
[22:48:16.502] START to_move 1
[22:48:16.504] STOP to_move 1 nodes_visited 35
[22:48:16.504] START to_move 2
[22:48:16.507] STOP to_move 2 nodes_visited 39
[22:48:16.507] START to_move 1
[22:48:16.508] STOP to_move 1 nodes_visited 27
[22:48:16.508] START to_move 2
[22:48:16.510] STOP to_move 2 nodes_visited 33
[22:48:16.510] START to_move 1
[22:48:16.512] STOP to_move 1 nodes_visited 31
[22:48:16.512] START to_move 2
[22:48:16.514] STOP to_move 2 nodes_visited 33
[22:48:16.514] START to_move 1
[22:48:16.516] STOP to_move 1 nodes_visited 35
[22:48:16.516] START to_move 2
[22:48:16.517] STOP to_move 2 nodes_visited 31
[22:48:16.517] START to_move 1
[22:48:16.519] STOP to_move 1 nodes_visited 29
[22:48:16.519] START to_move 2
[22:48:16.521] STOP to_move 2 nodes_visited 31
[22:48:16.521] START to_move 1
[22:48:16.523] STOP to_move 1 nodes_visited 33
[22:48:16.523] START to_move 2
[22:48:16.525] STOP to_move 2 nodes_visited 33
[22:48:16.525] START to_move 1
[22:48:16.526] STOP to_move 1 nodes_visited 33
[22:48:16.526] START to_move 2
[22:48:16.528] STOP to_move 2 nodes_visited 29
[22:48:16.528] START to_move 1
[22:48:16.530] STOP to_move 1 nodes_visited 28
[22:48:16.530] START to_move 2
[22:48:16.531] STOP to_move 2 nodes_visited 33
[22:48:16.532] START to_move 1
[22:48:16.533] STOP to_move 1 nodes_visited 33
[22:48:16.533] START to_move 2
[22:48:16.536] STOP to_move 2 nodes_visited 51
[22:48:16.536] START to_move 1
[22:48:16.540] STOP to_move 1 nodes_visited 56
[22:48:16.540] START to_move 2
[22:48:16.543] STOP to_move 2 nodes_visited 59
[22:48:16.543] START to_move 1
[22:48:16.545] STOP to_move 1 nodes_visited 35
[22:48:16.546] START to_move 2
[22:48:16.549] STOP to_move 2 nodes_visited 59
[22:48:16.549] START to_move 1
[22:48:16.551] STOP to_move 1 nodes_visited 35
[22:48:16.551] START to_move 2
[22:48:16.556] STOP to_move 2 nodes_visited 79
[22:48:16.556] START to_move 1
[22:48:16.559] STOP to_move 1 nodes_visited 53
[22:48:16.559] START to_move 2
[22:48:16.561] STOP to_move 2 nodes_visited 25
[22:48:16.561] START to_move 1
[22:48:16.563] STOP to_move 1 nodes_visited 27
[22:48:16.563] START to_move 2
[22:48:16.564] STOP to_move 2 nodes_visited 29
[22:48:16.564] START to_move 1
[22:48:16.566] STOP to_move 1 nodes_visited 21
[22:48:16.566] START to_move 2
[22:48:16.567] STOP to_move 2 nodes_visited 25
[22:48:16.567] START to_move 1
[22:48:16.568] STOP to_move 1 nodes_visited 17
[22:48:16.568] START to_move 2
[22:48:16.569] STOP to_move 2 nodes_visited 16
[22:48:16.569] START to_move 1
[22:48:16.570] STOP to_move 1 nodes_visited 19
[22:48:16.570] START to_move 2
[22:48:16.571] STOP to_move 2 nodes_visited 16
[22:48:16.571] START to_move 1
[22:48:16.572] STOP to_move 1 nodes_visited 12
[22:48:16.572] START to_move 2
[22:48:16.573] STOP to_move 2 nodes_visited 13
[22:48:16.573] START to_move 1
[22:48:16.574] STOP to_move 1 nodes_visited 16
[22:48:16.574] START to_move 2
[22:48:16.576] STOP to_move 2 nodes_visited 31
[22:48:16.576] START to_move 1
[22:48:16.577] STOP to_move 1 nodes_visited 29
[22:48:16.577] START to_move 2
[22:48:16.578] STOP to_move 2 nodes_visited 15
[22:48:16.578] START to_move 1
[22:48:16.579] STOP to_move 1 nodes_visited 6
[22:48:16.579] START to_move 2
[22:48:16.579] STOP to_move 2 nodes_visited 9
[22:48:16.579] START to_move 1
[22:48:16.580] STOP to_move 1 nodes_visited 14
[22:48:16.580] START to_move 2
[22:48:16.581] STOP to_move 2 nodes_visited 14
[22:48:16.581] START to_move 1
[22:48:16.582] STOP to_move 1 nodes_visited 16
[22:48:16.582] START to_move 2
[22:48:16.582] STOP to_move 2 nodes_visited 8
[22:48:16.582] START to_move 1
[22:48:16.583] STOP to_move 1 nodes_visited 8
[22:48:16.583] START to_move 2
[22:48:16.584] STOP to_move 2 nodes_visited 13
[22:48:16.584] START to_move 1
[22:48:16.584] STOP to_move 1 nodes_visited 9
[22:48:16.584] START to_move 2
[22:48:16.585] STOP to_move 2 nodes_visited 10
[22:48:16.585] START to_move 1
[22:48:16.586] STOP to_move 1 nodes_visited 14
[22:48:16.600] END winner 0 - rounds 329
