[23:07:34.614] 1 - distance_function euclides - pruning True
[23:07:34.614] 2 - distance_function manhattan - pruning True
[23:07:34.614] START to_move 1
[23:07:34.681] STOP to_move 1 nodes_visited 1098
[23:07:34.682] START to_move 2
[23:07:34.875] STOP to_move 2 nodes_visited 3119
[23:07:34.878] START to_move 1
[23:07:34.927] STOP to_move 1 nodes_visited 782
[23:07:34.927] START to_move 2
[23:07:35.114] STOP to_move 2 nodes_visited 3091
[23:07:35.116] START to_move 1
[23:07:35.167] STOP to_move 1 nodes_visited 837
[23:07:35.167] START to_move 2
[23:07:35.357] STOP to_move 2 nodes_visited 3168
[23:07:35.358] START to_move 1
[23:07:35.407] STOP to_move 1 nodes_visited 795
[23:07:35.408] START to_move 2
[23:07:35.529] STOP to_move 2 nodes_visited 2086
[23:07:35.531] START to_move 1
[23:07:35.667] STOP to_move 1 nodes_visited 2177
[23:07:35.668] START to_move 2
[23:07:35.709] STOP to_move 2 nodes_visited 711
[23:07:35.709] START to_move 1
[23:07:35.888] STOP to_move 1 nodes_visited 2884
[23:07:35.889] START to_move 2
[23:07:35.929] STOP to_move 2 nodes_visited 701
[23:07:35.930] START to_move 1
[23:07:36.111] STOP to_move 1 nodes_visited 2908
[23:07:36.112] START to_move 2
[23:07:36.154] STOP to_move 2 nodes_visited 695
[23:07:36.154] START to_move 1
[23:07:36.330] STOP to_move 1 nodes_visited 2854
[23:07:36.331] START to_move 2
[23:07:36.396] STOP to_move 2 nodes_visited 1100
[23:07:36.397] START to_move 1
[23:07:36.613] STOP to_move 1 nodes_visited 3493
[23:07:36.615] START to_move 2
[23:07:36.653] STOP to_move 2 nodes_visited 667
[23:07:36.653] START to_move 1
[23:07:36.692] STOP to_move 1 nodes_visited 628
[23:07:36.692] START to_move 2
[23:07:36.724] STOP to_move 2 nodes_visited 546
[23:07:36.724] START to_move 1
[23:07:36.757] STOP to_move 1 nodes_visited 562
[23:07:36.757] START to_move 2
[23:07:36.793] STOP to_move 2 nodes_visited 630
[23:07:36.793] START to_move 1
[23:07:36.848] STOP to_move 1 nodes_visited 899
[23:07:36.848] START to_move 2
[23:07:36.884] STOP to_move 2 nodes_visited 634
[23:07:36.884] START to_move 1
[23:07:36.923] STOP to_move 1 nodes_visited 652
[23:07:36.924] START to_move 2
[23:07:36.961] STOP to_move 2 nodes_visited 630
[23:07:36.961] START to_move 1
[23:07:37.000] STOP to_move 1 nodes_visited 649
[23:07:37.000] START to_move 2
[23:07:37.038] STOP to_move 2 nodes_visited 673
[23:07:37.038] START to_move 1
[23:07:37.078] STOP to_move 1 nodes_visited 664
[23:07:37.078] START to_move 2
[23:07:37.115] STOP to_move 2 nodes_visited 648
[23:07:37.115] START to_move 1
[23:07:37.154] STOP to_move 1 nodes_visited 650
[23:07:37.155] START to_move 2
[23:07:37.315] STOP to_move 2 nodes_visited 2739
[23:07:37.316] START to_move 1
[23:07:37.351] STOP to_move 1 nodes_visited 588
[23:07:37.352] START to_move 2
[23:07:37.399] STOP to_move 2 nodes_visited 834
[23:07:37.399] START to_move 1
[23:07:37.437] STOP to_move 1 nodes_visited 631
[23:07:37.438] START to_move 2
[23:07:37.534] STOP to_move 2 nodes_visited 1645
[23:07:37.535] START to_move 1
[23:07:37.569] STOP to_move 1 nodes_visited 571
[23:07:37.569] START to_move 2
[23:07:37.609] STOP to_move 2 nodes_visited 695
[23:07:37.609] START to_move 1
[23:07:37.658] STOP to_move 1 nodes_visited 808
[23:07:37.658] START to_move 2
[23:07:37.698] STOP to_move 2 nodes_visited 705
[23:07:37.699] START to_move 1
[23:07:37.752] STOP to_move 1 nodes_visited 862
[23:07:37.753] START to_move 2
[23:07:37.842] STOP to_move 2 nodes_visited 1535
[23:07:37.843] START to_move 1
[23:07:37.903] STOP to_move 1 nodes_visited 996
[23:07:37.903] START to_move 2
[23:07:37.944] STOP to_move 2 nodes_visited 698
[23:07:37.944] START to_move 1
[23:07:37.991] STOP to_move 1 nodes_visited 782
[23:07:37.991] START to_move 2
[23:07:38.033] STOP to_move 2 nodes_visited 697
[23:07:38.033] START to_move 1
[23:07:38.081] STOP to_move 1 nodes_visited 800
[23:07:38.082] START to_move 2
[23:07:38.153] STOP to_move 2 nodes_visited 1224
[23:07:38.153] START to_move 1
[23:07:38.202] STOP to_move 1 nodes_visited 808
[23:07:38.202] START to_move 2
[23:07:38.243] STOP to_move 2 nodes_visited 703
[23:07:38.243] START to_move 1
[23:07:38.300] STOP to_move 1 nodes_visited 916
[23:07:38.301] START to_move 2
[23:07:38.340] STOP to_move 2 nodes_visited 695
[23:07:38.340] START to_move 1
[23:07:38.386] STOP to_move 1 nodes_visited 764
[23:07:38.386] START to_move 2
[23:07:38.426] STOP to_move 2 nodes_visited 691
[23:07:38.427] START to_move 1
[23:07:38.471] STOP to_move 1 nodes_visited 756
[23:07:38.472] START to_move 2
[23:07:38.512] STOP to_move 2 nodes_visited 700
[23:07:38.513] START to_move 1
[23:07:38.554] STOP to_move 1 nodes_visited 703
[23:07:38.555] START to_move 2
[23:07:38.598] STOP to_move 2 nodes_visited 713
[23:07:38.599] START to_move 1
[23:07:38.656] STOP to_move 1 nodes_visited 964
[23:07:38.657] START to_move 2
[23:07:38.702] STOP to_move 2 nodes_visited 761
[23:07:38.703] START to_move 1
[23:07:38.756] STOP to_move 1 nodes_visited 882
[23:07:38.756] START to_move 2
[23:07:38.802] STOP to_move 2 nodes_visited 761
[23:07:38.802] START to_move 1
[23:07:38.976] STOP to_move 1 nodes_visited 2815
[23:07:38.978] START to_move 2
[23:07:39.021] STOP to_move 2 nodes_visited 727
[23:07:39.022] START to_move 1
[23:07:39.202] STOP to_move 1 nodes_visited 2895
[23:07:39.204] START to_move 2
[23:07:39.244] STOP to_move 2 nodes_visited 696
[23:07:39.245] START to_move 1
[23:07:39.427] STOP to_move 1 nodes_visited 2923
[23:07:39.429] START to_move 2
[23:07:39.469] STOP to_move 2 nodes_visited 696
[23:07:39.470] START to_move 1
[23:07:39.644] STOP to_move 1 nodes_visited 2857
[23:07:39.646] START to_move 2
[23:07:39.688] STOP to_move 2 nodes_visited 712
[23:07:39.689] START to_move 1
[23:07:39.723] STOP to_move 1 nodes_visited 564
[23:07:39.723] START to_move 2
[23:07:39.758] STOP to_move 2 nodes_visited 615
[23:07:39.759] START to_move 1
[23:07:39.791] STOP to_move 1 nodes_visited 535
[23:07:39.791] START to_move 2
[23:07:39.826] STOP to_move 2 nodes_visited 600
[23:07:39.826] START to_move 1
[23:07:39.857] STOP to_move 1 nodes_visited 521
[23:07:39.858] START to_move 2
[23:07:39.903] STOP to_move 2 nodes_visited 776
[23:07:39.903] START to_move 1
[23:07:39.939] STOP to_move 1 nodes_visited 563
[23:07:39.939] START to_move 2
[23:07:39.969] STOP to_move 2 nodes_visited 502
[23:07:39.969] START to_move 1
[23:07:39.999] STOP to_move 1 nodes_visited 503
[23:07:39.999] START to_move 2
[23:07:40.021] STOP to_move 2 nodes_visited 382
[23:07:40.021] START to_move 1
[23:07:40.074] STOP to_move 1 nodes_visited 865
[23:07:40.074] START to_move 2
[23:07:40.103] STOP to_move 2 nodes_visited 508
[23:07:40.104] START to_move 1
[23:07:40.162] STOP to_move 1 nodes_visited 947
[23:07:40.162] START to_move 2
[23:07:40.191] STOP to_move 2 nodes_visited 505
[23:07:40.191] START to_move 1
[23:07:40.246] STOP to_move 1 nodes_visited 871
[23:07:40.246] START to_move 2
[23:07:40.281] STOP to_move 2 nodes_visited 598
[23:07:40.281] START to_move 1
[23:07:40.358] STOP to_move 1 nodes_visited 1248
[23:07:40.359] START to_move 2
[23:07:40.394] STOP to_move 2 nodes_visited 607
[23:07:40.394] START to_move 1
[23:07:40.467] STOP to_move 1 nodes_visited 1180
[23:07:40.468] START to_move 2
[23:07:40.504] STOP to_move 2 nodes_visited 607
[23:07:40.504] START to_move 1
[23:07:40.570] STOP to_move 1 nodes_visited 1080
[23:07:40.571] START to_move 2
[23:07:40.598] STOP to_move 2 nodes_visited 485
[23:07:40.599] START to_move 1
[23:07:40.663] STOP to_move 1 nodes_visited 1048
[23:07:40.663] START to_move 2
[23:07:40.691] STOP to_move 2 nodes_visited 489
[23:07:40.691] START to_move 1
[23:07:40.745] STOP to_move 1 nodes_visited 885
[23:07:40.745] START to_move 2
[23:07:40.774] STOP to_move 2 nodes_visited 483
[23:07:40.775] START to_move 1
[23:07:40.810] STOP to_move 1 nodes_visited 589
[23:07:40.810] START to_move 2
[23:07:40.834] STOP to_move 2 nodes_visited 416
[23:07:40.834] START to_move 1
[23:07:40.886] STOP to_move 1 nodes_visited 859
[23:07:40.886] START to_move 2
[23:07:40.909] STOP to_move 2 nodes_visited 394
[23:07:40.909] START to_move 1
[23:07:40.930] STOP to_move 1 nodes_visited 366
[23:07:40.931] START to_move 2
[23:07:40.958] STOP to_move 2 nodes_visited 483
[23:07:40.959] START to_move 1
[23:07:40.998] STOP to_move 1 nodes_visited 659
[23:07:40.999] START to_move 2
[23:07:41.034] STOP to_move 2 nodes_visited 617
[23:07:41.035] START to_move 1
[23:07:41.067] STOP to_move 1 nodes_visited 517
[23:07:41.068] START to_move 2
[23:07:41.088] STOP to_move 2 nodes_visited 352
[23:07:41.088] START to_move 1
[23:07:41.211] STOP to_move 1 nodes_visited 1959
[23:07:41.212] START to_move 2
[23:07:41.238] STOP to_move 2 nodes_visited 447
[23:07:41.239] START to_move 1
[23:07:41.311] STOP to_move 1 nodes_visited 1135
[23:07:41.312] START to_move 2
[23:07:41.336] STOP to_move 2 nodes_visited 400
[23:07:41.337] START to_move 1
[23:07:41.367] STOP to_move 1 nodes_visited 492
[23:07:41.367] START to_move 2
[23:07:41.393] STOP to_move 2 nodes_visited 444
[23:07:41.393] START to_move 1
[23:07:41.428] STOP to_move 1 nodes_visited 572
[23:07:41.428] START to_move 2
[23:07:41.451] STOP to_move 2 nodes_visited 403
[23:07:41.451] START to_move 1
[23:07:41.547] STOP to_move 1 nodes_visited 1553
[23:07:41.548] START to_move 2
[23:07:41.584] STOP to_move 2 nodes_visited 623
[23:07:41.585] START to_move 1
[23:07:41.659] STOP to_move 1 nodes_visited 1185
[23:07:41.660] START to_move 2
[23:07:41.695] STOP to_move 2 nodes_visited 593
[23:07:41.695] START to_move 1
[23:07:41.733] STOP to_move 1 nodes_visited 630
[23:07:41.734] START to_move 2
[23:07:41.763] STOP to_move 2 nodes_visited 501
[23:07:41.763] START to_move 1
[23:07:41.848] STOP to_move 1 nodes_visited 1372
[23:07:41.849] START to_move 2
[23:07:41.878] STOP to_move 2 nodes_visited 502
[23:07:41.878] START to_move 1
[23:07:41.962] STOP to_move 1 nodes_visited 1351
[23:07:41.963] START to_move 2
[23:07:41.983] STOP to_move 2 nodes_visited 344
[23:07:41.983] START to_move 1
[23:07:42.064] STOP to_move 1 nodes_visited 1313
[23:07:42.065] START to_move 2
[23:07:42.084] STOP to_move 2 nodes_visited 344
[23:07:42.085] START to_move 1
[23:07:42.174] STOP to_move 1 nodes_visited 1399
[23:07:42.175] START to_move 2
[23:07:42.197] STOP to_move 2 nodes_visited 379
[23:07:42.197] START to_move 1
[23:07:42.217] STOP to_move 1 nodes_visited 338
[23:07:42.217] START to_move 2
[23:07:42.241] STOP to_move 2 nodes_visited 412
[23:07:42.242] START to_move 1
[23:07:42.265] STOP to_move 1 nodes_visited 382
[23:07:42.265] START to_move 2
[23:07:42.288] STOP to_move 2 nodes_visited 403
[23:07:42.289] START to_move 1
[23:07:42.314] STOP to_move 1 nodes_visited 410
[23:07:42.314] START to_move 2
[23:07:42.330] STOP to_move 2 nodes_visited 274
[23:07:42.331] START to_move 1
[23:07:42.357] STOP to_move 1 nodes_visited 430
[23:07:42.357] START to_move 2
[23:07:42.382] STOP to_move 2 nodes_visited 425
[23:07:42.382] START to_move 1
[23:07:42.410] STOP to_move 1 nodes_visited 445
[23:07:42.410] START to_move 2
[23:07:42.434] STOP to_move 2 nodes_visited 417
[23:07:42.435] START to_move 1
[23:07:42.444] STOP to_move 1 nodes_visited 151
[23:07:42.444] START to_move 2
[23:07:42.469] STOP to_move 2 nodes_visited 413
[23:07:42.469] START to_move 1
[23:07:42.509] STOP to_move 1 nodes_visited 639
[23:07:42.510] START to_move 2
[23:07:42.533] STOP to_move 2 nodes_visited 401
[23:07:42.533] START to_move 1
[23:07:42.572] STOP to_move 1 nodes_visited 640
[23:07:42.573] START to_move 2
[23:07:42.593] STOP to_move 2 nodes_visited 357
[23:07:42.593] START to_move 1
[23:07:42.625] STOP to_move 1 nodes_visited 526
[23:07:42.626] START to_move 2
[23:07:42.643] STOP to_move 2 nodes_visited 293
[23:07:42.643] START to_move 1
[23:07:42.671] STOP to_move 1 nodes_visited 463
[23:07:42.671] START to_move 2
[23:07:42.688] STOP to_move 2 nodes_visited 293
[23:07:42.688] START to_move 1
[23:07:42.715] STOP to_move 1 nodes_visited 451
[23:07:42.715] START to_move 2
[23:07:42.732] STOP to_move 2 nodes_visited 293
[23:07:42.732] START to_move 1
[23:07:42.760] STOP to_move 1 nodes_visited 443
[23:07:42.761] START to_move 2
[23:07:42.774] STOP to_move 2 nodes_visited 237
[23:07:42.774] START to_move 1
[23:07:42.809] STOP to_move 1 nodes_visited 570
[23:07:42.809] START to_move 2
[23:07:42.824] STOP to_move 2 nodes_visited 265
[23:07:42.825] START to_move 1
[23:07:42.853] STOP to_move 1 nodes_visited 471
[23:07:42.853] START to_move 2
[23:07:42.868] STOP to_move 2 nodes_visited 252
[23:07:42.868] START to_move 1
[23:07:42.915] STOP to_move 1 nodes_visited 769
[23:07:42.915] START to_move 2
[23:07:42.929] STOP to_move 2 nodes_visited 235
[23:07:42.929] START to_move 1
[23:07:42.956] STOP to_move 1 nodes_visited 452
[23:07:42.956] START to_move 2
[23:07:42.970] STOP to_move 2 nodes_visited 239
[23:07:42.970] START to_move 1
[23:07:42.996] STOP to_move 1 nodes_visited 429
[23:07:42.997] START to_move 2
[23:07:43.012] STOP to_move 2 nodes_visited 265
[23:07:43.013] START to_move 1
[23:07:43.031] STOP to_move 1 nodes_visited 314
[23:07:43.031] START to_move 2
[23:07:43.051] STOP to_move 2 nodes_visited 323
[23:07:43.052] START to_move 1
[23:07:43.069] STOP to_move 1 nodes_visited 283
[23:07:43.069] START to_move 2
[23:07:43.090] STOP to_move 2 nodes_visited 379
[23:07:43.091] START to_move 1
[23:07:43.128] STOP to_move 1 nodes_visited 600
[23:07:43.128] START to_move 2
[23:07:43.152] STOP to_move 2 nodes_visited 402
[23:07:43.152] START to_move 1
[23:07:43.183] STOP to_move 1 nodes_visited 491
[23:07:43.183] START to_move 2
[23:07:43.204] STOP to_move 2 nodes_visited 364
[23:07:43.204] START to_move 1
[23:07:43.219] STOP to_move 1 nodes_visited 247
[23:07:43.220] START to_move 2
[23:07:43.235] STOP to_move 2 nodes_visited 272
[23:07:43.235] START to_move 1
[23:07:43.247] STOP to_move 1 nodes_visited 190
[23:07:43.247] START to_move 2
[23:07:43.255] STOP to_move 2 nodes_visited 156
[23:07:43.256] START to_move 1
[23:07:43.272] STOP to_move 1 nodes_visited 262
[23:07:43.272] START to_move 2
[23:07:43.292] STOP to_move 2 nodes_visited 342
[23:07:43.292] START to_move 1
[23:07:43.313] STOP to_move 1 nodes_visited 339
[23:07:43.313] START to_move 2
[23:07:43.331] STOP to_move 2 nodes_visited 308
[23:07:43.331] START to_move 1
[23:07:43.340] STOP to_move 1 nodes_visited 158
[23:07:43.340] START to_move 2
[23:07:43.359] STOP to_move 2 nodes_visited 294
[23:07:43.359] START to_move 1
[23:07:43.372] STOP to_move 1 nodes_visited 216
[23:07:43.372] START to_move 2
[23:07:43.383] STOP to_move 2 nodes_visited 195
[23:07:43.383] START to_move 1
[23:07:43.397] STOP to_move 1 nodes_visited 223
[23:07:43.397] START to_move 2
[23:07:43.407] STOP to_move 2 nodes_visited 189
[23:07:43.408] START to_move 1
[23:07:43.421] STOP to_move 1 nodes_visited 227
[23:07:43.421] START to_move 2
[23:07:43.430] STOP to_move 2 nodes_visited 154
[23:07:43.430] START to_move 1
[23:07:43.439] STOP to_move 1 nodes_visited 152
[23:07:43.439] START to_move 2
[23:07:43.448] STOP to_move 2 nodes_visited 161
[23:07:43.449] START to_move 1
[23:07:43.460] STOP to_move 1 nodes_visited 188
[23:07:43.460] START to_move 2
[23:07:43.483] STOP to_move 2 nodes_visited 400
[23:07:43.484] START to_move 1
[23:07:43.497] STOP to_move 1 nodes_visited 218
[23:07:43.497] START to_move 2
[23:07:43.509] STOP to_move 2 nodes_visited 210
[23:07:43.509] START to_move 1
[23:07:43.527] STOP to_move 1 nodes_visited 303
[23:07:43.527] START to_move 2
[23:07:43.539] STOP to_move 2 nodes_visited 213
[23:07:43.539] START to_move 1
[23:07:43.561] STOP to_move 1 nodes_visited 357
[23:07:43.561] START to_move 2
[23:07:43.573] STOP to_move 2 nodes_visited 206
[23:07:43.573] START to_move 1
[23:07:43.594] STOP to_move 1 nodes_visited 333
[23:07:43.594] START to_move 2
[23:07:43.601] STOP to_move 2 nodes_visited 134
[23:07:43.601] START to_move 1
[23:07:43.610] STOP to_move 1 nodes_visited 134
[23:07:43.610] START to_move 2
[23:07:43.644] STOP to_move 2 nodes_visited 565
[23:07:43.645] START to_move 1
[23:07:43.664] STOP to_move 1 nodes_visited 319
[23:07:43.664] START to_move 2
[23:07:43.672] STOP to_move 2 nodes_visited 131
[23:07:43.672] START to_move 1
[23:07:43.697] STOP to_move 1 nodes_visited 420
[23:07:43.698] START to_move 2
[23:07:43.710] STOP to_move 2 nodes_visited 210
[23:07:43.710] START to_move 1
[23:07:43.725] STOP to_move 1 nodes_visited 227
[23:07:43.725] START to_move 2
[23:07:43.732] STOP to_move 2 nodes_visited 114
[23:07:43.732] START to_move 1
[23:07:43.736] STOP to_move 1 nodes_visited 71
[23:07:43.736] START to_move 2
[23:07:43.755] STOP to_move 2 nodes_visited 330
[23:07:43.755] START to_move 1
[23:07:43.765] STOP to_move 1 nodes_visited 156
[23:07:43.765] START to_move 2
[23:07:43.773] STOP to_move 2 nodes_visited 127
[23:07:43.773] START to_move 1
[23:07:43.780] STOP to_move 1 nodes_visited 115
[23:07:43.780] START to_move 2
[23:07:43.787] STOP to_move 2 nodes_visited 118
[23:07:43.787] START to_move 1
[23:07:43.795] STOP to_move 1 nodes_visited 126
[23:07:43.795] START to_move 2
[23:07:43.801] STOP to_move 2 nodes_visited 111
[23:07:43.802] START to_move 1
[23:07:43.811] STOP to_move 1 nodes_visited 149
[23:07:43.811] START to_move 2
[23:07:43.819] STOP to_move 2 nodes_visited 129
[23:07:43.819] START to_move 1
[23:07:43.834] STOP to_move 1 nodes_visited 226
[23:07:43.834] START to_move 2
[23:07:43.852] STOP to_move 2 nodes_visited 306
[23:07:43.852] START to_move 1
[23:07:43.877] STOP to_move 1 nodes_visited 398
[23:07:43.877] START to_move 2
[23:07:43.887] STOP to_move 2 nodes_visited 162
[23:07:43.887] START to_move 1
[23:07:43.904] STOP to_move 1 nodes_visited 273
[23:07:43.904] START to_move 2
[23:07:43.911] STOP to_move 2 nodes_visited 111
[23:07:43.912] START to_move 1
[23:07:43.922] STOP to_move 1 nodes_visited 167
[23:07:43.922] START to_move 2
[23:07:43.929] STOP to_move 2 nodes_visited 112
[23:07:43.929] START to_move 1
[23:07:43.940] STOP to_move 1 nodes_visited 167
[23:07:43.940] START to_move 2
[23:07:43.953] STOP to_move 2 nodes_visited 235
[23:07:43.954] START to_move 1
[23:07:43.968] STOP to_move 1 nodes_visited 217
[23:07:43.968] START to_move 2
[23:07:43.986] STOP to_move 2 nodes_visited 303
[23:07:43.986] START to_move 1
[23:07:43.998] STOP to_move 1 nodes_visited 190
[23:07:43.998] END winner 1 - rounds 229
