[21:36:38.264] 1 - distance_function euclides - pruning True
[21:36:38.264] 2 - distance_function chebyshev - pruning True
[21:36:38.265] START to_move 1
[21:36:38.329] STOP to_move 1 nodes_visited 1041
[21:36:38.330] START to_move 2
[21:36:38.479] STOP to_move 2 nodes_visited 2270
[21:36:38.481] START to_move 1
[21:36:38.550] STOP to_move 1 nodes_visited 1102
[21:36:38.550] START to_move 2
[21:36:38.685] STOP to_move 2 nodes_visited 2178
[21:36:38.686] START to_move 1
[21:36:38.736] STOP to_move 1 nodes_visited 830
[21:36:38.737] START to_move 2
[21:36:38.822] STOP to_move 2 nodes_visited 1360
[21:36:38.823] START to_move 1
[21:36:38.882] STOP to_move 1 nodes_visited 964
[21:36:38.883] START to_move 2
[21:36:38.978] STOP to_move 2 nodes_visited 1500
[21:36:38.979] START to_move 1
[21:36:39.035] STOP to_move 1 nodes_visited 882
[21:36:39.035] START to_move 2
[21:36:39.167] STOP to_move 2 nodes_visited 2099
[21:36:39.168] START to_move 1
[21:36:39.234] STOP to_move 1 nodes_visited 1083
[21:36:39.235] START to_move 2
[21:36:39.384] STOP to_move 2 nodes_visited 2344
[21:36:39.385] START to_move 1
[21:36:39.442] STOP to_move 1 nodes_visited 937
[21:36:39.442] START to_move 2
[21:36:39.544] STOP to_move 2 nodes_visited 1617
[21:36:39.545] START to_move 1
[21:36:39.596] STOP to_move 1 nodes_visited 788
[21:36:39.597] START to_move 2
[21:36:39.710] STOP to_move 2 nodes_visited 1817
[21:36:39.711] START to_move 1
[21:36:39.788] STOP to_move 1 nodes_visited 1223
[21:36:39.789] START to_move 2
[21:36:39.908] STOP to_move 2 nodes_visited 1880
[21:36:39.909] START to_move 1
[21:36:39.990] STOP to_move 1 nodes_visited 1266
[21:36:39.991] START to_move 2
[21:36:40.105] STOP to_move 2 nodes_visited 1853
[21:36:40.106] START to_move 1
[21:36:40.237] STOP to_move 1 nodes_visited 2131
[21:36:40.238] START to_move 2
[21:36:40.454] STOP to_move 2 nodes_visited 3404
[21:36:40.456] START to_move 1
[21:36:40.577] STOP to_move 1 nodes_visited 1980
[21:36:40.578] START to_move 2
[21:36:40.661] STOP to_move 2 nodes_visited 1308
[21:36:40.662] START to_move 1
[21:36:40.822] STOP to_move 1 nodes_visited 2633
[21:36:40.823] START to_move 2
[21:36:40.849] STOP to_move 2 nodes_visited 426
[21:36:40.849] START to_move 1
[21:36:40.983] STOP to_move 1 nodes_visited 2168
[21:36:40.984] START to_move 2
[21:36:41.009] STOP to_move 2 nodes_visited 423
[21:36:41.009] START to_move 1
[21:36:41.102] STOP to_move 1 nodes_visited 1560
[21:36:41.103] START to_move 2
[21:36:41.129] STOP to_move 2 nodes_visited 433
[21:36:41.129] START to_move 1
[21:36:41.227] STOP to_move 1 nodes_visited 1525
[21:36:41.228] START to_move 2
[21:36:41.253] STOP to_move 2 nodes_visited 427
[21:36:41.254] START to_move 1
[21:36:41.348] STOP to_move 1 nodes_visited 1575
[21:36:41.349] START to_move 2
[21:36:41.374] STOP to_move 2 nodes_visited 424
[21:36:41.375] START to_move 1
[21:36:41.462] STOP to_move 1 nodes_visited 1465
[21:36:41.462] START to_move 2
[21:36:41.489] STOP to_move 2 nodes_visited 427
[21:36:41.489] START to_move 1
[21:36:41.567] STOP to_move 1 nodes_visited 1300
[21:36:41.568] START to_move 2
[21:36:41.594] STOP to_move 2 nodes_visited 429
[21:36:41.594] START to_move 1
[21:36:41.720] STOP to_move 1 nodes_visited 2017
[21:36:41.722] START to_move 2
[21:36:41.749] STOP to_move 2 nodes_visited 431
[21:36:41.749] START to_move 1
[21:36:41.779] STOP to_move 1 nodes_visited 501
[21:36:41.779] START to_move 2
[21:36:41.806] STOP to_move 2 nodes_visited 441
[21:36:41.807] START to_move 1
[21:36:41.836] STOP to_move 1 nodes_visited 502
[21:36:41.836] START to_move 2
[21:36:41.864] STOP to_move 2 nodes_visited 465
[21:36:41.864] START to_move 1
[21:36:41.892] STOP to_move 1 nodes_visited 468
[21:36:41.892] START to_move 2
[21:36:41.926] STOP to_move 2 nodes_visited 554
[21:36:41.926] START to_move 1
[21:36:41.961] STOP to_move 1 nodes_visited 601
[21:36:41.962] START to_move 2
[21:36:41.989] STOP to_move 2 nodes_visited 465
[21:36:41.990] START to_move 1
[21:36:42.093] STOP to_move 1 nodes_visited 1699
[21:36:42.094] START to_move 2
[21:36:42.141] STOP to_move 2 nodes_visited 776
[21:36:42.142] START to_move 1
[21:36:42.203] STOP to_move 1 nodes_visited 1023
[21:36:42.204] START to_move 2
[21:36:42.224] STOP to_move 2 nodes_visited 346
[21:36:42.225] START to_move 1
[21:36:42.279] STOP to_move 1 nodes_visited 915
[21:36:42.280] START to_move 2
[21:36:42.311] STOP to_move 2 nodes_visited 499
[21:36:42.311] START to_move 1
[21:36:42.381] STOP to_move 1 nodes_visited 1153
[21:36:42.382] START to_move 2
[21:36:42.495] STOP to_move 2 nodes_visited 1824
[21:36:42.496] START to_move 1
[21:36:42.585] STOP to_move 1 nodes_visited 1424
[21:36:42.585] START to_move 2
[21:36:42.704] STOP to_move 2 nodes_visited 1903
[21:36:42.705] START to_move 1
[21:36:42.774] STOP to_move 1 nodes_visited 1163
[21:36:42.775] START to_move 2
[21:36:42.854] STOP to_move 2 nodes_visited 1250
[21:36:42.855] START to_move 1
[21:36:42.911] STOP to_move 1 nodes_visited 951
[21:36:42.912] START to_move 2
[21:36:42.986] STOP to_move 2 nodes_visited 1197
[21:36:42.986] START to_move 1
[21:36:43.042] STOP to_move 1 nodes_visited 936
[21:36:43.043] START to_move 2
[21:36:43.125] STOP to_move 2 nodes_visited 1293
[21:36:43.126] START to_move 1
[21:36:43.182] STOP to_move 1 nodes_visited 943
[21:36:43.182] START to_move 2
[21:36:43.260] STOP to_move 2 nodes_visited 1265
[21:36:43.261] START to_move 1
[21:36:43.443] STOP to_move 1 nodes_visited 2952
[21:36:43.444] START to_move 2
[21:36:43.498] STOP to_move 2 nodes_visited 879
[21:36:43.498] START to_move 1
[21:36:43.606] STOP to_move 1 nodes_visited 1791
[21:36:43.607] START to_move 2
[21:36:43.686] STOP to_move 2 nodes_visited 1239
[21:36:43.686] START to_move 1
[21:36:43.739] STOP to_move 1 nodes_visited 896
[21:36:43.740] START to_move 2
[21:36:43.811] STOP to_move 2 nodes_visited 1162
[21:36:43.812] START to_move 1
[21:36:43.862] STOP to_move 1 nodes_visited 842
[21:36:43.863] START to_move 2
[21:36:43.916] STOP to_move 2 nodes_visited 856
[21:36:43.916] START to_move 1
[21:36:43.949] STOP to_move 1 nodes_visited 537
[21:36:43.949] START to_move 2
[21:36:44.012] STOP to_move 2 nodes_visited 1020
[21:36:44.013] START to_move 1
[21:36:44.039] STOP to_move 1 nodes_visited 448
[21:36:44.039] START to_move 2
[21:36:44.092] STOP to_move 2 nodes_visited 862
[21:36:44.092] START to_move 1
[21:36:44.121] STOP to_move 1 nodes_visited 498
[21:36:44.122] START to_move 2
[21:36:44.174] STOP to_move 2 nodes_visited 854
[21:36:44.174] START to_move 1
[21:36:44.199] STOP to_move 1 nodes_visited 429
[21:36:44.199] START to_move 2
[21:36:44.249] STOP to_move 2 nodes_visited 794
[21:36:44.250] START to_move 1
[21:36:44.278] STOP to_move 1 nodes_visited 480
[21:36:44.278] START to_move 2
[21:36:44.327] STOP to_move 2 nodes_visited 804
[21:36:44.328] START to_move 1
[21:36:44.358] STOP to_move 1 nodes_visited 521
[21:36:44.359] START to_move 2
[21:36:44.405] STOP to_move 2 nodes_visited 756
[21:36:44.405] START to_move 1
[21:36:44.564] STOP to_move 1 nodes_visited 2586
[21:36:44.565] START to_move 2
[21:36:44.617] STOP to_move 2 nodes_visited 838
[21:36:44.617] START to_move 1
[21:36:44.777] STOP to_move 1 nodes_visited 2589
[21:36:44.778] START to_move 2
[21:36:44.803] STOP to_move 2 nodes_visited 414
[21:36:44.803] START to_move 1
[21:36:44.851] STOP to_move 1 nodes_visited 796
[21:36:44.851] START to_move 2
[21:36:44.913] STOP to_move 2 nodes_visited 1001
[21:36:44.913] START to_move 1
[21:36:44.959] STOP to_move 1 nodes_visited 761
[21:36:44.960] START to_move 2
[21:36:44.984] STOP to_move 2 nodes_visited 414
[21:36:44.985] START to_move 1
[21:36:45.033] STOP to_move 1 nodes_visited 801
[21:36:45.034] START to_move 2
[21:36:45.059] STOP to_move 2 nodes_visited 403
[21:36:45.059] START to_move 1
[21:36:45.217] STOP to_move 1 nodes_visited 2601
[21:36:45.219] START to_move 2
[21:36:45.243] STOP to_move 2 nodes_visited 403
[21:36:45.243] START to_move 1
[21:36:45.398] STOP to_move 1 nodes_visited 2525
[21:36:45.400] START to_move 2
[21:36:45.424] STOP to_move 2 nodes_visited 395
[21:36:45.424] START to_move 1
[21:36:45.574] STOP to_move 1 nodes_visited 2404
[21:36:45.575] START to_move 2
[21:36:45.616] STOP to_move 2 nodes_visited 661
[21:36:45.616] START to_move 1
[21:36:45.730] STOP to_move 1 nodes_visited 1869
[21:36:45.731] START to_move 2
[21:36:45.765] STOP to_move 2 nodes_visited 566
[21:36:45.766] START to_move 1
[21:36:45.898] STOP to_move 1 nodes_visited 2163
[21:36:45.899] START to_move 2
[21:36:45.927] STOP to_move 2 nodes_visited 459
[21:36:45.927] START to_move 1
[21:36:46.057] STOP to_move 1 nodes_visited 2162
[21:36:46.059] START to_move 2
[21:36:46.080] STOP to_move 2 nodes_visited 358
[21:36:46.080] START to_move 1
[21:36:46.203] STOP to_move 1 nodes_visited 2001
[21:36:46.204] START to_move 2
[21:36:46.226] STOP to_move 2 nodes_visited 360
[21:36:46.226] START to_move 1
[21:36:46.355] STOP to_move 1 nodes_visited 2089
[21:36:46.356] START to_move 2
[21:36:46.417] STOP to_move 2 nodes_visited 956
[21:36:46.417] START to_move 1
[21:36:46.491] STOP to_move 1 nodes_visited 1187
[21:36:46.491] START to_move 2
[21:36:46.512] STOP to_move 2 nodes_visited 354
[21:36:46.512] START to_move 1
[21:36:46.539] STOP to_move 1 nodes_visited 448
[21:36:46.539] START to_move 2
[21:36:46.562] STOP to_move 2 nodes_visited 385
[21:36:46.562] START to_move 1
[21:36:46.589] STOP to_move 1 nodes_visited 452
[21:36:46.589] START to_move 2
[21:36:46.612] STOP to_move 2 nodes_visited 387
[21:36:46.612] START to_move 1
[21:36:46.713] STOP to_move 1 nodes_visited 1636
[21:36:46.714] START to_move 2
[21:36:46.735] STOP to_move 2 nodes_visited 358
[21:36:46.735] START to_move 1
[21:36:46.838] STOP to_move 1 nodes_visited 1694
[21:36:46.839] START to_move 2
[21:36:46.860] STOP to_move 2 nodes_visited 352
[21:36:46.860] START to_move 1
[21:36:46.964] STOP to_move 1 nodes_visited 1673
[21:36:46.965] START to_move 2
[21:36:46.982] STOP to_move 2 nodes_visited 277
[21:36:46.982] START to_move 1
[21:36:47.075] STOP to_move 1 nodes_visited 1524
[21:36:47.075] START to_move 2
[21:36:47.091] STOP to_move 2 nodes_visited 264
[21:36:47.091] START to_move 1
[21:36:47.174] STOP to_move 1 nodes_visited 1370
[21:36:47.175] START to_move 2
[21:36:47.196] STOP to_move 2 nodes_visited 341
[21:36:47.197] START to_move 1
[21:36:47.281] STOP to_move 1 nodes_visited 1390
[21:36:47.281] START to_move 2
[21:36:47.301] STOP to_move 2 nodes_visited 335
[21:36:47.302] START to_move 1
[21:36:47.387] STOP to_move 1 nodes_visited 1405
[21:36:47.388] START to_move 2
[21:36:47.408] STOP to_move 2 nodes_visited 339
[21:36:47.408] START to_move 1
[21:36:47.498] STOP to_move 1 nodes_visited 1455
[21:36:47.499] START to_move 2
[21:36:47.519] STOP to_move 2 nodes_visited 339
[21:36:47.519] START to_move 1
[21:36:47.614] STOP to_move 1 nodes_visited 1560
[21:36:47.615] START to_move 2
[21:36:47.635] STOP to_move 2 nodes_visited 339
[21:36:47.635] START to_move 1
[21:36:47.717] STOP to_move 1 nodes_visited 1354
[21:36:47.717] START to_move 2
[21:36:47.737] STOP to_move 2 nodes_visited 337
[21:36:47.738] START to_move 1
[21:36:47.824] STOP to_move 1 nodes_visited 1390
[21:36:47.824] START to_move 2
[21:36:47.844] STOP to_move 2 nodes_visited 335
[21:36:47.844] START to_move 1
[21:36:47.935] STOP to_move 1 nodes_visited 1499
[21:36:47.936] START to_move 2
[21:36:48.012] STOP to_move 2 nodes_visited 1179
[21:36:48.012] START to_move 1
[21:36:48.080] STOP to_move 1 nodes_visited 1112
[21:36:48.081] START to_move 2
[21:36:48.121] STOP to_move 2 nodes_visited 659
[21:36:48.121] START to_move 1
[21:36:48.143] STOP to_move 1 nodes_visited 356
[21:36:48.143] START to_move 2
[21:36:48.169] STOP to_move 2 nodes_visited 421
[21:36:48.169] START to_move 1
[21:36:48.189] STOP to_move 1 nodes_visited 343
[21:36:48.189] START to_move 2
[21:36:48.213] STOP to_move 2 nodes_visited 401
[21:36:48.214] START to_move 1
[21:36:48.234] STOP to_move 1 nodes_visited 345
[21:36:48.234] START to_move 2
[21:36:48.255] STOP to_move 2 nodes_visited 346
[21:36:48.255] START to_move 1
[21:36:48.296] STOP to_move 1 nodes_visited 677
[21:36:48.296] START to_move 2
[21:36:48.310] STOP to_move 2 nodes_visited 220
[21:36:48.311] START to_move 1
[21:36:48.327] STOP to_move 1 nodes_visited 282
[21:36:48.327] START to_move 2
[21:36:48.337] STOP to_move 2 nodes_visited 169
[21:36:48.337] START to_move 1
[21:36:48.353] STOP to_move 1 nodes_visited 254
[21:36:48.353] START to_move 2
[21:36:48.362] STOP to_move 2 nodes_visited 168
[21:36:48.362] START to_move 1
[21:36:48.378] STOP to_move 1 nodes_visited 254
[21:36:48.378] START to_move 2
[21:36:48.398] STOP to_move 2 nodes_visited 330
[21:36:48.398] START to_move 1
[21:36:48.413] STOP to_move 1 nodes_visited 252
[21:36:48.413] START to_move 2
[21:36:48.422] STOP to_move 2 nodes_visited 150
[21:36:48.422] START to_move 1
[21:36:48.431] STOP to_move 1 nodes_visited 158
[21:36:48.431] START to_move 2
[21:36:48.440] STOP to_move 2 nodes_visited 149
[21:36:48.440] START to_move 1
[21:36:48.455] STOP to_move 1 nodes_visited 262
[21:36:48.456] START to_move 2
[21:36:48.466] STOP to_move 2 nodes_visited 178
[21:36:48.466] START to_move 1
[21:36:48.477] STOP to_move 1 nodes_visited 184
[21:36:48.477] START to_move 2
[21:36:48.486] STOP to_move 2 nodes_visited 171
[21:36:48.486] START to_move 1
[21:36:48.497] STOP to_move 1 nodes_visited 187
[21:36:48.498] START to_move 2
[21:36:48.505] STOP to_move 2 nodes_visited 133
[21:36:48.505] START to_move 1
[21:36:48.511] STOP to_move 1 nodes_visited 106
[21:36:48.511] START to_move 2
[21:36:48.520] STOP to_move 2 nodes_visited 153
[21:36:48.520] START to_move 1
[21:36:48.552] STOP to_move 1 nodes_visited 531
[21:36:48.552] START to_move 2
[21:36:48.561] STOP to_move 2 nodes_visited 153
[21:36:48.561] START to_move 1
[21:36:48.592] STOP to_move 1 nodes_visited 531
[21:36:48.593] START to_move 2
[21:36:48.601] STOP to_move 2 nodes_visited 153
[21:36:48.602] START to_move 1
[21:36:48.634] STOP to_move 1 nodes_visited 531
[21:36:48.634] START to_move 2
[21:36:48.643] STOP to_move 2 nodes_visited 153
[21:36:48.643] START to_move 1
[21:36:48.674] STOP to_move 1 nodes_visited 519
[21:36:48.674] START to_move 2
[21:36:48.684] STOP to_move 2 nodes_visited 171
[21:36:48.684] START to_move 1
[21:36:48.715] STOP to_move 1 nodes_visited 519
[21:36:48.715] START to_move 2
[21:36:48.723] STOP to_move 2 nodes_visited 140
[21:36:48.723] START to_move 1
[21:36:48.733] STOP to_move 1 nodes_visited 173
[21:36:48.733] START to_move 2
[21:36:48.742] STOP to_move 2 nodes_visited 158
[21:36:48.742] START to_move 1
[21:36:48.752] STOP to_move 1 nodes_visited 167
[21:36:48.752] START to_move 2
[21:36:48.761] STOP to_move 2 nodes_visited 152
[21:36:48.761] START to_move 1
[21:36:48.774] STOP to_move 1 nodes_visited 213
[21:36:48.774] START to_move 2
[21:36:48.783] STOP to_move 2 nodes_visited 149
[21:36:48.783] START to_move 1
[21:36:48.795] STOP to_move 1 nodes_visited 211
[21:36:48.795] START to_move 2
[21:36:48.804] STOP to_move 2 nodes_visited 148
[21:36:48.804] START to_move 1
[21:36:48.817] STOP to_move 1 nodes_visited 211
[21:36:48.817] START to_move 2
[21:36:48.825] STOP to_move 2 nodes_visited 152
[21:36:48.826] START to_move 1
[21:36:48.838] STOP to_move 1 nodes_visited 211
[21:36:48.838] START to_move 2
[21:36:48.847] STOP to_move 2 nodes_visited 155
[21:36:48.847] START to_move 1
[21:36:48.859] STOP to_move 1 nodes_visited 198
[21:36:48.859] START to_move 2
[21:36:48.868] STOP to_move 2 nodes_visited 151
[21:36:48.868] START to_move 1
[21:36:48.880] STOP to_move 1 nodes_visited 200
[21:36:48.880] START to_move 2
[21:36:48.889] STOP to_move 2 nodes_visited 153
[21:36:48.889] START to_move 1
[21:36:48.901] STOP to_move 1 nodes_visited 200
[21:36:48.901] START to_move 2
[21:36:48.911] STOP to_move 2 nodes_visited 153
[21:36:48.912] START to_move 1
[21:36:48.924] STOP to_move 1 nodes_visited 200
[21:36:48.924] START to_move 2
[21:36:48.932] STOP to_move 2 nodes_visited 151
[21:36:48.933] START to_move 1
[21:36:48.946] STOP to_move 1 nodes_visited 223
[21:36:48.946] START to_move 2
[21:36:48.955] STOP to_move 2 nodes_visited 151
[21:36:48.955] START to_move 1
[21:36:48.968] STOP to_move 1 nodes_visited 223
[21:36:48.968] START to_move 2
[21:36:48.977] STOP to_move 2 nodes_visited 151
[21:36:48.977] START to_move 1
[21:36:48.991] STOP to_move 1 nodes_visited 223
[21:36:48.991] START to_move 2
[21:36:49.000] STOP to_move 2 nodes_visited 151
[21:36:49.000] START to_move 1
[21:36:49.013] STOP to_move 1 nodes_visited 223
[21:36:49.013] START to_move 2
[21:36:49.021] STOP to_move 2 nodes_visited 132
[21:36:49.021] START to_move 1
[21:36:49.027] STOP to_move 1 nodes_visited 98
[21:36:49.027] START to_move 2
[21:36:49.035] STOP to_move 2 nodes_visited 149
[21:36:49.036] START to_move 1
[21:36:49.045] STOP to_move 1 nodes_visited 162
[21:36:49.045] START to_move 2
[21:36:49.053] STOP to_move 2 nodes_visited 134
[21:36:49.053] START to_move 1
[21:36:49.062] STOP to_move 1 nodes_visited 153
[21:36:49.062] START to_move 2
[21:36:49.070] STOP to_move 2 nodes_visited 137
[21:36:49.070] START to_move 1
[21:36:49.077] STOP to_move 1 nodes_visited 108
[21:36:49.077] START to_move 2
[21:36:49.085] STOP to_move 2 nodes_visited 136
[21:36:49.085] START to_move 1
[21:36:49.097] STOP to_move 1 nodes_visited 206
[21:36:49.098] START to_move 2
[21:36:49.121] STOP to_move 2 nodes_visited 379
[21:36:49.121] START to_move 1
[21:36:49.136] STOP to_move 1 nodes_visited 239
[21:36:49.136] START to_move 2
[21:36:49.144] STOP to_move 2 nodes_visited 128
[21:36:49.144] START to_move 1
[21:36:49.153] STOP to_move 1 nodes_visited 163
[21:36:49.153] START to_move 2
[21:36:49.161] STOP to_move 2 nodes_visited 130
[21:36:49.161] START to_move 1
[21:36:49.171] STOP to_move 1 nodes_visited 153
[21:36:49.171] START to_move 2
[21:36:49.178] STOP to_move 2 nodes_visited 128
[21:36:49.179] START to_move 1
[21:36:49.188] STOP to_move 1 nodes_visited 153
[21:36:49.188] START to_move 2
[21:36:49.208] STOP to_move 2 nodes_visited 341
[21:36:49.209] START to_move 1
[21:36:49.221] STOP to_move 1 nodes_visited 211
[21:36:49.221] START to_move 2
[21:36:49.232] STOP to_move 2 nodes_visited 157
[21:36:49.232] START to_move 1
[21:36:49.240] STOP to_move 1 nodes_visited 133
[21:36:49.240] START to_move 2
[21:36:49.247] STOP to_move 2 nodes_visited 112
[21:36:49.247] START to_move 1
[21:36:49.250] STOP to_move 1 nodes_visited 59
[21:36:49.250] START to_move 2
[21:36:49.258] STOP to_move 2 nodes_visited 121
[21:36:49.258] START to_move 1
[21:36:49.265] STOP to_move 1 nodes_visited 120
[21:36:49.265] START to_move 2
[21:36:49.272] STOP to_move 2 nodes_visited 114
[21:36:49.272] START to_move 1
[21:36:49.275] STOP to_move 1 nodes_visited 60
[21:36:49.275] START to_move 2
[21:36:49.282] STOP to_move 2 nodes_visited 121
[21:36:49.283] START to_move 1
[21:36:49.290] STOP to_move 1 nodes_visited 126
[21:36:49.290] START to_move 2
[21:36:49.296] STOP to_move 2 nodes_visited 106
[21:36:49.296] START to_move 1
[21:36:49.300] STOP to_move 1 nodes_visited 57
[21:36:49.300] START to_move 2
[21:36:49.307] STOP to_move 2 nodes_visited 115
[21:36:49.307] START to_move 1
[21:36:49.314] STOP to_move 1 nodes_visited 114
[21:36:49.314] START to_move 2
[21:36:49.320] STOP to_move 2 nodes_visited 94
[21:36:49.320] START to_move 1
[21:36:49.323] STOP to_move 1 nodes_visited 50
[21:36:49.323] START to_move 2
[21:36:49.329] STOP to_move 2 nodes_visited 101
[21:36:49.329] START to_move 1
[21:36:49.335] STOP to_move 1 nodes_visited 102
[21:36:49.335] START to_move 2
[21:36:49.340] STOP to_move 2 nodes_visited 94
[21:36:49.341] START to_move 1
[21:36:49.343] STOP to_move 1 nodes_visited 49
[21:36:49.343] START to_move 2
[21:36:49.349] STOP to_move 2 nodes_visited 99
[21:36:49.350] START to_move 1
[21:36:49.356] STOP to_move 1 nodes_visited 100
[21:36:49.356] START to_move 2
[21:36:49.361] STOP to_move 2 nodes_visited 90
[21:36:49.361] START to_move 1
[21:36:49.364] STOP to_move 1 nodes_visited 49
[21:36:49.364] START to_move 2
[21:36:49.370] STOP to_move 2 nodes_visited 99
[21:36:49.370] START to_move 1
[21:36:49.376] STOP to_move 1 nodes_visited 96
[21:36:49.376] START to_move 2
[21:36:49.381] STOP to_move 2 nodes_visited 88
[21:36:49.381] START to_move 1
[21:36:49.384] STOP to_move 1 nodes_visited 47
[21:36:49.384] START to_move 2
[21:36:49.390] STOP to_move 2 nodes_visited 95
[21:36:49.390] START to_move 1
[21:36:49.395] STOP to_move 1 nodes_visited 96
[21:36:49.396] START to_move 2
[21:36:49.401] STOP to_move 2 nodes_visited 92
[21:36:49.401] START to_move 1
[21:36:49.404] STOP to_move 1 nodes_visited 46
[21:36:49.404] START to_move 2
[21:36:49.410] STOP to_move 2 nodes_visited 99
[21:36:49.410] START to_move 1
[21:36:49.415] STOP to_move 1 nodes_visited 88
[21:36:49.415] START to_move 2
[21:36:49.420] STOP to_move 2 nodes_visited 82
[21:36:49.420] START to_move 1
[21:36:49.423] STOP to_move 1 nodes_visited 43
[21:36:49.423] START to_move 2
[21:36:49.428] STOP to_move 2 nodes_visited 85
[21:36:49.428] START to_move 1
[21:36:49.433] STOP to_move 1 nodes_visited 94
[21:36:49.433] START to_move 2
[21:36:49.438] STOP to_move 2 nodes_visited 76
[21:36:49.438] START to_move 1
[21:36:49.441] STOP to_move 1 nodes_visited 44
[21:36:49.441] START to_move 2
[21:36:49.446] STOP to_move 2 nodes_visited 89
[21:36:49.446] START to_move 1
[21:36:49.452] STOP to_move 1 nodes_visited 95
[21:36:49.452] START to_move 2
[21:36:49.457] STOP to_move 2 nodes_visited 78
[21:36:49.457] START to_move 1
[21:36:49.460] STOP to_move 1 nodes_visited 46
[21:36:49.460] START to_move 2
[21:36:49.465] STOP to_move 2 nodes_visited 85
[21:36:49.465] START to_move 1
[21:36:49.471] STOP to_move 1 nodes_visited 90
[21:36:49.471] START to_move 2
[21:36:49.475] STOP to_move 2 nodes_visited 76
[21:36:49.475] START to_move 1
[21:36:49.478] STOP to_move 1 nodes_visited 41
[21:36:49.478] START to_move 2
[21:36:49.483] STOP to_move 2 nodes_visited 79
[21:36:49.483] START to_move 1
[21:36:49.488] STOP to_move 1 nodes_visited 94
[21:36:49.489] START to_move 2
[21:36:49.493] STOP to_move 2 nodes_visited 67
[21:36:49.493] START to_move 1
[21:36:49.496] STOP to_move 1 nodes_visited 46
[21:36:49.496] START to_move 2
[21:36:49.501] STOP to_move 2 nodes_visited 81
[21:36:49.501] START to_move 1
[21:36:49.507] STOP to_move 1 nodes_visited 98
[21:36:49.507] START to_move 2
[21:36:49.511] STOP to_move 2 nodes_visited 71
[21:36:49.511] START to_move 1
[21:36:49.514] STOP to_move 1 nodes_visited 42
[21:36:49.514] START to_move 2
[21:36:49.518] STOP to_move 2 nodes_visited 77
[21:36:49.519] START to_move 1
[21:36:49.524] STOP to_move 1 nodes_visited 94
[21:36:49.524] START to_move 2
[21:36:49.528] STOP to_move 2 nodes_visited 69
[21:36:49.529] START to_move 1
[21:36:49.531] STOP to_move 1 nodes_visited 39
[21:36:49.531] START to_move 2
[21:36:49.535] STOP to_move 2 nodes_visited 73
[21:36:49.535] START to_move 1
[21:36:49.540] STOP to_move 1 nodes_visited 84
[21:36:49.540] START to_move 2
[21:36:49.544] STOP to_move 2 nodes_visited 63
[21:36:49.544] START to_move 1
[21:36:49.546] STOP to_move 1 nodes_visited 36
[21:36:49.546] START to_move 2
[21:36:49.551] STOP to_move 2 nodes_visited 73
[21:36:49.551] START to_move 1
[21:36:49.555] STOP to_move 1 nodes_visited 73
[21:36:49.555] START to_move 2
[21:36:49.559] STOP to_move 2 nodes_visited 59
[21:36:49.559] START to_move 1
[21:36:49.561] STOP to_move 1 nodes_visited 36
[21:36:49.561] START to_move 2
[21:36:49.565] STOP to_move 2 nodes_visited 65
[21:36:49.566] START to_move 1
[21:36:49.570] STOP to_move 1 nodes_visited 73
[21:36:49.570] START to_move 2
[21:36:49.574] STOP to_move 2 nodes_visited 59
[21:36:49.574] START to_move 1
[21:36:49.576] STOP to_move 1 nodes_visited 36
[21:36:49.576] START to_move 2
[21:36:49.580] STOP to_move 2 nodes_visited 65
[21:36:49.580] START to_move 1
[21:36:49.584] STOP to_move 1 nodes_visited 71
[21:36:49.584] START to_move 2
[21:36:49.588] STOP to_move 2 nodes_visited 57
[21:36:49.588] START to_move 1
[21:36:49.590] STOP to_move 1 nodes_visited 36
[21:36:49.590] START to_move 2
[21:36:49.594] STOP to_move 2 nodes_visited 67
[21:36:49.594] START to_move 1
[21:36:49.599] STOP to_move 1 nodes_visited 59
[21:36:49.599] START to_move 2
[21:36:49.602] STOP to_move 2 nodes_visited 47
[21:36:49.602] START to_move 1
[21:36:49.604] STOP to_move 1 nodes_visited 26
[21:36:49.604] START to_move 2
[21:36:49.607] STOP to_move 2 nodes_visited 47
[21:36:49.607] START to_move 1
[21:36:49.609] STOP to_move 1 nodes_visited 43
[21:36:49.609] START to_move 2
[21:36:49.611] STOP to_move 2 nodes_visited 31
[21:36:49.611] START to_move 1
[21:36:49.613] STOP to_move 1 nodes_visited 20
[21:36:49.613] START to_move 2
[21:36:49.615] STOP to_move 2 nodes_visited 35
[21:36:49.615] START to_move 1
[21:36:49.617] STOP to_move 1 nodes_visited 35
[21:36:49.617] START to_move 2
[21:36:49.619] STOP to_move 2 nodes_visited 27
[21:36:49.619] START to_move 1
[21:36:49.620] STOP to_move 1 nodes_visited 16
[21:36:49.620] START to_move 2
[21:36:49.622] STOP to_move 2 nodes_visited 27
[21:36:49.622] START to_move 1
[21:36:49.624] STOP to_move 1 nodes_visited 35
[21:36:49.624] START to_move 2
[21:36:49.625] STOP to_move 2 nodes_visited 26
[21:36:49.625] START to_move 1
[21:36:49.627] STOP to_move 1 nodes_visited 20
[21:36:49.627] START to_move 2
[21:36:49.629] STOP to_move 2 nodes_visited 39
[21:36:49.629] START to_move 1
[21:36:49.631] STOP to_move 1 nodes_visited 37
[21:36:49.631] START to_move 2
[21:36:49.633] STOP to_move 2 nodes_visited 27
[21:36:49.633] START to_move 1
[21:36:49.634] STOP to_move 1 nodes_visited 19
[21:36:49.634] START to_move 2
[21:36:49.637] STOP to_move 2 nodes_visited 35
[21:36:49.637] START to_move 1
[21:36:49.638] STOP to_move 1 nodes_visited 31
[21:36:49.638] START to_move 2
[21:36:49.640] STOP to_move 2 nodes_visited 24
[21:36:49.640] START to_move 1
[21:36:49.641] STOP to_move 1 nodes_visited 18
[21:36:49.641] START to_move 2
[21:36:49.643] STOP to_move 2 nodes_visited 37
[21:36:49.643] START to_move 1
[21:36:49.645] STOP to_move 1 nodes_visited 35
[21:36:49.645] START to_move 2
[21:36:49.647] STOP to_move 2 nodes_visited 27
[21:36:49.647] START to_move 1
[21:36:49.648] STOP to_move 1 nodes_visited 16
[21:36:49.648] START to_move 2
[21:36:49.650] STOP to_move 2 nodes_visited 27
[21:36:49.650] START to_move 1
[21:36:49.653] STOP to_move 1 nodes_visited 47
[21:36:49.653] START to_move 2
[21:36:49.655] STOP to_move 2 nodes_visited 31
[21:36:49.655] START to_move 1
[21:36:49.656] STOP to_move 1 nodes_visited 14
[21:36:49.656] START to_move 2
[21:36:49.657] STOP to_move 2 nodes_visited 23
[21:36:49.657] START to_move 1
[21:36:49.659] STOP to_move 1 nodes_visited 35
[21:36:49.659] START to_move 2
[21:36:49.661] STOP to_move 2 nodes_visited 29
[21:36:49.661] START to_move 1
[21:36:49.662] STOP to_move 1 nodes_visited 16
[21:36:49.662] START to_move 2
[21:36:49.664] STOP to_move 2 nodes_visited 29
[21:36:49.664] START to_move 1
[21:36:49.666] STOP to_move 1 nodes_visited 25
[21:36:49.666] START to_move 2
[21:36:49.667] STOP to_move 2 nodes_visited 18
[21:36:49.667] START to_move 1
[21:36:49.668] STOP to_move 1 nodes_visited 11
[21:36:49.668] START to_move 2
[21:36:49.669] STOP to_move 2 nodes_visited 19
[21:36:49.669] START to_move 1
[21:36:49.670] STOP to_move 1 nodes_visited 27
[21:36:49.670] START to_move 2
[21:36:49.672] STOP to_move 2 nodes_visited 23
[21:36:49.672] START to_move 1
[21:36:49.672] STOP to_move 1 nodes_visited 10
[21:36:49.672] START to_move 2
[21:36:49.674] STOP to_move 2 nodes_visited 19
[21:36:49.674] START to_move 1
[21:36:49.675] STOP to_move 1 nodes_visited 25
[21:36:49.675] START to_move 2
[21:36:49.676] STOP to_move 2 nodes_visited 20
[21:36:49.676] START to_move 1
[21:36:49.677] STOP to_move 1 nodes_visited 10
[21:36:49.677] START to_move 2
[21:36:49.678] STOP to_move 2 nodes_visited 19
[21:36:49.678] START to_move 1
[21:36:49.680] STOP to_move 1 nodes_visited 25
[21:36:49.680] START to_move 2
[21:36:49.681] STOP to_move 2 nodes_visited 20
[21:36:49.681] START to_move 1
[21:36:49.682] STOP to_move 1 nodes_visited 13
[21:36:49.682] START to_move 2
[21:36:49.683] STOP to_move 2 nodes_visited 23
[21:36:49.683] START to_move 1
[21:36:49.685] STOP to_move 1 nodes_visited 34
[21:36:49.685] START to_move 2
[21:36:49.687] STOP to_move 2 nodes_visited 27
[21:36:49.687] START to_move 1
[21:36:49.688] STOP to_move 1 nodes_visited 14
[21:36:49.688] START to_move 2
[21:36:49.689] STOP to_move 2 nodes_visited 23
[21:36:49.689] START to_move 1
[21:36:49.691] STOP to_move 1 nodes_visited 33
[21:36:49.691] START to_move 2
[21:36:49.693] STOP to_move 2 nodes_visited 26
[21:36:49.693] START to_move 1
[21:36:49.694] STOP to_move 1 nodes_visited 15
[21:36:49.694] START to_move 2
[21:36:49.695] STOP to_move 2 nodes_visited 29
[21:36:49.695] START to_move 1
[21:36:49.697] STOP to_move 1 nodes_visited 27
[21:36:49.697] START to_move 2
[21:36:49.698] STOP to_move 2 nodes_visited 22
[21:36:49.698] START to_move 1
[21:36:49.699] STOP to_move 1 nodes_visited 12
[21:36:49.699] START to_move 2
[21:36:49.700] STOP to_move 2 nodes_visited 21
[21:36:49.700] START to_move 1
[21:36:49.702] STOP to_move 1 nodes_visited 28
[21:36:49.702] START to_move 2
[21:36:49.703] STOP to_move 2 nodes_visited 21
[21:36:49.703] START to_move 1
[21:36:49.704] STOP to_move 1 nodes_visited 6
[21:36:49.704] START to_move 2
[21:36:49.705] STOP to_move 2 nodes_visited 15
[21:36:49.705] START to_move 1
[21:36:49.706] STOP to_move 1 nodes_visited 15
[21:36:49.706] START to_move 2
[21:36:49.706] STOP to_move 2 nodes_visited 13
[21:36:49.707] START to_move 1
[21:36:49.707] STOP to_move 1 nodes_visited 6
[21:36:49.707] START to_move 2
[21:36:49.708] STOP to_move 2 nodes_visited 15
[21:36:49.708] START to_move 1
[21:36:49.709] STOP to_move 1 nodes_visited 15
[21:36:49.709] START to_move 2
[21:36:49.710] STOP to_move 2 nodes_visited 11
[21:36:49.733] END winner 0 - rounds 378
