[22:09:11.238] 1 - distance_function euclides - pruning True
[22:09:11.238] 2 - distance_function manhattan - pruning True
[22:09:11.238] START to_move 1
[22:09:11.351] STOP to_move 1 nodes_visited 1879
[22:09:11.352] START to_move 2
[22:09:11.474] STOP to_move 2 nodes_visited 2007
[22:09:11.475] START to_move 1
[22:09:11.585] STOP to_move 1 nodes_visited 1805
[22:09:11.586] START to_move 2
[22:09:11.610] STOP to_move 2 nodes_visited 432
[22:09:11.610] START to_move 1
[22:09:11.726] STOP to_move 1 nodes_visited 1868
[22:09:11.727] START to_move 2
[22:09:11.752] STOP to_move 2 nodes_visited 434
[22:09:11.752] START to_move 1
[22:09:11.925] STOP to_move 1 nodes_visited 2799
[22:09:11.926] START to_move 2
[22:09:11.950] STOP to_move 2 nodes_visited 432
[22:09:11.951] START to_move 1
[22:09:12.124] STOP to_move 1 nodes_visited 2789
[22:09:12.126] START to_move 2
[22:09:12.317] STOP to_move 2 nodes_visited 3270
[22:09:12.319] START to_move 1
[22:09:12.530] STOP to_move 1 nodes_visited 3363
[22:09:12.532] START to_move 2
[22:09:12.605] STOP to_move 2 nodes_visited 1266
[22:09:12.606] START to_move 1
[22:09:12.767] STOP to_move 1 nodes_visited 2609
[22:09:12.769] START to_move 2
[22:09:12.795] STOP to_move 2 nodes_visited 472
[22:09:12.796] START to_move 1
[22:09:13.052] STOP to_move 1 nodes_visited 4049
[22:09:13.054] START to_move 2
[22:09:13.081] STOP to_move 2 nodes_visited 467
[22:09:13.081] START to_move 1
[22:09:13.326] STOP to_move 1 nodes_visited 3898
[22:09:13.329] START to_move 2
[22:09:13.355] STOP to_move 2 nodes_visited 458
[22:09:13.355] START to_move 1
[22:09:13.625] STOP to_move 1 nodes_visited 4306
[22:09:13.627] START to_move 2
[22:09:13.652] STOP to_move 2 nodes_visited 452
[22:09:13.653] START to_move 1
[22:09:13.941] STOP to_move 1 nodes_visited 4639
[22:09:13.944] START to_move 2
[22:09:14.104] STOP to_move 2 nodes_visited 2730
[22:09:14.106] START to_move 1
[22:09:14.358] STOP to_move 1 nodes_visited 4071
[22:09:14.360] START to_move 2
[22:09:14.387] STOP to_move 2 nodes_visited 463
[22:09:14.387] START to_move 1
[22:09:14.655] STOP to_move 1 nodes_visited 4345
[22:09:14.658] START to_move 2
[22:09:14.690] STOP to_move 2 nodes_visited 572
[22:09:14.691] START to_move 1
[22:09:14.843] STOP to_move 1 nodes_visited 2448
[22:09:14.844] START to_move 2
[22:09:14.870] STOP to_move 2 nodes_visited 464
[22:09:14.871] START to_move 1
[22:09:15.109] STOP to_move 1 nodes_visited 3834
[22:09:15.111] START to_move 2
[22:09:15.140] STOP to_move 2 nodes_visited 504
[22:09:15.140] START to_move 1
[22:09:15.376] STOP to_move 1 nodes_visited 3798
[22:09:15.378] START to_move 2
[22:09:15.406] STOP to_move 2 nodes_visited 504
[22:09:15.406] START to_move 1
[22:09:15.639] STOP to_move 1 nodes_visited 3764
[22:09:15.641] START to_move 2
[22:09:15.670] STOP to_move 2 nodes_visited 504
[22:09:15.671] START to_move 1
[22:09:15.903] STOP to_move 1 nodes_visited 3752
[22:09:15.905] START to_move 2
[22:09:15.954] STOP to_move 2 nodes_visited 834
[22:09:15.954] START to_move 1
[22:09:16.117] STOP to_move 1 nodes_visited 2639
[22:09:16.118] START to_move 2
[22:09:16.143] STOP to_move 2 nodes_visited 452
[22:09:16.144] START to_move 1
[22:09:16.326] STOP to_move 1 nodes_visited 2947
[22:09:16.328] START to_move 2
[22:09:16.442] STOP to_move 2 nodes_visited 1906
[22:09:16.443] START to_move 1
[22:09:16.561] STOP to_move 1 nodes_visited 1894
[22:09:16.563] START to_move 2
[22:09:16.690] STOP to_move 2 nodes_visited 2169
[22:09:16.691] START to_move 1
[22:09:16.794] STOP to_move 1 nodes_visited 1633
[22:09:16.795] START to_move 2
[22:09:16.937] STOP to_move 2 nodes_visited 2414
[22:09:16.938] START to_move 1
[22:09:17.119] STOP to_move 1 nodes_visited 2903
[22:09:17.120] START to_move 2
[22:09:17.324] STOP to_move 2 nodes_visited 3469
[22:09:17.326] START to_move 1
[22:09:17.476] STOP to_move 1 nodes_visited 2404
[22:09:17.478] START to_move 2
[22:09:17.621] STOP to_move 2 nodes_visited 2513
[22:09:17.623] START to_move 1
[22:09:17.893] STOP to_move 1 nodes_visited 4205
[22:09:17.896] START to_move 2
[22:09:17.958] STOP to_move 2 nodes_visited 1079
[22:09:17.958] START to_move 1
[22:09:18.231] STOP to_move 1 nodes_visited 4164
[22:09:18.233] START to_move 2
[22:09:18.265] STOP to_move 2 nodes_visited 545
[22:09:18.265] START to_move 1
[22:09:18.445] STOP to_move 1 nodes_visited 2938
[22:09:18.447] START to_move 2
[22:09:18.481] STOP to_move 2 nodes_visited 592
[22:09:18.481] START to_move 1
[22:09:18.651] STOP to_move 1 nodes_visited 2762
[22:09:18.653] START to_move 2
[22:09:18.713] STOP to_move 2 nodes_visited 1048
[22:09:18.714] START to_move 1
[22:09:18.843] STOP to_move 1 nodes_visited 2043
[22:09:18.844] START to_move 2
[22:09:18.866] STOP to_move 2 nodes_visited 385
[22:09:18.867] START to_move 1
[22:09:18.951] STOP to_move 1 nodes_visited 1408
[22:09:18.952] START to_move 2
[22:09:18.981] STOP to_move 2 nodes_visited 501
[22:09:18.981] START to_move 1
[22:09:19.284] STOP to_move 1 nodes_visited 4694
[22:09:19.287] START to_move 2
[22:09:19.317] STOP to_move 2 nodes_visited 503
[22:09:19.318] START to_move 1
[22:09:19.618] STOP to_move 1 nodes_visited 4673
[22:09:19.621] START to_move 2
[22:09:19.676] STOP to_move 2 nodes_visited 968
[22:09:19.677] START to_move 1
[22:09:19.839] STOP to_move 1 nodes_visited 2592
[22:09:19.840] START to_move 2
[22:09:19.869] STOP to_move 2 nodes_visited 503
[22:09:19.869] START to_move 1
[22:09:20.065] STOP to_move 1 nodes_visited 3198
[22:09:20.067] START to_move 2
[22:09:20.125] STOP to_move 2 nodes_visited 978
[22:09:20.125] START to_move 1
[22:09:20.259] STOP to_move 1 nodes_visited 2197
[22:09:20.261] START to_move 2
[22:09:20.288] STOP to_move 2 nodes_visited 484
[22:09:20.288] START to_move 1
[22:09:20.446] STOP to_move 1 nodes_visited 2543
[22:09:20.447] START to_move 2
[22:09:20.474] STOP to_move 2 nodes_visited 478
[22:09:20.475] START to_move 1
[22:09:20.690] STOP to_move 1 nodes_visited 3477
[22:09:20.692] START to_move 2
[22:09:20.716] STOP to_move 2 nodes_visited 425
[22:09:20.716] START to_move 1
[22:09:20.920] STOP to_move 1 nodes_visited 3273
[22:09:20.922] START to_move 2
[22:09:21.179] STOP to_move 2 nodes_visited 4300
[22:09:21.182] START to_move 1
[22:09:21.380] STOP to_move 1 nodes_visited 3236
[22:09:21.381] START to_move 2
[22:09:21.524] STOP to_move 2 nodes_visited 2354
[22:09:21.526] START to_move 1
[22:09:21.751] STOP to_move 1 nodes_visited 3628
[22:09:21.753] START to_move 2
[22:09:21.778] STOP to_move 2 nodes_visited 446
[22:09:21.778] START to_move 1
[22:09:21.981] STOP to_move 1 nodes_visited 3270
[22:09:21.983] START to_move 2
[22:09:22.051] STOP to_move 2 nodes_visited 1172
[22:09:22.051] START to_move 1
[22:09:22.235] STOP to_move 1 nodes_visited 2953
[22:09:22.237] START to_move 2
[22:09:22.262] STOP to_move 2 nodes_visited 437
[22:09:22.262] START to_move 1
[22:09:22.394] STOP to_move 1 nodes_visited 2187
[22:09:22.395] START to_move 2
[22:09:22.564] STOP to_move 2 nodes_visited 2879
[22:09:22.566] START to_move 1
[22:09:22.652] STOP to_move 1 nodes_visited 1418
[22:09:22.653] START to_move 2
[22:09:22.845] STOP to_move 2 nodes_visited 3290
[22:09:22.847] START to_move 1
[22:09:22.933] STOP to_move 1 nodes_visited 1415
[22:09:22.933] START to_move 2
[22:09:23.124] STOP to_move 2 nodes_visited 3244
[22:09:23.126] START to_move 1
[22:09:23.212] STOP to_move 1 nodes_visited 1385
[22:09:23.213] START to_move 2
[22:09:23.260] STOP to_move 2 nodes_visited 808
[22:09:23.260] START to_move 1
[22:09:23.340] STOP to_move 1 nodes_visited 1304
[22:09:23.341] START to_move 2
[22:09:23.360] STOP to_move 2 nodes_visited 333
[22:09:23.360] START to_move 1
[22:09:23.454] STOP to_move 1 nodes_visited 1531
[22:09:23.455] START to_move 2
[22:09:23.475] STOP to_move 2 nodes_visited 335
[22:09:23.476] START to_move 1
[22:09:23.569] STOP to_move 1 nodes_visited 1532
[22:09:23.570] START to_move 2
[22:09:23.589] STOP to_move 2 nodes_visited 336
[22:09:23.590] START to_move 1
[22:09:23.681] STOP to_move 1 nodes_visited 1503
[22:09:23.682] START to_move 2
[22:09:23.762] STOP to_move 2 nodes_visited 1347
[22:09:23.763] START to_move 1
[22:09:23.848] STOP to_move 1 nodes_visited 1390
[22:09:23.849] START to_move 2
[22:09:23.868] STOP to_move 2 nodes_visited 334
[22:09:23.868] START to_move 1
[22:09:23.954] STOP to_move 1 nodes_visited 1411
[22:09:23.954] START to_move 2
[22:09:23.973] STOP to_move 2 nodes_visited 334
[22:09:23.974] START to_move 1
[22:09:24.064] STOP to_move 1 nodes_visited 1483
[22:09:24.065] START to_move 2
[22:09:24.084] STOP to_move 2 nodes_visited 340
[22:09:24.084] START to_move 1
[22:09:24.173] STOP to_move 1 nodes_visited 1471
[22:09:24.174] START to_move 2
[22:09:24.193] STOP to_move 2 nodes_visited 336
[22:09:24.193] START to_move 1
[22:09:24.269] STOP to_move 1 nodes_visited 1227
[22:09:24.270] START to_move 2
[22:09:24.292] STOP to_move 2 nodes_visited 387
[22:09:24.292] START to_move 1
[22:09:24.366] STOP to_move 1 nodes_visited 1227
[22:09:24.367] START to_move 2
[22:09:24.396] STOP to_move 2 nodes_visited 508
[22:09:24.396] START to_move 1
[22:09:24.461] STOP to_move 1 nodes_visited 1094
[22:09:24.462] START to_move 2
[22:09:24.482] STOP to_move 2 nodes_visited 358
[22:09:24.482] START to_move 1
[22:09:24.547] STOP to_move 1 nodes_visited 1045
[22:09:24.547] START to_move 2
[22:09:24.567] STOP to_move 2 nodes_visited 358
[22:09:24.568] START to_move 1
[22:09:24.626] STOP to_move 1 nodes_visited 982
[22:09:24.627] START to_move 2
[22:09:24.672] STOP to_move 2 nodes_visited 778
[22:09:24.672] START to_move 1
[22:09:24.780] STOP to_move 1 nodes_visited 1786
[22:09:24.781] START to_move 2
[22:09:24.801] STOP to_move 2 nodes_visited 367
[22:09:24.802] START to_move 1
[22:09:24.920] STOP to_move 1 nodes_visited 1936
[22:09:24.921] START to_move 2
[22:09:24.941] STOP to_move 2 nodes_visited 371
[22:09:24.941] START to_move 1
[22:09:25.051] STOP to_move 1 nodes_visited 1823
[22:09:25.052] START to_move 2
[22:09:25.075] STOP to_move 2 nodes_visited 369
[22:09:25.075] START to_move 1
[22:09:25.183] STOP to_move 1 nodes_visited 1746
[22:09:25.184] START to_move 2
[22:09:25.254] STOP to_move 2 nodes_visited 1219
[22:09:25.255] START to_move 1
[22:09:25.331] STOP to_move 1 nodes_visited 1266
[22:09:25.332] START to_move 2
[22:09:25.354] STOP to_move 2 nodes_visited 366
[22:09:25.354] START to_move 1
[22:09:25.403] STOP to_move 1 nodes_visited 818
[22:09:25.403] START to_move 2
[22:09:25.481] STOP to_move 2 nodes_visited 1312
[22:09:25.482] START to_move 1
[22:09:25.527] STOP to_move 1 nodes_visited 756
[22:09:25.527] START to_move 2
[22:09:25.548] STOP to_move 2 nodes_visited 369
[22:09:25.549] START to_move 1
[22:09:25.603] STOP to_move 1 nodes_visited 897
[22:09:25.603] START to_move 2
[22:09:25.622] STOP to_move 2 nodes_visited 319
[22:09:25.622] START to_move 1
[22:09:25.671] STOP to_move 1 nodes_visited 798
[22:09:25.671] START to_move 2
[22:09:25.692] STOP to_move 2 nodes_visited 371
[22:09:25.692] START to_move 1
[22:09:25.736] STOP to_move 1 nodes_visited 728
[22:09:25.736] START to_move 2
[22:09:25.756] STOP to_move 2 nodes_visited 356
[22:09:25.756] START to_move 1
[22:09:25.819] STOP to_move 1 nodes_visited 1041
[22:09:25.820] START to_move 2
[22:09:25.840] STOP to_move 2 nodes_visited 361
[22:09:25.840] START to_move 1
[22:09:25.879] STOP to_move 1 nodes_visited 642
[22:09:25.879] START to_move 2
[22:09:25.901] STOP to_move 2 nodes_visited 361
[22:09:25.901] START to_move 1
[22:09:25.949] STOP to_move 1 nodes_visited 788
[22:09:25.949] START to_move 2
[22:09:25.969] STOP to_move 2 nodes_visited 356
[22:09:25.970] START to_move 1
[22:09:26.007] STOP to_move 1 nodes_visited 625
[22:09:26.007] START to_move 2
[22:09:26.027] STOP to_move 2 nodes_visited 356
[22:09:26.028] START to_move 1
[22:09:26.066] STOP to_move 1 nodes_visited 638
[22:09:26.067] START to_move 2
[22:09:26.086] STOP to_move 2 nodes_visited 347
[22:09:26.086] START to_move 1
[22:09:26.122] STOP to_move 1 nodes_visited 595
[22:09:26.123] START to_move 2
[22:09:26.142] STOP to_move 2 nodes_visited 346
[22:09:26.142] START to_move 1
[22:09:26.172] STOP to_move 1 nodes_visited 491
[22:09:26.172] START to_move 2
[22:09:26.193] STOP to_move 2 nodes_visited 342
[22:09:26.193] START to_move 1
[22:09:26.221] STOP to_move 1 nodes_visited 471
[22:09:26.221] START to_move 2
[22:09:26.240] STOP to_move 2 nodes_visited 343
[22:09:26.241] START to_move 1
[22:09:26.270] STOP to_move 1 nodes_visited 479
[22:09:26.270] START to_move 2
[22:09:26.289] STOP to_move 2 nodes_visited 331
[22:09:26.289] START to_move 1
[22:09:26.317] STOP to_move 1 nodes_visited 464
[22:09:26.317] START to_move 2
[22:09:26.333] STOP to_move 2 nodes_visited 275
[22:09:26.333] START to_move 1
[22:09:26.354] STOP to_move 1 nodes_visited 343
[22:09:26.354] START to_move 2
[22:09:26.363] STOP to_move 2 nodes_visited 170
[22:09:26.363] START to_move 1
[22:09:26.415] STOP to_move 1 nodes_visited 846
[22:09:26.416] START to_move 2
[22:09:26.425] STOP to_move 2 nodes_visited 160
[22:09:26.425] START to_move 1
[22:09:26.467] STOP to_move 1 nodes_visited 658
[22:09:26.467] START to_move 2
[22:09:26.476] STOP to_move 2 nodes_visited 149
[22:09:26.476] START to_move 1
[22:09:26.494] STOP to_move 1 nodes_visited 297
[22:09:26.494] START to_move 2
[22:09:26.506] STOP to_move 2 nodes_visited 212
[22:09:26.506] START to_move 1
[22:09:26.534] STOP to_move 1 nodes_visited 449
[22:09:26.534] START to_move 2
[22:09:26.544] STOP to_move 2 nodes_visited 185
[22:09:26.544] START to_move 1
[22:09:26.566] STOP to_move 1 nodes_visited 359
[22:09:26.566] START to_move 2
[22:09:26.575] STOP to_move 2 nodes_visited 152
[22:09:26.575] START to_move 1
[22:09:26.589] STOP to_move 1 nodes_visited 217
[22:09:26.589] START to_move 2
[22:09:26.597] STOP to_move 2 nodes_visited 135
[22:09:26.597] START to_move 1
[22:09:26.597] STOP to_move 1 nodes_visited 10
[22:09:26.597] END winner 1 - rounds 173
