[21:43:52.702] 1 - distance_function euclides - pruning True
[21:43:52.702] 2 - distance_function manhattan - pruning True
[21:43:52.702] START to_move 1
[21:43:52.790] STOP to_move 1 nodes_visited 1451
[21:43:52.791] START to_move 2
[21:43:53.129] STOP to_move 2 nodes_visited 5410
[21:43:53.134] START to_move 1
[21:43:53.222] STOP to_move 1 nodes_visited 1410
[21:43:53.223] START to_move 2
[21:43:53.571] STOP to_move 2 nodes_visited 5639
[21:43:53.574] START to_move 1
[21:43:53.652] STOP to_move 1 nodes_visited 1288
[21:43:53.653] START to_move 2
[21:43:53.862] STOP to_move 2 nodes_visited 3576
[21:43:53.864] START to_move 1
[21:43:53.991] STOP to_move 1 nodes_visited 2077
[21:43:53.992] START to_move 2
[21:43:54.205] STOP to_move 2 nodes_visited 3588
[21:43:54.207] START to_move 1
[21:43:54.287] STOP to_move 1 nodes_visited 1354
[21:43:54.288] START to_move 2
[21:43:54.518] STOP to_move 2 nodes_visited 3923
[21:43:54.521] START to_move 1
[21:43:54.611] STOP to_move 1 nodes_visited 1492
[21:43:54.612] START to_move 2
[21:43:54.834] STOP to_move 2 nodes_visited 3823
[21:43:54.836] START to_move 1
[21:43:54.927] STOP to_move 1 nodes_visited 1524
[21:43:54.928] START to_move 2
[21:43:55.186] STOP to_move 2 nodes_visited 4308
[21:43:55.188] START to_move 1
[21:43:55.276] STOP to_move 1 nodes_visited 1458
[21:43:55.277] START to_move 2
[21:43:55.471] STOP to_move 2 nodes_visited 3309
[21:43:55.473] START to_move 1
[21:43:55.562] STOP to_move 1 nodes_visited 1486
[21:43:55.563] START to_move 2
[21:43:55.736] STOP to_move 2 nodes_visited 2944
[21:43:55.738] START to_move 1
[21:43:55.829] STOP to_move 1 nodes_visited 1530
[21:43:55.830] START to_move 2
[21:43:55.852] STOP to_move 2 nodes_visited 402
[21:43:55.853] START to_move 1
[21:43:56.245] STOP to_move 1 nodes_visited 6244
[21:43:56.249] START to_move 2
[21:43:56.323] STOP to_move 2 nodes_visited 1288
[21:43:56.324] START to_move 1
[21:43:56.358] STOP to_move 1 nodes_visited 593
[21:43:56.358] START to_move 2
[21:43:56.381] STOP to_move 2 nodes_visited 410
[21:43:56.381] START to_move 1
[21:43:56.416] STOP to_move 1 nodes_visited 601
[21:43:56.417] START to_move 2
[21:43:56.443] STOP to_move 2 nodes_visited 477
[21:43:56.443] START to_move 1
[21:43:56.629] STOP to_move 1 nodes_visited 2974
[21:43:56.631] START to_move 2
[21:43:56.656] STOP to_move 2 nodes_visited 451
[21:43:56.656] START to_move 1
[21:43:56.848] STOP to_move 1 nodes_visited 3062
[21:43:56.850] START to_move 2
[21:43:56.875] STOP to_move 2 nodes_visited 441
[21:43:56.875] START to_move 1
[21:43:57.070] STOP to_move 1 nodes_visited 3105
[21:43:57.072] START to_move 2
[21:43:57.097] STOP to_move 2 nodes_visited 450
[21:43:57.098] START to_move 1
[21:43:57.302] STOP to_move 1 nodes_visited 3240
[21:43:57.303] START to_move 2
[21:43:57.402] STOP to_move 2 nodes_visited 1736
[21:43:57.403] START to_move 1
[21:43:57.498] STOP to_move 1 nodes_visited 1555
[21:43:57.499] START to_move 2
[21:43:57.633] STOP to_move 2 nodes_visited 2300
[21:43:57.634] START to_move 1
[21:43:57.740] STOP to_move 1 nodes_visited 1729
[21:43:57.741] START to_move 2
[21:43:57.853] STOP to_move 2 nodes_visited 1921
[21:43:57.854] START to_move 1
[21:43:57.939] STOP to_move 1 nodes_visited 1419
[21:43:57.939] START to_move 2
[21:43:57.977] STOP to_move 2 nodes_visited 656
[21:43:57.978] START to_move 1
[21:43:58.149] STOP to_move 1 nodes_visited 2787
[21:43:58.151] START to_move 2
[21:43:58.251] STOP to_move 2 nodes_visited 1689
[21:43:58.252] START to_move 1
[21:43:58.314] STOP to_move 1 nodes_visited 1045
[21:43:58.314] START to_move 2
[21:43:58.366] STOP to_move 2 nodes_visited 851
[21:43:58.366] START to_move 1
[21:43:58.494] STOP to_move 1 nodes_visited 2135
[21:43:58.495] START to_move 2
[21:43:58.546] STOP to_move 2 nodes_visited 884
[21:43:58.547] START to_move 1
[21:43:58.731] STOP to_move 1 nodes_visited 3035
[21:43:58.733] START to_move 2
[21:43:58.845] STOP to_move 2 nodes_visited 1839
[21:43:58.845] START to_move 1
[21:43:58.939] STOP to_move 1 nodes_visited 1562
[21:43:58.940] START to_move 2
[21:43:59.047] STOP to_move 2 nodes_visited 1808
[21:43:59.048] START to_move 1
[21:43:59.141] STOP to_move 1 nodes_visited 1518
[21:43:59.142] START to_move 2
[21:43:59.199] STOP to_move 2 nodes_visited 1010
[21:43:59.200] START to_move 1
[21:43:59.336] STOP to_move 1 nodes_visited 2261
[21:43:59.338] START to_move 2
[21:43:59.384] STOP to_move 2 nodes_visited 795
[21:43:59.385] START to_move 1
[21:43:59.532] STOP to_move 1 nodes_visited 2429
[21:43:59.533] START to_move 2
[21:43:59.560] STOP to_move 2 nodes_visited 473
[21:43:59.560] START to_move 1
[21:43:59.662] STOP to_move 1 nodes_visited 1670
[21:43:59.663] START to_move 2
[21:43:59.692] STOP to_move 2 nodes_visited 524
[21:43:59.692] START to_move 1
[21:43:59.816] STOP to_move 1 nodes_visited 2059
[21:43:59.817] START to_move 2
[21:44:00.032] STOP to_move 2 nodes_visited 3621
[21:44:00.035] START to_move 1
[21:44:00.124] STOP to_move 1 nodes_visited 1475
[21:44:00.124] START to_move 2
[21:44:00.156] STOP to_move 2 nodes_visited 538
[21:44:00.157] START to_move 1
[21:44:00.368] STOP to_move 1 nodes_visited 3521
[21:44:00.370] START to_move 2
[21:44:00.401] STOP to_move 2 nodes_visited 534
[21:44:00.402] START to_move 1
[21:44:00.464] STOP to_move 1 nodes_visited 1038
[21:44:00.464] START to_move 2
[21:44:00.495] STOP to_move 2 nodes_visited 552
[21:44:00.496] START to_move 1
[21:44:00.560] STOP to_move 1 nodes_visited 1083
[21:44:00.561] START to_move 2
[21:44:00.778] STOP to_move 2 nodes_visited 3694
[21:44:00.781] START to_move 1
[21:44:00.839] STOP to_move 1 nodes_visited 981
[21:44:00.840] START to_move 2
[21:44:01.181] STOP to_move 2 nodes_visited 5568
[21:44:01.184] START to_move 1
[21:44:01.232] STOP to_move 1 nodes_visited 814
[21:44:01.233] START to_move 2
[21:44:01.572] STOP to_move 2 nodes_visited 5612
[21:44:01.576] START to_move 1
[21:44:01.774] STOP to_move 1 nodes_visited 3247
[21:44:01.776] START to_move 2
[21:44:02.100] STOP to_move 2 nodes_visited 5395
[21:44:02.104] START to_move 1
[21:44:02.298] STOP to_move 1 nodes_visited 3191
[21:44:02.300] START to_move 2
[21:44:02.426] STOP to_move 2 nodes_visited 2159
[21:44:02.427] START to_move 1
[21:44:02.645] STOP to_move 1 nodes_visited 3589
[21:44:02.647] START to_move 2
[21:44:02.678] STOP to_move 2 nodes_visited 544
[21:44:02.678] START to_move 1
[21:44:02.897] STOP to_move 1 nodes_visited 3618
[21:44:02.899] START to_move 2
[21:44:02.930] STOP to_move 2 nodes_visited 547
[21:44:02.931] START to_move 1
[21:44:03.146] STOP to_move 1 nodes_visited 3570
[21:44:03.148] START to_move 2
[21:44:03.178] STOP to_move 2 nodes_visited 542
[21:44:03.179] START to_move 1
[21:44:03.392] STOP to_move 1 nodes_visited 3539
[21:44:03.394] START to_move 2
[21:44:03.440] STOP to_move 2 nodes_visited 799
[21:44:03.440] START to_move 1
[21:44:03.620] STOP to_move 1 nodes_visited 2978
[21:44:03.622] START to_move 2
[21:44:03.651] STOP to_move 2 nodes_visited 518
[21:44:03.652] START to_move 1
[21:44:03.854] STOP to_move 1 nodes_visited 3338
[21:44:03.856] START to_move 2
[21:44:03.885] STOP to_move 2 nodes_visited 514
[21:44:03.885] START to_move 1
[21:44:04.089] STOP to_move 1 nodes_visited 3308
[21:44:04.091] START to_move 2
[21:44:04.120] STOP to_move 2 nodes_visited 517
[21:44:04.120] START to_move 1
[21:44:04.330] STOP to_move 1 nodes_visited 3363
[21:44:04.332] START to_move 2
[21:44:04.361] STOP to_move 2 nodes_visited 504
[21:44:04.361] START to_move 1
[21:44:04.446] STOP to_move 1 nodes_visited 1429
[21:44:04.447] START to_move 2
[21:44:04.474] STOP to_move 2 nodes_visited 493
[21:44:04.475] START to_move 1
[21:44:04.559] STOP to_move 1 nodes_visited 1369
[21:44:04.559] START to_move 2
[21:44:04.587] STOP to_move 2 nodes_visited 493
[21:44:04.587] START to_move 1
[21:44:04.761] STOP to_move 1 nodes_visited 2860
[21:44:04.763] START to_move 2
[21:44:04.793] STOP to_move 2 nodes_visited 499
[21:44:04.793] START to_move 1
[21:44:04.952] STOP to_move 1 nodes_visited 2647
[21:44:04.954] START to_move 2
[21:44:04.982] STOP to_move 2 nodes_visited 498
[21:44:04.982] START to_move 1
[21:44:05.141] STOP to_move 1 nodes_visited 2604
[21:44:05.142] START to_move 2
[21:44:05.292] STOP to_move 2 nodes_visited 2523
[21:44:05.293] START to_move 1
[21:44:05.482] STOP to_move 1 nodes_visited 3121
[21:44:05.484] START to_move 2
[21:44:05.629] STOP to_move 2 nodes_visited 2461
[21:44:05.630] START to_move 1
[21:44:05.726] STOP to_move 1 nodes_visited 1605
[21:44:05.727] START to_move 2
[21:44:05.755] STOP to_move 2 nodes_visited 499
[21:44:05.756] START to_move 1
[21:44:05.910] STOP to_move 1 nodes_visited 2539
[21:44:05.912] START to_move 2
[21:44:05.938] STOP to_move 2 nodes_visited 464
[21:44:05.938] START to_move 1
[21:44:06.114] STOP to_move 1 nodes_visited 2868
[21:44:06.115] START to_move 2
[21:44:06.141] STOP to_move 2 nodes_visited 454
[21:44:06.141] START to_move 1
[21:44:06.310] STOP to_move 1 nodes_visited 2816
[21:44:06.312] START to_move 2
[21:44:06.339] STOP to_move 2 nodes_visited 458
[21:44:06.339] START to_move 1
[21:44:06.510] STOP to_move 1 nodes_visited 2859
[21:44:06.512] START to_move 2
[21:44:06.537] STOP to_move 2 nodes_visited 460
[21:44:06.538] START to_move 1
[21:44:06.717] STOP to_move 1 nodes_visited 2923
[21:44:06.719] START to_move 2
[21:44:06.745] STOP to_move 2 nodes_visited 474
[21:44:06.746] START to_move 1
[21:44:06.913] STOP to_move 1 nodes_visited 2755
[21:44:06.915] START to_move 2
[21:44:06.942] STOP to_move 2 nodes_visited 476
[21:44:06.942] START to_move 1
[21:44:07.113] STOP to_move 1 nodes_visited 2795
[21:44:07.115] START to_move 2
[21:44:07.142] STOP to_move 2 nodes_visited 471
[21:44:07.142] START to_move 1
[21:44:07.307] STOP to_move 1 nodes_visited 2758
[21:44:07.309] START to_move 2
[21:44:07.366] STOP to_move 2 nodes_visited 967
[21:44:07.367] START to_move 1
[21:44:07.501] STOP to_move 1 nodes_visited 2242
[21:44:07.503] START to_move 2
[21:44:07.529] STOP to_move 2 nodes_visited 465
[21:44:07.529] START to_move 1
[21:44:07.695] STOP to_move 1 nodes_visited 2718
[21:44:07.697] START to_move 2
[21:44:07.723] STOP to_move 2 nodes_visited 461
[21:44:07.723] START to_move 1
[21:44:07.893] STOP to_move 1 nodes_visited 2778
[21:44:07.895] START to_move 2
[21:44:07.920] STOP to_move 2 nodes_visited 453
[21:44:07.921] START to_move 1
[21:44:08.090] STOP to_move 1 nodes_visited 2808
[21:44:08.092] START to_move 2
[21:44:08.117] STOP to_move 2 nodes_visited 444
[21:44:08.117] START to_move 1
[21:44:08.286] STOP to_move 1 nodes_visited 2777
[21:44:08.287] START to_move 2
[21:44:08.314] STOP to_move 2 nodes_visited 468
[21:44:08.314] START to_move 1
[21:44:08.472] STOP to_move 1 nodes_visited 2579
[21:44:08.473] START to_move 2
[21:44:08.499] STOP to_move 2 nodes_visited 467
[21:44:08.499] START to_move 1
[21:44:08.655] STOP to_move 1 nodes_visited 2520
[21:44:08.656] START to_move 2
[21:44:08.684] STOP to_move 2 nodes_visited 462
[21:44:08.684] START to_move 1
[21:44:08.841] STOP to_move 1 nodes_visited 2540
[21:44:08.842] START to_move 2
[21:44:08.868] STOP to_move 2 nodes_visited 457
[21:44:08.868] START to_move 1
[21:44:09.020] STOP to_move 1 nodes_visited 2441
[21:44:09.022] START to_move 2
[21:44:09.164] STOP to_move 2 nodes_visited 2471
[21:44:09.165] START to_move 1
[21:44:09.280] STOP to_move 1 nodes_visited 1855
[21:44:09.281] START to_move 2
[21:44:09.307] STOP to_move 2 nodes_visited 458
[21:44:09.307] START to_move 1
[21:44:09.457] STOP to_move 1 nodes_visited 2388
[21:44:09.458] START to_move 2
[21:44:09.484] STOP to_move 2 nodes_visited 469
[21:44:09.484] START to_move 1
[21:44:09.572] STOP to_move 1 nodes_visited 1470
[21:44:09.573] START to_move 2
[21:44:09.599] STOP to_move 2 nodes_visited 466
[21:44:09.600] START to_move 1
[21:44:09.689] STOP to_move 1 nodes_visited 1491
[21:44:09.690] START to_move 2
[21:44:09.718] STOP to_move 2 nodes_visited 469
[21:44:09.718] START to_move 1
[21:44:09.807] STOP to_move 1 nodes_visited 1473
[21:44:09.807] START to_move 2
[21:44:09.834] STOP to_move 2 nodes_visited 469
[21:44:09.834] START to_move 1
[21:44:09.874] STOP to_move 1 nodes_visited 677
[21:44:09.874] START to_move 2
[21:44:09.901] STOP to_move 2 nodes_visited 473
[21:44:09.901] START to_move 1
[21:44:09.945] STOP to_move 1 nodes_visited 744
[21:44:09.945] START to_move 2
[21:44:09.972] STOP to_move 2 nodes_visited 477
[21:44:09.972] START to_move 1
[21:44:10.011] STOP to_move 1 nodes_visited 642
[21:44:10.012] START to_move 2
[21:44:10.033] STOP to_move 2 nodes_visited 390
[21:44:10.033] START to_move 1
[21:44:10.069] STOP to_move 1 nodes_visited 599
[21:44:10.069] START to_move 2
[21:44:10.090] STOP to_move 2 nodes_visited 387
[21:44:10.091] START to_move 1
[21:44:10.121] STOP to_move 1 nodes_visited 518
[21:44:10.121] START to_move 2
[21:44:10.141] STOP to_move 2 nodes_visited 366
[21:44:10.141] START to_move 1
[21:44:10.162] STOP to_move 1 nodes_visited 357
[21:44:10.162] START to_move 2
[21:44:10.186] STOP to_move 2 nodes_visited 419
[21:44:10.186] START to_move 1
[21:44:10.225] STOP to_move 1 nodes_visited 650
[21:44:10.225] START to_move 2
[21:44:10.248] STOP to_move 2 nodes_visited 419
[21:44:10.248] START to_move 1
[21:44:10.278] STOP to_move 1 nodes_visited 479
[21:44:10.278] START to_move 2
[21:44:10.301] STOP to_move 2 nodes_visited 409
[21:44:10.301] START to_move 1
[21:44:10.339] STOP to_move 1 nodes_visited 631
[21:44:10.339] START to_move 2
[21:44:10.363] STOP to_move 2 nodes_visited 439
[21:44:10.364] START to_move 1
[21:44:10.393] STOP to_move 1 nodes_visited 499
[21:44:10.393] START to_move 2
[21:44:10.418] STOP to_move 2 nodes_visited 436
[21:44:10.418] START to_move 1
[21:44:10.492] STOP to_move 1 nodes_visited 1231
[21:44:10.492] START to_move 2
[21:44:10.517] STOP to_move 2 nodes_visited 439
[21:44:10.517] START to_move 1
[21:44:10.554] STOP to_move 1 nodes_visited 594
[21:44:10.554] START to_move 2
[21:44:10.579] STOP to_move 2 nodes_visited 445
[21:44:10.579] START to_move 1
[21:44:10.610] STOP to_move 1 nodes_visited 517
[21:44:10.610] START to_move 2
[21:44:10.635] STOP to_move 2 nodes_visited 440
[21:44:10.635] START to_move 1
[21:44:10.667] STOP to_move 1 nodes_visited 533
[21:44:10.667] START to_move 2
[21:44:10.690] STOP to_move 2 nodes_visited 414
[21:44:10.690] START to_move 1
[21:44:10.715] STOP to_move 1 nodes_visited 427
[21:44:10.715] START to_move 2
[21:44:10.738] STOP to_move 2 nodes_visited 413
[21:44:10.739] START to_move 1
[21:44:10.836] STOP to_move 1 nodes_visited 1569
[21:44:10.837] START to_move 2
[21:44:10.867] STOP to_move 2 nodes_visited 530
[21:44:10.867] START to_move 1
[21:44:10.942] STOP to_move 1 nodes_visited 1257
[21:44:10.943] START to_move 2
[21:44:10.968] STOP to_move 2 nodes_visited 445
[21:44:10.968] START to_move 1
[21:44:11.053] STOP to_move 1 nodes_visited 1415
[21:44:11.055] START to_move 2
[21:44:11.081] STOP to_move 2 nodes_visited 445
[21:44:11.081] START to_move 1
[21:44:11.157] STOP to_move 1 nodes_visited 1257
[21:44:11.157] START to_move 2
[21:44:11.183] STOP to_move 2 nodes_visited 464
[21:44:11.184] START to_move 1
[21:44:11.262] STOP to_move 1 nodes_visited 1304
[21:44:11.262] START to_move 2
[21:44:11.288] STOP to_move 2 nodes_visited 464
[21:44:11.289] START to_move 1
[21:44:11.369] STOP to_move 1 nodes_visited 1303
[21:44:11.370] START to_move 2
[21:44:11.396] STOP to_move 2 nodes_visited 475
[21:44:11.397] START to_move 1
[21:44:11.470] STOP to_move 1 nodes_visited 1223
[21:44:11.471] START to_move 2
[21:44:11.502] STOP to_move 2 nodes_visited 553
[21:44:11.502] START to_move 1
[21:44:11.576] STOP to_move 1 nodes_visited 1226
[21:44:11.576] START to_move 2
[21:44:11.590] STOP to_move 2 nodes_visited 243
[21:44:11.590] START to_move 1
[21:44:11.659] STOP to_move 1 nodes_visited 1101
[21:44:11.660] START to_move 2
[21:44:11.681] STOP to_move 2 nodes_visited 376
[21:44:11.681] START to_move 1
[21:44:11.747] STOP to_move 1 nodes_visited 1084
[21:44:11.748] START to_move 2
[21:44:11.761] STOP to_move 2 nodes_visited 229
[21:44:11.761] START to_move 1
[21:44:11.816] STOP to_move 1 nodes_visited 892
[21:44:11.817] START to_move 2
[21:44:11.829] STOP to_move 2 nodes_visited 232
[21:44:11.829] START to_move 1
[21:44:11.851] STOP to_move 1 nodes_visited 356
[21:44:11.851] START to_move 2
[21:44:11.863] STOP to_move 2 nodes_visited 222
[21:44:11.863] START to_move 1
[21:44:11.883] STOP to_move 1 nodes_visited 340
[21:44:11.883] START to_move 2
[21:44:11.897] STOP to_move 2 nodes_visited 219
[21:44:11.897] START to_move 1
[21:44:11.915] STOP to_move 1 nodes_visited 299
[21:44:11.915] START to_move 2
[21:44:11.927] STOP to_move 2 nodes_visited 222
[21:44:11.928] START to_move 1
[21:44:11.945] STOP to_move 1 nodes_visited 299
[21:44:11.945] START to_move 2
[21:44:11.958] STOP to_move 2 nodes_visited 220
[21:44:11.958] START to_move 1
[21:44:11.975] STOP to_move 1 nodes_visited 295
[21:44:11.976] START to_move 2
[21:44:11.988] STOP to_move 2 nodes_visited 220
[21:44:11.988] START to_move 1
[21:44:12.005] STOP to_move 1 nodes_visited 295
[21:44:12.006] START to_move 2
[21:44:12.018] STOP to_move 2 nodes_visited 220
[21:44:12.018] START to_move 1
[21:44:12.034] STOP to_move 1 nodes_visited 275
[21:44:12.034] START to_move 2
[21:44:12.046] STOP to_move 2 nodes_visited 224
[21:44:12.046] START to_move 1
[21:44:12.063] STOP to_move 1 nodes_visited 275
[21:44:12.063] START to_move 2
[21:44:12.077] STOP to_move 2 nodes_visited 262
[21:44:12.077] START to_move 1
[21:44:12.094] STOP to_move 1 nodes_visited 283
[21:44:12.094] START to_move 2
[21:44:12.107] STOP to_move 2 nodes_visited 231
[21:44:12.107] START to_move 1
[21:44:12.125] STOP to_move 1 nodes_visited 300
[21:44:12.125] START to_move 2
[21:44:12.137] STOP to_move 2 nodes_visited 203
[21:44:12.137] START to_move 1
[21:44:12.151] STOP to_move 1 nodes_visited 240
[21:44:12.151] START to_move 2
[21:44:12.168] STOP to_move 2 nodes_visited 280
[21:44:12.168] START to_move 1
[21:44:12.191] STOP to_move 1 nodes_visited 383
[21:44:12.191] START to_move 2
[21:44:12.209] STOP to_move 2 nodes_visited 282
[21:44:12.209] START to_move 1
[21:44:12.229] STOP to_move 1 nodes_visited 325
[21:44:12.229] START to_move 2
[21:44:12.245] STOP to_move 2 nodes_visited 282
[21:44:12.245] START to_move 1
[21:44:12.264] STOP to_move 1 nodes_visited 313
[21:44:12.264] START to_move 2
[21:44:12.281] STOP to_move 2 nodes_visited 286
[21:44:12.281] START to_move 1
[21:44:12.300] STOP to_move 1 nodes_visited 316
[21:44:12.300] START to_move 2
[21:44:12.334] STOP to_move 2 nodes_visited 591
[21:44:12.335] START to_move 1
[21:44:12.348] STOP to_move 1 nodes_visited 231
[21:44:12.348] START to_move 2
[21:44:12.362] STOP to_move 2 nodes_visited 234
[21:44:12.362] START to_move 1
[21:44:12.385] STOP to_move 1 nodes_visited 369
[21:44:12.385] START to_move 2
[21:44:12.394] STOP to_move 2 nodes_visited 166
[21:44:12.394] START to_move 1
[21:44:12.411] STOP to_move 1 nodes_visited 268
[21:44:12.411] START to_move 2
[21:44:12.423] STOP to_move 2 nodes_visited 212
[21:44:12.423] START to_move 1
[21:44:12.435] STOP to_move 1 nodes_visited 199
[21:44:12.435] START to_move 2
[21:44:12.448] STOP to_move 2 nodes_visited 234
[21:44:12.448] START to_move 1
[21:44:12.467] STOP to_move 1 nodes_visited 299
[21:44:12.467] START to_move 2
[21:44:12.478] STOP to_move 2 nodes_visited 192
[21:44:12.478] START to_move 1
[21:44:12.495] STOP to_move 1 nodes_visited 267
[21:44:12.495] START to_move 2
[21:44:12.506] STOP to_move 2 nodes_visited 192
[21:44:12.507] START to_move 1
[21:44:12.517] STOP to_move 1 nodes_visited 170
[21:44:12.517] START to_move 2
[21:44:12.528] STOP to_move 2 nodes_visited 186
[21:44:12.528] START to_move 1
[21:44:12.543] STOP to_move 1 nodes_visited 251
[21:44:12.543] START to_move 2
[21:44:12.554] STOP to_move 2 nodes_visited 186
[21:44:12.554] START to_move 1
[21:44:12.569] STOP to_move 1 nodes_visited 251
[21:44:12.569] START to_move 2
[21:44:12.580] STOP to_move 2 nodes_visited 190
[21:44:12.580] START to_move 1
[21:44:12.595] STOP to_move 1 nodes_visited 251
[21:44:12.595] START to_move 2
[21:44:12.604] STOP to_move 2 nodes_visited 161
[21:44:12.604] START to_move 1
[21:44:12.618] STOP to_move 1 nodes_visited 238
[21:44:12.618] START to_move 2
[21:44:12.628] STOP to_move 2 nodes_visited 162
[21:44:12.628] START to_move 1
[21:44:12.642] STOP to_move 1 nodes_visited 243
[21:44:12.642] START to_move 2
[21:44:12.651] STOP to_move 2 nodes_visited 162
[21:44:12.651] START to_move 1
[21:44:12.666] STOP to_move 1 nodes_visited 245
[21:44:12.666] START to_move 2
[21:44:12.690] STOP to_move 2 nodes_visited 418
[21:44:12.691] START to_move 1
[21:44:12.713] STOP to_move 1 nodes_visited 367
[21:44:12.713] START to_move 2
[21:44:12.722] STOP to_move 2 nodes_visited 156
[21:44:12.722] START to_move 1
[21:44:12.729] STOP to_move 1 nodes_visited 123
[21:44:12.729] START to_move 2
[21:44:12.739] STOP to_move 2 nodes_visited 176
[21:44:12.739] START to_move 1
[21:44:12.756] STOP to_move 1 nodes_visited 286
[21:44:12.756] START to_move 2
[21:44:12.768] STOP to_move 2 nodes_visited 211
[21:44:12.768] START to_move 1
[21:44:12.783] STOP to_move 1 nodes_visited 246
[21:44:12.783] END winner 1 - rounds 265
