[23:02:22.727] 1 - distance_function euclides - pruning True
[23:02:22.727] 2 - distance_function manhattan - pruning True
[23:02:22.727] START to_move 1
[23:02:22.800] STOP to_move 1 nodes_visited 1181
[23:02:22.801] START to_move 2
[23:02:22.933] STOP to_move 2 nodes_visited 2182
[23:02:22.935] START to_move 1
[23:02:23.179] STOP to_move 1 nodes_visited 3860
[23:02:23.182] START to_move 2
[23:02:23.373] STOP to_move 2 nodes_visited 3244
[23:02:23.375] START to_move 1
[23:02:23.649] STOP to_move 1 nodes_visited 4421
[23:02:23.651] START to_move 2
[23:02:23.784] STOP to_move 2 nodes_visited 2270
[23:02:23.785] START to_move 1
[23:02:24.072] STOP to_move 1 nodes_visited 4634
[23:02:24.075] START to_move 2
[23:02:24.276] STOP to_move 2 nodes_visited 3401
[23:02:24.278] START to_move 1
[23:02:24.521] STOP to_move 1 nodes_visited 3945
[23:02:24.523] START to_move 2
[23:02:24.656] STOP to_move 2 nodes_visited 2330
[23:02:24.658] START to_move 1
[23:02:24.943] STOP to_move 1 nodes_visited 4658
[23:02:24.946] START to_move 2
[23:02:25.082] STOP to_move 2 nodes_visited 2340
[23:02:25.083] START to_move 1
[23:02:25.137] STOP to_move 1 nodes_visited 916
[23:02:25.137] START to_move 2
[23:02:25.254] STOP to_move 2 nodes_visited 2007
[23:02:25.255] START to_move 1
[23:02:25.449] STOP to_move 1 nodes_visited 3208
[23:02:25.451] START to_move 2
[23:02:25.713] STOP to_move 2 nodes_visited 4472
[23:02:25.716] START to_move 1
[23:02:25.900] STOP to_move 1 nodes_visited 3041
[23:02:25.901] START to_move 2
[23:02:26.038] STOP to_move 2 nodes_visited 2341
[23:02:26.040] START to_move 1
[23:02:26.205] STOP to_move 1 nodes_visited 2720
[23:02:26.206] START to_move 2
[23:02:26.342] STOP to_move 2 nodes_visited 2349
[23:02:26.344] START to_move 1
[23:02:26.394] STOP to_move 1 nodes_visited 857
[23:02:26.395] START to_move 2
[23:02:26.532] STOP to_move 2 nodes_visited 2337
[23:02:26.533] START to_move 1
[23:02:26.580] STOP to_move 1 nodes_visited 796
[23:02:26.580] START to_move 2
[23:02:26.711] STOP to_move 2 nodes_visited 2301
[23:02:26.713] START to_move 1
[23:02:26.787] STOP to_move 1 nodes_visited 1222
[23:02:26.788] START to_move 2
[23:02:26.919] STOP to_move 2 nodes_visited 2309
[23:02:26.921] START to_move 1
[23:02:27.000] STOP to_move 1 nodes_visited 1288
[23:02:27.001] START to_move 2
[23:02:27.145] STOP to_move 2 nodes_visited 2526
[23:02:27.146] START to_move 1
[23:02:27.244] STOP to_move 1 nodes_visited 1593
[23:02:27.244] START to_move 2
[23:02:27.396] STOP to_move 2 nodes_visited 2645
[23:02:27.397] START to_move 1
[23:02:27.502] STOP to_move 1 nodes_visited 1705
[23:02:27.503] START to_move 2
[23:02:27.653] STOP to_move 2 nodes_visited 2622
[23:02:27.654] START to_move 1
[23:02:27.759] STOP to_move 1 nodes_visited 1718
[23:02:27.760] START to_move 2
[23:02:27.807] STOP to_move 2 nodes_visited 819
[23:02:27.807] START to_move 1
[23:02:27.922] STOP to_move 1 nodes_visited 1920
[23:02:27.923] START to_move 2
[23:02:27.970] STOP to_move 2 nodes_visited 819
[23:02:27.970] START to_move 1
[23:02:28.025] STOP to_move 1 nodes_visited 888
[23:02:28.025] START to_move 2
[23:02:28.050] STOP to_move 2 nodes_visited 441
[23:02:28.050] START to_move 1
[23:02:28.099] STOP to_move 1 nodes_visited 826
[23:02:28.099] START to_move 2
[23:02:28.185] STOP to_move 2 nodes_visited 1512
[23:02:28.186] START to_move 1
[23:02:28.249] STOP to_move 1 nodes_visited 1056
[23:02:28.250] START to_move 2
[23:02:28.339] STOP to_move 2 nodes_visited 1540
[23:02:28.340] START to_move 1
[23:02:28.383] STOP to_move 1 nodes_visited 735
[23:02:28.384] START to_move 2
[23:02:28.471] STOP to_move 2 nodes_visited 1534
[23:02:28.472] START to_move 1
[23:02:28.513] STOP to_move 1 nodes_visited 700
[23:02:28.513] START to_move 2
[23:02:28.558] STOP to_move 2 nodes_visited 774
[23:02:28.559] START to_move 1
[23:02:28.601] STOP to_move 1 nodes_visited 714
[23:02:28.601] START to_move 2
[23:02:28.645] STOP to_move 2 nodes_visited 779
[23:02:28.645] START to_move 1
[23:02:28.813] STOP to_move 1 nodes_visited 2695
[23:02:28.814] START to_move 2
[23:02:28.858] STOP to_move 2 nodes_visited 766
[23:02:28.858] START to_move 1
[23:02:28.902] STOP to_move 1 nodes_visited 738
[23:02:28.902] START to_move 2
[23:02:28.945] STOP to_move 2 nodes_visited 741
[23:02:28.945] START to_move 1
[23:02:28.986] STOP to_move 1 nodes_visited 696
[23:02:28.987] START to_move 2
[23:02:29.010] STOP to_move 2 nodes_visited 423
[23:02:29.010] START to_move 1
[23:02:29.049] STOP to_move 1 nodes_visited 644
[23:02:29.049] START to_move 2
[23:02:29.074] STOP to_move 2 nodes_visited 451
[23:02:29.075] START to_move 1
[23:02:29.116] STOP to_move 1 nodes_visited 693
[23:02:29.117] START to_move 2
[23:02:29.142] STOP to_move 2 nodes_visited 438
[23:02:29.142] START to_move 1
[23:02:29.196] STOP to_move 1 nodes_visited 912
[23:02:29.197] START to_move 2
[23:02:29.221] STOP to_move 2 nodes_visited 441
[23:02:29.221] START to_move 1
[23:02:29.268] STOP to_move 1 nodes_visited 800
[23:02:29.269] START to_move 2
[23:02:29.295] STOP to_move 2 nodes_visited 467
[23:02:29.295] START to_move 1
[23:02:29.340] STOP to_move 1 nodes_visited 753
[23:02:29.340] START to_move 2
[23:02:29.383] STOP to_move 2 nodes_visited 731
[23:02:29.383] START to_move 1
[23:02:29.413] STOP to_move 1 nodes_visited 501
[23:02:29.413] START to_move 2
[23:02:29.436] STOP to_move 2 nodes_visited 415
[23:02:29.436] START to_move 1
[23:02:29.477] STOP to_move 1 nodes_visited 700
[23:02:29.478] START to_move 2
[23:02:29.500] STOP to_move 2 nodes_visited 393
[23:02:29.500] START to_move 1
[23:02:29.535] STOP to_move 1 nodes_visited 601
[23:02:29.536] START to_move 2
[23:02:29.636] STOP to_move 2 nodes_visited 1684
[23:02:29.637] START to_move 1
[23:02:29.666] STOP to_move 1 nodes_visited 501
[23:02:29.666] START to_move 2
[23:02:29.807] STOP to_move 2 nodes_visited 2400
[23:02:29.808] START to_move 1
[23:02:29.832] STOP to_move 1 nodes_visited 409
[23:02:29.833] START to_move 2
[23:02:29.920] STOP to_move 2 nodes_visited 1456
[23:02:29.921] START to_move 1
[23:02:29.945] STOP to_move 1 nodes_visited 423
[23:02:29.945] START to_move 2
[23:02:29.967] STOP to_move 2 nodes_visited 394
[23:02:29.968] START to_move 1
[23:02:29.999] STOP to_move 1 nodes_visited 540
[23:02:30.000] START to_move 2
[23:02:30.025] STOP to_move 2 nodes_visited 414
[23:02:30.025] START to_move 1
[23:02:30.091] STOP to_move 1 nodes_visited 1042
[23:02:30.091] START to_move 2
[23:02:30.114] STOP to_move 2 nodes_visited 407
[23:02:30.114] START to_move 1
[23:02:30.145] STOP to_move 1 nodes_visited 535
[23:02:30.146] START to_move 2
[23:02:30.184] STOP to_move 2 nodes_visited 660
[23:02:30.185] START to_move 1
[23:02:30.211] STOP to_move 1 nodes_visited 455
[23:02:30.212] START to_move 2
[23:02:30.234] STOP to_move 2 nodes_visited 398
[23:02:30.234] START to_move 1
[23:02:30.264] STOP to_move 1 nodes_visited 512
[23:02:30.265] START to_move 2
[23:02:30.286] STOP to_move 2 nodes_visited 391
[23:02:30.287] START to_move 1
[23:02:30.316] STOP to_move 1 nodes_visited 502
[23:02:30.316] START to_move 2
[23:02:30.339] STOP to_move 2 nodes_visited 407
[23:02:30.339] START to_move 1
[23:02:30.370] STOP to_move 1 nodes_visited 531
[23:02:30.371] START to_move 2
[23:02:30.393] STOP to_move 2 nodes_visited 407
[23:02:30.394] START to_move 1
[23:02:30.428] STOP to_move 1 nodes_visited 587
[23:02:30.428] START to_move 2
[23:02:30.452] STOP to_move 2 nodes_visited 405
[23:02:30.452] START to_move 1
[23:02:30.487] STOP to_move 1 nodes_visited 581
[23:02:30.487] START to_move 2
[23:02:30.509] STOP to_move 2 nodes_visited 400
[23:02:30.509] START to_move 1
[23:02:30.543] STOP to_move 1 nodes_visited 576
[23:02:30.544] START to_move 2
[23:02:30.588] STOP to_move 2 nodes_visited 775
[23:02:30.588] START to_move 1
[23:02:30.624] STOP to_move 1 nodes_visited 614
[23:02:30.624] START to_move 2
[23:02:30.645] STOP to_move 2 nodes_visited 380
[23:02:30.646] START to_move 1
[23:02:30.678] STOP to_move 1 nodes_visited 547
[23:02:30.678] START to_move 2
[23:02:30.716] STOP to_move 2 nodes_visited 641
[23:02:30.717] START to_move 1
[23:02:30.747] STOP to_move 1 nodes_visited 517
[23:02:30.748] START to_move 2
[23:02:30.769] STOP to_move 2 nodes_visited 375
[23:02:30.769] START to_move 1
[23:02:30.799] STOP to_move 1 nodes_visited 510
[23:02:30.799] START to_move 2
[23:02:30.833] STOP to_move 2 nodes_visited 606
[23:02:30.834] START to_move 1
[23:02:30.858] STOP to_move 1 nodes_visited 416
[23:02:30.858] START to_move 2
[23:02:30.878] STOP to_move 2 nodes_visited 358
[23:02:30.878] START to_move 1
[23:02:31.002] STOP to_move 1 nodes_visited 1990
[23:02:31.003] START to_move 2
[23:02:31.023] STOP to_move 2 nodes_visited 361
[23:02:31.023] START to_move 1
[23:02:31.145] STOP to_move 1 nodes_visited 2000
[23:02:31.146] START to_move 2
[23:02:31.166] STOP to_move 2 nodes_visited 361
[23:02:31.166] START to_move 1
[23:02:31.289] STOP to_move 1 nodes_visited 1996
[23:02:31.290] START to_move 2
[23:02:31.326] STOP to_move 2 nodes_visited 617
[23:02:31.326] START to_move 1
[23:02:31.440] STOP to_move 1 nodes_visited 1876
[23:02:31.441] START to_move 2
[23:02:31.461] STOP to_move 2 nodes_visited 348
[23:02:31.461] START to_move 1
[23:02:31.502] STOP to_move 1 nodes_visited 681
[23:02:31.502] START to_move 2
[23:02:31.519] STOP to_move 2 nodes_visited 296
[23:02:31.519] START to_move 1
[23:02:31.543] STOP to_move 1 nodes_visited 380
[23:02:31.543] START to_move 2
[23:02:31.558] STOP to_move 2 nodes_visited 267
[23:02:31.558] START to_move 1
[23:02:31.586] STOP to_move 1 nodes_visited 468
[23:02:31.586] START to_move 2
[23:02:31.600] STOP to_move 2 nodes_visited 258
[23:02:31.600] START to_move 1
[23:02:31.627] STOP to_move 1 nodes_visited 455
[23:02:31.627] START to_move 2
[23:02:31.642] STOP to_move 2 nodes_visited 264
[23:02:31.642] START to_move 1
[23:02:31.669] STOP to_move 1 nodes_visited 459
[23:02:31.669] START to_move 2
[23:02:31.706] STOP to_move 2 nodes_visited 644
[23:02:31.707] START to_move 1
[23:02:31.767] STOP to_move 1 nodes_visited 980
[23:02:31.767] START to_move 2
[23:02:31.848] STOP to_move 2 nodes_visited 1368
[23:02:31.849] START to_move 1
[23:02:31.899] STOP to_move 1 nodes_visited 822
[23:02:31.900] START to_move 2
[23:02:31.915] STOP to_move 2 nodes_visited 269
[23:02:31.916] START to_move 1
[23:02:31.961] STOP to_move 1 nodes_visited 732
[23:02:31.961] START to_move 2
[23:02:31.990] STOP to_move 2 nodes_visited 514
[23:02:31.990] START to_move 1
[23:02:32.072] STOP to_move 1 nodes_visited 1356
[23:02:32.073] START to_move 2
[23:02:32.089] STOP to_move 2 nodes_visited 275
[23:02:32.089] START to_move 1
[23:02:32.167] STOP to_move 1 nodes_visited 1281
[23:02:32.167] START to_move 2
[23:02:32.182] STOP to_move 2 nodes_visited 270
[23:02:32.183] START to_move 1
[23:02:32.215] STOP to_move 1 nodes_visited 542
[23:02:32.215] START to_move 2
[23:02:32.230] STOP to_move 2 nodes_visited 268
[23:02:32.230] START to_move 1
[23:02:32.268] STOP to_move 1 nodes_visited 640
[23:02:32.269] START to_move 2
[23:02:32.284] STOP to_move 2 nodes_visited 265
[23:02:32.284] START to_move 1
[23:02:32.315] STOP to_move 1 nodes_visited 512
[23:02:32.315] START to_move 2
[23:02:32.330] STOP to_move 2 nodes_visited 271
[23:02:32.330] START to_move 1
[23:02:32.362] STOP to_move 1 nodes_visited 505
[23:02:32.362] START to_move 2
[23:02:32.377] STOP to_move 2 nodes_visited 271
[23:02:32.378] START to_move 1
[23:02:32.407] STOP to_move 1 nodes_visited 496
[23:02:32.407] START to_move 2
[23:02:32.422] STOP to_move 2 nodes_visited 263
[23:02:32.422] START to_move 1
[23:02:32.441] STOP to_move 1 nodes_visited 319
[23:02:32.441] START to_move 2
[23:02:32.455] STOP to_move 2 nodes_visited 253
[23:02:32.455] START to_move 1
[23:02:32.474] STOP to_move 1 nodes_visited 316
[23:02:32.474] START to_move 2
[23:02:32.489] STOP to_move 2 nodes_visited 253
[23:02:32.489] START to_move 1
[23:02:32.507] STOP to_move 1 nodes_visited 311
[23:02:32.507] START to_move 2
[23:02:32.521] STOP to_move 2 nodes_visited 253
[23:02:32.522] START to_move 1
[23:02:32.541] STOP to_move 1 nodes_visited 326
[23:02:32.541] START to_move 2
[23:02:32.555] STOP to_move 2 nodes_visited 244
[23:02:32.555] START to_move 1
[23:02:32.573] STOP to_move 1 nodes_visited 299
[23:02:32.573] START to_move 2
[23:02:32.581] STOP to_move 2 nodes_visited 143
[23:02:32.581] START to_move 1
[23:02:32.603] STOP to_move 1 nodes_visited 374
[23:02:32.603] START to_move 2
[23:02:32.613] STOP to_move 2 nodes_visited 177
[23:02:32.613] START to_move 1
[23:02:32.669] STOP to_move 1 nodes_visited 895
[23:02:32.670] START to_move 2
[23:02:32.680] STOP to_move 2 nodes_visited 198
[23:02:32.681] START to_move 1
[23:02:32.731] STOP to_move 1 nodes_visited 830
[23:02:32.731] START to_move 2
[23:02:32.742] STOP to_move 2 nodes_visited 195
[23:02:32.742] START to_move 1
[23:02:32.793] STOP to_move 1 nodes_visited 831
[23:02:32.793] START to_move 2
[23:02:32.804] STOP to_move 2 nodes_visited 192
[23:02:32.804] START to_move 1
[23:02:32.855] STOP to_move 1 nodes_visited 841
[23:02:32.855] START to_move 2
[23:02:32.865] STOP to_move 2 nodes_visited 188
[23:02:32.865] START to_move 1
[23:02:32.888] STOP to_move 1 nodes_visited 381
[23:02:32.888] START to_move 2
[23:02:32.898] STOP to_move 2 nodes_visited 179
[23:02:32.898] START to_move 1
[23:02:32.921] STOP to_move 1 nodes_visited 374
[23:02:32.921] START to_move 2
[23:02:32.930] STOP to_move 2 nodes_visited 176
[23:02:32.930] START to_move 1
[23:02:32.961] STOP to_move 1 nodes_visited 492
[23:02:32.961] START to_move 2
[23:02:32.970] STOP to_move 2 nodes_visited 150
[23:02:32.970] START to_move 1
[23:02:32.989] STOP to_move 1 nodes_visited 321
[23:02:32.989] START to_move 2
[23:02:32.997] STOP to_move 2 nodes_visited 144
[23:02:32.997] START to_move 1
[23:02:33.010] STOP to_move 1 nodes_visited 218
[23:02:33.010] START to_move 2
[23:02:33.018] STOP to_move 2 nodes_visited 144
[23:02:33.018] START to_move 1
[23:02:33.030] STOP to_move 1 nodes_visited 206
[23:02:33.031] START to_move 2
[23:02:33.038] STOP to_move 2 nodes_visited 137
[23:02:33.038] START to_move 1
[23:02:33.050] STOP to_move 1 nodes_visited 206
[23:02:33.050] START to_move 2
[23:02:33.058] STOP to_move 2 nodes_visited 137
[23:02:33.058] START to_move 1
[23:02:33.070] STOP to_move 1 nodes_visited 206
[23:02:33.070] START to_move 2
[23:02:33.078] STOP to_move 2 nodes_visited 130
[23:02:33.078] START to_move 1
[23:02:33.092] STOP to_move 1 nodes_visited 233
[23:02:33.092] START to_move 2
[23:02:33.099] STOP to_move 2 nodes_visited 129
[23:02:33.099] START to_move 1
[23:02:33.114] STOP to_move 1 nodes_visited 245
[23:02:33.114] START to_move 2
[23:02:33.121] STOP to_move 2 nodes_visited 131
[23:02:33.121] START to_move 1
[23:02:33.129] STOP to_move 1 nodes_visited 136
[23:02:33.129] START to_move 2
[23:02:33.136] STOP to_move 2 nodes_visited 129
[23:02:33.136] START to_move 1
[23:02:33.143] STOP to_move 1 nodes_visited 126
[23:02:33.144] START to_move 2
[23:02:33.150] STOP to_move 2 nodes_visited 128
[23:02:33.151] START to_move 1
[23:02:33.158] STOP to_move 1 nodes_visited 134
[23:02:33.158] START to_move 2
[23:02:33.166] STOP to_move 2 nodes_visited 128
[23:02:33.166] START to_move 1
[23:02:33.181] STOP to_move 1 nodes_visited 255
[23:02:33.181] START to_move 2
[23:02:33.188] STOP to_move 2 nodes_visited 124
[23:02:33.188] START to_move 1
[23:02:33.199] STOP to_move 1 nodes_visited 189
[23:02:33.199] START to_move 2
[23:02:33.206] STOP to_move 2 nodes_visited 118
[23:02:33.206] START to_move 1
[23:02:33.217] STOP to_move 1 nodes_visited 189
[23:02:33.217] START to_move 2
[23:02:33.224] STOP to_move 2 nodes_visited 118
[23:02:33.224] START to_move 1
[23:02:33.235] STOP to_move 1 nodes_visited 191
[23:02:33.235] START to_move 2
[23:02:33.241] STOP to_move 2 nodes_visited 113
[23:02:33.241] START to_move 1
[23:02:33.242] STOP to_move 1 nodes_visited 10
[23:02:33.242] END winner 1 - rounds 199
