[23:03:33.290] 1 - distance_function euclides - pruning True
[23:03:33.290] 2 - distance_function chebyshev - pruning True
[23:03:33.290] START to_move 1
[23:03:33.419] STOP to_move 1 nodes_visited 2080
[23:03:33.420] START to_move 2
[23:03:33.529] STOP to_move 2 nodes_visited 1637
[23:03:33.530] START to_move 1
[23:03:33.615] STOP to_move 1 nodes_visited 1357
[23:03:33.616] START to_move 2
[23:03:33.720] STOP to_move 2 nodes_visited 1678
[23:03:33.721] START to_move 1
[23:03:33.811] STOP to_move 1 nodes_visited 1462
[23:03:33.811] START to_move 2
[23:03:33.910] STOP to_move 2 nodes_visited 1589
[23:03:33.911] START to_move 1
[23:03:34.060] STOP to_move 1 nodes_visited 2393
[23:03:34.061] START to_move 2
[23:03:34.162] STOP to_move 2 nodes_visited 1617
[23:03:34.163] START to_move 1
[23:03:34.308] STOP to_move 1 nodes_visited 2322
[23:03:34.309] START to_move 2
[23:03:34.588] STOP to_move 2 nodes_visited 4259
[23:03:34.590] START to_move 1
[23:03:34.650] STOP to_move 1 nodes_visited 964
[23:03:34.650] START to_move 2
[23:03:34.950] STOP to_move 2 nodes_visited 4616
[23:03:34.953] START to_move 1
[23:03:35.011] STOP to_move 1 nodes_visited 941
[23:03:35.011] START to_move 2
[23:03:35.318] STOP to_move 2 nodes_visited 4751
[23:03:35.321] START to_move 1
[23:03:35.397] STOP to_move 1 nodes_visited 1230
[23:03:35.398] START to_move 2
[23:03:35.596] STOP to_move 2 nodes_visited 3074
[23:03:35.598] START to_move 1
[23:03:35.660] STOP to_move 1 nodes_visited 1020
[23:03:35.661] START to_move 2
[23:03:35.828] STOP to_move 2 nodes_visited 2611
[23:03:35.830] START to_move 1
[23:03:35.899] STOP to_move 1 nodes_visited 1161
[23:03:35.900] START to_move 2
[23:03:36.070] STOP to_move 2 nodes_visited 2645
[23:03:36.072] START to_move 1
[23:03:36.127] STOP to_move 1 nodes_visited 930
[23:03:36.127] START to_move 2
[23:03:36.304] STOP to_move 2 nodes_visited 2760
[23:03:36.306] START to_move 1
[23:03:36.380] STOP to_move 1 nodes_visited 1236
[23:03:36.380] START to_move 2
[23:03:36.557] STOP to_move 2 nodes_visited 2730
[23:03:36.559] START to_move 1
[23:03:36.624] STOP to_move 1 nodes_visited 1064
[23:03:36.624] START to_move 2
[23:03:36.800] STOP to_move 2 nodes_visited 2718
[23:03:36.801] START to_move 1
[23:03:36.889] STOP to_move 1 nodes_visited 1456
[23:03:36.889] START to_move 2
[23:03:37.068] STOP to_move 2 nodes_visited 2757
[23:03:37.069] START to_move 1
[23:03:37.295] STOP to_move 1 nodes_visited 3640
[23:03:37.297] START to_move 2
[23:03:37.497] STOP to_move 2 nodes_visited 3147
[23:03:37.498] START to_move 1
[23:03:37.698] STOP to_move 1 nodes_visited 3263
[23:03:37.700] START to_move 2
[23:03:37.881] STOP to_move 2 nodes_visited 2793
[23:03:37.882] START to_move 1
[23:03:37.965] STOP to_move 1 nodes_visited 1387
[23:03:37.966] START to_move 2
[23:03:38.146] STOP to_move 2 nodes_visited 2793
[23:03:38.148] START to_move 1
[23:03:38.273] STOP to_move 1 nodes_visited 2091
[23:03:38.274] START to_move 2
[23:03:38.454] STOP to_move 2 nodes_visited 2793
[23:03:38.455] START to_move 1
[23:03:38.580] STOP to_move 1 nodes_visited 2090
[23:03:38.582] START to_move 2
[23:03:38.834] STOP to_move 2 nodes_visited 3925
[23:03:38.837] START to_move 1
[23:03:38.974] STOP to_move 1 nodes_visited 2243
[23:03:38.975] START to_move 2
[23:03:39.142] STOP to_move 2 nodes_visited 2637
[23:03:39.144] START to_move 1
[23:03:39.264] STOP to_move 1 nodes_visited 1973
[23:03:39.265] START to_move 2
[23:03:39.423] STOP to_move 2 nodes_visited 2542
[23:03:39.425] START to_move 1
[23:03:39.496] STOP to_move 1 nodes_visited 1167
[23:03:39.496] START to_move 2
[23:03:39.597] STOP to_move 2 nodes_visited 1629
[23:03:39.598] START to_move 1
[23:03:39.673] STOP to_move 1 nodes_visited 1243
[23:03:39.673] START to_move 2
[23:03:39.748] STOP to_move 2 nodes_visited 1188
[23:03:39.749] START to_move 1
[23:03:39.818] STOP to_move 1 nodes_visited 1155
[23:03:39.819] START to_move 2
[23:03:39.888] STOP to_move 2 nodes_visited 1126
[23:03:39.889] START to_move 1
[23:03:39.967] STOP to_move 1 nodes_visited 1256
[23:03:39.967] START to_move 2
[23:03:40.078] STOP to_move 2 nodes_visited 1783
[23:03:40.079] START to_move 1
[23:03:40.162] STOP to_move 1 nodes_visited 1338
[23:03:40.163] START to_move 2
[23:03:40.276] STOP to_move 2 nodes_visited 1775
[23:03:40.277] START to_move 1
[23:03:40.347] STOP to_move 1 nodes_visited 1175
[23:03:40.348] START to_move 2
[23:03:40.372] STOP to_move 2 nodes_visited 408
[23:03:40.373] START to_move 1
[23:03:40.445] STOP to_move 1 nodes_visited 1213
[23:03:40.446] START to_move 2
[23:03:40.476] STOP to_move 2 nodes_visited 501
[23:03:40.476] START to_move 1
[23:03:40.569] STOP to_move 1 nodes_visited 1522
[23:03:40.570] START to_move 2
[23:03:40.744] STOP to_move 2 nodes_visited 2793
[23:03:40.746] START to_move 1
[23:03:40.807] STOP to_move 1 nodes_visited 998
[23:03:40.808] START to_move 2
[23:03:40.979] STOP to_move 2 nodes_visited 2735
[23:03:40.981] START to_move 1
[23:03:41.081] STOP to_move 1 nodes_visited 1631
[23:03:41.082] START to_move 2
[23:03:41.111] STOP to_move 2 nodes_visited 469
[23:03:41.111] START to_move 1
[23:03:41.232] STOP to_move 1 nodes_visited 2021
[23:03:41.233] START to_move 2
[23:03:41.334] STOP to_move 2 nodes_visited 1576
[23:03:41.335] START to_move 1
[23:03:41.433] STOP to_move 1 nodes_visited 1630
[23:03:41.434] START to_move 2
[23:03:41.464] STOP to_move 2 nodes_visited 499
[23:03:41.464] START to_move 1
[23:03:41.566] STOP to_move 1 nodes_visited 1696
[23:03:41.567] START to_move 2
[23:03:41.741] STOP to_move 2 nodes_visited 2767
[23:03:41.743] START to_move 1
[23:03:41.830] STOP to_move 1 nodes_visited 1442
[23:03:41.831] START to_move 2
[23:03:41.901] STOP to_move 2 nodes_visited 1112
[23:03:41.902] START to_move 1
[23:03:41.978] STOP to_move 1 nodes_visited 1266
[23:03:41.978] START to_move 2
[23:03:42.000] STOP to_move 2 nodes_visited 369
[23:03:42.001] START to_move 1
[23:03:42.093] STOP to_move 1 nodes_visited 1541
[23:03:42.094] START to_move 2
[23:03:42.117] STOP to_move 2 nodes_visited 378
[23:03:42.117] START to_move 1
[23:03:42.214] STOP to_move 1 nodes_visited 1607
[23:03:42.215] START to_move 2
[23:03:42.238] STOP to_move 2 nodes_visited 382
[23:03:42.238] START to_move 1
[23:03:42.326] STOP to_move 1 nodes_visited 1467
[23:03:42.326] START to_move 2
[23:03:42.348] STOP to_move 2 nodes_visited 370
[23:03:42.349] START to_move 1
[23:03:42.436] STOP to_move 1 nodes_visited 1426
[23:03:42.437] START to_move 2
[23:03:42.459] STOP to_move 2 nodes_visited 367
[23:03:42.460] START to_move 1
[23:03:42.548] STOP to_move 1 nodes_visited 1474
[23:03:42.549] START to_move 2
[23:03:42.587] STOP to_move 2 nodes_visited 625
[23:03:42.588] START to_move 1
[23:03:42.662] STOP to_move 1 nodes_visited 1207
[23:03:42.663] START to_move 2
[23:03:42.683] STOP to_move 2 nodes_visited 341
[23:03:42.684] START to_move 1
[23:03:42.768] STOP to_move 1 nodes_visited 1414
[23:03:42.769] START to_move 2
[23:03:42.790] STOP to_move 2 nodes_visited 341
[23:03:42.790] START to_move 1
[23:03:42.864] STOP to_move 1 nodes_visited 1225
[23:03:42.864] START to_move 2
[23:03:42.885] STOP to_move 2 nodes_visited 341
[23:03:42.885] START to_move 1
[23:03:42.961] STOP to_move 1 nodes_visited 1226
[23:03:42.962] START to_move 2
[23:03:42.983] STOP to_move 2 nodes_visited 355
[23:03:42.983] START to_move 1
[23:03:43.065] STOP to_move 1 nodes_visited 1334
[23:03:43.066] START to_move 2
[23:03:43.086] STOP to_move 2 nodes_visited 346
[23:03:43.087] START to_move 1
[23:03:43.150] STOP to_move 1 nodes_visited 1048
[23:03:43.150] START to_move 2
[23:03:43.171] STOP to_move 2 nodes_visited 348
[23:03:43.172] START to_move 1
[23:03:43.243] STOP to_move 1 nodes_visited 1159
[23:03:43.244] START to_move 2
[23:03:43.265] STOP to_move 2 nodes_visited 356
[23:03:43.266] START to_move 1
[23:03:43.334] STOP to_move 1 nodes_visited 1138
[23:03:43.334] START to_move 2
[23:03:43.420] STOP to_move 2 nodes_visited 1371
[23:03:43.421] START to_move 1
[23:03:43.479] STOP to_move 1 nodes_visited 971
[23:03:43.479] START to_move 2
[23:03:43.502] STOP to_move 2 nodes_visited 358
[23:03:43.502] START to_move 1
[23:03:43.563] STOP to_move 1 nodes_visited 1009
[23:03:43.563] START to_move 2
[23:03:43.584] STOP to_move 2 nodes_visited 356
[23:03:43.585] START to_move 1
[23:03:43.698] STOP to_move 1 nodes_visited 1881
[23:03:43.699] START to_move 2
[23:03:43.743] STOP to_move 2 nodes_visited 721
[23:03:43.744] START to_move 1
[23:03:43.836] STOP to_move 1 nodes_visited 1500
[23:03:43.837] START to_move 2
[23:03:43.858] STOP to_move 2 nodes_visited 352
[23:03:43.859] START to_move 1
[23:03:43.957] STOP to_move 1 nodes_visited 1629
[23:03:43.958] START to_move 2
[23:03:43.988] STOP to_move 2 nodes_visited 479
[23:03:43.988] START to_move 1
[23:03:44.053] STOP to_move 1 nodes_visited 1039
[23:03:44.054] START to_move 2
[23:03:44.076] STOP to_move 2 nodes_visited 357
[23:03:44.076] START to_move 1
[23:03:44.119] STOP to_move 1 nodes_visited 728
[23:03:44.120] START to_move 2
[23:03:44.140] STOP to_move 2 nodes_visited 345
[23:03:44.141] START to_move 1
[23:03:44.184] STOP to_move 1 nodes_visited 728
[23:03:44.185] START to_move 2
[23:03:44.277] STOP to_move 2 nodes_visited 1454
[23:03:44.278] START to_move 1
[23:03:44.319] STOP to_move 1 nodes_visited 700
[23:03:44.320] START to_move 2
[23:03:44.377] STOP to_move 2 nodes_visited 889
[23:03:44.378] START to_move 1
[23:03:44.424] STOP to_move 1 nodes_visited 781
[23:03:44.425] START to_move 2
[23:03:44.442] STOP to_move 2 nodes_visited 286
[23:03:44.442] START to_move 1
[23:03:44.476] STOP to_move 1 nodes_visited 561
[23:03:44.476] START to_move 2
[23:03:44.491] STOP to_move 2 nodes_visited 249
[23:03:44.491] START to_move 1
[23:03:44.520] STOP to_move 1 nodes_visited 498
[23:03:44.521] START to_move 2
[23:03:44.536] STOP to_move 2 nodes_visited 265
[23:03:44.536] START to_move 1
[23:03:44.567] STOP to_move 1 nodes_visited 516
[23:03:44.568] START to_move 2
[23:03:44.583] STOP to_move 2 nodes_visited 256
[23:03:44.583] START to_move 1
[23:03:44.607] STOP to_move 1 nodes_visited 420
[23:03:44.608] START to_move 2
[23:03:44.631] STOP to_move 2 nodes_visited 357
[23:03:44.631] START to_move 1
[23:03:44.660] STOP to_move 1 nodes_visited 494
[23:03:44.661] START to_move 2
[23:03:44.671] STOP to_move 2 nodes_visited 183
[23:03:44.671] START to_move 1
[23:03:44.695] STOP to_move 1 nodes_visited 391
[23:03:44.695] START to_move 2
[23:03:44.705] STOP to_move 2 nodes_visited 179
[23:03:44.705] START to_move 1
[23:03:44.727] STOP to_move 1 nodes_visited 355
[23:03:44.727] START to_move 2
[23:03:44.737] STOP to_move 2 nodes_visited 171
[23:03:44.737] START to_move 1
[23:03:44.759] STOP to_move 1 nodes_visited 373
[23:03:44.759] START to_move 2
[23:03:44.777] STOP to_move 2 nodes_visited 284
[23:03:44.777] START to_move 1
[23:03:44.802] STOP to_move 1 nodes_visited 422
[23:03:44.802] START to_move 2
[23:03:44.811] STOP to_move 2 nodes_visited 145
[23:03:44.811] START to_move 1
[23:03:44.833] STOP to_move 1 nodes_visited 373
[23:03:44.833] START to_move 2
[23:03:44.842] STOP to_move 2 nodes_visited 145
[23:03:44.842] START to_move 1
[23:03:44.865] STOP to_move 1 nodes_visited 379
[23:03:44.865] START to_move 2
[23:03:44.874] STOP to_move 2 nodes_visited 151
[23:03:44.874] START to_move 1
[23:03:44.896] STOP to_move 1 nodes_visited 373
[23:03:44.896] START to_move 2
[23:03:44.905] STOP to_move 2 nodes_visited 145
[23:03:44.905] START to_move 1
[23:03:44.929] STOP to_move 1 nodes_visited 373
[23:03:44.929] START to_move 2
[23:03:44.937] STOP to_move 2 nodes_visited 145
[23:03:44.937] START to_move 1
[23:03:44.959] STOP to_move 1 nodes_visited 373
[23:03:44.960] START to_move 2
[23:03:44.972] STOP to_move 2 nodes_visited 199
[23:03:44.972] START to_move 1
[23:03:44.992] STOP to_move 1 nodes_visited 329
[23:03:44.992] START to_move 2
[23:03:45.004] STOP to_move 2 nodes_visited 202
[23:03:45.004] START to_move 1
[23:03:45.022] STOP to_move 1 nodes_visited 302
[23:03:45.022] START to_move 2
[23:03:45.035] STOP to_move 2 nodes_visited 205
[23:03:45.035] START to_move 1
[23:03:45.051] STOP to_move 1 nodes_visited 264
[23:03:45.051] START to_move 2
[23:03:45.060] STOP to_move 2 nodes_visited 157
[23:03:45.060] START to_move 1
[23:03:45.081] STOP to_move 1 nodes_visited 357
[23:03:45.082] START to_move 2
[23:03:45.098] STOP to_move 2 nodes_visited 266
[23:03:45.099] START to_move 1
[23:03:45.114] STOP to_move 1 nodes_visited 266
[23:03:45.114] START to_move 2
[23:03:45.131] STOP to_move 2 nodes_visited 267
[23:03:45.131] START to_move 1
[23:03:45.148] STOP to_move 1 nodes_visited 286
[23:03:45.148] START to_move 2
[23:03:45.165] STOP to_move 2 nodes_visited 267
[23:03:45.165] START to_move 1
[23:03:45.181] STOP to_move 1 nodes_visited 271
[23:03:45.182] START to_move 2
[23:03:45.196] STOP to_move 2 nodes_visited 233
[23:03:45.196] START to_move 1
[23:03:45.208] STOP to_move 1 nodes_visited 212
[23:03:45.208] END winner 1 - rounds 161
