[23:19:50.677] 1 - distance_function euclides - pruning True
[23:19:50.677] 2 - distance_function chebyshev - pruning True
[23:19:50.677] START to_move 1
[23:19:50.746] STOP to_move 1 nodes_visited 1142
[23:19:50.747] START to_move 2
[23:19:51.100] STOP to_move 2 nodes_visited 5374
[23:19:51.104] START to_move 1
[23:19:51.145] STOP to_move 1 nodes_visited 685
[23:19:51.145] START to_move 2
[23:19:51.235] STOP to_move 2 nodes_visited 1391
[23:19:51.235] START to_move 1
[23:19:51.383] STOP to_move 1 nodes_visited 2476
[23:19:51.385] START to_move 2
[23:19:51.902] STOP to_move 2 nodes_visited 7839
[23:19:51.907] START to_move 1
[23:19:52.071] STOP to_move 1 nodes_visited 2688
[23:19:52.073] START to_move 2
[23:19:52.548] STOP to_move 2 nodes_visited 7129
[23:19:52.553] START to_move 1
[23:19:52.728] STOP to_move 1 nodes_visited 2913
[23:19:52.730] START to_move 2
[23:19:53.162] STOP to_move 2 nodes_visited 6548
[23:19:53.166] START to_move 1
[23:19:53.342] STOP to_move 1 nodes_visited 2861
[23:19:53.344] START to_move 2
[23:19:53.767] STOP to_move 2 nodes_visited 6544
[23:19:53.771] START to_move 1
[23:19:53.944] STOP to_move 1 nodes_visited 2837
[23:19:53.946] START to_move 2
[23:19:54.373] STOP to_move 2 nodes_visited 6622
[23:19:54.377] START to_move 1
[23:19:54.548] STOP to_move 1 nodes_visited 2820
[23:19:54.549] START to_move 2
[23:19:54.964] STOP to_move 2 nodes_visited 6327
[23:19:54.968] START to_move 1
[23:19:55.142] STOP to_move 1 nodes_visited 2900
[23:19:55.143] START to_move 2
[23:19:55.567] STOP to_move 2 nodes_visited 6500
[23:19:55.571] START to_move 1
[23:19:55.691] STOP to_move 1 nodes_visited 1993
[23:19:55.692] START to_move 2
[23:19:56.109] STOP to_move 2 nodes_visited 6490
[23:19:56.113] START to_move 1
[23:19:56.276] STOP to_move 1 nodes_visited 2617
[23:19:56.277] START to_move 2
[23:19:56.703] STOP to_move 2 nodes_visited 6576
[23:19:56.707] START to_move 1
[23:19:56.866] STOP to_move 1 nodes_visited 2573
[23:19:56.868] START to_move 2
[23:19:57.260] STOP to_move 2 nodes_visited 6088
[23:19:57.264] START to_move 1
[23:19:57.420] STOP to_move 1 nodes_visited 2538
[23:19:57.422] START to_move 2
[23:19:57.811] STOP to_move 2 nodes_visited 6048
[23:19:57.815] START to_move 1
[23:19:58.037] STOP to_move 1 nodes_visited 3650
[23:19:58.039] START to_move 2
[23:19:58.207] STOP to_move 2 nodes_visited 2641
[23:19:58.208] START to_move 1
[23:19:58.401] STOP to_move 1 nodes_visited 3145
[23:19:58.403] START to_move 2
[23:19:58.510] STOP to_move 2 nodes_visited 1709
[23:19:58.511] START to_move 1
[23:19:58.705] STOP to_move 1 nodes_visited 3177
[23:19:58.707] START to_move 2
[23:19:58.752] STOP to_move 2 nodes_visited 729
[23:19:58.752] START to_move 1
[23:19:59.009] STOP to_move 1 nodes_visited 4218
[23:19:59.012] START to_move 2
[23:19:59.056] STOP to_move 2 nodes_visited 726
[23:19:59.056] START to_move 1
[23:19:59.089] STOP to_move 1 nodes_visited 559
[23:19:59.089] START to_move 2
[23:19:59.165] STOP to_move 2 nodes_visited 1199
[23:19:59.166] START to_move 1
[23:19:59.196] STOP to_move 1 nodes_visited 513
[23:19:59.196] START to_move 2
[23:19:59.221] STOP to_move 2 nodes_visited 412
[23:19:59.221] START to_move 1
[23:19:59.245] STOP to_move 1 nodes_visited 406
[23:19:59.245] START to_move 2
[23:19:59.272] STOP to_move 2 nodes_visited 440
[23:19:59.272] START to_move 1
[23:19:59.344] STOP to_move 1 nodes_visited 1206
[23:19:59.345] START to_move 2
[23:19:59.372] STOP to_move 2 nodes_visited 453
[23:19:59.372] START to_move 1
[23:19:59.438] STOP to_move 1 nodes_visited 1078
[23:19:59.439] START to_move 2
[23:19:59.467] STOP to_move 2 nodes_visited 473
[23:19:59.467] START to_move 1
[23:19:59.536] STOP to_move 1 nodes_visited 1158
[23:19:59.537] START to_move 2
[23:19:59.566] STOP to_move 2 nodes_visited 469
[23:19:59.566] START to_move 1
[23:19:59.658] STOP to_move 1 nodes_visited 1544
[23:19:59.659] START to_move 2
[23:19:59.687] STOP to_move 2 nodes_visited 469
[23:19:59.687] START to_move 1
[23:19:59.733] STOP to_move 1 nodes_visited 761
[23:19:59.734] START to_move 2
[23:19:59.767] STOP to_move 2 nodes_visited 541
[23:19:59.767] START to_move 1
[23:19:59.834] STOP to_move 1 nodes_visited 1108
[23:19:59.834] START to_move 2
[23:20:00.181] STOP to_move 2 nodes_visited 5444
[23:20:00.184] START to_move 1
[23:20:00.240] STOP to_move 1 nodes_visited 893
[23:20:00.241] START to_move 2
[23:20:00.274] STOP to_move 2 nodes_visited 541
[23:20:00.274] START to_move 1
[23:20:00.342] STOP to_move 1 nodes_visited 1148
[23:20:00.343] START to_move 2
[23:20:00.405] STOP to_move 2 nodes_visited 998
[23:20:00.406] START to_move 1
[23:20:00.460] STOP to_move 1 nodes_visited 921
[23:20:00.461] START to_move 2
[23:20:00.493] STOP to_move 2 nodes_visited 534
[23:20:00.494] START to_move 1
[23:20:00.542] STOP to_move 1 nodes_visited 785
[23:20:00.542] START to_move 2
[23:20:00.575] STOP to_move 2 nodes_visited 545
[23:20:00.576] START to_move 1
[23:20:00.622] STOP to_move 1 nodes_visited 783
[23:20:00.622] START to_move 2
[23:20:00.695] STOP to_move 2 nodes_visited 1168
[23:20:00.695] START to_move 1
[23:20:00.742] STOP to_move 1 nodes_visited 800
[23:20:00.743] START to_move 2
[23:20:00.776] STOP to_move 2 nodes_visited 541
[23:20:00.776] START to_move 1
[23:20:00.926] STOP to_move 1 nodes_visited 2429
[23:20:00.927] START to_move 2
[23:20:00.959] STOP to_move 2 nodes_visited 525
[23:20:00.959] START to_move 1
[23:20:01.001] STOP to_move 1 nodes_visited 719
[23:20:01.001] START to_move 2
[23:20:01.033] STOP to_move 2 nodes_visited 527
[23:20:01.033] START to_move 1
[23:20:01.080] STOP to_move 1 nodes_visited 764
[23:20:01.080] START to_move 2
[23:20:01.113] STOP to_move 2 nodes_visited 534
[23:20:01.113] START to_move 1
[23:20:01.147] STOP to_move 1 nodes_visited 571
[23:20:01.147] START to_move 2
[23:20:01.178] STOP to_move 2 nodes_visited 514
[23:20:01.178] START to_move 1
[23:20:01.226] STOP to_move 1 nodes_visited 798
[23:20:01.226] START to_move 2
[23:20:01.258] STOP to_move 2 nodes_visited 530
[23:20:01.259] START to_move 1
[23:20:01.305] STOP to_move 1 nodes_visited 771
[23:20:01.305] START to_move 2
[23:20:01.336] STOP to_move 2 nodes_visited 514
[23:20:01.336] START to_move 1
[23:20:01.357] STOP to_move 1 nodes_visited 329
[23:20:01.358] START to_move 2
[23:20:01.385] STOP to_move 2 nodes_visited 446
[23:20:01.385] START to_move 1
[23:20:01.421] STOP to_move 1 nodes_visited 614
[23:20:01.421] START to_move 2
[23:20:01.448] STOP to_move 2 nodes_visited 441
[23:20:01.448] START to_move 1
[23:20:01.491] STOP to_move 1 nodes_visited 724
[23:20:01.491] START to_move 2
[23:20:01.517] STOP to_move 2 nodes_visited 428
[23:20:01.517] START to_move 1
[23:20:01.559] STOP to_move 1 nodes_visited 704
[23:20:01.560] START to_move 2
[23:20:01.584] STOP to_move 2 nodes_visited 410
[23:20:01.585] START to_move 1
[23:20:01.665] STOP to_move 1 nodes_visited 1311
[23:20:01.666] START to_move 2
[23:20:01.692] STOP to_move 2 nodes_visited 425
[23:20:01.692] START to_move 1
[23:20:01.735] STOP to_move 1 nodes_visited 732
[23:20:01.736] START to_move 2
[23:20:01.783] STOP to_move 2 nodes_visited 770
[23:20:01.784] START to_move 1
[23:20:01.875] STOP to_move 1 nodes_visited 1517
[23:20:01.876] START to_move 2
[23:20:01.927] STOP to_move 2 nodes_visited 797
[23:20:01.927] START to_move 1
[23:20:02.029] STOP to_move 1 nodes_visited 1699
[23:20:02.030] START to_move 2
[23:20:02.078] STOP to_move 2 nodes_visited 764
[23:20:02.078] START to_move 1
[23:20:02.115] STOP to_move 1 nodes_visited 618
[23:20:02.115] START to_move 2
[23:20:02.140] STOP to_move 2 nodes_visited 420
[23:20:02.140] START to_move 1
[23:20:02.219] STOP to_move 1 nodes_visited 1280
[23:20:02.220] START to_move 2
[23:20:02.245] STOP to_move 2 nodes_visited 420
[23:20:02.246] START to_move 1
[23:20:02.287] STOP to_move 1 nodes_visited 700
[23:20:02.287] START to_move 2
[23:20:02.312] STOP to_move 2 nodes_visited 420
[23:20:02.313] START to_move 1
[23:20:02.355] STOP to_move 1 nodes_visited 711
[23:20:02.355] START to_move 2
[23:20:02.378] STOP to_move 2 nodes_visited 381
[23:20:02.378] START to_move 1
[23:20:02.539] STOP to_move 1 nodes_visited 2622
[23:20:02.540] START to_move 2
[23:20:02.563] STOP to_move 2 nodes_visited 381
[23:20:02.563] START to_move 1
[23:20:02.603] STOP to_move 1 nodes_visited 661
[23:20:02.603] START to_move 2
[23:20:02.627] STOP to_move 2 nodes_visited 390
[23:20:02.627] START to_move 1
[23:20:02.664] STOP to_move 1 nodes_visited 627
[23:20:02.664] START to_move 2
[23:20:02.700] STOP to_move 2 nodes_visited 599
[23:20:02.701] START to_move 1
[23:20:02.727] STOP to_move 1 nodes_visited 436
[23:20:02.727] START to_move 2
[23:20:02.750] STOP to_move 2 nodes_visited 376
[23:20:02.750] START to_move 1
[23:20:02.770] STOP to_move 1 nodes_visited 328
[23:20:02.770] START to_move 2
[23:20:02.795] STOP to_move 2 nodes_visited 403
[23:20:02.795] START to_move 1
[23:20:02.906] STOP to_move 1 nodes_visited 1834
[23:20:02.907] START to_move 2
[23:20:02.932] STOP to_move 2 nodes_visited 401
[23:20:02.932] START to_move 1
[23:20:03.006] STOP to_move 1 nodes_visited 1236
[23:20:03.007] START to_move 2
[23:20:03.033] STOP to_move 2 nodes_visited 409
[23:20:03.033] START to_move 1
[23:20:03.153] STOP to_move 1 nodes_visited 2000
[23:20:03.154] START to_move 2
[23:20:03.265] STOP to_move 2 nodes_visited 1763
[23:20:03.266] START to_move 1
[23:20:03.377] STOP to_move 1 nodes_visited 1827
[23:20:03.378] START to_move 2
[23:20:03.425] STOP to_move 2 nodes_visited 760
[23:20:03.425] START to_move 1
[23:20:03.513] STOP to_move 1 nodes_visited 1467
[23:20:03.514] START to_move 2
[23:20:03.534] STOP to_move 2 nodes_visited 330
[23:20:03.534] START to_move 1
[23:20:03.619] STOP to_move 1 nodes_visited 1395
[23:20:03.620] START to_move 2
[23:20:03.640] STOP to_move 2 nodes_visited 333
[23:20:03.640] START to_move 1
[23:20:03.724] STOP to_move 1 nodes_visited 1386
[23:20:03.724] START to_move 2
[23:20:03.757] STOP to_move 2 nodes_visited 525
[23:20:03.757] START to_move 1
[23:20:03.824] STOP to_move 1 nodes_visited 1118
[23:20:03.825] START to_move 2
[23:20:03.844] STOP to_move 2 nodes_visited 306
[23:20:03.844] START to_move 1
[23:20:03.918] STOP to_move 1 nodes_visited 1231
[23:20:03.919] START to_move 2
[23:20:03.937] STOP to_move 2 nodes_visited 302
[23:20:03.938] START to_move 1
[23:20:04.008] STOP to_move 1 nodes_visited 1174
[23:20:04.009] START to_move 2
[23:20:04.027] STOP to_move 2 nodes_visited 306
[23:20:04.027] START to_move 1
[23:20:04.103] STOP to_move 1 nodes_visited 1220
[23:20:04.104] START to_move 2
[23:20:04.139] STOP to_move 2 nodes_visited 578
[23:20:04.140] START to_move 1
[23:20:04.208] STOP to_move 1 nodes_visited 1144
[23:20:04.209] START to_move 2
[23:20:04.225] STOP to_move 2 nodes_visited 282
[23:20:04.226] START to_move 1
[23:20:04.296] STOP to_move 1 nodes_visited 1148
[23:20:04.297] START to_move 2
[23:20:04.314] STOP to_move 2 nodes_visited 285
[23:20:04.314] START to_move 1
[23:20:04.371] STOP to_move 1 nodes_visited 957
[23:20:04.372] START to_move 2
[23:20:04.390] STOP to_move 2 nodes_visited 282
[23:20:04.390] START to_move 1
[23:20:04.447] STOP to_move 1 nodes_visited 948
[23:20:04.448] START to_move 2
[23:20:04.465] STOP to_move 2 nodes_visited 285
[23:20:04.465] START to_move 1
[23:20:04.522] STOP to_move 1 nodes_visited 951
[23:20:04.522] START to_move 2
[23:20:04.539] STOP to_move 2 nodes_visited 285
[23:20:04.539] START to_move 1
[23:20:04.595] STOP to_move 1 nodes_visited 938
[23:20:04.596] START to_move 2
[23:20:04.613] STOP to_move 2 nodes_visited 288
[23:20:04.613] START to_move 1
[23:20:04.644] STOP to_move 1 nodes_visited 520
[23:20:04.645] START to_move 2
[23:20:04.656] STOP to_move 2 nodes_visited 198
[23:20:04.656] START to_move 1
[23:20:04.705] STOP to_move 1 nodes_visited 787
[23:20:04.705] START to_move 2
[23:20:04.721] STOP to_move 2 nodes_visited 265
[23:20:04.721] START to_move 1
[23:20:04.775] STOP to_move 1 nodes_visited 905
[23:20:04.776] START to_move 2
[23:20:04.791] STOP to_move 2 nodes_visited 260
[23:20:04.792] START to_move 1
[23:20:04.845] STOP to_move 1 nodes_visited 895
[23:20:04.846] START to_move 2
[23:20:04.861] STOP to_move 2 nodes_visited 256
[23:20:04.861] START to_move 1
[23:20:04.915] STOP to_move 1 nodes_visited 903
[23:20:04.916] START to_move 2
[23:20:04.932] STOP to_move 2 nodes_visited 271
[23:20:04.932] START to_move 1
[23:20:04.960] STOP to_move 1 nodes_visited 458
[23:20:04.960] START to_move 2
[23:20:04.969] STOP to_move 2 nodes_visited 154
[23:20:04.969] START to_move 1
[23:20:05.036] STOP to_move 1 nodes_visited 1100
[23:20:05.036] START to_move 2
[23:20:05.045] STOP to_move 2 nodes_visited 145
[23:20:05.045] START to_move 1
[23:20:05.098] STOP to_move 1 nodes_visited 879
[23:20:05.098] START to_move 2
[23:20:05.106] STOP to_move 2 nodes_visited 139
[23:20:05.106] START to_move 1
[23:20:05.150] STOP to_move 1 nodes_visited 720
[23:20:05.150] START to_move 2
[23:20:05.158] STOP to_move 2 nodes_visited 137
[23:20:05.158] START to_move 1
[23:20:05.204] STOP to_move 1 nodes_visited 767
[23:20:05.205] START to_move 2
[23:20:05.213] STOP to_move 2 nodes_visited 143
[23:20:05.213] START to_move 1
[23:20:05.261] STOP to_move 1 nodes_visited 766
[23:20:05.261] START to_move 2
[23:20:05.269] STOP to_move 2 nodes_visited 147
[23:20:05.269] START to_move 1
[23:20:05.308] STOP to_move 1 nodes_visited 633
[23:20:05.308] START to_move 2
[23:20:05.316] STOP to_move 2 nodes_visited 147
[23:20:05.316] START to_move 1
[23:20:05.349] STOP to_move 1 nodes_visited 538
[23:20:05.349] START to_move 2
[23:20:05.357] STOP to_move 2 nodes_visited 147
[23:20:05.357] START to_move 1
[23:20:05.389] STOP to_move 1 nodes_visited 535
[23:20:05.389] START to_move 2
[23:20:05.398] STOP to_move 2 nodes_visited 145
[23:20:05.398] START to_move 1
[23:20:05.430] STOP to_move 1 nodes_visited 540
[23:20:05.431] START to_move 2
[23:20:05.439] STOP to_move 2 nodes_visited 145
[23:20:05.439] START to_move 1
[23:20:05.472] STOP to_move 1 nodes_visited 550
[23:20:05.472] START to_move 2
[23:20:05.480] STOP to_move 2 nodes_visited 145
[23:20:05.481] START to_move 1
[23:20:05.516] STOP to_move 1 nodes_visited 560
[23:20:05.516] START to_move 2
[23:20:05.524] STOP to_move 2 nodes_visited 147
[23:20:05.524] START to_move 1
[23:20:05.554] STOP to_move 1 nodes_visited 486
[23:20:05.554] START to_move 2
[23:20:05.562] STOP to_move 2 nodes_visited 149
[23:20:05.562] START to_move 1
[23:20:05.591] STOP to_move 1 nodes_visited 486
[23:20:05.592] START to_move 2
[23:20:05.600] STOP to_move 2 nodes_visited 152
[23:20:05.600] START to_move 1
[23:20:05.628] STOP to_move 1 nodes_visited 459
[23:20:05.628] START to_move 2
[23:20:05.637] STOP to_move 2 nodes_visited 153
[23:20:05.637] START to_move 1
[23:20:05.662] STOP to_move 1 nodes_visited 430
[23:20:05.663] START to_move 2
[23:20:05.686] STOP to_move 2 nodes_visited 344
[23:20:05.686] START to_move 1
[23:20:05.692] STOP to_move 1 nodes_visited 96
[23:20:05.692] START to_move 2
[23:20:05.705] STOP to_move 2 nodes_visited 221
[23:20:05.705] START to_move 1
[23:20:05.719] STOP to_move 1 nodes_visited 229
[23:20:05.719] START to_move 2
[23:20:05.735] STOP to_move 2 nodes_visited 259
[23:20:05.735] START to_move 1
[23:20:05.751] STOP to_move 1 nodes_visited 265
[23:20:05.751] START to_move 2
[23:20:05.760] STOP to_move 2 nodes_visited 158
[23:20:05.761] START to_move 1
[23:20:05.771] STOP to_move 1 nodes_visited 183
[23:20:05.771] START to_move 2
[23:20:05.779] STOP to_move 2 nodes_visited 138
[23:20:05.780] START to_move 1
[23:20:05.786] STOP to_move 1 nodes_visited 108
[23:20:05.786] START to_move 2
[23:20:05.795] STOP to_move 2 nodes_visited 154
[23:20:05.795] START to_move 1
[23:20:05.807] STOP to_move 1 nodes_visited 188
[23:20:05.807] START to_move 2
[23:20:05.823] STOP to_move 2 nodes_visited 247
[23:20:05.823] START to_move 1
[23:20:05.834] STOP to_move 1 nodes_visited 185
[23:20:05.834] END winner 1 - rounds 199
