[21:16:26.086] 1 - distance_function euclides - pruning True
[21:16:26.086] 2 - distance_function chebyshev - pruning True
[21:16:26.086] START to_move 1
[21:16:26.197] STOP to_move 1 nodes_visited 1731
[21:16:26.198] START to_move 2
[21:16:26.262] STOP to_move 2 nodes_visited 977
[21:16:26.263] START to_move 1
[21:16:26.338] STOP to_move 1 nodes_visited 1112
[21:16:26.338] START to_move 2
[21:16:26.415] STOP to_move 2 nodes_visited 1177
[21:16:26.416] START to_move 1
[21:16:26.517] STOP to_move 1 nodes_visited 1575
[21:16:26.518] START to_move 2
[21:16:26.594] STOP to_move 2 nodes_visited 1177
[21:16:26.595] START to_move 1
[21:16:26.701] STOP to_move 1 nodes_visited 1657
[21:16:26.702] START to_move 2
[21:16:26.779] STOP to_move 2 nodes_visited 1184
[21:16:26.780] START to_move 1
[21:16:26.843] STOP to_move 1 nodes_visited 1020
[21:16:26.844] START to_move 2
[21:16:26.925] STOP to_move 2 nodes_visited 1220
[21:16:26.926] START to_move 1
[21:16:27.007] STOP to_move 1 nodes_visited 1311
[21:16:27.008] START to_move 2
[21:16:27.085] STOP to_move 2 nodes_visited 1191
[21:16:27.086] START to_move 1
[21:16:27.171] STOP to_move 1 nodes_visited 1335
[21:16:27.172] START to_move 2
[21:16:27.248] STOP to_move 2 nodes_visited 1191
[21:16:27.249] START to_move 1
[21:16:27.410] STOP to_move 1 nodes_visited 2568
[21:16:27.412] START to_move 2
[21:16:27.489] STOP to_move 2 nodes_visited 1155
[21:16:27.490] START to_move 1
[21:16:27.560] STOP to_move 1 nodes_visited 1158
[21:16:27.560] START to_move 2
[21:16:27.635] STOP to_move 2 nodes_visited 1155
[21:16:27.636] START to_move 1
[21:16:27.703] STOP to_move 1 nodes_visited 1117
[21:16:27.703] START to_move 2
[21:16:27.779] STOP to_move 2 nodes_visited 1145
[21:16:27.780] START to_move 1
[21:16:27.883] STOP to_move 1 nodes_visited 1667
[21:16:27.884] START to_move 2
[21:16:27.956] STOP to_move 2 nodes_visited 1123
[21:16:27.957] START to_move 1
[21:16:28.015] STOP to_move 1 nodes_visited 945
[21:16:28.016] START to_move 2
[21:16:28.088] STOP to_move 2 nodes_visited 1120
[21:16:28.089] START to_move 1
[21:16:28.128] STOP to_move 1 nodes_visited 653
[21:16:28.129] START to_move 2
[21:16:28.201] STOP to_move 2 nodes_visited 1129
[21:16:28.202] START to_move 1
[21:16:28.294] STOP to_move 1 nodes_visited 1404
[21:16:28.295] START to_move 2
[21:16:28.367] STOP to_move 2 nodes_visited 1112
[21:16:28.368] START to_move 1
[21:16:28.439] STOP to_move 1 nodes_visited 1180
[21:16:28.439] START to_move 2
[21:16:28.505] STOP to_move 2 nodes_visited 1058
[21:16:28.505] START to_move 1
[21:16:28.576] STOP to_move 1 nodes_visited 1139
[21:16:28.577] START to_move 2
[21:16:28.645] STOP to_move 2 nodes_visited 1063
[21:16:28.646] START to_move 1
[21:16:28.726] STOP to_move 1 nodes_visited 1329
[21:16:28.727] START to_move 2
[21:16:28.795] STOP to_move 2 nodes_visited 1065
[21:16:28.796] START to_move 1
[21:16:28.873] STOP to_move 1 nodes_visited 1236
[21:16:28.874] START to_move 2
[21:16:28.943] STOP to_move 2 nodes_visited 1077
[21:16:28.943] START to_move 1
[21:16:29.006] STOP to_move 1 nodes_visited 1026
[21:16:29.006] START to_move 2
[21:16:29.074] STOP to_move 2 nodes_visited 1053
[21:16:29.074] START to_move 1
[21:16:29.137] STOP to_move 1 nodes_visited 1010
[21:16:29.138] START to_move 2
[21:16:29.205] STOP to_move 2 nodes_visited 1055
[21:16:29.206] START to_move 1
[21:16:29.263] STOP to_move 1 nodes_visited 955
[21:16:29.264] START to_move 2
[21:16:29.323] STOP to_move 2 nodes_visited 960
[21:16:29.323] START to_move 1
[21:16:29.392] STOP to_move 1 nodes_visited 1137
[21:16:29.393] START to_move 2
[21:16:29.453] STOP to_move 2 nodes_visited 955
[21:16:29.454] START to_move 1
[21:16:29.557] STOP to_move 1 nodes_visited 1688
[21:16:29.558] START to_move 2
[21:16:29.616] STOP to_move 2 nodes_visited 938
[21:16:29.616] START to_move 1
[21:16:29.714] STOP to_move 1 nodes_visited 1554
[21:16:29.715] START to_move 2
[21:16:29.772] STOP to_move 2 nodes_visited 908
[21:16:29.773] START to_move 1
[21:16:29.834] STOP to_move 1 nodes_visited 1015
[21:16:29.835] START to_move 2
[21:16:29.891] STOP to_move 2 nodes_visited 908
[21:16:29.891] START to_move 1
[21:16:29.959] STOP to_move 1 nodes_visited 1119
[21:16:29.960] START to_move 2
[21:16:30.017] STOP to_move 2 nodes_visited 878
[21:16:30.017] START to_move 1
[21:16:30.090] STOP to_move 1 nodes_visited 1129
[21:16:30.091] START to_move 2
[21:16:30.146] STOP to_move 2 nodes_visited 888
[21:16:30.146] START to_move 1
[21:16:30.215] STOP to_move 1 nodes_visited 1132
[21:16:30.215] START to_move 2
[21:16:30.271] STOP to_move 2 nodes_visited 879
[21:16:30.272] START to_move 1
[21:16:30.338] STOP to_move 1 nodes_visited 1087
[21:16:30.338] START to_move 2
[21:16:30.394] STOP to_move 2 nodes_visited 899
[21:16:30.395] START to_move 1
[21:16:30.475] STOP to_move 1 nodes_visited 1338
[21:16:30.476] START to_move 2
[21:16:30.536] STOP to_move 2 nodes_visited 922
[21:16:30.536] START to_move 1
[21:16:30.607] STOP to_move 1 nodes_visited 1164
[21:16:30.607] START to_move 2
[21:16:30.665] STOP to_move 2 nodes_visited 932
[21:16:30.665] START to_move 1
[21:16:30.750] STOP to_move 1 nodes_visited 1400
[21:16:30.750] START to_move 2
[21:16:30.810] STOP to_move 2 nodes_visited 940
[21:16:30.811] START to_move 1
[21:16:30.894] STOP to_move 1 nodes_visited 1386
[21:16:30.895] START to_move 2
[21:16:30.953] STOP to_move 2 nodes_visited 951
[21:16:30.954] START to_move 1
[21:16:31.035] STOP to_move 1 nodes_visited 1345
[21:16:31.036] START to_move 2
[21:16:31.096] STOP to_move 2 nodes_visited 954
[21:16:31.097] START to_move 1
[21:16:31.151] STOP to_move 1 nodes_visited 908
[21:16:31.152] START to_move 2
[21:16:31.210] STOP to_move 2 nodes_visited 940
[21:16:31.211] START to_move 1
[21:16:31.267] STOP to_move 1 nodes_visited 931
[21:16:31.267] START to_move 2
[21:16:31.325] STOP to_move 2 nodes_visited 937
[21:16:31.326] START to_move 1
[21:16:31.381] STOP to_move 1 nodes_visited 890
[21:16:31.381] START to_move 2
[21:16:31.440] STOP to_move 2 nodes_visited 954
[21:16:31.441] START to_move 1
[21:16:31.625] STOP to_move 1 nodes_visited 2956
[21:16:31.627] START to_move 2
[21:16:31.685] STOP to_move 2 nodes_visited 917
[21:16:31.685] START to_move 1
[21:16:31.771] STOP to_move 1 nodes_visited 1427
[21:16:31.772] START to_move 2
[21:16:31.824] STOP to_move 2 nodes_visited 851
[21:16:31.825] START to_move 1
[21:16:31.864] STOP to_move 1 nodes_visited 644
[21:16:31.864] START to_move 2
[21:16:31.927] STOP to_move 2 nodes_visited 952
[21:16:31.927] START to_move 1
[21:16:32.086] STOP to_move 1 nodes_visited 2578
[21:16:32.088] START to_move 2
[21:16:32.148] STOP to_move 2 nodes_visited 941
[21:16:32.148] START to_move 1
[21:16:32.300] STOP to_move 1 nodes_visited 2450
[21:16:32.301] START to_move 2
[21:16:32.361] STOP to_move 2 nodes_visited 927
[21:16:32.361] START to_move 1
[21:16:32.513] STOP to_move 1 nodes_visited 2437
[21:16:32.515] START to_move 2
[21:16:32.574] STOP to_move 2 nodes_visited 924
[21:16:32.574] START to_move 1
[21:16:32.618] STOP to_move 1 nodes_visited 727
[21:16:32.618] START to_move 2
[21:16:32.778] STOP to_move 2 nodes_visited 2468
[21:16:32.780] START to_move 1
[21:16:32.848] STOP to_move 1 nodes_visited 1127
[21:16:32.849] START to_move 2
[21:16:33.011] STOP to_move 2 nodes_visited 2486
[21:16:33.012] START to_move 1
[21:16:33.066] STOP to_move 1 nodes_visited 889
[21:16:33.067] START to_move 2
[21:16:33.123] STOP to_move 2 nodes_visited 870
[21:16:33.123] START to_move 1
[21:16:33.186] STOP to_move 1 nodes_visited 1035
[21:16:33.186] START to_move 2
[21:16:33.242] STOP to_move 2 nodes_visited 867
[21:16:33.242] START to_move 1
[21:16:33.353] STOP to_move 1 nodes_visited 1779
[21:16:33.354] START to_move 2
[21:16:33.411] STOP to_move 2 nodes_visited 881
[21:16:33.411] START to_move 1
[21:16:33.497] STOP to_move 1 nodes_visited 1429
[21:16:33.498] START to_move 2
[21:16:33.555] STOP to_move 2 nodes_visited 895
[21:16:33.556] START to_move 1
[21:16:33.626] STOP to_move 1 nodes_visited 1141
[21:16:33.627] START to_move 2
[21:16:33.684] STOP to_move 2 nodes_visited 889
[21:16:33.684] START to_move 1
[21:16:33.761] STOP to_move 1 nodes_visited 1285
[21:16:33.762] START to_move 2
[21:16:33.811] STOP to_move 2 nodes_visited 783
[21:16:33.811] START to_move 1
[21:16:33.860] STOP to_move 1 nodes_visited 791
[21:16:33.861] START to_move 2
[21:16:33.907] STOP to_move 2 nodes_visited 721
[21:16:33.907] START to_move 1
[21:16:33.993] STOP to_move 1 nodes_visited 1421
[21:16:33.993] START to_move 2
[21:16:34.038] STOP to_move 2 nodes_visited 711
[21:16:34.039] START to_move 1
[21:16:34.114] STOP to_move 1 nodes_visited 1249
[21:16:34.115] START to_move 2
[21:16:34.152] STOP to_move 2 nodes_visited 568
[21:16:34.152] START to_move 1
[21:16:34.221] STOP to_move 1 nodes_visited 1136
[21:16:34.221] START to_move 2
[21:16:34.257] STOP to_move 2 nodes_visited 570
[21:16:34.257] START to_move 1
[21:16:34.323] STOP to_move 1 nodes_visited 1090
[21:16:34.323] START to_move 2
[21:16:34.359] STOP to_move 2 nodes_visited 575
[21:16:34.360] START to_move 1
[21:16:34.432] STOP to_move 1 nodes_visited 1178
[21:16:34.433] START to_move 2
[21:16:34.520] STOP to_move 2 nodes_visited 1308
[21:16:34.521] START to_move 1
[21:16:34.580] STOP to_move 1 nodes_visited 985
[21:16:34.581] START to_move 2
[21:16:34.669] STOP to_move 2 nodes_visited 1332
[21:16:34.670] START to_move 1
[21:16:34.730] STOP to_move 1 nodes_visited 975
[21:16:34.731] START to_move 2
[21:16:34.816] STOP to_move 2 nodes_visited 1280
[21:16:34.817] START to_move 1
[21:16:34.874] STOP to_move 1 nodes_visited 946
[21:16:34.874] START to_move 2
[21:16:34.960] STOP to_move 2 nodes_visited 1277
[21:16:34.960] START to_move 1
[21:16:35.015] STOP to_move 1 nodes_visited 878
[21:16:35.015] START to_move 2
[21:16:35.103] STOP to_move 2 nodes_visited 1321
[21:16:35.104] START to_move 1
[21:16:35.157] STOP to_move 1 nodes_visited 878
[21:16:35.157] START to_move 2
[21:16:35.238] STOP to_move 2 nodes_visited 1198
[21:16:35.239] START to_move 1
[21:16:35.284] STOP to_move 1 nodes_visited 694
[21:16:35.284] START to_move 2
[21:16:35.352] STOP to_move 2 nodes_visited 998
[21:16:35.352] START to_move 1
[21:16:35.417] STOP to_move 1 nodes_visited 1061
[21:16:35.417] START to_move 2
[21:16:35.473] STOP to_move 2 nodes_visited 897
[21:16:35.473] START to_move 1
[21:16:35.530] STOP to_move 1 nodes_visited 931
[21:16:35.530] START to_move 2
[21:16:35.594] STOP to_move 2 nodes_visited 1007
[21:16:35.595] START to_move 1
[21:16:35.661] STOP to_move 1 nodes_visited 1095
[21:16:35.662] START to_move 2
[21:16:35.721] STOP to_move 2 nodes_visited 960
[21:16:35.722] START to_move 1
[21:16:35.783] STOP to_move 1 nodes_visited 1011
[21:16:35.784] START to_move 2
[21:16:35.835] STOP to_move 2 nodes_visited 835
[21:16:35.836] START to_move 1
[21:16:35.881] STOP to_move 1 nodes_visited 725
[21:16:35.882] START to_move 2
[21:16:35.924] STOP to_move 2 nodes_visited 685
[21:16:35.924] START to_move 1
[21:16:35.966] STOP to_move 1 nodes_visited 689
[21:16:35.966] START to_move 2
[21:16:36.005] STOP to_move 2 nodes_visited 627
[21:16:36.005] START to_move 1
[21:16:36.053] STOP to_move 1 nodes_visited 789
[21:16:36.053] START to_move 2
[21:16:36.096] STOP to_move 2 nodes_visited 692
[21:16:36.096] START to_move 1
[21:16:36.137] STOP to_move 1 nodes_visited 673
[21:16:36.138] START to_move 2
[21:16:36.181] STOP to_move 2 nodes_visited 673
[21:16:36.181] START to_move 1
[21:16:36.220] STOP to_move 1 nodes_visited 640
[21:16:36.221] START to_move 2
[21:16:36.262] STOP to_move 2 nodes_visited 679
[21:16:36.263] START to_move 1
[21:16:36.306] STOP to_move 1 nodes_visited 706
[21:16:36.306] START to_move 2
[21:16:36.353] STOP to_move 2 nodes_visited 673
[21:16:36.354] START to_move 1
[21:16:36.391] STOP to_move 1 nodes_visited 581
[21:16:36.391] START to_move 2
[21:16:36.480] STOP to_move 2 nodes_visited 1301
[21:16:36.481] START to_move 1
[21:16:36.521] STOP to_move 1 nodes_visited 638
[21:16:36.522] START to_move 2
[21:16:36.541] STOP to_move 2 nodes_visited 315
[21:16:36.541] START to_move 1
[21:16:36.581] STOP to_move 1 nodes_visited 633
[21:16:36.581] START to_move 2
[21:16:36.602] STOP to_move 2 nodes_visited 319
[21:16:36.602] START to_move 1
[21:16:36.641] STOP to_move 1 nodes_visited 621
[21:16:36.641] START to_move 2
[21:16:36.660] STOP to_move 2 nodes_visited 306
[21:16:36.661] START to_move 1
[21:16:36.697] STOP to_move 1 nodes_visited 576
[21:16:36.697] START to_move 2
[21:16:36.716] STOP to_move 2 nodes_visited 313
[21:16:36.716] START to_move 1
[21:16:36.756] STOP to_move 1 nodes_visited 615
[21:16:36.757] START to_move 2
[21:16:36.775] STOP to_move 2 nodes_visited 305
[21:16:36.775] START to_move 1
[21:16:36.811] STOP to_move 1 nodes_visited 565
[21:16:36.811] START to_move 2
[21:16:36.829] STOP to_move 2 nodes_visited 306
[21:16:36.829] START to_move 1
[21:16:36.862] STOP to_move 1 nodes_visited 531
[21:16:36.862] START to_move 2
[21:16:36.874] STOP to_move 2 nodes_visited 200
[21:16:36.875] START to_move 1
[21:16:36.902] STOP to_move 1 nodes_visited 436
[21:16:36.902] START to_move 2
[21:16:36.930] STOP to_move 2 nodes_visited 452
[21:16:36.930] START to_move 1
[21:16:36.949] STOP to_move 1 nodes_visited 314
[21:16:36.949] START to_move 2
[21:16:36.967] STOP to_move 2 nodes_visited 295
[21:16:36.967] START to_move 1
[21:16:36.986] STOP to_move 1 nodes_visited 318
[21:16:36.986] START to_move 2
[21:16:37.005] STOP to_move 2 nodes_visited 303
[21:16:37.005] START to_move 1
[21:16:37.022] STOP to_move 1 nodes_visited 286
[21:16:37.022] START to_move 2
[21:16:37.033] STOP to_move 2 nodes_visited 188
[21:16:37.034] START to_move 1
[21:16:37.044] STOP to_move 1 nodes_visited 174
[21:16:37.044] START to_move 2
[21:16:37.064] STOP to_move 2 nodes_visited 308
[21:16:37.064] START to_move 1
[21:16:37.081] STOP to_move 1 nodes_visited 289
[21:16:37.082] START to_move 2
[21:16:37.099] STOP to_move 2 nodes_visited 291
[21:16:37.099] START to_move 1
[21:16:37.120] STOP to_move 1 nodes_visited 343
[21:16:37.120] START to_move 2
[21:16:37.136] STOP to_move 2 nodes_visited 251
[21:16:37.136] START to_move 1
[21:16:37.153] STOP to_move 1 nodes_visited 271
[21:16:37.153] START to_move 2
[21:16:37.162] STOP to_move 2 nodes_visited 160
[21:16:37.163] START to_move 1
[21:16:37.170] STOP to_move 1 nodes_visited 119
[21:16:37.170] START to_move 2
[21:16:37.180] STOP to_move 2 nodes_visited 164
[21:16:37.181] START to_move 1
[21:16:37.196] STOP to_move 1 nodes_visited 239
[21:16:37.196] START to_move 2
[21:16:37.206] STOP to_move 2 nodes_visited 152
[21:16:37.206] START to_move 1
[21:16:37.213] STOP to_move 1 nodes_visited 114
[21:16:37.213] START to_move 2
[21:16:37.228] STOP to_move 2 nodes_visited 230
[21:16:37.228] START to_move 1
[21:16:37.251] STOP to_move 1 nodes_visited 371
[21:16:37.251] START to_move 2
[21:16:37.260] STOP to_move 2 nodes_visited 156
[21:16:37.261] START to_move 1
[21:16:37.274] STOP to_move 1 nodes_visited 215
[21:16:37.274] START to_move 2
[21:16:37.284] STOP to_move 2 nodes_visited 158
[21:16:37.284] START to_move 1
[21:16:37.297] STOP to_move 1 nodes_visited 215
[21:16:37.297] START to_move 2
[21:16:37.325] STOP to_move 2 nodes_visited 449
[21:16:37.325] START to_move 1
[21:16:37.343] STOP to_move 1 nodes_visited 289
[21:16:37.343] START to_move 2
[21:16:37.352] STOP to_move 2 nodes_visited 154
[21:16:37.353] START to_move 1
[21:16:37.358] STOP to_move 1 nodes_visited 91
[21:16:37.358] START to_move 2
[21:16:37.373] STOP to_move 2 nodes_visited 220
[21:16:37.373] START to_move 1
[21:16:37.388] STOP to_move 1 nodes_visited 238
[21:16:37.388] START to_move 2
[21:16:37.398] STOP to_move 2 nodes_visited 160
[21:16:37.398] START to_move 1
[21:16:37.403] STOP to_move 1 nodes_visited 86
[21:16:37.403] START to_move 2
[21:16:37.416] STOP to_move 2 nodes_visited 219
[21:16:37.416] START to_move 1
[21:16:37.430] STOP to_move 1 nodes_visited 226
[21:16:37.430] START to_move 2
[21:16:37.440] STOP to_move 2 nodes_visited 154
[21:16:37.440] START to_move 1
[21:16:37.445] STOP to_move 1 nodes_visited 88
[21:16:37.445] START to_move 2
[21:16:37.458] STOP to_move 2 nodes_visited 218
[21:16:37.458] START to_move 1
[21:16:37.473] STOP to_move 1 nodes_visited 232
[21:16:37.473] START to_move 2
[21:16:37.482] STOP to_move 2 nodes_visited 154
[21:16:37.482] START to_move 1
[21:16:37.487] STOP to_move 1 nodes_visited 81
[21:16:37.487] START to_move 2
[21:16:37.499] STOP to_move 2 nodes_visited 209
[21:16:37.500] START to_move 1
[21:16:37.514] STOP to_move 1 nodes_visited 229
[21:16:37.514] START to_move 2
[21:16:37.522] STOP to_move 2 nodes_visited 147
[21:16:37.523] START to_move 1
[21:16:37.532] STOP to_move 1 nodes_visited 153
[21:16:37.532] START to_move 2
[21:16:37.541] STOP to_move 2 nodes_visited 151
[21:16:37.541] START to_move 1
[21:16:37.553] STOP to_move 1 nodes_visited 201
[21:16:37.553] START to_move 2
[21:16:37.562] STOP to_move 2 nodes_visited 140
[21:16:37.562] START to_move 1
[21:16:37.566] STOP to_move 1 nodes_visited 76
[21:16:37.566] START to_move 2
[21:16:37.575] STOP to_move 2 nodes_visited 147
[21:16:37.575] START to_move 1
[21:16:37.584] STOP to_move 1 nodes_visited 149
[21:16:37.584] START to_move 2
[21:16:37.592] STOP to_move 2 nodes_visited 134
[21:16:37.592] START to_move 1
[21:16:37.597] STOP to_move 1 nodes_visited 72
[21:16:37.597] START to_move 2
[21:16:37.605] STOP to_move 2 nodes_visited 141
[21:16:37.605] START to_move 1
[21:16:37.614] STOP to_move 1 nodes_visited 147
[21:16:37.614] START to_move 2
[21:16:37.622] STOP to_move 2 nodes_visited 128
[21:16:37.622] START to_move 1
[21:16:37.627] STOP to_move 1 nodes_visited 72
[21:16:37.627] START to_move 2
[21:16:37.635] STOP to_move 2 nodes_visited 141
[21:16:37.635] START to_move 1
[21:16:37.644] STOP to_move 1 nodes_visited 147
[21:16:37.644] START to_move 2
[21:16:37.652] STOP to_move 2 nodes_visited 128
[21:16:37.652] START to_move 1
[21:16:37.657] STOP to_move 1 nodes_visited 72
[21:16:37.657] START to_move 2
[21:16:37.665] STOP to_move 2 nodes_visited 137
[21:16:37.665] START to_move 1
[21:16:37.674] STOP to_move 1 nodes_visited 147
[21:16:37.674] START to_move 2
[21:16:37.682] STOP to_move 2 nodes_visited 124
[21:16:37.682] START to_move 1
[21:16:37.686] STOP to_move 1 nodes_visited 72
[21:16:37.686] START to_move 2
[21:16:37.696] STOP to_move 2 nodes_visited 137
[21:16:37.696] START to_move 1
[21:16:37.705] STOP to_move 1 nodes_visited 147
[21:16:37.705] START to_move 2
[21:16:37.713] STOP to_move 2 nodes_visited 128
[21:16:37.713] START to_move 1
[21:16:37.717] STOP to_move 1 nodes_visited 71
[21:16:37.717] START to_move 2
[21:16:37.725] STOP to_move 2 nodes_visited 137
[21:16:37.726] START to_move 1
[21:16:37.734] STOP to_move 1 nodes_visited 145
[21:16:37.734] START to_move 2
[21:16:37.742] STOP to_move 2 nodes_visited 126
[21:16:37.742] START to_move 1
[21:16:37.746] STOP to_move 1 nodes_visited 71
[21:16:37.746] START to_move 2
[21:16:37.755] STOP to_move 2 nodes_visited 135
[21:16:37.755] START to_move 1
[21:16:37.765] STOP to_move 1 nodes_visited 163
[21:16:37.765] START to_move 2
[21:16:37.772] STOP to_move 2 nodes_visited 122
[21:16:37.773] START to_move 1
[21:16:37.777] STOP to_move 1 nodes_visited 71
[21:16:37.777] START to_move 2
[21:16:37.785] STOP to_move 2 nodes_visited 131
[21:16:37.785] START to_move 1
[21:16:37.795] STOP to_move 1 nodes_visited 167
[21:16:37.795] START to_move 2
[21:16:37.803] STOP to_move 2 nodes_visited 122
[21:16:37.803] START to_move 1
[21:16:37.807] STOP to_move 1 nodes_visited 73
[21:16:37.807] START to_move 2
[21:16:37.815] STOP to_move 2 nodes_visited 131
[21:16:37.816] START to_move 1
[21:16:37.826] STOP to_move 1 nodes_visited 167
[21:16:37.826] START to_move 2
[21:16:37.833] STOP to_move 2 nodes_visited 122
[21:16:37.834] START to_move 1
[21:16:37.838] STOP to_move 1 nodes_visited 73
[21:16:37.838] START to_move 2
[21:16:37.846] STOP to_move 2 nodes_visited 131
[21:16:37.846] START to_move 1
[21:16:37.856] STOP to_move 1 nodes_visited 162
[21:16:37.856] START to_move 2
[21:16:37.864] STOP to_move 2 nodes_visited 122
[21:16:37.864] START to_move 1
[21:16:37.868] STOP to_move 1 nodes_visited 66
[21:16:37.868] START to_move 2
[21:16:37.875] STOP to_move 2 nodes_visited 125
[21:16:37.876] START to_move 1
[21:16:37.884] STOP to_move 1 nodes_visited 136
[21:16:37.884] START to_move 2
[21:16:37.891] STOP to_move 2 nodes_visited 116
[21:16:37.891] START to_move 1
[21:16:37.895] STOP to_move 1 nodes_visited 67
[21:16:37.895] START to_move 2
[21:16:37.903] STOP to_move 2 nodes_visited 123
[21:16:37.903] START to_move 1
[21:16:37.911] STOP to_move 1 nodes_visited 136
[21:16:37.911] START to_move 2
[21:16:37.918] STOP to_move 2 nodes_visited 112
[21:16:37.918] START to_move 1
[21:16:37.922] STOP to_move 1 nodes_visited 67
[21:16:37.922] START to_move 2
[21:16:37.930] STOP to_move 2 nodes_visited 119
[21:16:37.930] START to_move 1
[21:16:37.941] STOP to_move 1 nodes_visited 179
[21:16:37.941] START to_move 2
[21:16:37.948] STOP to_move 2 nodes_visited 110
[21:16:37.948] START to_move 1
[21:16:37.952] STOP to_move 1 nodes_visited 67
[21:16:37.952] START to_move 2
[21:16:37.960] STOP to_move 2 nodes_visited 119
[21:16:37.960] START to_move 1
[21:16:37.971] STOP to_move 1 nodes_visited 179
[21:16:37.971] START to_move 2
[21:16:37.977] STOP to_move 2 nodes_visited 110
[21:16:37.978] START to_move 1
[21:16:37.982] STOP to_move 1 nodes_visited 69
[21:16:37.982] START to_move 2
[21:16:37.989] STOP to_move 2 nodes_visited 117
[21:16:37.989] START to_move 1
[21:16:37.998] STOP to_move 1 nodes_visited 145
[21:16:37.998] START to_move 2
[21:16:38.005] STOP to_move 2 nodes_visited 108
[21:16:38.005] START to_move 1
[21:16:38.010] STOP to_move 1 nodes_visited 69
[21:16:38.010] START to_move 2
[21:16:38.017] STOP to_move 2 nodes_visited 117
[21:16:38.017] START to_move 1
[21:16:38.029] STOP to_move 1 nodes_visited 179
[21:16:38.029] START to_move 2
[21:16:38.036] STOP to_move 2 nodes_visited 106
[21:16:38.036] START to_move 1
[21:16:38.040] STOP to_move 1 nodes_visited 63
[21:16:38.040] START to_move 2
[21:16:38.046] STOP to_move 2 nodes_visited 107
[21:16:38.046] START to_move 1
[21:16:38.056] STOP to_move 1 nodes_visited 163
[21:16:38.056] START to_move 2
[21:16:38.062] STOP to_move 2 nodes_visited 89
[21:16:38.062] START to_move 1
[21:16:38.066] STOP to_move 1 nodes_visited 65
[21:16:38.067] START to_move 2
[21:16:38.073] STOP to_move 2 nodes_visited 97
[21:16:38.073] START to_move 1
[21:16:38.083] STOP to_move 1 nodes_visited 162
[21:16:38.083] START to_move 2
[21:16:38.089] STOP to_move 2 nodes_visited 91
[21:16:38.089] START to_move 1
[21:16:38.093] STOP to_move 1 nodes_visited 64
[21:16:38.093] START to_move 2
[21:16:38.099] STOP to_move 2 nodes_visited 95
[21:16:38.099] START to_move 1
[21:16:38.109] STOP to_move 1 nodes_visited 159
[21:16:38.109] START to_move 2
[21:16:38.114] STOP to_move 2 nodes_visited 85
[21:16:38.114] START to_move 1
[21:16:38.118] STOP to_move 1 nodes_visited 58
[21:16:38.118] START to_move 2
[21:16:38.124] STOP to_move 2 nodes_visited 89
[21:16:38.124] START to_move 1
[21:16:38.133] STOP to_move 1 nodes_visited 153
[21:16:38.133] START to_move 2
[21:16:38.139] STOP to_move 2 nodes_visited 83
[21:16:38.139] START to_move 1
[21:16:38.143] STOP to_move 1 nodes_visited 62
[21:16:38.143] START to_move 2
[21:16:38.149] STOP to_move 2 nodes_visited 101
[21:16:38.149] START to_move 1
[21:16:38.157] STOP to_move 1 nodes_visited 124
[21:16:38.157] START to_move 2
[21:16:38.162] STOP to_move 2 nodes_visited 86
[21:16:38.163] START to_move 1
[21:16:38.166] STOP to_move 1 nodes_visited 54
[21:16:38.166] START to_move 2
[21:16:38.171] STOP to_move 2 nodes_visited 87
[21:16:38.172] START to_move 1
[21:16:38.180] STOP to_move 1 nodes_visited 142
[21:16:38.180] START to_move 2
[21:16:38.185] STOP to_move 2 nodes_visited 79
[21:16:38.185] START to_move 1
[21:16:38.188] STOP to_move 1 nodes_visited 47
[21:16:38.188] START to_move 2
[21:16:38.193] STOP to_move 2 nodes_visited 77
[21:16:38.193] START to_move 1
[21:16:38.200] STOP to_move 1 nodes_visited 116
[21:16:38.200] START to_move 2
[21:16:38.204] STOP to_move 2 nodes_visited 65
[21:16:38.204] START to_move 1
[21:16:38.207] STOP to_move 1 nodes_visited 46
[21:16:38.207] START to_move 2
[21:16:38.212] STOP to_move 2 nodes_visited 79
[21:16:38.212] START to_move 1
[21:16:38.218] STOP to_move 1 nodes_visited 89
[21:16:38.218] START to_move 2
[21:16:38.222] STOP to_move 2 nodes_visited 62
[21:16:38.222] START to_move 1
[21:16:38.224] STOP to_move 1 nodes_visited 38
[21:16:38.224] START to_move 2
[21:16:38.228] STOP to_move 2 nodes_visited 63
[21:16:38.228] START to_move 1
[21:16:38.233] STOP to_move 1 nodes_visited 81
[21:16:38.233] START to_move 2
[21:16:38.237] STOP to_move 2 nodes_visited 59
[21:16:38.237] START to_move 1
[21:16:38.240] STOP to_move 1 nodes_visited 42
[21:16:38.240] START to_move 2
[21:16:38.244] STOP to_move 2 nodes_visited 73
[21:16:38.245] START to_move 1
[21:16:38.249] STOP to_move 1 nodes_visited 81
[21:16:38.249] START to_move 2
[21:16:38.253] STOP to_move 2 nodes_visited 57
[21:16:38.253] START to_move 1
[21:16:38.255] STOP to_move 1 nodes_visited 34
[21:16:38.255] START to_move 2
[21:16:38.259] STOP to_move 2 nodes_visited 61
[21:16:38.259] START to_move 1
[21:16:38.264] STOP to_move 1 nodes_visited 84
[21:16:38.264] START to_move 2
[21:16:38.268] STOP to_move 2 nodes_visited 62
[21:16:38.268] START to_move 1
[21:16:38.270] STOP to_move 1 nodes_visited 34
[21:16:38.270] START to_move 2
[21:16:38.274] STOP to_move 2 nodes_visited 57
[21:16:38.274] START to_move 1
[21:16:38.278] STOP to_move 1 nodes_visited 68
[21:16:38.278] START to_move 2
[21:16:38.281] STOP to_move 2 nodes_visited 47
[21:16:38.281] START to_move 1
[21:16:38.283] STOP to_move 1 nodes_visited 36
[21:16:38.283] START to_move 2
[21:16:38.287] STOP to_move 2 nodes_visited 57
[21:16:38.287] START to_move 1
[21:16:38.293] STOP to_move 1 nodes_visited 93
[21:16:38.293] START to_move 2
[21:16:38.297] STOP to_move 2 nodes_visited 54
[21:16:38.297] START to_move 1
[21:16:38.298] STOP to_move 1 nodes_visited 28
[21:16:38.298] START to_move 2
[21:16:38.301] STOP to_move 2 nodes_visited 47
[21:16:38.301] START to_move 1
[21:16:38.305] STOP to_move 1 nodes_visited 57
[21:16:38.305] START to_move 2
[21:16:38.308] STOP to_move 2 nodes_visited 41
[21:16:38.308] START to_move 1
[21:16:38.309] STOP to_move 1 nodes_visited 27
[21:16:38.309] START to_move 2
[21:16:38.312] STOP to_move 2 nodes_visited 47
[21:16:38.312] START to_move 1
[21:16:38.315] STOP to_move 1 nodes_visited 52
[21:16:38.315] START to_move 2
[21:16:38.318] STOP to_move 2 nodes_visited 39
[21:16:38.318] START to_move 1
[21:16:38.319] STOP to_move 1 nodes_visited 23
[21:16:38.319] START to_move 2
[21:16:38.322] STOP to_move 2 nodes_visited 45
[21:16:38.322] START to_move 1
[21:16:38.325] STOP to_move 1 nodes_visited 43
[21:16:38.325] START to_move 2
[21:16:38.327] STOP to_move 2 nodes_visited 31
[21:16:38.327] START to_move 1
[21:16:38.328] STOP to_move 1 nodes_visited 20
[21:16:38.328] START to_move 2
[21:16:38.330] STOP to_move 2 nodes_visited 37
[21:16:38.330] START to_move 1
[21:16:38.333] STOP to_move 1 nodes_visited 41
[21:16:38.333] START to_move 2
[21:16:38.335] STOP to_move 2 nodes_visited 33
[21:16:38.335] START to_move 1
[21:16:38.336] STOP to_move 1 nodes_visited 20
[21:16:38.336] START to_move 2
[21:16:38.339] STOP to_move 2 nodes_visited 39
[21:16:38.339] START to_move 1
[21:16:38.341] STOP to_move 1 nodes_visited 44
[21:16:38.341] START to_move 2
[21:16:38.343] STOP to_move 2 nodes_visited 27
[21:16:38.343] START to_move 1
[21:16:38.344] STOP to_move 1 nodes_visited 19
[21:16:38.344] START to_move 2
[21:16:38.347] STOP to_move 2 nodes_visited 33
[21:16:38.347] START to_move 1
[21:16:38.349] STOP to_move 1 nodes_visited 37
[21:16:38.349] START to_move 2
[21:16:38.350] STOP to_move 2 nodes_visited 24
[21:16:38.351] START to_move 1
[21:16:38.352] STOP to_move 1 nodes_visited 17
[21:16:38.352] START to_move 2
[21:16:38.353] STOP to_move 2 nodes_visited 25
[21:16:38.353] START to_move 1
[21:16:38.356] STOP to_move 1 nodes_visited 45
[21:16:38.356] START to_move 2
[21:16:38.358] STOP to_move 2 nodes_visited 33
[21:16:38.358] START to_move 1
[21:16:38.359] STOP to_move 1 nodes_visited 19
[21:16:38.359] START to_move 2
[21:16:38.362] STOP to_move 2 nodes_visited 37
[21:16:38.362] START to_move 1
[21:16:38.364] STOP to_move 1 nodes_visited 44
[21:16:38.365] START to_move 2
[21:16:38.366] STOP to_move 2 nodes_visited 29
[21:16:38.366] START to_move 1
[21:16:38.368] STOP to_move 1 nodes_visited 19
[21:16:38.368] START to_move 2
[21:16:38.370] STOP to_move 2 nodes_visited 31
[21:16:38.370] START to_move 1
[21:16:38.371] STOP to_move 1 nodes_visited 27
[21:16:38.371] START to_move 2
[21:16:38.373] STOP to_move 2 nodes_visited 18
[21:16:38.373] START to_move 1
[21:16:38.374] STOP to_move 1 nodes_visited 17
[21:16:38.374] START to_move 2
[21:16:38.376] STOP to_move 2 nodes_visited 35
[21:16:38.376] START to_move 1
[21:16:38.378] STOP to_move 1 nodes_visited 29
[21:16:38.378] START to_move 2
[21:16:38.379] STOP to_move 2 nodes_visited 25
[21:16:38.379] START to_move 1
[21:16:38.380] STOP to_move 1 nodes_visited 12
[21:16:38.380] START to_move 2
[21:16:38.381] STOP to_move 2 nodes_visited 21
[21:16:38.381] START to_move 1
[21:16:38.383] STOP to_move 1 nodes_visited 29
[21:16:38.383] START to_move 2
[21:16:38.384] STOP to_move 2 nodes_visited 24
[21:16:38.384] START to_move 1
[21:16:38.385] STOP to_move 1 nodes_visited 13
[21:16:38.385] START to_move 2
[21:16:38.387] STOP to_move 2 nodes_visited 29
[21:16:38.387] START to_move 1
[21:16:38.388] STOP to_move 1 nodes_visited 21
[21:16:38.388] START to_move 2
[21:16:38.389] STOP to_move 2 nodes_visited 16
[21:16:38.389] START to_move 1
[21:16:38.390] STOP to_move 1 nodes_visited 15
[21:16:38.390] START to_move 2
[21:16:38.392] STOP to_move 2 nodes_visited 29
[21:16:38.392] START to_move 1
[21:16:38.394] STOP to_move 1 nodes_visited 28
[21:16:38.394] START to_move 2
[21:16:38.395] STOP to_move 2 nodes_visited 19
[21:16:38.395] START to_move 1
[21:16:38.396] STOP to_move 1 nodes_visited 12
[21:16:38.396] START to_move 2
[21:16:38.397] STOP to_move 2 nodes_visited 25
[21:16:38.397] START to_move 1
[21:16:38.399] STOP to_move 1 nodes_visited 23
[21:16:38.399] START to_move 2
[21:16:38.400] STOP to_move 2 nodes_visited 16
[21:16:38.400] START to_move 1
[21:16:38.400] STOP to_move 1 nodes_visited 12
[21:16:38.400] START to_move 2
[21:16:38.402] STOP to_move 2 nodes_visited 19
[21:16:38.402] START to_move 1
[21:16:38.403] STOP to_move 1 nodes_visited 23
[21:16:38.403] START to_move 2
[21:16:38.404] STOP to_move 2 nodes_visited 14
[21:16:38.404] START to_move 1
[21:16:38.405] STOP to_move 1 nodes_visited 13
[21:16:38.405] START to_move 2
[21:16:38.407] STOP to_move 2 nodes_visited 27
[21:16:38.407] START to_move 1
[21:16:38.408] STOP to_move 1 nodes_visited 13
[21:16:38.408] START to_move 2
[21:16:38.408] STOP to_move 2 nodes_visited 10
[21:16:38.408] START to_move 1
[21:16:38.409] STOP to_move 1 nodes_visited 11
[21:16:38.409] START to_move 2
[21:16:38.410] STOP to_move 2 nodes_visited 23
[21:16:38.410] START to_move 1
[21:16:38.411] STOP to_move 1 nodes_visited 17
[21:16:38.411] START to_move 2
[21:16:38.412] STOP to_move 2 nodes_visited 13
[21:16:38.412] START to_move 1
[21:16:38.413] STOP to_move 1 nodes_visited 7
[21:16:38.413] START to_move 2
[21:16:38.414] STOP to_move 2 nodes_visited 13
[21:16:38.414] START to_move 1
[21:16:38.415] STOP to_move 1 nodes_visited 19
[21:16:38.415] START to_move 2
[21:16:38.416] STOP to_move 2 nodes_visited 16
[21:16:38.416] START to_move 1
[21:16:38.416] STOP to_move 1 nodes_visited 7
[21:16:38.416] START to_move 2
[21:16:38.417] STOP to_move 2 nodes_visited 15
[21:16:38.417] START to_move 1
[21:16:38.418] STOP to_move 1 nodes_visited 15
[21:16:38.418] START to_move 2
[21:16:38.419] STOP to_move 2 nodes_visited 12
[21:16:38.419] START to_move 1
[21:16:38.419] STOP to_move 1 nodes_visited 7
[21:16:38.419] START to_move 2
[21:16:38.420] STOP to_move 2 nodes_visited 15
[21:16:38.420] START to_move 1
[21:16:38.421] STOP to_move 1 nodes_visited 21
[21:16:38.421] START to_move 2
[21:16:38.423] STOP to_move 2 nodes_visited 19
[21:16:38.423] START to_move 1
[21:16:38.423] STOP to_move 1 nodes_visited 8
[21:16:38.423] START to_move 2
[21:16:38.424] STOP to_move 2 nodes_visited 15
[21:16:38.424] START to_move 1
[21:16:38.425] STOP to_move 1 nodes_visited 17
[21:16:38.425] START to_move 2
[21:16:38.426] STOP to_move 2 nodes_visited 12
[21:16:38.426] START to_move 1
[21:16:38.426] STOP to_move 1 nodes_visited 8
[21:16:38.426] START to_move 2
[21:16:38.427] STOP to_move 2 nodes_visited 15
[21:16:38.427] START to_move 1
[21:16:38.428] STOP to_move 1 nodes_visited 13
[21:16:38.428] START to_move 2
[21:16:38.428] STOP to_move 2 nodes_visited 6
[21:16:38.429] START to_move 1
[21:16:38.429] STOP to_move 1 nodes_visited 8
[21:16:38.429] START to_move 2
[21:16:38.430] STOP to_move 2 nodes_visited 15
[21:16:38.430] START to_move 1
[21:16:38.431] STOP to_move 1 nodes_visited 11
[21:16:38.431] START to_move 2
[21:16:38.431] STOP to_move 2 nodes_visited 6
[21:16:38.431] START to_move 1
[21:16:38.431] STOP to_move 1 nodes_visited 6
[21:16:38.431] START to_move 2
[21:16:38.432] STOP to_move 2 nodes_visited 11
[21:16:38.432] START to_move 1
[21:16:38.433] STOP to_move 1 nodes_visited 11
[21:16:38.433] START to_move 2
[21:16:38.433] STOP to_move 2 nodes_visited 6
[21:16:38.433] START to_move 1
[21:16:38.434] STOP to_move 1 nodes_visited 6
[21:16:38.434] START to_move 2
[21:16:38.434] STOP to_move 2 nodes_visited 11
[21:16:38.460] END winner 0 - rounds 426
