[23:16:27.382] 1 - distance_function euclides - pruning True
[23:16:27.382] 2 - distance_function chebyshev - pruning True
[23:16:27.382] START to_move 1
[23:16:27.504] STOP to_move 1 nodes_visited 1819
[23:16:27.505] START to_move 2
[23:16:27.694] STOP to_move 2 nodes_visited 2894
[23:16:27.696] START to_move 1
[23:16:27.854] STOP to_move 1 nodes_visited 2407
[23:16:27.856] START to_move 2
[23:16:27.997] STOP to_move 2 nodes_visited 2234
[23:16:27.998] START to_move 1
[23:16:28.115] STOP to_move 1 nodes_visited 1893
[23:16:28.116] START to_move 2
[23:16:28.235] STOP to_move 2 nodes_visited 1892
[23:16:28.236] START to_move 1
[23:16:28.357] STOP to_move 1 nodes_visited 1962
[23:16:28.358] START to_move 2
[23:16:28.489] STOP to_move 2 nodes_visited 2087
[23:16:28.490] START to_move 1
[23:16:28.607] STOP to_move 1 nodes_visited 1892
[23:16:28.608] START to_move 2
[23:16:28.754] STOP to_move 2 nodes_visited 2299
[23:16:28.755] START to_move 1
[23:16:28.871] STOP to_move 1 nodes_visited 1871
[23:16:28.872] START to_move 2
[23:16:28.899] STOP to_move 2 nodes_visited 451
[23:16:28.900] START to_move 1
[23:16:29.018] STOP to_move 1 nodes_visited 1881
[23:16:29.018] START to_move 2
[23:16:29.045] STOP to_move 2 nodes_visited 441
[23:16:29.045] START to_move 1
[23:16:29.159] STOP to_move 1 nodes_visited 1845
[23:16:29.160] START to_move 2
[23:16:29.187] STOP to_move 2 nodes_visited 442
[23:16:29.187] START to_move 1
[23:16:29.292] STOP to_move 1 nodes_visited 1669
[23:16:29.293] START to_move 2
[23:16:29.332] STOP to_move 2 nodes_visited 640
[23:16:29.333] START to_move 1
[23:16:29.430] STOP to_move 1 nodes_visited 1582
[23:16:29.431] START to_move 2
[23:16:29.456] STOP to_move 2 nodes_visited 403
[23:16:29.456] START to_move 1
[23:16:29.559] STOP to_move 1 nodes_visited 1616
[23:16:29.560] START to_move 2
[23:16:29.586] STOP to_move 2 nodes_visited 430
[23:16:29.586] START to_move 1
[23:16:29.700] STOP to_move 1 nodes_visited 1796
[23:16:29.701] START to_move 2
[23:16:29.728] STOP to_move 2 nodes_visited 440
[23:16:29.728] START to_move 1
[23:16:29.843] STOP to_move 1 nodes_visited 1823
[23:16:29.844] START to_move 2
[23:16:29.871] STOP to_move 2 nodes_visited 438
[23:16:29.871] START to_move 1
[23:16:29.975] STOP to_move 1 nodes_visited 1668
[23:16:29.976] START to_move 2
[23:16:30.001] STOP to_move 2 nodes_visited 429
[23:16:30.002] START to_move 1
[23:16:30.115] STOP to_move 1 nodes_visited 1704
[23:16:30.116] START to_move 2
[23:16:30.143] STOP to_move 2 nodes_visited 435
[23:16:30.144] START to_move 1
[23:16:30.255] STOP to_move 1 nodes_visited 1782
[23:16:30.256] START to_move 2
[23:16:30.282] STOP to_move 2 nodes_visited 436
[23:16:30.283] START to_move 1
[23:16:30.392] STOP to_move 1 nodes_visited 1715
[23:16:30.393] START to_move 2
[23:16:30.419] STOP to_move 2 nodes_visited 441
[23:16:30.420] START to_move 1
[23:16:30.526] STOP to_move 1 nodes_visited 1712
[23:16:30.527] START to_move 2
[23:16:30.554] STOP to_move 2 nodes_visited 447
[23:16:30.554] START to_move 1
[23:16:30.666] STOP to_move 1 nodes_visited 1756
[23:16:30.667] START to_move 2
[23:16:30.694] STOP to_move 2 nodes_visited 450
[23:16:30.694] START to_move 1
[23:16:30.805] STOP to_move 1 nodes_visited 1758
[23:16:30.806] START to_move 2
[23:16:30.832] STOP to_move 2 nodes_visited 428
[23:16:30.832] START to_move 1
[23:16:30.947] STOP to_move 1 nodes_visited 1751
[23:16:30.948] START to_move 2
[23:16:30.973] STOP to_move 2 nodes_visited 432
[23:16:30.974] START to_move 1
[23:16:31.081] STOP to_move 1 nodes_visited 1702
[23:16:31.082] START to_move 2
[23:16:31.108] STOP to_move 2 nodes_visited 441
[23:16:31.109] START to_move 1
[23:16:31.254] STOP to_move 1 nodes_visited 2218
[23:16:31.255] START to_move 2
[23:16:31.473] STOP to_move 2 nodes_visited 3406
[23:16:31.474] START to_move 1
[23:16:31.589] STOP to_move 1 nodes_visited 1872
[23:16:31.590] START to_move 2
[23:16:31.774] STOP to_move 2 nodes_visited 2913
[23:16:31.776] START to_move 1
[23:16:31.886] STOP to_move 1 nodes_visited 1802
[23:16:31.887] START to_move 2
[23:16:32.090] STOP to_move 2 nodes_visited 3229
[23:16:32.092] START to_move 1
[23:16:32.208] STOP to_move 1 nodes_visited 1887
[23:16:32.209] START to_move 2
[23:16:32.393] STOP to_move 2 nodes_visited 2916
[23:16:32.394] START to_move 1
[23:16:32.524] STOP to_move 1 nodes_visited 2065
[23:16:32.526] START to_move 2
[23:16:32.715] STOP to_move 2 nodes_visited 3058
[23:16:32.717] START to_move 1
[23:16:32.844] STOP to_move 1 nodes_visited 2030
[23:16:32.846] START to_move 2
[23:16:32.922] STOP to_move 2 nodes_visited 1237
[23:16:32.923] START to_move 1
[23:16:32.976] STOP to_move 1 nodes_visited 898
[23:16:32.976] START to_move 2
[23:16:33.109] STOP to_move 2 nodes_visited 2095
[23:16:33.110] START to_move 1
[23:16:33.189] STOP to_move 1 nodes_visited 1324
[23:16:33.189] START to_move 2
[23:16:33.230] STOP to_move 2 nodes_visited 664
[23:16:33.230] START to_move 1
[23:16:33.327] STOP to_move 1 nodes_visited 1578
[23:16:33.328] START to_move 2
[23:16:33.350] STOP to_move 2 nodes_visited 334
[23:16:33.350] START to_move 1
[23:16:33.442] STOP to_move 1 nodes_visited 1505
[23:16:33.443] START to_move 2
[23:16:33.471] STOP to_move 2 nodes_visited 458
[23:16:33.471] START to_move 1
[23:16:33.580] STOP to_move 1 nodes_visited 1822
[23:16:33.581] START to_move 2
[23:16:33.604] STOP to_move 2 nodes_visited 388
[23:16:33.605] START to_move 1
[23:16:33.712] STOP to_move 1 nodes_visited 1759
[23:16:33.712] START to_move 2
[23:16:33.736] STOP to_move 2 nodes_visited 393
[23:16:33.736] START to_move 1
[23:16:33.844] STOP to_move 1 nodes_visited 1789
[23:16:33.845] START to_move 2
[23:16:33.869] STOP to_move 2 nodes_visited 393
[23:16:33.869] START to_move 1
[23:16:33.986] STOP to_move 1 nodes_visited 1874
[23:16:33.987] START to_move 2
[23:16:34.010] STOP to_move 2 nodes_visited 394
[23:16:34.011] START to_move 1
[23:16:34.116] STOP to_move 1 nodes_visited 1734
[23:16:34.117] START to_move 2
[23:16:34.142] STOP to_move 2 nodes_visited 388
[23:16:34.142] START to_move 1
[23:16:34.246] STOP to_move 1 nodes_visited 1695
[23:16:34.246] START to_move 2
[23:16:34.269] STOP to_move 2 nodes_visited 376
[23:16:34.269] START to_move 1
[23:16:34.371] STOP to_move 1 nodes_visited 1675
[23:16:34.372] START to_move 2
[23:16:34.394] STOP to_move 2 nodes_visited 367
[23:16:34.394] START to_move 1
[23:16:34.494] STOP to_move 1 nodes_visited 1628
[23:16:34.495] START to_move 2
[23:16:34.550] STOP to_move 2 nodes_visited 894
[23:16:34.550] START to_move 1
[23:16:34.633] STOP to_move 1 nodes_visited 1366
[23:16:34.633] START to_move 2
[23:16:34.658] STOP to_move 2 nodes_visited 395
[23:16:34.658] START to_move 1
[23:16:34.760] STOP to_move 1 nodes_visited 1666
[23:16:34.761] START to_move 2
[23:16:34.785] STOP to_move 2 nodes_visited 392
[23:16:34.785] START to_move 1
[23:16:34.928] STOP to_move 1 nodes_visited 2328
[23:16:34.929] START to_move 2
[23:16:34.954] STOP to_move 2 nodes_visited 380
[23:16:34.954] START to_move 1
[23:16:35.049] STOP to_move 1 nodes_visited 1561
[23:16:35.050] START to_move 2
[23:16:35.072] STOP to_move 2 nodes_visited 372
[23:16:35.072] START to_move 1
[23:16:35.166] STOP to_move 1 nodes_visited 1541
[23:16:35.167] START to_move 2
[23:16:35.188] STOP to_move 2 nodes_visited 355
[23:16:35.189] START to_move 1
[23:16:35.279] STOP to_move 1 nodes_visited 1459
[23:16:35.279] START to_move 2
[23:16:35.303] STOP to_move 2 nodes_visited 382
[23:16:35.303] START to_move 1
[23:16:35.355] STOP to_move 1 nodes_visited 879
[23:16:35.356] START to_move 2
[23:16:35.379] STOP to_move 2 nodes_visited 382
[23:16:35.379] START to_move 1
[23:16:35.429] STOP to_move 1 nodes_visited 834
[23:16:35.430] START to_move 2
[23:16:35.451] STOP to_move 2 nodes_visited 343
[23:16:35.451] START to_move 1
[23:16:35.507] STOP to_move 1 nodes_visited 909
[23:16:35.507] START to_move 2
[23:16:35.550] STOP to_move 2 nodes_visited 681
[23:16:35.551] START to_move 1
[23:16:35.665] STOP to_move 1 nodes_visited 1857
[23:16:35.666] START to_move 2
[23:16:35.687] STOP to_move 2 nodes_visited 340
[23:16:35.687] START to_move 1
[23:16:35.782] STOP to_move 1 nodes_visited 1489
[23:16:35.782] START to_move 2
[23:16:35.803] STOP to_move 2 nodes_visited 340
[23:16:35.803] START to_move 1
[23:16:35.895] STOP to_move 1 nodes_visited 1482
[23:16:35.896] START to_move 2
[23:16:35.915] STOP to_move 2 nodes_visited 317
[23:16:35.915] START to_move 1
[23:16:35.993] STOP to_move 1 nodes_visited 1259
[23:16:35.994] START to_move 2
[23:16:36.009] STOP to_move 2 nodes_visited 248
[23:16:36.009] START to_move 1
[23:16:36.083] STOP to_move 1 nodes_visited 1163
[23:16:36.084] START to_move 2
[23:16:36.102] STOP to_move 2 nodes_visited 299
[23:16:36.102] START to_move 1
[23:16:36.189] STOP to_move 1 nodes_visited 1443
[23:16:36.190] START to_move 2
[23:16:36.208] STOP to_move 2 nodes_visited 304
[23:16:36.208] START to_move 1
[23:16:36.273] STOP to_move 1 nodes_visited 1084
[23:16:36.274] START to_move 2
[23:16:36.293] STOP to_move 2 nodes_visited 322
[23:16:36.293] START to_move 1
[23:16:36.366] STOP to_move 1 nodes_visited 1163
[23:16:36.366] START to_move 2
[23:16:36.385] STOP to_move 2 nodes_visited 320
[23:16:36.386] START to_move 1
[23:16:36.452] STOP to_move 1 nodes_visited 1097
[23:16:36.452] START to_move 2
[23:16:36.472] STOP to_move 2 nodes_visited 324
[23:16:36.472] START to_move 1
[23:16:36.538] STOP to_move 1 nodes_visited 1097
[23:16:36.539] START to_move 2
[23:16:36.558] STOP to_move 2 nodes_visited 320
[23:16:36.558] START to_move 1
[23:16:36.623] STOP to_move 1 nodes_visited 1021
[23:16:36.623] START to_move 2
[23:16:36.643] STOP to_move 2 nodes_visited 322
[23:16:36.643] START to_move 1
[23:16:36.705] STOP to_move 1 nodes_visited 1023
[23:16:36.706] START to_move 2
[23:16:36.725] STOP to_move 2 nodes_visited 324
[23:16:36.725] START to_move 1
[23:16:36.799] STOP to_move 1 nodes_visited 1211
[23:16:36.800] START to_move 2
[23:16:36.819] STOP to_move 2 nodes_visited 316
[23:16:36.819] START to_move 1
[23:16:36.854] STOP to_move 1 nodes_visited 579
[23:16:36.854] START to_move 2
[23:16:36.873] STOP to_move 2 nodes_visited 318
[23:16:36.873] START to_move 1
[23:16:36.905] STOP to_move 1 nodes_visited 493
[23:16:36.905] START to_move 2
[23:16:36.948] STOP to_move 2 nodes_visited 695
[23:16:36.948] START to_move 1
[23:16:36.977] STOP to_move 1 nodes_visited 467
[23:16:36.977] START to_move 2
[23:16:37.020] STOP to_move 2 nodes_visited 698
[23:16:37.020] START to_move 1
[23:16:37.049] STOP to_move 1 nodes_visited 478
[23:16:37.049] START to_move 2
[23:16:37.090] STOP to_move 2 nodes_visited 665
[23:16:37.090] START to_move 1
[23:16:37.122] STOP to_move 1 nodes_visited 537
[23:16:37.123] START to_move 2
[23:16:37.141] STOP to_move 2 nodes_visited 316
[23:16:37.142] START to_move 1
[23:16:37.171] STOP to_move 1 nodes_visited 499
[23:16:37.172] START to_move 2
[23:16:37.189] STOP to_move 2 nodes_visited 269
[23:16:37.189] START to_move 1
[23:16:37.238] STOP to_move 1 nodes_visited 810
[23:16:37.239] START to_move 2
[23:16:37.250] STOP to_move 2 nodes_visited 191
[23:16:37.250] START to_move 1
[23:16:37.290] STOP to_move 1 nodes_visited 664
[23:16:37.290] START to_move 2
[23:16:37.344] STOP to_move 2 nodes_visited 863
[23:16:37.344] START to_move 1
[23:16:37.380] STOP to_move 1 nodes_visited 592
[23:16:37.380] START to_move 2
[23:16:37.390] STOP to_move 2 nodes_visited 163
[23:16:37.390] START to_move 1
[23:16:37.423] STOP to_move 1 nodes_visited 554
[23:16:37.424] START to_move 2
[23:16:37.434] STOP to_move 2 nodes_visited 187
[23:16:37.435] START to_move 1
[23:16:37.470] STOP to_move 1 nodes_visited 591
[23:16:37.470] START to_move 2
[23:16:37.482] STOP to_move 2 nodes_visited 188
[23:16:37.483] START to_move 1
[23:16:37.518] STOP to_move 1 nodes_visited 591
[23:16:37.518] START to_move 2
[23:16:37.529] STOP to_move 2 nodes_visited 188
[23:16:37.529] START to_move 1
[23:16:37.565] STOP to_move 1 nodes_visited 591
[23:16:37.565] START to_move 2
[23:16:37.575] STOP to_move 2 nodes_visited 175
[23:16:37.575] START to_move 1
[23:16:37.609] STOP to_move 1 nodes_visited 544
[23:16:37.609] START to_move 2
[23:16:37.620] STOP to_move 2 nodes_visited 186
[23:16:37.620] START to_move 1
[23:16:37.633] STOP to_move 1 nodes_visited 223
[23:16:37.633] START to_move 2
[23:16:37.644] STOP to_move 2 nodes_visited 185
[23:16:37.644] START to_move 1
[23:16:37.657] STOP to_move 1 nodes_visited 219
[23:16:37.657] START to_move 2
[23:16:37.668] STOP to_move 2 nodes_visited 181
[23:16:37.668] START to_move 1
[23:16:37.681] STOP to_move 1 nodes_visited 213
[23:16:37.681] START to_move 2
[23:16:37.691] STOP to_move 2 nodes_visited 174
[23:16:37.691] START to_move 1
[23:16:37.704] STOP to_move 1 nodes_visited 213
[23:16:37.704] START to_move 2
[23:16:37.714] STOP to_move 2 nodes_visited 173
[23:16:37.714] START to_move 1
[23:16:37.726] STOP to_move 1 nodes_visited 205
[23:16:37.726] START to_move 2
[23:16:37.736] STOP to_move 2 nodes_visited 164
[23:16:37.736] START to_move 1
[23:16:37.748] STOP to_move 1 nodes_visited 205
[23:16:37.749] START to_move 2
[23:16:37.758] STOP to_move 2 nodes_visited 151
[23:16:37.758] START to_move 1
[23:16:37.772] STOP to_move 1 nodes_visited 244
[23:16:37.772] START to_move 2
[23:16:37.780] STOP to_move 2 nodes_visited 132
[23:16:37.780] START to_move 1
[23:16:37.793] STOP to_move 1 nodes_visited 202
[23:16:37.793] START to_move 2
[23:16:37.800] STOP to_move 2 nodes_visited 130
[23:16:37.801] START to_move 1
[23:16:37.813] STOP to_move 1 nodes_visited 202
[23:16:37.813] START to_move 2
[23:16:37.820] STOP to_move 2 nodes_visited 132
[23:16:37.820] START to_move 1
[23:16:37.832] STOP to_move 1 nodes_visited 199
[23:16:37.832] START to_move 2
[23:16:37.840] STOP to_move 2 nodes_visited 134
[23:16:37.840] START to_move 1
[23:16:37.852] STOP to_move 1 nodes_visited 199
[23:16:37.852] START to_move 2
[23:16:37.859] STOP to_move 2 nodes_visited 134
[23:16:37.860] START to_move 1
[23:16:37.874] STOP to_move 1 nodes_visited 232
[23:16:37.874] START to_move 2
[23:16:37.881] STOP to_move 2 nodes_visited 132
[23:16:37.882] START to_move 1
[23:16:37.895] STOP to_move 1 nodes_visited 226
[23:16:37.896] START to_move 2
[23:16:37.903] STOP to_move 2 nodes_visited 126
[23:16:37.903] START to_move 1
[23:16:37.917] STOP to_move 1 nodes_visited 226
[23:16:37.917] START to_move 2
[23:16:37.924] STOP to_move 2 nodes_visited 126
[23:16:37.924] START to_move 1
[23:16:37.938] STOP to_move 1 nodes_visited 223
[23:16:37.938] START to_move 2
[23:16:37.945] STOP to_move 2 nodes_visited 123
[23:16:37.945] START to_move 1
[23:16:37.957] STOP to_move 1 nodes_visited 190
[23:16:37.957] START to_move 2
[23:16:37.964] STOP to_move 2 nodes_visited 126
[23:16:37.964] START to_move 1
[23:16:37.972] STOP to_move 1 nodes_visited 141
[23:16:37.973] START to_move 2
[23:16:37.980] STOP to_move 2 nodes_visited 126
[23:16:37.980] START to_move 1
[23:16:37.988] STOP to_move 1 nodes_visited 141
[23:16:37.988] START to_move 2
[23:16:37.996] STOP to_move 2 nodes_visited 128
[23:16:37.996] START to_move 1
[23:16:38.004] STOP to_move 1 nodes_visited 141
[23:16:38.004] START to_move 2
[23:16:38.012] STOP to_move 2 nodes_visited 128
[23:16:38.012] START to_move 1
[23:16:38.021] STOP to_move 1 nodes_visited 143
[23:16:38.021] START to_move 2
[23:16:38.028] STOP to_move 2 nodes_visited 122
[23:16:38.028] START to_move 1
[23:16:38.036] STOP to_move 1 nodes_visited 143
[23:16:38.037] START to_move 2
[23:16:38.044] STOP to_move 2 nodes_visited 122
[23:16:38.044] START to_move 1
[23:16:38.052] STOP to_move 1 nodes_visited 143
[23:16:38.052] START to_move 2
[23:16:38.059] STOP to_move 2 nodes_visited 122
[23:16:38.059] START to_move 1
[23:16:38.068] STOP to_move 1 nodes_visited 139
[23:16:38.068] START to_move 2
[23:16:38.075] STOP to_move 2 nodes_visited 126
[23:16:38.075] START to_move 1
[23:16:38.083] STOP to_move 1 nodes_visited 141
[23:16:38.084] START to_move 2
[23:16:38.091] STOP to_move 2 nodes_visited 125
[23:16:38.091] START to_move 1
[23:16:38.095] STOP to_move 1 nodes_visited 78
[23:16:38.095] START to_move 2
[23:16:38.103] STOP to_move 2 nodes_visited 126
[23:16:38.103] START to_move 1
[23:16:38.111] STOP to_move 1 nodes_visited 133
[23:16:38.111] START to_move 2
[23:16:38.121] STOP to_move 2 nodes_visited 159
[23:16:38.121] START to_move 1
[23:16:38.130] STOP to_move 1 nodes_visited 143
[23:16:38.130] START to_move 2
[23:16:38.137] STOP to_move 2 nodes_visited 123
[23:16:38.137] START to_move 1
[23:16:38.145] STOP to_move 1 nodes_visited 125
[23:16:38.145] START to_move 2
[23:16:38.151] STOP to_move 2 nodes_visited 110
[23:16:38.152] START to_move 1
[23:16:38.155] STOP to_move 1 nodes_visited 60
[23:16:38.155] START to_move 2
[23:16:38.163] STOP to_move 2 nodes_visited 125
[23:16:38.163] START to_move 1
[23:16:38.170] STOP to_move 1 nodes_visited 129
[23:16:38.170] START to_move 2
[23:16:38.177] STOP to_move 2 nodes_visited 114
[23:16:38.177] START to_move 1
[23:16:38.181] STOP to_move 1 nodes_visited 62
[23:16:38.181] START to_move 2
[23:16:38.188] STOP to_move 2 nodes_visited 117
[23:16:38.188] START to_move 1
[23:16:38.196] STOP to_move 1 nodes_visited 129
[23:16:38.196] START to_move 2
[23:16:38.203] STOP to_move 2 nodes_visited 108
[23:16:38.203] START to_move 1
[23:16:38.207] STOP to_move 1 nodes_visited 64
[23:16:38.207] START to_move 2
[23:16:38.214] STOP to_move 2 nodes_visited 117
[23:16:38.215] START to_move 1
[23:16:38.222] STOP to_move 1 nodes_visited 125
[23:16:38.222] START to_move 2
[23:16:38.229] STOP to_move 2 nodes_visited 104
[23:16:38.229] START to_move 1
[23:16:38.232] STOP to_move 1 nodes_visited 57
[23:16:38.232] START to_move 2
[23:16:38.239] STOP to_move 2 nodes_visited 117
[23:16:38.239] START to_move 1
[23:16:38.246] STOP to_move 1 nodes_visited 117
[23:16:38.246] START to_move 2
[23:16:38.253] STOP to_move 2 nodes_visited 104
[23:16:38.253] START to_move 1
[23:16:38.256] STOP to_move 1 nodes_visited 53
[23:16:38.256] START to_move 2
[23:16:38.262] STOP to_move 2 nodes_visited 105
[23:16:38.263] START to_move 1
[23:16:38.269] STOP to_move 1 nodes_visited 109
[23:16:38.269] START to_move 2
[23:16:38.275] STOP to_move 2 nodes_visited 98
[23:16:38.275] START to_move 1
[23:16:38.278] STOP to_move 1 nodes_visited 53
[23:16:38.278] START to_move 2
[23:16:38.285] STOP to_move 2 nodes_visited 107
[23:16:38.285] START to_move 1
[23:16:38.292] STOP to_move 1 nodes_visited 110
[23:16:38.292] START to_move 2
[23:16:38.298] STOP to_move 2 nodes_visited 96
[23:16:38.298] START to_move 1
[23:16:38.301] STOP to_move 1 nodes_visited 53
[23:16:38.301] START to_move 2
[23:16:38.307] STOP to_move 2 nodes_visited 105
[23:16:38.307] START to_move 1
[23:16:38.314] STOP to_move 1 nodes_visited 111
[23:16:38.314] START to_move 2
[23:16:38.320] STOP to_move 2 nodes_visited 94
[23:16:38.320] START to_move 1
[23:16:38.323] STOP to_move 1 nodes_visited 53
[23:16:38.323] START to_move 2
[23:16:38.330] STOP to_move 2 nodes_visited 105
[23:16:38.330] START to_move 1
[23:16:38.336] STOP to_move 1 nodes_visited 110
[23:16:38.336] START to_move 2
[23:16:38.342] STOP to_move 2 nodes_visited 96
[23:16:38.342] START to_move 1
[23:16:38.346] STOP to_move 1 nodes_visited 53
[23:16:38.346] START to_move 2
[23:16:38.352] STOP to_move 2 nodes_visited 105
[23:16:38.352] START to_move 1
[23:16:38.359] STOP to_move 1 nodes_visited 110
[23:16:38.359] START to_move 2
[23:16:38.365] STOP to_move 2 nodes_visited 94
[23:16:38.365] START to_move 1
[23:16:38.368] STOP to_move 1 nodes_visited 54
[23:16:38.368] START to_move 2
[23:16:38.374] STOP to_move 2 nodes_visited 103
[23:16:38.374] START to_move 1
[23:16:38.381] STOP to_move 1 nodes_visited 112
[23:16:38.381] START to_move 2
[23:16:38.387] STOP to_move 2 nodes_visited 94
[23:16:38.387] START to_move 1
[23:16:38.391] STOP to_move 1 nodes_visited 54
[23:16:38.391] START to_move 2
[23:16:38.397] STOP to_move 2 nodes_visited 103
[23:16:38.397] START to_move 1
[23:16:38.404] STOP to_move 1 nodes_visited 114
[23:16:38.404] START to_move 2
[23:16:38.410] STOP to_move 2 nodes_visited 94
[23:16:38.410] START to_move 1
[23:16:38.414] STOP to_move 1 nodes_visited 55
[23:16:38.414] START to_move 2
[23:16:38.420] STOP to_move 2 nodes_visited 99
[23:16:38.420] START to_move 1
[23:16:38.430] STOP to_move 1 nodes_visited 159
[23:16:38.430] START to_move 2
[23:16:38.435] STOP to_move 2 nodes_visited 81
[23:16:38.436] START to_move 1
[23:16:38.439] STOP to_move 1 nodes_visited 53
[23:16:38.439] START to_move 2
[23:16:38.445] STOP to_move 2 nodes_visited 93
[23:16:38.445] START to_move 1
[23:16:38.455] STOP to_move 1 nodes_visited 153
[23:16:38.455] START to_move 2
[23:16:38.461] STOP to_move 2 nodes_visited 81
[23:16:38.461] START to_move 1
[23:16:38.464] STOP to_move 1 nodes_visited 52
[23:16:38.464] START to_move 2
[23:16:38.470] STOP to_move 2 nodes_visited 85
[23:16:38.470] START to_move 1
[23:16:38.480] STOP to_move 1 nodes_visited 160
[23:16:38.480] START to_move 2
[23:16:38.486] STOP to_move 2 nodes_visited 86
[23:16:38.486] START to_move 1
[23:16:38.489] STOP to_move 1 nodes_visited 47
[23:16:38.489] START to_move 2
[23:16:38.494] STOP to_move 2 nodes_visited 83
[23:16:38.494] START to_move 1
[23:16:38.500] STOP to_move 1 nodes_visited 102
[23:16:38.500] START to_move 2
[23:16:38.505] STOP to_move 2 nodes_visited 75
[23:16:38.505] START to_move 1
[23:16:38.508] STOP to_move 1 nodes_visited 42
[23:16:38.508] START to_move 2
[23:16:38.512] STOP to_move 2 nodes_visited 77
[23:16:38.512] START to_move 1
[23:16:38.517] STOP to_move 1 nodes_visited 82
[23:16:38.517] START to_move 2
[23:16:38.522] STOP to_move 2 nodes_visited 70
[23:16:38.522] START to_move 1
[23:16:38.524] STOP to_move 1 nodes_visited 41
[23:16:38.524] START to_move 2
[23:16:38.529] STOP to_move 2 nodes_visited 73
[23:16:38.529] START to_move 1
[23:16:38.534] STOP to_move 1 nodes_visited 81
[23:16:38.534] START to_move 2
[23:16:38.538] STOP to_move 2 nodes_visited 67
[23:16:38.538] START to_move 1
[23:16:38.540] STOP to_move 1 nodes_visited 35
[23:16:38.540] START to_move 2
[23:16:38.544] STOP to_move 2 nodes_visited 65
[23:16:38.545] START to_move 1
[23:16:38.549] STOP to_move 1 nodes_visited 71
[23:16:38.549] START to_move 2
[23:16:38.553] STOP to_move 2 nodes_visited 59
[23:16:38.553] START to_move 1
[23:16:38.555] STOP to_move 1 nodes_visited 34
[23:16:38.555] START to_move 2
[23:16:38.558] STOP to_move 2 nodes_visited 59
[23:16:38.559] START to_move 1
[23:16:38.563] STOP to_move 1 nodes_visited 68
[23:16:38.563] START to_move 2
[23:16:38.566] STOP to_move 2 nodes_visited 55
[23:16:38.566] START to_move 1
[23:16:38.568] STOP to_move 1 nodes_visited 32
[23:16:38.568] START to_move 2
[23:16:38.572] STOP to_move 2 nodes_visited 59
[23:16:38.572] START to_move 1
[23:16:38.576] STOP to_move 1 nodes_visited 66
[23:16:38.576] START to_move 2
[23:16:38.579] STOP to_move 2 nodes_visited 53
[23:16:38.579] START to_move 1
[23:16:38.581] STOP to_move 1 nodes_visited 31
[23:16:38.581] START to_move 2
[23:16:38.585] STOP to_move 2 nodes_visited 57
[23:16:38.585] START to_move 1
[23:16:38.589] STOP to_move 1 nodes_visited 63
[23:16:38.589] START to_move 2
[23:16:38.592] STOP to_move 2 nodes_visited 53
[23:16:38.592] START to_move 1
[23:16:38.594] STOP to_move 1 nodes_visited 30
[23:16:38.594] START to_move 2
[23:16:38.598] STOP to_move 2 nodes_visited 59
[23:16:38.598] START to_move 1
[23:16:38.602] STOP to_move 1 nodes_visited 64
[23:16:38.602] START to_move 2
[23:16:38.605] STOP to_move 2 nodes_visited 49
[23:16:38.605] START to_move 1
[23:16:38.606] STOP to_move 1 nodes_visited 25
[23:16:38.607] START to_move 2
[23:16:38.609] STOP to_move 2 nodes_visited 47
[23:16:38.609] START to_move 1
[23:16:38.613] STOP to_move 1 nodes_visited 52
[23:16:38.613] START to_move 2
[23:16:38.615] STOP to_move 2 nodes_visited 35
[23:16:38.615] START to_move 1
[23:16:38.616] STOP to_move 1 nodes_visited 17
[23:16:38.616] START to_move 2
[23:16:38.618] STOP to_move 2 nodes_visited 29
[23:16:38.618] START to_move 1
[23:16:38.620] STOP to_move 1 nodes_visited 33
[23:16:38.620] START to_move 2
[23:16:38.622] STOP to_move 2 nodes_visited 26
[23:16:38.622] START to_move 1
[23:16:38.624] STOP to_move 1 nodes_visited 21
[23:16:38.624] START to_move 2
[23:16:38.626] STOP to_move 2 nodes_visited 39
[23:16:38.626] START to_move 1
[23:16:38.628] STOP to_move 1 nodes_visited 40
[23:16:38.628] START to_move 2
[23:16:38.630] STOP to_move 2 nodes_visited 29
[23:16:38.630] START to_move 1
[23:16:38.631] STOP to_move 1 nodes_visited 18
[23:16:38.631] START to_move 2
[23:16:38.634] STOP to_move 2 nodes_visited 35
[23:16:38.634] START to_move 1
[23:16:38.636] STOP to_move 1 nodes_visited 39
[23:16:38.636] START to_move 2
[23:16:38.638] STOP to_move 2 nodes_visited 31
[23:16:38.638] START to_move 1
[23:16:38.639] STOP to_move 1 nodes_visited 18
[23:16:38.639] START to_move 2
[23:16:38.642] STOP to_move 2 nodes_visited 35
[23:16:38.642] START to_move 1
[23:16:38.643] STOP to_move 1 nodes_visited 29
[23:16:38.643] START to_move 2
[23:16:38.645] STOP to_move 2 nodes_visited 24
[23:16:38.645] START to_move 1
[23:16:38.646] STOP to_move 1 nodes_visited 19
[23:16:38.646] START to_move 2
[23:16:38.648] STOP to_move 2 nodes_visited 37
[23:16:38.648] START to_move 1
[23:16:38.651] STOP to_move 1 nodes_visited 36
[23:16:38.651] START to_move 2
[23:16:38.652] STOP to_move 2 nodes_visited 27
[23:16:38.652] START to_move 1
[23:16:38.653] STOP to_move 1 nodes_visited 16
[23:16:38.653] START to_move 2
[23:16:38.655] STOP to_move 2 nodes_visited 33
[23:16:38.655] START to_move 1
[23:16:38.657] STOP to_move 1 nodes_visited 31
[23:16:38.657] START to_move 2
[23:16:38.659] STOP to_move 2 nodes_visited 24
[23:16:38.659] START to_move 1
[23:16:38.660] STOP to_move 1 nodes_visited 15
[23:16:38.660] START to_move 2
[23:16:38.662] STOP to_move 2 nodes_visited 31
[23:16:38.662] START to_move 1
[23:16:38.663] STOP to_move 1 nodes_visited 25
[23:16:38.663] START to_move 2
[23:16:38.664] STOP to_move 2 nodes_visited 18
[23:16:38.664] START to_move 1
[23:16:38.665] STOP to_move 1 nodes_visited 14
[23:16:38.665] START to_move 2
[23:16:38.667] STOP to_move 2 nodes_visited 31
[23:16:38.667] START to_move 1
[23:16:38.668] STOP to_move 1 nodes_visited 21
[23:16:38.669] START to_move 2
[23:16:38.670] STOP to_move 2 nodes_visited 17
[23:16:38.670] START to_move 1
[23:16:38.671] STOP to_move 1 nodes_visited 15
[23:16:38.671] START to_move 2
[23:16:38.673] STOP to_move 2 nodes_visited 33
[23:16:38.673] START to_move 1
[23:16:38.674] STOP to_move 1 nodes_visited 25
[23:16:38.674] START to_move 2
[23:16:38.675] STOP to_move 2 nodes_visited 20
[23:16:38.676] START to_move 1
[23:16:38.676] STOP to_move 1 nodes_visited 11
[23:16:38.676] START to_move 2
[23:16:38.678] STOP to_move 2 nodes_visited 23
[23:16:38.678] START to_move 1
[23:16:38.679] STOP to_move 1 nodes_visited 28
[23:16:38.679] START to_move 2
[23:16:38.681] STOP to_move 2 nodes_visited 19
[23:16:38.681] START to_move 1
[23:16:38.681] STOP to_move 1 nodes_visited 14
[23:16:38.682] START to_move 2
[23:16:38.683] STOP to_move 2 nodes_visited 25
[23:16:38.683] START to_move 1
[23:16:38.685] STOP to_move 1 nodes_visited 33
[23:16:38.685] START to_move 2
[23:16:38.687] STOP to_move 2 nodes_visited 28
[23:16:38.687] START to_move 1
[23:16:38.688] STOP to_move 1 nodes_visited 13
[23:16:38.688] START to_move 2
[23:16:38.690] STOP to_move 2 nodes_visited 25
[23:16:38.690] START to_move 1
[23:16:38.691] STOP to_move 1 nodes_visited 25
[23:16:38.691] START to_move 2
[23:16:38.692] STOP to_move 2 nodes_visited 19
[23:16:38.692] START to_move 1
[23:16:38.693] STOP to_move 1 nodes_visited 12
[23:16:38.693] START to_move 2
[23:16:38.695] STOP to_move 2 nodes_visited 25
[23:16:38.695] START to_move 1
[23:16:38.696] STOP to_move 1 nodes_visited 19
[23:16:38.696] START to_move 2
[23:16:38.697] STOP to_move 2 nodes_visited 13
[23:16:38.697] START to_move 1
[23:16:38.697] STOP to_move 1 nodes_visited 11
[23:16:38.698] START to_move 2
[23:16:38.699] STOP to_move 2 nodes_visited 25
[23:16:38.699] START to_move 1
[23:16:38.700] STOP to_move 1 nodes_visited 13
[23:16:38.700] START to_move 2
[23:16:38.701] STOP to_move 2 nodes_visited 9
[23:16:38.701] START to_move 1
[23:16:38.701] STOP to_move 1 nodes_visited 7
[23:16:38.701] START to_move 2
[23:16:38.702] STOP to_move 2 nodes_visited 19
[23:16:38.702] START to_move 1
[23:16:38.703] STOP to_move 1 nodes_visited 13
[23:16:38.703] START to_move 2
[23:16:38.704] STOP to_move 2 nodes_visited 9
[23:16:38.704] START to_move 1
[23:16:38.704] STOP to_move 1 nodes_visited 7
[23:16:38.704] START to_move 2
[23:16:38.705] STOP to_move 2 nodes_visited 17
[23:16:38.720] END winner 0 - rounds 362
