[21:26:20.528] 1 - distance_function euclides - pruning True
[21:26:20.529] 2 - distance_function manhattan - pruning True
[21:26:20.529] START to_move 1
[21:26:20.682] STOP to_move 1 nodes_visited 2485
[21:26:20.683] START to_move 2
[21:26:20.809] STOP to_move 2 nodes_visited 2060
[21:26:20.811] START to_move 1
[21:26:20.894] STOP to_move 1 nodes_visited 1395
[21:26:20.895] START to_move 2
[21:26:20.995] STOP to_move 2 nodes_visited 1698
[21:26:20.996] START to_move 1
[21:26:21.098] STOP to_move 1 nodes_visited 1674
[21:26:21.099] START to_move 2
[21:26:21.259] STOP to_move 2 nodes_visited 2719
[21:26:21.260] START to_move 1
[21:26:21.375] STOP to_move 1 nodes_visited 1908
[21:26:21.376] START to_move 2
[21:26:21.543] STOP to_move 2 nodes_visited 2852
[21:26:21.545] START to_move 1
[21:26:21.658] STOP to_move 1 nodes_visited 1863
[21:26:21.659] START to_move 2
[21:26:21.830] STOP to_move 2 nodes_visited 2916
[21:26:21.832] START to_move 1
[21:26:21.953] STOP to_move 1 nodes_visited 1966
[21:26:21.954] START to_move 2
[21:26:22.136] STOP to_move 2 nodes_visited 3135
[21:26:22.137] START to_move 1
[21:26:22.259] STOP to_move 1 nodes_visited 1984
[21:26:22.260] START to_move 2
[21:26:22.448] STOP to_move 2 nodes_visited 3271
[21:26:22.450] START to_move 1
[21:26:22.565] STOP to_move 1 nodes_visited 1851
[21:26:22.566] START to_move 2
[21:26:22.762] STOP to_move 2 nodes_visited 3346
[21:26:22.764] START to_move 1
[21:26:22.940] STOP to_move 1 nodes_visited 2758
[21:26:22.942] START to_move 2
[21:26:23.140] STOP to_move 2 nodes_visited 3403
[21:26:23.142] START to_move 1
[21:26:23.330] STOP to_move 1 nodes_visited 2887
[21:26:23.332] START to_move 2
[21:26:23.513] STOP to_move 2 nodes_visited 3160
[21:26:23.515] START to_move 1
[21:26:23.786] STOP to_move 1 nodes_visited 4265
[21:26:23.789] START to_move 2
[21:26:23.965] STOP to_move 2 nodes_visited 3063
[21:26:23.967] START to_move 1
[21:26:24.075] STOP to_move 1 nodes_visited 1684
[21:26:24.076] START to_move 2
[21:26:24.256] STOP to_move 2 nodes_visited 3151
[21:26:24.258] START to_move 1
[21:26:24.364] STOP to_move 1 nodes_visited 1715
[21:26:24.365] START to_move 2
[21:26:24.533] STOP to_move 2 nodes_visited 2918
[21:26:24.534] START to_move 1
[21:26:24.645] STOP to_move 1 nodes_visited 1727
[21:26:24.646] START to_move 2
[21:26:24.829] STOP to_move 2 nodes_visited 3127
[21:26:24.831] START to_move 1
[21:26:24.928] STOP to_move 1 nodes_visited 1530
[21:26:24.929] START to_move 2
[21:26:25.120] STOP to_move 2 nodes_visited 3279
[21:26:25.122] START to_move 1
[21:26:25.210] STOP to_move 1 nodes_visited 1410
[21:26:25.211] START to_move 2
[21:26:25.402] STOP to_move 2 nodes_visited 3271
[21:26:25.404] START to_move 1
[21:26:25.495] STOP to_move 1 nodes_visited 1512
[21:26:25.496] START to_move 2
[21:26:25.700] STOP to_move 2 nodes_visited 3527
[21:26:25.702] START to_move 1
[21:26:25.866] STOP to_move 1 nodes_visited 2497
[21:26:25.867] START to_move 2
[21:26:26.068] STOP to_move 2 nodes_visited 3505
[21:26:26.070] START to_move 1
[21:26:26.161] STOP to_move 1 nodes_visited 1491
[21:26:26.162] START to_move 2
[21:26:26.388] STOP to_move 2 nodes_visited 3864
[21:26:26.390] START to_move 1
[21:26:26.417] STOP to_move 1 nodes_visited 464
[21:26:26.418] START to_move 2
[21:26:26.634] STOP to_move 2 nodes_visited 3701
[21:26:26.636] START to_move 1
[21:26:26.667] STOP to_move 1 nodes_visited 527
[21:26:26.667] START to_move 2
[21:26:26.843] STOP to_move 2 nodes_visited 2996
[21:26:26.845] START to_move 1
[21:26:26.921] STOP to_move 1 nodes_visited 1270
[21:26:26.922] START to_move 2
[21:26:27.097] STOP to_move 2 nodes_visited 2987
[21:26:27.099] START to_move 1
[21:26:27.254] STOP to_move 1 nodes_visited 2429
[21:26:27.255] START to_move 2
[21:26:27.457] STOP to_move 2 nodes_visited 3448
[21:26:27.459] START to_move 1
[21:26:27.562] STOP to_move 1 nodes_visited 1685
[21:26:27.563] START to_move 2
[21:26:27.767] STOP to_move 2 nodes_visited 3511
[21:26:27.769] START to_move 1
[21:26:27.906] STOP to_move 1 nodes_visited 2145
[21:26:27.908] START to_move 2
[21:26:28.070] STOP to_move 2 nodes_visited 2831
[21:26:28.072] START to_move 1
[21:26:28.199] STOP to_move 1 nodes_visited 2017
[21:26:28.200] START to_move 2
[21:26:28.341] STOP to_move 2 nodes_visited 2462
[21:26:28.342] START to_move 1
[21:26:28.458] STOP to_move 1 nodes_visited 1849
[21:26:28.459] START to_move 2
[21:26:28.494] STOP to_move 2 nodes_visited 608
[21:26:28.494] START to_move 1
[21:26:28.753] STOP to_move 1 nodes_visited 4101
[21:26:28.755] START to_move 2
[21:26:28.829] STOP to_move 2 nodes_visited 1275
[21:26:28.829] START to_move 1
[21:26:29.090] STOP to_move 1 nodes_visited 4149
[21:26:29.093] START to_move 2
[21:26:29.164] STOP to_move 2 nodes_visited 1214
[21:26:29.165] START to_move 1
[21:26:29.368] STOP to_move 1 nodes_visited 3281
[21:26:29.370] START to_move 2
[21:26:29.404] STOP to_move 2 nodes_visited 609
[21:26:29.405] START to_move 1
[21:26:29.551] STOP to_move 1 nodes_visited 2326
[21:26:29.552] START to_move 2
[21:26:29.573] STOP to_move 2 nodes_visited 368
[21:26:29.573] START to_move 1
[21:26:29.677] STOP to_move 1 nodes_visited 1690
[21:26:29.678] START to_move 2
[21:26:29.700] STOP to_move 2 nodes_visited 364
[21:26:29.700] START to_move 1
[21:26:29.805] STOP to_move 1 nodes_visited 1703
[21:26:29.806] START to_move 2
[21:26:29.827] STOP to_move 2 nodes_visited 368
[21:26:29.827] START to_move 1
[21:26:29.934] STOP to_move 1 nodes_visited 1742
[21:26:29.935] START to_move 2
[21:26:29.958] STOP to_move 2 nodes_visited 384
[21:26:29.958] START to_move 1
[21:26:30.040] STOP to_move 1 nodes_visited 1345
[21:26:30.041] START to_move 2
[21:26:30.062] STOP to_move 2 nodes_visited 381
[21:26:30.062] START to_move 1
[21:26:30.140] STOP to_move 1 nodes_visited 1286
[21:26:30.141] START to_move 2
[21:26:30.162] STOP to_move 2 nodes_visited 381
[21:26:30.162] START to_move 1
[21:26:30.235] STOP to_move 1 nodes_visited 1128
[21:26:30.235] START to_move 2
[21:26:30.256] STOP to_move 2 nodes_visited 374
[21:26:30.256] START to_move 1
[21:26:30.329] STOP to_move 1 nodes_visited 1119
[21:26:30.329] START to_move 2
[21:26:30.395] STOP to_move 2 nodes_visited 1126
[21:26:30.396] START to_move 1
[21:26:30.470] STOP to_move 1 nodes_visited 1148
[21:26:30.471] START to_move 2
[21:26:30.494] STOP to_move 2 nodes_visited 408
[21:26:30.494] START to_move 1
[21:26:30.614] STOP to_move 1 nodes_visited 1925
[21:26:30.615] START to_move 2
[21:26:30.638] STOP to_move 2 nodes_visited 412
[21:26:30.638] START to_move 1
[21:26:30.720] STOP to_move 1 nodes_visited 1321
[21:26:30.720] START to_move 2
[21:26:30.739] STOP to_move 2 nodes_visited 329
[21:26:30.739] START to_move 1
[21:26:30.837] STOP to_move 1 nodes_visited 1557
[21:26:30.838] START to_move 2
[21:26:30.857] STOP to_move 2 nodes_visited 350
[21:26:30.857] START to_move 1
[21:26:30.900] STOP to_move 1 nodes_visited 713
[21:26:30.901] START to_move 2
[21:26:30.919] STOP to_move 2 nodes_visited 331
[21:26:30.920] START to_move 1
[21:26:30.961] STOP to_move 1 nodes_visited 699
[21:26:30.962] START to_move 2
[21:26:30.977] STOP to_move 2 nodes_visited 275
[21:26:30.977] START to_move 1
[21:26:30.993] STOP to_move 1 nodes_visited 279
[21:26:30.994] START to_move 2
[21:26:31.011] STOP to_move 2 nodes_visited 315
[21:26:31.011] START to_move 1
[21:26:31.036] STOP to_move 1 nodes_visited 408
[21:26:31.036] START to_move 2
[21:26:31.053] STOP to_move 2 nodes_visited 307
[21:26:31.054] START to_move 1
[21:26:31.079] STOP to_move 1 nodes_visited 405
[21:26:31.079] START to_move 2
[21:26:31.096] STOP to_move 2 nodes_visited 301
[21:26:31.096] START to_move 1
[21:26:31.122] STOP to_move 1 nodes_visited 436
[21:26:31.122] START to_move 2
[21:26:31.139] STOP to_move 2 nodes_visited 300
[21:26:31.139] START to_move 1
[21:26:31.231] STOP to_move 1 nodes_visited 1495
[21:26:31.231] START to_move 2
[21:26:31.248] STOP to_move 2 nodes_visited 296
[21:26:31.248] START to_move 1
[21:26:31.346] STOP to_move 1 nodes_visited 1562
[21:26:31.347] START to_move 2
[21:26:31.364] STOP to_move 2 nodes_visited 310
[21:26:31.364] START to_move 1
[21:26:31.427] STOP to_move 1 nodes_visited 1042
[21:26:31.428] START to_move 2
[21:26:31.444] STOP to_move 2 nodes_visited 293
[21:26:31.444] START to_move 1
[21:26:31.496] STOP to_move 1 nodes_visited 855
[21:26:31.496] START to_move 2
[21:26:31.528] STOP to_move 2 nodes_visited 555
[21:26:31.529] START to_move 1
[21:26:31.586] STOP to_move 1 nodes_visited 951
[21:26:31.587] START to_move 2
[21:26:31.620] STOP to_move 2 nodes_visited 558
[21:26:31.620] START to_move 1
[21:26:31.676] STOP to_move 1 nodes_visited 924
[21:26:31.676] START to_move 2
[21:26:31.709] STOP to_move 2 nodes_visited 579
[21:26:31.710] START to_move 1
[21:26:31.735] STOP to_move 1 nodes_visited 427
[21:26:31.736] START to_move 2
[21:26:31.767] STOP to_move 2 nodes_visited 556
[21:26:31.768] START to_move 1
[21:26:31.789] STOP to_move 1 nodes_visited 351
[21:26:31.789] START to_move 2
[21:26:31.816] STOP to_move 2 nodes_visited 474
[21:26:31.816] START to_move 1
[21:26:31.841] STOP to_move 1 nodes_visited 407
[21:26:31.841] START to_move 2
[21:26:31.869] STOP to_move 2 nodes_visited 489
[21:26:31.869] START to_move 1
[21:26:31.901] STOP to_move 1 nodes_visited 516
[21:26:31.901] START to_move 2
[21:26:31.929] STOP to_move 2 nodes_visited 483
[21:26:31.929] START to_move 1
[21:26:31.951] STOP to_move 1 nodes_visited 381
[21:26:31.952] START to_move 2
[21:26:31.976] STOP to_move 2 nodes_visited 434
[21:26:31.976] START to_move 1
[21:26:31.999] STOP to_move 1 nodes_visited 375
[21:26:31.999] START to_move 2
[21:26:32.022] STOP to_move 2 nodes_visited 400
[21:26:32.022] START to_move 1
[21:26:32.040] STOP to_move 1 nodes_visited 307
[21:26:32.041] START to_move 2
[21:26:32.052] STOP to_move 2 nodes_visited 207
[21:26:32.052] START to_move 1
[21:26:32.069] STOP to_move 1 nodes_visited 282
[21:26:32.069] START to_move 2
[21:26:32.093] STOP to_move 2 nodes_visited 423
[21:26:32.093] START to_move 1
[21:26:32.111] STOP to_move 1 nodes_visited 307
[21:26:32.112] START to_move 2
[21:26:32.119] STOP to_move 2 nodes_visited 131
[21:26:32.119] START to_move 1
[21:26:32.128] STOP to_move 1 nodes_visited 162
[21:26:32.128] START to_move 2
[21:26:32.138] STOP to_move 2 nodes_visited 172
[21:26:32.138] START to_move 1
[21:26:32.156] STOP to_move 1 nodes_visited 301
[21:26:32.156] START to_move 2
[21:26:32.170] STOP to_move 2 nodes_visited 243
[21:26:32.170] START to_move 1
[21:26:32.198] STOP to_move 1 nodes_visited 308
[21:26:32.199] START to_move 2
[21:26:32.214] STOP to_move 2 nodes_visited 249
[21:26:32.214] START to_move 1
[21:26:32.232] STOP to_move 1 nodes_visited 266
[21:26:32.233] START to_move 2
[21:26:32.248] STOP to_move 2 nodes_visited 249
[21:26:32.248] START to_move 1
[21:26:32.269] STOP to_move 1 nodes_visited 330
[21:26:32.270] START to_move 2
[21:26:32.285] STOP to_move 2 nodes_visited 247
[21:26:32.285] START to_move 1
[21:26:32.306] STOP to_move 1 nodes_visited 330
[21:26:32.307] START to_move 2
[21:26:32.318] STOP to_move 2 nodes_visited 187
[21:26:32.318] START to_move 1
[21:26:32.342] STOP to_move 1 nodes_visited 361
[21:26:32.342] START to_move 2
[21:26:32.353] STOP to_move 2 nodes_visited 187
[21:26:32.353] START to_move 1
[21:26:32.382] STOP to_move 1 nodes_visited 437
[21:26:32.382] START to_move 2
[21:26:32.391] STOP to_move 2 nodes_visited 157
[21:26:32.392] START to_move 1
[21:26:32.403] STOP to_move 1 nodes_visited 188
[21:26:32.404] START to_move 2
[21:26:32.413] STOP to_move 2 nodes_visited 161
[21:26:32.413] START to_move 1
[21:26:32.419] STOP to_move 1 nodes_visited 103
[21:26:32.419] START to_move 2
[21:26:32.429] STOP to_move 2 nodes_visited 161
[21:26:32.429] START to_move 1
[21:26:32.439] STOP to_move 1 nodes_visited 161
[21:26:32.439] START to_move 2
[21:26:32.449] STOP to_move 2 nodes_visited 159
[21:26:32.449] START to_move 1
[21:26:32.459] STOP to_move 1 nodes_visited 158
[21:26:32.459] START to_move 2
[21:26:32.473] STOP to_move 2 nodes_visited 159
[21:26:32.473] START to_move 1
[21:26:32.498] STOP to_move 1 nodes_visited 158
[21:26:32.498] START to_move 2
[21:26:32.520] STOP to_move 2 nodes_visited 159
[21:26:32.521] START to_move 1
[21:26:32.544] STOP to_move 1 nodes_visited 156
[21:26:32.544] START to_move 2
[21:26:32.557] STOP to_move 2 nodes_visited 159
[21:26:32.557] START to_move 1
[21:26:32.571] STOP to_move 1 nodes_visited 196
[21:26:32.571] START to_move 2
[21:26:32.580] STOP to_move 2 nodes_visited 156
[21:26:32.581] START to_move 1
[21:26:32.591] STOP to_move 1 nodes_visited 171
[21:26:32.592] START to_move 2
[21:26:32.601] STOP to_move 2 nodes_visited 156
[21:26:32.601] START to_move 1
[21:26:32.616] STOP to_move 1 nodes_visited 241
[21:26:32.616] START to_move 2
[21:26:32.625] STOP to_move 2 nodes_visited 157
[21:26:32.626] START to_move 1
[21:26:32.640] STOP to_move 1 nodes_visited 235
[21:26:32.640] START to_move 2
[21:26:32.649] STOP to_move 2 nodes_visited 150
[21:26:32.649] START to_move 1
[21:26:32.665] STOP to_move 1 nodes_visited 241
[21:26:32.665] START to_move 2
[21:26:32.672] STOP to_move 2 nodes_visited 126
[21:26:32.672] START to_move 1
[21:26:32.680] STOP to_move 1 nodes_visited 125
[21:26:32.681] START to_move 2
[21:26:32.688] STOP to_move 2 nodes_visited 119
[21:26:32.688] START to_move 1
[21:26:32.693] STOP to_move 1 nodes_visited 64
[21:26:32.693] START to_move 2
[21:26:32.700] STOP to_move 2 nodes_visited 119
[21:26:32.700] START to_move 1
[21:26:32.709] STOP to_move 1 nodes_visited 143
[21:26:32.709] START to_move 2
[21:26:32.716] STOP to_move 2 nodes_visited 110
[21:26:32.716] START to_move 1
[21:26:32.720] STOP to_move 1 nodes_visited 63
[21:26:32.720] START to_move 2
[21:26:32.727] STOP to_move 2 nodes_visited 117
[21:26:32.727] START to_move 1
[21:26:32.736] STOP to_move 1 nodes_visited 149
[21:26:32.736] START to_move 2
[21:26:32.742] STOP to_move 2 nodes_visited 96
[21:26:32.742] START to_move 1
[21:26:32.745] STOP to_move 1 nodes_visited 54
[21:26:32.745] START to_move 2
[21:26:32.751] STOP to_move 2 nodes_visited 105
[21:26:32.751] START to_move 1
[21:26:32.760] STOP to_move 1 nodes_visited 143
[21:26:32.760] START to_move 2
[21:26:32.766] STOP to_move 2 nodes_visited 90
[21:26:32.766] START to_move 1
[21:26:32.769] STOP to_move 1 nodes_visited 48
[21:26:32.769] START to_move 2
[21:26:32.774] STOP to_move 2 nodes_visited 95
[21:26:32.774] START to_move 1
[21:26:32.781] STOP to_move 1 nodes_visited 109
[21:26:32.781] START to_move 2
[21:26:32.786] STOP to_move 2 nodes_visited 87
[21:26:32.786] START to_move 1
[21:26:32.789] STOP to_move 1 nodes_visited 48
[21:26:32.789] START to_move 2
[21:26:32.795] STOP to_move 2 nodes_visited 99
[21:26:32.795] START to_move 1
[21:26:32.802] STOP to_move 1 nodes_visited 116
[21:26:32.802] START to_move 2
[21:26:32.807] STOP to_move 2 nodes_visited 87
[21:26:32.808] START to_move 1
[21:26:32.810] STOP to_move 1 nodes_visited 46
[21:26:32.811] START to_move 2
[21:26:32.816] STOP to_move 2 nodes_visited 87
[21:26:32.816] START to_move 1
[21:26:32.823] STOP to_move 1 nodes_visited 109
[21:26:32.823] START to_move 2
[21:26:32.827] STOP to_move 2 nodes_visited 68
[21:26:32.827] START to_move 1
[21:26:32.830] STOP to_move 1 nodes_visited 42
[21:26:32.830] START to_move 2
[21:26:32.835] STOP to_move 2 nodes_visited 81
[21:26:32.835] START to_move 1
[21:26:32.841] STOP to_move 1 nodes_visited 100
[21:26:32.841] START to_move 2
[21:26:32.845] STOP to_move 2 nodes_visited 64
[21:26:32.845] START to_move 1
[21:26:32.848] STOP to_move 1 nodes_visited 40
[21:26:32.848] START to_move 2
[21:26:32.852] STOP to_move 2 nodes_visited 75
[21:26:32.853] START to_move 1
[21:26:32.858] STOP to_move 1 nodes_visited 89
[21:26:32.858] START to_move 2
[21:26:32.862] STOP to_move 2 nodes_visited 60
[21:26:32.862] START to_move 1
[21:26:32.864] STOP to_move 1 nodes_visited 35
[21:26:32.864] START to_move 2
[21:26:32.868] STOP to_move 2 nodes_visited 67
[21:26:32.868] START to_move 1
[21:26:32.873] STOP to_move 1 nodes_visited 71
[21:26:32.873] START to_move 2
[21:26:32.876] STOP to_move 2 nodes_visited 47
[21:26:32.876] START to_move 1
[21:26:32.877] STOP to_move 1 nodes_visited 24
[21:26:32.877] START to_move 2
[21:26:32.880] STOP to_move 2 nodes_visited 47
[21:26:32.880] START to_move 1
[21:26:32.882] STOP to_move 1 nodes_visited 39
[21:26:32.882] START to_move 2
[21:26:32.884] STOP to_move 2 nodes_visited 35
[21:26:32.884] START to_move 1
[21:26:32.885] STOP to_move 1 nodes_visited 19
[21:26:32.885] START to_move 2
[21:26:32.888] STOP to_move 2 nodes_visited 41
[21:26:32.888] START to_move 1
[21:26:32.890] STOP to_move 1 nodes_visited 37
[21:26:32.890] START to_move 2
[21:26:32.892] STOP to_move 2 nodes_visited 33
[21:26:32.892] START to_move 1
[21:26:32.893] STOP to_move 1 nodes_visited 18
[21:26:32.893] START to_move 2
[21:26:32.895] STOP to_move 2 nodes_visited 37
[21:26:32.895] START to_move 1
[21:26:32.898] STOP to_move 1 nodes_visited 35
[21:26:32.898] START to_move 2
[21:26:32.899] STOP to_move 2 nodes_visited 31
[21:26:32.899] START to_move 1
[21:26:32.900] STOP to_move 1 nodes_visited 16
[21:26:32.900] START to_move 2
[21:26:32.903] STOP to_move 2 nodes_visited 39
[21:26:32.903] START to_move 1
[21:26:32.905] STOP to_move 1 nodes_visited 33
[21:26:32.905] START to_move 2
[21:26:32.906] STOP to_move 2 nodes_visited 30
[21:26:32.907] START to_move 1
[21:26:32.907] STOP to_move 1 nodes_visited 16
[21:26:32.907] START to_move 2
[21:26:32.910] STOP to_move 2 nodes_visited 39
[21:26:32.910] START to_move 1
[21:26:32.912] STOP to_move 1 nodes_visited 31
[21:26:32.912] START to_move 2
[21:26:32.913] STOP to_move 2 nodes_visited 27
[21:26:32.913] START to_move 1
[21:26:32.915] STOP to_move 1 nodes_visited 19
[21:26:32.915] START to_move 2
[21:26:32.917] STOP to_move 2 nodes_visited 41
[21:26:32.917] START to_move 1
[21:26:32.920] STOP to_move 1 nodes_visited 45
[21:26:32.920] START to_move 2
[21:26:32.922] STOP to_move 2 nodes_visited 28
[21:26:32.922] START to_move 1
[21:26:32.923] STOP to_move 1 nodes_visited 17
[21:26:32.923] START to_move 2
[21:26:32.925] STOP to_move 2 nodes_visited 37
[21:26:32.925] START to_move 1
[21:26:32.928] STOP to_move 1 nodes_visited 43
[21:26:32.928] START to_move 2
[21:26:32.929] STOP to_move 2 nodes_visited 28
[21:26:32.930] START to_move 1
[21:26:32.931] STOP to_move 1 nodes_visited 17
[21:26:32.931] START to_move 2
[21:26:32.933] STOP to_move 2 nodes_visited 37
[21:26:32.933] START to_move 1
[21:26:32.935] STOP to_move 1 nodes_visited 36
[21:26:32.935] START to_move 2
[21:26:32.937] STOP to_move 2 nodes_visited 28
[21:26:32.937] START to_move 1
[21:26:32.938] STOP to_move 1 nodes_visited 16
[21:26:32.938] START to_move 2
[21:26:32.940] STOP to_move 2 nodes_visited 37
[21:26:32.940] START to_move 1
[21:26:32.942] STOP to_move 1 nodes_visited 31
[21:26:32.942] START to_move 2
[21:26:32.943] STOP to_move 2 nodes_visited 25
[21:26:32.943] START to_move 1
[21:26:32.944] STOP to_move 1 nodes_visited 17
[21:26:32.944] START to_move 2
[21:26:32.947] STOP to_move 2 nodes_visited 41
[21:26:32.947] START to_move 1
[21:26:32.948] STOP to_move 1 nodes_visited 23
[21:26:32.948] START to_move 2
[21:26:32.949] STOP to_move 2 nodes_visited 21
[21:26:32.949] START to_move 1
[21:26:32.950] STOP to_move 1 nodes_visited 16
[21:26:32.951] START to_move 2
[21:26:32.953] STOP to_move 2 nodes_visited 37
[21:26:32.953] START to_move 1
[21:26:32.955] STOP to_move 1 nodes_visited 35
[21:26:32.955] START to_move 2
[21:26:32.956] STOP to_move 2 nodes_visited 25
[21:26:32.956] START to_move 1
[21:26:32.957] STOP to_move 1 nodes_visited 14
[21:26:32.957] START to_move 2
[21:26:32.960] STOP to_move 2 nodes_visited 37
[21:26:32.960] START to_move 1
[21:26:32.961] STOP to_move 1 nodes_visited 27
[21:26:32.961] START to_move 2
[21:26:32.963] STOP to_move 2 nodes_visited 25
[21:26:32.963] START to_move 1
[21:26:32.964] STOP to_move 1 nodes_visited 12
[21:26:32.964] START to_move 2
[21:26:32.966] STOP to_move 2 nodes_visited 31
[21:26:32.966] START to_move 1
[21:26:32.967] STOP to_move 1 nodes_visited 25
[21:26:32.967] START to_move 2
[21:26:32.968] STOP to_move 2 nodes_visited 22
[21:26:32.968] START to_move 1
[21:26:32.969] STOP to_move 1 nodes_visited 11
[21:26:32.969] START to_move 2
[21:26:32.971] STOP to_move 2 nodes_visited 25
[21:26:32.971] START to_move 1
[21:26:32.972] STOP to_move 1 nodes_visited 25
[21:26:32.972] START to_move 2
[21:26:32.973] STOP to_move 2 nodes_visited 23
[21:26:32.974] START to_move 1
[21:26:32.974] STOP to_move 1 nodes_visited 11
[21:26:32.974] START to_move 2
[21:26:32.976] STOP to_move 2 nodes_visited 25
[21:26:32.976] START to_move 1
[21:26:32.977] STOP to_move 1 nodes_visited 29
[21:26:32.977] START to_move 2
[21:26:32.979] STOP to_move 2 nodes_visited 23
[21:26:32.979] START to_move 1
[21:26:32.980] STOP to_move 1 nodes_visited 11
[21:26:32.980] START to_move 2
[21:26:32.981] STOP to_move 2 nodes_visited 19
[21:26:32.981] START to_move 1
[21:26:32.982] STOP to_move 1 nodes_visited 27
[21:26:32.982] START to_move 2
[21:26:32.984] STOP to_move 2 nodes_visited 21
[21:26:32.984] START to_move 1
[21:26:32.984] STOP to_move 1 nodes_visited 12
[21:26:32.984] START to_move 2
[21:26:32.986] STOP to_move 2 nodes_visited 23
[21:26:32.986] START to_move 1
[21:26:32.987] STOP to_move 1 nodes_visited 25
[21:26:32.987] START to_move 2
[21:26:32.988] STOP to_move 2 nodes_visited 17
[21:26:32.989] START to_move 1
[21:26:32.989] STOP to_move 1 nodes_visited 12
[21:26:32.989] START to_move 2
[21:26:32.991] STOP to_move 2 nodes_visited 23
[21:26:32.991] START to_move 1
[21:26:32.992] STOP to_move 1 nodes_visited 23
[21:26:32.992] START to_move 2
[21:26:32.993] STOP to_move 2 nodes_visited 14
[21:26:32.993] START to_move 1
[21:26:32.994] STOP to_move 1 nodes_visited 13
[21:26:32.994] START to_move 2
[21:26:32.996] STOP to_move 2 nodes_visited 27
[21:26:32.996] START to_move 1
[21:26:32.996] STOP to_move 1 nodes_visited 13
[21:26:32.996] START to_move 2
[21:26:32.997] STOP to_move 2 nodes_visited 10
[21:26:32.997] START to_move 1
[21:26:32.997] STOP to_move 1 nodes_visited 9
[21:26:32.997] START to_move 2
[21:26:32.999] STOP to_move 2 nodes_visited 23
[21:26:32.999] START to_move 1
[21:26:33.000] STOP to_move 1 nodes_visited 15
[21:26:33.000] START to_move 2
[21:26:33.000] STOP to_move 2 nodes_visited 11
[21:26:33.000] START to_move 1
[21:26:33.001] STOP to_move 1 nodes_visited 7
[21:26:33.001] START to_move 2
[21:26:33.002] STOP to_move 2 nodes_visited 17
[21:26:33.002] START to_move 1
[21:26:33.003] STOP to_move 1 nodes_visited 13
[21:26:33.003] START to_move 2
[21:26:33.003] STOP to_move 2 nodes_visited 8
[21:26:33.003] START to_move 1
[21:26:33.004] STOP to_move 1 nodes_visited 7
[21:26:33.004] START to_move 2
[21:26:33.005] STOP to_move 2 nodes_visited 15
[21:26:33.005] START to_move 1
[21:26:33.006] STOP to_move 1 nodes_visited 15
[21:26:33.006] START to_move 2
[21:26:33.006] STOP to_move 2 nodes_visited 12
[21:26:33.006] START to_move 1
[21:26:33.007] STOP to_move 1 nodes_visited 10
[21:26:33.007] START to_move 2
[21:26:33.009] STOP to_move 2 nodes_visited 29
[21:26:33.009] START to_move 1
[21:26:33.010] STOP to_move 1 nodes_visited 17
[21:26:33.010] START to_move 2
[21:26:33.011] STOP to_move 2 nodes_visited 13
[21:26:33.011] START to_move 1
[21:26:33.011] STOP to_move 1 nodes_visited 8
[21:26:33.011] START to_move 2
[21:26:33.012] STOP to_move 2 nodes_visited 13
[21:26:33.012] START to_move 1
[21:26:33.013] STOP to_move 1 nodes_visited 17
[21:26:33.013] START to_move 2
[21:26:33.014] STOP to_move 2 nodes_visited 10
[21:26:33.014] START to_move 1
[21:26:33.014] STOP to_move 1 nodes_visited 8
[21:26:33.014] START to_move 2
[21:26:33.015] STOP to_move 2 nodes_visited 17
[21:26:33.015] START to_move 1
[21:26:33.016] STOP to_move 1 nodes_visited 15
[21:26:33.016] START to_move 2
[21:26:33.017] STOP to_move 2 nodes_visited 13
[21:26:33.017] START to_move 1
[21:26:33.017] STOP to_move 1 nodes_visited 7
[21:26:33.017] START to_move 2
[21:26:33.018] STOP to_move 2 nodes_visited 19
[21:26:33.019] START to_move 1
[21:26:33.019] STOP to_move 1 nodes_visited 15
[21:26:33.019] START to_move 2
[21:26:33.020] STOP to_move 2 nodes_visited 13
[21:26:33.020] START to_move 1
[21:26:33.021] STOP to_move 1 nodes_visited 7
[21:26:33.021] START to_move 2
[21:26:33.022] STOP to_move 2 nodes_visited 19
[21:26:33.050] END winner 0 - rounds 308
