[22:00:31.633] 1 - distance_function euclides - pruning True
[22:00:31.633] 2 - distance_function manhattan - pruning True
[22:00:31.633] START to_move 1
[22:00:31.771] STOP to_move 1 nodes_visited 2232
[22:00:31.772] START to_move 2
[22:00:32.143] STOP to_move 2 nodes_visited 5604
[22:00:32.147] START to_move 1
[22:00:32.261] STOP to_move 1 nodes_visited 1848
[22:00:32.262] START to_move 2
[22:00:32.431] STOP to_move 2 nodes_visited 2704
[22:00:32.432] START to_move 1
[22:00:32.685] STOP to_move 1 nodes_visited 3928
[22:00:32.687] START to_move 2
[22:00:32.853] STOP to_move 2 nodes_visited 2701
[22:00:32.854] START to_move 1
[22:00:32.945] STOP to_move 1 nodes_visited 1477
[22:00:32.946] START to_move 2
[22:00:33.119] STOP to_move 2 nodes_visited 2846
[22:00:33.121] START to_move 1
[22:00:33.207] STOP to_move 1 nodes_visited 1417
[22:00:33.208] START to_move 2
[22:00:33.373] STOP to_move 2 nodes_visited 2730
[22:00:33.374] START to_move 1
[22:00:33.584] STOP to_move 1 nodes_visited 3352
[22:00:33.586] START to_move 2
[22:00:33.756] STOP to_move 2 nodes_visited 2764
[22:00:33.757] START to_move 1
[22:00:33.843] STOP to_move 1 nodes_visited 1415
[22:00:33.844] START to_move 2
[22:00:34.025] STOP to_move 2 nodes_visited 2952
[22:00:34.026] START to_move 1
[22:00:34.116] STOP to_move 1 nodes_visited 1497
[22:00:34.117] START to_move 2
[22:00:34.303] STOP to_move 2 nodes_visited 3029
[22:00:34.305] START to_move 1
[22:00:34.394] STOP to_move 1 nodes_visited 1478
[22:00:34.395] START to_move 2
[22:00:34.577] STOP to_move 2 nodes_visited 2953
[22:00:34.578] START to_move 1
[22:00:34.669] STOP to_move 1 nodes_visited 1511
[22:00:34.670] START to_move 2
[22:00:34.843] STOP to_move 2 nodes_visited 2826
[22:00:34.845] START to_move 1
[22:00:34.950] STOP to_move 1 nodes_visited 1739
[22:00:34.951] START to_move 2
[22:00:35.093] STOP to_move 2 nodes_visited 2354
[22:00:35.094] START to_move 1
[22:00:35.168] STOP to_move 1 nodes_visited 1209
[22:00:35.168] START to_move 2
[22:00:35.325] STOP to_move 2 nodes_visited 2552
[22:00:35.326] START to_move 1
[22:00:35.412] STOP to_move 1 nodes_visited 1421
[22:00:35.413] START to_move 2
[22:00:35.513] STOP to_move 2 nodes_visited 1722
[22:00:35.514] START to_move 1
[22:00:35.625] STOP to_move 1 nodes_visited 1825
[22:00:35.626] START to_move 2
[22:00:35.732] STOP to_move 2 nodes_visited 1828
[22:00:35.733] START to_move 1
[22:00:35.794] STOP to_move 1 nodes_visited 992
[22:00:35.795] START to_move 2
[22:00:35.910] STOP to_move 2 nodes_visited 1992
[22:00:35.911] START to_move 1
[22:00:35.976] STOP to_move 1 nodes_visited 1071
[22:00:35.976] START to_move 2
[22:00:36.093] STOP to_move 2 nodes_visited 1988
[22:00:36.094] START to_move 1
[22:00:36.129] STOP to_move 1 nodes_visited 603
[22:00:36.130] START to_move 2
[22:00:36.279] STOP to_move 2 nodes_visited 2605
[22:00:36.281] START to_move 1
[22:00:36.313] STOP to_move 1 nodes_visited 524
[22:00:36.313] START to_move 2
[22:00:36.446] STOP to_move 2 nodes_visited 2272
[22:00:36.447] START to_move 1
[22:00:36.572] STOP to_move 1 nodes_visited 2026
[22:00:36.573] START to_move 2
[22:00:36.684] STOP to_move 2 nodes_visited 1941
[22:00:36.685] START to_move 1
[22:00:36.715] STOP to_move 1 nodes_visited 511
[22:00:36.715] START to_move 2
[22:00:36.834] STOP to_move 2 nodes_visited 2028
[22:00:36.835] START to_move 1
[22:00:36.864] STOP to_move 1 nodes_visited 486
[22:00:36.864] START to_move 2
[22:00:36.974] STOP to_move 2 nodes_visited 1922
[22:00:36.975] START to_move 1
[22:00:37.032] STOP to_move 1 nodes_visited 962
[22:00:37.033] START to_move 2
[22:00:37.197] STOP to_move 2 nodes_visited 2803
[22:00:37.199] START to_move 1
[22:00:37.259] STOP to_move 1 nodes_visited 1010
[22:00:37.260] START to_move 2
[22:00:37.377] STOP to_move 2 nodes_visited 1996
[22:00:37.378] START to_move 1
[22:00:37.424] STOP to_move 1 nodes_visited 770
[22:00:37.424] START to_move 2
[22:00:37.538] STOP to_move 2 nodes_visited 1978
[22:00:37.539] START to_move 1
[22:00:37.593] STOP to_move 1 nodes_visited 873
[22:00:37.594] START to_move 2
[22:00:37.747] STOP to_move 2 nodes_visited 2605
[22:00:37.748] START to_move 1
[22:00:37.817] STOP to_move 1 nodes_visited 1144
[22:00:37.818] START to_move 2
[22:00:37.855] STOP to_move 2 nodes_visited 613
[22:00:37.855] START to_move 1
[22:00:37.933] STOP to_move 1 nodes_visited 1265
[22:00:37.933] START to_move 2
[22:00:38.053] STOP to_move 2 nodes_visited 2030
[22:00:38.054] START to_move 1
[22:00:38.168] STOP to_move 1 nodes_visited 1853
[22:00:38.169] START to_move 2
[22:00:38.287] STOP to_move 2 nodes_visited 2001
[22:00:38.288] START to_move 1
[22:00:38.398] STOP to_move 1 nodes_visited 1775
[22:00:38.399] START to_move 2
[22:00:38.517] STOP to_move 2 nodes_visited 2001
[22:00:38.518] START to_move 1
[22:00:38.625] STOP to_move 1 nodes_visited 1770
[22:00:38.626] START to_move 2
[22:00:38.746] STOP to_move 2 nodes_visited 2001
[22:00:38.747] START to_move 1
[22:00:38.786] STOP to_move 1 nodes_visited 651
[22:00:38.786] START to_move 2
[22:00:38.909] STOP to_move 2 nodes_visited 2030
[22:00:38.910] START to_move 1
[22:00:39.025] STOP to_move 1 nodes_visited 1866
[22:00:39.026] START to_move 2
[22:00:39.142] STOP to_move 2 nodes_visited 1972
[22:00:39.143] START to_move 1
[22:00:39.246] STOP to_move 1 nodes_visited 1647
[22:00:39.247] START to_move 2
[22:00:39.363] STOP to_move 2 nodes_visited 1975
[22:00:39.364] START to_move 1
[22:00:39.479] STOP to_move 1 nodes_visited 1846
[22:00:39.480] START to_move 2
[22:00:39.597] STOP to_move 2 nodes_visited 1978
[22:00:39.598] START to_move 1
[22:00:39.688] STOP to_move 1 nodes_visited 1433
[22:00:39.689] START to_move 2
[22:00:39.815] STOP to_move 2 nodes_visited 2095
[22:00:39.816] START to_move 1
[22:00:39.929] STOP to_move 1 nodes_visited 1825
[22:00:39.930] START to_move 2
[22:00:40.054] STOP to_move 2 nodes_visited 2025
[22:00:40.055] START to_move 1
[22:00:40.164] STOP to_move 1 nodes_visited 1788
[22:00:40.165] START to_move 2
[22:00:40.204] STOP to_move 2 nodes_visited 633
[22:00:40.204] START to_move 1
[22:00:40.301] STOP to_move 1 nodes_visited 1580
[22:00:40.301] START to_move 2
[22:00:40.362] STOP to_move 2 nodes_visited 1024
[22:00:40.362] START to_move 1
[22:00:40.417] STOP to_move 1 nodes_visited 900
[22:00:40.418] START to_move 2
[22:00:40.450] STOP to_move 2 nodes_visited 556
[22:00:40.450] START to_move 1
[22:00:40.507] STOP to_move 1 nodes_visited 929
[22:00:40.507] START to_move 2
[22:00:40.528] STOP to_move 2 nodes_visited 365
[22:00:40.529] START to_move 1
[22:00:40.612] STOP to_move 1 nodes_visited 1389
[22:00:40.612] START to_move 2
[22:00:40.636] STOP to_move 2 nodes_visited 412
[22:00:40.636] START to_move 1
[22:00:40.711] STOP to_move 1 nodes_visited 1259
[22:00:40.712] START to_move 2
[22:00:40.739] STOP to_move 2 nodes_visited 471
[22:00:40.739] START to_move 1
[22:00:40.819] STOP to_move 1 nodes_visited 1308
[22:00:40.819] START to_move 2
[22:00:40.846] STOP to_move 2 nodes_visited 455
[22:00:40.846] START to_move 1
[22:00:40.934] STOP to_move 1 nodes_visited 1465
[22:00:40.935] START to_move 2
[22:00:40.962] STOP to_move 2 nodes_visited 469
[22:00:40.962] START to_move 1
[22:00:41.049] STOP to_move 1 nodes_visited 1423
[22:00:41.050] START to_move 2
[22:00:41.077] STOP to_move 2 nodes_visited 475
[22:00:41.077] START to_move 1
[22:00:41.168] STOP to_move 1 nodes_visited 1495
[22:00:41.169] START to_move 2
[22:00:41.190] STOP to_move 2 nodes_visited 381
[22:00:41.191] START to_move 1
[22:00:41.268] STOP to_move 1 nodes_visited 1290
[22:00:41.268] START to_move 2
[22:00:41.291] STOP to_move 2 nodes_visited 376
[22:00:41.291] START to_move 1
[22:00:41.355] STOP to_move 1 nodes_visited 1059
[22:00:41.355] START to_move 2
[22:00:41.385] STOP to_move 2 nodes_visited 524
[22:00:41.385] START to_move 1
[22:00:41.482] STOP to_move 1 nodes_visited 1594
[22:00:41.483] START to_move 2
[22:00:41.510] STOP to_move 2 nodes_visited 470
[22:00:41.510] START to_move 1
[22:00:41.573] STOP to_move 1 nodes_visited 1022
[22:00:41.574] START to_move 2
[22:00:41.614] STOP to_move 2 nodes_visited 703
[22:00:41.614] START to_move 1
[22:00:41.670] STOP to_move 1 nodes_visited 935
[22:00:41.670] START to_move 2
[22:00:41.713] STOP to_move 2 nodes_visited 744
[22:00:41.713] START to_move 1
[22:00:41.868] STOP to_move 1 nodes_visited 2505
[22:00:41.869] START to_move 2
[22:00:41.911] STOP to_move 2 nodes_visited 735
[22:00:41.912] START to_move 1
[22:00:41.980] STOP to_move 1 nodes_visited 1137
[22:00:41.981] START to_move 2
[22:00:42.006] STOP to_move 2 nodes_visited 454
[22:00:42.007] START to_move 1
[22:00:42.155] STOP to_move 1 nodes_visited 2409
[22:00:42.156] START to_move 2
[22:00:42.181] STOP to_move 2 nodes_visited 440
[22:00:42.182] START to_move 1
[22:00:42.319] STOP to_move 1 nodes_visited 2278
[22:00:42.320] START to_move 2
[22:00:42.345] STOP to_move 2 nodes_visited 436
[22:00:42.345] START to_move 1
[22:00:42.492] STOP to_move 1 nodes_visited 2393
[22:00:42.493] START to_move 2
[22:00:42.515] STOP to_move 2 nodes_visited 385
[22:00:42.515] START to_move 1
[22:00:42.658] STOP to_move 1 nodes_visited 2321
[22:00:42.660] START to_move 2
[22:00:42.680] STOP to_move 2 nodes_visited 359
[22:00:42.680] START to_move 1
[22:00:42.810] STOP to_move 1 nodes_visited 2125
[22:00:42.811] START to_move 2
[22:00:42.831] STOP to_move 2 nodes_visited 349
[22:00:42.831] START to_move 1
[22:00:42.959] STOP to_move 1 nodes_visited 2077
[22:00:42.960] START to_move 2
[22:00:42.984] STOP to_move 2 nodes_visited 420
[22:00:42.985] START to_move 1
[22:00:43.106] STOP to_move 1 nodes_visited 1967
[22:00:43.107] START to_move 2
[22:00:43.130] STOP to_move 2 nodes_visited 411
[22:00:43.130] START to_move 1
[22:00:43.193] STOP to_move 1 nodes_visited 1008
[22:00:43.193] START to_move 2
[22:00:43.227] STOP to_move 2 nodes_visited 593
[22:00:43.227] START to_move 1
[22:00:43.268] STOP to_move 1 nodes_visited 674
[22:00:43.269] START to_move 2
[22:00:43.279] STOP to_move 2 nodes_visited 192
[22:00:43.279] START to_move 1
[22:00:43.314] STOP to_move 1 nodes_visited 571
[22:00:43.314] START to_move 2
[22:00:43.330] STOP to_move 2 nodes_visited 276
[22:00:43.330] START to_move 1
[22:00:43.364] STOP to_move 1 nodes_visited 575
[22:00:43.364] START to_move 2
[22:00:43.375] STOP to_move 2 nodes_visited 195
[22:00:43.375] START to_move 1
[22:00:43.408] STOP to_move 1 nodes_visited 532
[22:00:43.408] START to_move 2
[22:00:43.419] STOP to_move 2 nodes_visited 189
[22:00:43.419] START to_move 1
[22:00:43.487] STOP to_move 1 nodes_visited 1076
[22:00:43.487] START to_move 2
[22:00:43.497] STOP to_move 2 nodes_visited 181
[22:00:43.497] START to_move 1
[22:00:43.533] STOP to_move 1 nodes_visited 581
[22:00:43.533] START to_move 2
[22:00:43.543] STOP to_move 2 nodes_visited 183
[22:00:43.544] START to_move 1
[22:00:43.573] STOP to_move 1 nodes_visited 482
[22:00:43.573] START to_move 2
[22:00:43.583] STOP to_move 2 nodes_visited 175
[22:00:43.583] START to_move 1
[22:00:43.616] STOP to_move 1 nodes_visited 533
[22:00:43.616] START to_move 2
[22:00:43.626] STOP to_move 2 nodes_visited 179
[22:00:43.626] START to_move 1
[22:00:43.666] STOP to_move 1 nodes_visited 634
[22:00:43.666] START to_move 2
[22:00:43.676] STOP to_move 2 nodes_visited 182
[22:00:43.676] START to_move 1
[22:00:43.711] STOP to_move 1 nodes_visited 567
[22:00:43.711] START to_move 2
[22:00:43.723] STOP to_move 2 nodes_visited 184
[22:00:43.723] START to_move 1
[22:00:43.756] STOP to_move 1 nodes_visited 535
[22:00:43.756] START to_move 2
[22:00:43.764] STOP to_move 2 nodes_visited 150
[22:00:43.764] START to_move 1
[22:00:43.787] STOP to_move 1 nodes_visited 374
[22:00:43.787] START to_move 2
[22:00:43.796] STOP to_move 2 nodes_visited 152
[22:00:43.796] START to_move 1
[22:00:43.819] STOP to_move 1 nodes_visited 374
[22:00:43.819] START to_move 2
[22:00:43.828] STOP to_move 2 nodes_visited 152
[22:00:43.828] START to_move 1
[22:00:43.849] STOP to_move 1 nodes_visited 344
[22:00:43.849] START to_move 2
[22:00:43.857] STOP to_move 2 nodes_visited 147
[22:00:43.857] START to_move 1
[22:00:43.878] STOP to_move 1 nodes_visited 344
[22:00:43.878] START to_move 2
[22:00:43.885] STOP to_move 2 nodes_visited 123
[22:00:43.885] START to_move 1
[22:00:43.904] STOP to_move 1 nodes_visited 298
[22:00:43.904] START to_move 2
[22:00:43.911] STOP to_move 2 nodes_visited 120
[22:00:43.911] START to_move 1
[22:00:43.928] STOP to_move 1 nodes_visited 278
[22:00:43.928] START to_move 2
[22:00:43.935] STOP to_move 2 nodes_visited 120
[22:00:43.935] START to_move 1
[22:00:43.951] STOP to_move 1 nodes_visited 264
[22:00:43.951] START to_move 2
[22:00:43.957] STOP to_move 2 nodes_visited 114
[22:00:43.957] START to_move 1
[22:00:43.974] STOP to_move 1 nodes_visited 264
[22:00:43.974] START to_move 2
[22:00:43.980] STOP to_move 2 nodes_visited 114
[22:00:43.980] START to_move 1
[22:00:43.992] STOP to_move 1 nodes_visited 199
[22:00:43.992] START to_move 2
[22:00:43.999] STOP to_move 2 nodes_visited 117
[22:00:43.999] START to_move 1
[22:00:44.011] STOP to_move 1 nodes_visited 197
[22:00:44.011] START to_move 2
[22:00:44.018] STOP to_move 2 nodes_visited 117
[22:00:44.018] START to_move 1
[22:00:44.030] STOP to_move 1 nodes_visited 189
[22:00:44.030] START to_move 2
[22:00:44.040] STOP to_move 2 nodes_visited 177
[22:00:44.040] START to_move 1
[22:00:44.049] STOP to_move 1 nodes_visited 142
[22:00:44.049] END winner 1 - rounds 167
