[21:55:17.736] 1 - distance_function euclides - pruning True
[21:55:17.737] 2 - distance_function chebyshev - pruning True
[21:55:17.737] START to_move 1
[21:55:17.936] STOP to_move 1 nodes_visited 3134
[21:55:17.938] START to_move 2
[21:55:18.105] STOP to_move 2 nodes_visited 2510
[21:55:18.107] START to_move 1
[21:55:18.162] STOP to_move 1 nodes_visited 917
[21:55:18.163] START to_move 2
[21:55:18.253] STOP to_move 2 nodes_visited 1385
[21:55:18.254] START to_move 1
[21:55:18.421] STOP to_move 1 nodes_visited 2689
[21:55:18.422] START to_move 2
[21:55:18.647] STOP to_move 2 nodes_visited 3505
[21:55:18.649] START to_move 1
[21:55:18.790] STOP to_move 1 nodes_visited 2234
[21:55:18.791] START to_move 2
[21:55:18.875] STOP to_move 2 nodes_visited 1348
[21:55:18.875] START to_move 1
[21:55:19.005] STOP to_move 1 nodes_visited 2113
[21:55:19.007] START to_move 2
[21:55:19.087] STOP to_move 2 nodes_visited 1269
[21:55:19.088] START to_move 1
[21:55:19.230] STOP to_move 1 nodes_visited 2292
[21:55:19.231] START to_move 2
[21:55:19.308] STOP to_move 2 nodes_visited 1210
[21:55:19.309] START to_move 1
[21:55:19.438] STOP to_move 1 nodes_visited 2104
[21:55:19.439] START to_move 2
[21:55:19.522] STOP to_move 2 nodes_visited 1355
[21:55:19.523] START to_move 1
[21:55:19.769] STOP to_move 1 nodes_visited 4003
[21:55:19.772] START to_move 2
[21:55:19.810] STOP to_move 2 nodes_visited 634
[21:55:19.810] START to_move 1
[21:55:20.072] STOP to_move 1 nodes_visited 4226
[21:55:20.075] START to_move 2
[21:55:20.119] STOP to_move 2 nodes_visited 704
[21:55:20.120] START to_move 1
[21:55:20.387] STOP to_move 1 nodes_visited 4211
[21:55:20.389] START to_move 2
[21:55:20.415] STOP to_move 2 nodes_visited 430
[21:55:20.415] START to_move 1
[21:55:20.672] STOP to_move 1 nodes_visited 4065
[21:55:20.675] START to_move 2
[21:55:20.699] STOP to_move 2 nodes_visited 408
[21:55:20.700] START to_move 1
[21:55:20.942] STOP to_move 1 nodes_visited 3845
[21:55:20.944] START to_move 2
[21:55:20.969] STOP to_move 2 nodes_visited 409
[21:55:20.969] START to_move 1
[21:55:21.212] STOP to_move 1 nodes_visited 3855
[21:55:21.214] START to_move 2
[21:55:21.340] STOP to_move 2 nodes_visited 2017
[21:55:21.341] START to_move 1
[21:55:21.464] STOP to_move 1 nodes_visited 1998
[21:55:21.465] START to_move 2
[21:55:21.488] STOP to_move 2 nodes_visited 389
[21:55:21.489] START to_move 1
[21:55:21.645] STOP to_move 1 nodes_visited 2574
[21:55:21.646] START to_move 2
[21:55:21.670] STOP to_move 2 nodes_visited 389
[21:55:21.670] START to_move 1
[21:55:21.853] STOP to_move 1 nodes_visited 2920
[21:55:21.854] START to_move 2
[21:55:22.050] STOP to_move 2 nodes_visited 3078
[21:55:22.051] START to_move 1
[21:55:22.239] STOP to_move 1 nodes_visited 2961
[21:55:22.241] START to_move 2
[21:55:22.412] STOP to_move 2 nodes_visited 2728
[21:55:22.414] START to_move 1
[21:55:22.599] STOP to_move 1 nodes_visited 2962
[21:55:22.601] START to_move 2
[21:55:22.636] STOP to_move 2 nodes_visited 576
[21:55:22.636] START to_move 1
[21:55:22.860] STOP to_move 1 nodes_visited 3577
[21:55:22.862] START to_move 2
[21:55:22.885] STOP to_move 2 nodes_visited 384
[21:55:22.885] START to_move 1
[21:55:23.116] STOP to_move 1 nodes_visited 3673
[21:55:23.118] START to_move 2
[21:55:23.141] STOP to_move 2 nodes_visited 384
[21:55:23.141] START to_move 1
[21:55:23.289] STOP to_move 1 nodes_visited 2335
[21:55:23.290] START to_move 2
[21:55:23.313] STOP to_move 2 nodes_visited 377
[21:55:23.313] START to_move 1
[21:55:23.458] STOP to_move 1 nodes_visited 2326
[21:55:23.459] START to_move 2
[21:55:23.481] STOP to_move 2 nodes_visited 370
[21:55:23.482] START to_move 1
[21:55:23.709] STOP to_move 1 nodes_visited 3614
[21:55:23.711] START to_move 2
[21:55:23.917] STOP to_move 2 nodes_visited 3254
[21:55:23.919] START to_move 1
[21:55:24.101] STOP to_move 1 nodes_visited 2864
[21:55:24.102] START to_move 2
[21:55:24.125] STOP to_move 2 nodes_visited 380
[21:55:24.125] START to_move 1
[21:55:24.276] STOP to_move 1 nodes_visited 2463
[21:55:24.278] START to_move 2
[21:55:24.300] STOP to_move 2 nodes_visited 380
[21:55:24.301] START to_move 1
[21:55:24.349] STOP to_move 1 nodes_visited 807
[21:55:24.349] START to_move 2
[21:55:24.374] STOP to_move 2 nodes_visited 385
[21:55:24.374] START to_move 1
[21:55:24.416] STOP to_move 1 nodes_visited 698
[21:55:24.416] START to_move 2
[21:55:24.561] STOP to_move 2 nodes_visited 2321
[21:55:24.563] START to_move 1
[21:55:24.605] STOP to_move 1 nodes_visited 712
[21:55:24.606] START to_move 2
[21:55:24.764] STOP to_move 2 nodes_visited 2514
[21:55:24.765] START to_move 1
[21:55:24.814] STOP to_move 1 nodes_visited 803
[21:55:24.814] START to_move 2
[21:55:25.008] STOP to_move 2 nodes_visited 3082
[21:55:25.010] START to_move 1
[21:55:25.056] STOP to_move 1 nodes_visited 759
[21:55:25.056] START to_move 2
[21:55:25.239] STOP to_move 2 nodes_visited 2883
[21:55:25.240] START to_move 1
[21:55:25.282] STOP to_move 1 nodes_visited 699
[21:55:25.283] START to_move 2
[21:55:25.386] STOP to_move 2 nodes_visited 1662
[21:55:25.387] START to_move 1
[21:55:25.430] STOP to_move 1 nodes_visited 726
[21:55:25.430] START to_move 2
[21:55:25.555] STOP to_move 2 nodes_visited 1969
[21:55:25.556] START to_move 1
[21:55:25.596] STOP to_move 1 nodes_visited 667
[21:55:25.596] START to_move 2
[21:55:25.730] STOP to_move 2 nodes_visited 2091
[21:55:25.731] START to_move 1
[21:55:25.789] STOP to_move 1 nodes_visited 969
[21:55:25.790] START to_move 2
[21:55:25.911] STOP to_move 2 nodes_visited 1954
[21:55:25.912] START to_move 1
[21:55:25.946] STOP to_move 1 nodes_visited 572
[21:55:25.946] START to_move 2
[21:55:25.982] STOP to_move 2 nodes_visited 587
[21:55:25.982] START to_move 1
[21:55:26.054] STOP to_move 1 nodes_visited 1163
[21:55:26.055] START to_move 2
[21:55:26.075] STOP to_move 2 nodes_visited 353
[21:55:26.075] START to_move 1
[21:55:26.139] STOP to_move 1 nodes_visited 1064
[21:55:26.140] START to_move 2
[21:55:26.158] STOP to_move 2 nodes_visited 312
[21:55:26.158] START to_move 1
[21:55:26.213] STOP to_move 1 nodes_visited 899
[21:55:26.213] START to_move 2
[21:55:26.234] STOP to_move 2 nodes_visited 342
[21:55:26.234] START to_move 1
[21:55:26.263] STOP to_move 1 nodes_visited 489
[21:55:26.263] START to_move 2
[21:55:26.280] STOP to_move 2 nodes_visited 286
[21:55:26.280] START to_move 1
[21:55:26.305] STOP to_move 1 nodes_visited 405
[21:55:26.305] START to_move 2
[21:55:26.322] STOP to_move 2 nodes_visited 279
[21:55:26.322] START to_move 1
[21:55:26.391] STOP to_move 1 nodes_visited 1158
[21:55:26.392] START to_move 2
[21:55:26.408] STOP to_move 2 nodes_visited 279
[21:55:26.409] START to_move 1
[21:55:26.491] STOP to_move 1 nodes_visited 1332
[21:55:26.492] START to_move 2
[21:55:26.508] STOP to_move 2 nodes_visited 272
[21:55:26.508] START to_move 1
[21:55:26.592] STOP to_move 1 nodes_visited 1332
[21:55:26.592] START to_move 2
[21:55:26.609] STOP to_move 2 nodes_visited 277
[21:55:26.609] START to_move 1
[21:55:26.692] STOP to_move 1 nodes_visited 1358
[21:55:26.693] START to_move 2
[21:55:26.710] STOP to_move 2 nodes_visited 280
[21:55:26.710] START to_move 1
[21:55:26.794] STOP to_move 1 nodes_visited 1359
[21:55:26.794] START to_move 2
[21:55:26.811] STOP to_move 2 nodes_visited 278
[21:55:26.811] START to_move 1
[21:55:26.899] STOP to_move 1 nodes_visited 1378
[21:55:26.899] START to_move 2
[21:55:26.916] STOP to_move 2 nodes_visited 280
[21:55:26.916] START to_move 1
[21:55:26.999] STOP to_move 1 nodes_visited 1349
[21:55:27.000] START to_move 2
[21:55:27.017] STOP to_move 2 nodes_visited 301
[21:55:27.018] START to_move 1
[21:55:27.097] STOP to_move 1 nodes_visited 1302
[21:55:27.098] START to_move 2
[21:55:27.124] STOP to_move 2 nodes_visited 438
[21:55:27.125] START to_move 1
[21:55:27.199] STOP to_move 1 nodes_visited 1198
[21:55:27.200] START to_move 2
[21:55:27.217] STOP to_move 2 nodes_visited 281
[21:55:27.217] START to_move 1
[21:55:27.290] STOP to_move 1 nodes_visited 1187
[21:55:27.291] START to_move 2
[21:55:27.307] STOP to_move 2 nodes_visited 277
[21:55:27.307] START to_move 1
[21:55:27.378] STOP to_move 1 nodes_visited 1165
[21:55:27.378] START to_move 2
[21:55:27.406] STOP to_move 2 nodes_visited 435
[21:55:27.407] START to_move 1
[21:55:27.455] STOP to_move 1 nodes_visited 798
[21:55:27.455] START to_move 2
[21:55:27.470] STOP to_move 2 nodes_visited 251
[21:55:27.470] START to_move 1
[21:55:27.496] STOP to_move 1 nodes_visited 446
[21:55:27.497] START to_move 2
[21:55:27.512] STOP to_move 2 nodes_visited 245
[21:55:27.512] START to_move 1
[21:55:27.579] STOP to_move 1 nodes_visited 1094
[21:55:27.579] START to_move 2
[21:55:27.594] STOP to_move 2 nodes_visited 249
[21:55:27.594] START to_move 1
[21:55:27.663] STOP to_move 1 nodes_visited 1133
[21:55:27.663] START to_move 2
[21:55:27.678] STOP to_move 2 nodes_visited 253
[21:55:27.678] START to_move 1
[21:55:27.748] STOP to_move 1 nodes_visited 1127
[21:55:27.749] START to_move 2
[21:55:27.764] STOP to_move 2 nodes_visited 249
[21:55:27.764] START to_move 1
[21:55:27.832] STOP to_move 1 nodes_visited 1127
[21:55:27.832] START to_move 2
[21:55:27.847] STOP to_move 2 nodes_visited 248
[21:55:27.847] START to_move 1
[21:55:27.911] STOP to_move 1 nodes_visited 1065
[21:55:27.912] START to_move 2
[21:55:27.934] STOP to_move 2 nodes_visited 367
[21:55:27.934] START to_move 1
[21:55:28.013] STOP to_move 1 nodes_visited 1269
[21:55:28.013] START to_move 2
[21:55:28.040] STOP to_move 2 nodes_visited 441
[21:55:28.040] START to_move 1
[21:55:28.126] STOP to_move 1 nodes_visited 1422
[21:55:28.127] START to_move 2
[21:55:28.154] STOP to_move 2 nodes_visited 440
[21:55:28.154] START to_move 1
[21:55:28.244] STOP to_move 1 nodes_visited 1437
[21:55:28.245] START to_move 2
[21:55:28.272] STOP to_move 2 nodes_visited 440
[21:55:28.272] START to_move 1
[21:55:28.354] STOP to_move 1 nodes_visited 1349
[21:55:28.355] START to_move 2
[21:55:28.381] STOP to_move 2 nodes_visited 440
[21:55:28.382] START to_move 1
[21:55:28.455] STOP to_move 1 nodes_visited 1221
[21:55:28.456] START to_move 2
[21:55:28.482] STOP to_move 2 nodes_visited 431
[21:55:28.482] START to_move 1
[21:55:28.549] STOP to_move 1 nodes_visited 1081
[21:55:28.549] START to_move 2
[21:55:28.576] STOP to_move 2 nodes_visited 427
[21:55:28.576] START to_move 1
[21:55:28.640] STOP to_move 1 nodes_visited 1064
[21:55:28.641] START to_move 2
[21:55:28.666] STOP to_move 2 nodes_visited 427
[21:55:28.667] START to_move 1
[21:55:28.730] STOP to_move 1 nodes_visited 1059
[21:55:28.731] START to_move 2
[21:55:28.757] STOP to_move 2 nodes_visited 423
[21:55:28.758] START to_move 1
[21:55:28.819] STOP to_move 1 nodes_visited 985
[21:55:28.819] START to_move 2
[21:55:28.871] STOP to_move 2 nodes_visited 833
[21:55:28.871] START to_move 1
[21:55:28.926] STOP to_move 1 nodes_visited 912
[21:55:28.926] START to_move 2
[21:55:28.953] STOP to_move 2 nodes_visited 454
[21:55:28.954] START to_move 1
[21:55:29.016] STOP to_move 1 nodes_visited 1029
[21:55:29.017] START to_move 2
[21:55:29.044] STOP to_move 2 nodes_visited 450
[21:55:29.045] START to_move 1
[21:55:29.109] STOP to_move 1 nodes_visited 1021
[21:55:29.109] START to_move 2
[21:55:29.135] STOP to_move 2 nodes_visited 428
[21:55:29.135] START to_move 1
[21:55:29.215] STOP to_move 1 nodes_visited 1308
[21:55:29.216] START to_move 2
[21:55:29.238] STOP to_move 2 nodes_visited 381
[21:55:29.238] START to_move 1
[21:55:29.320] STOP to_move 1 nodes_visited 1341
[21:55:29.321] START to_move 2
[21:55:29.341] STOP to_move 2 nodes_visited 343
[21:55:29.342] START to_move 1
[21:55:29.366] STOP to_move 1 nodes_visited 397
[21:55:29.366] START to_move 2
[21:55:29.386] STOP to_move 2 nodes_visited 327
[21:55:29.386] START to_move 1
[21:55:29.406] STOP to_move 1 nodes_visited 327
[21:55:29.406] START to_move 2
[21:55:29.425] STOP to_move 2 nodes_visited 319
[21:55:29.425] START to_move 1
[21:55:29.486] STOP to_move 1 nodes_visited 1026
[21:55:29.487] START to_move 2
[21:55:29.506] STOP to_move 2 nodes_visited 325
[21:55:29.506] START to_move 1
[21:55:29.570] STOP to_move 1 nodes_visited 1056
[21:55:29.571] START to_move 2
[21:55:29.589] STOP to_move 2 nodes_visited 317
[21:55:29.589] START to_move 1
[21:55:29.655] STOP to_move 1 nodes_visited 1056
[21:55:29.656] START to_move 2
[21:55:29.682] STOP to_move 2 nodes_visited 425
[21:55:29.682] START to_move 1
[21:55:29.748] STOP to_move 1 nodes_visited 1093
[21:55:29.748] START to_move 2
[21:55:29.775] STOP to_move 2 nodes_visited 448
[21:55:29.776] START to_move 1
[21:55:29.837] STOP to_move 1 nodes_visited 1006
[21:55:29.837] START to_move 2
[21:55:29.864] STOP to_move 2 nodes_visited 448
[21:55:29.865] START to_move 1
[21:55:29.971] STOP to_move 1 nodes_visited 1668
[21:55:29.972] START to_move 2
[21:55:29.996] STOP to_move 2 nodes_visited 402
[21:55:29.997] START to_move 1
[21:55:30.048] STOP to_move 1 nodes_visited 750
[21:55:30.048] START to_move 2
[21:55:30.072] STOP to_move 2 nodes_visited 397
[21:55:30.073] START to_move 1
[21:55:30.119] STOP to_move 1 nodes_visited 762
[21:55:30.119] START to_move 2
[21:55:30.173] STOP to_move 2 nodes_visited 876
[21:55:30.173] START to_move 1
[21:55:30.220] STOP to_move 1 nodes_visited 789
[21:55:30.221] START to_move 2
[21:55:30.245] STOP to_move 2 nodes_visited 384
[21:55:30.245] START to_move 1
[21:55:30.263] STOP to_move 1 nodes_visited 306
[21:55:30.264] START to_move 2
[21:55:30.275] STOP to_move 2 nodes_visited 190
[21:55:30.275] START to_move 1
[21:55:30.311] STOP to_move 1 nodes_visited 592
[21:55:30.311] START to_move 2
[21:55:30.321] STOP to_move 2 nodes_visited 181
[21:55:30.322] START to_move 1
[21:55:30.378] STOP to_move 1 nodes_visited 924
[21:55:30.378] START to_move 2
[21:55:30.386] STOP to_move 2 nodes_visited 139
[21:55:30.386] START to_move 1
[21:55:30.433] STOP to_move 1 nodes_visited 781
[21:55:30.434] START to_move 2
[21:55:30.442] STOP to_move 2 nodes_visited 151
[21:55:30.443] START to_move 1
[21:55:30.498] STOP to_move 1 nodes_visited 902
[21:55:30.498] START to_move 2
[21:55:30.508] STOP to_move 2 nodes_visited 170
[21:55:30.508] START to_move 1
[21:55:30.564] STOP to_move 1 nodes_visited 902
[21:55:30.565] START to_move 2
[21:55:30.575] STOP to_move 2 nodes_visited 181
[21:55:30.575] START to_move 1
[21:55:30.633] STOP to_move 1 nodes_visited 943
[21:55:30.634] START to_move 2
[21:55:30.643] STOP to_move 2 nodes_visited 154
[21:55:30.643] START to_move 1
[21:55:30.679] STOP to_move 1 nodes_visited 603
[21:55:30.679] START to_move 2
[21:55:30.691] STOP to_move 2 nodes_visited 205
[21:55:30.691] START to_move 1
[21:55:30.726] STOP to_move 1 nodes_visited 565
[21:55:30.726] START to_move 2
[21:55:30.735] STOP to_move 2 nodes_visited 149
[21:55:30.735] START to_move 1
[21:55:30.766] STOP to_move 1 nodes_visited 505
[21:55:30.766] START to_move 2
[21:55:30.775] STOP to_move 2 nodes_visited 146
[21:55:30.775] START to_move 1
[21:55:30.808] STOP to_move 1 nodes_visited 505
[21:55:30.808] START to_move 2
[21:55:30.816] STOP to_move 2 nodes_visited 144
[21:55:30.816] START to_move 1
[21:55:30.847] STOP to_move 1 nodes_visited 505
[21:55:30.847] START to_move 2
[21:55:30.856] STOP to_move 2 nodes_visited 144
[21:55:30.856] START to_move 1
[21:55:30.886] STOP to_move 1 nodes_visited 489
[21:55:30.886] START to_move 2
[21:55:30.894] STOP to_move 2 nodes_visited 142
[21:55:30.894] START to_move 1
[21:55:30.914] STOP to_move 1 nodes_visited 321
[21:55:30.914] START to_move 2
[21:55:30.922] STOP to_move 2 nodes_visited 142
[21:55:30.922] START to_move 1
[21:55:30.941] STOP to_move 1 nodes_visited 313
[21:55:30.941] START to_move 2
[21:55:30.949] STOP to_move 2 nodes_visited 139
[21:55:30.949] START to_move 1
[21:55:30.966] STOP to_move 1 nodes_visited 283
[21:55:30.966] START to_move 2
[21:55:30.974] STOP to_move 2 nodes_visited 132
[21:55:30.974] START to_move 1
[21:55:30.985] STOP to_move 1 nodes_visited 183
[21:55:30.985] START to_move 2
[21:55:30.992] STOP to_move 2 nodes_visited 134
[21:55:30.993] START to_move 1
[21:55:31.002] STOP to_move 1 nodes_visited 149
[21:55:31.002] START to_move 2
[21:55:31.009] STOP to_move 2 nodes_visited 133
[21:55:31.010] START to_move 1
[21:55:31.018] STOP to_move 1 nodes_visited 147
[21:55:31.018] START to_move 2
[21:55:31.026] STOP to_move 2 nodes_visited 132
[21:55:31.026] START to_move 1
[21:55:31.034] STOP to_move 1 nodes_visited 144
[21:55:31.034] START to_move 2
[21:55:31.042] STOP to_move 2 nodes_visited 129
[21:55:31.042] START to_move 1
[21:55:31.050] STOP to_move 1 nodes_visited 144
[21:55:31.051] START to_move 2
[21:55:31.058] STOP to_move 2 nodes_visited 129
[21:55:31.058] START to_move 1
[21:55:31.067] STOP to_move 1 nodes_visited 144
[21:55:31.067] START to_move 2
[21:55:31.074] STOP to_move 2 nodes_visited 129
[21:55:31.074] START to_move 1
[21:55:31.083] STOP to_move 1 nodes_visited 150
[21:55:31.083] START to_move 2
[21:55:31.091] STOP to_move 2 nodes_visited 125
[21:55:31.091] START to_move 1
[21:55:31.100] STOP to_move 1 nodes_visited 147
[21:55:31.100] START to_move 2
[21:55:31.107] STOP to_move 2 nodes_visited 125
[21:55:31.108] START to_move 1
[21:55:31.118] STOP to_move 1 nodes_visited 147
[21:55:31.118] START to_move 2
[21:55:31.125] STOP to_move 2 nodes_visited 119
[21:55:31.125] START to_move 1
[21:55:31.126] STOP to_move 1 nodes_visited 6
[21:55:31.126] END winner 1 - rounds 217
