[22:14:25.730] 1 - distance_function euclides - pruning True
[22:14:25.730] 2 - distance_function chebyshev - pruning True
[22:14:25.730] START to_move 1
[22:14:25.951] STOP to_move 1 nodes_visited 3499
[22:14:25.954] START to_move 2
[22:14:26.078] STOP to_move 2 nodes_visited 1952
[22:14:26.079] START to_move 1
[22:14:26.311] STOP to_move 1 nodes_visited 3771
[22:14:26.314] START to_move 2
[22:14:26.438] STOP to_move 2 nodes_visited 1994
[22:14:26.439] START to_move 1
[22:14:26.566] STOP to_move 1 nodes_visited 2092
[22:14:26.567] START to_move 2
[22:14:26.784] STOP to_move 2 nodes_visited 3374
[22:14:26.786] START to_move 1
[22:14:27.126] STOP to_move 1 nodes_visited 5426
[22:14:27.129] START to_move 2
[22:14:27.279] STOP to_move 2 nodes_visited 2351
[22:14:27.281] START to_move 1
[22:14:27.407] STOP to_move 1 nodes_visited 2105
[22:14:27.408] START to_move 2
[22:14:27.548] STOP to_move 2 nodes_visited 2206
[22:14:27.549] START to_move 1
[22:14:27.666] STOP to_move 1 nodes_visited 1933
[22:14:27.667] START to_move 2
[22:14:27.809] STOP to_move 2 nodes_visited 2260
[22:14:27.811] START to_move 1
[22:14:27.930] STOP to_move 1 nodes_visited 1971
[22:14:27.931] START to_move 2
[22:14:28.121] STOP to_move 2 nodes_visited 3013
[22:14:28.123] START to_move 1
[22:14:28.257] STOP to_move 1 nodes_visited 2225
[22:14:28.258] START to_move 2
[22:14:28.442] STOP to_move 2 nodes_visited 2937
[22:14:28.444] START to_move 1
[22:14:28.583] STOP to_move 1 nodes_visited 2246
[22:14:28.584] START to_move 2
[22:14:28.765] STOP to_move 2 nodes_visited 2905
[22:14:28.767] START to_move 1
[22:14:28.872] STOP to_move 1 nodes_visited 1701
[22:14:28.873] START to_move 2
[22:14:28.929] STOP to_move 2 nodes_visited 905
[22:14:28.930] START to_move 1
[22:14:29.132] STOP to_move 1 nodes_visited 3253
[22:14:29.134] START to_move 2
[22:14:29.387] STOP to_move 2 nodes_visited 3960
[22:14:29.389] START to_move 1
[22:14:29.518] STOP to_move 1 nodes_visited 2119
[22:14:29.519] START to_move 2
[22:14:29.571] STOP to_move 2 nodes_visited 853
[22:14:29.572] START to_move 1
[22:14:29.713] STOP to_move 1 nodes_visited 2297
[22:14:29.714] START to_move 2
[22:14:29.736] STOP to_move 2 nodes_visited 363
[22:14:29.736] START to_move 1
[22:14:29.852] STOP to_move 1 nodes_visited 1925
[22:14:29.853] START to_move 2
[22:14:29.875] STOP to_move 2 nodes_visited 370
[22:14:29.876] START to_move 1
[22:14:30.014] STOP to_move 1 nodes_visited 2245
[22:14:30.015] START to_move 2
[22:14:30.106] STOP to_move 2 nodes_visited 1476
[22:14:30.107] START to_move 1
[22:14:30.245] STOP to_move 1 nodes_visited 2262
[22:14:30.247] START to_move 2
[22:14:30.269] STOP to_move 2 nodes_visited 373
[22:14:30.269] START to_move 1
[22:14:30.451] STOP to_move 1 nodes_visited 2954
[22:14:30.453] START to_move 2
[22:14:30.475] STOP to_move 2 nodes_visited 370
[22:14:30.475] START to_move 1
[22:14:30.623] STOP to_move 1 nodes_visited 2455
[22:14:30.624] START to_move 2
[22:14:30.648] STOP to_move 2 nodes_visited 385
[22:14:30.648] START to_move 1
[22:14:30.711] STOP to_move 1 nodes_visited 1049
[22:14:30.711] START to_move 2
[22:14:30.734] STOP to_move 2 nodes_visited 357
[22:14:30.734] START to_move 1
[22:14:30.800] STOP to_move 1 nodes_visited 1089
[22:14:30.800] START to_move 2
[22:14:30.826] STOP to_move 2 nodes_visited 426
[22:14:30.827] START to_move 1
[22:14:30.917] STOP to_move 1 nodes_visited 1466
[22:14:30.918] START to_move 2
[22:14:30.946] STOP to_move 2 nodes_visited 458
[22:14:30.946] START to_move 1
[22:14:31.043] STOP to_move 1 nodes_visited 1575
[22:14:31.044] START to_move 2
[22:14:31.072] STOP to_move 2 nodes_visited 464
[22:14:31.072] START to_move 1
[22:14:31.120] STOP to_move 1 nodes_visited 792
[22:14:31.121] START to_move 2
[22:14:31.192] STOP to_move 2 nodes_visited 1138
[22:14:31.193] START to_move 1
[22:14:31.244] STOP to_move 1 nodes_visited 854
[22:14:31.245] START to_move 2
[22:14:31.274] STOP to_move 2 nodes_visited 451
[22:14:31.274] START to_move 1
[22:14:31.322] STOP to_move 1 nodes_visited 786
[22:14:31.322] START to_move 2
[22:14:31.347] STOP to_move 2 nodes_visited 411
[22:14:31.347] START to_move 1
[22:14:31.417] STOP to_move 1 nodes_visited 1153
[22:14:31.417] START to_move 2
[22:14:31.532] STOP to_move 2 nodes_visited 1827
[22:14:31.533] START to_move 1
[22:14:31.601] STOP to_move 1 nodes_visited 1117
[22:14:31.601] START to_move 2
[22:14:31.777] STOP to_move 2 nodes_visited 2823
[22:14:31.779] START to_move 1
[22:14:31.852] STOP to_move 1 nodes_visited 1202
[22:14:31.853] START to_move 2
[22:14:32.016] STOP to_move 2 nodes_visited 2606
[22:14:32.018] START to_move 1
[22:14:32.075] STOP to_move 1 nodes_visited 952
[22:14:32.075] START to_move 2
[22:14:32.099] STOP to_move 2 nodes_visited 380
[22:14:32.100] START to_move 1
[22:14:32.246] STOP to_move 1 nodes_visited 2408
[22:14:32.248] START to_move 2
[22:14:32.271] STOP to_move 2 nodes_visited 380
[22:14:32.271] START to_move 1
[22:14:32.428] STOP to_move 1 nodes_visited 2537
[22:14:32.430] START to_move 2
[22:14:32.452] STOP to_move 2 nodes_visited 376
[22:14:32.453] START to_move 1
[22:14:32.612] STOP to_move 1 nodes_visited 2538
[22:14:32.613] START to_move 2
[22:14:32.755] STOP to_move 2 nodes_visited 2241
[22:14:32.756] START to_move 1
[22:14:32.889] STOP to_move 1 nodes_visited 2130
[22:14:32.891] START to_move 2
[22:14:32.914] STOP to_move 2 nodes_visited 383
[22:14:32.914] START to_move 1
[22:14:32.996] STOP to_move 1 nodes_visited 1341
[22:14:32.997] START to_move 2
[22:14:33.024] STOP to_move 2 nodes_visited 442
[22:14:33.024] START to_move 1
[22:14:33.086] STOP to_move 1 nodes_visited 1040
[22:14:33.087] START to_move 2
[22:14:33.114] STOP to_move 2 nodes_visited 441
[22:14:33.114] START to_move 1
[22:14:33.177] STOP to_move 1 nodes_visited 1024
[22:14:33.177] START to_move 2
[22:14:33.204] STOP to_move 2 nodes_visited 439
[22:14:33.204] START to_move 1
[22:14:33.263] STOP to_move 1 nodes_visited 983
[22:14:33.264] START to_move 2
[22:14:33.291] STOP to_move 2 nodes_visited 439
[22:14:33.291] START to_move 1
[22:14:33.345] STOP to_move 1 nodes_visited 892
[22:14:33.345] START to_move 2
[22:14:33.373] STOP to_move 2 nodes_visited 458
[22:14:33.374] START to_move 1
[22:14:33.446] STOP to_move 1 nodes_visited 1133
[22:14:33.447] START to_move 2
[22:14:33.464] STOP to_move 2 nodes_visited 277
[22:14:33.464] START to_move 1
[22:14:33.567] STOP to_move 1 nodes_visited 1701
[22:14:33.567] START to_move 2
[22:14:33.584] STOP to_move 2 nodes_visited 272
[22:14:33.584] START to_move 1
[22:14:33.740] STOP to_move 1 nodes_visited 2466
[22:14:33.741] START to_move 2
[22:14:33.769] STOP to_move 2 nodes_visited 454
[22:14:33.770] START to_move 1
[22:14:33.838] STOP to_move 1 nodes_visited 1097
[22:14:33.838] START to_move 2
[22:14:33.854] STOP to_move 2 nodes_visited 258
[22:14:33.854] START to_move 1
[22:14:33.919] STOP to_move 1 nodes_visited 1027
[22:14:33.919] START to_move 2
[22:14:33.954] STOP to_move 2 nodes_visited 563
[22:14:33.954] START to_move 1
[22:14:34.022] STOP to_move 1 nodes_visited 1035
[22:14:34.023] START to_move 2
[22:14:34.042] STOP to_move 2 nodes_visited 308
[22:14:34.042] START to_move 1
[22:14:34.104] STOP to_move 1 nodes_visited 964
[22:14:34.104] START to_move 2
[22:14:34.122] STOP to_move 2 nodes_visited 298
[22:14:34.123] START to_move 1
[22:14:34.174] STOP to_move 1 nodes_visited 815
[22:14:34.175] START to_move 2
[22:14:34.192] STOP to_move 2 nodes_visited 294
[22:14:34.193] START to_move 1
[22:14:34.245] STOP to_move 1 nodes_visited 827
[22:14:34.245] START to_move 2
[22:14:34.263] STOP to_move 2 nodes_visited 289
[22:14:34.263] START to_move 1
[22:14:34.320] STOP to_move 1 nodes_visited 838
[22:14:34.320] START to_move 2
[22:14:34.340] STOP to_move 2 nodes_visited 317
[22:14:34.340] START to_move 1
[22:14:34.382] STOP to_move 1 nodes_visited 684
[22:14:34.383] START to_move 2
[22:14:34.403] STOP to_move 2 nodes_visited 325
[22:14:34.403] START to_move 1
[22:14:34.446] STOP to_move 1 nodes_visited 685
[22:14:34.447] START to_move 2
[22:14:34.466] STOP to_move 2 nodes_visited 322
[22:14:34.466] START to_move 1
[22:14:34.506] STOP to_move 1 nodes_visited 638
[22:14:34.506] START to_move 2
[22:14:34.530] STOP to_move 2 nodes_visited 382
[22:14:34.531] START to_move 1
[22:14:34.608] STOP to_move 1 nodes_visited 1187
[22:14:34.608] START to_move 2
[22:14:34.631] STOP to_move 2 nodes_visited 372
[22:14:34.632] START to_move 1
[22:14:34.703] STOP to_move 1 nodes_visited 1155
[22:14:34.704] START to_move 2
[22:14:34.727] STOP to_move 2 nodes_visited 379
[22:14:34.728] START to_move 1
[22:14:34.784] STOP to_move 1 nodes_visited 909
[22:14:34.784] START to_move 2
[22:14:34.799] STOP to_move 2 nodes_visited 245
[22:14:34.799] START to_move 1
[22:14:34.862] STOP to_move 1 nodes_visited 998
[22:14:34.862] START to_move 2
[22:14:34.881] STOP to_move 2 nodes_visited 316
[22:14:34.882] START to_move 1
[22:14:34.918] STOP to_move 1 nodes_visited 584
[22:14:34.918] START to_move 2
[22:14:34.937] STOP to_move 2 nodes_visited 314
[22:14:34.938] START to_move 1
[22:14:34.968] STOP to_move 1 nodes_visited 502
[22:14:34.968] START to_move 2
[22:14:34.991] STOP to_move 2 nodes_visited 372
[22:14:34.991] START to_move 1
[22:14:35.050] STOP to_move 1 nodes_visited 956
[22:14:35.051] START to_move 2
[22:14:35.065] STOP to_move 2 nodes_visited 233
[22:14:35.065] START to_move 1
[22:14:35.123] STOP to_move 1 nodes_visited 934
[22:14:35.123] START to_move 2
[22:14:35.137] STOP to_move 2 nodes_visited 224
[22:14:35.137] START to_move 1
[22:14:35.190] STOP to_move 1 nodes_visited 856
[22:14:35.191] START to_move 2
[22:14:35.210] STOP to_move 2 nodes_visited 305
[22:14:35.210] START to_move 1
[22:14:35.261] STOP to_move 1 nodes_visited 833
[22:14:35.261] START to_move 2
[22:14:35.272] STOP to_move 2 nodes_visited 192
[22:14:35.273] START to_move 1
[22:14:35.322] STOP to_move 1 nodes_visited 815
[22:14:35.322] START to_move 2
[22:14:35.333] STOP to_move 2 nodes_visited 180
[22:14:35.333] START to_move 1
[22:14:35.369] STOP to_move 1 nodes_visited 591
[22:14:35.369] START to_move 2
[22:14:35.384] STOP to_move 2 nodes_visited 253
[22:14:35.384] START to_move 1
[22:14:35.421] STOP to_move 1 nodes_visited 606
[22:14:35.421] START to_move 2
[22:14:35.433] STOP to_move 2 nodes_visited 202
[22:14:35.433] START to_move 1
[22:14:35.461] STOP to_move 1 nodes_visited 465
[22:14:35.461] START to_move 2
[22:14:35.473] STOP to_move 2 nodes_visited 201
[22:14:35.474] START to_move 1
[22:14:35.503] STOP to_move 1 nodes_visited 470
[22:14:35.503] START to_move 2
[22:14:35.516] STOP to_move 2 nodes_visited 205
[22:14:35.516] START to_move 1
[22:14:35.544] STOP to_move 1 nodes_visited 470
[22:14:35.544] START to_move 2
[22:14:35.562] STOP to_move 2 nodes_visited 301
[22:14:35.563] START to_move 1
[22:14:35.591] STOP to_move 1 nodes_visited 474
[22:14:35.592] START to_move 2
[22:14:35.603] STOP to_move 2 nodes_visited 189
[22:14:35.603] START to_move 1
[22:14:35.621] STOP to_move 1 nodes_visited 301
[22:14:35.621] START to_move 2
[22:14:35.633] STOP to_move 2 nodes_visited 191
[22:14:35.633] START to_move 1
[22:14:35.651] STOP to_move 1 nodes_visited 299
[22:14:35.651] START to_move 2
[22:14:35.663] STOP to_move 2 nodes_visited 194
[22:14:35.663] START to_move 1
[22:14:35.683] STOP to_move 1 nodes_visited 323
[22:14:35.683] START to_move 2
[22:14:35.694] STOP to_move 2 nodes_visited 189
[22:14:35.695] START to_move 1
[22:14:35.714] STOP to_move 1 nodes_visited 318
[22:14:35.714] START to_move 2
[22:14:35.726] STOP to_move 2 nodes_visited 196
[22:14:35.726] START to_move 1
[22:14:35.744] STOP to_move 1 nodes_visited 285
[22:14:35.744] START to_move 2
[22:14:35.755] STOP to_move 2 nodes_visited 187
[22:14:35.755] START to_move 1
[22:14:35.774] STOP to_move 1 nodes_visited 293
[22:14:35.774] START to_move 2
[22:14:35.785] STOP to_move 2 nodes_visited 192
[22:14:35.785] START to_move 1
[22:14:35.805] STOP to_move 1 nodes_visited 295
[22:14:35.805] START to_move 2
[22:14:35.816] STOP to_move 2 nodes_visited 188
[22:14:35.817] START to_move 1
[22:14:35.832] STOP to_move 1 nodes_visited 248
[22:14:35.832] START to_move 2
[22:14:35.841] STOP to_move 2 nodes_visited 154
[22:14:35.842] START to_move 1
[22:14:35.857] STOP to_move 1 nodes_visited 252
[22:14:35.858] START to_move 2
[22:14:35.888] STOP to_move 2 nodes_visited 472
[22:14:35.888] START to_move 1
[22:14:35.912] STOP to_move 1 nodes_visited 379
[22:14:35.913] START to_move 2
[22:14:35.921] STOP to_move 2 nodes_visited 145
[22:14:35.921] START to_move 1
[22:14:35.946] STOP to_move 1 nodes_visited 398
[22:14:35.947] START to_move 2
[22:14:35.955] STOP to_move 2 nodes_visited 137
[22:14:35.955] START to_move 1
[22:14:35.971] STOP to_move 1 nodes_visited 240
[22:14:35.971] START to_move 2
[22:14:35.979] STOP to_move 2 nodes_visited 141
[22:14:35.979] START to_move 1
[22:14:36.002] STOP to_move 1 nodes_visited 367
[22:14:36.003] START to_move 2
[22:14:36.011] STOP to_move 2 nodes_visited 135
[22:14:36.011] START to_move 1
[22:14:36.024] STOP to_move 1 nodes_visited 207
[22:14:36.024] START to_move 2
[22:14:36.032] STOP to_move 2 nodes_visited 137
[22:14:36.033] START to_move 1
[22:14:36.053] STOP to_move 1 nodes_visited 323
[22:14:36.053] START to_move 2
[22:14:36.062] STOP to_move 2 nodes_visited 145
[22:14:36.062] START to_move 1
[22:14:36.086] STOP to_move 1 nodes_visited 392
[22:14:36.087] START to_move 2
[22:14:36.095] STOP to_move 2 nodes_visited 146
[22:14:36.095] START to_move 1
[22:14:36.123] STOP to_move 1 nodes_visited 426
[22:14:36.123] START to_move 2
[22:14:36.132] STOP to_move 2 nodes_visited 148
[22:14:36.132] START to_move 1
[22:14:36.154] STOP to_move 1 nodes_visited 357
[22:14:36.154] START to_move 2
[22:14:36.163] STOP to_move 2 nodes_visited 139
[22:14:36.163] START to_move 1
[22:14:36.174] STOP to_move 1 nodes_visited 182
[22:14:36.174] START to_move 2
[22:14:36.183] STOP to_move 2 nodes_visited 137
[22:14:36.183] START to_move 1
[22:14:36.193] STOP to_move 1 nodes_visited 175
[22:14:36.193] START to_move 2
[22:14:36.201] STOP to_move 2 nodes_visited 131
[22:14:36.202] START to_move 1
[22:14:36.212] STOP to_move 1 nodes_visited 173
[22:14:36.212] START to_move 2
[22:14:36.225] STOP to_move 2 nodes_visited 213
[22:14:36.225] START to_move 1
[22:14:36.236] STOP to_move 1 nodes_visited 176
[22:14:36.236] END winner 1 - rounds 179
