[22:34:45.718] 1 - distance_function euclides - pruning True
[22:34:45.718] 2 - distance_function manhattan - pruning True
[22:34:45.718] START to_move 1
[22:34:45.906] STOP to_move 1 nodes_visited 3018
[22:34:45.908] START to_move 2
[22:34:45.934] STOP to_move 2 nodes_visited 412
[22:34:45.934] START to_move 1
[22:34:46.211] STOP to_move 1 nodes_visited 4325
[22:34:46.213] START to_move 2
[22:34:46.236] STOP to_move 2 nodes_visited 414
[22:34:46.237] START to_move 1
[22:34:46.528] STOP to_move 1 nodes_visited 4635
[22:34:46.530] START to_move 2
[22:34:46.766] STOP to_move 2 nodes_visited 3935
[22:34:46.768] START to_move 1
[22:34:46.954] STOP to_move 1 nodes_visited 3038
[22:34:46.956] START to_move 2
[22:34:47.069] STOP to_move 2 nodes_visited 1950
[22:34:47.070] START to_move 1
[22:34:47.198] STOP to_move 1 nodes_visited 2088
[22:34:47.199] START to_move 2
[22:34:47.312] STOP to_move 2 nodes_visited 1946
[22:34:47.313] START to_move 1
[22:34:47.347] STOP to_move 1 nodes_visited 602
[22:34:47.348] START to_move 2
[22:34:47.628] STOP to_move 2 nodes_visited 4787
[22:34:47.630] START to_move 1
[22:34:47.672] STOP to_move 1 nodes_visited 707
[22:34:47.673] START to_move 2
[22:34:47.948] STOP to_move 2 nodes_visited 4743
[22:34:47.951] START to_move 1
[22:34:47.994] STOP to_move 1 nodes_visited 702
[22:34:47.995] START to_move 2
[22:34:48.267] STOP to_move 2 nodes_visited 4629
[22:34:48.270] START to_move 1
[22:34:48.312] STOP to_move 1 nodes_visited 715
[22:34:48.313] START to_move 2
[22:34:48.606] STOP to_move 2 nodes_visited 4989
[22:34:48.608] START to_move 1
[22:34:48.641] STOP to_move 1 nodes_visited 556
[22:34:48.642] START to_move 2
[22:34:48.750] STOP to_move 2 nodes_visited 1852
[22:34:48.751] START to_move 1
[22:34:48.998] STOP to_move 1 nodes_visited 4000
[22:34:49.000] START to_move 2
[22:34:49.108] STOP to_move 2 nodes_visited 1893
[22:34:49.110] START to_move 1
[22:34:49.167] STOP to_move 1 nodes_visited 984
[22:34:49.168] START to_move 2
[22:34:49.282] STOP to_move 2 nodes_visited 1952
[22:34:49.283] START to_move 1
[22:34:49.337] STOP to_move 1 nodes_visited 901
[22:34:49.337] START to_move 2
[22:34:49.447] STOP to_move 2 nodes_visited 1929
[22:34:49.448] START to_move 1
[22:34:49.485] STOP to_move 1 nodes_visited 592
[22:34:49.485] START to_move 2
[22:34:49.639] STOP to_move 2 nodes_visited 2676
[22:34:49.640] START to_move 1
[22:34:49.663] STOP to_move 1 nodes_visited 395
[22:34:49.663] START to_move 2
[22:34:49.822] STOP to_move 2 nodes_visited 2731
[22:34:49.824] START to_move 1
[22:34:49.842] STOP to_move 1 nodes_visited 310
[22:34:49.842] START to_move 2
[22:34:50.011] STOP to_move 2 nodes_visited 2885
[22:34:50.013] START to_move 1
[22:34:50.145] STOP to_move 1 nodes_visited 2205
[22:34:50.146] START to_move 2
[22:34:50.287] STOP to_move 2 nodes_visited 2414
[22:34:50.289] START to_move 1
[22:34:50.398] STOP to_move 1 nodes_visited 1819
[22:34:50.399] START to_move 2
[22:34:50.660] STOP to_move 2 nodes_visited 4484
[22:34:50.663] START to_move 1
[22:34:50.802] STOP to_move 1 nodes_visited 2266
[22:34:50.804] START to_move 2
[22:34:51.045] STOP to_move 2 nodes_visited 4113
[22:34:51.048] START to_move 1
[22:34:51.154] STOP to_move 1 nodes_visited 1761
[22:34:51.155] START to_move 2
[22:34:51.213] STOP to_move 2 nodes_visited 1006
[22:34:51.213] START to_move 1
[22:34:51.263] STOP to_move 1 nodes_visited 807
[22:34:51.263] START to_move 2
[22:34:51.444] STOP to_move 2 nodes_visited 3141
[22:34:51.446] START to_move 1
[22:34:51.501] STOP to_move 1 nodes_visited 883
[22:34:51.501] START to_move 2
[22:34:51.669] STOP to_move 2 nodes_visited 2921
[22:34:51.671] START to_move 1
[22:34:51.786] STOP to_move 1 nodes_visited 1858
[22:34:51.787] START to_move 2
[22:34:51.954] STOP to_move 2 nodes_visited 2912
[22:34:51.955] START to_move 1
[22:34:52.007] STOP to_move 1 nodes_visited 831
[22:34:52.007] START to_move 2
[22:34:52.089] STOP to_move 2 nodes_visited 1428
[22:34:52.090] START to_move 1
[22:34:52.136] STOP to_move 1 nodes_visited 765
[22:34:52.136] START to_move 2
[22:34:52.252] STOP to_move 2 nodes_visited 2018
[22:34:52.253] START to_move 1
[22:34:52.323] STOP to_move 1 nodes_visited 1148
[22:34:52.324] START to_move 2
[22:34:52.413] STOP to_move 2 nodes_visited 1550
[22:34:52.413] START to_move 1
[22:34:52.490] STOP to_move 1 nodes_visited 1272
[22:34:52.491] START to_move 2
[22:34:52.586] STOP to_move 2 nodes_visited 1638
[22:34:52.587] START to_move 1
[22:34:52.677] STOP to_move 1 nodes_visited 1506
[22:34:52.678] START to_move 2
[22:34:52.716] STOP to_move 2 nodes_visited 686
[22:34:52.716] START to_move 1
[22:34:52.871] STOP to_move 1 nodes_visited 2533
[22:34:52.872] START to_move 2
[22:34:52.910] STOP to_move 2 nodes_visited 676
[22:34:52.911] START to_move 1
[22:34:53.005] STOP to_move 1 nodes_visited 1564
[22:34:53.005] START to_move 2
[22:34:53.036] STOP to_move 2 nodes_visited 506
[22:34:53.036] START to_move 1
[22:34:53.174] STOP to_move 1 nodes_visited 2284
[22:34:53.175] START to_move 2
[22:34:53.203] STOP to_move 2 nodes_visited 489
[22:34:53.203] START to_move 1
[22:34:53.330] STOP to_move 1 nodes_visited 2080
[22:34:53.332] START to_move 2
[22:34:53.361] STOP to_move 2 nodes_visited 508
[22:34:53.361] START to_move 1
[22:34:53.501] STOP to_move 1 nodes_visited 2328
[22:34:53.502] START to_move 2
[22:34:53.524] STOP to_move 2 nodes_visited 379
[22:34:53.524] START to_move 1
[22:34:53.665] STOP to_move 1 nodes_visited 2306
[22:34:53.666] START to_move 2
[22:34:53.687] STOP to_move 2 nodes_visited 379
[22:34:53.687] START to_move 1
[22:34:53.834] STOP to_move 1 nodes_visited 2384
[22:34:53.835] START to_move 2
[22:34:53.856] STOP to_move 2 nodes_visited 379
[22:34:53.857] START to_move 1
[22:34:53.996] STOP to_move 1 nodes_visited 2328
[22:34:53.997] START to_move 2
[22:34:54.019] STOP to_move 2 nodes_visited 380
[22:34:54.019] START to_move 1
[22:34:54.161] STOP to_move 1 nodes_visited 2322
[22:34:54.162] START to_move 2
[22:34:54.183] STOP to_move 2 nodes_visited 380
[22:34:54.183] START to_move 1
[22:34:54.323] STOP to_move 1 nodes_visited 2326
[22:34:54.325] START to_move 2
[22:34:54.348] STOP to_move 2 nodes_visited 376
[22:34:54.348] START to_move 1
[22:34:54.513] STOP to_move 1 nodes_visited 2681
[22:34:54.514] START to_move 2
[22:34:54.536] STOP to_move 2 nodes_visited 385
[22:34:54.536] START to_move 1
[22:34:54.570] STOP to_move 1 nodes_visited 560
[22:34:54.570] START to_move 2
[22:34:54.592] STOP to_move 2 nodes_visited 392
[22:34:54.592] START to_move 1
[22:34:54.629] STOP to_move 1 nodes_visited 591
[22:34:54.629] START to_move 2
[22:34:54.650] STOP to_move 2 nodes_visited 381
[22:34:54.650] START to_move 1
[22:34:54.684] STOP to_move 1 nodes_visited 572
[22:34:54.684] START to_move 2
[22:34:54.710] STOP to_move 2 nodes_visited 474
[22:34:54.711] START to_move 1
[22:34:54.755] STOP to_move 1 nodes_visited 758
[22:34:54.756] START to_move 2
[22:34:54.783] STOP to_move 2 nodes_visited 475
[22:34:54.783] START to_move 1
[22:34:54.831] STOP to_move 1 nodes_visited 808
[22:34:54.832] START to_move 2
[22:34:54.858] STOP to_move 2 nodes_visited 474
[22:34:54.858] START to_move 1
[22:34:54.901] STOP to_move 1 nodes_visited 700
[22:34:54.901] START to_move 2
[22:34:54.928] STOP to_move 2 nodes_visited 472
[22:34:54.928] START to_move 1
[22:34:54.967] STOP to_move 1 nodes_visited 666
[22:34:54.968] START to_move 2
[22:34:55.019] STOP to_move 2 nodes_visited 891
[22:34:55.019] START to_move 1
[22:34:55.053] STOP to_move 1 nodes_visited 567
[22:34:55.053] START to_move 2
[22:34:55.080] STOP to_move 2 nodes_visited 468
[22:34:55.080] START to_move 1
[22:34:55.119] STOP to_move 1 nodes_visited 661
[22:34:55.120] START to_move 2
[22:34:55.140] STOP to_move 2 nodes_visited 360
[22:34:55.140] START to_move 1
[22:34:55.169] STOP to_move 1 nodes_visited 505
[22:34:55.170] START to_move 2
[22:34:55.231] STOP to_move 2 nodes_visited 1040
[22:34:55.231] START to_move 1
[22:34:55.271] STOP to_move 1 nodes_visited 665
[22:34:55.271] START to_move 2
[22:34:55.293] STOP to_move 2 nodes_visited 384
[22:34:55.293] START to_move 1
[22:34:55.332] STOP to_move 1 nodes_visited 648
[22:34:55.332] START to_move 2
[22:34:55.354] STOP to_move 2 nodes_visited 382
[22:34:55.354] START to_move 1
[22:34:55.387] STOP to_move 1 nodes_visited 557
[22:34:55.388] START to_move 2
[22:34:55.489] STOP to_move 2 nodes_visited 1704
[22:34:55.490] START to_move 1
[22:34:55.524] STOP to_move 1 nodes_visited 579
[22:34:55.524] START to_move 2
[22:34:55.683] STOP to_move 2 nodes_visited 2729
[22:34:55.684] START to_move 1
[22:34:55.799] STOP to_move 1 nodes_visited 1865
[22:34:55.800] START to_move 2
[22:34:55.821] STOP to_move 2 nodes_visited 372
[22:34:55.821] START to_move 1
[22:34:55.919] STOP to_move 1 nodes_visited 1624
[22:34:55.920] START to_move 2
[22:34:55.931] STOP to_move 2 nodes_visited 204
[22:34:55.932] START to_move 1
[22:34:56.039] STOP to_move 1 nodes_visited 1743
[22:34:56.040] START to_move 2
[22:34:56.051] STOP to_move 2 nodes_visited 193
[22:34:56.051] START to_move 1
[22:34:56.144] STOP to_move 1 nodes_visited 1538
[22:34:56.145] START to_move 2
[22:34:56.159] STOP to_move 2 nodes_visited 244
[22:34:56.159] START to_move 1
[22:34:56.264] STOP to_move 1 nodes_visited 1691
[22:34:56.265] START to_move 2
[22:34:56.280] STOP to_move 2 nodes_visited 267
[22:34:56.280] START to_move 1
[22:34:56.383] STOP to_move 1 nodes_visited 1699
[22:34:56.384] START to_move 2
[22:34:56.399] STOP to_move 2 nodes_visited 274
[22:34:56.399] START to_move 1
[22:34:56.494] STOP to_move 1 nodes_visited 1561
[22:34:56.495] START to_move 2
[22:34:56.512] STOP to_move 2 nodes_visited 276
[22:34:56.512] START to_move 1
[22:34:56.599] STOP to_move 1 nodes_visited 1448
[22:34:56.600] START to_move 2
[22:34:56.618] STOP to_move 2 nodes_visited 331
[22:34:56.619] START to_move 1
[22:34:56.701] STOP to_move 1 nodes_visited 1360
[22:34:56.701] START to_move 2
[22:34:56.716] STOP to_move 2 nodes_visited 274
[22:34:56.717] START to_move 1
[22:34:56.786] STOP to_move 1 nodes_visited 1127
[22:34:56.787] START to_move 2
[22:34:56.806] STOP to_move 2 nodes_visited 350
[22:34:56.806] START to_move 1
[22:34:56.835] STOP to_move 1 nodes_visited 474
[22:34:56.835] START to_move 2
[22:34:56.857] STOP to_move 2 nodes_visited 384
[22:34:56.857] START to_move 1
[22:34:56.888] STOP to_move 1 nodes_visited 517
[22:34:56.888] START to_move 2
[22:34:56.904] STOP to_move 2 nodes_visited 283
[22:34:56.904] START to_move 1
[22:34:56.986] STOP to_move 1 nodes_visited 1354
[22:34:56.986] START to_move 2
[22:34:57.021] STOP to_move 2 nodes_visited 619
[22:34:57.022] START to_move 1
[22:34:57.080] STOP to_move 1 nodes_visited 938
[22:34:57.081] START to_move 2
[22:34:57.124] STOP to_move 2 nodes_visited 763
[22:34:57.125] START to_move 1
[22:34:57.167] STOP to_move 1 nodes_visited 704
[22:34:57.167] START to_move 2
[22:34:57.212] STOP to_move 2 nodes_visited 775
[22:34:57.212] START to_move 1
[22:34:57.286] STOP to_move 1 nodes_visited 1230
[22:34:57.287] START to_move 2
[22:34:57.332] STOP to_move 2 nodes_visited 745
[22:34:57.332] START to_move 1
[22:34:57.402] STOP to_move 1 nodes_visited 1160
[22:34:57.403] START to_move 2
[22:34:57.441] STOP to_move 2 nodes_visited 671
[22:34:57.442] START to_move 1
[22:34:57.508] STOP to_move 1 nodes_visited 1103
[22:34:57.509] START to_move 2
[22:34:57.546] STOP to_move 2 nodes_visited 645
[22:34:57.546] START to_move 1
[22:34:57.612] STOP to_move 1 nodes_visited 1059
[22:34:57.613] START to_move 2
[22:34:57.649] STOP to_move 2 nodes_visited 656
[22:34:57.650] START to_move 1
[22:34:57.714] STOP to_move 1 nodes_visited 1075
[22:34:57.715] START to_move 2
[22:34:57.751] STOP to_move 2 nodes_visited 625
[22:34:57.751] START to_move 1
[22:34:57.810] STOP to_move 1 nodes_visited 980
[22:34:57.810] START to_move 2
[22:34:57.851] STOP to_move 2 nodes_visited 671
[22:34:57.851] START to_move 1
[22:34:57.917] STOP to_move 1 nodes_visited 1061
[22:34:57.917] START to_move 2
[22:34:57.956] STOP to_move 2 nodes_visited 660
[22:34:57.957] START to_move 1
[22:34:58.013] STOP to_move 1 nodes_visited 932
[22:34:58.014] START to_move 2
[22:34:58.034] STOP to_move 2 nodes_visited 352
[22:34:58.034] START to_move 1
[22:34:58.082] STOP to_move 1 nodes_visited 803
[22:34:58.083] START to_move 2
[22:34:58.114] STOP to_move 2 nodes_visited 539
[22:34:58.114] START to_move 1
[22:34:58.176] STOP to_move 1 nodes_visited 1010
[22:34:58.177] START to_move 2
[22:34:58.191] STOP to_move 2 nodes_visited 253
[22:34:58.191] START to_move 1
[22:34:58.237] STOP to_move 1 nodes_visited 768
[22:34:58.238] START to_move 2
[22:34:58.252] STOP to_move 2 nodes_visited 264
[22:34:58.252] START to_move 1
[22:34:58.305] STOP to_move 1 nodes_visited 877
[22:34:58.305] START to_move 2
[22:34:58.319] STOP to_move 2 nodes_visited 245
[22:34:58.319] START to_move 1
[22:34:58.366] STOP to_move 1 nodes_visited 790
[22:34:58.367] START to_move 2
[22:34:58.378] STOP to_move 2 nodes_visited 195
[22:34:58.378] START to_move 1
[22:34:58.415] STOP to_move 1 nodes_visited 629
[22:34:58.415] START to_move 2
[22:34:58.426] STOP to_move 2 nodes_visited 199
[22:34:58.426] START to_move 1
[22:34:58.461] STOP to_move 1 nodes_visited 547
[22:34:58.461] START to_move 2
[22:34:58.472] STOP to_move 2 nodes_visited 201
[22:34:58.472] START to_move 1
[22:34:58.503] STOP to_move 1 nodes_visited 519
[22:34:58.503] START to_move 2
[22:34:58.514] STOP to_move 2 nodes_visited 201
[22:34:58.515] START to_move 1
[22:34:58.550] STOP to_move 1 nodes_visited 592
[22:34:58.550] START to_move 2
[22:34:58.559] STOP to_move 2 nodes_visited 168
[22:34:58.559] START to_move 1
[22:34:58.586] STOP to_move 1 nodes_visited 439
[22:34:58.586] START to_move 2
[22:34:58.599] STOP to_move 2 nodes_visited 234
[22:34:58.600] START to_move 1
[22:34:58.618] STOP to_move 1 nodes_visited 300
[22:34:58.618] START to_move 2
[22:34:58.631] STOP to_move 2 nodes_visited 240
[22:34:58.631] START to_move 1
[22:34:58.651] STOP to_move 1 nodes_visited 338
[22:34:58.651] START to_move 2
[22:34:58.661] STOP to_move 2 nodes_visited 163
[22:34:58.661] START to_move 1
[22:34:58.688] STOP to_move 1 nodes_visited 442
[22:34:58.688] START to_move 2
[22:34:58.697] STOP to_move 2 nodes_visited 161
[22:34:58.697] START to_move 1
[22:34:58.721] STOP to_move 1 nodes_visited 409
[22:34:58.722] START to_move 2
[22:34:58.731] STOP to_move 2 nodes_visited 163
[22:34:58.731] START to_move 1
[22:34:58.759] STOP to_move 1 nodes_visited 442
[22:34:58.759] START to_move 2
[22:34:58.768] STOP to_move 2 nodes_visited 160
[22:34:58.768] START to_move 1
[22:34:58.795] STOP to_move 1 nodes_visited 442
[22:34:58.795] START to_move 2
[22:34:58.804] STOP to_move 2 nodes_visited 160
[22:34:58.804] START to_move 1
[22:34:58.831] STOP to_move 1 nodes_visited 442
[22:34:58.831] START to_move 2
[22:34:58.840] STOP to_move 2 nodes_visited 155
[22:34:58.840] START to_move 1
[22:34:58.855] STOP to_move 1 nodes_visited 258
[22:34:58.855] START to_move 2
[22:34:58.863] STOP to_move 2 nodes_visited 146
[22:34:58.864] START to_move 1
[22:34:58.877] STOP to_move 1 nodes_visited 216
[22:34:58.877] START to_move 2
[22:34:58.885] STOP to_move 2 nodes_visited 146
[22:34:58.885] START to_move 1
[22:34:58.905] STOP to_move 1 nodes_visited 337
[22:34:58.905] START to_move 2
[22:34:58.914] STOP to_move 2 nodes_visited 160
[22:34:58.915] START to_move 1
[22:34:58.929] STOP to_move 1 nodes_visited 248
[22:34:58.929] START to_move 2
[22:34:58.938] STOP to_move 2 nodes_visited 156
[22:34:58.938] START to_move 1
[22:34:58.953] STOP to_move 1 nodes_visited 249
[22:34:58.953] START to_move 2
[22:34:58.962] STOP to_move 2 nodes_visited 154
[22:34:58.962] START to_move 1
[22:34:58.976] STOP to_move 1 nodes_visited 226
[22:34:58.976] START to_move 2
[22:34:58.983] STOP to_move 2 nodes_visited 133
[22:34:58.983] START to_move 1
[22:34:59.001] STOP to_move 1 nodes_visited 292
[22:34:59.001] START to_move 2
[22:34:59.009] STOP to_move 2 nodes_visited 133
[22:34:59.009] START to_move 1
[22:34:59.027] STOP to_move 1 nodes_visited 292
[22:34:59.027] START to_move 2
[22:34:59.034] STOP to_move 2 nodes_visited 133
[22:34:59.034] START to_move 1
[22:34:59.052] STOP to_move 1 nodes_visited 284
[22:34:59.053] START to_move 2
[22:34:59.060] STOP to_move 2 nodes_visited 135
[22:34:59.060] START to_move 1
[22:34:59.084] STOP to_move 1 nodes_visited 393
[22:34:59.084] START to_move 2
[22:34:59.092] STOP to_move 2 nodes_visited 133
[22:34:59.092] START to_move 1
[22:34:59.115] STOP to_move 1 nodes_visited 379
[22:34:59.115] START to_move 2
[22:34:59.122] STOP to_move 2 nodes_visited 129
[22:34:59.122] START to_move 1
[22:34:59.137] STOP to_move 1 nodes_visited 245
[22:34:59.137] START to_move 2
[22:34:59.144] STOP to_move 2 nodes_visited 131
[22:34:59.144] START to_move 1
[22:34:59.158] STOP to_move 1 nodes_visited 230
[22:34:59.158] START to_move 2
[22:34:59.165] STOP to_move 2 nodes_visited 131
[22:34:59.165] START to_move 1
[22:34:59.180] STOP to_move 1 nodes_visited 241
[22:34:59.180] START to_move 2
[22:34:59.187] STOP to_move 2 nodes_visited 137
[22:34:59.188] START to_move 1
[22:34:59.202] STOP to_move 1 nodes_visited 241
[22:34:59.202] START to_move 2
[22:34:59.210] STOP to_move 2 nodes_visited 137
[22:34:59.210] START to_move 1
[22:34:59.225] STOP to_move 1 nodes_visited 246
[22:34:59.225] START to_move 2
[22:34:59.239] STOP to_move 2 nodes_visited 243
[22:34:59.239] START to_move 1
[22:34:59.247] STOP to_move 1 nodes_visited 132
[22:34:59.247] START to_move 2
[22:34:59.263] STOP to_move 2 nodes_visited 266
[22:34:59.263] START to_move 1
[22:34:59.280] STOP to_move 1 nodes_visited 268
[22:34:59.280] START to_move 2
[22:34:59.295] STOP to_move 2 nodes_visited 254
[22:34:59.295] START to_move 1
[22:34:59.313] STOP to_move 1 nodes_visited 305
[22:34:59.313] START to_move 2
[22:34:59.329] STOP to_move 2 nodes_visited 254
[22:34:59.329] START to_move 1
[22:34:59.345] STOP to_move 1 nodes_visited 268
[22:34:59.345] START to_move 2
[22:34:59.362] STOP to_move 2 nodes_visited 254
[22:34:59.362] START to_move 1
[22:34:59.385] STOP to_move 1 nodes_visited 381
[22:34:59.385] START to_move 2
[22:34:59.400] STOP to_move 2 nodes_visited 248
[22:34:59.400] START to_move 1
[22:34:59.422] STOP to_move 1 nodes_visited 369
[22:34:59.422] START to_move 2
[22:34:59.436] STOP to_move 2 nodes_visited 234
[22:34:59.436] START to_move 1
[22:34:59.452] STOP to_move 1 nodes_visited 268
[22:34:59.452] START to_move 2
[22:34:59.466] STOP to_move 2 nodes_visited 234
[22:34:59.467] START to_move 1
[22:34:59.486] STOP to_move 1 nodes_visited 328
[22:34:59.486] START to_move 2
[22:34:59.500] STOP to_move 2 nodes_visited 234
[22:34:59.500] START to_move 1
[22:34:59.520] STOP to_move 1 nodes_visited 328
[22:34:59.520] START to_move 2
[22:34:59.528] STOP to_move 2 nodes_visited 141
[22:34:59.528] START to_move 1
[22:34:59.541] STOP to_move 1 nodes_visited 211
[22:34:59.541] START to_move 2
[22:34:59.551] STOP to_move 2 nodes_visited 181
[22:34:59.552] START to_move 1
[22:34:59.560] STOP to_move 1 nodes_visited 140
[22:34:59.560] END winner 1 - rounds 239
