[22:13:26.505] 1 - distance_function euclides - pruning True
[22:13:26.505] 2 - distance_function manhattan - pruning True
[22:13:26.505] START to_move 1
[22:13:26.572] STOP to_move 1 nodes_visited 1074
[22:13:26.572] START to_move 2
[22:13:26.902] STOP to_move 2 nodes_visited 5249
[22:13:26.906] START to_move 1
[22:13:27.000] STOP to_move 1 nodes_visited 1466
[22:13:27.001] START to_move 2
[22:13:27.046] STOP to_move 2 nodes_visited 779
[22:13:27.047] START to_move 1
[22:13:27.093] STOP to_move 1 nodes_visited 775
[22:13:27.093] START to_move 2
[22:13:27.122] STOP to_move 2 nodes_visited 497
[22:13:27.122] START to_move 1
[22:13:27.183] STOP to_move 1 nodes_visited 993
[22:13:27.184] START to_move 2
[22:13:27.207] STOP to_move 2 nodes_visited 418
[22:13:27.208] START to_move 1
[22:13:27.308] STOP to_move 1 nodes_visited 1593
[22:13:27.309] START to_move 2
[22:13:27.333] STOP to_move 2 nodes_visited 426
[22:13:27.334] START to_move 1
[22:13:27.423] STOP to_move 1 nodes_visited 1449
[22:13:27.423] START to_move 2
[22:13:27.447] STOP to_move 2 nodes_visited 426
[22:13:27.447] START to_move 1
[22:13:27.548] STOP to_move 1 nodes_visited 1585
[22:13:27.549] START to_move 2
[22:13:27.572] STOP to_move 2 nodes_visited 420
[22:13:27.572] START to_move 1
[22:13:27.669] STOP to_move 1 nodes_visited 1573
[22:13:27.670] START to_move 2
[22:13:27.694] STOP to_move 2 nodes_visited 420
[22:13:27.694] START to_move 1
[22:13:27.807] STOP to_move 1 nodes_visited 1779
[22:13:27.808] START to_move 2
[22:13:27.832] STOP to_move 2 nodes_visited 428
[22:13:27.832] START to_move 1
[22:13:27.943] STOP to_move 1 nodes_visited 1781
[22:13:27.944] START to_move 2
[22:13:28.084] STOP to_move 2 nodes_visited 2303
[22:13:28.085] START to_move 1
[22:13:28.146] STOP to_move 1 nodes_visited 986
[22:13:28.146] START to_move 2
[22:13:28.180] STOP to_move 2 nodes_visited 590
[22:13:28.180] START to_move 1
[22:13:28.227] STOP to_move 1 nodes_visited 751
[22:13:28.227] START to_move 2
[22:13:28.251] STOP to_move 2 nodes_visited 436
[22:13:28.252] START to_move 1
[22:13:28.299] STOP to_move 1 nodes_visited 763
[22:13:28.300] START to_move 2
[22:13:28.324] STOP to_move 2 nodes_visited 436
[22:13:28.324] START to_move 1
[22:13:28.373] STOP to_move 1 nodes_visited 763
[22:13:28.374] START to_move 2
[22:13:28.398] STOP to_move 2 nodes_visited 436
[22:13:28.398] START to_move 1
[22:13:28.450] STOP to_move 1 nodes_visited 834
[22:13:28.450] START to_move 2
[22:13:28.509] STOP to_move 2 nodes_visited 1026
[22:13:28.510] START to_move 1
[22:13:28.570] STOP to_move 1 nodes_visited 990
[22:13:28.571] START to_move 2
[22:13:28.729] STOP to_move 2 nodes_visited 2667
[22:13:28.730] START to_move 1
[22:13:28.806] STOP to_move 1 nodes_visited 1227
[22:13:28.806] START to_move 2
[22:13:28.954] STOP to_move 2 nodes_visited 2501
[22:13:28.956] START to_move 1
[22:13:29.013] STOP to_move 1 nodes_visited 949
[22:13:29.014] START to_move 2
[22:13:29.078] STOP to_move 2 nodes_visited 1101
[22:13:29.078] START to_move 1
[22:13:29.129] STOP to_move 1 nodes_visited 806
[22:13:29.129] START to_move 2
[22:13:29.266] STOP to_move 2 nodes_visited 2290
[22:13:29.267] START to_move 1
[22:13:29.324] STOP to_move 1 nodes_visited 931
[22:13:29.325] START to_move 2
[22:13:29.361] STOP to_move 2 nodes_visited 638
[22:13:29.361] START to_move 1
[22:13:29.411] STOP to_move 1 nodes_visited 814
[22:13:29.411] START to_move 2
[22:13:29.433] STOP to_move 2 nodes_visited 371
[22:13:29.434] START to_move 1
[22:13:29.457] STOP to_move 1 nodes_visited 413
[22:13:29.458] START to_move 2
[22:13:29.478] STOP to_move 2 nodes_visited 370
[22:13:29.479] START to_move 1
[22:13:29.503] STOP to_move 1 nodes_visited 414
[22:13:29.503] START to_move 2
[22:13:29.524] STOP to_move 2 nodes_visited 370
[22:13:29.524] START to_move 1
[22:13:29.548] STOP to_move 1 nodes_visited 404
[22:13:29.548] START to_move 2
[22:13:29.569] STOP to_move 2 nodes_visited 370
[22:13:29.569] START to_move 1
[22:13:29.628] STOP to_move 1 nodes_visited 980
[22:13:29.628] START to_move 2
[22:13:29.700] STOP to_move 2 nodes_visited 1203
[22:13:29.700] START to_move 1
[22:13:29.755] STOP to_move 1 nodes_visited 908
[22:13:29.755] START to_move 2
[22:13:29.775] STOP to_move 2 nodes_visited 348
[22:13:29.775] START to_move 1
[22:13:29.911] STOP to_move 1 nodes_visited 2245
[22:13:29.912] START to_move 2
[22:13:29.931] STOP to_move 2 nodes_visited 347
[22:13:29.932] START to_move 1
[22:13:29.992] STOP to_move 1 nodes_visited 979
[22:13:29.993] START to_move 2
[22:13:30.131] STOP to_move 2 nodes_visited 2293
[22:13:30.132] START to_move 1
[22:13:30.175] STOP to_move 1 nodes_visited 723
[22:13:30.176] START to_move 2
[22:13:30.220] STOP to_move 2 nodes_visited 764
[22:13:30.220] START to_move 1
[22:13:30.253] STOP to_move 1 nodes_visited 538
[22:13:30.254] START to_move 2
[22:13:30.268] STOP to_move 2 nodes_visited 263
[22:13:30.268] START to_move 1
[22:13:30.314] STOP to_move 1 nodes_visited 759
[22:13:30.314] START to_move 2
[22:13:30.329] STOP to_move 2 nodes_visited 264
[22:13:30.329] START to_move 1
[22:13:30.376] STOP to_move 1 nodes_visited 783
[22:13:30.376] START to_move 2
[22:13:30.391] STOP to_move 2 nodes_visited 260
[22:13:30.391] START to_move 1
[22:13:30.432] STOP to_move 1 nodes_visited 698
[22:13:30.433] START to_move 2
[22:13:30.447] STOP to_move 2 nodes_visited 263
[22:13:30.448] START to_move 1
[22:13:30.485] STOP to_move 1 nodes_visited 633
[22:13:30.485] START to_move 2
[22:13:30.500] STOP to_move 2 nodes_visited 264
[22:13:30.500] START to_move 1
[22:13:30.538] STOP to_move 1 nodes_visited 609
[22:13:30.538] START to_move 2
[22:13:30.553] STOP to_move 2 nodes_visited 274
[22:13:30.553] START to_move 1
[22:13:30.585] STOP to_move 1 nodes_visited 532
[22:13:30.585] START to_move 2
[22:13:30.601] STOP to_move 2 nodes_visited 289
[22:13:30.601] START to_move 1
[22:13:30.634] STOP to_move 1 nodes_visited 545
[22:13:30.634] START to_move 2
[22:13:30.651] STOP to_move 2 nodes_visited 287
[22:13:30.651] START to_move 1
[22:13:30.682] STOP to_move 1 nodes_visited 514
[22:13:30.682] START to_move 2
[22:13:30.699] STOP to_move 2 nodes_visited 290
[22:13:30.699] START to_move 1
[22:13:30.728] STOP to_move 1 nodes_visited 499
[22:13:30.729] START to_move 2
[22:13:30.748] STOP to_move 2 nodes_visited 350
[22:13:30.749] START to_move 1
[22:13:30.775] STOP to_move 1 nodes_visited 444
[22:13:30.775] START to_move 2
[22:13:30.791] STOP to_move 2 nodes_visited 284
[22:13:30.791] START to_move 1
[22:13:30.821] STOP to_move 1 nodes_visited 484
[22:13:30.822] START to_move 2
[22:13:30.852] STOP to_move 2 nodes_visited 533
[22:13:30.852] START to_move 1
[22:13:30.890] STOP to_move 1 nodes_visited 635
[22:13:30.890] START to_move 2
[22:13:30.919] STOP to_move 2 nodes_visited 503
[22:13:30.920] START to_move 1
[22:13:30.970] STOP to_move 1 nodes_visited 848
[22:13:30.971] START to_move 2
[22:13:31.000] STOP to_move 2 nodes_visited 510
[22:13:31.000] START to_move 1
[22:13:31.048] STOP to_move 1 nodes_visited 805
[22:13:31.048] START to_move 2
[22:13:31.077] STOP to_move 2 nodes_visited 510
[22:13:31.078] START to_move 1
[22:13:31.133] STOP to_move 1 nodes_visited 884
[22:13:31.133] START to_move 2
[22:13:31.161] STOP to_move 2 nodes_visited 482
[22:13:31.161] START to_move 1
[22:13:31.205] STOP to_move 1 nodes_visited 731
[22:13:31.206] START to_move 2
[22:13:31.237] STOP to_move 2 nodes_visited 552
[22:13:31.238] START to_move 1
[22:13:31.284] STOP to_move 1 nodes_visited 760
[22:13:31.284] START to_move 2
[22:13:31.318] STOP to_move 2 nodes_visited 596
[22:13:31.319] START to_move 1
[22:13:31.367] STOP to_move 1 nodes_visited 770
[22:13:31.368] START to_move 2
[22:13:31.397] STOP to_move 2 nodes_visited 517
[22:13:31.398] START to_move 1
[22:13:31.440] STOP to_move 1 nodes_visited 696
[22:13:31.440] START to_move 2
[22:13:31.468] STOP to_move 2 nodes_visited 494
[22:13:31.469] START to_move 1
[22:13:31.506] STOP to_move 1 nodes_visited 633
[22:13:31.507] START to_move 2
[22:13:31.558] STOP to_move 2 nodes_visited 886
[22:13:31.558] START to_move 1
[22:13:31.593] STOP to_move 1 nodes_visited 583
[22:13:31.594] START to_move 2
[22:13:31.641] STOP to_move 2 nodes_visited 817
[22:13:31.642] START to_move 1
[22:13:31.675] STOP to_move 1 nodes_visited 529
[22:13:31.675] START to_move 2
[22:13:31.687] STOP to_move 2 nodes_visited 218
[22:13:31.687] START to_move 1
[22:13:31.711] STOP to_move 1 nodes_visited 400
[22:13:31.711] START to_move 2
[22:13:31.722] STOP to_move 2 nodes_visited 205
[22:13:31.723] START to_move 1
[22:13:31.744] STOP to_move 1 nodes_visited 341
[22:13:31.744] START to_move 2
[22:13:31.755] STOP to_move 2 nodes_visited 194
[22:13:31.755] START to_move 1
[22:13:31.770] STOP to_move 1 nodes_visited 260
[22:13:31.770] START to_move 2
[22:13:31.781] STOP to_move 2 nodes_visited 196
[22:13:31.781] START to_move 1
[22:13:31.797] STOP to_move 1 nodes_visited 260
[22:13:31.797] START to_move 2
[22:13:31.806] STOP to_move 2 nodes_visited 157
[22:13:31.806] START to_move 1
[22:13:31.817] STOP to_move 1 nodes_visited 191
[22:13:31.817] START to_move 2
[22:13:31.826] STOP to_move 2 nodes_visited 162
[22:13:31.827] START to_move 1
[22:13:31.868] STOP to_move 1 nodes_visited 679
[22:13:31.868] START to_move 2
[22:13:31.880] STOP to_move 2 nodes_visited 204
[22:13:31.880] START to_move 1
[22:13:31.922] STOP to_move 1 nodes_visited 679
[22:13:31.922] START to_move 2
[22:13:31.933] STOP to_move 2 nodes_visited 204
[22:13:31.933] START to_move 1
[22:13:31.976] STOP to_move 1 nodes_visited 679
[22:13:31.976] START to_move 2
[22:13:31.987] STOP to_move 2 nodes_visited 198
[22:13:31.987] START to_move 1
[22:13:32.018] STOP to_move 1 nodes_visited 503
[22:13:32.018] START to_move 2
[22:13:32.029] STOP to_move 2 nodes_visited 198
[22:13:32.029] START to_move 1
[22:13:32.042] STOP to_move 1 nodes_visited 222
[22:13:32.043] START to_move 2
[22:13:32.053] STOP to_move 2 nodes_visited 194
[22:13:32.054] START to_move 1
[22:13:32.067] STOP to_move 1 nodes_visited 222
[22:13:32.067] START to_move 2
[22:13:32.078] STOP to_move 2 nodes_visited 192
[22:13:32.078] START to_move 1
[22:13:32.091] STOP to_move 1 nodes_visited 222
[22:13:32.091] START to_move 2
[22:13:32.102] STOP to_move 2 nodes_visited 194
[22:13:32.102] START to_move 1
[22:13:32.116] STOP to_move 1 nodes_visited 222
[22:13:32.116] START to_move 2
[22:13:32.125] STOP to_move 2 nodes_visited 175
[22:13:32.126] START to_move 1
[22:13:32.137] STOP to_move 1 nodes_visited 179
[22:13:32.137] START to_move 2
[22:13:32.149] STOP to_move 2 nodes_visited 216
[22:13:32.149] START to_move 1
[22:13:32.161] STOP to_move 1 nodes_visited 201
[22:13:32.161] START to_move 2
[22:13:32.171] STOP to_move 2 nodes_visited 158
[22:13:32.171] START to_move 1
[22:13:32.177] STOP to_move 1 nodes_visited 91
[22:13:32.177] START to_move 2
[22:13:32.189] STOP to_move 2 nodes_visited 209
[22:13:32.189] START to_move 1
[22:13:32.195] STOP to_move 1 nodes_visited 97
[22:13:32.195] START to_move 2
[22:13:32.207] STOP to_move 2 nodes_visited 212
[22:13:32.207] START to_move 1
[22:13:32.218] STOP to_move 1 nodes_visited 170
[22:13:32.218] START to_move 2
[22:13:32.231] STOP to_move 2 nodes_visited 202
[22:13:32.231] START to_move 1
[22:13:32.237] STOP to_move 1 nodes_visited 91
[22:13:32.237] START to_move 2
[22:13:32.248] STOP to_move 2 nodes_visited 194
[22:13:32.248] START to_move 1
[22:13:32.258] STOP to_move 1 nodes_visited 166
[22:13:32.258] START to_move 2
[22:13:32.269] STOP to_move 2 nodes_visited 191
[22:13:32.269] START to_move 1
[22:13:32.275] STOP to_move 1 nodes_visited 91
[22:13:32.275] START to_move 2
[22:13:32.286] STOP to_move 2 nodes_visited 190
[22:13:32.286] START to_move 1
[22:13:32.296] STOP to_move 1 nodes_visited 164
[22:13:32.296] START to_move 2
[22:13:32.307] STOP to_move 2 nodes_visited 191
[22:13:32.308] START to_move 1
[22:13:32.313] STOP to_move 1 nodes_visited 91
[22:13:32.313] START to_move 2
[22:13:32.324] STOP to_move 2 nodes_visited 194
[22:13:32.324] START to_move 1
[22:13:32.334] STOP to_move 1 nodes_visited 164
[22:13:32.334] START to_move 2
[22:13:32.346] STOP to_move 2 nodes_visited 193
[22:13:32.346] START to_move 1
[22:13:32.351] STOP to_move 1 nodes_visited 91
[22:13:32.352] START to_move 2
[22:13:32.363] STOP to_move 2 nodes_visited 192
[22:13:32.363] START to_move 1
[22:13:32.373] STOP to_move 1 nodes_visited 164
[22:13:32.373] START to_move 2
[22:13:32.384] STOP to_move 2 nodes_visited 191
[22:13:32.384] START to_move 1
[22:13:32.389] STOP to_move 1 nodes_visited 88
[22:13:32.389] START to_move 2
[22:13:32.400] STOP to_move 2 nodes_visited 192
[22:13:32.400] START to_move 1
[22:13:32.415] STOP to_move 1 nodes_visited 234
[22:13:32.415] START to_move 2
[22:13:32.431] STOP to_move 2 nodes_visited 272
[22:13:32.431] START to_move 1
[22:13:32.462] STOP to_move 1 nodes_visited 499
[22:13:32.462] START to_move 2
[22:13:32.472] STOP to_move 2 nodes_visited 169
[22:13:32.472] START to_move 1
[22:13:32.492] STOP to_move 1 nodes_visited 328
[22:13:32.492] START to_move 2
[22:13:32.501] STOP to_move 2 nodes_visited 155
[22:13:32.501] START to_move 1
[22:13:32.517] STOP to_move 1 nodes_visited 256
[22:13:32.517] START to_move 2
[22:13:32.539] STOP to_move 2 nodes_visited 371
[22:13:32.539] START to_move 1
[22:13:32.559] STOP to_move 1 nodes_visited 315
[22:13:32.560] START to_move 2
[22:13:32.568] STOP to_move 2 nodes_visited 139
[22:13:32.568] START to_move 1
[22:13:32.573] STOP to_move 1 nodes_visited 81
[22:13:32.573] START to_move 2
[22:13:32.581] STOP to_move 2 nodes_visited 142
[22:13:32.581] START to_move 1
[22:13:32.590] STOP to_move 1 nodes_visited 157
[22:13:32.590] START to_move 2
[22:13:32.600] STOP to_move 2 nodes_visited 169
[22:13:32.600] START to_move 1
[22:13:32.610] STOP to_move 1 nodes_visited 153
[22:13:32.610] START to_move 2
[22:13:32.619] STOP to_move 2 nodes_visited 162
[22:13:32.619] START to_move 1
[22:13:32.629] STOP to_move 1 nodes_visited 154
[22:13:32.629] START to_move 2
[22:13:32.637] STOP to_move 2 nodes_visited 141
[22:13:32.637] START to_move 1
[22:13:32.642] STOP to_move 1 nodes_visited 78
[22:13:32.642] START to_move 2
[22:13:32.652] STOP to_move 2 nodes_visited 158
[22:13:32.652] START to_move 1
[22:13:32.661] STOP to_move 1 nodes_visited 150
[22:13:32.661] START to_move 2
[22:13:32.669] STOP to_move 2 nodes_visited 139
[22:13:32.669] START to_move 1
[22:13:32.674] STOP to_move 1 nodes_visited 75
[22:13:32.674] START to_move 2
[22:13:32.683] STOP to_move 2 nodes_visited 158
[22:13:32.684] START to_move 1
[22:13:32.693] STOP to_move 1 nodes_visited 151
[22:13:32.693] START to_move 2
[22:13:32.701] STOP to_move 2 nodes_visited 139
[22:13:32.701] START to_move 1
[22:13:32.706] STOP to_move 1 nodes_visited 76
[22:13:32.706] START to_move 2
[22:13:32.715] STOP to_move 2 nodes_visited 158
[22:13:32.716] START to_move 1
[22:13:32.725] STOP to_move 1 nodes_visited 151
[22:13:32.725] START to_move 2
[22:13:32.733] STOP to_move 2 nodes_visited 139
[22:13:32.734] START to_move 1
[22:13:32.738] STOP to_move 1 nodes_visited 75
[22:13:32.738] START to_move 2
[22:13:32.747] STOP to_move 2 nodes_visited 154
[22:13:32.747] START to_move 1
[22:13:32.756] STOP to_move 1 nodes_visited 147
[22:13:32.756] START to_move 2
[22:13:32.764] STOP to_move 2 nodes_visited 137
[22:13:32.765] START to_move 1
[22:13:32.769] STOP to_move 1 nodes_visited 77
[22:13:32.769] START to_move 2
[22:13:32.778] STOP to_move 2 nodes_visited 146
[22:13:32.778] START to_move 1
[22:13:32.788] STOP to_move 1 nodes_visited 155
[22:13:32.788] START to_move 2
[22:13:32.796] STOP to_move 2 nodes_visited 131
[22:13:32.796] START to_move 1
[22:13:32.801] STOP to_move 1 nodes_visited 78
[22:13:32.801] START to_move 2
[22:13:32.810] STOP to_move 2 nodes_visited 146
[22:13:32.810] START to_move 1
[22:13:32.819] STOP to_move 1 nodes_visited 149
[22:13:32.819] START to_move 2
[22:13:32.827] STOP to_move 2 nodes_visited 131
[22:13:32.827] START to_move 1
[22:13:32.832] STOP to_move 1 nodes_visited 75
[22:13:32.832] START to_move 2
[22:13:32.841] STOP to_move 2 nodes_visited 146
[22:13:32.841] START to_move 1
[22:13:32.850] STOP to_move 1 nodes_visited 149
[22:13:32.850] START to_move 2
[22:13:32.858] STOP to_move 2 nodes_visited 131
[22:13:32.858] START to_move 1
[22:13:32.864] STOP to_move 1 nodes_visited 79
[22:13:32.864] START to_move 2
[22:13:32.873] STOP to_move 2 nodes_visited 146
[22:13:32.873] START to_move 1
[22:13:32.883] STOP to_move 1 nodes_visited 155
[22:13:32.883] START to_move 2
[22:13:32.891] STOP to_move 2 nodes_visited 133
[22:13:32.891] START to_move 1
[22:13:32.896] STOP to_move 1 nodes_visited 73
[22:13:32.896] START to_move 2
[22:13:32.904] STOP to_move 2 nodes_visited 142
[22:13:32.904] START to_move 1
[22:13:32.913] STOP to_move 1 nodes_visited 143
[22:13:32.913] START to_move 2
[22:13:32.921] STOP to_move 2 nodes_visited 131
[22:13:32.921] START to_move 1
[22:13:32.925] STOP to_move 1 nodes_visited 66
[22:13:32.925] START to_move 2
[22:13:32.933] STOP to_move 2 nodes_visited 136
[22:13:32.933] START to_move 1
[22:13:32.941] STOP to_move 1 nodes_visited 131
[22:13:32.941] START to_move 2
[22:13:32.949] STOP to_move 2 nodes_visited 121
[22:13:32.949] START to_move 1
[22:13:32.953] STOP to_move 1 nodes_visited 63
[22:13:32.953] START to_move 2
[22:13:32.960] STOP to_move 2 nodes_visited 128
[22:13:32.960] START to_move 1
[22:13:32.968] STOP to_move 1 nodes_visited 125
[22:13:32.968] START to_move 2
[22:13:32.975] STOP to_move 2 nodes_visited 115
[22:13:32.975] START to_move 1
[22:13:32.979] STOP to_move 1 nodes_visited 63
[22:13:32.979] START to_move 2
[22:13:32.987] STOP to_move 2 nodes_visited 128
[22:13:32.987] START to_move 1
[22:13:32.994] STOP to_move 1 nodes_visited 127
[22:13:32.994] START to_move 2
[22:13:33.001] STOP to_move 2 nodes_visited 115
[22:13:33.002] START to_move 1
[22:13:33.006] STOP to_move 1 nodes_visited 66
[22:13:33.006] START to_move 2
[22:13:33.014] STOP to_move 2 nodes_visited 132
[22:13:33.014] START to_move 1
[22:13:33.022] STOP to_move 1 nodes_visited 131
[22:13:33.022] START to_move 2
[22:13:33.029] STOP to_move 2 nodes_visited 115
[22:13:33.029] START to_move 1
[22:13:33.033] STOP to_move 1 nodes_visited 63
[22:13:33.033] START to_move 2
[22:13:33.040] STOP to_move 2 nodes_visited 120
[22:13:33.040] START to_move 1
[22:13:33.048] STOP to_move 1 nodes_visited 123
[22:13:33.048] START to_move 2
[22:13:33.054] STOP to_move 2 nodes_visited 105
[22:13:33.054] START to_move 1
[22:13:33.058] STOP to_move 1 nodes_visited 62
[22:13:33.058] START to_move 2
[22:13:33.065] STOP to_move 2 nodes_visited 116
[22:13:33.066] START to_move 1
[22:13:33.073] STOP to_move 1 nodes_visited 121
[22:13:33.073] START to_move 2
[22:13:33.079] STOP to_move 2 nodes_visited 105
[22:13:33.079] START to_move 1
[22:13:33.083] STOP to_move 1 nodes_visited 60
[22:13:33.083] START to_move 2
[22:13:33.090] STOP to_move 2 nodes_visited 110
[22:13:33.090] START to_move 1
[22:13:33.097] STOP to_move 1 nodes_visited 111
[22:13:33.097] START to_move 2
[22:13:33.103] STOP to_move 2 nodes_visited 97
[22:13:33.103] START to_move 1
[22:13:33.106] STOP to_move 1 nodes_visited 49
[22:13:33.106] START to_move 2
[22:13:33.111] STOP to_move 2 nodes_visited 94
[22:13:33.111] START to_move 1
[22:13:33.117] STOP to_move 1 nodes_visited 101
[22:13:33.118] START to_move 2
[22:13:33.123] STOP to_move 2 nodes_visited 91
[22:13:33.123] START to_move 1
[22:13:33.126] STOP to_move 1 nodes_visited 50
[22:13:33.126] START to_move 2
[22:13:33.132] STOP to_move 2 nodes_visited 96
[22:13:33.132] START to_move 1
[22:13:33.137] STOP to_move 1 nodes_visited 91
[22:13:33.137] START to_move 2
[22:13:33.143] STOP to_move 2 nodes_visited 85
[22:13:33.143] START to_move 1
[22:13:33.146] STOP to_move 1 nodes_visited 47
[22:13:33.146] START to_move 2
[22:13:33.151] STOP to_move 2 nodes_visited 92
[22:13:33.151] START to_move 1
[22:13:33.157] STOP to_move 1 nodes_visited 91
[22:13:33.157] START to_move 2
[22:13:33.162] STOP to_move 2 nodes_visited 85
[22:13:33.162] START to_move 1
[22:13:33.165] STOP to_move 1 nodes_visited 46
[22:13:33.165] START to_move 2
[22:13:33.171] STOP to_move 2 nodes_visited 90
[22:13:33.171] START to_move 1
[22:13:33.176] STOP to_move 1 nodes_visited 91
[22:13:33.176] START to_move 2
[22:13:33.181] STOP to_move 2 nodes_visited 82
[22:13:33.181] START to_move 1
[22:13:33.184] STOP to_move 1 nodes_visited 45
[22:13:33.184] START to_move 2
[22:13:33.189] STOP to_move 2 nodes_visited 84
[22:13:33.189] START to_move 1
[22:13:33.195] STOP to_move 1 nodes_visited 93
[22:13:33.195] START to_move 2
[22:13:33.200] STOP to_move 2 nodes_visited 83
[22:13:33.200] START to_move 1
[22:13:33.203] STOP to_move 1 nodes_visited 46
[22:13:33.203] START to_move 2
[22:13:33.209] STOP to_move 2 nodes_visited 84
[22:13:33.209] START to_move 1
[22:13:33.215] STOP to_move 1 nodes_visited 91
[22:13:33.215] START to_move 2
[22:13:33.220] STOP to_move 2 nodes_visited 83
[22:13:33.220] START to_move 1
[22:13:33.223] STOP to_move 1 nodes_visited 47
[22:13:33.223] START to_move 2
[22:13:33.228] STOP to_move 2 nodes_visited 82
[22:13:33.228] START to_move 1
[22:13:33.233] STOP to_move 1 nodes_visited 79
[22:13:33.233] START to_move 2
[22:13:33.237] STOP to_move 2 nodes_visited 71
[22:13:33.237] START to_move 1
[22:13:33.240] STOP to_move 1 nodes_visited 35
[22:13:33.240] START to_move 2
[22:13:33.244] STOP to_move 2 nodes_visited 68
[22:13:33.244] START to_move 1
[22:13:33.247] STOP to_move 1 nodes_visited 63
[22:13:33.247] START to_move 2
[22:13:33.251] STOP to_move 2 nodes_visited 60
[22:13:33.251] START to_move 1
[22:13:33.253] STOP to_move 1 nodes_visited 28
[22:13:33.253] START to_move 2
[22:13:33.256] STOP to_move 2 nodes_visited 54
[22:13:33.256] START to_move 1
[22:13:33.260] STOP to_move 1 nodes_visited 53
[22:13:33.260] START to_move 2
[22:13:33.263] STOP to_move 2 nodes_visited 50
[22:13:33.263] START to_move 1
[22:13:33.264] STOP to_move 1 nodes_visited 23
[22:13:33.264] START to_move 2
[22:13:33.267] STOP to_move 2 nodes_visited 52
[22:13:33.267] START to_move 1
[22:13:33.269] STOP to_move 1 nodes_visited 37
[22:13:33.269] START to_move 2
[22:13:33.272] STOP to_move 2 nodes_visited 36
[22:13:33.272] START to_move 1
[22:13:33.273] STOP to_move 1 nodes_visited 19
[22:13:33.273] START to_move 2
[22:13:33.275] STOP to_move 2 nodes_visited 40
[22:13:33.275] START to_move 1
[22:13:33.277] STOP to_move 1 nodes_visited 31
[22:13:33.277] START to_move 2
[22:13:33.279] STOP to_move 2 nodes_visited 30
[22:13:33.279] START to_move 1
[22:13:33.280] STOP to_move 1 nodes_visited 16
[22:13:33.280] START to_move 2
[22:13:33.282] STOP to_move 2 nodes_visited 34
[22:13:33.282] START to_move 1
[22:13:33.284] STOP to_move 1 nodes_visited 29
[22:13:33.284] START to_move 2
[22:13:33.285] STOP to_move 2 nodes_visited 28
[22:13:33.285] START to_move 1
[22:13:33.286] STOP to_move 1 nodes_visited 15
[22:13:33.286] START to_move 2
[22:13:33.288] STOP to_move 2 nodes_visited 32
[22:13:33.288] START to_move 1
[22:13:33.290] STOP to_move 1 nodes_visited 29
[22:13:33.290] START to_move 2
[22:13:33.292] STOP to_move 2 nodes_visited 28
[22:13:33.292] START to_move 1
[22:13:33.293] STOP to_move 1 nodes_visited 15
[22:13:33.293] START to_move 2
[22:13:33.295] STOP to_move 2 nodes_visited 32
[22:13:33.295] START to_move 1
[22:13:33.296] STOP to_move 1 nodes_visited 27
[22:13:33.296] START to_move 2
[22:13:33.298] STOP to_move 2 nodes_visited 26
[22:13:33.298] START to_move 1
[22:13:33.299] STOP to_move 1 nodes_visited 14
[22:13:33.299] START to_move 2
[22:13:33.300] STOP to_move 2 nodes_visited 30
[22:13:33.300] START to_move 1
[22:13:33.302] STOP to_move 1 nodes_visited 25
[22:13:33.302] START to_move 2
[22:13:33.304] STOP to_move 2 nodes_visited 23
[22:13:33.304] START to_move 1
[22:13:33.307] STOP to_move 1 nodes_visited 50
[22:13:33.307] START to_move 2
[22:13:33.308] STOP to_move 2 nodes_visited 28
[22:13:33.308] START to_move 1
[22:13:33.309] STOP to_move 1 nodes_visited 15
[22:13:33.309] START to_move 2
[22:13:33.311] STOP to_move 2 nodes_visited 37
[22:13:33.311] START to_move 1
[22:13:33.314] STOP to_move 1 nodes_visited 33
[22:13:33.314] START to_move 2
[22:13:33.316] STOP to_move 2 nodes_visited 28
[22:13:33.316] START to_move 1
[22:13:33.316] STOP to_move 1 nodes_visited 15
[22:13:33.316] START to_move 2
[22:13:33.319] STOP to_move 2 nodes_visited 37
[22:13:33.319] START to_move 1
[22:13:33.321] STOP to_move 1 nodes_visited 34
[22:13:33.321] START to_move 2
[22:13:33.322] STOP to_move 2 nodes_visited 28
[22:13:33.323] START to_move 1
[22:13:33.323] STOP to_move 1 nodes_visited 15
[22:13:33.323] START to_move 2
[22:13:33.326] STOP to_move 2 nodes_visited 37
[22:13:33.326] START to_move 1
[22:13:33.328] STOP to_move 1 nodes_visited 36
[22:13:33.328] START to_move 2
[22:13:33.329] STOP to_move 2 nodes_visited 28
[22:13:33.330] START to_move 1
[22:13:33.330] STOP to_move 1 nodes_visited 15
[22:13:33.330] START to_move 2
[22:13:33.333] STOP to_move 2 nodes_visited 37
[22:13:33.333] START to_move 1
[22:13:33.335] STOP to_move 1 nodes_visited 35
[22:13:33.335] START to_move 2
[22:13:33.336] STOP to_move 2 nodes_visited 28
[22:13:33.337] START to_move 1
[22:13:33.337] STOP to_move 1 nodes_visited 15
[22:13:33.337] START to_move 2
[22:13:33.340] STOP to_move 2 nodes_visited 37
[22:13:33.340] START to_move 1
[22:13:33.341] STOP to_move 1 nodes_visited 23
[22:13:33.341] START to_move 2
[22:13:33.342] STOP to_move 2 nodes_visited 16
[22:13:33.342] START to_move 1
[22:13:33.343] STOP to_move 1 nodes_visited 10
[22:13:33.343] START to_move 2
[22:13:33.344] STOP to_move 2 nodes_visited 19
[22:13:33.344] START to_move 1
[22:13:33.345] STOP to_move 1 nodes_visited 23
[22:13:33.345] START to_move 2
[22:13:33.346] STOP to_move 2 nodes_visited 17
[22:13:33.346] START to_move 1
[22:13:33.347] STOP to_move 1 nodes_visited 8
[22:13:33.347] START to_move 2
[22:13:33.348] STOP to_move 2 nodes_visited 19
[22:13:33.348] START to_move 1
[22:13:33.349] STOP to_move 1 nodes_visited 18
[22:13:33.349] START to_move 2
[22:13:33.350] STOP to_move 2 nodes_visited 13
[22:13:33.350] START to_move 1
[22:13:33.350] STOP to_move 1 nodes_visited 7
[22:13:33.350] START to_move 2
[22:13:33.351] STOP to_move 2 nodes_visited 19
[22:13:33.351] START to_move 1
[22:13:33.352] STOP to_move 1 nodes_visited 13
[22:13:33.352] START to_move 2
[22:13:33.353] STOP to_move 2 nodes_visited 10
[22:13:33.353] START to_move 1
[22:13:33.353] STOP to_move 1 nodes_visited 8
[22:13:33.353] START to_move 2
[22:13:33.355] STOP to_move 2 nodes_visited 21
[22:13:33.355] START to_move 1
[22:13:33.356] STOP to_move 1 nodes_visited 15
[22:13:33.356] START to_move 2
[22:13:33.356] STOP to_move 2 nodes_visited 11
[22:13:33.356] START to_move 1
[22:13:33.357] STOP to_move 1 nodes_visited 6
[22:13:33.357] START to_move 2
[22:13:33.357] STOP to_move 2 nodes_visited 11
[22:13:33.357] START to_move 1
[22:13:33.358] STOP to_move 1 nodes_visited 15
[22:13:33.358] START to_move 2
[22:13:33.359] STOP to_move 2 nodes_visited 12
[22:13:33.359] START to_move 1
[22:13:33.359] STOP to_move 1 nodes_visited 7
[22:13:33.360] START to_move 2
[22:13:33.360] STOP to_move 2 nodes_visited 15
[22:13:33.360] START to_move 1
[22:13:33.361] STOP to_move 1 nodes_visited 19
[22:13:33.362] START to_move 2
[22:13:33.362] STOP to_move 2 nodes_visited 17
[22:13:33.363] START to_move 1
[22:13:33.363] STOP to_move 1 nodes_visited 8
[22:13:33.363] START to_move 2
[22:13:33.364] STOP to_move 2 nodes_visited 13
[22:13:33.364] START to_move 1
[22:13:33.365] STOP to_move 1 nodes_visited 13
[22:13:33.365] START to_move 2
[22:13:33.365] STOP to_move 2 nodes_visited 6
[22:13:33.365] START to_move 1
[22:13:33.366] STOP to_move 1 nodes_visited 8
[22:13:33.366] START to_move 2
[22:13:33.367] STOP to_move 2 nodes_visited 17
[22:13:33.367] START to_move 1
[22:13:33.368] STOP to_move 1 nodes_visited 17
[22:13:33.368] START to_move 2
[22:13:33.369] STOP to_move 2 nodes_visited 11
[22:13:33.369] START to_move 1
[22:13:33.369] STOP to_move 1 nodes_visited 8
[22:13:33.369] START to_move 2
[22:13:33.370] STOP to_move 2 nodes_visited 13
[22:13:33.370] START to_move 1
[22:13:33.371] STOP to_move 1 nodes_visited 17
[22:13:33.371] START to_move 2
[22:13:33.372] STOP to_move 2 nodes_visited 11
[22:13:33.372] START to_move 1
[22:13:33.372] STOP to_move 1 nodes_visited 8
[22:13:33.372] START to_move 2
[22:13:33.373] STOP to_move 2 nodes_visited 13
[22:13:33.388] END winner 0 - rounds 360
