[22:41:16.223] 1 - distance_function euclides - pruning True
[22:41:16.223] 2 - distance_function chebyshev - pruning True
[22:41:16.224] START to_move 1
[22:41:16.272] STOP to_move 1 nodes_visited 768
[22:41:16.272] START to_move 2
[22:41:16.343] STOP to_move 2 nodes_visited 1126
[22:41:16.344] START to_move 1
[22:41:16.406] STOP to_move 1 nodes_visited 1005
[22:41:16.407] START to_move 2
[22:41:16.483] STOP to_move 2 nodes_visited 1137
[22:41:16.484] START to_move 1
[22:41:16.559] STOP to_move 1 nodes_visited 1177
[22:41:16.560] START to_move 2
[22:41:16.630] STOP to_move 2 nodes_visited 1097
[22:41:16.630] START to_move 1
[22:41:16.698] STOP to_move 1 nodes_visited 1108
[22:41:16.699] START to_move 2
[22:41:16.777] STOP to_move 2 nodes_visited 1229
[22:41:16.778] START to_move 1
[22:41:16.829] STOP to_move 1 nodes_visited 848
[22:41:16.829] START to_move 2
[22:41:16.861] STOP to_move 2 nodes_visited 509
[22:41:16.862] START to_move 1
[22:41:16.909] STOP to_move 1 nodes_visited 793
[22:41:16.909] START to_move 2
[22:41:16.941] STOP to_move 2 nodes_visited 513
[22:41:16.942] START to_move 1
[22:41:16.989] STOP to_move 1 nodes_visited 789
[22:41:16.989] START to_move 2
[22:41:17.023] STOP to_move 2 nodes_visited 513
[22:41:17.023] START to_move 1
[22:41:17.066] STOP to_move 1 nodes_visited 732
[22:41:17.067] START to_move 2
[22:41:17.099] STOP to_move 2 nodes_visited 514
[22:41:17.099] START to_move 1
[22:41:17.141] STOP to_move 1 nodes_visited 713
[22:41:17.143] START to_move 2
[22:41:17.175] STOP to_move 2 nodes_visited 525
[22:41:17.175] START to_move 1
[22:41:17.215] STOP to_move 1 nodes_visited 671
[22:41:17.216] START to_move 2
[22:41:17.242] STOP to_move 2 nodes_visited 429
[22:41:17.242] START to_move 1
[22:41:17.356] STOP to_move 1 nodes_visited 1858
[22:41:17.358] START to_move 2
[22:41:17.388] STOP to_move 2 nodes_visited 501
[22:41:17.389] START to_move 1
[22:41:17.515] STOP to_move 1 nodes_visited 2110
[22:41:17.516] START to_move 2
[22:41:17.621] STOP to_move 2 nodes_visited 1614
[22:41:17.621] START to_move 1
[22:41:17.710] STOP to_move 1 nodes_visited 1479
[22:41:17.711] START to_move 2
[22:41:17.832] STOP to_move 2 nodes_visited 1942
[22:41:17.834] START to_move 1
[22:41:17.889] STOP to_move 1 nodes_visited 900
[22:41:17.889] START to_move 2
[22:41:18.020] STOP to_move 2 nodes_visited 2080
[22:41:18.021] START to_move 1
[22:41:18.220] STOP to_move 1 nodes_visited 3206
[22:41:18.222] START to_move 2
[22:41:18.356] STOP to_move 2 nodes_visited 2140
[22:41:18.357] START to_move 1
[22:41:18.539] STOP to_move 1 nodes_visited 2965
[22:41:18.541] START to_move 2
[22:41:18.677] STOP to_move 2 nodes_visited 2134
[22:41:18.678] START to_move 1
[22:41:18.851] STOP to_move 1 nodes_visited 2847
[22:41:18.853] START to_move 2
[22:41:18.984] STOP to_move 2 nodes_visited 2062
[22:41:18.985] START to_move 1
[22:41:19.163] STOP to_move 1 nodes_visited 2854
[22:41:19.165] START to_move 2
[22:41:19.278] STOP to_move 2 nodes_visited 1828
[22:41:19.279] START to_move 1
[22:41:19.483] STOP to_move 1 nodes_visited 3299
[22:41:19.485] START to_move 2
[22:41:19.603] STOP to_move 2 nodes_visited 1908
[22:41:19.604] START to_move 1
[22:41:19.762] STOP to_move 1 nodes_visited 2453
[22:41:19.764] START to_move 2
[22:41:19.912] STOP to_move 2 nodes_visited 2382
[22:41:19.913] START to_move 1
[22:41:19.970] STOP to_move 1 nodes_visited 923
[22:41:19.971] START to_move 2
[22:41:20.089] STOP to_move 2 nodes_visited 1888
[22:41:20.090] START to_move 1
[22:41:20.212] STOP to_move 1 nodes_visited 1983
[22:41:20.213] START to_move 2
[22:41:20.329] STOP to_move 2 nodes_visited 1845
[22:41:20.330] START to_move 1
[22:41:20.377] STOP to_move 1 nodes_visited 772
[22:41:20.377] START to_move 2
[22:41:20.492] STOP to_move 2 nodes_visited 1825
[22:41:20.493] START to_move 1
[22:41:20.535] STOP to_move 1 nodes_visited 687
[22:41:20.536] START to_move 2
[22:41:20.670] STOP to_move 2 nodes_visited 2157
[22:41:20.671] START to_move 1
[22:41:20.708] STOP to_move 1 nodes_visited 620
[22:41:20.709] START to_move 2
[22:41:20.817] STOP to_move 2 nodes_visited 1697
[22:41:20.818] START to_move 1
[22:41:20.854] STOP to_move 1 nodes_visited 616
[22:41:20.855] START to_move 2
[22:41:20.964] STOP to_move 2 nodes_visited 1752
[22:41:20.965] START to_move 1
[22:41:21.000] STOP to_move 1 nodes_visited 596
[22:41:21.000] START to_move 2
[22:41:21.030] STOP to_move 2 nodes_visited 489
[22:41:21.030] START to_move 1
[22:41:21.071] STOP to_move 1 nodes_visited 651
[22:41:21.071] START to_move 2
[22:41:21.100] STOP to_move 2 nodes_visited 478
[22:41:21.100] START to_move 1
[22:41:21.141] STOP to_move 1 nodes_visited 672
[22:41:21.141] START to_move 2
[22:41:21.166] STOP to_move 2 nodes_visited 423
[22:41:21.167] START to_move 1
[22:41:21.211] STOP to_move 1 nodes_visited 744
[22:41:21.211] START to_move 2
[22:41:21.237] STOP to_move 2 nodes_visited 435
[22:41:21.238] START to_move 1
[22:41:21.278] STOP to_move 1 nodes_visited 671
[22:41:21.278] START to_move 2
[22:41:21.304] STOP to_move 2 nodes_visited 424
[22:41:21.304] START to_move 1
[22:41:21.344] STOP to_move 1 nodes_visited 677
[22:41:21.344] START to_move 2
[22:41:21.371] STOP to_move 2 nodes_visited 423
[22:41:21.372] START to_move 1
[22:41:21.411] STOP to_move 1 nodes_visited 667
[22:41:21.412] START to_move 2
[22:41:21.437] STOP to_move 2 nodes_visited 426
[22:41:21.437] START to_move 1
[22:41:21.475] STOP to_move 1 nodes_visited 635
[22:41:21.475] START to_move 2
[22:41:21.524] STOP to_move 2 nodes_visited 803
[22:41:21.525] START to_move 1
[22:41:21.553] STOP to_move 1 nodes_visited 487
[22:41:21.553] START to_move 2
[22:41:21.579] STOP to_move 2 nodes_visited 423
[22:41:21.579] START to_move 1
[22:41:21.613] STOP to_move 1 nodes_visited 582
[22:41:21.614] START to_move 2
[22:41:21.639] STOP to_move 2 nodes_visited 419
[22:41:21.640] START to_move 1
[22:41:21.702] STOP to_move 1 nodes_visited 1014
[22:41:21.702] START to_move 2
[22:41:21.753] STOP to_move 2 nodes_visited 803
[22:41:21.753] START to_move 1
[22:41:21.784] STOP to_move 1 nodes_visited 528
[22:41:21.785] START to_move 2
[22:41:21.806] STOP to_move 2 nodes_visited 363
[22:41:21.807] START to_move 1
[22:41:21.865] STOP to_move 1 nodes_visited 965
[22:41:21.865] START to_move 2
[22:41:21.887] STOP to_move 2 nodes_visited 363
[22:41:21.887] START to_move 1
[22:41:21.915] STOP to_move 1 nodes_visited 474
[22:41:21.915] START to_move 2
[22:41:21.938] STOP to_move 2 nodes_visited 363
[22:41:21.939] START to_move 1
[22:41:21.962] STOP to_move 1 nodes_visited 396
[22:41:21.962] START to_move 2
[22:41:21.989] STOP to_move 2 nodes_visited 454
[22:41:21.990] START to_move 1
[22:41:22.016] STOP to_move 1 nodes_visited 447
[22:41:22.016] START to_move 2
[22:41:22.042] STOP to_move 2 nodes_visited 427
[22:41:22.042] START to_move 1
[22:41:22.075] STOP to_move 1 nodes_visited 565
[22:41:22.076] START to_move 2
[22:41:22.102] STOP to_move 2 nodes_visited 443
[22:41:22.103] START to_move 1
[22:41:22.139] STOP to_move 1 nodes_visited 612
[22:41:22.139] START to_move 2
[22:41:22.165] STOP to_move 2 nodes_visited 427
[22:41:22.165] START to_move 1
[22:41:22.209] STOP to_move 1 nodes_visited 698
[22:41:22.209] START to_move 2
[22:41:22.230] STOP to_move 2 nodes_visited 350
[22:41:22.230] START to_move 1
[22:41:22.259] STOP to_move 1 nodes_visited 494
[22:41:22.260] START to_move 2
[22:41:22.281] STOP to_move 2 nodes_visited 359
[22:41:22.282] START to_move 1
[22:41:22.320] STOP to_move 1 nodes_visited 628
[22:41:22.320] START to_move 2
[22:41:22.345] STOP to_move 2 nodes_visited 411
[22:41:22.345] START to_move 1
[22:41:22.442] STOP to_move 1 nodes_visited 1589
[22:41:22.442] START to_move 2
[22:41:22.467] STOP to_move 2 nodes_visited 402
[22:41:22.467] START to_move 1
[22:41:22.502] STOP to_move 1 nodes_visited 569
[22:41:22.502] START to_move 2
[22:41:22.525] STOP to_move 2 nodes_visited 376
[22:41:22.525] START to_move 1
[22:41:22.552] STOP to_move 1 nodes_visited 441
[22:41:22.552] START to_move 2
[22:41:22.577] STOP to_move 2 nodes_visited 417
[22:41:22.577] START to_move 1
[22:41:22.663] STOP to_move 1 nodes_visited 1424
[22:41:22.663] START to_move 2
[22:41:22.723] STOP to_move 2 nodes_visited 974
[22:41:22.724] START to_move 1
[22:41:22.813] STOP to_move 1 nodes_visited 1452
[22:41:22.814] START to_move 2
[22:41:22.837] STOP to_move 2 nodes_visited 377
[22:41:22.837] START to_move 1
[22:41:22.922] STOP to_move 1 nodes_visited 1402
[22:41:22.922] START to_move 2
[22:41:22.945] STOP to_move 2 nodes_visited 375
[22:41:22.945] START to_move 1
[22:41:23.030] STOP to_move 1 nodes_visited 1414
[22:41:23.031] START to_move 2
[22:41:23.055] STOP to_move 2 nodes_visited 374
[22:41:23.055] START to_move 1
[22:41:23.133] STOP to_move 1 nodes_visited 1310
[22:41:23.134] START to_move 2
[22:41:23.156] STOP to_move 2 nodes_visited 374
[22:41:23.156] START to_move 1
[22:41:23.231] STOP to_move 1 nodes_visited 1245
[22:41:23.232] START to_move 2
[22:41:23.252] STOP to_move 2 nodes_visited 339
[22:41:23.252] START to_move 1
[22:41:23.328] STOP to_move 1 nodes_visited 1235
[22:41:23.329] START to_move 2
[22:41:23.352] STOP to_move 2 nodes_visited 369
[22:41:23.352] START to_move 1
[22:41:23.427] STOP to_move 1 nodes_visited 1240
[22:41:23.428] START to_move 2
[22:41:23.450] STOP to_move 2 nodes_visited 362
[22:41:23.450] START to_move 1
[22:41:23.513] STOP to_move 1 nodes_visited 1054
[22:41:23.514] START to_move 2
[22:41:23.539] STOP to_move 2 nodes_visited 416
[22:41:23.539] START to_move 1
[22:41:23.568] STOP to_move 1 nodes_visited 490
[22:41:23.568] START to_move 2
[22:41:23.590] STOP to_move 2 nodes_visited 368
[22:41:23.590] START to_move 1
[22:41:23.620] STOP to_move 1 nodes_visited 478
[22:41:23.620] START to_move 2
[22:41:23.632] STOP to_move 2 nodes_visited 205
[22:41:23.632] START to_move 1
[22:41:23.652] STOP to_move 1 nodes_visited 333
[22:41:23.652] START to_move 2
[22:41:23.665] STOP to_move 2 nodes_visited 228
[22:41:23.665] START to_move 1
[22:41:23.692] STOP to_move 1 nodes_visited 451
[22:41:23.692] START to_move 2
[22:41:23.705] STOP to_move 2 nodes_visited 219
[22:41:23.705] START to_move 1
[22:41:23.732] STOP to_move 1 nodes_visited 459
[22:41:23.733] START to_move 2
[22:41:23.759] STOP to_move 2 nodes_visited 426
[22:41:23.759] START to_move 1
[22:41:23.785] STOP to_move 1 nodes_visited 429
[22:41:23.785] START to_move 2
[22:41:23.797] STOP to_move 2 nodes_visited 215
[22:41:23.798] START to_move 1
[22:41:23.824] STOP to_move 1 nodes_visited 434
[22:41:23.824] START to_move 2
[22:41:23.836] STOP to_move 2 nodes_visited 201
[22:41:23.836] START to_move 1
[22:41:23.856] STOP to_move 1 nodes_visited 346
[22:41:23.857] START to_move 2
[22:41:23.867] STOP to_move 2 nodes_visited 170
[22:41:23.867] START to_move 1
[22:41:23.884] STOP to_move 1 nodes_visited 295
[22:41:23.885] START to_move 2
[22:41:23.894] STOP to_move 2 nodes_visited 169
[22:41:23.895] START to_move 1
[22:41:23.913] STOP to_move 1 nodes_visited 280
[22:41:23.913] START to_move 2
[22:41:23.923] STOP to_move 2 nodes_visited 169
[22:41:23.923] START to_move 1
[22:41:23.937] STOP to_move 1 nodes_visited 241
[22:41:23.937] START to_move 2
[22:41:23.947] STOP to_move 2 nodes_visited 169
[22:41:23.947] START to_move 1
[22:41:23.962] STOP to_move 1 nodes_visited 244
[22:41:23.962] START to_move 2
[22:41:23.969] STOP to_move 2 nodes_visited 117
[22:41:23.969] START to_move 1
[22:41:23.974] STOP to_move 1 nodes_visited 98
[22:41:23.975] START to_move 2
[22:41:23.982] STOP to_move 2 nodes_visited 123
[22:41:23.982] START to_move 1
[22:41:24.024] STOP to_move 1 nodes_visited 705
[22:41:24.024] START to_move 2
[22:41:24.032] STOP to_move 2 nodes_visited 128
[22:41:24.032] START to_move 1
[22:41:24.054] STOP to_move 1 nodes_visited 378
[22:41:24.055] START to_move 2
[22:41:24.078] STOP to_move 2 nodes_visited 385
[22:41:24.078] START to_move 1
[22:41:24.137] STOP to_move 1 nodes_visited 967
[22:41:24.138] START to_move 2
[22:41:24.162] STOP to_move 2 nodes_visited 403
[22:41:24.163] START to_move 1
[22:41:24.182] STOP to_move 1 nodes_visited 317
[22:41:24.182] START to_move 2
[22:41:24.202] STOP to_move 2 nodes_visited 302
[22:41:24.202] START to_move 1
[22:41:24.221] STOP to_move 1 nodes_visited 323
[22:41:24.221] START to_move 2
[22:41:24.231] STOP to_move 2 nodes_visited 167
[22:41:24.231] START to_move 1
[22:41:24.248] STOP to_move 1 nodes_visited 291
[22:41:24.248] START to_move 2
[22:41:24.264] STOP to_move 2 nodes_visited 252
[22:41:24.264] START to_move 1
[22:41:24.279] STOP to_move 1 nodes_visited 260
[22:41:24.279] START to_move 2
[22:41:24.291] STOP to_move 2 nodes_visited 203
[22:41:24.291] START to_move 1
[22:41:24.304] STOP to_move 1 nodes_visited 223
[22:41:24.305] START to_move 2
[22:41:24.317] STOP to_move 2 nodes_visited 203
[22:41:24.317] START to_move 1
[22:41:24.330] STOP to_move 1 nodes_visited 221
[22:41:24.330] START to_move 2
[22:41:24.342] STOP to_move 2 nodes_visited 203
[22:41:24.342] START to_move 1
[22:41:24.356] STOP to_move 1 nodes_visited 228
[22:41:24.356] START to_move 2
[22:41:24.368] STOP to_move 2 nodes_visited 208
[22:41:24.368] START to_move 1
[22:41:24.382] STOP to_move 1 nodes_visited 227
[22:41:24.382] START to_move 2
[22:41:24.400] STOP to_move 2 nodes_visited 290
[22:41:24.400] START to_move 1
[22:41:24.417] STOP to_move 1 nodes_visited 280
[22:41:24.417] START to_move 2
[22:41:24.427] STOP to_move 2 nodes_visited 165
[22:41:24.427] START to_move 1
[22:41:24.475] STOP to_move 1 nodes_visited 762
[22:41:24.475] START to_move 2
[22:41:24.484] STOP to_move 2 nodes_visited 150
[22:41:24.484] START to_move 1
[22:41:24.511] STOP to_move 1 nodes_visited 416
[22:41:24.512] START to_move 2
[22:41:24.519] STOP to_move 2 nodes_visited 131
[22:41:24.519] START to_move 1
[22:41:24.550] STOP to_move 1 nodes_visited 494
[22:41:24.550] START to_move 2
[22:41:24.557] STOP to_move 2 nodes_visited 124
[22:41:24.557] START to_move 1
[22:41:24.588] STOP to_move 1 nodes_visited 494
[22:41:24.588] START to_move 2
[22:41:24.595] STOP to_move 2 nodes_visited 123
[22:41:24.595] START to_move 1
[22:41:24.618] STOP to_move 1 nodes_visited 369
[22:41:24.619] START to_move 2
[22:41:24.625] STOP to_move 2 nodes_visited 116
[22:41:24.625] START to_move 1
[22:41:24.654] STOP to_move 1 nodes_visited 458
[22:41:24.654] START to_move 2
[22:41:24.660] STOP to_move 2 nodes_visited 113
[22:41:24.660] START to_move 1
[22:41:24.689] STOP to_move 1 nodes_visited 458
[22:41:24.689] START to_move 2
[22:41:24.695] STOP to_move 2 nodes_visited 113
[22:41:24.696] START to_move 1
[22:41:24.712] STOP to_move 1 nodes_visited 271
[22:41:24.712] START to_move 2
[22:41:24.718] STOP to_move 2 nodes_visited 98
[22:41:24.718] START to_move 1
[22:41:24.739] STOP to_move 1 nodes_visited 350
[22:41:24.739] START to_move 2
[22:41:24.745] STOP to_move 2 nodes_visited 107
[22:41:24.745] START to_move 1
[22:41:24.755] STOP to_move 1 nodes_visited 164
[22:41:24.755] START to_move 2
[22:41:24.760] STOP to_move 2 nodes_visited 91
[22:41:24.761] START to_move 1
[22:41:24.766] STOP to_move 1 nodes_visited 97
[22:41:24.766] START to_move 2
[22:41:24.772] STOP to_move 2 nodes_visited 89
[22:41:24.772] START to_move 1
[22:41:24.777] STOP to_move 1 nodes_visited 93
[22:41:24.777] START to_move 2
[22:41:24.782] STOP to_move 2 nodes_visited 85
[22:41:24.782] START to_move 1
[22:41:24.788] STOP to_move 1 nodes_visited 97
[22:41:24.788] START to_move 2
[22:41:24.793] STOP to_move 2 nodes_visited 83
[22:41:24.793] START to_move 1
[22:41:24.799] STOP to_move 1 nodes_visited 97
[22:41:24.799] START to_move 2
[22:41:24.804] STOP to_move 2 nodes_visited 82
[22:41:24.804] START to_move 1
[22:41:24.810] STOP to_move 1 nodes_visited 97
[22:41:24.810] START to_move 2
[22:41:24.815] STOP to_move 2 nodes_visited 83
[22:41:24.815] START to_move 1
[22:41:24.821] STOP to_move 1 nodes_visited 97
[22:41:24.822] START to_move 2
[22:41:24.826] STOP to_move 2 nodes_visited 84
[22:41:24.827] START to_move 1
[22:41:24.833] STOP to_move 1 nodes_visited 101
[22:41:24.833] START to_move 2
[22:41:24.838] STOP to_move 2 nodes_visited 89
[22:41:24.838] START to_move 1
[22:41:24.843] STOP to_move 1 nodes_visited 95
[22:41:24.844] START to_move 2
[22:41:24.848] STOP to_move 2 nodes_visited 75
[22:41:24.848] START to_move 1
[22:41:24.851] STOP to_move 1 nodes_visited 45
[22:41:24.851] START to_move 2
[22:41:24.855] STOP to_move 2 nodes_visited 72
[22:41:24.855] START to_move 1
[22:41:24.860] STOP to_move 1 nodes_visited 83
[22:41:24.860] START to_move 2
[22:41:24.865] STOP to_move 2 nodes_visited 72
[22:41:24.865] START to_move 1
[22:41:24.869] STOP to_move 1 nodes_visited 77
[22:41:24.869] START to_move 2
[22:41:24.877] STOP to_move 2 nodes_visited 127
[22:41:24.877] START to_move 1
[22:41:24.882] STOP to_move 1 nodes_visited 83
[22:41:24.882] START to_move 2
[22:41:24.886] STOP to_move 2 nodes_visited 60
[22:41:24.886] START to_move 1
[22:41:24.888] STOP to_move 1 nodes_visited 34
[22:41:24.888] START to_move 2
[22:41:24.892] STOP to_move 2 nodes_visited 69
[22:41:24.892] START to_move 1
[22:41:24.897] STOP to_move 1 nodes_visited 70
[22:41:24.897] START to_move 2
[22:41:24.900] STOP to_move 2 nodes_visited 60
[22:41:24.900] START to_move 1
[22:41:24.902] STOP to_move 1 nodes_visited 34
[22:41:24.902] START to_move 2
[22:41:24.907] STOP to_move 2 nodes_visited 65
[22:41:24.907] START to_move 1
[22:41:24.911] STOP to_move 1 nodes_visited 64
[22:41:24.911] START to_move 2
[22:41:24.914] STOP to_move 2 nodes_visited 54
[22:41:24.914] START to_move 1
[22:41:24.916] STOP to_move 1 nodes_visited 31
[22:41:24.916] START to_move 2
[22:41:24.920] STOP to_move 2 nodes_visited 63
[22:41:24.920] START to_move 1
[22:41:24.924] STOP to_move 1 nodes_visited 66
[22:41:24.924] START to_move 2
[22:41:24.928] STOP to_move 2 nodes_visited 54
[22:41:24.928] START to_move 1
[22:41:24.929] STOP to_move 1 nodes_visited 27
[22:41:24.929] START to_move 2
[22:41:24.933] STOP to_move 2 nodes_visited 59
[22:41:24.933] START to_move 1
[22:41:24.937] STOP to_move 1 nodes_visited 55
[22:41:24.937] START to_move 2
[22:41:24.939] STOP to_move 2 nodes_visited 49
[22:41:24.940] START to_move 1
[22:41:24.941] STOP to_move 1 nodes_visited 27
[22:41:24.941] START to_move 2
[22:41:24.944] STOP to_move 2 nodes_visited 55
[22:41:24.945] START to_move 1
[22:41:24.948] STOP to_move 1 nodes_visited 53
[22:41:24.948] START to_move 2
[22:41:24.950] STOP to_move 2 nodes_visited 47
[22:41:24.951] START to_move 1
[22:41:24.952] STOP to_move 1 nodes_visited 21
[22:41:24.952] START to_move 2
[22:41:24.954] STOP to_move 2 nodes_visited 45
[22:41:24.955] START to_move 1
[22:41:24.957] STOP to_move 1 nodes_visited 43
[22:41:24.957] START to_move 2
[22:41:24.959] STOP to_move 2 nodes_visited 39
[22:41:24.959] START to_move 1
[22:41:24.961] STOP to_move 1 nodes_visited 18
[22:41:24.961] START to_move 2
[22:41:24.963] STOP to_move 2 nodes_visited 37
[22:41:24.963] START to_move 1
[22:41:24.965] STOP to_move 1 nodes_visited 35
[22:41:24.965] START to_move 2
[22:41:24.967] STOP to_move 2 nodes_visited 28
[22:41:24.967] START to_move 1
[22:41:24.968] STOP to_move 1 nodes_visited 23
[22:41:24.968] START to_move 2
[22:41:24.971] STOP to_move 2 nodes_visited 43
[22:41:24.971] START to_move 1
[22:41:24.973] STOP to_move 1 nodes_visited 41
[22:41:24.974] START to_move 2
[22:41:24.975] STOP to_move 2 nodes_visited 31
[22:41:24.975] START to_move 1
[22:41:24.977] STOP to_move 1 nodes_visited 19
[22:41:24.977] START to_move 2
[22:41:24.979] STOP to_move 2 nodes_visited 37
[22:41:24.979] START to_move 1
[22:41:24.981] STOP to_move 1 nodes_visited 40
[22:41:24.981] START to_move 2
[22:41:24.983] STOP to_move 2 nodes_visited 31
[22:41:24.983] START to_move 1
[22:41:24.985] STOP to_move 1 nodes_visited 18
[22:41:24.985] START to_move 2
[22:41:24.987] STOP to_move 2 nodes_visited 37
[22:41:24.987] START to_move 1
[22:41:24.989] STOP to_move 1 nodes_visited 35
[22:41:24.989] START to_move 2
[22:41:24.991] STOP to_move 2 nodes_visited 28
[22:41:24.991] START to_move 1
[22:41:24.992] STOP to_move 1 nodes_visited 21
[22:41:24.992] START to_move 2
[22:41:24.994] STOP to_move 2 nodes_visited 35
[22:41:24.994] START to_move 1
[22:41:24.996] STOP to_move 1 nodes_visited 35
[22:41:24.996] START to_move 2
[22:41:24.998] STOP to_move 2 nodes_visited 28
[22:41:24.998] START to_move 1
[22:41:24.999] STOP to_move 1 nodes_visited 17
[22:41:24.999] START to_move 2
[22:41:25.001] STOP to_move 2 nodes_visited 35
[22:41:25.001] START to_move 1
[22:41:25.003] STOP to_move 1 nodes_visited 36
[22:41:25.003] START to_move 2
[22:41:25.005] STOP to_move 2 nodes_visited 29
[22:41:25.005] START to_move 1
[22:41:25.006] STOP to_move 1 nodes_visited 16
[22:41:25.006] START to_move 2
[22:41:25.009] STOP to_move 2 nodes_visited 35
[22:41:25.009] START to_move 1
[22:41:25.011] STOP to_move 1 nodes_visited 31
[22:41:25.011] START to_move 2
[22:41:25.012] STOP to_move 2 nodes_visited 26
[22:41:25.012] START to_move 1
[22:41:25.013] STOP to_move 1 nodes_visited 18
[22:41:25.013] START to_move 2
[22:41:25.016] STOP to_move 2 nodes_visited 39
[22:41:25.016] START to_move 1
[22:41:25.018] STOP to_move 1 nodes_visited 35
[22:41:25.018] START to_move 2
[22:41:25.020] STOP to_move 2 nodes_visited 29
[22:41:25.020] START to_move 1
[22:41:25.021] STOP to_move 1 nodes_visited 17
[22:41:25.021] START to_move 2
[22:41:25.023] STOP to_move 2 nodes_visited 35
[22:41:25.023] START to_move 1
[22:41:25.025] STOP to_move 1 nodes_visited 33
[22:41:25.025] START to_move 2
[22:41:25.026] STOP to_move 2 nodes_visited 26
[22:41:25.027] START to_move 1
[22:41:25.027] STOP to_move 1 nodes_visited 16
[22:41:25.027] START to_move 2
[22:41:25.030] STOP to_move 2 nodes_visited 33
[22:41:25.030] START to_move 1
[22:41:25.031] STOP to_move 1 nodes_visited 31
[22:41:25.031] START to_move 2
[22:41:25.033] STOP to_move 2 nodes_visited 24
[22:41:25.033] START to_move 1
[22:41:25.034] STOP to_move 1 nodes_visited 21
[22:41:25.034] START to_move 2
[22:41:25.037] STOP to_move 2 nodes_visited 37
[22:41:25.037] START to_move 1
[22:41:25.038] STOP to_move 1 nodes_visited 27
[22:41:25.038] START to_move 2
[22:41:25.040] STOP to_move 2 nodes_visited 20
[22:41:25.040] START to_move 1
[22:41:25.040] STOP to_move 1 nodes_visited 13
[22:41:25.040] START to_move 2
[22:41:25.042] STOP to_move 2 nodes_visited 27
[22:41:25.042] START to_move 1
[22:41:25.044] STOP to_move 1 nodes_visited 25
[22:41:25.044] START to_move 2
[22:41:25.045] STOP to_move 2 nodes_visited 21
[22:41:25.045] START to_move 1
[22:41:25.046] STOP to_move 1 nodes_visited 11
[22:41:25.046] START to_move 2
[22:41:25.047] STOP to_move 2 nodes_visited 21
[22:41:25.047] START to_move 1
[22:41:25.049] STOP to_move 1 nodes_visited 34
[22:41:25.049] START to_move 2
[22:41:25.051] STOP to_move 2 nodes_visited 22
[22:41:25.051] START to_move 1
[22:41:25.051] STOP to_move 1 nodes_visited 15
[22:41:25.051] START to_move 2
[22:41:25.053] STOP to_move 2 nodes_visited 25
[22:41:25.053] START to_move 1
[22:41:25.055] STOP to_move 1 nodes_visited 36
[22:41:25.055] START to_move 2
[22:41:25.057] STOP to_move 2 nodes_visited 29
[22:41:25.057] START to_move 1
[22:41:25.058] STOP to_move 1 nodes_visited 10
[22:41:25.058] START to_move 2
[22:41:25.059] STOP to_move 2 nodes_visited 23
[22:41:25.059] START to_move 1
[22:41:25.061] STOP to_move 1 nodes_visited 27
[22:41:25.061] START to_move 2
[22:41:25.062] STOP to_move 2 nodes_visited 24
[22:41:25.062] START to_move 1
[22:41:25.063] STOP to_move 1 nodes_visited 11
[22:41:25.063] START to_move 2
[22:41:25.065] STOP to_move 2 nodes_visited 27
[22:41:25.065] START to_move 1
[22:41:25.066] STOP to_move 1 nodes_visited 23
[22:41:25.066] START to_move 2
[22:41:25.067] STOP to_move 2 nodes_visited 17
[22:41:25.067] START to_move 1
[22:41:25.068] STOP to_move 1 nodes_visited 13
[22:41:25.068] START to_move 2
[22:41:25.070] STOP to_move 2 nodes_visited 25
[22:41:25.070] START to_move 1
[22:41:25.072] STOP to_move 1 nodes_visited 29
[22:41:25.072] START to_move 2
[22:41:25.073] STOP to_move 2 nodes_visited 24
[22:41:25.073] START to_move 1
[22:41:25.074] STOP to_move 1 nodes_visited 13
[22:41:25.074] START to_move 2
[22:41:25.076] STOP to_move 2 nodes_visited 31
[22:41:25.076] START to_move 1
[22:41:25.077] STOP to_move 1 nodes_visited 15
[22:41:25.077] START to_move 2
[22:41:25.078] STOP to_move 2 nodes_visited 11
[22:41:25.078] START to_move 1
[22:41:25.078] STOP to_move 1 nodes_visited 9
[22:41:25.078] START to_move 2
[22:41:25.080] STOP to_move 2 nodes_visited 23
[22:41:25.080] START to_move 1
[22:41:25.081] STOP to_move 1 nodes_visited 19
[22:41:25.081] START to_move 2
[22:41:25.082] STOP to_move 2 nodes_visited 17
[22:41:25.082] START to_move 1
[22:41:25.082] STOP to_move 1 nodes_visited 7
[22:41:25.082] START to_move 2
[22:41:25.083] STOP to_move 2 nodes_visited 19
[22:41:25.083] START to_move 1
[22:41:25.085] STOP to_move 1 nodes_visited 19
[22:41:25.085] START to_move 2
[22:41:25.086] STOP to_move 2 nodes_visited 17
[22:41:25.086] START to_move 1
[22:41:25.086] STOP to_move 1 nodes_visited 7
[22:41:25.086] START to_move 2
[22:41:25.087] STOP to_move 2 nodes_visited 19
[22:41:25.087] START to_move 1
[22:41:25.088] STOP to_move 1 nodes_visited 15
[22:41:25.088] START to_move 2
[22:41:25.089] STOP to_move 2 nodes_visited 13
[22:41:25.103] END winner 0 - rounds 320
