[23:19:39.014] 1 - distance_function euclides - pruning True
[23:19:39.014] 2 - distance_function manhattan - pruning True
[23:19:39.014] START to_move 1
[23:19:39.074] STOP to_move 1 nodes_visited 998
[23:19:39.074] START to_move 2
[23:19:39.293] STOP to_move 2 nodes_visited 3617
[23:19:39.295] START to_move 1
[23:19:39.380] STOP to_move 1 nodes_visited 1376
[23:19:39.381] START to_move 2
[23:19:39.404] STOP to_move 2 nodes_visited 403
[23:19:39.404] START to_move 1
[23:19:39.465] STOP to_move 1 nodes_visited 1032
[23:19:39.466] START to_move 2
[23:19:39.682] STOP to_move 2 nodes_visited 3729
[23:19:39.684] START to_move 1
[23:19:39.737] STOP to_move 1 nodes_visited 858
[23:19:39.738] START to_move 2
[23:19:39.760] STOP to_move 2 nodes_visited 399
[23:19:39.760] START to_move 1
[23:19:39.816] STOP to_move 1 nodes_visited 949
[23:19:39.817] START to_move 2
[23:19:39.982] STOP to_move 2 nodes_visited 2818
[23:19:39.984] START to_move 1
[23:19:40.126] STOP to_move 1 nodes_visited 2362
[23:19:40.128] START to_move 2
[23:19:40.309] STOP to_move 2 nodes_visited 3115
[23:19:40.310] START to_move 1
[23:19:40.440] STOP to_move 1 nodes_visited 2129
[23:19:40.441] START to_move 2
[23:19:40.551] STOP to_move 2 nodes_visited 1901
[23:19:40.553] START to_move 1
[23:19:40.703] STOP to_move 1 nodes_visited 2507
[23:19:40.705] START to_move 2
[23:19:40.820] STOP to_move 2 nodes_visited 1977
[23:19:40.821] START to_move 1
[23:19:40.976] STOP to_move 1 nodes_visited 2573
[23:19:40.977] START to_move 2
[23:19:41.090] STOP to_move 2 nodes_visited 1946
[23:19:41.091] START to_move 1
[23:19:41.186] STOP to_move 1 nodes_visited 1597
[23:19:41.187] START to_move 2
[23:19:41.208] STOP to_move 2 nodes_visited 371
[23:19:41.208] START to_move 1
[23:19:41.383] STOP to_move 1 nodes_visited 2878
[23:19:41.384] START to_move 2
[23:19:41.405] STOP to_move 2 nodes_visited 376
[23:19:41.406] START to_move 1
[23:19:41.482] STOP to_move 1 nodes_visited 1282
[23:19:41.483] START to_move 2
[23:19:41.575] STOP to_move 2 nodes_visited 1595
[23:19:41.576] START to_move 1
[23:19:41.648] STOP to_move 1 nodes_visited 1203
[23:19:41.649] START to_move 2
[23:19:41.740] STOP to_move 2 nodes_visited 1598
[23:19:41.741] START to_move 1
[23:19:41.805] STOP to_move 1 nodes_visited 1051
[23:19:41.805] START to_move 2
[23:19:41.900] STOP to_move 2 nodes_visited 1655
[23:19:41.901] START to_move 1
[23:19:41.946] STOP to_move 1 nodes_visited 765
[23:19:41.946] START to_move 2
[23:19:42.060] STOP to_move 2 nodes_visited 1942
[23:19:42.061] START to_move 1
[23:19:42.339] STOP to_move 1 nodes_visited 4494
[23:19:42.341] START to_move 2
[23:19:42.477] STOP to_move 2 nodes_visited 2318
[23:19:42.478] START to_move 1
[23:19:42.656] STOP to_move 1 nodes_visited 2922
[23:19:42.657] START to_move 2
[23:19:42.788] STOP to_move 2 nodes_visited 2227
[23:19:42.789] START to_move 1
[23:19:42.967] STOP to_move 1 nodes_visited 2972
[23:19:42.969] START to_move 2
[23:19:43.077] STOP to_move 2 nodes_visited 1860
[23:19:43.078] START to_move 1
[23:19:43.164] STOP to_move 1 nodes_visited 1429
[23:19:43.165] START to_move 2
[23:19:43.196] STOP to_move 2 nodes_visited 563
[23:19:43.196] START to_move 1
[23:19:43.253] STOP to_move 1 nodes_visited 938
[23:19:43.253] START to_move 2
[23:19:43.270] STOP to_move 2 nodes_visited 309
[23:19:43.270] START to_move 1
[23:19:43.428] STOP to_move 1 nodes_visited 2582
[23:19:43.429] START to_move 2
[23:19:43.448] STOP to_move 2 nodes_visited 325
[23:19:43.448] START to_move 1
[23:19:43.640] STOP to_move 1 nodes_visited 3124
[23:19:43.642] START to_move 2
[23:19:43.664] STOP to_move 2 nodes_visited 387
[23:19:43.664] START to_move 1
[23:19:43.811] STOP to_move 1 nodes_visited 2457
[23:19:43.813] START to_move 2
[23:19:43.839] STOP to_move 2 nodes_visited 436
[23:19:43.839] START to_move 1
[23:19:43.884] STOP to_move 1 nodes_visited 756
[23:19:43.884] START to_move 2
[23:19:43.909] STOP to_move 2 nodes_visited 437
[23:19:43.909] START to_move 1
[23:19:44.067] STOP to_move 1 nodes_visited 2630
[23:19:44.069] START to_move 2
[23:19:44.094] STOP to_move 2 nodes_visited 457
[23:19:44.095] START to_move 1
[23:19:44.138] STOP to_move 1 nodes_visited 716
[23:19:44.138] START to_move 2
[23:19:44.163] STOP to_move 2 nodes_visited 437
[23:19:44.163] START to_move 1
[23:19:44.207] STOP to_move 1 nodes_visited 737
[23:19:44.207] START to_move 2
[23:19:44.232] STOP to_move 2 nodes_visited 440
[23:19:44.232] START to_move 1
[23:19:44.273] STOP to_move 1 nodes_visited 680
[23:19:44.273] START to_move 2
[23:19:44.297] STOP to_move 2 nodes_visited 426
[23:19:44.298] START to_move 1
[23:19:44.342] STOP to_move 1 nodes_visited 751
[23:19:44.342] START to_move 2
[23:19:44.366] STOP to_move 2 nodes_visited 432
[23:19:44.367] START to_move 1
[23:19:44.415] STOP to_move 1 nodes_visited 800
[23:19:44.416] START to_move 2
[23:19:44.440] STOP to_move 2 nodes_visited 435
[23:19:44.440] START to_move 1
[23:19:44.483] STOP to_move 1 nodes_visited 726
[23:19:44.483] START to_move 2
[23:19:44.508] STOP to_move 2 nodes_visited 437
[23:19:44.508] START to_move 1
[23:19:44.548] STOP to_move 1 nodes_visited 672
[23:19:44.548] START to_move 2
[23:19:44.686] STOP to_move 2 nodes_visited 2362
[23:19:44.687] START to_move 1
[23:19:44.734] STOP to_move 1 nodes_visited 797
[23:19:44.735] START to_move 2
[23:19:44.771] STOP to_move 2 nodes_visited 643
[23:19:44.771] START to_move 1
[23:19:44.930] STOP to_move 1 nodes_visited 2575
[23:19:44.932] START to_move 2
[23:19:44.953] STOP to_move 2 nodes_visited 374
[23:19:44.953] START to_move 1
[23:19:45.061] STOP to_move 1 nodes_visited 1806
[23:19:45.062] START to_move 2
[23:19:45.106] STOP to_move 2 nodes_visited 774
[23:19:45.107] START to_move 1
[23:19:45.223] STOP to_move 1 nodes_visited 1890
[23:19:45.224] START to_move 2
[23:19:45.244] STOP to_move 2 nodes_visited 358
[23:19:45.244] START to_move 1
[23:19:45.440] STOP to_move 1 nodes_visited 3139
[23:19:45.442] START to_move 2
[23:19:45.462] STOP to_move 2 nodes_visited 358
[23:19:45.463] START to_move 1
[23:19:45.636] STOP to_move 1 nodes_visited 2876
[23:19:45.638] START to_move 2
[23:19:45.669] STOP to_move 2 nodes_visited 558
[23:19:45.670] START to_move 1
[23:19:45.814] STOP to_move 1 nodes_visited 2350
[23:19:45.815] START to_move 2
[23:19:45.835] STOP to_move 2 nodes_visited 350
[23:19:45.835] START to_move 1
[23:19:45.976] STOP to_move 1 nodes_visited 2283
[23:19:45.978] START to_move 2
[23:19:45.996] STOP to_move 2 nodes_visited 333
[23:19:45.997] START to_move 1
[23:19:46.149] STOP to_move 1 nodes_visited 2521
[23:19:46.151] START to_move 2
[23:19:46.173] STOP to_move 2 nodes_visited 400
[23:19:46.173] START to_move 1
[23:19:46.251] STOP to_move 1 nodes_visited 1262
[23:19:46.251] START to_move 2
[23:19:46.274] STOP to_move 2 nodes_visited 400
[23:19:46.274] START to_move 1
[23:19:46.416] STOP to_move 1 nodes_visited 2333
[23:19:46.417] START to_move 2
[23:19:46.436] STOP to_move 2 nodes_visited 331
[23:19:46.436] START to_move 1
[23:19:46.487] STOP to_move 1 nodes_visited 821
[23:19:46.488] START to_move 2
[23:19:46.507] STOP to_move 2 nodes_visited 335
[23:19:46.507] START to_move 1
[23:19:46.560] STOP to_move 1 nodes_visited 890
[23:19:46.560] START to_move 2
[23:19:46.583] STOP to_move 2 nodes_visited 407
[23:19:46.584] START to_move 1
[23:19:46.642] STOP to_move 1 nodes_visited 988
[23:19:46.643] START to_move 2
[23:19:46.666] STOP to_move 2 nodes_visited 401
[23:19:46.666] START to_move 1
[23:19:46.746] STOP to_move 1 nodes_visited 1333
[23:19:46.747] START to_move 2
[23:19:46.770] STOP to_move 2 nodes_visited 388
[23:19:46.770] START to_move 1
[23:19:46.855] STOP to_move 1 nodes_visited 1417
[23:19:46.856] START to_move 2
[23:19:46.879] STOP to_move 2 nodes_visited 412
[23:19:46.879] START to_move 1
[23:19:46.959] STOP to_move 1 nodes_visited 1320
[23:19:46.959] START to_move 2
[23:19:46.980] STOP to_move 2 nodes_visited 371
[23:19:46.980] START to_move 1
[23:19:47.059] STOP to_move 1 nodes_visited 1286
[23:19:47.060] START to_move 2
[23:19:47.095] STOP to_move 2 nodes_visited 628
[23:19:47.096] START to_move 1
[23:19:47.139] STOP to_move 1 nodes_visited 733
[23:19:47.140] START to_move 2
[23:19:47.173] STOP to_move 2 nodes_visited 590
[23:19:47.174] START to_move 1
[23:19:47.244] STOP to_move 1 nodes_visited 1178
[23:19:47.245] START to_move 2
[23:19:47.276] STOP to_move 2 nodes_visited 560
[23:19:47.277] START to_move 1
[23:19:47.342] STOP to_move 1 nodes_visited 1058
[23:19:47.343] START to_move 2
[23:19:47.375] STOP to_move 2 nodes_visited 563
[23:19:47.375] START to_move 1
[23:19:47.476] STOP to_move 1 nodes_visited 1659
[23:19:47.476] START to_move 2
[23:19:47.508] STOP to_move 2 nodes_visited 548
[23:19:47.508] START to_move 1
[23:19:47.606] STOP to_move 1 nodes_visited 1589
[23:19:47.607] START to_move 2
[23:19:47.637] STOP to_move 2 nodes_visited 518
[23:19:47.637] START to_move 1
[23:19:47.692] STOP to_move 1 nodes_visited 923
[23:19:47.693] START to_move 2
[23:19:47.719] STOP to_move 2 nodes_visited 458
[23:19:47.719] START to_move 1
[23:19:47.755] STOP to_move 1 nodes_visited 598
[23:19:47.755] START to_move 2
[23:19:47.785] STOP to_move 2 nodes_visited 527
[23:19:47.786] START to_move 1
[23:19:47.809] STOP to_move 1 nodes_visited 398
[23:19:47.810] START to_move 2
[23:19:47.827] STOP to_move 2 nodes_visited 306
[23:19:47.827] START to_move 1
[23:19:47.871] STOP to_move 1 nodes_visited 701
[23:19:47.871] START to_move 2
[23:19:47.889] STOP to_move 2 nodes_visited 302
[23:19:47.889] START to_move 1
[23:19:47.931] STOP to_move 1 nodes_visited 709
[23:19:47.932] START to_move 2
[23:19:47.949] STOP to_move 2 nodes_visited 304
[23:19:47.950] START to_move 1
[23:19:47.994] STOP to_move 1 nodes_visited 741
[23:19:47.994] START to_move 2
[23:19:48.110] STOP to_move 2 nodes_visited 1982
[23:19:48.111] START to_move 1
[23:19:48.140] STOP to_move 1 nodes_visited 460
[23:19:48.140] START to_move 2
[23:19:48.157] STOP to_move 2 nodes_visited 294
[23:19:48.157] START to_move 1
[23:19:48.199] STOP to_move 1 nodes_visited 696
[23:19:48.199] START to_move 2
[23:19:48.230] STOP to_move 2 nodes_visited 540
[23:19:48.230] START to_move 1
[23:19:48.266] STOP to_move 1 nodes_visited 587
[23:19:48.266] START to_move 2
[23:19:48.282] STOP to_move 2 nodes_visited 272
[23:19:48.282] START to_move 1
[23:19:48.314] STOP to_move 1 nodes_visited 536
[23:19:48.314] START to_move 2
[23:19:48.337] STOP to_move 2 nodes_visited 389
[23:19:48.337] START to_move 1
[23:19:48.362] STOP to_move 1 nodes_visited 423
[23:19:48.362] START to_move 2
[23:19:48.376] STOP to_move 2 nodes_visited 234
[23:19:48.376] START to_move 1
[23:19:48.412] STOP to_move 1 nodes_visited 586
[23:19:48.412] START to_move 2
[23:19:48.427] STOP to_move 2 nodes_visited 238
[23:19:48.427] START to_move 1
[23:19:48.462] STOP to_move 1 nodes_visited 590
[23:19:48.463] START to_move 2
[23:19:48.477] STOP to_move 2 nodes_visited 241
[23:19:48.477] START to_move 1
[23:19:48.511] STOP to_move 1 nodes_visited 577
[23:19:48.512] START to_move 2
[23:19:48.525] STOP to_move 2 nodes_visited 241
[23:19:48.525] START to_move 1
[23:19:48.561] STOP to_move 1 nodes_visited 582
[23:19:48.561] START to_move 2
[23:19:48.572] STOP to_move 2 nodes_visited 192
[23:19:48.572] START to_move 1
[23:19:48.605] STOP to_move 1 nodes_visited 550
[23:19:48.605] START to_move 2
[23:19:48.616] STOP to_move 2 nodes_visited 186
[23:19:48.616] START to_move 1
[23:19:48.643] STOP to_move 1 nodes_visited 440
[23:19:48.643] START to_move 2
[23:19:48.654] STOP to_move 2 nodes_visited 191
[23:19:48.654] START to_move 1
[23:19:48.686] STOP to_move 1 nodes_visited 515
[23:19:48.686] START to_move 2
[23:19:48.697] STOP to_move 2 nodes_visited 190
[23:19:48.698] START to_move 1
[23:19:48.732] STOP to_move 1 nodes_visited 555
[23:19:48.732] START to_move 2
[23:19:48.748] STOP to_move 2 nodes_visited 262
[23:19:48.748] START to_move 1
[23:19:48.782] STOP to_move 1 nodes_visited 571
[23:19:48.782] START to_move 2
[23:19:48.798] STOP to_move 2 nodes_visited 272
[23:19:48.798] START to_move 1
[23:19:48.833] STOP to_move 1 nodes_visited 577
[23:19:48.833] START to_move 2
[23:19:48.848] STOP to_move 2 nodes_visited 263
[23:19:48.848] START to_move 1
[23:19:48.879] STOP to_move 1 nodes_visited 520
[23:19:48.879] START to_move 2
[23:19:48.900] STOP to_move 2 nodes_visited 356
[23:19:48.900] START to_move 1
[23:19:48.948] STOP to_move 1 nodes_visited 783
[23:19:48.948] START to_move 2
[23:19:48.969] STOP to_move 2 nodes_visited 364
[23:19:48.969] START to_move 1
[23:19:49.028] STOP to_move 1 nodes_visited 940
[23:19:49.028] START to_move 2
[23:19:49.049] STOP to_move 2 nodes_visited 364
[23:19:49.049] START to_move 1
[23:19:49.091] STOP to_move 1 nodes_visited 681
[23:19:49.091] START to_move 2
[23:19:49.171] STOP to_move 2 nodes_visited 1376
[23:19:49.172] START to_move 1
[23:19:49.208] STOP to_move 1 nodes_visited 573
[23:19:49.208] START to_move 2
[23:19:49.234] STOP to_move 2 nodes_visited 454
[23:19:49.234] START to_move 1
[23:19:49.269] STOP to_move 1 nodes_visited 555
[23:19:49.269] START to_move 2
[23:19:49.297] STOP to_move 2 nodes_visited 454
[23:19:49.297] START to_move 1
[23:19:49.331] STOP to_move 1 nodes_visited 555
[23:19:49.331] START to_move 2
[23:19:49.357] STOP to_move 2 nodes_visited 450
[23:19:49.357] START to_move 1
[23:19:49.388] STOP to_move 1 nodes_visited 494
[23:19:49.388] START to_move 2
[23:19:49.430] STOP to_move 2 nodes_visited 719
[23:19:49.431] START to_move 1
[23:19:49.455] STOP to_move 1 nodes_visited 405
[23:19:49.455] START to_move 2
[23:19:49.466] STOP to_move 2 nodes_visited 196
[23:19:49.466] START to_move 1
[23:19:49.489] STOP to_move 1 nodes_visited 395
[23:19:49.490] START to_move 2
[23:19:49.501] STOP to_move 2 nodes_visited 199
[23:19:49.501] START to_move 1
[23:19:49.525] STOP to_move 1 nodes_visited 398
[23:19:49.525] START to_move 2
[23:19:49.548] STOP to_move 2 nodes_visited 399
[23:19:49.549] START to_move 1
[23:19:49.573] STOP to_move 1 nodes_visited 413
[23:19:49.573] START to_move 2
[23:19:49.586] STOP to_move 2 nodes_visited 196
[23:19:49.586] START to_move 1
[23:19:49.608] STOP to_move 1 nodes_visited 374
[23:19:49.608] START to_move 2
[23:19:49.631] STOP to_move 2 nodes_visited 397
[23:19:49.631] START to_move 1
[23:19:49.652] STOP to_move 1 nodes_visited 350
[23:19:49.653] START to_move 2
[23:19:49.663] STOP to_move 2 nodes_visited 183
[23:19:49.663] START to_move 1
[23:19:49.681] STOP to_move 1 nodes_visited 311
[23:19:49.681] START to_move 2
[23:19:49.692] STOP to_move 2 nodes_visited 183
[23:19:49.692] START to_move 1
[23:19:49.733] STOP to_move 1 nodes_visited 687
[23:19:49.734] START to_move 2
[23:19:49.739] STOP to_move 2 nodes_visited 97
[23:19:49.739] START to_move 1
[23:19:49.748] STOP to_move 1 nodes_visited 155
[23:19:49.748] START to_move 2
[23:19:49.756] STOP to_move 2 nodes_visited 143
[23:19:49.756] START to_move 1
[23:19:49.800] STOP to_move 1 nodes_visited 733
[23:19:49.801] START to_move 2
[23:19:49.810] STOP to_move 2 nodes_visited 160
[23:19:49.810] START to_move 1
[23:19:49.855] STOP to_move 1 nodes_visited 748
[23:19:49.855] START to_move 2
[23:19:49.884] STOP to_move 2 nodes_visited 478
[23:19:49.884] START to_move 1
[23:19:49.918] STOP to_move 1 nodes_visited 562
[23:19:49.918] START to_move 2
[23:19:49.926] STOP to_move 2 nodes_visited 140
[23:19:49.926] START to_move 1
[23:19:49.959] STOP to_move 1 nodes_visited 553
[23:19:49.960] START to_move 2
[23:19:49.969] STOP to_move 2 nodes_visited 165
[23:19:49.969] START to_move 1
[23:19:49.998] STOP to_move 1 nodes_visited 475
[23:19:49.998] START to_move 2
[23:19:50.006] STOP to_move 2 nodes_visited 138
[23:19:50.006] START to_move 1
[23:19:50.030] STOP to_move 1 nodes_visited 390
[23:19:50.030] START to_move 2
[23:19:50.037] STOP to_move 2 nodes_visited 139
[23:19:50.037] START to_move 1
[23:19:50.061] STOP to_move 1 nodes_visited 398
[23:19:50.062] START to_move 2
[23:19:50.069] STOP to_move 2 nodes_visited 140
[23:19:50.069] START to_move 1
[23:19:50.093] STOP to_move 1 nodes_visited 398
[23:19:50.093] START to_move 2
[23:19:50.101] STOP to_move 2 nodes_visited 137
[23:19:50.101] START to_move 1
[23:19:50.123] STOP to_move 1 nodes_visited 379
[23:19:50.124] START to_move 2
[23:19:50.131] STOP to_move 2 nodes_visited 134
[23:19:50.131] START to_move 1
[23:19:50.150] STOP to_move 1 nodes_visited 324
[23:19:50.151] START to_move 2
[23:19:50.160] STOP to_move 2 nodes_visited 168
[23:19:50.160] START to_move 1
[23:19:50.175] STOP to_move 1 nodes_visited 242
[23:19:50.176] START to_move 2
[23:19:50.184] STOP to_move 2 nodes_visited 154
[23:19:50.184] START to_move 1
[23:19:50.198] STOP to_move 1 nodes_visited 232
[23:19:50.198] START to_move 2
[23:19:50.205] STOP to_move 2 nodes_visited 128
[23:19:50.205] START to_move 1
[23:19:50.237] STOP to_move 1 nodes_visited 522
[23:19:50.237] START to_move 2
[23:19:50.244] STOP to_move 2 nodes_visited 130
[23:19:50.244] START to_move 1
[23:19:50.275] STOP to_move 1 nodes_visited 511
[23:19:50.276] START to_move 2
[23:19:50.283] STOP to_move 2 nodes_visited 128
[23:19:50.283] START to_move 1
[23:19:50.313] STOP to_move 1 nodes_visited 510
[23:19:50.314] START to_move 2
[23:19:50.321] STOP to_move 2 nodes_visited 124
[23:19:50.321] START to_move 1
[23:19:50.350] STOP to_move 1 nodes_visited 480
[23:19:50.350] START to_move 2
[23:19:50.357] STOP to_move 2 nodes_visited 124
[23:19:50.357] START to_move 1
[23:19:50.386] STOP to_move 1 nodes_visited 479
[23:19:50.387] START to_move 2
[23:19:50.393] STOP to_move 2 nodes_visited 124
[23:19:50.394] START to_move 1
[23:19:50.409] STOP to_move 1 nodes_visited 265
[23:19:50.410] START to_move 2
[23:19:50.416] STOP to_move 2 nodes_visited 122
[23:19:50.416] START to_move 1
[23:19:50.433] STOP to_move 1 nodes_visited 270
[23:19:50.433] START to_move 2
[23:19:50.440] STOP to_move 2 nodes_visited 126
[23:19:50.440] START to_move 1
[23:19:50.455] STOP to_move 1 nodes_visited 255
[23:19:50.455] START to_move 2
[23:19:50.464] STOP to_move 2 nodes_visited 116
[23:19:50.464] START to_move 1
[23:19:50.478] STOP to_move 1 nodes_visited 240
[23:19:50.478] START to_move 2
[23:19:50.484] STOP to_move 2 nodes_visited 109
[23:19:50.484] START to_move 1
[23:19:50.492] STOP to_move 1 nodes_visited 130
[23:19:50.492] START to_move 2
[23:19:50.498] STOP to_move 2 nodes_visited 105
[23:19:50.498] START to_move 1
[23:19:50.508] STOP to_move 1 nodes_visited 163
[23:19:50.508] START to_move 2
[23:19:50.513] STOP to_move 2 nodes_visited 92
[23:19:50.513] START to_move 1
[23:19:50.519] STOP to_move 1 nodes_visited 102
[23:19:50.519] START to_move 2
[23:19:50.524] STOP to_move 2 nodes_visited 94
[23:19:50.524] START to_move 1
[23:19:50.530] STOP to_move 1 nodes_visited 101
[23:19:50.530] START to_move 2
[23:19:50.536] STOP to_move 2 nodes_visited 96
[23:19:50.536] START to_move 1
[23:19:50.542] STOP to_move 1 nodes_visited 101
[23:19:50.542] START to_move 2
[23:19:50.547] STOP to_move 2 nodes_visited 96
[23:19:50.547] START to_move 1
[23:19:50.553] STOP to_move 1 nodes_visited 99
[23:19:50.553] START to_move 2
[23:19:50.558] STOP to_move 2 nodes_visited 94
[23:19:50.558] START to_move 1
[23:19:50.564] STOP to_move 1 nodes_visited 91
[23:19:50.564] START to_move 2
[23:19:50.569] STOP to_move 2 nodes_visited 94
[23:19:50.569] START to_move 1
[23:19:50.574] STOP to_move 1 nodes_visited 87
[23:19:50.574] START to_move 2
[23:19:50.579] STOP to_move 2 nodes_visited 90
[23:19:50.579] START to_move 1
[23:19:50.589] STOP to_move 1 nodes_visited 157
[23:19:50.589] START to_move 2
[23:19:50.594] STOP to_move 2 nodes_visited 92
[23:19:50.594] START to_move 1
[23:19:50.606] STOP to_move 1 nodes_visited 207
[23:19:50.606] START to_move 2
[23:19:50.611] STOP to_move 2 nodes_visited 83
[23:19:50.611] START to_move 1
[23:19:50.611] STOP to_move 1 nodes_visited 6
[23:19:50.611] END winner 1 - rounds 249
