[21:57:44.423] 1 - distance_function euclides - pruning True
[21:57:44.424] 2 - distance_function chebyshev - pruning True
[21:57:44.424] START to_move 1
[21:57:44.547] STOP to_move 1 nodes_visited 1998
[21:57:44.548] START to_move 2
[21:57:44.721] STOP to_move 2 nodes_visited 2598
[21:57:44.723] START to_move 1
[21:57:44.867] STOP to_move 1 nodes_visited 2375
[21:57:44.869] START to_move 2
[21:57:44.941] STOP to_move 2 nodes_visited 1095
[21:57:44.941] START to_move 1
[21:57:45.005] STOP to_move 1 nodes_visited 1045
[21:57:45.005] START to_move 2
[21:57:45.170] STOP to_move 2 nodes_visited 2615
[21:57:45.172] START to_move 1
[21:57:45.255] STOP to_move 1 nodes_visited 1351
[21:57:45.256] START to_move 2
[21:57:45.349] STOP to_move 2 nodes_visited 1471
[21:57:45.350] START to_move 1
[21:57:45.454] STOP to_move 1 nodes_visited 1657
[21:57:45.455] START to_move 2
[21:57:45.530] STOP to_move 2 nodes_visited 1179
[21:57:45.530] START to_move 1
[21:57:45.656] STOP to_move 1 nodes_visited 2013
[21:57:45.657] START to_move 2
[21:57:45.910] STOP to_move 2 nodes_visited 3932
[21:57:45.913] START to_move 1
[21:57:46.021] STOP to_move 1 nodes_visited 1692
[21:57:46.022] START to_move 2
[21:57:46.292] STOP to_move 2 nodes_visited 4209
[21:57:46.295] START to_move 1
[21:57:46.397] STOP to_move 1 nodes_visited 1643
[21:57:46.398] START to_move 2
[21:57:46.665] STOP to_move 2 nodes_visited 4165
[21:57:46.668] START to_move 1
[21:57:46.776] STOP to_move 1 nodes_visited 1748
[21:57:46.777] START to_move 2
[21:57:47.048] STOP to_move 2 nodes_visited 4211
[21:57:47.050] START to_move 1
[21:57:47.155] STOP to_move 1 nodes_visited 1679
[21:57:47.156] START to_move 2
[21:57:47.425] STOP to_move 2 nodes_visited 4152
[21:57:47.428] START to_move 1
[21:57:47.534] STOP to_move 1 nodes_visited 1731
[21:57:47.535] START to_move 2
[21:57:47.810] STOP to_move 2 nodes_visited 4240
[21:57:47.813] START to_move 1
[21:57:47.938] STOP to_move 1 nodes_visited 1988
[21:57:47.939] START to_move 2
[21:57:48.229] STOP to_move 2 nodes_visited 4459
[21:57:48.232] START to_move 1
[21:57:48.321] STOP to_move 1 nodes_visited 1486
[21:57:48.322] START to_move 2
[21:57:48.635] STOP to_move 2 nodes_visited 4823
[21:57:48.638] START to_move 1
[21:57:48.720] STOP to_move 1 nodes_visited 1322
[21:57:48.721] START to_move 2
[21:57:48.851] STOP to_move 2 nodes_visited 2084
[21:57:48.852] START to_move 1
[21:57:49.074] STOP to_move 1 nodes_visited 3439
[21:57:49.076] START to_move 2
[21:57:49.205] STOP to_move 2 nodes_visited 2053
[21:57:49.206] START to_move 1
[21:57:49.333] STOP to_move 1 nodes_visited 1972
[21:57:49.334] START to_move 2
[21:57:49.531] STOP to_move 2 nodes_visited 3085
[21:57:49.533] START to_move 1
[21:57:49.597] STOP to_move 1 nodes_visited 1031
[21:57:49.598] START to_move 2
[21:57:49.650] STOP to_move 2 nodes_visited 854
[21:57:49.651] START to_move 1
[21:57:49.745] STOP to_move 1 nodes_visited 1504
[21:57:49.746] START to_move 2
[21:57:49.843] STOP to_move 2 nodes_visited 1514
[21:57:49.844] START to_move 1
[21:57:49.931] STOP to_move 1 nodes_visited 1374
[21:57:49.932] START to_move 2
[21:57:50.043] STOP to_move 2 nodes_visited 1757
[21:57:50.044] START to_move 1
[21:57:50.153] STOP to_move 1 nodes_visited 1656
[21:57:50.154] START to_move 2
[21:57:50.254] STOP to_move 2 nodes_visited 1588
[21:57:50.255] START to_move 1
[21:57:50.368] STOP to_move 1 nodes_visited 1707
[21:57:50.369] START to_move 2
[21:57:50.466] STOP to_move 2 nodes_visited 1542
[21:57:50.467] START to_move 1
[21:57:50.584] STOP to_move 1 nodes_visited 1797
[21:57:50.585] START to_move 2
[21:57:50.684] STOP to_move 2 nodes_visited 1528
[21:57:50.684] START to_move 1
[21:57:50.802] STOP to_move 1 nodes_visited 1801
[21:57:50.803] START to_move 2
[21:57:50.903] STOP to_move 2 nodes_visited 1544
[21:57:50.904] START to_move 1
[21:57:50.991] STOP to_move 1 nodes_visited 1426
[21:57:50.991] START to_move 2
[21:57:51.015] STOP to_move 2 nodes_visited 398
[21:57:51.016] START to_move 1
[21:57:51.143] STOP to_move 1 nodes_visited 2060
[21:57:51.145] START to_move 2
[21:57:51.315] STOP to_move 2 nodes_visited 2674
[21:57:51.317] START to_move 1
[21:57:51.389] STOP to_move 1 nodes_visited 1189
[21:57:51.389] START to_move 2
[21:57:51.413] STOP to_move 2 nodes_visited 392
[21:57:51.413] START to_move 1
[21:57:51.478] STOP to_move 1 nodes_visited 1053
[21:57:51.479] START to_move 2
[21:57:51.587] STOP to_move 2 nodes_visited 1738
[21:57:51.588] START to_move 1
[21:57:51.648] STOP to_move 1 nodes_visited 1011
[21:57:51.649] START to_move 2
[21:57:51.752] STOP to_move 2 nodes_visited 1614
[21:57:51.752] START to_move 1
[21:57:51.816] STOP to_move 1 nodes_visited 1058
[21:57:51.816] START to_move 2
[21:57:51.956] STOP to_move 2 nodes_visited 2265
[21:57:51.958] START to_move 1
[21:57:52.025] STOP to_move 1 nodes_visited 1091
[21:57:52.026] START to_move 2
[21:57:52.187] STOP to_move 2 nodes_visited 2596
[21:57:52.189] START to_move 1
[21:57:52.252] STOP to_move 1 nodes_visited 1022
[21:57:52.253] START to_move 2
[21:57:52.346] STOP to_move 2 nodes_visited 1507
[21:57:52.347] START to_move 1
[21:57:52.435] STOP to_move 1 nodes_visited 1476
[21:57:52.436] START to_move 2
[21:57:52.546] STOP to_move 2 nodes_visited 1754
[21:57:52.547] START to_move 1
[21:57:52.739] STOP to_move 1 nodes_visited 3177
[21:57:52.741] START to_move 2
[21:57:52.849] STOP to_move 2 nodes_visited 1713
[21:57:52.850] START to_move 1
[21:57:52.956] STOP to_move 1 nodes_visited 1785
[21:57:52.957] START to_move 2
[21:57:53.062] STOP to_move 2 nodes_visited 1648
[21:57:53.063] START to_move 1
[21:57:53.135] STOP to_move 1 nodes_visited 1200
[21:57:53.136] START to_move 2
[21:57:53.225] STOP to_move 2 nodes_visited 1451
[21:57:53.226] START to_move 1
[21:57:53.301] STOP to_move 1 nodes_visited 1256
[21:57:53.301] START to_move 2
[21:57:53.394] STOP to_move 2 nodes_visited 1471
[21:57:53.394] START to_move 1
[21:57:53.554] STOP to_move 1 nodes_visited 2639
[21:57:53.555] START to_move 2
[21:57:53.647] STOP to_move 2 nodes_visited 1465
[21:57:53.648] START to_move 1
[21:57:53.841] STOP to_move 1 nodes_visited 3067
[21:57:53.843] START to_move 2
[21:57:53.946] STOP to_move 2 nodes_visited 1669
[21:57:53.947] START to_move 1
[21:57:54.147] STOP to_move 1 nodes_visited 3164
[21:57:54.149] START to_move 2
[21:57:54.247] STOP to_move 2 nodes_visited 1588
[21:57:54.248] START to_move 1
[21:57:54.433] STOP to_move 1 nodes_visited 2933
[21:57:54.434] START to_move 2
[21:57:54.526] STOP to_move 2 nodes_visited 1472
[21:57:54.527] START to_move 1
[21:57:54.734] STOP to_move 1 nodes_visited 3292
[21:57:54.737] START to_move 2
[21:57:54.824] STOP to_move 2 nodes_visited 1407
[21:57:54.825] START to_move 1
[21:57:55.102] STOP to_move 1 nodes_visited 4413
[21:57:55.105] START to_move 2
[21:57:55.194] STOP to_move 2 nodes_visited 1388
[21:57:55.195] START to_move 1
[21:57:55.340] STOP to_move 1 nodes_visited 2367
[21:57:55.342] START to_move 2
[21:57:55.433] STOP to_move 2 nodes_visited 1472
[21:57:55.433] START to_move 1
[21:57:55.610] STOP to_move 1 nodes_visited 2843
[21:57:55.611] START to_move 2
[21:57:55.705] STOP to_move 2 nodes_visited 1473
[21:57:55.706] START to_move 1
[21:57:55.828] STOP to_move 1 nodes_visited 2011
[21:57:55.829] START to_move 2
[21:57:55.952] STOP to_move 2 nodes_visited 1966
[21:57:55.953] START to_move 1
[21:57:56.142] STOP to_move 1 nodes_visited 3038
[21:57:56.144] START to_move 2
[21:57:56.266] STOP to_move 2 nodes_visited 1933
[21:57:56.267] START to_move 1
[21:57:56.436] STOP to_move 1 nodes_visited 2755
[21:57:56.437] START to_move 2
[21:57:56.591] STOP to_move 2 nodes_visited 2426
[21:57:56.592] START to_move 1
[21:57:56.776] STOP to_move 1 nodes_visited 2932
[21:57:56.777] START to_move 2
[21:57:56.796] STOP to_move 2 nodes_visited 319
[21:57:56.797] START to_move 1
[21:57:56.977] STOP to_move 1 nodes_visited 2917
[21:57:56.978] START to_move 2
[21:57:56.995] STOP to_move 2 nodes_visited 281
[21:57:56.995] START to_move 1
[21:57:57.169] STOP to_move 1 nodes_visited 2789
[21:57:57.170] START to_move 2
[21:57:57.188] STOP to_move 2 nodes_visited 300
[21:57:57.189] START to_move 1
[21:57:57.261] STOP to_move 1 nodes_visited 1197
[21:57:57.262] START to_move 2
[21:57:57.280] STOP to_move 2 nodes_visited 294
[21:57:57.280] START to_move 1
[21:57:57.389] STOP to_move 1 nodes_visited 1745
[21:57:57.389] START to_move 2
[21:57:57.407] STOP to_move 2 nodes_visited 292
[21:57:57.407] START to_move 1
[21:57:57.595] STOP to_move 1 nodes_visited 2955
[21:57:57.596] START to_move 2
[21:57:57.637] STOP to_move 2 nodes_visited 661
[21:57:57.637] START to_move 1
[21:57:57.821] STOP to_move 1 nodes_visited 2981
[21:57:57.823] START to_move 2
[21:57:57.842] STOP to_move 2 nodes_visited 299
[21:57:57.843] START to_move 1
[21:57:57.994] STOP to_move 1 nodes_visited 2462
[21:57:57.995] START to_move 2
[21:57:58.013] STOP to_move 2 nodes_visited 302
[21:57:58.013] START to_move 1
[21:57:58.168] STOP to_move 1 nodes_visited 2478
[21:57:58.170] START to_move 2
[21:57:58.188] STOP to_move 2 nodes_visited 306
[21:57:58.188] START to_move 1
[21:57:58.347] STOP to_move 1 nodes_visited 2590
[21:57:58.348] START to_move 2
[21:57:58.368] STOP to_move 2 nodes_visited 320
[21:57:58.369] START to_move 1
[21:57:58.526] STOP to_move 1 nodes_visited 2565
[21:57:58.528] START to_move 2
[21:57:58.543] STOP to_move 2 nodes_visited 253
[21:57:58.543] START to_move 1
[21:57:58.680] STOP to_move 1 nodes_visited 2194
[21:57:58.681] START to_move 2
[21:57:58.700] STOP to_move 2 nodes_visited 307
[21:57:58.700] START to_move 1
[21:57:58.762] STOP to_move 1 nodes_visited 1031
[21:57:58.763] START to_move 2
[21:57:58.781] STOP to_move 2 nodes_visited 293
[21:57:58.781] START to_move 1
[21:57:58.915] STOP to_move 1 nodes_visited 2117
[21:57:58.916] START to_move 2
[21:57:59.029] STOP to_move 2 nodes_visited 1791
[21:57:59.029] START to_move 1
[21:57:59.129] STOP to_move 1 nodes_visited 1614
[21:57:59.130] START to_move 2
[21:57:59.147] STOP to_move 2 nodes_visited 285
[21:57:59.148] START to_move 1
[21:57:59.248] STOP to_move 1 nodes_visited 1607
[21:57:59.249] START to_move 2
[21:57:59.271] STOP to_move 2 nodes_visited 355
[21:57:59.271] START to_move 1
[21:57:59.373] STOP to_move 1 nodes_visited 1668
[21:57:59.374] START to_move 2
[21:57:59.416] STOP to_move 2 nodes_visited 690
[21:57:59.417] START to_move 1
[21:57:59.498] STOP to_move 1 nodes_visited 1320
[21:57:59.499] START to_move 2
[21:57:59.520] STOP to_move 2 nodes_visited 352
[21:57:59.520] START to_move 1
[21:57:59.615] STOP to_move 1 nodes_visited 1556
[21:57:59.616] START to_move 2
[21:57:59.638] STOP to_move 2 nodes_visited 360
[21:57:59.638] START to_move 1
[21:57:59.732] STOP to_move 1 nodes_visited 1476
[21:57:59.732] START to_move 2
[21:57:59.754] STOP to_move 2 nodes_visited 360
[21:57:59.754] START to_move 1
[21:57:59.842] STOP to_move 1 nodes_visited 1429
[21:57:59.843] START to_move 2
[21:57:59.864] STOP to_move 2 nodes_visited 360
[21:57:59.865] START to_move 1
[21:57:59.937] STOP to_move 1 nodes_visited 1199
[21:57:59.938] START to_move 2
[21:57:59.959] STOP to_move 2 nodes_visited 347
[21:57:59.959] START to_move 1
[21:58:00.065] STOP to_move 1 nodes_visited 1660
[21:58:00.066] START to_move 2
[21:58:00.087] STOP to_move 2 nodes_visited 338
[21:58:00.087] START to_move 1
[21:58:00.174] STOP to_move 1 nodes_visited 1414
[21:58:00.175] START to_move 2
[21:58:00.206] STOP to_move 2 nodes_visited 503
[21:58:00.207] START to_move 1
[21:58:00.291] STOP to_move 1 nodes_visited 1343
[21:58:00.292] START to_move 2
[21:58:00.310] STOP to_move 2 nodes_visited 303
[21:58:00.311] START to_move 1
[21:58:00.405] STOP to_move 1 nodes_visited 1526
[21:58:00.405] START to_move 2
[21:58:00.424] STOP to_move 2 nodes_visited 307
[21:58:00.424] START to_move 1
[21:58:00.520] STOP to_move 1 nodes_visited 1570
[21:58:00.521] START to_move 2
[21:58:00.540] STOP to_move 2 nodes_visited 314
[21:58:00.541] START to_move 1
[21:58:00.646] STOP to_move 1 nodes_visited 1732
[21:58:00.647] START to_move 2
[21:58:00.666] STOP to_move 2 nodes_visited 325
[21:58:00.666] START to_move 1
[21:58:00.763] STOP to_move 1 nodes_visited 1576
[21:58:00.764] START to_move 2
[21:58:00.783] STOP to_move 2 nodes_visited 322
[21:58:00.784] START to_move 1
[21:58:00.873] STOP to_move 1 nodes_visited 1430
[21:58:00.874] START to_move 2
[21:58:00.894] STOP to_move 2 nodes_visited 329
[21:58:00.894] START to_move 1
[21:58:01.018] STOP to_move 1 nodes_visited 1974
[21:58:01.019] START to_move 2
[21:58:01.039] STOP to_move 2 nodes_visited 327
[21:58:01.039] START to_move 1
[21:58:01.172] STOP to_move 1 nodes_visited 2060
[21:58:01.173] START to_move 2
[21:58:01.193] STOP to_move 2 nodes_visited 327
[21:58:01.193] START to_move 1
[21:58:01.229] STOP to_move 1 nodes_visited 614
[21:58:01.230] START to_move 2
[21:58:01.250] STOP to_move 2 nodes_visited 334
[21:58:01.250] START to_move 1
[21:58:01.364] STOP to_move 1 nodes_visited 1889
[21:58:01.365] START to_move 2
[21:58:01.386] STOP to_move 2 nodes_visited 323
[21:58:01.386] START to_move 1
[21:58:01.511] STOP to_move 1 nodes_visited 2064
[21:58:01.512] START to_move 2
[21:58:01.533] STOP to_move 2 nodes_visited 332
[21:58:01.533] START to_move 1
[21:58:01.660] STOP to_move 1 nodes_visited 2064
[21:58:01.661] START to_move 2
[21:58:01.696] STOP to_move 2 nodes_visited 574
[21:58:01.697] START to_move 1
[21:58:01.817] STOP to_move 1 nodes_visited 1999
[21:58:01.818] START to_move 2
[21:58:01.836] STOP to_move 2 nodes_visited 299
[21:58:01.837] START to_move 1
[21:58:01.943] STOP to_move 1 nodes_visited 1718
[21:58:01.944] START to_move 2
[21:58:01.962] STOP to_move 2 nodes_visited 315
[21:58:01.963] START to_move 1
[21:58:02.036] STOP to_move 1 nodes_visited 1218
[21:58:02.037] START to_move 2
[21:58:02.059] STOP to_move 2 nodes_visited 378
[21:58:02.060] START to_move 1
[21:58:02.135] STOP to_move 1 nodes_visited 1226
[21:58:02.136] START to_move 2
[21:58:02.161] STOP to_move 2 nodes_visited 410
[21:58:02.161] START to_move 1
[21:58:02.231] STOP to_move 1 nodes_visited 1124
[21:58:02.232] START to_move 2
[21:58:02.254] STOP to_move 2 nodes_visited 373
[21:58:02.254] START to_move 1
[21:58:02.322] STOP to_move 1 nodes_visited 1091
[21:58:02.322] START to_move 2
[21:58:02.353] STOP to_move 2 nodes_visited 503
[21:58:02.353] START to_move 1
[21:58:02.406] STOP to_move 1 nodes_visited 854
[21:58:02.407] START to_move 2
[21:58:02.424] STOP to_move 2 nodes_visited 285
[21:58:02.424] START to_move 1
[21:58:02.476] STOP to_move 1 nodes_visited 847
[21:58:02.477] START to_move 2
[21:58:02.495] STOP to_move 2 nodes_visited 275
[21:58:02.495] START to_move 1
[21:58:02.540] STOP to_move 1 nodes_visited 726
[21:58:02.540] START to_move 2
[21:58:02.566] STOP to_move 2 nodes_visited 421
[21:58:02.566] START to_move 1
[21:58:02.603] STOP to_move 1 nodes_visited 599
[21:58:02.603] START to_move 2
[21:58:02.611] STOP to_move 2 nodes_visited 136
[21:58:02.611] START to_move 1
[21:58:02.628] STOP to_move 1 nodes_visited 269
[21:58:02.628] START to_move 2
[21:58:02.635] STOP to_move 2 nodes_visited 123
[21:58:02.635] START to_move 1
[21:58:02.640] STOP to_move 1 nodes_visited 77
[21:58:02.640] START to_move 2
[21:58:02.655] STOP to_move 2 nodes_visited 245
[21:58:02.655] START to_move 1
[21:58:02.716] STOP to_move 1 nodes_visited 971
[21:58:02.716] START to_move 2
[21:58:02.731] STOP to_move 2 nodes_visited 249
[21:58:02.732] START to_move 1
[21:58:02.794] STOP to_move 1 nodes_visited 987
[21:58:02.794] START to_move 2
[21:58:02.826] STOP to_move 2 nodes_visited 521
[21:58:02.827] START to_move 1
[21:58:02.891] STOP to_move 1 nodes_visited 1049
[21:58:02.891] START to_move 2
[21:58:02.923] STOP to_move 2 nodes_visited 521
[21:58:02.924] START to_move 1
[21:58:02.990] STOP to_move 1 nodes_visited 1071
[21:58:02.990] START to_move 2
[21:58:03.024] STOP to_move 2 nodes_visited 545
[21:58:03.024] START to_move 1
[21:58:03.048] STOP to_move 1 nodes_visited 402
[21:58:03.049] START to_move 2
[21:58:03.056] STOP to_move 2 nodes_visited 131
[21:58:03.056] START to_move 1
[21:58:03.061] STOP to_move 1 nodes_visited 76
[21:58:03.061] START to_move 2
[21:58:03.069] STOP to_move 2 nodes_visited 129
[21:58:03.070] START to_move 1
[21:58:03.074] STOP to_move 1 nodes_visited 75
[21:58:03.074] START to_move 2
[21:58:03.081] STOP to_move 2 nodes_visited 127
[21:58:03.081] START to_move 1
[21:58:03.086] STOP to_move 1 nodes_visited 75
[21:58:03.086] START to_move 2
[21:58:03.093] STOP to_move 2 nodes_visited 121
[21:58:03.093] START to_move 1
[21:58:03.097] STOP to_move 1 nodes_visited 73
[21:58:03.097] START to_move 2
[21:58:03.105] STOP to_move 2 nodes_visited 119
[21:58:03.105] START to_move 1
[21:58:03.109] STOP to_move 1 nodes_visited 70
[21:58:03.109] START to_move 2
[21:58:03.116] STOP to_move 2 nodes_visited 117
[21:58:03.116] START to_move 1
[21:58:03.120] STOP to_move 1 nodes_visited 70
[21:58:03.120] START to_move 2
[21:58:03.127] STOP to_move 2 nodes_visited 117
[21:58:03.128] START to_move 1
[21:58:03.132] STOP to_move 1 nodes_visited 70
[21:58:03.132] START to_move 2
[21:58:03.138] STOP to_move 2 nodes_visited 117
[21:58:03.138] START to_move 1
[21:58:03.142] STOP to_move 1 nodes_visited 68
[21:58:03.142] START to_move 2
[21:58:03.149] STOP to_move 2 nodes_visited 119
[21:58:03.150] START to_move 1
[21:58:03.154] STOP to_move 1 nodes_visited 68
[21:58:03.154] START to_move 2
[21:58:03.160] STOP to_move 2 nodes_visited 117
[21:58:03.160] START to_move 1
[21:58:03.164] STOP to_move 1 nodes_visited 69
[21:58:03.164] START to_move 2
[21:58:03.171] STOP to_move 2 nodes_visited 123
[21:58:03.172] START to_move 1
[21:58:03.175] STOP to_move 1 nodes_visited 67
[21:58:03.176] START to_move 2
[21:58:03.182] STOP to_move 2 nodes_visited 119
[21:58:03.182] START to_move 1
[21:58:03.186] STOP to_move 1 nodes_visited 67
[21:58:03.186] START to_move 2
[21:58:03.193] STOP to_move 2 nodes_visited 119
[21:58:03.193] START to_move 1
[21:58:03.197] STOP to_move 1 nodes_visited 68
[21:58:03.197] START to_move 2
[21:58:03.204] STOP to_move 2 nodes_visited 121
[21:58:03.204] START to_move 1
[21:58:03.208] STOP to_move 1 nodes_visited 66
[21:58:03.208] START to_move 2
[21:58:03.215] STOP to_move 2 nodes_visited 115
[21:58:03.215] START to_move 1
[21:58:03.270] STOP to_move 1 nodes_visited 925
[21:58:03.271] START to_move 2
[21:58:03.280] STOP to_move 2 nodes_visited 155
[21:58:03.280] START to_move 1
[21:58:03.302] STOP to_move 1 nodes_visited 369
[21:58:03.302] START to_move 2
[21:58:03.317] STOP to_move 2 nodes_visited 241
[21:58:03.317] START to_move 1
[21:58:03.343] STOP to_move 1 nodes_visited 431
[21:58:03.343] START to_move 2
[21:58:03.358] STOP to_move 2 nodes_visited 241
[21:58:03.358] START to_move 1
[21:58:03.385] STOP to_move 1 nodes_visited 436
[21:58:03.385] START to_move 2
[21:58:03.403] STOP to_move 2 nodes_visited 291
[21:58:03.403] START to_move 1
[21:58:03.426] STOP to_move 1 nodes_visited 385
[21:58:03.426] START to_move 2
[21:58:03.449] STOP to_move 2 nodes_visited 367
[21:58:03.449] START to_move 1
[21:58:03.467] STOP to_move 1 nodes_visited 309
[21:58:03.468] START to_move 2
[21:58:03.486] STOP to_move 2 nodes_visited 302
[21:58:03.486] START to_move 1
[21:58:03.507] STOP to_move 1 nodes_visited 350
[21:58:03.507] START to_move 2
[21:58:03.526] STOP to_move 2 nodes_visited 309
[21:58:03.528] START to_move 1
[21:58:03.549] STOP to_move 1 nodes_visited 352
[21:58:03.549] START to_move 2
[21:58:03.568] STOP to_move 2 nodes_visited 310
[21:58:03.568] START to_move 1
[21:58:03.589] STOP to_move 1 nodes_visited 357
[21:58:03.590] START to_move 2
[21:58:03.607] STOP to_move 2 nodes_visited 290
[21:58:03.608] START to_move 1
[21:58:03.625] STOP to_move 1 nodes_visited 297
[21:58:03.625] START to_move 2
[21:58:03.643] STOP to_move 2 nodes_visited 290
[21:58:03.643] START to_move 1
[21:58:03.679] STOP to_move 1 nodes_visited 581
[21:58:03.679] START to_move 2
[21:58:03.690] STOP to_move 2 nodes_visited 171
[21:58:03.690] START to_move 1
[21:58:03.717] STOP to_move 1 nodes_visited 448
[21:58:03.717] START to_move 2
[21:58:03.731] STOP to_move 2 nodes_visited 235
[21:58:03.731] START to_move 1
[21:58:03.762] STOP to_move 1 nodes_visited 506
[21:58:03.762] START to_move 2
[21:58:03.776] STOP to_move 2 nodes_visited 235
[21:58:03.776] START to_move 1
[21:58:03.818] STOP to_move 1 nodes_visited 682
[21:58:03.819] START to_move 2
[21:58:03.833] STOP to_move 2 nodes_visited 237
[21:58:03.833] START to_move 1
[21:58:03.874] STOP to_move 1 nodes_visited 669
[21:58:03.874] START to_move 2
[21:58:03.887] STOP to_move 2 nodes_visited 222
[21:58:03.888] START to_move 1
[21:58:03.926] STOP to_move 1 nodes_visited 631
[21:58:03.926] START to_move 2
[21:58:03.938] STOP to_move 2 nodes_visited 200
[21:58:03.938] START to_move 1
[21:58:03.966] STOP to_move 1 nodes_visited 431
[21:58:03.967] START to_move 2
[21:58:03.978] STOP to_move 2 nodes_visited 194
[21:58:03.979] START to_move 1
[21:58:04.005] STOP to_move 1 nodes_visited 431
[21:58:04.005] START to_move 2
[21:58:04.017] STOP to_move 2 nodes_visited 194
[21:58:04.017] START to_move 1
[21:58:04.044] STOP to_move 1 nodes_visited 431
[21:58:04.044] START to_move 2
[21:58:04.056] STOP to_move 2 nodes_visited 188
[21:58:04.056] START to_move 1
[21:58:04.075] STOP to_move 1 nodes_visited 311
[21:58:04.075] START to_move 2
[21:58:04.086] STOP to_move 2 nodes_visited 184
[21:58:04.086] START to_move 1
[21:58:04.110] STOP to_move 1 nodes_visited 406
[21:58:04.110] START to_move 2
[21:58:04.121] STOP to_move 2 nodes_visited 184
[21:58:04.121] START to_move 1
[21:58:04.145] STOP to_move 1 nodes_visited 406
[21:58:04.145] START to_move 2
[21:58:04.153] STOP to_move 2 nodes_visited 124
[21:58:04.153] START to_move 1
[21:58:04.172] STOP to_move 1 nodes_visited 311
[21:58:04.172] START to_move 2
[21:58:04.179] STOP to_move 2 nodes_visited 124
[21:58:04.179] START to_move 1
[21:58:04.200] STOP to_move 1 nodes_visited 357
[21:58:04.200] START to_move 2
[21:58:04.213] STOP to_move 2 nodes_visited 207
[21:58:04.213] START to_move 1
[21:58:04.232] STOP to_move 1 nodes_visited 324
[21:58:04.232] START to_move 2
[21:58:04.239] STOP to_move 2 nodes_visited 118
[21:58:04.239] START to_move 1
[21:58:04.250] STOP to_move 1 nodes_visited 191
[21:58:04.250] START to_move 2
[21:58:04.257] STOP to_move 2 nodes_visited 120
[21:58:04.257] START to_move 1
[21:58:04.273] STOP to_move 1 nodes_visited 243
[21:58:04.273] START to_move 2
[21:58:04.280] STOP to_move 2 nodes_visited 116
[21:58:04.280] START to_move 1
[21:58:04.291] STOP to_move 1 nodes_visited 188
[21:58:04.291] START to_move 2
[21:58:04.298] STOP to_move 2 nodes_visited 110
[21:58:04.298] START to_move 1
[21:58:04.316] STOP to_move 1 nodes_visited 297
[21:58:04.316] START to_move 2
[21:58:04.323] STOP to_move 2 nodes_visited 114
[21:58:04.323] START to_move 1
[21:58:04.338] STOP to_move 1 nodes_visited 247
[21:58:04.338] START to_move 2
[21:58:04.344] STOP to_move 2 nodes_visited 114
[21:58:04.344] START to_move 1
[21:58:04.360] STOP to_move 1 nodes_visited 267
[21:58:04.360] START to_move 2
[21:58:04.367] STOP to_move 2 nodes_visited 110
[21:58:04.367] START to_move 1
[21:58:04.380] STOP to_move 1 nodes_visited 217
[21:58:04.380] START to_move 2
[21:58:04.386] STOP to_move 2 nodes_visited 98
[21:58:04.386] START to_move 1
[21:58:04.400] STOP to_move 1 nodes_visited 241
[21:58:04.400] START to_move 2
[21:58:04.406] STOP to_move 2 nodes_visited 96
[21:58:04.406] START to_move 1
[21:58:04.415] STOP to_move 1 nodes_visited 166
[21:58:04.416] START to_move 2
[21:58:04.421] STOP to_move 2 nodes_visited 96
[21:58:04.421] START to_move 1
[21:58:04.435] STOP to_move 1 nodes_visited 231
[21:58:04.435] START to_move 2
[21:58:04.441] STOP to_move 2 nodes_visited 92
[21:58:04.441] START to_move 1
[21:58:04.450] STOP to_move 1 nodes_visited 159
[21:58:04.450] START to_move 2
[21:58:04.455] STOP to_move 2 nodes_visited 92
[21:58:04.455] START to_move 1
[21:58:04.471] STOP to_move 1 nodes_visited 259
[21:58:04.471] START to_move 2
[21:58:04.477] STOP to_move 2 nodes_visited 92
[21:58:04.477] START to_move 1
[21:58:04.489] STOP to_move 1 nodes_visited 205
[21:58:04.489] START to_move 2
[21:58:04.494] STOP to_move 2 nodes_visited 90
[21:58:04.494] START to_move 1
[21:58:04.504] STOP to_move 1 nodes_visited 173
[21:58:04.505] START to_move 2
[21:58:04.510] STOP to_move 2 nodes_visited 90
[21:58:04.510] START to_move 1
[21:58:04.519] STOP to_move 1 nodes_visited 155
[21:58:04.519] START to_move 2
[21:58:04.525] STOP to_move 2 nodes_visited 90
[21:58:04.525] START to_move 1
[21:58:04.535] STOP to_move 1 nodes_visited 173
[21:58:04.535] START to_move 2
[21:58:04.540] STOP to_move 2 nodes_visited 90
[21:58:04.540] START to_move 1
[21:58:04.550] STOP to_move 1 nodes_visited 154
[21:58:04.550] START to_move 2
[21:58:04.554] STOP to_move 2 nodes_visited 79
[21:58:04.555] START to_move 1
[21:58:04.563] STOP to_move 1 nodes_visited 150
[21:58:04.564] START to_move 2
[21:58:04.574] STOP to_move 2 nodes_visited 166
[21:58:04.574] START to_move 1
[21:58:04.584] STOP to_move 1 nodes_visited 152
[21:58:04.584] START to_move 2
[21:58:04.589] STOP to_move 2 nodes_visited 77
[21:58:04.589] START to_move 1
[21:58:04.595] STOP to_move 1 nodes_visited 106
[21:58:04.595] START to_move 2
[21:58:04.599] STOP to_move 2 nodes_visited 62
[21:58:04.600] START to_move 1
[21:58:04.602] STOP to_move 1 nodes_visited 40
[21:58:04.602] START to_move 2
[21:58:04.607] STOP to_move 2 nodes_visited 75
[21:58:04.607] START to_move 1
[21:58:04.615] STOP to_move 1 nodes_visited 141
[21:58:04.615] START to_move 2
[21:58:04.624] STOP to_move 2 nodes_visited 137
[21:58:04.624] START to_move 1
[21:58:04.629] STOP to_move 1 nodes_visited 86
[21:58:04.629] END winner 1 - rounds 323
