[22:48:27.598] 1 - distance_function euclides - pruning True
[22:48:27.598] 2 - distance_function manhattan - pruning True
[22:48:27.598] START to_move 1
[22:48:27.733] STOP to_move 1 nodes_visited 2149
[22:48:27.734] START to_move 2
[22:48:28.018] STOP to_move 2 nodes_visited 4696
[22:48:28.021] START to_move 1
[22:48:28.139] STOP to_move 1 nodes_visited 1859
[22:48:28.140] START to_move 2
[22:48:28.413] STOP to_move 2 nodes_visited 4528
[22:48:28.416] START to_move 1
[22:48:28.535] STOP to_move 1 nodes_visited 1932
[22:48:28.536] START to_move 2
[22:48:28.727] STOP to_move 2 nodes_visited 3238
[22:48:28.729] START to_move 1
[22:48:28.783] STOP to_move 1 nodes_visited 876
[22:48:28.784] START to_move 2
[22:48:28.875] STOP to_move 2 nodes_visited 1559
[22:48:28.876] START to_move 1
[22:48:28.909] STOP to_move 1 nodes_visited 555
[22:48:28.909] START to_move 2
[22:48:29.077] STOP to_move 2 nodes_visited 2866
[22:48:29.079] START to_move 1
[22:48:29.192] STOP to_move 1 nodes_visited 1808
[22:48:29.194] START to_move 2
[22:48:29.257] STOP to_move 2 nodes_visited 1100
[22:48:29.258] START to_move 1
[22:48:29.336] STOP to_move 1 nodes_visited 1303
[22:48:29.337] START to_move 2
[22:48:29.400] STOP to_move 2 nodes_visited 1069
[22:48:29.400] START to_move 1
[22:48:29.439] STOP to_move 1 nodes_visited 654
[22:48:29.439] START to_move 2
[22:48:29.459] STOP to_move 2 nodes_visited 363
[22:48:29.459] START to_move 1
[22:48:29.512] STOP to_move 1 nodes_visited 873
[22:48:29.512] START to_move 2
[22:48:29.537] STOP to_move 2 nodes_visited 440
[22:48:29.537] START to_move 1
[22:48:29.673] STOP to_move 1 nodes_visited 2207
[22:48:29.674] START to_move 2
[22:48:29.699] STOP to_move 2 nodes_visited 443
[22:48:29.699] START to_move 1
[22:48:29.786] STOP to_move 1 nodes_visited 1427
[22:48:29.787] START to_move 2
[22:48:29.812] STOP to_move 2 nodes_visited 452
[22:48:29.812] START to_move 1
[22:48:29.844] STOP to_move 1 nodes_visited 544
[22:48:29.845] START to_move 2
[22:48:29.869] STOP to_move 2 nodes_visited 429
[22:48:29.870] START to_move 1
[22:48:29.900] STOP to_move 1 nodes_visited 499
[22:48:29.900] START to_move 2
[22:48:29.936] STOP to_move 2 nodes_visited 634
[22:48:29.937] START to_move 1
[22:48:30.007] STOP to_move 1 nodes_visited 1163
[22:48:30.007] START to_move 2
[22:48:30.084] STOP to_move 2 nodes_visited 1279
[22:48:30.085] START to_move 1
[22:48:30.153] STOP to_move 1 nodes_visited 1132
[22:48:30.154] START to_move 2
[22:48:30.230] STOP to_move 2 nodes_visited 1296
[22:48:30.231] START to_move 1
[22:48:30.264] STOP to_move 1 nodes_visited 565
[22:48:30.264] START to_move 2
[22:48:30.303] STOP to_move 2 nodes_visited 679
[22:48:30.304] START to_move 1
[22:48:30.380] STOP to_move 1 nodes_visited 1268
[22:48:30.381] START to_move 2
[22:48:30.423] STOP to_move 2 nodes_visited 723
[22:48:30.423] START to_move 1
[22:48:30.503] STOP to_move 1 nodes_visited 1299
[22:48:30.503] START to_move 2
[22:48:30.611] STOP to_move 2 nodes_visited 1866
[22:48:30.613] START to_move 1
[22:48:30.713] STOP to_move 1 nodes_visited 1616
[22:48:30.714] START to_move 2
[22:48:30.799] STOP to_move 2 nodes_visited 1463
[22:48:30.800] START to_move 1
[22:48:30.863] STOP to_move 1 nodes_visited 1062
[22:48:30.864] START to_move 2
[22:48:30.887] STOP to_move 2 nodes_visited 406
[22:48:30.887] START to_move 1
[22:48:30.979] STOP to_move 1 nodes_visited 1490
[22:48:30.979] START to_move 2
[22:48:31.004] STOP to_move 2 nodes_visited 430
[22:48:31.004] START to_move 1
[22:48:31.093] STOP to_move 1 nodes_visited 1495
[22:48:31.094] START to_move 2
[22:48:31.122] STOP to_move 2 nodes_visited 485
[22:48:31.122] START to_move 1
[22:48:31.210] STOP to_move 1 nodes_visited 1463
[22:48:31.211] START to_move 2
[22:48:31.306] STOP to_move 2 nodes_visited 1604
[22:48:31.307] START to_move 1
[22:48:31.389] STOP to_move 1 nodes_visited 1363
[22:48:31.389] START to_move 2
[22:48:31.448] STOP to_move 2 nodes_visited 1012
[22:48:31.448] START to_move 1
[22:48:31.522] STOP to_move 1 nodes_visited 1209
[22:48:31.523] START to_move 2
[22:48:31.619] STOP to_move 2 nodes_visited 1656
[22:48:31.620] START to_move 1
[22:48:31.661] STOP to_move 1 nodes_visited 689
[22:48:31.661] START to_move 2
[22:48:31.682] STOP to_move 2 nodes_visited 383
[22:48:31.683] START to_move 1
[22:48:31.722] STOP to_move 1 nodes_visited 656
[22:48:31.722] START to_move 2
[22:48:31.745] STOP to_move 2 nodes_visited 376
[22:48:31.745] START to_move 1
[22:48:31.784] STOP to_move 1 nodes_visited 651
[22:48:31.784] START to_move 2
[22:48:31.808] STOP to_move 2 nodes_visited 414
[22:48:31.808] START to_move 1
[22:48:31.850] STOP to_move 1 nodes_visited 707
[22:48:31.851] START to_move 2
[22:48:31.875] STOP to_move 2 nodes_visited 421
[22:48:31.875] START to_move 1
[22:48:31.916] STOP to_move 1 nodes_visited 687
[22:48:31.916] START to_move 2
[22:48:31.934] STOP to_move 2 nodes_visited 309
[22:48:31.934] START to_move 1
[22:48:31.977] STOP to_move 1 nodes_visited 712
[22:48:31.977] START to_move 2
[22:48:32.153] STOP to_move 2 nodes_visited 2919
[22:48:32.155] START to_move 1
[22:48:32.202] STOP to_move 1 nodes_visited 794
[22:48:32.203] START to_move 2
[22:48:32.221] STOP to_move 2 nodes_visited 316
[22:48:32.221] START to_move 1
[22:48:32.251] STOP to_move 1 nodes_visited 499
[22:48:32.251] START to_move 2
[22:48:32.269] STOP to_move 2 nodes_visited 313
[22:48:32.269] START to_move 1
[22:48:32.291] STOP to_move 1 nodes_visited 375
[22:48:32.291] START to_move 2
[22:48:32.314] STOP to_move 2 nodes_visited 380
[22:48:32.315] START to_move 1
[22:48:32.341] STOP to_move 1 nodes_visited 458
[22:48:32.342] START to_move 2
[22:48:32.363] STOP to_move 2 nodes_visited 376
[22:48:32.363] START to_move 1
[22:48:32.387] STOP to_move 1 nodes_visited 414
[22:48:32.388] START to_move 2
[22:48:32.407] STOP to_move 2 nodes_visited 354
[22:48:32.408] START to_move 1
[22:48:32.438] STOP to_move 1 nodes_visited 513
[22:48:32.439] START to_move 2
[22:48:32.476] STOP to_move 2 nodes_visited 657
[22:48:32.477] START to_move 1
[22:48:32.505] STOP to_move 1 nodes_visited 486
[22:48:32.505] START to_move 2
[22:48:32.530] STOP to_move 2 nodes_visited 430
[22:48:32.530] START to_move 1
[22:48:32.562] STOP to_move 1 nodes_visited 540
[22:48:32.562] START to_move 2
[22:48:32.587] STOP to_move 2 nodes_visited 423
[22:48:32.587] START to_move 1
[22:48:32.622] STOP to_move 1 nodes_visited 593
[22:48:32.623] START to_move 2
[22:48:32.648] STOP to_move 2 nodes_visited 451
[22:48:32.648] START to_move 1
[22:48:32.682] STOP to_move 1 nodes_visited 575
[22:48:32.683] START to_move 2
[22:48:32.702] STOP to_move 2 nodes_visited 337
[22:48:32.702] START to_move 1
[22:48:32.780] STOP to_move 1 nodes_visited 1270
[22:48:32.781] START to_move 2
[22:48:32.799] STOP to_move 2 nodes_visited 320
[22:48:32.799] START to_move 1
[22:48:32.822] STOP to_move 1 nodes_visited 388
[22:48:32.822] START to_move 2
[22:48:32.844] STOP to_move 2 nodes_visited 386
[22:48:32.844] START to_move 1
[22:48:32.876] STOP to_move 1 nodes_visited 525
[22:48:32.877] START to_move 2
[22:48:32.897] STOP to_move 2 nodes_visited 368
[22:48:32.898] START to_move 1
[22:48:32.982] STOP to_move 1 nodes_visited 1362
[22:48:32.983] START to_move 2
[22:48:33.005] STOP to_move 2 nodes_visited 394
[22:48:33.005] START to_move 1
[22:48:33.092] STOP to_move 1 nodes_visited 1425
[22:48:33.093] START to_move 2
[22:48:33.208] STOP to_move 2 nodes_visited 1963
[22:48:33.209] START to_move 1
[22:48:33.237] STOP to_move 1 nodes_visited 466
[22:48:33.238] START to_move 2
[22:48:33.260] STOP to_move 2 nodes_visited 398
[22:48:33.260] START to_move 1
[22:48:33.287] STOP to_move 1 nodes_visited 454
[22:48:33.287] START to_move 2
[22:48:33.331] STOP to_move 2 nodes_visited 754
[22:48:33.331] START to_move 1
[22:48:33.367] STOP to_move 1 nodes_visited 601
[22:48:33.368] START to_move 2
[22:48:33.421] STOP to_move 2 nodes_visited 896
[22:48:33.421] START to_move 1
[22:48:33.445] STOP to_move 1 nodes_visited 405
[22:48:33.445] START to_move 2
[22:48:33.469] STOP to_move 2 nodes_visited 412
[22:48:33.469] START to_move 1
[22:48:33.543] STOP to_move 1 nodes_visited 1237
[22:48:33.544] START to_move 2
[22:48:33.592] STOP to_move 2 nodes_visited 827
[22:48:33.592] START to_move 1
[22:48:33.625] STOP to_move 1 nodes_visited 541
[22:48:33.625] START to_move 2
[22:48:33.631] STOP to_move 2 nodes_visited 109
[22:48:33.631] START to_move 1
[22:48:33.635] STOP to_move 1 nodes_visited 64
[22:48:33.635] START to_move 2
[22:48:33.641] STOP to_move 2 nodes_visited 111
[22:48:33.641] START to_move 1
[22:48:33.645] STOP to_move 1 nodes_visited 65
[22:48:33.645] START to_move 2
[22:48:33.651] STOP to_move 2 nodes_visited 109
[22:48:33.651] START to_move 1
[22:48:33.654] STOP to_move 1 nodes_visited 63
[22:48:33.654] START to_move 2
[22:48:33.660] STOP to_move 2 nodes_visited 109
[22:48:33.660] START to_move 1
[22:48:33.664] STOP to_move 1 nodes_visited 63
[22:48:33.664] START to_move 2
[22:48:33.670] STOP to_move 2 nodes_visited 113
[22:48:33.670] START to_move 1
[22:48:33.674] STOP to_move 1 nodes_visited 63
[22:48:33.674] START to_move 2
[22:48:33.681] STOP to_move 2 nodes_visited 109
[22:48:33.682] START to_move 1
[22:48:33.685] STOP to_move 1 nodes_visited 63
[22:48:33.685] START to_move 2
[22:48:33.691] STOP to_move 2 nodes_visited 109
[22:48:33.691] START to_move 1
[22:48:33.695] STOP to_move 1 nodes_visited 62
[22:48:33.695] START to_move 2
[22:48:33.701] STOP to_move 2 nodes_visited 109
[22:48:33.701] START to_move 1
[22:48:33.705] STOP to_move 1 nodes_visited 63
[22:48:33.705] START to_move 2
[22:48:33.710] STOP to_move 2 nodes_visited 111
[22:48:33.711] START to_move 1
[22:48:33.714] STOP to_move 1 nodes_visited 63
[22:48:33.714] START to_move 2
[22:48:33.720] STOP to_move 2 nodes_visited 109
[22:48:33.720] START to_move 1
[22:48:33.724] STOP to_move 1 nodes_visited 63
[22:48:33.724] START to_move 2
[22:48:33.730] STOP to_move 2 nodes_visited 105
[22:48:33.730] START to_move 1
[22:48:33.734] STOP to_move 1 nodes_visited 66
[22:48:33.734] START to_move 2
[22:48:33.740] STOP to_move 2 nodes_visited 111
[22:48:33.740] START to_move 1
[22:48:33.744] STOP to_move 1 nodes_visited 65
[22:48:33.744] START to_move 2
[22:48:33.750] STOP to_move 2 nodes_visited 113
[22:48:33.750] START to_move 1
[22:48:33.754] STOP to_move 1 nodes_visited 66
[22:48:33.754] START to_move 2
[22:48:33.760] STOP to_move 2 nodes_visited 111
[22:48:33.760] START to_move 1
[22:48:33.764] STOP to_move 1 nodes_visited 66
[22:48:33.764] START to_move 2
[22:48:33.770] STOP to_move 2 nodes_visited 109
[22:48:33.771] START to_move 1
[22:48:33.775] STOP to_move 1 nodes_visited 67
[22:48:33.775] START to_move 2
[22:48:33.781] STOP to_move 2 nodes_visited 107
[22:48:33.781] START to_move 1
[22:48:33.784] STOP to_move 1 nodes_visited 63
[22:48:33.784] START to_move 2
[22:48:33.790] STOP to_move 2 nodes_visited 101
[22:48:33.790] START to_move 1
[22:48:33.794] STOP to_move 1 nodes_visited 63
[22:48:33.794] START to_move 2
[22:48:33.800] STOP to_move 2 nodes_visited 105
[22:48:33.800] START to_move 1
[22:48:33.804] STOP to_move 1 nodes_visited 65
[22:48:33.804] START to_move 2
[22:48:33.810] STOP to_move 2 nodes_visited 105
[22:48:33.810] START to_move 1
[22:48:33.814] STOP to_move 1 nodes_visited 65
[22:48:33.814] START to_move 2
[22:48:33.820] STOP to_move 2 nodes_visited 107
[22:48:33.820] START to_move 1
[22:48:33.823] STOP to_move 1 nodes_visited 65
[22:48:33.823] START to_move 2
[22:48:33.829] STOP to_move 2 nodes_visited 105
[22:48:33.829] START to_move 1
[22:48:33.833] STOP to_move 1 nodes_visited 65
[22:48:33.833] START to_move 2
[22:48:33.839] STOP to_move 2 nodes_visited 101
[22:48:33.839] START to_move 1
[22:48:33.843] STOP to_move 1 nodes_visited 69
[22:48:33.843] START to_move 2
[22:48:33.849] STOP to_move 2 nodes_visited 107
[22:48:33.849] START to_move 1
[22:48:33.853] STOP to_move 1 nodes_visited 70
[22:48:33.853] START to_move 2
[22:48:33.859] STOP to_move 2 nodes_visited 109
[22:48:33.859] START to_move 1
[22:48:33.864] STOP to_move 1 nodes_visited 67
[22:48:33.864] START to_move 2
[22:48:33.870] STOP to_move 2 nodes_visited 109
[22:48:33.870] START to_move 1
[22:48:33.874] STOP to_move 1 nodes_visited 66
[22:48:33.874] START to_move 2
[22:48:33.880] STOP to_move 2 nodes_visited 111
[22:48:33.880] START to_move 1
[22:48:33.884] STOP to_move 1 nodes_visited 66
[22:48:33.884] START to_move 2
[22:48:33.890] STOP to_move 2 nodes_visited 113
[22:48:33.890] START to_move 1
[22:48:33.894] STOP to_move 1 nodes_visited 63
[22:48:33.894] START to_move 2
[22:48:33.900] STOP to_move 2 nodes_visited 107
[22:48:33.900] START to_move 1
[22:48:33.904] STOP to_move 1 nodes_visited 60
[22:48:33.904] START to_move 2
[22:48:33.909] STOP to_move 2 nodes_visited 101
[22:48:33.910] START to_move 1
[22:48:33.913] STOP to_move 1 nodes_visited 60
[22:48:33.913] START to_move 2
[22:48:33.919] STOP to_move 2 nodes_visited 103
[22:48:33.919] START to_move 1
[22:48:34.049] STOP to_move 1 nodes_visited 2107
[22:48:34.050] START to_move 2
[22:48:34.058] STOP to_move 2 nodes_visited 145
[22:48:34.058] START to_move 1
[22:48:34.074] STOP to_move 1 nodes_visited 275
[22:48:34.074] START to_move 2
[22:48:34.088] STOP to_move 2 nodes_visited 245
[22:48:34.088] START to_move 1
[22:48:34.107] STOP to_move 1 nodes_visited 318
[22:48:34.107] START to_move 2
[22:48:34.121] STOP to_move 2 nodes_visited 242
[22:48:34.121] START to_move 1
[22:48:34.143] STOP to_move 1 nodes_visited 388
[22:48:34.144] START to_move 2
[22:48:34.196] STOP to_move 2 nodes_visited 903
[22:48:34.197] START to_move 1
[22:48:34.218] STOP to_move 1 nodes_visited 366
[22:48:34.218] START to_move 2
[22:48:34.235] STOP to_move 2 nodes_visited 293
[22:48:34.235] START to_move 1
[22:48:34.260] STOP to_move 1 nodes_visited 434
[22:48:34.260] START to_move 2
[22:48:34.277] STOP to_move 2 nodes_visited 272
[22:48:34.278] START to_move 1
[22:48:34.298] STOP to_move 1 nodes_visited 354
[22:48:34.299] START to_move 2
[22:48:34.311] STOP to_move 2 nodes_visited 225
[22:48:34.312] START to_move 1
[22:48:34.330] STOP to_move 1 nodes_visited 307
[22:48:34.330] START to_move 2
[22:48:34.338] STOP to_move 2 nodes_visited 141
[22:48:34.338] START to_move 1
[22:48:34.355] STOP to_move 1 nodes_visited 299
[22:48:34.355] START to_move 2
[22:48:34.369] STOP to_move 2 nodes_visited 245
[22:48:34.370] START to_move 1
[22:48:34.391] STOP to_move 1 nodes_visited 365
[22:48:34.392] START to_move 2
[22:48:34.399] STOP to_move 2 nodes_visited 136
[22:48:34.399] START to_move 1
[22:48:34.417] STOP to_move 1 nodes_visited 291
[22:48:34.417] START to_move 2
[22:48:34.424] STOP to_move 2 nodes_visited 140
[22:48:34.425] START to_move 1
[22:48:34.442] STOP to_move 1 nodes_visited 290
[22:48:34.442] START to_move 2
[22:48:34.449] STOP to_move 2 nodes_visited 138
[22:48:34.449] START to_move 1
[22:48:34.467] STOP to_move 1 nodes_visited 292
[22:48:34.467] START to_move 2
[22:48:34.474] STOP to_move 2 nodes_visited 134
[22:48:34.474] START to_move 1
[22:48:34.488] STOP to_move 1 nodes_visited 224
[22:48:34.488] START to_move 2
[22:48:34.498] STOP to_move 2 nodes_visited 191
[22:48:34.498] START to_move 1
[22:48:34.518] STOP to_move 1 nodes_visited 336
[22:48:34.519] START to_move 2
[22:48:34.542] STOP to_move 2 nodes_visited 413
[22:48:34.542] START to_move 1
[22:48:34.558] STOP to_move 1 nodes_visited 260
[22:48:34.559] START to_move 2
[22:48:34.570] STOP to_move 2 nodes_visited 173
[22:48:34.570] START to_move 1
[22:48:34.585] STOP to_move 1 nodes_visited 250
[22:48:34.585] START to_move 2
[22:48:34.594] STOP to_move 2 nodes_visited 173
[22:48:34.594] START to_move 1
[22:48:34.609] STOP to_move 1 nodes_visited 240
[22:48:34.609] START to_move 2
[22:48:34.616] STOP to_move 2 nodes_visited 136
[22:48:34.616] START to_move 1
[22:48:34.622] STOP to_move 1 nodes_visited 102
[22:48:34.622] START to_move 2
[22:48:34.629] STOP to_move 2 nodes_visited 113
[22:48:34.629] START to_move 1
[22:48:34.637] STOP to_move 1 nodes_visited 139
[22:48:34.637] START to_move 2
[22:48:34.643] STOP to_move 2 nodes_visited 111
[22:48:34.643] START to_move 1
[22:48:34.651] STOP to_move 1 nodes_visited 135
[22:48:34.651] START to_move 2
[22:48:34.657] STOP to_move 2 nodes_visited 107
[22:48:34.657] START to_move 1
[22:48:34.665] STOP to_move 1 nodes_visited 129
[22:48:34.665] START to_move 2
[22:48:34.671] STOP to_move 2 nodes_visited 100
[22:48:34.671] START to_move 1
[22:48:34.679] STOP to_move 1 nodes_visited 130
[22:48:34.679] START to_move 2
[22:48:34.684] STOP to_move 2 nodes_visited 83
[22:48:34.684] START to_move 1
[22:48:34.687] STOP to_move 1 nodes_visited 51
[22:48:34.687] START to_move 2
[22:48:34.693] STOP to_move 2 nodes_visited 103
[22:48:34.693] START to_move 1
[22:48:34.699] STOP to_move 1 nodes_visited 101
[22:48:34.699] START to_move 2
[22:48:34.704] STOP to_move 2 nodes_visited 87
[22:48:34.704] START to_move 1
[22:48:34.707] STOP to_move 1 nodes_visited 50
[22:48:34.707] START to_move 2
[22:48:34.714] STOP to_move 2 nodes_visited 105
[22:48:34.714] START to_move 1
[22:48:34.719] STOP to_move 1 nodes_visited 93
[22:48:34.719] START to_move 2
[22:48:34.725] STOP to_move 2 nodes_visited 88
[22:48:34.725] START to_move 1
[22:48:34.727] STOP to_move 1 nodes_visited 47
[22:48:34.727] START to_move 2
[22:48:34.733] STOP to_move 2 nodes_visited 97
[22:48:34.733] START to_move 1
[22:48:34.739] STOP to_move 1 nodes_visited 91
[22:48:34.739] START to_move 2
[22:48:34.744] STOP to_move 2 nodes_visited 88
[22:48:34.744] START to_move 1
[22:48:34.747] STOP to_move 1 nodes_visited 46
[22:48:34.747] START to_move 2
[22:48:34.753] STOP to_move 2 nodes_visited 95
[22:48:34.753] START to_move 1
[22:48:34.758] STOP to_move 1 nodes_visited 91
[22:48:34.758] START to_move 2
[22:48:34.764] STOP to_move 2 nodes_visited 86
[22:48:34.764] START to_move 1
[22:48:34.767] STOP to_move 1 nodes_visited 46
[22:48:34.767] START to_move 2
[22:48:34.772] STOP to_move 2 nodes_visited 95
[22:48:34.772] START to_move 1
[22:48:34.777] STOP to_move 1 nodes_visited 89
[22:48:34.777] START to_move 2
[22:48:34.782] STOP to_move 2 nodes_visited 83
[22:48:34.783] START to_move 1
[22:48:34.785] STOP to_move 1 nodes_visited 41
[22:48:34.785] START to_move 2
[22:48:34.790] STOP to_move 2 nodes_visited 81
[22:48:34.790] START to_move 1
[22:48:34.795] STOP to_move 1 nodes_visited 81
[22:48:34.795] START to_move 2
[22:48:34.799] STOP to_move 2 nodes_visited 74
[22:48:34.799] START to_move 1
[22:48:34.802] STOP to_move 1 nodes_visited 41
[22:48:34.802] START to_move 2
[22:48:34.806] STOP to_move 2 nodes_visited 79
[22:48:34.807] START to_move 1
[22:48:34.811] STOP to_move 1 nodes_visited 79
[22:48:34.811] START to_move 2
[22:48:34.816] STOP to_move 2 nodes_visited 72
[22:48:34.816] START to_move 1
[22:48:34.818] STOP to_move 1 nodes_visited 40
[22:48:34.818] START to_move 2
[22:48:34.823] STOP to_move 2 nodes_visited 77
[22:48:34.823] START to_move 1
[22:48:34.827] STOP to_move 1 nodes_visited 69
[22:48:34.827] START to_move 2
[22:48:34.831] STOP to_move 2 nodes_visited 64
[22:48:34.831] START to_move 1
[22:48:34.833] STOP to_move 1 nodes_visited 35
[22:48:34.833] START to_move 2
[22:48:34.837] STOP to_move 2 nodes_visited 67
[22:48:34.838] START to_move 1
[22:48:34.842] STOP to_move 1 nodes_visited 69
[22:48:34.842] START to_move 2
[22:48:34.846] STOP to_move 2 nodes_visited 64
[22:48:34.846] START to_move 1
[22:48:34.848] STOP to_move 1 nodes_visited 35
[22:48:34.848] START to_move 2
[22:48:34.852] STOP to_move 2 nodes_visited 63
[22:48:34.852] START to_move 1
[22:48:34.856] STOP to_move 1 nodes_visited 69
[22:48:34.856] START to_move 2
[22:48:34.860] STOP to_move 2 nodes_visited 64
[22:48:34.860] START to_move 1
[22:48:34.862] STOP to_move 1 nodes_visited 34
[22:48:34.862] START to_move 2
[22:48:34.866] STOP to_move 2 nodes_visited 63
[22:48:34.866] START to_move 1
[22:48:34.870] STOP to_move 1 nodes_visited 67
[22:48:34.870] START to_move 2
[22:48:34.874] STOP to_move 2 nodes_visited 62
[22:48:34.874] START to_move 1
[22:48:34.876] STOP to_move 1 nodes_visited 35
[22:48:34.876] START to_move 2
[22:48:34.880] STOP to_move 2 nodes_visited 57
[22:48:34.880] START to_move 1
[22:48:34.884] STOP to_move 1 nodes_visited 69
[22:48:34.884] START to_move 2
[22:48:34.887] STOP to_move 2 nodes_visited 56
[22:48:34.888] START to_move 1
[22:48:34.889] STOP to_move 1 nodes_visited 31
[22:48:34.889] START to_move 2
[22:48:34.893] STOP to_move 2 nodes_visited 51
[22:48:34.893] START to_move 1
[22:48:34.896] STOP to_move 1 nodes_visited 51
[22:48:34.896] START to_move 2
[22:48:34.899] STOP to_move 2 nodes_visited 47
[22:48:34.899] START to_move 1
[22:48:34.900] STOP to_move 1 nodes_visited 26
[22:48:34.900] START to_move 2
[22:48:34.903] STOP to_move 2 nodes_visited 47
[22:48:34.903] START to_move 1
[22:48:34.907] STOP to_move 1 nodes_visited 61
[22:48:34.907] START to_move 2
[22:48:34.910] STOP to_move 2 nodes_visited 52
[22:48:34.910] START to_move 1
[22:48:34.912] STOP to_move 1 nodes_visited 27
[22:48:34.912] START to_move 2
[22:48:34.915] STOP to_move 2 nodes_visited 47
[22:48:34.915] START to_move 1
[22:48:34.917] STOP to_move 1 nodes_visited 43
[22:48:34.917] START to_move 2
[22:48:34.920] STOP to_move 2 nodes_visited 41
[22:48:34.920] START to_move 1
[22:48:34.921] STOP to_move 1 nodes_visited 19
[22:48:34.921] START to_move 2
[22:48:34.924] STOP to_move 2 nodes_visited 33
[22:48:34.924] START to_move 1
[22:48:34.926] STOP to_move 1 nodes_visited 37
[22:48:34.926] START to_move 2
[22:48:34.928] STOP to_move 2 nodes_visited 33
[22:48:34.928] START to_move 1
[22:48:34.929] STOP to_move 1 nodes_visited 19
[22:48:34.929] START to_move 2
[22:48:34.932] STOP to_move 2 nodes_visited 33
[22:48:34.932] START to_move 1
[22:48:34.937] STOP to_move 1 nodes_visited 75
[22:48:34.937] START to_move 2
[22:48:34.940] STOP to_move 2 nodes_visited 56
[22:48:34.940] START to_move 1
[22:48:34.944] STOP to_move 1 nodes_visited 60
[22:48:34.944] START to_move 2
[22:48:34.947] STOP to_move 2 nodes_visited 48
[22:48:34.947] START to_move 1
[22:48:34.948] STOP to_move 1 nodes_visited 30
[22:48:34.949] END winner 1 - rounds 279
