[21:32:18.507] 1 - distance_function euclides - pruning True
[21:32:18.507] 2 - distance_function chebyshev - pruning True
[21:32:18.507] START to_move 1
[21:32:18.741] STOP to_move 1 nodes_visited 3661
[21:32:18.744] START to_move 2
[21:32:19.061] STOP to_move 2 nodes_visited 4849
[21:32:19.064] START to_move 1
[21:32:19.236] STOP to_move 1 nodes_visited 2853
[21:32:19.237] START to_move 2
[21:32:19.519] STOP to_move 2 nodes_visited 4350
[21:32:19.524] START to_move 1
[21:32:19.700] STOP to_move 1 nodes_visited 2912
[21:32:19.701] START to_move 2
[21:32:19.914] STOP to_move 2 nodes_visited 3365
[21:32:19.916] START to_move 1
[21:32:19.988] STOP to_move 1 nodes_visited 1186
[21:32:19.989] START to_move 2
[21:32:20.104] STOP to_move 2 nodes_visited 1836
[21:32:20.105] START to_move 1
[21:32:20.137] STOP to_move 1 nodes_visited 530
[21:32:20.137] START to_move 2
[21:32:20.361] STOP to_move 2 nodes_visited 3521
[21:32:20.363] START to_move 1
[21:32:20.426] STOP to_move 1 nodes_visited 1063
[21:32:20.427] START to_move 2
[21:32:20.673] STOP to_move 2 nodes_visited 3900
[21:32:20.675] START to_move 1
[21:32:20.726] STOP to_move 1 nodes_visited 866
[21:32:20.727] START to_move 2
[21:32:20.973] STOP to_move 2 nodes_visited 3911
[21:32:20.975] START to_move 1
[21:32:21.028] STOP to_move 1 nodes_visited 904
[21:32:21.029] START to_move 2
[21:32:21.270] STOP to_move 2 nodes_visited 3795
[21:32:21.272] START to_move 1
[21:32:21.380] STOP to_move 1 nodes_visited 1738
[21:32:21.381] START to_move 2
[21:32:21.414] STOP to_move 2 nodes_visited 549
[21:32:21.415] START to_move 1
[21:32:21.453] STOP to_move 1 nodes_visited 665
[21:32:21.454] START to_move 2
[21:32:21.488] STOP to_move 2 nodes_visited 565
[21:32:21.488] START to_move 1
[21:32:21.526] STOP to_move 1 nodes_visited 663
[21:32:21.527] START to_move 2
[21:32:21.566] STOP to_move 2 nodes_visited 640
[21:32:21.566] START to_move 1
[21:32:21.600] STOP to_move 1 nodes_visited 584
[21:32:21.600] START to_move 2
[21:32:21.650] STOP to_move 2 nodes_visited 814
[21:32:21.650] START to_move 1
[21:32:21.786] STOP to_move 1 nodes_visited 2202
[21:32:21.787] START to_move 2
[21:32:21.849] STOP to_move 2 nodes_visited 1000
[21:32:21.849] START to_move 1
[21:32:21.920] STOP to_move 1 nodes_visited 1188
[21:32:21.921] START to_move 2
[21:32:21.971] STOP to_move 2 nodes_visited 801
[21:32:21.971] START to_move 1
[21:32:22.030] STOP to_move 1 nodes_visited 978
[21:32:22.030] START to_move 2
[21:32:22.077] STOP to_move 2 nodes_visited 771
[21:32:22.078] START to_move 1
[21:32:22.138] STOP to_move 1 nodes_visited 1003
[21:32:22.139] START to_move 2
[21:32:22.188] STOP to_move 2 nodes_visited 801
[21:32:22.188] START to_move 1
[21:32:22.242] STOP to_move 1 nodes_visited 874
[21:32:22.243] START to_move 2
[21:32:22.291] STOP to_move 2 nodes_visited 794
[21:32:22.292] START to_move 1
[21:32:22.331] STOP to_move 1 nodes_visited 666
[21:32:22.332] START to_move 2
[21:32:22.379] STOP to_move 2 nodes_visited 771
[21:32:22.379] START to_move 1
[21:32:22.417] STOP to_move 1 nodes_visited 632
[21:32:22.417] START to_move 2
[21:32:22.471] STOP to_move 2 nodes_visited 838
[21:32:22.472] START to_move 1
[21:32:22.510] STOP to_move 1 nodes_visited 624
[21:32:22.510] START to_move 2
[21:32:22.545] STOP to_move 2 nodes_visited 573
[21:32:22.545] START to_move 1
[21:32:22.620] STOP to_move 1 nodes_visited 1240
[21:32:22.621] START to_move 2
[21:32:22.647] STOP to_move 2 nodes_visited 431
[21:32:22.647] START to_move 1
[21:32:22.686] STOP to_move 1 nodes_visited 668
[21:32:22.687] START to_move 2
[21:32:22.717] STOP to_move 2 nodes_visited 494
[21:32:22.717] START to_move 1
[21:32:22.834] STOP to_move 1 nodes_visited 1834
[21:32:22.835] START to_move 2
[21:32:22.896] STOP to_move 2 nodes_visited 988
[21:32:22.897] START to_move 1
[21:32:22.955] STOP to_move 1 nodes_visited 960
[21:32:22.956] START to_move 2
[21:32:22.986] STOP to_move 2 nodes_visited 491
[21:32:22.986] START to_move 1
[21:32:23.046] STOP to_move 1 nodes_visited 998
[21:32:23.047] START to_move 2
[21:32:23.082] STOP to_move 2 nodes_visited 543
[21:32:23.082] START to_move 1
[21:32:23.136] STOP to_move 1 nodes_visited 891
[21:32:23.136] START to_move 2
[21:32:23.170] STOP to_move 2 nodes_visited 547
[21:32:23.171] START to_move 1
[21:32:23.227] STOP to_move 1 nodes_visited 943
[21:32:23.228] START to_move 2
[21:32:23.261] STOP to_move 2 nodes_visited 551
[21:32:23.261] START to_move 1
[21:32:23.317] STOP to_move 1 nodes_visited 921
[21:32:23.318] START to_move 2
[21:32:23.352] STOP to_move 2 nodes_visited 541
[21:32:23.352] START to_move 1
[21:32:23.409] STOP to_move 1 nodes_visited 935
[21:32:23.410] START to_move 2
[21:32:23.443] STOP to_move 2 nodes_visited 549
[21:32:23.444] START to_move 1
[21:32:23.500] STOP to_move 1 nodes_visited 929
[21:32:23.500] START to_move 2
[21:32:23.555] STOP to_move 2 nodes_visited 882
[21:32:23.556] START to_move 1
[21:32:23.602] STOP to_move 1 nodes_visited 769
[21:32:23.603] START to_move 2
[21:32:23.646] STOP to_move 2 nodes_visited 670
[21:32:23.646] START to_move 1
[21:32:23.697] STOP to_move 1 nodes_visited 847
[21:32:23.697] START to_move 2
[21:32:23.767] STOP to_move 2 nodes_visited 1104
[21:32:23.768] START to_move 1
[21:32:23.825] STOP to_move 1 nodes_visited 961
[21:32:23.826] START to_move 2
[21:32:23.871] STOP to_move 2 nodes_visited 717
[21:32:23.871] START to_move 1
[21:32:23.921] STOP to_move 1 nodes_visited 780
[21:32:23.921] START to_move 2
[21:32:23.948] STOP to_move 2 nodes_visited 438
[21:32:23.948] START to_move 1
[21:32:24.042] STOP to_move 1 nodes_visited 1539
[21:32:24.043] START to_move 2
[21:32:24.069] STOP to_move 2 nodes_visited 432
[21:32:24.069] START to_move 1
[21:32:24.122] STOP to_move 1 nodes_visited 878
[21:32:24.122] START to_move 2
[21:32:24.149] STOP to_move 2 nodes_visited 434
[21:32:24.149] START to_move 1
[21:32:24.198] STOP to_move 1 nodes_visited 807
[21:32:24.198] START to_move 2
[21:32:24.225] STOP to_move 2 nodes_visited 435
[21:32:24.226] START to_move 1
[21:32:24.280] STOP to_move 1 nodes_visited 909
[21:32:24.281] START to_move 2
[21:32:24.307] STOP to_move 2 nodes_visited 447
[21:32:24.308] START to_move 1
[21:32:24.407] STOP to_move 1 nodes_visited 1556
[21:32:24.408] START to_move 2
[21:32:24.435] STOP to_move 2 nodes_visited 447
[21:32:24.436] START to_move 1
[21:32:24.493] STOP to_move 1 nodes_visited 921
[21:32:24.494] START to_move 2
[21:32:24.521] STOP to_move 2 nodes_visited 447
[21:32:24.521] START to_move 1
[21:32:24.570] STOP to_move 1 nodes_visited 821
[21:32:24.571] START to_move 2
[21:32:24.672] STOP to_move 2 nodes_visited 1609
[21:32:24.673] START to_move 1
[21:32:24.728] STOP to_move 1 nodes_visited 922
[21:32:24.729] START to_move 2
[21:32:24.829] STOP to_move 2 nodes_visited 1547
[21:32:24.829] START to_move 1
[21:32:24.877] STOP to_move 1 nodes_visited 795
[21:32:24.877] START to_move 2
[21:32:24.976] STOP to_move 2 nodes_visited 1566
[21:32:24.977] START to_move 1
[21:32:25.024] STOP to_move 1 nodes_visited 787
[21:32:25.024] START to_move 2
[21:32:25.053] STOP to_move 2 nodes_visited 456
[21:32:25.053] START to_move 1
[21:32:25.121] STOP to_move 1 nodes_visited 1123
[21:32:25.121] START to_move 2
[21:32:25.148] STOP to_move 2 nodes_visited 451
[21:32:25.149] START to_move 1
[21:32:25.215] STOP to_move 1 nodes_visited 1089
[21:32:25.215] START to_move 2
[21:32:25.242] STOP to_move 2 nodes_visited 441
[21:32:25.242] START to_move 1
[21:32:25.305] STOP to_move 1 nodes_visited 1047
[21:32:25.305] START to_move 2
[21:32:25.334] STOP to_move 2 nodes_visited 443
[21:32:25.334] START to_move 1
[21:32:25.403] STOP to_move 1 nodes_visited 1148
[21:32:25.404] START to_move 2
[21:32:25.430] STOP to_move 2 nodes_visited 431
[21:32:25.431] START to_move 1
[21:32:25.500] STOP to_move 1 nodes_visited 1141
[21:32:25.500] START to_move 2
[21:32:25.527] STOP to_move 2 nodes_visited 447
[21:32:25.527] START to_move 1
[21:32:25.591] STOP to_move 1 nodes_visited 1059
[21:32:25.591] START to_move 2
[21:32:25.616] STOP to_move 2 nodes_visited 398
[21:32:25.617] START to_move 1
[21:32:25.679] STOP to_move 1 nodes_visited 1027
[21:32:25.679] START to_move 2
[21:32:25.733] STOP to_move 2 nodes_visited 882
[21:32:25.734] START to_move 1
[21:32:25.801] STOP to_move 1 nodes_visited 1108
[21:32:25.802] START to_move 2
[21:32:25.822] STOP to_move 2 nodes_visited 335
[21:32:25.822] START to_move 1
[21:32:25.867] STOP to_move 1 nodes_visited 741
[21:32:25.867] START to_move 2
[21:32:25.889] STOP to_move 2 nodes_visited 333
[21:32:25.889] START to_move 1
[21:32:25.934] STOP to_move 1 nodes_visited 739
[21:32:25.934] START to_move 2
[21:32:25.954] STOP to_move 2 nodes_visited 330
[21:32:25.955] START to_move 1
[21:32:26.012] STOP to_move 1 nodes_visited 914
[21:32:26.012] START to_move 2
[21:32:26.031] STOP to_move 2 nodes_visited 317
[21:32:26.031] START to_move 1
[21:32:26.058] STOP to_move 1 nodes_visited 463
[21:32:26.059] START to_move 2
[21:32:26.078] STOP to_move 2 nodes_visited 317
[21:32:26.078] START to_move 1
[21:32:26.111] STOP to_move 1 nodes_visited 554
[21:32:26.111] START to_move 2
[21:32:26.130] STOP to_move 2 nodes_visited 317
[21:32:26.130] START to_move 1
[21:32:26.180] STOP to_move 1 nodes_visited 800
[21:32:26.181] START to_move 2
[21:32:26.198] STOP to_move 2 nodes_visited 299
[21:32:26.199] START to_move 1
[21:32:26.242] STOP to_move 1 nodes_visited 707
[21:32:26.242] START to_move 2
[21:32:26.260] STOP to_move 2 nodes_visited 301
[21:32:26.260] START to_move 1
[21:32:26.296] STOP to_move 1 nodes_visited 607
[21:32:26.297] START to_move 2
[21:32:26.314] STOP to_move 2 nodes_visited 291
[21:32:26.314] START to_move 1
[21:32:26.378] STOP to_move 1 nodes_visited 1048
[21:32:26.378] START to_move 2
[21:32:26.395] STOP to_move 2 nodes_visited 287
[21:32:26.395] START to_move 1
[21:32:26.459] STOP to_move 1 nodes_visited 1009
[21:32:26.459] START to_move 2
[21:32:26.476] STOP to_move 2 nodes_visited 287
[21:32:26.476] START to_move 1
[21:32:26.534] STOP to_move 1 nodes_visited 958
[21:32:26.535] START to_move 2
[21:32:26.553] STOP to_move 2 nodes_visited 309
[21:32:26.553] START to_move 1
[21:32:26.617] STOP to_move 1 nodes_visited 1049
[21:32:26.618] START to_move 2
[21:32:26.634] STOP to_move 2 nodes_visited 280
[21:32:26.635] START to_move 1
[21:32:26.694] STOP to_move 1 nodes_visited 992
[21:32:26.695] START to_move 2
[21:32:26.712] STOP to_move 2 nodes_visited 275
[21:32:26.712] START to_move 1
[21:32:26.752] STOP to_move 1 nodes_visited 627
[21:32:26.752] START to_move 2
[21:32:26.769] STOP to_move 2 nodes_visited 279
[21:32:26.769] START to_move 1
[21:32:26.795] STOP to_move 1 nodes_visited 441
[21:32:26.796] START to_move 2
[21:32:26.811] STOP to_move 2 nodes_visited 272
[21:32:26.812] START to_move 1
[21:32:26.840] STOP to_move 1 nodes_visited 479
[21:32:26.841] START to_move 2
[21:32:26.848] STOP to_move 2 nodes_visited 136
[21:32:26.848] START to_move 1
[21:32:26.878] STOP to_move 1 nodes_visited 490
[21:32:26.878] START to_move 2
[21:32:26.886] STOP to_move 2 nodes_visited 136
[21:32:26.886] START to_move 1
[21:32:26.910] STOP to_move 1 nodes_visited 400
[21:32:26.910] START to_move 2
[21:32:26.918] STOP to_move 2 nodes_visited 136
[21:32:26.918] START to_move 1
[21:32:26.941] STOP to_move 1 nodes_visited 384
[21:32:26.941] START to_move 2
[21:32:26.948] STOP to_move 2 nodes_visited 133
[21:32:26.949] START to_move 1
[21:32:26.974] STOP to_move 1 nodes_visited 430
[21:32:26.975] START to_move 2
[21:32:26.982] STOP to_move 2 nodes_visited 129
[21:32:26.982] START to_move 1
[21:32:27.009] STOP to_move 1 nodes_visited 450
[21:32:27.009] START to_move 2
[21:32:27.016] STOP to_move 2 nodes_visited 129
[21:32:27.016] START to_move 1
[21:32:27.042] STOP to_move 1 nodes_visited 427
[21:32:27.042] START to_move 2
[21:32:27.051] STOP to_move 2 nodes_visited 136
[21:32:27.051] START to_move 1
[21:32:27.076] STOP to_move 1 nodes_visited 421
[21:32:27.076] START to_move 2
[21:32:27.088] STOP to_move 2 nodes_visited 210
[21:32:27.089] START to_move 1
[21:32:27.111] STOP to_move 1 nodes_visited 367
[21:32:27.111] START to_move 2
[21:32:27.120] STOP to_move 2 nodes_visited 156
[21:32:27.120] START to_move 1
[21:32:27.147] STOP to_move 1 nodes_visited 445
[21:32:27.147] START to_move 2
[21:32:27.161] STOP to_move 2 nodes_visited 232
[21:32:27.161] START to_move 1
[21:32:27.188] STOP to_move 1 nodes_visited 439
[21:32:27.188] START to_move 2
[21:32:27.196] STOP to_move 2 nodes_visited 147
[21:32:27.196] START to_move 1
[21:32:27.218] STOP to_move 1 nodes_visited 355
[21:32:27.218] START to_move 2
[21:32:27.226] STOP to_move 2 nodes_visited 143
[21:32:27.226] START to_move 1
[21:32:27.248] STOP to_move 1 nodes_visited 355
[21:32:27.248] START to_move 2
[21:32:27.256] STOP to_move 2 nodes_visited 142
[21:32:27.256] START to_move 1
[21:32:27.274] STOP to_move 1 nodes_visited 289
[21:32:27.274] START to_move 2
[21:32:27.288] STOP to_move 2 nodes_visited 235
[21:32:27.288] START to_move 1
[21:32:27.316] STOP to_move 1 nodes_visited 457
[21:32:27.316] START to_move 2
[21:32:27.325] STOP to_move 2 nodes_visited 148
[21:32:27.325] START to_move 1
[21:32:27.349] STOP to_move 1 nodes_visited 388
[21:32:27.350] START to_move 2
[21:32:27.357] STOP to_move 2 nodes_visited 133
[21:32:27.358] START to_move 1
[21:32:27.377] STOP to_move 1 nodes_visited 331
[21:32:27.378] START to_move 2
[21:32:27.385] STOP to_move 2 nodes_visited 130
[21:32:27.385] START to_move 1
[21:32:27.399] STOP to_move 1 nodes_visited 236
[21:32:27.399] START to_move 2
[21:32:27.407] STOP to_move 2 nodes_visited 131
[21:32:27.407] START to_move 1
[21:32:27.422] STOP to_move 1 nodes_visited 255
[21:32:27.422] START to_move 2
[21:32:27.430] STOP to_move 2 nodes_visited 134
[21:32:27.430] START to_move 1
[21:32:27.447] STOP to_move 1 nodes_visited 285
[21:32:27.447] START to_move 2
[21:32:27.468] STOP to_move 2 nodes_visited 333
[21:32:27.468] START to_move 1
[21:32:27.487] STOP to_move 1 nodes_visited 320
[21:32:27.487] START to_move 2
[21:32:27.495] STOP to_move 2 nodes_visited 128
[21:32:27.495] START to_move 1
[21:32:27.508] STOP to_move 1 nodes_visited 215
[21:32:27.508] START to_move 2
[21:32:27.516] STOP to_move 2 nodes_visited 120
[21:32:27.516] START to_move 1
[21:32:27.528] STOP to_move 1 nodes_visited 215
[21:32:27.529] START to_move 2
[21:32:27.545] STOP to_move 2 nodes_visited 277
[21:32:27.546] START to_move 1
[21:32:27.562] STOP to_move 1 nodes_visited 271
[21:32:27.562] START to_move 2
[21:32:27.571] STOP to_move 2 nodes_visited 141
[21:32:27.571] START to_move 1
[21:32:27.582] STOP to_move 1 nodes_visited 181
[21:32:27.582] START to_move 2
[21:32:27.588] STOP to_move 2 nodes_visited 112
[21:32:27.589] START to_move 1
[21:32:27.592] STOP to_move 1 nodes_visited 62
[21:32:27.592] START to_move 2
[21:32:27.600] STOP to_move 2 nodes_visited 121
[21:32:27.600] START to_move 1
[21:32:27.609] STOP to_move 1 nodes_visited 152
[21:32:27.609] START to_move 2
[21:32:27.616] STOP to_move 2 nodes_visited 116
[21:32:27.616] START to_move 1
[21:32:27.619] STOP to_move 1 nodes_visited 57
[21:32:27.619] START to_move 2
[21:32:27.626] STOP to_move 2 nodes_visited 115
[21:32:27.626] START to_move 1
[21:32:27.635] STOP to_move 1 nodes_visited 138
[21:32:27.635] START to_move 2
[21:32:27.641] STOP to_move 2 nodes_visited 104
[21:32:27.641] START to_move 1
[21:32:27.644] STOP to_move 1 nodes_visited 55
[21:32:27.644] START to_move 2
[21:32:27.651] STOP to_move 2 nodes_visited 109
[21:32:27.651] START to_move 1
[21:32:27.660] STOP to_move 1 nodes_visited 138
[21:32:27.660] START to_move 2
[21:32:27.667] STOP to_move 2 nodes_visited 100
[21:32:27.667] START to_move 1
[21:32:27.670] STOP to_move 1 nodes_visited 55
[21:32:27.670] START to_move 2
[21:32:27.677] STOP to_move 2 nodes_visited 109
[21:32:27.677] START to_move 1
[21:32:27.685] STOP to_move 1 nodes_visited 138
[21:32:27.685] START to_move 2
[21:32:27.691] STOP to_move 2 nodes_visited 100
[21:32:27.691] START to_move 1
[21:32:27.694] STOP to_move 1 nodes_visited 55
[21:32:27.694] START to_move 2
[21:32:27.701] STOP to_move 2 nodes_visited 113
[21:32:27.701] START to_move 1
[21:32:27.708] STOP to_move 1 nodes_visited 126
[21:32:27.708] START to_move 2
[21:32:27.714] STOP to_move 2 nodes_visited 96
[21:32:27.714] START to_move 1
[21:32:27.717] STOP to_move 1 nodes_visited 51
[21:32:27.717] START to_move 2
[21:32:27.724] STOP to_move 2 nodes_visited 105
[21:32:27.724] START to_move 1
[21:32:27.731] STOP to_move 1 nodes_visited 121
[21:32:27.731] START to_move 2
[21:32:27.737] STOP to_move 2 nodes_visited 96
[21:32:27.737] START to_move 1
[21:32:27.740] STOP to_move 1 nodes_visited 51
[21:32:27.740] START to_move 2
[21:32:27.746] STOP to_move 2 nodes_visited 105
[21:32:27.746] START to_move 1
[21:32:27.753] STOP to_move 1 nodes_visited 112
[21:32:27.753] START to_move 2
[21:32:27.758] STOP to_move 2 nodes_visited 90
[21:32:27.758] START to_move 1
[21:32:27.761] STOP to_move 1 nodes_visited 48
[21:32:27.761] START to_move 2
[21:32:27.767] STOP to_move 2 nodes_visited 99
[21:32:27.767] START to_move 1
[21:32:27.774] STOP to_move 1 nodes_visited 107
[21:32:27.774] START to_move 2
[21:32:27.779] STOP to_move 2 nodes_visited 90
[21:32:27.779] START to_move 1
[21:32:27.782] STOP to_move 1 nodes_visited 48
[21:32:27.782] START to_move 2
[21:32:27.788] STOP to_move 2 nodes_visited 95
[21:32:27.788] START to_move 1
[21:32:27.794] STOP to_move 1 nodes_visited 107
[21:32:27.794] START to_move 2
[21:32:27.800] STOP to_move 2 nodes_visited 90
[21:32:27.800] START to_move 1
[21:32:27.802] STOP to_move 1 nodes_visited 46
[21:32:27.803] START to_move 2
[21:32:27.808] STOP to_move 2 nodes_visited 93
[21:32:27.808] START to_move 1
[21:32:27.815] STOP to_move 1 nodes_visited 103
[21:32:27.815] START to_move 2
[21:32:27.820] STOP to_move 2 nodes_visited 84
[21:32:27.820] START to_move 1
[21:32:27.823] STOP to_move 1 nodes_visited 46
[21:32:27.823] START to_move 2
[21:32:27.828] STOP to_move 2 nodes_visited 93
[21:32:27.828] START to_move 1
[21:32:27.834] STOP to_move 1 nodes_visited 103
[21:32:27.834] START to_move 2
[21:32:27.839] STOP to_move 2 nodes_visited 82
[21:32:27.839] START to_move 1
[21:32:27.842] STOP to_move 1 nodes_visited 45
[21:32:27.842] START to_move 2
[21:32:27.847] STOP to_move 2 nodes_visited 89
[21:32:27.848] START to_move 1
[21:32:27.854] STOP to_move 1 nodes_visited 101
[21:32:27.854] START to_move 2
[21:32:27.859] STOP to_move 2 nodes_visited 80
[21:32:27.859] START to_move 1
[21:32:27.861] STOP to_move 1 nodes_visited 45
[21:32:27.862] START to_move 2
[21:32:27.867] STOP to_move 2 nodes_visited 89
[21:32:27.867] START to_move 1
[21:32:27.873] STOP to_move 1 nodes_visited 99
[21:32:27.873] START to_move 2
[21:32:27.878] STOP to_move 2 nodes_visited 76
[21:32:27.878] START to_move 1
[21:32:27.881] STOP to_move 1 nodes_visited 44
[21:32:27.881] START to_move 2
[21:32:27.886] STOP to_move 2 nodes_visited 85
[21:32:27.886] START to_move 1
[21:32:27.891] STOP to_move 1 nodes_visited 94
[21:32:27.892] START to_move 2
[21:32:27.896] STOP to_move 2 nodes_visited 71
[21:32:27.896] START to_move 1
[21:32:27.899] STOP to_move 1 nodes_visited 44
[21:32:27.899] START to_move 2
[21:32:27.903] STOP to_move 2 nodes_visited 77
[21:32:27.903] START to_move 1
[21:32:27.909] STOP to_move 1 nodes_visited 92
[21:32:27.909] START to_move 2
[21:32:27.914] STOP to_move 2 nodes_visited 70
[21:32:27.914] START to_move 1
[21:32:27.916] STOP to_move 1 nodes_visited 38
[21:32:27.916] START to_move 2
[21:32:27.920] STOP to_move 2 nodes_visited 71
[21:32:27.920] START to_move 1
[21:32:27.925] STOP to_move 1 nodes_visited 78
[21:32:27.925] START to_move 2
[21:32:27.929] STOP to_move 2 nodes_visited 63
[21:32:27.929] START to_move 1
[21:32:27.931] STOP to_move 1 nodes_visited 37
[21:32:27.931] START to_move 2
[21:32:27.935] STOP to_move 2 nodes_visited 71
[21:32:27.936] START to_move 1
[21:32:27.940] STOP to_move 1 nodes_visited 76
[21:32:27.940] START to_move 2
[21:32:27.944] STOP to_move 2 nodes_visited 65
[21:32:27.944] START to_move 1
[21:32:27.946] STOP to_move 1 nodes_visited 36
[21:32:27.946] START to_move 2
[21:32:27.950] STOP to_move 2 nodes_visited 69
[21:32:27.951] START to_move 1
[21:32:27.955] STOP to_move 1 nodes_visited 73
[21:32:27.955] START to_move 2
[21:32:27.959] STOP to_move 2 nodes_visited 59
[21:32:27.959] START to_move 1
[21:32:27.961] STOP to_move 1 nodes_visited 34
[21:32:27.961] START to_move 2
[21:32:27.965] STOP to_move 2 nodes_visited 67
[21:32:27.965] START to_move 1
[21:32:27.969] STOP to_move 1 nodes_visited 57
[21:32:27.969] START to_move 2
[21:32:27.972] STOP to_move 2 nodes_visited 49
[21:32:27.972] START to_move 1
[21:32:27.973] STOP to_move 1 nodes_visited 27
[21:32:27.973] START to_move 2
[21:32:27.977] STOP to_move 2 nodes_visited 55
[21:32:27.977] START to_move 1
[21:32:27.980] STOP to_move 1 nodes_visited 57
[21:32:27.980] START to_move 2
[21:32:27.983] STOP to_move 2 nodes_visited 49
[21:32:27.983] START to_move 1
[21:32:27.985] STOP to_move 1 nodes_visited 27
[21:32:27.985] START to_move 2
[21:32:27.988] STOP to_move 2 nodes_visited 51
[21:32:27.988] START to_move 1
[21:32:27.992] STOP to_move 1 nodes_visited 55
[21:32:27.992] START to_move 2
[21:32:27.995] STOP to_move 2 nodes_visited 45
[21:32:27.995] START to_move 1
[21:32:27.996] STOP to_move 1 nodes_visited 26
[21:32:27.996] START to_move 2
[21:32:28.000] STOP to_move 2 nodes_visited 55
[21:32:28.000] START to_move 1
[21:32:28.002] STOP to_move 1 nodes_visited 39
[21:32:28.002] START to_move 2
[21:32:28.004] STOP to_move 2 nodes_visited 31
[21:32:28.004] START to_move 1
[21:32:28.005] STOP to_move 1 nodes_visited 19
[21:32:28.005] START to_move 2
[21:32:28.007] STOP to_move 2 nodes_visited 31
[21:32:28.007] START to_move 1
[21:32:28.010] STOP to_move 1 nodes_visited 43
[21:32:28.010] START to_move 2
[21:32:28.012] STOP to_move 2 nodes_visited 33
[21:32:28.012] START to_move 1
[21:32:28.013] STOP to_move 1 nodes_visited 19
[21:32:28.013] START to_move 2
[21:32:28.015] STOP to_move 2 nodes_visited 29
[21:32:28.015] START to_move 1
[21:32:28.018] STOP to_move 1 nodes_visited 49
[21:32:28.018] START to_move 2
[21:32:28.020] STOP to_move 2 nodes_visited 37
[21:32:28.020] START to_move 1
[21:32:28.022] STOP to_move 1 nodes_visited 20
[21:32:28.022] START to_move 2
[21:32:28.024] STOP to_move 2 nodes_visited 37
[21:32:28.024] START to_move 1
[21:32:28.026] STOP to_move 1 nodes_visited 39
[21:32:28.026] START to_move 2
[21:32:28.028] STOP to_move 2 nodes_visited 27
[21:32:28.028] START to_move 1
[21:32:28.029] STOP to_move 1 nodes_visited 21
[21:32:28.029] START to_move 2
[21:32:28.032] STOP to_move 2 nodes_visited 35
[21:32:28.032] START to_move 1
[21:32:28.034] STOP to_move 1 nodes_visited 39
[21:32:28.034] START to_move 2
[21:32:28.036] STOP to_move 2 nodes_visited 26
[21:32:28.036] START to_move 1
[21:32:28.037] STOP to_move 1 nodes_visited 24
[21:32:28.037] START to_move 2
[21:32:28.040] STOP to_move 2 nodes_visited 39
[21:32:28.040] START to_move 1
[21:32:28.042] STOP to_move 1 nodes_visited 37
[21:32:28.042] START to_move 2
[21:32:28.044] STOP to_move 2 nodes_visited 27
[21:32:28.044] START to_move 1
[21:32:28.045] STOP to_move 1 nodes_visited 18
[21:32:28.045] START to_move 2
[21:32:28.047] STOP to_move 2 nodes_visited 29
[21:32:28.047] START to_move 1
[21:32:28.050] STOP to_move 1 nodes_visited 43
[21:32:28.050] START to_move 2
[21:32:28.052] STOP to_move 2 nodes_visited 31
[21:32:28.052] START to_move 1
[21:32:28.053] STOP to_move 1 nodes_visited 19
[21:32:28.053] START to_move 2
[21:32:28.055] STOP to_move 2 nodes_visited 27
[21:32:28.055] START to_move 1
[21:32:28.058] STOP to_move 1 nodes_visited 52
[21:32:28.058] START to_move 2
[21:32:28.060] STOP to_move 2 nodes_visited 27
[21:32:28.060] START to_move 1
[21:32:28.061] STOP to_move 1 nodes_visited 15
[21:32:28.061] START to_move 2
[21:32:28.062] STOP to_move 2 nodes_visited 23
[21:32:28.062] START to_move 1
[21:32:28.064] STOP to_move 1 nodes_visited 32
[21:32:28.064] START to_move 2
[21:32:28.066] STOP to_move 2 nodes_visited 21
[21:32:28.066] START to_move 1
[21:32:28.067] STOP to_move 1 nodes_visited 14
[21:32:28.067] START to_move 2
[21:32:28.068] STOP to_move 2 nodes_visited 27
[21:32:28.068] START to_move 1
[21:32:28.070] STOP to_move 1 nodes_visited 27
[21:32:28.070] START to_move 2
[21:32:28.071] STOP to_move 2 nodes_visited 18
[21:32:28.071] START to_move 1
[21:32:28.072] STOP to_move 1 nodes_visited 15
[21:32:28.072] START to_move 2
[21:32:28.075] STOP to_move 2 nodes_visited 33
[21:32:28.075] START to_move 1
[21:32:28.077] STOP to_move 1 nodes_visited 27
[21:32:28.077] START to_move 2
[21:32:28.078] STOP to_move 2 nodes_visited 19
[21:32:28.078] START to_move 1
[21:32:28.079] STOP to_move 1 nodes_visited 12
[21:32:28.079] START to_move 2
[21:32:28.080] STOP to_move 2 nodes_visited 21
[21:32:28.080] START to_move 1
[21:32:28.082] STOP to_move 1 nodes_visited 29
[21:32:28.082] START to_move 2
[21:32:28.083] STOP to_move 2 nodes_visited 20
[21:32:28.083] START to_move 1
[21:32:28.084] STOP to_move 1 nodes_visited 15
[21:32:28.084] START to_move 2
[21:32:28.086] STOP to_move 2 nodes_visited 31
[21:32:28.086] START to_move 1
[21:32:28.088] STOP to_move 1 nodes_visited 23
[21:32:28.088] START to_move 2
[21:32:28.088] STOP to_move 2 nodes_visited 14
[21:32:28.088] START to_move 1
[21:32:28.089] STOP to_move 1 nodes_visited 13
[21:32:28.089] START to_move 2
[21:32:28.091] STOP to_move 2 nodes_visited 23
[21:32:28.091] START to_move 1
[21:32:28.093] STOP to_move 1 nodes_visited 31
[21:32:28.093] START to_move 2
[21:32:28.094] STOP to_move 2 nodes_visited 24
[21:32:28.094] START to_move 1
[21:32:28.095] STOP to_move 1 nodes_visited 17
[21:32:28.095] START to_move 2
[21:32:28.097] STOP to_move 2 nodes_visited 35
[21:32:28.097] START to_move 1
[21:32:28.099] STOP to_move 1 nodes_visited 25
[21:32:28.099] START to_move 2
[21:32:28.100] STOP to_move 2 nodes_visited 18
[21:32:28.100] START to_move 1
[21:32:28.101] STOP to_move 1 nodes_visited 13
[21:32:28.101] START to_move 2
[21:32:28.102] STOP to_move 2 nodes_visited 21
[21:32:28.102] START to_move 1
[21:32:28.104] STOP to_move 1 nodes_visited 25
[21:32:28.104] START to_move 2
[21:32:28.105] STOP to_move 2 nodes_visited 18
[21:32:28.105] START to_move 1
[21:32:28.106] STOP to_move 1 nodes_visited 14
[21:32:28.106] START to_move 2
[21:32:28.108] STOP to_move 2 nodes_visited 33
[21:32:28.108] START to_move 1
[21:32:28.109] STOP to_move 1 nodes_visited 13
[21:32:28.109] START to_move 2
[21:32:28.109] STOP to_move 2 nodes_visited 9
[21:32:28.109] START to_move 1
[21:32:28.110] STOP to_move 1 nodes_visited 7
[21:32:28.110] START to_move 2
[21:32:28.111] STOP to_move 2 nodes_visited 17
[21:32:28.111] START to_move 1
[21:32:28.112] STOP to_move 1 nodes_visited 19
[21:32:28.112] START to_move 2
[21:32:28.113] STOP to_move 2 nodes_visited 17
[21:32:28.113] START to_move 1
[21:32:28.113] STOP to_move 1 nodes_visited 7
[21:32:28.113] START to_move 2
[21:32:28.115] STOP to_move 2 nodes_visited 19
[21:32:28.115] START to_move 1
[21:32:28.116] STOP to_move 1 nodes_visited 19
[21:32:28.116] START to_move 2
[21:32:28.117] STOP to_move 2 nodes_visited 17
[21:32:28.117] START to_move 1
[21:32:28.117] STOP to_move 1 nodes_visited 7
[21:32:28.117] START to_move 2
[21:32:28.118] STOP to_move 2 nodes_visited 19
[21:32:28.118] START to_move 1
[21:32:28.119] STOP to_move 1 nodes_visited 13
[21:32:28.119] START to_move 2
[21:32:28.120] STOP to_move 2 nodes_visited 9
[21:32:28.120] START to_move 1
[21:32:28.120] STOP to_move 1 nodes_visited 7
[21:32:28.120] START to_move 2
[21:32:28.121] STOP to_move 2 nodes_visited 17
[21:32:28.121] START to_move 1
[21:32:28.122] STOP to_move 1 nodes_visited 13
[21:32:28.122] START to_move 2
[21:32:28.123] STOP to_move 2 nodes_visited 9
[21:32:28.123] START to_move 1
[21:32:28.123] STOP to_move 1 nodes_visited 7
[21:32:28.123] START to_move 2
[21:32:28.124] STOP to_move 2 nodes_visited 17
[21:32:28.124] START to_move 1
[21:32:28.125] STOP to_move 1 nodes_visited 17
[21:32:28.125] START to_move 2
[21:32:28.126] STOP to_move 2 nodes_visited 13
[21:32:28.126] START to_move 1
[21:32:28.127] STOP to_move 1 nodes_visited 5
[21:32:28.127] START to_move 2
[21:32:28.127] STOP to_move 2 nodes_visited 13
[21:32:28.127] START to_move 1
[21:32:28.129] STOP to_move 1 nodes_visited 17
[21:32:28.129] START to_move 2
[21:32:28.129] STOP to_move 2 nodes_visited 11
[21:32:28.129] START to_move 1
[21:32:28.130] STOP to_move 1 nodes_visited 8
[21:32:28.130] START to_move 2
[21:32:28.131] STOP to_move 2 nodes_visited 17
[21:32:28.131] START to_move 1
[21:32:28.132] STOP to_move 1 nodes_visited 17
[21:32:28.132] START to_move 2
[21:32:28.133] STOP to_move 2 nodes_visited 11
[21:32:28.133] START to_move 1
[21:32:28.133] STOP to_move 1 nodes_visited 6
[21:32:28.133] START to_move 2
[21:32:28.134] STOP to_move 2 nodes_visited 9
[21:32:28.149] END winner 0 - rounds 366
