[21:34:42.441] 1 - distance_function euclides - pruning True
[21:34:42.441] 2 - distance_function chebyshev - pruning True
[21:34:42.442] START to_move 1
[21:34:42.633] STOP to_move 1 nodes_visited 3079
[21:34:42.635] START to_move 2
[21:34:42.922] STOP to_move 2 nodes_visited 4252
[21:34:42.924] START to_move 1
[21:34:43.076] STOP to_move 1 nodes_visited 2510
[21:34:43.078] START to_move 2
[21:34:43.128] STOP to_move 2 nodes_visited 813
[21:34:43.129] START to_move 1
[21:34:43.190] STOP to_move 1 nodes_visited 975
[21:34:43.191] START to_move 2
[21:34:43.239] STOP to_move 2 nodes_visited 785
[21:34:43.239] START to_move 1
[21:34:43.273] STOP to_move 1 nodes_visited 566
[21:34:43.273] START to_move 2
[21:34:43.338] STOP to_move 2 nodes_visited 1050
[21:34:43.339] START to_move 1
[21:34:43.380] STOP to_move 1 nodes_visited 706
[21:34:43.381] START to_move 2
[21:34:43.595] STOP to_move 2 nodes_visited 3341
[21:34:43.597] START to_move 1
[21:34:43.640] STOP to_move 1 nodes_visited 717
[21:34:43.641] START to_move 2
[21:34:43.704] STOP to_move 2 nodes_visited 1031
[21:34:43.705] START to_move 1
[21:34:43.793] STOP to_move 1 nodes_visited 1428
[21:34:43.793] START to_move 2
[21:34:43.909] STOP to_move 2 nodes_visited 1850
[21:34:43.910] START to_move 1
[21:34:43.979] STOP to_move 1 nodes_visited 1151
[21:34:43.980] START to_move 2
[21:34:44.151] STOP to_move 2 nodes_visited 2728
[21:34:44.153] START to_move 1
[21:34:44.273] STOP to_move 1 nodes_visited 1956
[21:34:44.274] START to_move 2
[21:34:44.632] STOP to_move 2 nodes_visited 5546
[21:34:44.636] START to_move 1
[21:34:44.831] STOP to_move 1 nodes_visited 3003
[21:34:44.832] START to_move 2
[21:34:45.003] STOP to_move 2 nodes_visited 2736
[21:34:45.005] START to_move 1
[21:34:45.195] STOP to_move 1 nodes_visited 2972
[21:34:45.197] START to_move 2
[21:34:45.516] STOP to_move 2 nodes_visited 4706
[21:34:45.519] START to_move 1
[21:34:45.712] STOP to_move 1 nodes_visited 3006
[21:34:45.713] START to_move 2
[21:34:45.906] STOP to_move 2 nodes_visited 3043
[21:34:45.908] START to_move 1
[21:34:46.073] STOP to_move 1 nodes_visited 2598
[21:34:46.074] START to_move 2
[21:34:46.099] STOP to_move 2 nodes_visited 408
[21:34:46.099] START to_move 1
[21:34:46.262] STOP to_move 1 nodes_visited 2538
[21:34:46.264] START to_move 2
[21:34:46.289] STOP to_move 2 nodes_visited 411
[21:34:46.289] START to_move 1
[21:34:46.462] STOP to_move 1 nodes_visited 2756
[21:34:46.463] START to_move 2
[21:34:46.489] STOP to_move 2 nodes_visited 413
[21:34:46.489] START to_move 1
[21:34:46.576] STOP to_move 1 nodes_visited 1408
[21:34:46.577] START to_move 2
[21:34:46.601] STOP to_move 2 nodes_visited 401
[21:34:46.601] START to_move 1
[21:34:46.712] STOP to_move 1 nodes_visited 1787
[21:34:46.713] START to_move 2
[21:34:46.739] STOP to_move 2 nodes_visited 401
[21:34:46.739] START to_move 1
[21:34:46.845] STOP to_move 1 nodes_visited 1713
[21:34:46.846] START to_move 2
[21:34:46.942] STOP to_move 2 nodes_visited 1539
[21:34:46.943] START to_move 1
[21:34:47.047] STOP to_move 1 nodes_visited 1661
[21:34:47.048] START to_move 2
[21:34:47.198] STOP to_move 2 nodes_visited 2413
[21:34:47.199] START to_move 1
[21:34:47.285] STOP to_move 1 nodes_visited 1369
[21:34:47.286] START to_move 2
[21:34:47.431] STOP to_move 2 nodes_visited 2320
[21:34:47.432] START to_move 1
[21:34:47.534] STOP to_move 1 nodes_visited 1643
[21:34:47.535] START to_move 2
[21:34:47.687] STOP to_move 2 nodes_visited 2438
[21:34:47.689] START to_move 1
[21:34:47.801] STOP to_move 1 nodes_visited 1824
[21:34:47.803] START to_move 2
[21:34:47.969] STOP to_move 2 nodes_visited 2661
[21:34:47.971] START to_move 1
[21:34:48.080] STOP to_move 1 nodes_visited 1719
[21:34:48.081] START to_move 2
[21:34:48.104] STOP to_move 2 nodes_visited 394
[21:34:48.104] START to_move 1
[21:34:48.204] STOP to_move 1 nodes_visited 1611
[21:34:48.205] START to_move 2
[21:34:48.249] STOP to_move 2 nodes_visited 733
[21:34:48.250] START to_move 1
[21:34:48.328] STOP to_move 1 nodes_visited 1268
[21:34:48.329] START to_move 2
[21:34:48.363] STOP to_move 2 nodes_visited 541
[21:34:48.363] START to_move 1
[21:34:48.458] STOP to_move 1 nodes_visited 1512
[21:34:48.459] START to_move 2
[21:34:48.515] STOP to_move 2 nodes_visited 919
[21:34:48.515] START to_move 1
[21:34:48.604] STOP to_move 1 nodes_visited 1451
[21:34:48.605] START to_move 2
[21:34:48.662] STOP to_move 2 nodes_visited 919
[21:34:48.663] START to_move 1
[21:34:48.720] STOP to_move 1 nodes_visited 963
[21:34:48.721] START to_move 2
[21:34:48.747] STOP to_move 2 nodes_visited 427
[21:34:48.747] START to_move 1
[21:34:48.860] STOP to_move 1 nodes_visited 1898
[21:34:48.861] START to_move 2
[21:34:48.887] STOP to_move 2 nodes_visited 430
[21:34:48.887] START to_move 1
[21:34:48.929] STOP to_move 1 nodes_visited 703
[21:34:48.930] START to_move 2
[21:34:48.955] STOP to_move 2 nodes_visited 429
[21:34:48.955] START to_move 1
[21:34:48.997] STOP to_move 1 nodes_visited 707
[21:34:48.997] START to_move 2
[21:34:49.023] STOP to_move 2 nodes_visited 428
[21:34:49.023] START to_move 1
[21:34:49.070] STOP to_move 1 nodes_visited 809
[21:34:49.071] START to_move 2
[21:34:49.342] STOP to_move 2 nodes_visited 4299
[21:34:49.345] START to_move 1
[21:34:49.387] STOP to_move 1 nodes_visited 708
[21:34:49.387] START to_move 2
[21:34:49.497] STOP to_move 2 nodes_visited 1727
[21:34:49.498] START to_move 1
[21:34:49.547] STOP to_move 1 nodes_visited 827
[21:34:49.548] START to_move 2
[21:34:49.573] STOP to_move 2 nodes_visited 415
[21:34:49.573] START to_move 1
[21:34:49.732] STOP to_move 1 nodes_visited 2590
[21:34:49.733] START to_move 2
[21:34:49.953] STOP to_move 2 nodes_visited 3548
[21:34:49.955] START to_move 1
[21:34:50.101] STOP to_move 1 nodes_visited 2402
[21:34:50.102] START to_move 2
[21:34:50.243] STOP to_move 2 nodes_visited 2230
[21:34:50.244] START to_move 1
[21:34:50.351] STOP to_move 1 nodes_visited 1798
[21:34:50.352] START to_move 2
[21:34:50.457] STOP to_move 2 nodes_visited 1683
[21:34:50.458] START to_move 1
[21:34:50.510] STOP to_move 1 nodes_visited 856
[21:34:50.511] START to_move 2
[21:34:50.611] STOP to_move 2 nodes_visited 1607
[21:34:50.612] START to_move 1
[21:34:50.709] STOP to_move 1 nodes_visited 1589
[21:34:50.710] START to_move 2
[21:34:50.833] STOP to_move 2 nodes_visited 1945
[21:34:50.835] START to_move 1
[21:34:50.974] STOP to_move 1 nodes_visited 2244
[21:34:50.975] START to_move 2
[21:34:51.111] STOP to_move 2 nodes_visited 2142
[21:34:51.112] START to_move 1
[21:34:51.199] STOP to_move 1 nodes_visited 1421
[21:34:51.200] START to_move 2
[21:34:51.225] STOP to_move 2 nodes_visited 407
[21:34:51.225] START to_move 1
[21:34:51.328] STOP to_move 1 nodes_visited 1644
[21:34:51.329] START to_move 2
[21:34:51.367] STOP to_move 2 nodes_visited 614
[21:34:51.368] START to_move 1
[21:34:51.530] STOP to_move 1 nodes_visited 2631
[21:34:51.531] START to_move 2
[21:34:51.570] STOP to_move 2 nodes_visited 626
[21:34:51.570] START to_move 1
[21:34:51.813] STOP to_move 1 nodes_visited 3894
[21:34:51.816] START to_move 2
[21:34:51.856] STOP to_move 2 nodes_visited 617
[21:34:51.857] START to_move 1
[21:34:51.896] STOP to_move 1 nodes_visited 663
[21:34:51.896] START to_move 2
[21:34:51.920] STOP to_move 2 nodes_visited 398
[21:34:51.921] START to_move 1
[21:34:51.963] STOP to_move 1 nodes_visited 716
[21:34:51.963] START to_move 2
[21:34:51.988] STOP to_move 2 nodes_visited 414
[21:34:51.988] START to_move 1
[21:34:52.180] STOP to_move 1 nodes_visited 3099
[21:34:52.183] START to_move 2
[21:34:52.207] STOP to_move 2 nodes_visited 405
[21:34:52.207] START to_move 1
[21:34:52.369] STOP to_move 1 nodes_visited 2643
[21:34:52.371] START to_move 2
[21:34:52.397] STOP to_move 2 nodes_visited 401
[21:34:52.397] START to_move 1
[21:34:52.557] STOP to_move 1 nodes_visited 2621
[21:34:52.558] START to_move 2
[21:34:52.603] STOP to_move 2 nodes_visited 719
[21:34:52.603] START to_move 1
[21:34:52.650] STOP to_move 1 nodes_visited 745
[21:34:52.650] START to_move 2
[21:34:52.699] STOP to_move 2 nodes_visited 765
[21:34:52.699] START to_move 1
[21:34:52.739] STOP to_move 1 nodes_visited 647
[21:34:52.739] START to_move 2
[21:34:52.767] STOP to_move 2 nodes_visited 442
[21:34:52.767] START to_move 1
[21:34:52.937] STOP to_move 1 nodes_visited 2773
[21:34:52.939] START to_move 2
[21:34:52.984] STOP to_move 2 nodes_visited 726
[21:34:52.984] START to_move 1
[21:34:53.037] STOP to_move 1 nodes_visited 880
[21:34:53.038] START to_move 2
[21:34:53.053] STOP to_move 2 nodes_visited 253
[21:34:53.053] START to_move 1
[21:34:53.183] STOP to_move 1 nodes_visited 2161
[21:34:53.184] START to_move 2
[21:34:53.201] STOP to_move 2 nodes_visited 260
[21:34:53.201] START to_move 1
[21:34:53.315] STOP to_move 1 nodes_visited 1880
[21:34:53.316] START to_move 2
[21:34:53.332] STOP to_move 2 nodes_visited 262
[21:34:53.332] START to_move 1
[21:34:53.401] STOP to_move 1 nodes_visited 1097
[21:34:53.401] START to_move 2
[21:34:53.417] STOP to_move 2 nodes_visited 264
[21:34:53.417] START to_move 1
[21:34:53.542] STOP to_move 1 nodes_visited 1986
[21:34:53.543] START to_move 2
[21:34:53.559] STOP to_move 2 nodes_visited 262
[21:34:53.559] START to_move 1
[21:34:53.653] STOP to_move 1 nodes_visited 1551
[21:34:53.654] START to_move 2
[21:34:53.682] STOP to_move 2 nodes_visited 468
[21:34:53.683] START to_move 1
[21:34:53.799] STOP to_move 1 nodes_visited 1904
[21:34:53.800] START to_move 2
[21:34:53.872] STOP to_move 2 nodes_visited 1158
[21:34:53.873] START to_move 1
[21:34:53.945] STOP to_move 1 nodes_visited 1192
[21:34:53.945] START to_move 2
[21:34:53.981] STOP to_move 2 nodes_visited 586
[21:34:53.982] START to_move 1
[21:34:54.018] STOP to_move 1 nodes_visited 583
[21:34:54.018] START to_move 2
[21:34:54.084] STOP to_move 2 nodes_visited 1051
[21:34:54.085] START to_move 1
[21:34:54.126] STOP to_move 1 nodes_visited 694
[21:34:54.126] START to_move 2
[21:34:54.159] STOP to_move 2 nodes_visited 529
[21:34:54.159] START to_move 1
[21:34:54.193] STOP to_move 1 nodes_visited 568
[21:34:54.193] START to_move 2
[21:34:54.230] STOP to_move 2 nodes_visited 600
[21:34:54.230] START to_move 1
[21:34:54.268] STOP to_move 1 nodes_visited 602
[21:34:54.268] START to_move 2
[21:34:54.285] STOP to_move 2 nodes_visited 286
[21:34:54.286] START to_move 1
[21:34:54.324] STOP to_move 1 nodes_visited 588
[21:34:54.324] START to_move 2
[21:34:54.341] STOP to_move 2 nodes_visited 284
[21:34:54.341] START to_move 1
[21:34:54.377] STOP to_move 1 nodes_visited 561
[21:34:54.377] START to_move 2
[21:34:54.394] STOP to_move 2 nodes_visited 290
[21:34:54.395] START to_move 1
[21:34:54.433] STOP to_move 1 nodes_visited 611
[21:34:54.433] START to_move 2
[21:34:54.451] STOP to_move 2 nodes_visited 292
[21:34:54.451] START to_move 1
[21:34:54.494] STOP to_move 1 nodes_visited 688
[21:34:54.494] START to_move 2
[21:34:54.511] STOP to_move 2 nodes_visited 286
[21:34:54.512] START to_move 1
[21:34:54.555] STOP to_move 1 nodes_visited 689
[21:34:54.555] START to_move 2
[21:34:54.572] STOP to_move 2 nodes_visited 288
[21:34:54.572] START to_move 1
[21:34:54.618] STOP to_move 1 nodes_visited 690
[21:34:54.618] START to_move 2
[21:34:54.635] STOP to_move 2 nodes_visited 281
[21:34:54.635] START to_move 1
[21:34:54.668] STOP to_move 1 nodes_visited 543
[21:34:54.668] START to_move 2
[21:34:54.685] STOP to_move 2 nodes_visited 286
[21:34:54.685] START to_move 1
[21:34:54.716] STOP to_move 1 nodes_visited 506
[21:34:54.716] START to_move 2
[21:34:54.732] STOP to_move 2 nodes_visited 267
[21:34:54.732] START to_move 1
[21:34:54.761] STOP to_move 1 nodes_visited 494
[21:34:54.761] START to_move 2
[21:34:54.778] STOP to_move 2 nodes_visited 269
[21:34:54.778] START to_move 1
[21:34:54.800] STOP to_move 1 nodes_visited 371
[21:34:54.800] START to_move 2
[21:34:54.830] STOP to_move 2 nodes_visited 477
[21:34:54.830] START to_move 1
[21:34:54.871] STOP to_move 1 nodes_visited 671
[21:34:54.871] START to_move 2
[21:34:54.901] STOP to_move 2 nodes_visited 478
[21:34:54.901] START to_move 1
[21:34:54.959] STOP to_move 1 nodes_visited 901
[21:34:54.959] START to_move 2
[21:34:54.989] STOP to_move 2 nodes_visited 473
[21:34:54.989] START to_move 1
[21:34:55.036] STOP to_move 1 nodes_visited 736
[21:34:55.036] START to_move 2
[21:34:55.066] STOP to_move 2 nodes_visited 482
[21:34:55.066] START to_move 1
[21:34:55.110] STOP to_move 1 nodes_visited 705
[21:34:55.110] START to_move 2
[21:34:55.139] STOP to_move 2 nodes_visited 472
[21:34:55.140] START to_move 1
[21:34:55.178] STOP to_move 1 nodes_visited 609
[21:34:55.178] START to_move 2
[21:34:55.206] STOP to_move 2 nodes_visited 423
[21:34:55.206] START to_move 1
[21:34:55.233] STOP to_move 1 nodes_visited 429
[21:34:55.233] START to_move 2
[21:34:55.258] STOP to_move 2 nodes_visited 407
[21:34:55.258] START to_move 1
[21:34:55.290] STOP to_move 1 nodes_visited 498
[21:34:55.290] START to_move 2
[21:34:55.356] STOP to_move 2 nodes_visited 1055
[21:34:55.357] START to_move 1
[21:34:55.392] STOP to_move 1 nodes_visited 561
[21:34:55.392] START to_move 2
[21:34:55.417] STOP to_move 2 nodes_visited 396
[21:34:55.417] START to_move 1
[21:34:55.444] STOP to_move 1 nodes_visited 444
[21:34:55.444] START to_move 2
[21:34:55.469] STOP to_move 2 nodes_visited 402
[21:34:55.470] START to_move 1
[21:34:55.495] STOP to_move 1 nodes_visited 413
[21:34:55.495] START to_move 2
[21:34:55.521] STOP to_move 2 nodes_visited 395
[21:34:55.521] START to_move 1
[21:34:55.543] STOP to_move 1 nodes_visited 358
[21:34:55.543] START to_move 2
[21:34:55.573] STOP to_move 2 nodes_visited 487
[21:34:55.573] START to_move 1
[21:34:55.603] STOP to_move 1 nodes_visited 491
[21:34:55.603] START to_move 2
[21:34:55.635] STOP to_move 2 nodes_visited 504
[21:34:55.635] START to_move 1
[21:34:55.673] STOP to_move 1 nodes_visited 622
[21:34:55.674] START to_move 2
[21:34:55.754] STOP to_move 2 nodes_visited 1269
[21:34:55.754] START to_move 1
[21:34:55.798] STOP to_move 1 nodes_visited 678
[21:34:55.798] START to_move 2
[21:34:55.829] STOP to_move 2 nodes_visited 493
[21:34:55.830] START to_move 1
[21:34:55.860] STOP to_move 1 nodes_visited 495
[21:34:55.860] START to_move 2
[21:34:55.890] STOP to_move 2 nodes_visited 468
[21:34:55.890] START to_move 1
[21:34:55.924] STOP to_move 1 nodes_visited 554
[21:34:55.924] START to_move 2
[21:34:55.954] STOP to_move 2 nodes_visited 482
[21:34:55.955] START to_move 1
[21:34:55.988] STOP to_move 1 nodes_visited 544
[21:34:55.988] START to_move 2
[21:34:56.019] STOP to_move 2 nodes_visited 482
[21:34:56.020] START to_move 1
[21:34:56.053] STOP to_move 1 nodes_visited 556
[21:34:56.053] START to_move 2
[21:34:56.122] STOP to_move 2 nodes_visited 1011
[21:34:56.122] START to_move 1
[21:34:56.147] STOP to_move 1 nodes_visited 412
[21:34:56.147] START to_move 2
[21:34:56.171] STOP to_move 2 nodes_visited 391
[21:34:56.172] START to_move 1
[21:34:56.190] STOP to_move 1 nodes_visited 298
[21:34:56.190] START to_move 2
[21:34:56.214] STOP to_move 2 nodes_visited 379
[21:34:56.214] START to_move 1
[21:34:56.236] STOP to_move 1 nodes_visited 354
[21:34:56.236] START to_move 2
[21:34:56.259] STOP to_move 2 nodes_visited 381
[21:34:56.259] START to_move 1
[21:34:56.281] STOP to_move 1 nodes_visited 354
[21:34:56.281] START to_move 2
[21:34:56.290] STOP to_move 2 nodes_visited 150
[21:34:56.290] START to_move 1
[21:34:56.311] STOP to_move 1 nodes_visited 353
[21:34:56.311] START to_move 2
[21:34:56.324] STOP to_move 2 nodes_visited 214
[21:34:56.324] START to_move 1
[21:34:56.343] STOP to_move 1 nodes_visited 308
[21:34:56.343] START to_move 2
[21:34:56.351] STOP to_move 2 nodes_visited 141
[21:34:56.351] START to_move 1
[21:34:56.366] STOP to_move 1 nodes_visited 241
[21:34:56.366] START to_move 2
[21:34:56.382] STOP to_move 2 nodes_visited 254
[21:34:56.382] START to_move 1
[21:34:56.398] STOP to_move 1 nodes_visited 280
[21:34:56.399] START to_move 2
[21:34:56.406] STOP to_move 2 nodes_visited 135
[21:34:56.406] START to_move 1
[21:34:56.435] STOP to_move 1 nodes_visited 448
[21:34:56.436] START to_move 2
[21:34:56.444] STOP to_move 2 nodes_visited 138
[21:34:56.444] START to_move 1
[21:34:56.454] STOP to_move 1 nodes_visited 162
[21:34:56.454] START to_move 2
[21:34:56.463] STOP to_move 2 nodes_visited 154
[21:34:56.463] START to_move 1
[21:34:56.478] STOP to_move 1 nodes_visited 244
[21:34:56.478] START to_move 2
[21:34:56.488] STOP to_move 2 nodes_visited 156
[21:34:56.488] START to_move 1
[21:34:56.502] STOP to_move 1 nodes_visited 228
[21:34:56.502] START to_move 2
[21:34:56.511] STOP to_move 2 nodes_visited 154
[21:34:56.511] START to_move 1
[21:34:56.526] STOP to_move 1 nodes_visited 230
[21:34:56.526] START to_move 2
[21:34:56.535] STOP to_move 2 nodes_visited 160
[21:34:56.536] START to_move 1
[21:34:56.551] STOP to_move 1 nodes_visited 249
[21:34:56.551] START to_move 2
[21:34:56.560] STOP to_move 2 nodes_visited 156
[21:34:56.560] START to_move 1
[21:34:56.574] STOP to_move 1 nodes_visited 235
[21:34:56.575] START to_move 2
[21:34:56.584] STOP to_move 2 nodes_visited 150
[21:34:56.584] START to_move 1
[21:34:56.598] STOP to_move 1 nodes_visited 237
[21:34:56.598] START to_move 2
[21:34:56.607] STOP to_move 2 nodes_visited 148
[21:34:56.607] START to_move 1
[21:34:56.621] STOP to_move 1 nodes_visited 218
[21:34:56.621] START to_move 2
[21:34:56.629] STOP to_move 2 nodes_visited 150
[21:34:56.630] START to_move 1
[21:34:56.650] STOP to_move 1 nodes_visited 336
[21:34:56.650] START to_move 2
[21:34:56.666] STOP to_move 2 nodes_visited 243
[21:34:56.666] START to_move 1
[21:34:56.683] STOP to_move 1 nodes_visited 286
[21:34:56.683] START to_move 2
[21:34:56.692] STOP to_move 2 nodes_visited 151
[21:34:56.692] START to_move 1
[21:34:56.702] STOP to_move 1 nodes_visited 165
[21:34:56.702] START to_move 2
[21:34:56.712] STOP to_move 2 nodes_visited 176
[21:34:56.713] START to_move 1
[21:34:56.726] STOP to_move 1 nodes_visited 196
[21:34:56.726] START to_move 2
[21:34:56.734] STOP to_move 2 nodes_visited 124
[21:34:56.734] START to_move 1
[21:34:56.738] STOP to_move 1 nodes_visited 72
[21:34:56.738] START to_move 2
[21:34:56.747] STOP to_move 2 nodes_visited 145
[21:34:56.747] START to_move 1
[21:34:56.756] STOP to_move 1 nodes_visited 144
[21:34:56.756] START to_move 2
[21:34:56.764] STOP to_move 2 nodes_visited 128
[21:34:56.764] START to_move 1
[21:34:56.769] STOP to_move 1 nodes_visited 72
[21:34:56.769] START to_move 2
[21:34:56.778] STOP to_move 2 nodes_visited 147
[21:34:56.778] START to_move 1
[21:34:56.786] STOP to_move 1 nodes_visited 144
[21:34:56.786] START to_move 2
[21:34:56.794] STOP to_move 2 nodes_visited 128
[21:34:56.794] START to_move 1
[21:34:56.798] STOP to_move 1 nodes_visited 68
[21:34:56.798] START to_move 2
[21:34:56.807] STOP to_move 2 nodes_visited 137
[21:34:56.807] START to_move 1
[21:34:56.815] STOP to_move 1 nodes_visited 136
[21:34:56.815] START to_move 2
[21:34:56.823] STOP to_move 2 nodes_visited 124
[21:34:56.823] START to_move 1
[21:34:56.827] STOP to_move 1 nodes_visited 68
[21:34:56.827] START to_move 2
[21:34:56.836] STOP to_move 2 nodes_visited 147
[21:34:56.836] START to_move 1
[21:34:56.844] STOP to_move 1 nodes_visited 136
[21:34:56.844] START to_move 2
[21:34:56.852] STOP to_move 2 nodes_visited 126
[21:34:56.852] START to_move 1
[21:34:56.856] STOP to_move 1 nodes_visited 68
[21:34:56.856] START to_move 2
[21:34:56.865] STOP to_move 2 nodes_visited 147
[21:34:56.865] START to_move 1
[21:34:56.873] STOP to_move 1 nodes_visited 136
[21:34:56.873] START to_move 2
[21:34:56.881] STOP to_move 2 nodes_visited 126
[21:34:56.881] START to_move 1
[21:34:56.885] STOP to_move 1 nodes_visited 68
[21:34:56.885] START to_move 2
[21:34:56.894] STOP to_move 2 nodes_visited 145
[21:34:56.894] START to_move 1
[21:34:56.902] STOP to_move 1 nodes_visited 136
[21:34:56.902] START to_move 2
[21:34:56.910] STOP to_move 2 nodes_visited 126
[21:34:56.910] START to_move 1
[21:34:56.914] STOP to_move 1 nodes_visited 68
[21:34:56.914] START to_move 2
[21:34:56.923] STOP to_move 2 nodes_visited 147
[21:34:56.923] START to_move 1
[21:34:56.931] STOP to_move 1 nodes_visited 132
[21:34:56.931] START to_move 2
[21:34:56.938] STOP to_move 2 nodes_visited 124
[21:34:56.938] START to_move 1
[21:34:56.942] STOP to_move 1 nodes_visited 66
[21:34:56.942] START to_move 2
[21:34:56.951] STOP to_move 2 nodes_visited 143
[21:34:56.951] START to_move 1
[21:34:56.959] STOP to_move 1 nodes_visited 132
[21:34:56.959] START to_move 2
[21:34:56.967] STOP to_move 2 nodes_visited 124
[21:34:56.967] START to_move 1
[21:34:56.971] STOP to_move 1 nodes_visited 66
[21:34:56.971] START to_move 2
[21:34:56.979] STOP to_move 2 nodes_visited 143
[21:34:56.979] START to_move 1
[21:34:56.987] STOP to_move 1 nodes_visited 132
[21:34:56.987] START to_move 2
[21:34:56.995] STOP to_move 2 nodes_visited 124
[21:34:56.995] START to_move 1
[21:34:56.999] STOP to_move 1 nodes_visited 66
[21:34:56.999] START to_move 2
[21:34:57.008] STOP to_move 2 nodes_visited 151
[21:34:57.008] START to_move 1
[21:34:57.016] STOP to_move 1 nodes_visited 132
[21:34:57.017] START to_move 2
[21:34:57.024] STOP to_move 2 nodes_visited 122
[21:34:57.024] START to_move 1
[21:34:57.028] STOP to_move 1 nodes_visited 62
[21:34:57.028] START to_move 2
[21:34:57.036] STOP to_move 2 nodes_visited 139
[21:34:57.036] START to_move 1
[21:34:57.044] STOP to_move 1 nodes_visited 124
[21:34:57.044] START to_move 2
[21:34:57.051] STOP to_move 2 nodes_visited 116
[21:34:57.051] START to_move 1
[21:34:57.054] STOP to_move 1 nodes_visited 62
[21:34:57.054] START to_move 2
[21:34:57.063] STOP to_move 2 nodes_visited 143
[21:34:57.063] START to_move 1
[21:34:57.072] STOP to_move 1 nodes_visited 124
[21:34:57.072] START to_move 2
[21:34:57.079] STOP to_move 2 nodes_visited 118
[21:34:57.079] START to_move 1
[21:34:57.083] STOP to_move 1 nodes_visited 62
[21:34:57.083] START to_move 2
[21:34:57.092] STOP to_move 2 nodes_visited 143
[21:34:57.092] START to_move 1
[21:34:57.099] STOP to_move 1 nodes_visited 124
[21:34:57.099] START to_move 2
[21:34:57.106] STOP to_move 2 nodes_visited 118
[21:34:57.106] START to_move 1
[21:34:57.110] STOP to_move 1 nodes_visited 62
[21:34:57.110] START to_move 2
[21:34:57.119] STOP to_move 2 nodes_visited 143
[21:34:57.119] START to_move 1
[21:34:57.126] STOP to_move 1 nodes_visited 120
[21:34:57.126] START to_move 2
[21:34:57.133] STOP to_move 2 nodes_visited 116
[21:34:57.133] START to_move 1
[21:34:57.137] STOP to_move 1 nodes_visited 60
[21:34:57.137] START to_move 2
[21:34:57.145] STOP to_move 2 nodes_visited 141
[21:34:57.145] START to_move 1
[21:34:57.152] STOP to_move 1 nodes_visited 120
[21:34:57.152] START to_move 2
[21:34:57.159] STOP to_move 2 nodes_visited 114
[21:34:57.160] START to_move 1
[21:34:57.163] STOP to_move 1 nodes_visited 60
[21:34:57.163] START to_move 2
[21:34:57.172] STOP to_move 2 nodes_visited 141
[21:34:57.172] START to_move 1
[21:34:57.179] STOP to_move 1 nodes_visited 120
[21:34:57.179] START to_move 2
[21:34:57.186] STOP to_move 2 nodes_visited 116
[21:34:57.186] START to_move 1
[21:34:57.190] STOP to_move 1 nodes_visited 60
[21:34:57.190] START to_move 2
[21:34:57.198] STOP to_move 2 nodes_visited 143
[21:34:57.198] START to_move 1
[21:34:57.205] STOP to_move 1 nodes_visited 114
[21:34:57.205] START to_move 2
[21:34:57.212] STOP to_move 2 nodes_visited 110
[21:34:57.212] START to_move 1
[21:34:57.215] STOP to_move 1 nodes_visited 57
[21:34:57.216] START to_move 2
[21:34:57.224] STOP to_move 2 nodes_visited 135
[21:34:57.224] START to_move 1
[21:34:57.230] STOP to_move 1 nodes_visited 114
[21:34:57.230] START to_move 2
[21:34:57.237] STOP to_move 2 nodes_visited 108
[21:34:57.237] START to_move 1
[21:34:57.240] STOP to_move 1 nodes_visited 54
[21:34:57.240] START to_move 2
[21:34:57.248] STOP to_move 2 nodes_visited 121
[21:34:57.248] START to_move 1
[21:34:57.254] STOP to_move 1 nodes_visited 108
[21:34:57.254] START to_move 2
[21:34:57.260] STOP to_move 2 nodes_visited 102
[21:34:57.260] START to_move 1
[21:34:57.264] STOP to_move 1 nodes_visited 56
[21:34:57.264] START to_move 2
[21:34:57.271] STOP to_move 2 nodes_visited 125
[21:34:57.272] START to_move 1
[21:34:57.275] STOP to_move 1 nodes_visited 63
[21:34:57.275] START to_move 2
[21:34:57.284] STOP to_move 2 nodes_visited 138
[21:34:57.284] START to_move 1
[21:34:57.294] STOP to_move 1 nodes_visited 169
[21:34:57.294] START to_move 2
[21:34:57.300] STOP to_move 2 nodes_visited 104
[21:34:57.300] START to_move 1
[21:34:57.304] STOP to_move 1 nodes_visited 58
[21:34:57.304] START to_move 2
[21:34:57.311] STOP to_move 2 nodes_visited 117
[21:34:57.311] START to_move 1
[21:34:57.318] STOP to_move 1 nodes_visited 113
[21:34:57.318] START to_move 2
[21:34:57.324] STOP to_move 2 nodes_visited 102
[21:34:57.324] START to_move 1
[21:34:57.328] STOP to_move 1 nodes_visited 55
[21:34:57.328] START to_move 2
[21:34:57.335] STOP to_move 2 nodes_visited 113
[21:34:57.335] START to_move 1
[21:34:57.341] STOP to_move 1 nodes_visited 109
[21:34:57.341] START to_move 2
[21:34:57.347] STOP to_move 2 nodes_visited 98
[21:34:57.347] START to_move 1
[21:34:57.351] STOP to_move 1 nodes_visited 52
[21:34:57.351] START to_move 2
[21:34:57.357] STOP to_move 2 nodes_visited 103
[21:34:57.357] START to_move 1
[21:34:57.363] STOP to_move 1 nodes_visited 103
[21:34:57.363] START to_move 2
[21:34:57.369] STOP to_move 2 nodes_visited 96
[21:34:57.369] START to_move 1
[21:34:57.373] STOP to_move 1 nodes_visited 51
[21:34:57.373] START to_move 2
[21:34:57.379] STOP to_move 2 nodes_visited 99
[21:34:57.379] START to_move 1
[21:34:57.385] STOP to_move 1 nodes_visited 101
[21:34:57.385] START to_move 2
[21:34:57.391] STOP to_move 2 nodes_visited 94
[21:34:57.391] START to_move 1
[21:34:57.394] STOP to_move 1 nodes_visited 50
[21:34:57.394] START to_move 2
[21:34:57.400] STOP to_move 2 nodes_visited 95
[21:34:57.400] START to_move 1
[21:34:57.406] STOP to_move 1 nodes_visited 99
[21:34:57.406] START to_move 2
[21:34:57.411] STOP to_move 2 nodes_visited 92
[21:34:57.412] START to_move 1
[21:34:57.416] STOP to_move 1 nodes_visited 50
[21:34:57.416] START to_move 2
[21:34:57.422] STOP to_move 2 nodes_visited 95
[21:34:57.422] START to_move 1
[21:34:57.428] STOP to_move 1 nodes_visited 99
[21:34:57.428] START to_move 2
[21:34:57.434] STOP to_move 2 nodes_visited 90
[21:34:57.434] START to_move 1
[21:34:57.437] STOP to_move 1 nodes_visited 50
[21:34:57.437] START to_move 2
[21:34:57.442] STOP to_move 2 nodes_visited 95
[21:34:57.443] START to_move 1
[21:34:57.449] STOP to_move 1 nodes_visited 99
[21:34:57.449] START to_move 2
[21:34:57.454] STOP to_move 2 nodes_visited 90
[21:34:57.455] START to_move 1
[21:34:57.458] STOP to_move 1 nodes_visited 50
[21:34:57.458] START to_move 2
[21:34:57.463] STOP to_move 2 nodes_visited 91
[21:34:57.463] START to_move 1
[21:34:57.477] STOP to_move 1 nodes_visited 233
[21:34:57.478] START to_move 2
[21:34:57.485] STOP to_move 2 nodes_visited 116
[21:34:57.485] START to_move 1
[21:34:57.496] STOP to_move 1 nodes_visited 189
[21:34:57.496] START to_move 2
[21:34:57.502] STOP to_move 2 nodes_visited 100
[21:34:57.502] START to_move 1
[21:34:57.509] STOP to_move 1 nodes_visited 114
[21:34:57.509] END winner 1 - rounds 343
