[23:27:28.193] 1 - distance_function euclides - pruning True
[23:27:28.193] 2 - distance_function chebyshev - pruning True
[23:27:28.193] START to_move 1
[23:27:28.358] STOP to_move 1 nodes_visited 2471
[23:27:28.359] START to_move 2
[23:27:28.387] STOP to_move 2 nodes_visited 447
[23:27:28.388] START to_move 1
[23:27:28.457] STOP to_move 1 nodes_visited 966
[23:27:28.457] START to_move 2
[23:27:28.487] STOP to_move 2 nodes_visited 470
[23:27:28.488] START to_move 1
[23:27:28.563] STOP to_move 1 nodes_visited 1135
[23:27:28.563] START to_move 2
[23:27:28.594] STOP to_move 2 nodes_visited 485
[23:27:28.594] START to_move 1
[23:27:28.659] STOP to_move 1 nodes_visited 969
[23:27:28.660] START to_move 2
[23:27:28.689] STOP to_move 2 nodes_visited 475
[23:27:28.689] START to_move 1
[23:27:28.756] STOP to_move 1 nodes_visited 973
[23:27:28.757] START to_move 2
[23:27:28.786] STOP to_move 2 nodes_visited 472
[23:27:28.786] START to_move 1
[23:27:28.847] STOP to_move 1 nodes_visited 918
[23:27:28.848] START to_move 2
[23:27:28.876] STOP to_move 2 nodes_visited 468
[23:27:28.877] START to_move 1
[23:27:28.940] STOP to_move 1 nodes_visited 950
[23:27:28.940] START to_move 2
[23:27:28.970] STOP to_move 2 nodes_visited 471
[23:27:28.970] START to_move 1
[23:27:29.065] STOP to_move 1 nodes_visited 1469
[23:27:29.065] START to_move 2
[23:27:29.097] STOP to_move 2 nodes_visited 517
[23:27:29.097] START to_move 1
[23:27:29.187] STOP to_move 1 nodes_visited 1418
[23:27:29.188] START to_move 2
[23:27:29.240] STOP to_move 2 nodes_visited 841
[23:27:29.241] START to_move 1
[23:27:29.288] STOP to_move 1 nodes_visited 777
[23:27:29.289] START to_move 2
[23:27:29.327] STOP to_move 2 nodes_visited 605
[23:27:29.328] START to_move 1
[23:27:29.423] STOP to_move 1 nodes_visited 1514
[23:27:29.424] START to_move 2
[23:27:29.461] STOP to_move 2 nodes_visited 610
[23:27:29.461] START to_move 1
[23:27:29.556] STOP to_move 1 nodes_visited 1504
[23:27:29.557] START to_move 2
[23:27:29.597] STOP to_move 2 nodes_visited 602
[23:27:29.597] START to_move 1
[23:27:29.690] STOP to_move 1 nodes_visited 1460
[23:27:29.690] START to_move 2
[23:27:29.739] STOP to_move 2 nodes_visited 792
[23:27:29.739] START to_move 1
[23:27:29.816] STOP to_move 1 nodes_visited 1225
[23:27:29.816] START to_move 2
[23:27:29.854] STOP to_move 2 nodes_visited 605
[23:27:29.854] START to_move 1
[23:27:29.996] STOP to_move 1 nodes_visited 2220
[23:27:29.998] START to_move 2
[23:27:30.040] STOP to_move 2 nodes_visited 608
[23:27:30.041] START to_move 1
[23:27:30.136] STOP to_move 1 nodes_visited 1509
[23:27:30.137] START to_move 2
[23:27:30.194] STOP to_move 2 nodes_visited 893
[23:27:30.195] START to_move 1
[23:27:30.275] STOP to_move 1 nodes_visited 1287
[23:27:30.276] START to_move 2
[23:27:30.315] STOP to_move 2 nodes_visited 623
[23:27:30.315] START to_move 1
[23:27:30.414] STOP to_move 1 nodes_visited 1572
[23:27:30.415] START to_move 2
[23:27:30.454] STOP to_move 2 nodes_visited 614
[23:27:30.454] START to_move 1
[23:27:30.552] STOP to_move 1 nodes_visited 1551
[23:27:30.553] START to_move 2
[23:27:30.592] STOP to_move 2 nodes_visited 635
[23:27:30.592] START to_move 1
[23:27:30.693] STOP to_move 1 nodes_visited 1588
[23:27:30.693] START to_move 2
[23:27:30.734] STOP to_move 2 nodes_visited 631
[23:27:30.734] START to_move 1
[23:27:30.833] STOP to_move 1 nodes_visited 1567
[23:27:30.833] START to_move 2
[23:27:30.872] STOP to_move 2 nodes_visited 630
[23:27:30.873] START to_move 1
[23:27:30.971] STOP to_move 1 nodes_visited 1551
[23:27:30.971] START to_move 2
[23:27:31.008] STOP to_move 2 nodes_visited 573
[23:27:31.008] START to_move 1
[23:27:31.107] STOP to_move 1 nodes_visited 1551
[23:27:31.108] START to_move 2
[23:27:31.142] STOP to_move 2 nodes_visited 570
[23:27:31.142] START to_move 1
[23:27:31.240] STOP to_move 1 nodes_visited 1546
[23:27:31.241] START to_move 2
[23:27:31.275] STOP to_move 2 nodes_visited 569
[23:27:31.276] START to_move 1
[23:27:31.403] STOP to_move 1 nodes_visited 1973
[23:27:31.404] START to_move 2
[23:27:31.437] STOP to_move 2 nodes_visited 548
[23:27:31.437] START to_move 1
[23:27:31.525] STOP to_move 1 nodes_visited 1394
[23:27:31.526] START to_move 2
[23:27:31.563] STOP to_move 2 nodes_visited 588
[23:27:31.564] START to_move 1
[23:27:31.651] STOP to_move 1 nodes_visited 1384
[23:27:31.652] START to_move 2
[23:27:31.685] STOP to_move 2 nodes_visited 556
[23:27:31.685] START to_move 1
[23:27:31.775] STOP to_move 1 nodes_visited 1422
[23:27:31.775] START to_move 2
[23:27:31.809] STOP to_move 2 nodes_visited 559
[23:27:31.810] START to_move 1
[23:27:31.908] STOP to_move 1 nodes_visited 1525
[23:27:31.909] START to_move 2
[23:27:31.943] STOP to_move 2 nodes_visited 555
[23:27:31.943] START to_move 1
[23:27:32.037] STOP to_move 1 nodes_visited 1486
[23:27:32.038] START to_move 2
[23:27:32.092] STOP to_move 2 nodes_visited 873
[23:27:32.092] START to_move 1
[23:27:32.170] STOP to_move 1 nodes_visited 1205
[23:27:32.170] START to_move 2
[23:27:32.205] STOP to_move 2 nodes_visited 567
[23:27:32.205] START to_move 1
[23:27:32.295] STOP to_move 1 nodes_visited 1410
[23:27:32.296] START to_move 2
[23:27:32.326] STOP to_move 2 nodes_visited 496
[23:27:32.326] START to_move 1
[23:27:32.406] STOP to_move 1 nodes_visited 1256
[23:27:32.407] START to_move 2
[23:27:32.438] STOP to_move 2 nodes_visited 502
[23:27:32.439] START to_move 1
[23:27:32.519] STOP to_move 1 nodes_visited 1279
[23:27:32.520] START to_move 2
[23:27:32.551] STOP to_move 2 nodes_visited 496
[23:27:32.551] START to_move 1
[23:27:32.638] STOP to_move 1 nodes_visited 1391
[23:27:32.639] START to_move 2
[23:27:32.668] STOP to_move 2 nodes_visited 484
[23:27:32.668] START to_move 1
[23:27:32.758] STOP to_move 1 nodes_visited 1407
[23:27:32.759] START to_move 2
[23:27:32.789] STOP to_move 2 nodes_visited 483
[23:27:32.789] START to_move 1
[23:27:32.880] STOP to_move 1 nodes_visited 1449
[23:27:32.881] START to_move 2
[23:27:32.911] STOP to_move 2 nodes_visited 483
[23:27:32.911] START to_move 1
[23:27:33.004] STOP to_move 1 nodes_visited 1457
[23:27:33.005] START to_move 2
[23:27:33.035] STOP to_move 2 nodes_visited 498
[23:27:33.036] START to_move 1
[23:27:33.128] STOP to_move 1 nodes_visited 1457
[23:27:33.128] START to_move 2
[23:27:33.159] STOP to_move 2 nodes_visited 499
[23:27:33.159] START to_move 1
[23:27:33.250] STOP to_move 1 nodes_visited 1454
[23:27:33.251] START to_move 2
[23:27:33.283] STOP to_move 2 nodes_visited 499
[23:27:33.283] START to_move 1
[23:27:33.368] STOP to_move 1 nodes_visited 1356
[23:27:33.369] START to_move 2
[23:27:33.401] STOP to_move 2 nodes_visited 519
[23:27:33.401] START to_move 1
[23:27:33.483] STOP to_move 1 nodes_visited 1301
[23:27:33.484] START to_move 2
[23:27:33.531] STOP to_move 2 nodes_visited 767
[23:27:33.531] START to_move 1
[23:27:33.596] STOP to_move 1 nodes_visited 1013
[23:27:33.596] START to_move 2
[23:27:33.628] STOP to_move 2 nodes_visited 515
[23:27:33.628] START to_move 1
[23:27:33.711] STOP to_move 1 nodes_visited 1306
[23:27:33.711] START to_move 2
[23:27:33.743] STOP to_move 2 nodes_visited 530
[23:27:33.744] START to_move 1
[23:27:33.830] STOP to_move 1 nodes_visited 1331
[23:27:33.831] START to_move 2
[23:27:33.863] STOP to_move 2 nodes_visited 530
[23:27:33.863] START to_move 1
[23:27:33.945] STOP to_move 1 nodes_visited 1285
[23:27:33.945] START to_move 2
[23:27:33.997] STOP to_move 2 nodes_visited 838
[23:27:33.997] START to_move 1
[23:27:34.059] STOP to_move 1 nodes_visited 983
[23:27:34.059] START to_move 2
[23:27:34.138] STOP to_move 2 nodes_visited 1235
[23:27:34.139] START to_move 1
[23:27:34.184] STOP to_move 1 nodes_visited 726
[23:27:34.184] START to_move 2
[23:27:34.210] STOP to_move 2 nodes_visited 426
[23:27:34.211] START to_move 1
[23:27:34.280] STOP to_move 1 nodes_visited 1105
[23:27:34.281] START to_move 2
[23:27:34.327] STOP to_move 2 nodes_visited 748
[23:27:34.328] START to_move 1
[23:27:34.382] STOP to_move 1 nodes_visited 854
[23:27:34.382] START to_move 2
[23:27:34.410] STOP to_move 2 nodes_visited 431
[23:27:34.411] START to_move 1
[23:27:34.481] STOP to_move 1 nodes_visited 1119
[23:27:34.482] START to_move 2
[23:27:34.508] STOP to_move 2 nodes_visited 427
[23:27:34.508] START to_move 1
[23:27:34.571] STOP to_move 1 nodes_visited 996
[23:27:34.572] START to_move 2
[23:27:34.586] STOP to_move 2 nodes_visited 234
[23:27:34.586] START to_move 1
[23:27:34.625] STOP to_move 1 nodes_visited 612
[23:27:34.626] START to_move 2
[23:27:34.640] STOP to_move 2 nodes_visited 237
[23:27:34.640] START to_move 1
[23:27:34.675] STOP to_move 1 nodes_visited 550
[23:27:34.675] START to_move 2
[23:27:34.693] STOP to_move 2 nodes_visited 294
[23:27:34.693] START to_move 1
[23:27:34.724] STOP to_move 1 nodes_visited 508
[23:27:34.725] START to_move 2
[23:27:34.742] STOP to_move 2 nodes_visited 294
[23:27:34.743] START to_move 1
[23:27:34.772] STOP to_move 1 nodes_visited 510
[23:27:34.773] START to_move 2
[23:27:34.789] STOP to_move 2 nodes_visited 272
[23:27:34.789] START to_move 1
[23:27:34.814] STOP to_move 1 nodes_visited 416
[23:27:34.814] START to_move 2
[23:27:34.829] STOP to_move 2 nodes_visited 249
[23:27:34.829] START to_move 1
[23:27:34.891] STOP to_move 1 nodes_visited 1030
[23:27:34.892] START to_move 2
[23:27:34.907] STOP to_move 2 nodes_visited 255
[23:27:34.908] START to_move 1
[23:27:34.929] STOP to_move 1 nodes_visited 362
[23:27:34.929] START to_move 2
[23:27:34.944] STOP to_move 2 nodes_visited 256
[23:27:34.945] START to_move 1
[23:27:34.961] STOP to_move 1 nodes_visited 290
[23:27:34.961] START to_move 2
[23:27:34.978] STOP to_move 2 nodes_visited 279
[23:27:34.979] START to_move 1
[23:27:35.001] STOP to_move 1 nodes_visited 352
[23:27:35.001] START to_move 2
[23:27:35.018] STOP to_move 2 nodes_visited 289
[23:27:35.019] START to_move 1
[23:27:35.037] STOP to_move 1 nodes_visited 322
[23:27:35.037] START to_move 2
[23:27:35.056] STOP to_move 2 nodes_visited 304
[23:27:35.056] START to_move 1
[23:27:35.081] STOP to_move 1 nodes_visited 423
[23:27:35.081] START to_move 2
[23:27:35.101] STOP to_move 2 nodes_visited 315
[23:27:35.101] START to_move 1
[23:27:35.128] STOP to_move 1 nodes_visited 457
[23:27:35.128] START to_move 2
[23:27:35.148] STOP to_move 2 nodes_visited 318
[23:27:35.148] START to_move 1
[23:27:35.172] STOP to_move 1 nodes_visited 405
[23:27:35.172] START to_move 2
[23:27:35.192] STOP to_move 2 nodes_visited 323
[23:27:35.192] START to_move 1
[23:27:35.214] STOP to_move 1 nodes_visited 375
[23:27:35.214] START to_move 2
[23:27:35.234] STOP to_move 2 nodes_visited 323
[23:27:35.234] START to_move 1
[23:27:35.255] STOP to_move 1 nodes_visited 352
[23:27:35.255] START to_move 2
[23:27:35.279] STOP to_move 2 nodes_visited 403
[23:27:35.280] START to_move 1
[23:27:35.300] STOP to_move 1 nodes_visited 320
[23:27:35.300] START to_move 2
[23:27:35.321] STOP to_move 2 nodes_visited 344
[23:27:35.321] START to_move 1
[23:27:35.351] STOP to_move 1 nodes_visited 497
[23:27:35.351] START to_move 2
[23:27:35.373] STOP to_move 2 nodes_visited 356
[23:27:35.373] START to_move 1
[23:27:35.399] STOP to_move 1 nodes_visited 442
[23:27:35.399] START to_move 2
[23:27:35.423] STOP to_move 2 nodes_visited 376
[23:27:35.423] START to_move 1
[23:27:35.453] STOP to_move 1 nodes_visited 497
[23:27:35.453] START to_move 2
[23:27:35.476] STOP to_move 2 nodes_visited 373
[23:27:35.476] START to_move 1
[23:27:35.501] STOP to_move 1 nodes_visited 417
[23:27:35.501] START to_move 2
[23:27:35.524] STOP to_move 2 nodes_visited 381
[23:27:35.524] START to_move 1
[23:27:35.548] STOP to_move 1 nodes_visited 416
[23:27:35.549] START to_move 2
[23:27:35.571] STOP to_move 2 nodes_visited 372
[23:27:35.571] START to_move 1
[23:27:35.620] STOP to_move 1 nodes_visited 784
[23:27:35.620] START to_move 2
[23:27:35.643] STOP to_move 2 nodes_visited 368
[23:27:35.643] START to_move 1
[23:27:35.689] STOP to_move 1 nodes_visited 763
[23:27:35.689] START to_move 2
[23:27:35.712] STOP to_move 2 nodes_visited 372
[23:27:35.712] START to_move 1
[23:27:35.756] STOP to_move 1 nodes_visited 747
[23:27:35.757] START to_move 2
[23:27:35.779] STOP to_move 2 nodes_visited 368
[23:27:35.779] START to_move 1
[23:27:35.836] STOP to_move 1 nodes_visited 940
[23:27:35.836] START to_move 2
[23:27:35.858] STOP to_move 2 nodes_visited 370
[23:27:35.859] START to_move 1
[23:27:35.908] STOP to_move 1 nodes_visited 798
[23:27:35.908] START to_move 2
[23:27:35.972] STOP to_move 2 nodes_visited 1038
[23:27:35.973] START to_move 1
[23:27:36.016] STOP to_move 1 nodes_visited 713
[23:27:36.016] START to_move 2
[23:27:36.042] STOP to_move 2 nodes_visited 420
[23:27:36.042] START to_move 1
[23:27:36.078] STOP to_move 1 nodes_visited 613
[23:27:36.079] START to_move 2
[23:27:36.140] STOP to_move 2 nodes_visited 986
[23:27:36.140] START to_move 1
[23:27:36.177] STOP to_move 1 nodes_visited 582
[23:27:36.177] START to_move 2
[23:27:36.209] STOP to_move 2 nodes_visited 525
[23:27:36.209] START to_move 1
[23:27:36.247] STOP to_move 1 nodes_visited 627
[23:27:36.248] START to_move 2
[23:27:36.279] STOP to_move 2 nodes_visited 525
[23:27:36.280] START to_move 1
[23:27:36.317] STOP to_move 1 nodes_visited 622
[23:27:36.317] START to_move 2
[23:27:36.376] STOP to_move 2 nodes_visited 936
[23:27:36.376] START to_move 1
[23:27:36.415] STOP to_move 1 nodes_visited 647
[23:27:36.415] START to_move 2
[23:27:36.504] STOP to_move 2 nodes_visited 1390
[23:27:36.505] START to_move 1
[23:27:36.566] STOP to_move 1 nodes_visited 1020
[23:27:36.567] START to_move 2
[23:27:36.592] STOP to_move 2 nodes_visited 419
[23:27:36.592] START to_move 1
[23:27:36.649] STOP to_move 1 nodes_visited 931
[23:27:36.649] START to_move 2
[23:27:36.670] STOP to_move 2 nodes_visited 348
[23:27:36.670] START to_move 1
[23:27:36.730] STOP to_move 1 nodes_visited 965
[23:27:36.731] START to_move 2
[23:27:36.750] STOP to_move 2 nodes_visited 317
[23:27:36.750] START to_move 1
[23:27:36.801] STOP to_move 1 nodes_visited 854
[23:27:36.802] START to_move 2
[23:27:36.819] STOP to_move 2 nodes_visited 290
[23:27:36.819] START to_move 1
[23:27:36.865] STOP to_move 1 nodes_visited 757
[23:27:36.865] START to_move 2
[23:27:36.924] STOP to_move 2 nodes_visited 949
[23:27:36.924] START to_move 1
[23:27:36.962] STOP to_move 1 nodes_visited 625
[23:27:36.963] START to_move 2
[23:27:36.979] STOP to_move 2 nodes_visited 271
[23:27:36.979] START to_move 1
[23:27:36.992] STOP to_move 1 nodes_visited 216
[23:27:36.992] START to_move 2
[23:27:37.002] STOP to_move 2 nodes_visited 174
[23:27:37.002] START to_move 1
[23:27:37.032] STOP to_move 1 nodes_visited 465
[23:27:37.032] START to_move 2
[23:27:37.042] STOP to_move 2 nodes_visited 177
[23:27:37.042] START to_move 1
[23:27:37.098] STOP to_move 1 nodes_visited 916
[23:27:37.098] START to_move 2
[23:27:37.107] STOP to_move 2 nodes_visited 143
[23:27:37.107] START to_move 1
[23:27:37.135] STOP to_move 1 nodes_visited 458
[23:27:37.135] START to_move 2
[23:27:37.156] STOP to_move 2 nodes_visited 336
[23:27:37.156] START to_move 1
[23:27:37.180] STOP to_move 1 nodes_visited 381
[23:27:37.180] START to_move 2
[23:27:37.199] STOP to_move 2 nodes_visited 313
[23:27:37.200] START to_move 1
[23:27:37.219] STOP to_move 1 nodes_visited 307
[23:27:37.219] START to_move 2
[23:27:37.236] STOP to_move 2 nodes_visited 282
[23:27:37.236] START to_move 1
[23:27:37.256] STOP to_move 1 nodes_visited 321
[23:27:37.256] START to_move 2
[23:27:37.274] STOP to_move 2 nodes_visited 282
[23:27:37.274] START to_move 1
[23:27:37.289] STOP to_move 1 nodes_visited 253
[23:27:37.289] START to_move 2
[23:27:37.307] STOP to_move 2 nodes_visited 280
[23:27:37.307] START to_move 1
[23:27:37.322] STOP to_move 1 nodes_visited 245
[23:27:37.322] START to_move 2
[23:27:37.339] STOP to_move 2 nodes_visited 254
[23:27:37.339] START to_move 1
[23:27:37.353] STOP to_move 1 nodes_visited 213
[23:27:37.353] START to_move 2
[23:27:37.379] STOP to_move 2 nodes_visited 432
[23:27:37.380] START to_move 1
[23:27:37.397] STOP to_move 1 nodes_visited 284
[23:27:37.397] START to_move 2
[23:27:37.406] STOP to_move 2 nodes_visited 150
[23:27:37.406] START to_move 1
[23:27:37.416] STOP to_move 1 nodes_visited 162
[23:27:37.416] START to_move 2
[23:27:37.426] STOP to_move 2 nodes_visited 167
[23:27:37.426] START to_move 1
[23:27:37.456] STOP to_move 1 nodes_visited 482
[23:27:37.456] START to_move 2
[23:27:37.466] STOP to_move 2 nodes_visited 167
[23:27:37.466] START to_move 1
[23:27:37.494] STOP to_move 1 nodes_visited 456
[23:27:37.494] START to_move 2
[23:27:37.504] STOP to_move 2 nodes_visited 167
[23:27:37.505] START to_move 1
[23:27:37.534] STOP to_move 1 nodes_visited 478
[23:27:37.534] START to_move 2
[23:27:37.544] STOP to_move 2 nodes_visited 163
[23:27:37.544] START to_move 1
[23:27:37.557] STOP to_move 1 nodes_visited 219
[23:27:37.558] START to_move 2
[23:27:37.566] STOP to_move 2 nodes_visited 151
[23:27:37.567] START to_move 1
[23:27:37.579] STOP to_move 1 nodes_visited 211
[23:27:37.579] START to_move 2
[23:27:37.589] STOP to_move 2 nodes_visited 157
[23:27:37.589] START to_move 1
[23:27:37.598] STOP to_move 1 nodes_visited 149
[23:27:37.598] START to_move 2
[23:27:37.605] STOP to_move 2 nodes_visited 115
[23:27:37.605] START to_move 1
[23:27:37.615] STOP to_move 1 nodes_visited 165
[23:27:37.615] START to_move 2
[23:27:37.622] STOP to_move 2 nodes_visited 118
[23:27:37.622] START to_move 1
[23:27:37.631] STOP to_move 1 nodes_visited 142
[23:27:37.631] START to_move 2
[23:27:37.637] STOP to_move 2 nodes_visited 118
[23:27:37.638] START to_move 1
[23:27:37.648] STOP to_move 1 nodes_visited 154
[23:27:37.648] START to_move 2
[23:27:37.655] STOP to_move 2 nodes_visited 111
[23:27:37.655] START to_move 1
[23:27:37.664] STOP to_move 1 nodes_visited 143
[23:27:37.664] START to_move 2
[23:27:37.671] STOP to_move 2 nodes_visited 114
[23:27:37.671] START to_move 1
[23:27:37.682] STOP to_move 1 nodes_visited 188
[23:27:37.682] START to_move 2
[23:27:37.689] STOP to_move 2 nodes_visited 114
[23:27:37.689] START to_move 1
[23:27:37.700] STOP to_move 1 nodes_visited 188
[23:27:37.701] START to_move 2
[23:27:37.707] STOP to_move 2 nodes_visited 114
[23:27:37.707] START to_move 1
[23:27:37.717] STOP to_move 1 nodes_visited 155
[23:27:37.717] START to_move 2
[23:27:37.723] STOP to_move 2 nodes_visited 114
[23:27:37.723] START to_move 1
[23:27:37.734] STOP to_move 1 nodes_visited 182
[23:27:37.734] START to_move 2
[23:27:37.741] STOP to_move 2 nodes_visited 114
[23:27:37.741] START to_move 1
[23:27:37.752] STOP to_move 1 nodes_visited 179
[23:27:37.752] START to_move 2
[23:27:37.758] STOP to_move 2 nodes_visited 106
[23:27:37.758] START to_move 1
[23:27:37.768] STOP to_move 1 nodes_visited 160
[23:27:37.768] START to_move 2
[23:27:37.774] STOP to_move 2 nodes_visited 110
[23:27:37.774] START to_move 1
[23:27:37.780] STOP to_move 1 nodes_visited 89
[23:27:37.780] START to_move 2
[23:27:37.786] STOP to_move 2 nodes_visited 104
[23:27:37.786] START to_move 1
[23:27:37.790] STOP to_move 1 nodes_visited 54
[23:27:37.790] START to_move 2
[23:27:37.796] STOP to_move 2 nodes_visited 103
[23:27:37.796] START to_move 1
[23:27:37.803] STOP to_move 1 nodes_visited 112
[23:27:37.803] START to_move 2
[23:27:37.808] STOP to_move 2 nodes_visited 90
[23:27:37.808] START to_move 1
[23:27:37.811] STOP to_move 1 nodes_visited 49
[23:27:37.811] START to_move 2
[23:27:37.817] STOP to_move 2 nodes_visited 93
[23:27:37.817] START to_move 1
[23:27:37.823] STOP to_move 1 nodes_visited 103
[23:27:37.823] START to_move 2
[23:27:37.829] STOP to_move 2 nodes_visited 86
[23:27:37.829] START to_move 1
[23:27:37.831] STOP to_move 1 nodes_visited 43
[23:27:37.831] START to_move 2
[23:27:37.837] STOP to_move 2 nodes_visited 87
[23:27:37.837] START to_move 1
[23:27:37.842] STOP to_move 1 nodes_visited 88
[23:27:37.842] START to_move 2
[23:27:37.847] STOP to_move 2 nodes_visited 78
[23:27:37.847] START to_move 1
[23:27:37.850] STOP to_move 1 nodes_visited 43
[23:27:37.850] START to_move 2
[23:27:37.855] STOP to_move 2 nodes_visited 85
[23:27:37.855] START to_move 1
[23:27:37.860] STOP to_move 1 nodes_visited 91
[23:27:37.860] START to_move 2
[23:27:37.865] STOP to_move 2 nodes_visited 74
[23:27:37.865] START to_move 1
[23:27:37.867] STOP to_move 1 nodes_visited 41
[23:27:37.867] START to_move 2
[23:27:37.873] STOP to_move 2 nodes_visited 85
[23:27:37.873] START to_move 1
[23:27:37.878] STOP to_move 1 nodes_visited 91
[23:27:37.878] START to_move 2
[23:27:37.883] STOP to_move 2 nodes_visited 74
[23:27:37.883] START to_move 1
[23:27:37.885] STOP to_move 1 nodes_visited 39
[23:27:37.885] START to_move 2
[23:27:37.890] STOP to_move 2 nodes_visited 79
[23:27:37.890] START to_move 1
[23:27:37.896] STOP to_move 1 nodes_visited 88
[23:27:37.896] START to_move 2
[23:27:37.900] STOP to_move 2 nodes_visited 68
[23:27:37.900] START to_move 1
[23:27:37.902] STOP to_move 1 nodes_visited 37
[23:27:37.902] START to_move 2
[23:27:37.907] STOP to_move 2 nodes_visited 77
[23:27:37.907] START to_move 1
[23:27:37.911] STOP to_move 1 nodes_visited 70
[23:27:37.911] START to_move 2
[23:27:37.915] STOP to_move 2 nodes_visited 59
[23:27:37.915] START to_move 1
[23:27:37.917] STOP to_move 1 nodes_visited 34
[23:27:37.917] START to_move 2
[23:27:37.921] STOP to_move 2 nodes_visited 63
[23:27:37.921] START to_move 1
[23:27:37.925] STOP to_move 1 nodes_visited 70
[23:27:37.925] START to_move 2
[23:27:37.929] STOP to_move 2 nodes_visited 56
[23:27:37.929] START to_move 1
[23:27:37.931] STOP to_move 1 nodes_visited 32
[23:27:37.931] START to_move 2
[23:27:37.935] STOP to_move 2 nodes_visited 59
[23:27:37.935] START to_move 1
[23:27:37.939] STOP to_move 1 nodes_visited 68
[23:27:37.939] START to_move 2
[23:27:37.942] STOP to_move 2 nodes_visited 51
[23:27:37.942] START to_move 1
[23:27:37.944] STOP to_move 1 nodes_visited 31
[23:27:37.944] START to_move 2
[23:27:37.948] STOP to_move 2 nodes_visited 53
[23:27:37.948] START to_move 1
[23:27:37.952] STOP to_move 1 nodes_visited 62
[23:27:37.952] START to_move 2
[23:27:37.955] STOP to_move 2 nodes_visited 47
[23:27:37.955] START to_move 1
[23:27:37.957] STOP to_move 1 nodes_visited 29
[23:27:37.957] START to_move 2
[23:27:37.960] STOP to_move 2 nodes_visited 51
[23:27:37.960] START to_move 1
[23:27:37.964] STOP to_move 1 nodes_visited 65
[23:27:37.964] START to_move 2
[23:27:37.967] STOP to_move 2 nodes_visited 48
[23:27:37.967] START to_move 1
[23:27:37.969] STOP to_move 1 nodes_visited 28
[23:27:37.969] START to_move 2
[23:27:37.972] STOP to_move 2 nodes_visited 51
[23:27:37.972] START to_move 1
[23:27:37.977] STOP to_move 1 nodes_visited 78
[23:27:37.977] START to_move 2
[23:27:37.980] STOP to_move 2 nodes_visited 47
[23:27:37.980] START to_move 1
[23:27:37.982] STOP to_move 1 nodes_visited 29
[23:27:37.982] START to_move 2
[23:27:37.985] STOP to_move 2 nodes_visited 53
[23:27:37.985] START to_move 1
[23:27:37.989] STOP to_move 1 nodes_visited 61
[23:27:37.989] START to_move 2
[23:27:37.992] STOP to_move 2 nodes_visited 41
[23:27:37.992] START to_move 1
[23:27:37.993] STOP to_move 1 nodes_visited 27
[23:27:37.993] START to_move 2
[23:27:37.997] STOP to_move 2 nodes_visited 49
[23:27:37.998] START to_move 1
[23:27:38.001] STOP to_move 1 nodes_visited 61
[23:27:38.001] START to_move 2
[23:27:38.004] STOP to_move 2 nodes_visited 43
[23:27:38.004] START to_move 1
[23:27:38.006] STOP to_move 1 nodes_visited 26
[23:27:38.006] START to_move 2
[23:27:38.009] STOP to_move 2 nodes_visited 47
[23:27:38.009] START to_move 1
[23:27:38.012] STOP to_move 1 nodes_visited 53
[23:27:38.012] START to_move 2
[23:27:38.015] STOP to_move 2 nodes_visited 41
[23:27:38.015] START to_move 1
[23:27:38.016] STOP to_move 1 nodes_visited 26
[23:27:38.016] START to_move 2
[23:27:38.019] STOP to_move 2 nodes_visited 45
[23:27:38.019] START to_move 1
[23:27:38.022] STOP to_move 1 nodes_visited 51
[23:27:38.022] START to_move 2
[23:27:38.025] STOP to_move 2 nodes_visited 39
[23:27:38.025] START to_move 1
[23:27:38.026] STOP to_move 1 nodes_visited 21
[23:27:38.026] START to_move 2
[23:27:38.029] STOP to_move 2 nodes_visited 41
[23:27:38.029] START to_move 1
[23:27:38.031] STOP to_move 1 nodes_visited 41
[23:27:38.031] START to_move 2
[23:27:38.033] STOP to_move 2 nodes_visited 32
[23:27:38.033] START to_move 1
[23:27:38.035] STOP to_move 1 nodes_visited 23
[23:27:38.035] START to_move 2
[23:27:38.038] STOP to_move 2 nodes_visited 45
[23:27:38.038] START to_move 1
[23:27:38.040] STOP to_move 1 nodes_visited 45
[23:27:38.040] START to_move 2
[23:27:38.043] STOP to_move 2 nodes_visited 35
[23:27:38.043] START to_move 1
[23:27:38.044] STOP to_move 1 nodes_visited 22
[23:27:38.044] START to_move 2
[23:27:38.047] STOP to_move 2 nodes_visited 41
[23:27:38.047] START to_move 1
[23:27:38.049] STOP to_move 1 nodes_visited 45
[23:27:38.050] START to_move 2
[23:27:38.052] STOP to_move 2 nodes_visited 35
[23:27:38.052] START to_move 1
[23:27:38.053] STOP to_move 1 nodes_visited 21
[23:27:38.053] START to_move 2
[23:27:38.056] STOP to_move 2 nodes_visited 39
[23:27:38.056] START to_move 1
[23:27:38.058] STOP to_move 1 nodes_visited 45
[23:27:38.058] START to_move 2
[23:27:38.060] STOP to_move 2 nodes_visited 35
[23:27:38.061] START to_move 1
[23:27:38.062] STOP to_move 1 nodes_visited 20
[23:27:38.062] START to_move 2
[23:27:38.064] STOP to_move 2 nodes_visited 39
[23:27:38.064] START to_move 1
[23:27:38.067] STOP to_move 1 nodes_visited 51
[23:27:38.067] START to_move 2
[23:27:38.069] STOP to_move 2 nodes_visited 35
[23:27:38.070] START to_move 1
[23:27:38.071] STOP to_move 1 nodes_visited 17
[23:27:38.071] START to_move 2
[23:27:38.072] STOP to_move 2 nodes_visited 31
[23:27:38.072] START to_move 1
[23:27:38.075] STOP to_move 1 nodes_visited 44
[23:27:38.075] START to_move 2
[23:27:38.077] STOP to_move 2 nodes_visited 31
[23:27:38.077] START to_move 1
[23:27:38.078] STOP to_move 1 nodes_visited 19
[23:27:38.078] START to_move 2
[23:27:38.081] STOP to_move 2 nodes_visited 37
[23:27:38.081] START to_move 1
[23:27:38.083] STOP to_move 1 nodes_visited 43
[23:27:38.083] START to_move 2
[23:27:38.085] STOP to_move 2 nodes_visited 31
[23:27:38.085] START to_move 1
[23:27:38.086] STOP to_move 1 nodes_visited 19
[23:27:38.086] START to_move 2
[23:27:38.089] STOP to_move 2 nodes_visited 37
[23:27:38.089] START to_move 1
[23:27:38.091] STOP to_move 1 nodes_visited 40
[23:27:38.091] START to_move 2
[23:27:38.093] STOP to_move 2 nodes_visited 31
[23:27:38.093] START to_move 1
[23:27:38.094] STOP to_move 1 nodes_visited 18
[23:27:38.094] START to_move 2
[23:27:38.097] STOP to_move 2 nodes_visited 37
[23:27:38.097] START to_move 1
[23:27:38.099] STOP to_move 1 nodes_visited 35
[23:27:38.099] START to_move 2
[23:27:38.100] STOP to_move 2 nodes_visited 28
[23:27:38.100] START to_move 1
[23:27:38.102] STOP to_move 1 nodes_visited 19
[23:27:38.102] START to_move 2
[23:27:38.104] STOP to_move 2 nodes_visited 39
[23:27:38.104] START to_move 1
[23:27:38.106] STOP to_move 1 nodes_visited 37
[23:27:38.106] START to_move 2
[23:27:38.108] STOP to_move 2 nodes_visited 29
[23:27:38.108] START to_move 1
[23:27:38.109] STOP to_move 1 nodes_visited 18
[23:27:38.109] START to_move 2
[23:27:38.111] STOP to_move 2 nodes_visited 31
[23:27:38.111] START to_move 1
[23:27:38.113] STOP to_move 1 nodes_visited 35
[23:27:38.113] START to_move 2
[23:27:38.115] STOP to_move 2 nodes_visited 26
[23:27:38.115] START to_move 1
[23:27:38.116] STOP to_move 1 nodes_visited 22
[23:27:38.116] START to_move 2
[23:27:38.119] STOP to_move 2 nodes_visited 39
[23:27:38.119] START to_move 1
[23:27:38.122] STOP to_move 1 nodes_visited 44
[23:27:38.122] START to_move 2
[23:27:38.124] STOP to_move 2 nodes_visited 31
[23:27:38.124] START to_move 1
[23:27:38.125] STOP to_move 1 nodes_visited 20
[23:27:38.125] START to_move 2
[23:27:38.127] STOP to_move 2 nodes_visited 37
[23:27:38.127] START to_move 1
[23:27:38.130] STOP to_move 1 nodes_visited 39
[23:27:38.130] START to_move 2
[23:27:38.131] STOP to_move 2 nodes_visited 29
[23:27:38.131] START to_move 1
[23:27:38.132] STOP to_move 1 nodes_visited 17
[23:27:38.133] START to_move 2
[23:27:38.135] STOP to_move 2 nodes_visited 33
[23:27:38.135] START to_move 1
[23:27:38.136] STOP to_move 1 nodes_visited 29
[23:27:38.136] START to_move 2
[23:27:38.138] STOP to_move 2 nodes_visited 22
[23:27:38.138] START to_move 1
[23:27:38.139] STOP to_move 1 nodes_visited 14
[23:27:38.139] START to_move 2
[23:27:38.141] STOP to_move 2 nodes_visited 29
[23:27:38.141] START to_move 1
[23:27:38.142] STOP to_move 1 nodes_visited 30
[23:27:38.143] START to_move 2
[23:27:38.144] STOP to_move 2 nodes_visited 23
[23:27:38.144] START to_move 1
[23:27:38.145] STOP to_move 1 nodes_visited 13
[23:27:38.145] START to_move 2
[23:27:38.147] STOP to_move 2 nodes_visited 29
[23:27:38.147] START to_move 1
[23:27:38.148] STOP to_move 1 nodes_visited 25
[23:27:38.148] START to_move 2
[23:27:38.149] STOP to_move 2 nodes_visited 20
[23:27:38.149] START to_move 1
[23:27:38.151] STOP to_move 1 nodes_visited 17
[23:27:38.151] START to_move 2
[23:27:38.153] STOP to_move 2 nodes_visited 33
[23:27:38.153] START to_move 1
[23:27:38.154] STOP to_move 1 nodes_visited 23
[23:27:38.154] START to_move 2
[23:27:38.155] STOP to_move 2 nodes_visited 18
[23:27:38.155] START to_move 1
[23:27:38.156] STOP to_move 1 nodes_visited 16
[23:27:38.156] START to_move 2
[23:27:38.158] STOP to_move 2 nodes_visited 25
[23:27:38.158] START to_move 1
[23:27:38.160] STOP to_move 1 nodes_visited 37
[23:27:38.160] START to_move 2
[23:27:38.162] STOP to_move 2 nodes_visited 31
[23:27:38.162] START to_move 1
[23:27:38.163] STOP to_move 1 nodes_visited 18
[23:27:38.163] START to_move 2
[23:27:38.165] STOP to_move 2 nodes_visited 31
[23:27:38.165] START to_move 1
[23:27:38.167] STOP to_move 1 nodes_visited 23
[23:27:38.167] START to_move 2
[23:27:38.168] STOP to_move 2 nodes_visited 16
[23:27:38.168] START to_move 1
[23:27:38.168] STOP to_move 1 nodes_visited 14
[23:27:38.169] START to_move 2
[23:27:38.170] STOP to_move 2 nodes_visited 29
[23:27:38.170] START to_move 1
[23:27:38.172] STOP to_move 1 nodes_visited 25
[23:27:38.172] START to_move 2
[23:27:38.173] STOP to_move 2 nodes_visited 16
[23:27:38.173] START to_move 1
[23:27:38.174] STOP to_move 1 nodes_visited 14
[23:27:38.174] START to_move 2
[23:27:38.175] STOP to_move 2 nodes_visited 25
[23:27:38.175] START to_move 1
[23:27:38.177] STOP to_move 1 nodes_visited 33
[23:27:38.177] START to_move 2
[23:27:38.179] STOP to_move 2 nodes_visited 26
[23:27:38.179] START to_move 1
[23:27:38.180] STOP to_move 1 nodes_visited 14
[23:27:38.180] START to_move 2
[23:27:38.181] STOP to_move 2 nodes_visited 25
[23:27:38.181] START to_move 1
[23:27:38.183] STOP to_move 1 nodes_visited 27
[23:27:38.183] START to_move 2
[23:27:38.184] STOP to_move 2 nodes_visited 21
[23:27:38.184] START to_move 1
[23:27:38.185] STOP to_move 1 nodes_visited 6
[23:27:38.185] START to_move 2
[23:27:38.185] STOP to_move 2 nodes_visited 13
[23:27:38.185] START to_move 1
[23:27:38.186] STOP to_move 1 nodes_visited 17
[23:27:38.186] START to_move 2
[23:27:38.187] STOP to_move 2 nodes_visited 14
[23:27:38.187] START to_move 1
[23:27:38.188] STOP to_move 1 nodes_visited 10
[23:27:38.188] START to_move 2
[23:27:38.189] STOP to_move 2 nodes_visited 21
[23:27:38.189] START to_move 1
[23:27:38.190] STOP to_move 1 nodes_visited 17
[23:27:38.190] START to_move 2
[23:27:38.191] STOP to_move 2 nodes_visited 14
[23:27:38.191] START to_move 1
[23:27:38.191] STOP to_move 1 nodes_visited 6
[23:27:38.191] START to_move 2
[23:27:38.192] STOP to_move 2 nodes_visited 11
[23:27:38.192] START to_move 1
[23:27:38.193] STOP to_move 1 nodes_visited 17
[23:27:38.193] START to_move 2
[23:27:38.194] STOP to_move 2 nodes_visited 12
[23:27:38.194] START to_move 1
[23:27:38.194] STOP to_move 1 nodes_visited 6
[23:27:38.194] START to_move 2
[23:27:38.195] STOP to_move 2 nodes_visited 11
[23:27:38.195] START to_move 1
[23:27:38.196] STOP to_move 1 nodes_visited 15
[23:27:38.196] START to_move 2
[23:27:38.197] STOP to_move 2 nodes_visited 12
[23:27:38.197] START to_move 1
[23:27:38.197] STOP to_move 1 nodes_visited 7
[23:27:38.197] START to_move 2
[23:27:38.198] STOP to_move 2 nodes_visited 15
[23:27:38.198] START to_move 1
[23:27:38.199] STOP to_move 1 nodes_visited 15
[23:27:38.199] START to_move 2
[23:27:38.200] STOP to_move 2 nodes_visited 12
[23:27:38.200] START to_move 1
[23:27:38.200] STOP to_move 1 nodes_visited 7
[23:27:38.200] START to_move 2
[23:27:38.201] STOP to_move 2 nodes_visited 15
[23:27:38.201] START to_move 1
[23:27:38.202] STOP to_move 1 nodes_visited 19
[23:27:38.202] START to_move 2
[23:27:38.203] STOP to_move 2 nodes_visited 16
[23:27:38.203] START to_move 1
[23:27:38.204] STOP to_move 1 nodes_visited 7
[23:27:38.204] START to_move 2
[23:27:38.204] STOP to_move 2 nodes_visited 13
[23:27:38.204] START to_move 1
[23:27:38.205] STOP to_move 1 nodes_visited 17
[23:27:38.205] START to_move 2
[23:27:38.206] STOP to_move 2 nodes_visited 12
[23:27:38.206] START to_move 1
[23:27:38.207] STOP to_move 1 nodes_visited 7
[23:27:38.207] START to_move 2
[23:27:38.207] STOP to_move 2 nodes_visited 13
[23:27:38.208] START to_move 1
[23:27:38.209] STOP to_move 1 nodes_visited 19
[23:27:38.209] START to_move 2
[23:27:38.210] STOP to_move 2 nodes_visited 16
[23:27:38.223] END winner 0 - rounds 422
