[22:54:34.085] 1 - distance_function euclides - pruning True
[22:54:34.085] 2 - distance_function chebyshev - pruning True
[22:54:34.085] START to_move 1
[22:54:34.184] STOP to_move 1 nodes_visited 1608
[22:54:34.185] START to_move 2
[22:54:34.542] STOP to_move 2 nodes_visited 5412
[22:54:34.545] START to_move 1
[22:54:34.602] STOP to_move 1 nodes_visited 916
[22:54:34.603] START to_move 2
[22:54:34.675] STOP to_move 2 nodes_visited 1142
[22:54:34.676] START to_move 1
[22:54:34.730] STOP to_move 1 nodes_visited 913
[22:54:34.731] START to_move 2
[22:54:34.788] STOP to_move 2 nodes_visited 936
[22:54:34.789] START to_move 1
[22:54:34.825] STOP to_move 1 nodes_visited 615
[22:54:34.826] START to_move 2
[22:54:34.968] STOP to_move 2 nodes_visited 2237
[22:54:34.969] START to_move 1
[22:54:35.010] STOP to_move 1 nodes_visited 685
[22:54:35.010] START to_move 2
[22:54:35.155] STOP to_move 2 nodes_visited 2264
[22:54:35.156] START to_move 1
[22:54:35.186] STOP to_move 1 nodes_visited 511
[22:54:35.187] START to_move 2
[22:54:35.323] STOP to_move 2 nodes_visited 2183
[22:54:35.324] START to_move 1
[22:54:35.369] STOP to_move 1 nodes_visited 749
[22:54:35.370] START to_move 2
[22:54:35.419] STOP to_move 2 nodes_visited 775
[22:54:35.419] START to_move 1
[22:54:35.458] STOP to_move 1 nodes_visited 669
[22:54:35.459] START to_move 2
[22:54:35.495] STOP to_move 2 nodes_visited 593
[22:54:35.496] START to_move 1
[22:54:35.537] STOP to_move 1 nodes_visited 698
[22:54:35.538] START to_move 2
[22:54:35.567] STOP to_move 2 nodes_visited 471
[22:54:35.567] START to_move 1
[22:54:35.599] STOP to_move 1 nodes_visited 536
[22:54:35.600] START to_move 2
[22:54:35.623] STOP to_move 2 nodes_visited 382
[22:54:35.623] START to_move 1
[22:54:35.663] STOP to_move 1 nodes_visited 662
[22:54:35.663] START to_move 2
[22:54:35.687] STOP to_move 2 nodes_visited 392
[22:54:35.687] START to_move 1
[22:54:35.725] STOP to_move 1 nodes_visited 616
[22:54:35.726] START to_move 2
[22:54:35.761] STOP to_move 2 nodes_visited 590
[22:54:35.761] START to_move 1
[22:54:35.794] STOP to_move 1 nodes_visited 556
[22:54:35.795] START to_move 2
[22:54:35.847] STOP to_move 2 nodes_visited 835
[22:54:35.848] START to_move 1
[22:54:35.888] STOP to_move 1 nodes_visited 682
[22:54:35.889] START to_move 2
[22:54:35.915] STOP to_move 2 nodes_visited 428
[22:54:35.915] START to_move 1
[22:54:35.953] STOP to_move 1 nodes_visited 645
[22:54:35.954] START to_move 2
[22:54:35.981] STOP to_move 2 nodes_visited 423
[22:54:35.981] START to_move 1
[22:54:36.014] STOP to_move 1 nodes_visited 560
[22:54:36.015] START to_move 2
[22:54:36.118] STOP to_move 2 nodes_visited 1630
[22:54:36.119] START to_move 1
[22:54:36.155] STOP to_move 1 nodes_visited 608
[22:54:36.155] START to_move 2
[22:54:36.182] STOP to_move 2 nodes_visited 431
[22:54:36.182] START to_move 1
[22:54:36.220] STOP to_move 1 nodes_visited 649
[22:54:36.220] START to_move 2
[22:54:36.271] STOP to_move 2 nodes_visited 774
[22:54:36.271] START to_move 1
[22:54:36.304] STOP to_move 1 nodes_visited 563
[22:54:36.304] START to_move 2
[22:54:36.574] STOP to_move 2 nodes_visited 4148
[22:54:36.576] START to_move 1
[22:54:36.608] STOP to_move 1 nodes_visited 533
[22:54:36.608] START to_move 2
[22:54:36.692] STOP to_move 2 nodes_visited 1323
[22:54:36.693] START to_move 1
[22:54:36.732] STOP to_move 1 nodes_visited 651
[22:54:36.732] START to_move 2
[22:54:36.779] STOP to_move 2 nodes_visited 746
[22:54:36.779] START to_move 1
[22:54:36.812] STOP to_move 1 nodes_visited 549
[22:54:36.812] START to_move 2
[22:54:36.858] STOP to_move 2 nodes_visited 718
[22:54:36.859] START to_move 1
[22:54:36.891] STOP to_move 1 nodes_visited 538
[22:54:36.891] START to_move 2
[22:54:36.938] STOP to_move 2 nodes_visited 738
[22:54:36.938] START to_move 1
[22:54:36.980] STOP to_move 1 nodes_visited 703
[22:54:36.981] START to_move 2
[22:54:37.027] STOP to_move 2 nodes_visited 755
[22:54:37.028] START to_move 1
[22:54:37.070] STOP to_move 1 nodes_visited 703
[22:54:37.070] START to_move 2
[22:54:37.119] STOP to_move 2 nodes_visited 752
[22:54:37.120] START to_move 1
[22:54:37.168] STOP to_move 1 nodes_visited 795
[22:54:37.168] START to_move 2
[22:54:37.215] STOP to_move 2 nodes_visited 755
[22:54:37.215] START to_move 1
[22:54:37.258] STOP to_move 1 nodes_visited 715
[22:54:37.258] START to_move 2
[22:54:37.305] STOP to_move 2 nodes_visited 750
[22:54:37.305] START to_move 1
[22:54:37.348] STOP to_move 1 nodes_visited 704
[22:54:37.348] START to_move 2
[22:54:37.624] STOP to_move 2 nodes_visited 4317
[22:54:37.627] START to_move 1
[22:54:37.658] STOP to_move 1 nodes_visited 526
[22:54:37.659] START to_move 2
[22:54:37.707] STOP to_move 2 nodes_visited 762
[22:54:37.708] START to_move 1
[22:54:37.749] STOP to_move 1 nodes_visited 690
[22:54:37.749] START to_move 2
[22:54:37.897] STOP to_move 2 nodes_visited 2326
[22:54:37.899] START to_move 1
[22:54:37.927] STOP to_move 1 nodes_visited 481
[22:54:37.928] START to_move 2
[22:54:37.980] STOP to_move 2 nodes_visited 810
[22:54:37.981] START to_move 1
[22:54:38.008] STOP to_move 1 nodes_visited 473
[22:54:38.008] START to_move 2
[22:54:38.077] STOP to_move 2 nodes_visited 1089
[22:54:38.078] START to_move 1
[22:54:38.165] STOP to_move 1 nodes_visited 1428
[22:54:38.165] START to_move 2
[22:54:38.253] STOP to_move 2 nodes_visited 1353
[22:54:38.254] START to_move 1
[22:54:38.358] STOP to_move 1 nodes_visited 1697
[22:54:38.359] START to_move 2
[22:54:38.445] STOP to_move 2 nodes_visited 1363
[22:54:38.446] START to_move 1
[22:54:38.476] STOP to_move 1 nodes_visited 500
[22:54:38.476] START to_move 2
[22:54:38.566] STOP to_move 2 nodes_visited 1390
[22:54:38.567] START to_move 1
[22:54:38.589] STOP to_move 1 nodes_visited 387
[22:54:38.589] START to_move 2
[22:54:38.631] STOP to_move 2 nodes_visited 673
[22:54:38.631] START to_move 1
[22:54:38.666] STOP to_move 1 nodes_visited 587
[22:54:38.666] START to_move 2
[22:54:38.707] STOP to_move 2 nodes_visited 673
[22:54:38.707] START to_move 1
[22:54:38.832] STOP to_move 1 nodes_visited 2037
[22:54:38.833] START to_move 2
[22:54:39.010] STOP to_move 2 nodes_visited 2830
[22:54:39.012] START to_move 1
[22:54:39.119] STOP to_move 1 nodes_visited 1746
[22:54:39.120] START to_move 2
[22:54:39.243] STOP to_move 2 nodes_visited 1956
[22:54:39.244] START to_move 1
[22:54:39.324] STOP to_move 1 nodes_visited 1295
[22:54:39.325] START to_move 2
[22:54:39.455] STOP to_move 2 nodes_visited 2053
[22:54:39.456] START to_move 1
[22:54:39.499] STOP to_move 1 nodes_visited 721
[22:54:39.500] START to_move 2
[22:54:39.551] STOP to_move 2 nodes_visited 823
[22:54:39.551] START to_move 1
[22:54:39.625] STOP to_move 1 nodes_visited 1193
[22:54:39.626] START to_move 2
[22:54:39.678] STOP to_move 2 nodes_visited 856
[22:54:39.679] START to_move 1
[22:54:39.739] STOP to_move 1 nodes_visited 1011
[22:54:39.740] START to_move 2
[22:54:39.793] STOP to_move 2 nodes_visited 866
[22:54:39.794] START to_move 1
[22:54:39.847] STOP to_move 1 nodes_visited 894
[22:54:39.848] START to_move 2
[22:54:39.907] STOP to_move 2 nodes_visited 933
[22:54:39.908] START to_move 1
[22:54:39.954] STOP to_move 1 nodes_visited 777
[22:54:39.955] START to_move 2
[22:54:39.999] STOP to_move 2 nodes_visited 723
[22:54:39.999] START to_move 1
[22:54:40.034] STOP to_move 1 nodes_visited 581
[22:54:40.034] START to_move 2
[22:54:40.076] STOP to_move 2 nodes_visited 681
[22:54:40.077] START to_move 1
[22:54:40.101] STOP to_move 1 nodes_visited 413
[22:54:40.101] START to_move 2
[22:54:40.145] STOP to_move 2 nodes_visited 706
[22:54:40.145] START to_move 1
[22:54:40.195] STOP to_move 1 nodes_visited 801
[22:54:40.195] START to_move 2
[22:54:40.239] STOP to_move 2 nodes_visited 720
[22:54:40.240] START to_move 1
[22:54:40.319] STOP to_move 1 nodes_visited 1294
[22:54:40.319] START to_move 2
[22:54:40.351] STOP to_move 2 nodes_visited 515
[22:54:40.351] START to_move 1
[22:54:40.405] STOP to_move 1 nodes_visited 894
[22:54:40.405] START to_move 2
[22:54:40.437] STOP to_move 2 nodes_visited 515
[22:54:40.437] START to_move 1
[22:54:40.478] STOP to_move 1 nodes_visited 656
[22:54:40.478] START to_move 2
[22:54:40.509] STOP to_move 2 nodes_visited 509
[22:54:40.510] START to_move 1
[22:54:40.543] STOP to_move 1 nodes_visited 554
[22:54:40.543] START to_move 2
[22:54:40.574] STOP to_move 2 nodes_visited 509
[22:54:40.575] START to_move 1
[22:54:40.608] STOP to_move 1 nodes_visited 564
[22:54:40.609] START to_move 2
[22:54:40.640] STOP to_move 2 nodes_visited 509
[22:54:40.640] START to_move 1
[22:54:40.674] STOP to_move 1 nodes_visited 569
[22:54:40.675] START to_move 2
[22:54:40.696] STOP to_move 2 nodes_visited 351
[22:54:40.696] START to_move 1
[22:54:40.733] STOP to_move 1 nodes_visited 623
[22:54:40.733] START to_move 2
[22:54:40.827] STOP to_move 2 nodes_visited 1484
[22:54:40.828] START to_move 1
[22:54:40.864] STOP to_move 1 nodes_visited 608
[22:54:40.865] START to_move 2
[22:54:40.946] STOP to_move 2 nodes_visited 1310
[22:54:40.947] START to_move 1
[22:54:40.978] STOP to_move 1 nodes_visited 526
[22:54:40.979] START to_move 2
[22:54:41.007] STOP to_move 2 nodes_visited 457
[22:54:41.007] START to_move 1
[22:54:41.039] STOP to_move 1 nodes_visited 516
[22:54:41.039] START to_move 2
[22:54:41.067] STOP to_move 2 nodes_visited 457
[22:54:41.067] START to_move 1
[22:54:41.100] STOP to_move 1 nodes_visited 531
[22:54:41.100] START to_move 2
[22:54:41.145] STOP to_move 2 nodes_visited 729
[22:54:41.146] START to_move 1
[22:54:41.176] STOP to_move 1 nodes_visited 515
[22:54:41.176] START to_move 2
[22:54:41.201] STOP to_move 2 nodes_visited 403
[22:54:41.201] START to_move 1
[22:54:41.226] STOP to_move 1 nodes_visited 417
[22:54:41.226] START to_move 2
[22:54:41.247] STOP to_move 2 nodes_visited 344
[22:54:41.247] START to_move 1
[22:54:41.291] STOP to_move 1 nodes_visited 709
[22:54:41.291] START to_move 2
[22:54:41.312] STOP to_move 2 nodes_visited 346
[22:54:41.312] START to_move 1
[22:54:41.357] STOP to_move 1 nodes_visited 716
[22:54:41.357] START to_move 2
[22:54:41.382] STOP to_move 2 nodes_visited 410
[22:54:41.382] START to_move 1
[22:54:41.415] STOP to_move 1 nodes_visited 542
[22:54:41.415] START to_move 2
[22:54:41.431] STOP to_move 2 nodes_visited 263
[22:54:41.431] START to_move 1
[22:54:41.461] STOP to_move 1 nodes_visited 495
[22:54:41.461] START to_move 2
[22:54:41.474] STOP to_move 2 nodes_visited 226
[22:54:41.475] START to_move 1
[22:54:41.490] STOP to_move 1 nodes_visited 259
[22:54:41.490] START to_move 2
[22:54:41.511] STOP to_move 2 nodes_visited 347
[22:54:41.511] START to_move 1
[22:54:41.530] STOP to_move 1 nodes_visited 301
[22:54:41.530] START to_move 2
[22:54:41.558] STOP to_move 2 nodes_visited 454
[22:54:41.559] START to_move 1
[22:54:41.576] STOP to_move 1 nodes_visited 283
[22:54:41.576] START to_move 2
[22:54:41.593] STOP to_move 2 nodes_visited 271
[22:54:41.593] START to_move 1
[22:54:41.610] STOP to_move 1 nodes_visited 286
[22:54:41.610] START to_move 2
[22:54:41.626] STOP to_move 2 nodes_visited 237
[22:54:41.626] START to_move 1
[22:54:41.643] STOP to_move 1 nodes_visited 270
[22:54:41.643] START to_move 2
[22:54:41.652] STOP to_move 2 nodes_visited 169
[22:54:41.653] START to_move 1
[22:54:41.665] STOP to_move 1 nodes_visited 201
[22:54:41.665] START to_move 2
[22:54:41.674] STOP to_move 2 nodes_visited 169
[22:54:41.675] START to_move 1
[22:54:41.687] STOP to_move 1 nodes_visited 201
[22:54:41.687] START to_move 2
[22:54:41.696] STOP to_move 2 nodes_visited 158
[22:54:41.696] START to_move 1
[22:54:41.703] STOP to_move 1 nodes_visited 127
[22:54:41.703] START to_move 2
[22:54:41.714] STOP to_move 2 nodes_visited 180
[22:54:41.714] START to_move 1
[22:54:41.731] STOP to_move 1 nodes_visited 277
[22:54:41.731] START to_move 2
[22:54:41.742] STOP to_move 2 nodes_visited 180
[22:54:41.742] START to_move 1
[22:54:41.756] STOP to_move 1 nodes_visited 237
[22:54:41.757] START to_move 2
[22:54:41.767] STOP to_move 2 nodes_visited 180
[22:54:41.767] START to_move 1
[22:54:41.782] STOP to_move 1 nodes_visited 240
[22:54:41.782] START to_move 2
[22:54:41.792] STOP to_move 2 nodes_visited 172
[22:54:41.793] START to_move 1
[22:54:41.807] STOP to_move 1 nodes_visited 228
[22:54:41.807] START to_move 2
[22:54:41.817] STOP to_move 2 nodes_visited 160
[22:54:41.817] START to_move 1
[22:54:41.831] STOP to_move 1 nodes_visited 234
[22:54:41.832] START to_move 2
[22:54:41.841] STOP to_move 2 nodes_visited 160
[22:54:41.841] START to_move 1
[22:54:41.855] STOP to_move 1 nodes_visited 227
[22:54:41.855] START to_move 2
[22:54:41.877] STOP to_move 2 nodes_visited 337
[22:54:41.877] START to_move 1
[22:54:41.891] STOP to_move 1 nodes_visited 221
[22:54:41.891] START to_move 2
[22:54:41.899] STOP to_move 2 nodes_visited 133
[22:54:41.899] START to_move 1
[22:54:41.908] STOP to_move 1 nodes_visited 150
[22:54:41.908] START to_move 2
[22:54:41.916] STOP to_move 2 nodes_visited 131
[22:54:41.916] START to_move 1
[22:54:41.925] STOP to_move 1 nodes_visited 150
[22:54:41.925] START to_move 2
[22:54:41.937] STOP to_move 2 nodes_visited 172
[22:54:41.937] START to_move 1
[22:54:41.946] STOP to_move 1 nodes_visited 140
[22:54:41.946] START to_move 2
[22:54:41.960] STOP to_move 2 nodes_visited 221
[22:54:41.960] START to_move 1
[22:54:41.971] STOP to_move 1 nodes_visited 172
[22:54:41.971] START to_move 2
[22:54:41.980] STOP to_move 2 nodes_visited 152
[22:54:41.980] START to_move 1
[22:54:41.988] STOP to_move 1 nodes_visited 131
[22:54:41.988] START to_move 2
[22:54:42.002] STOP to_move 2 nodes_visited 209
[22:54:42.002] START to_move 1
[22:54:42.011] STOP to_move 1 nodes_visited 157
[22:54:42.011] START to_move 2
[22:54:42.020] STOP to_move 2 nodes_visited 140
[22:54:42.020] START to_move 1
[22:54:42.029] STOP to_move 1 nodes_visited 153
[22:54:42.030] START to_move 2
[22:54:42.046] STOP to_move 2 nodes_visited 261
[22:54:42.046] START to_move 1
[22:54:42.053] STOP to_move 1 nodes_visited 127
[22:54:42.053] START to_move 2
[22:54:42.062] STOP to_move 2 nodes_visited 138
[22:54:42.062] START to_move 1
[22:54:42.072] STOP to_move 1 nodes_visited 153
[22:54:42.072] START to_move 2
[22:54:42.088] STOP to_move 2 nodes_visited 255
[22:54:42.088] START to_move 1
[22:54:42.095] STOP to_move 1 nodes_visited 125
[22:54:42.096] START to_move 2
[22:54:42.104] STOP to_move 2 nodes_visited 134
[22:54:42.104] START to_move 1
[22:54:42.112] STOP to_move 1 nodes_visited 128
[22:54:42.112] START to_move 2
[22:54:42.119] STOP to_move 2 nodes_visited 109
[22:54:42.119] START to_move 1
[22:54:42.127] STOP to_move 1 nodes_visited 129
[22:54:42.127] START to_move 2
[22:54:42.134] STOP to_move 2 nodes_visited 113
[22:54:42.135] START to_move 1
[22:54:42.141] STOP to_move 1 nodes_visited 114
[22:54:42.141] START to_move 2
[22:54:42.148] STOP to_move 2 nodes_visited 110
[22:54:42.148] START to_move 1
[22:54:42.156] STOP to_move 1 nodes_visited 128
[22:54:42.156] START to_move 2
[22:54:42.163] STOP to_move 2 nodes_visited 115
[22:54:42.163] START to_move 1
[22:54:42.170] STOP to_move 1 nodes_visited 120
[22:54:42.170] START to_move 2
[22:54:42.178] STOP to_move 2 nodes_visited 129
[22:54:42.178] START to_move 1
[22:54:42.185] STOP to_move 1 nodes_visited 123
[22:54:42.186] START to_move 2
[22:54:42.192] STOP to_move 2 nodes_visited 111
[22:54:42.192] START to_move 1
[22:54:42.200] STOP to_move 1 nodes_visited 118
[22:54:42.200] START to_move 2
[22:54:42.208] STOP to_move 2 nodes_visited 135
[22:54:42.208] START to_move 1
[22:54:42.215] STOP to_move 1 nodes_visited 111
[22:54:42.215] START to_move 2
[22:54:42.222] STOP to_move 2 nodes_visited 111
[22:54:42.222] START to_move 1
[22:54:42.228] STOP to_move 1 nodes_visited 112
[22:54:42.228] START to_move 2
[22:54:42.236] STOP to_move 2 nodes_visited 131
[22:54:42.236] START to_move 1
[22:54:42.243] STOP to_move 1 nodes_visited 111
[22:54:42.243] START to_move 2
[22:54:42.250] STOP to_move 2 nodes_visited 113
[22:54:42.250] START to_move 1
[22:54:42.257] STOP to_move 1 nodes_visited 114
[22:54:42.257] START to_move 2
[22:54:42.266] STOP to_move 2 nodes_visited 139
[22:54:42.266] START to_move 1
[22:54:42.273] STOP to_move 1 nodes_visited 111
[22:54:42.273] START to_move 2
[22:54:42.280] STOP to_move 2 nodes_visited 116
[22:54:42.280] START to_move 1
[22:54:42.287] STOP to_move 1 nodes_visited 106
[22:54:42.287] START to_move 2
[22:54:42.294] STOP to_move 2 nodes_visited 125
[22:54:42.294] START to_move 1
[22:54:42.300] STOP to_move 1 nodes_visited 105
[22:54:42.301] START to_move 2
[22:54:42.307] STOP to_move 2 nodes_visited 104
[22:54:42.307] START to_move 1
[22:54:42.314] STOP to_move 1 nodes_visited 106
[22:54:42.314] START to_move 2
[22:54:42.321] STOP to_move 2 nodes_visited 119
[22:54:42.321] START to_move 1
[22:54:42.327] STOP to_move 1 nodes_visited 105
[22:54:42.327] START to_move 2
[22:54:42.334] STOP to_move 2 nodes_visited 109
[22:54:42.334] START to_move 1
[22:54:42.338] STOP to_move 1 nodes_visited 69
[22:54:42.338] START to_move 2
[22:54:42.344] STOP to_move 2 nodes_visited 102
[22:54:42.344] START to_move 1
[22:54:42.350] STOP to_move 1 nodes_visited 106
[22:54:42.350] START to_move 2
[22:54:42.357] STOP to_move 2 nodes_visited 106
[22:54:42.357] START to_move 1
[22:54:42.364] STOP to_move 1 nodes_visited 106
[22:54:42.364] START to_move 2
[22:54:42.371] STOP to_move 2 nodes_visited 127
[22:54:42.371] START to_move 1
[22:54:42.378] STOP to_move 1 nodes_visited 107
[22:54:42.378] START to_move 2
[22:54:42.384] STOP to_move 2 nodes_visited 105
[22:54:42.384] START to_move 1
[22:54:42.390] STOP to_move 1 nodes_visited 100
[22:54:42.390] START to_move 2
[22:54:42.397] STOP to_move 2 nodes_visited 111
[22:54:42.397] START to_move 1
[22:54:42.403] STOP to_move 1 nodes_visited 99
[22:54:42.403] START to_move 2
[22:54:42.409] STOP to_move 2 nodes_visited 96
[22:54:42.409] START to_move 1
[22:54:42.415] STOP to_move 1 nodes_visited 100
[22:54:42.415] START to_move 2
[22:54:42.422] STOP to_move 2 nodes_visited 113
[22:54:42.422] START to_move 1
[22:54:42.428] STOP to_move 1 nodes_visited 99
[22:54:42.428] START to_move 2
[22:54:42.434] STOP to_move 2 nodes_visited 98
[22:54:42.435] START to_move 1
[22:54:42.439] STOP to_move 1 nodes_visited 79
[22:54:42.439] START to_move 2
[22:54:42.445] STOP to_move 2 nodes_visited 96
[22:54:42.445] START to_move 1
[22:54:42.451] STOP to_move 1 nodes_visited 104
[22:54:42.451] START to_move 2
[22:54:42.458] STOP to_move 2 nodes_visited 100
[22:54:42.458] START to_move 1
[22:54:42.462] STOP to_move 1 nodes_visited 75
[22:54:42.462] START to_move 2
[22:54:42.468] STOP to_move 2 nodes_visited 90
[22:54:42.468] START to_move 1
[22:54:42.473] STOP to_move 1 nodes_visited 96
[22:54:42.474] START to_move 2
[22:54:42.479] STOP to_move 2 nodes_visited 93
[22:54:42.479] START to_move 1
[22:54:42.484] STOP to_move 1 nodes_visited 75
[22:54:42.484] START to_move 2
[22:54:42.490] STOP to_move 2 nodes_visited 107
[22:54:42.490] START to_move 1
[22:54:42.496] STOP to_move 1 nodes_visited 93
[22:54:42.496] START to_move 2
[22:54:42.502] STOP to_move 2 nodes_visited 93
[22:54:42.502] START to_move 1
[22:54:42.506] STOP to_move 1 nodes_visited 74
[22:54:42.506] START to_move 2
[22:54:42.512] STOP to_move 2 nodes_visited 90
[22:54:42.512] START to_move 1
[22:54:42.517] STOP to_move 1 nodes_visited 94
[22:54:42.517] START to_move 2
[22:54:42.523] STOP to_move 2 nodes_visited 93
[22:54:42.523] START to_move 1
[22:54:42.527] STOP to_move 1 nodes_visited 72
[22:54:42.527] START to_move 2
[22:54:42.533] STOP to_move 2 nodes_visited 88
[22:54:42.533] START to_move 1
[22:54:42.538] STOP to_move 1 nodes_visited 90
[22:54:42.538] START to_move 2
[22:54:42.544] STOP to_move 2 nodes_visited 91
[22:54:42.544] START to_move 1
[22:54:42.548] STOP to_move 1 nodes_visited 71
[22:54:42.548] START to_move 2
[22:54:42.553] STOP to_move 2 nodes_visited 80
[22:54:42.553] START to_move 1
[22:54:42.558] STOP to_move 1 nodes_visited 82
[22:54:42.558] START to_move 2
[22:54:42.563] STOP to_move 2 nodes_visited 81
[22:54:42.563] START to_move 1
[22:54:42.567] STOP to_move 1 nodes_visited 67
[22:54:42.567] START to_move 2
[22:54:42.572] STOP to_move 2 nodes_visited 78
[22:54:42.572] START to_move 1
[22:54:42.577] STOP to_move 1 nodes_visited 82
[22:54:42.577] START to_move 2
[22:54:42.582] STOP to_move 2 nodes_visited 77
[22:54:42.582] START to_move 1
[22:54:42.586] STOP to_move 1 nodes_visited 71
[22:54:42.587] START to_move 2
[22:54:42.590] STOP to_move 2 nodes_visited 63
[22:54:42.591] START to_move 1
[22:54:42.595] STOP to_move 1 nodes_visited 72
[22:54:42.595] START to_move 2
[22:54:42.599] STOP to_move 2 nodes_visited 67
[22:54:42.599] START to_move 1
[22:54:42.603] STOP to_move 1 nodes_visited 67
[22:54:42.603] START to_move 2
[22:54:42.609] STOP to_move 2 nodes_visited 89
[22:54:42.609] START to_move 1
[22:54:42.612] STOP to_move 1 nodes_visited 61
[22:54:42.613] START to_move 2
[22:54:42.616] STOP to_move 2 nodes_visited 57
[22:54:42.616] START to_move 1
[22:54:42.620] STOP to_move 1 nodes_visited 66
[22:54:42.620] START to_move 2
[22:54:42.625] STOP to_move 2 nodes_visited 83
[22:54:42.625] START to_move 1
[22:54:42.629] STOP to_move 1 nodes_visited 65
[22:54:42.629] START to_move 2
[22:54:42.633] STOP to_move 2 nodes_visited 65
[22:54:42.634] START to_move 1
[22:54:42.638] STOP to_move 1 nodes_visited 72
[22:54:42.638] START to_move 2
[22:54:42.644] STOP to_move 2 nodes_visited 93
[22:54:42.644] START to_move 1
[22:54:42.648] STOP to_move 1 nodes_visited 71
[22:54:42.648] START to_move 2
[22:54:42.653] STOP to_move 2 nodes_visited 72
[22:54:42.653] START to_move 1
[22:54:42.658] STOP to_move 1 nodes_visited 64
[22:54:42.658] START to_move 2
[22:54:42.663] STOP to_move 2 nodes_visited 85
[22:54:42.663] START to_move 1
[22:54:42.667] STOP to_move 1 nodes_visited 57
[22:54:42.667] START to_move 2
[22:54:42.670] STOP to_move 2 nodes_visited 55
[22:54:42.670] START to_move 1
[22:54:42.674] STOP to_move 1 nodes_visited 66
[22:54:42.674] START to_move 2
[22:54:42.678] STOP to_move 2 nodes_visited 71
[22:54:42.678] START to_move 1
[22:54:42.682] STOP to_move 1 nodes_visited 63
[22:54:42.682] START to_move 2
[22:54:42.686] STOP to_move 2 nodes_visited 60
[22:54:42.686] START to_move 1
[22:54:42.689] STOP to_move 1 nodes_visited 58
[22:54:42.689] START to_move 2
[22:54:42.693] STOP to_move 2 nodes_visited 59
[22:54:42.693] START to_move 1
[22:54:42.697] STOP to_move 1 nodes_visited 57
[22:54:42.697] START to_move 2
[22:54:42.700] STOP to_move 2 nodes_visited 53
[22:54:42.700] START to_move 1
[22:54:42.703] STOP to_move 1 nodes_visited 60
[22:54:42.703] START to_move 2
[22:54:42.707] STOP to_move 2 nodes_visited 63
[22:54:42.707] START to_move 1
[22:54:42.711] STOP to_move 1 nodes_visited 59
[22:54:42.711] START to_move 2
[22:54:42.715] STOP to_move 2 nodes_visited 57
[22:54:42.715] START to_move 1
[22:54:42.718] STOP to_move 1 nodes_visited 58
[22:54:42.718] START to_move 2
[22:54:42.722] STOP to_move 2 nodes_visited 57
[22:54:42.722] START to_move 1
[22:54:42.725] STOP to_move 1 nodes_visited 51
[22:54:42.725] START to_move 2
[22:54:42.728] STOP to_move 2 nodes_visited 44
[22:54:42.728] START to_move 1
[22:54:42.731] STOP to_move 1 nodes_visited 56
[22:54:42.731] START to_move 2
[22:54:42.735] STOP to_move 2 nodes_visited 71
[22:54:42.736] START to_move 1
[22:54:42.739] STOP to_move 1 nodes_visited 59
[22:54:42.739] START to_move 2
[22:54:42.743] STOP to_move 2 nodes_visited 59
[22:54:42.743] START to_move 1
[22:54:42.747] STOP to_move 1 nodes_visited 66
[22:54:42.747] START to_move 2
[22:54:42.751] STOP to_move 2 nodes_visited 69
[22:54:42.751] START to_move 1
[22:54:42.754] STOP to_move 1 nodes_visited 59
[22:54:42.754] START to_move 2
[22:54:42.758] STOP to_move 2 nodes_visited 57
[22:54:42.758] START to_move 1
[22:54:42.762] STOP to_move 1 nodes_visited 60
[22:54:42.762] START to_move 2
[22:54:42.766] STOP to_move 2 nodes_visited 63
[22:54:42.766] START to_move 1
[22:54:42.769] STOP to_move 1 nodes_visited 51
[22:54:42.769] START to_move 2
[22:54:42.772] STOP to_move 2 nodes_visited 46
[22:54:42.772] START to_move 1
[22:54:42.774] STOP to_move 1 nodes_visited 37
[22:54:42.774] START to_move 2
[22:54:42.777] STOP to_move 2 nodes_visited 54
[22:54:42.777] START to_move 1
[22:54:42.780] STOP to_move 1 nodes_visited 47
[22:54:42.780] START to_move 2
[22:54:42.783] STOP to_move 2 nodes_visited 43
[22:54:42.783] START to_move 1
[22:54:42.785] STOP to_move 1 nodes_visited 36
[22:54:42.785] START to_move 2
[22:54:42.787] STOP to_move 2 nodes_visited 35
[22:54:42.787] START to_move 1
[22:54:42.790] STOP to_move 1 nodes_visited 47
[22:54:42.790] START to_move 2
[22:54:42.793] STOP to_move 2 nodes_visited 43
[22:54:42.793] START to_move 1
[22:54:42.795] STOP to_move 1 nodes_visited 36
[22:54:42.795] START to_move 2
[22:54:42.797] STOP to_move 2 nodes_visited 39
[22:54:42.797] START to_move 1
[22:54:42.800] STOP to_move 1 nodes_visited 35
[22:54:42.800] START to_move 2
[22:54:42.802] STOP to_move 2 nodes_visited 34
[22:54:42.802] START to_move 1
[22:54:42.805] STOP to_move 1 nodes_visited 46
[22:54:42.805] START to_move 2
[22:54:42.808] STOP to_move 2 nodes_visited 49
[22:54:42.808] START to_move 1
[22:54:42.810] STOP to_move 1 nodes_visited 39
[22:54:42.810] START to_move 2
[22:54:42.812] STOP to_move 2 nodes_visited 38
[22:54:42.812] START to_move 1
[22:54:42.815] STOP to_move 1 nodes_visited 44
[22:54:42.815] START to_move 2
[22:54:42.819] STOP to_move 2 nodes_visited 57
[22:54:42.819] START to_move 1
[22:54:42.821] STOP to_move 1 nodes_visited 43
[22:54:42.821] START to_move 2
[22:54:42.824] STOP to_move 2 nodes_visited 42
[22:54:42.824] START to_move 1
[22:54:42.827] STOP to_move 1 nodes_visited 44
[22:54:42.827] START to_move 2
[22:54:42.830] STOP to_move 2 nodes_visited 53
[22:54:42.830] START to_move 1
[22:54:42.832] STOP to_move 1 nodes_visited 37
[22:54:42.832] START to_move 2
[22:54:42.834] STOP to_move 2 nodes_visited 33
[22:54:42.834] START to_move 1
[22:54:42.836] STOP to_move 1 nodes_visited 30
[22:54:42.836] START to_move 2
[22:54:42.838] STOP to_move 2 nodes_visited 33
[22:54:42.838] START to_move 1
[22:54:42.840] STOP to_move 1 nodes_visited 27
[22:54:42.840] START to_move 2
[22:54:42.841] STOP to_move 2 nodes_visited 26
[22:54:42.841] START to_move 1
[22:54:42.843] STOP to_move 1 nodes_visited 30
[22:54:42.843] START to_move 2
[22:54:42.845] STOP to_move 2 nodes_visited 33
[22:54:42.845] START to_move 1
[22:54:42.847] STOP to_move 1 nodes_visited 29
[22:54:42.847] START to_move 2
[22:54:42.849] STOP to_move 2 nodes_visited 28
[22:54:42.849] START to_move 1
[22:54:42.851] STOP to_move 1 nodes_visited 38
[22:54:42.851] START to_move 2
[22:54:42.854] STOP to_move 2 nodes_visited 47
[22:54:42.854] START to_move 1
[22:54:42.856] STOP to_move 1 nodes_visited 37
[22:54:42.856] START to_move 2
[22:54:42.858] STOP to_move 2 nodes_visited 39
[22:54:42.858] START to_move 1
[22:54:42.861] STOP to_move 1 nodes_visited 38
[22:54:42.861] START to_move 2
[22:54:42.864] STOP to_move 2 nodes_visited 45
[22:54:42.864] START to_move 1
[22:54:42.866] STOP to_move 1 nodes_visited 37
[22:54:42.866] START to_move 2
[22:54:42.868] STOP to_move 2 nodes_visited 37
[22:54:42.868] START to_move 1
[22:54:42.871] STOP to_move 1 nodes_visited 40
[22:54:42.871] START to_move 2
[22:54:42.873] STOP to_move 2 nodes_visited 43
[22:54:42.873] START to_move 1
[22:54:42.875] STOP to_move 1 nodes_visited 35
[22:54:42.875] START to_move 2
[22:54:42.877] STOP to_move 2 nodes_visited 33
[22:54:42.877] START to_move 1
[22:54:42.880] STOP to_move 1 nodes_visited 36
[22:54:42.880] START to_move 2
[22:54:42.882] STOP to_move 2 nodes_visited 41
[22:54:42.882] START to_move 1
[22:54:42.884] STOP to_move 1 nodes_visited 33
[22:54:42.884] START to_move 2
[22:54:42.886] STOP to_move 2 nodes_visited 31
[22:54:42.886] START to_move 1
[22:54:42.888] STOP to_move 1 nodes_visited 36
[22:54:42.888] START to_move 2
[22:54:42.891] STOP to_move 2 nodes_visited 45
[22:54:42.891] START to_move 1
[22:54:42.893] STOP to_move 1 nodes_visited 33
[22:54:42.893] START to_move 2
[22:54:42.895] STOP to_move 2 nodes_visited 28
[22:54:42.895] START to_move 1
[22:54:42.897] STOP to_move 1 nodes_visited 34
[22:54:42.897] START to_move 2
[22:54:42.899] STOP to_move 2 nodes_visited 39
[22:54:42.899] START to_move 1
[22:54:42.903] STOP to_move 1 nodes_visited 58
[22:54:42.903] START to_move 2
[22:54:42.905] STOP to_move 2 nodes_visited 29
[22:54:42.905] START to_move 1
[22:54:42.906] STOP to_move 1 nodes_visited 23
[22:54:42.906] START to_move 2
[22:54:42.908] STOP to_move 2 nodes_visited 27
[22:54:42.908] START to_move 1
[22:54:42.909] STOP to_move 1 nodes_visited 28
[22:54:42.909] START to_move 2
[22:54:42.911] STOP to_move 2 nodes_visited 26
[22:54:42.911] START to_move 1
[22:54:42.913] STOP to_move 1 nodes_visited 28
[22:54:42.913] START to_move 2
[22:54:42.915] STOP to_move 2 nodes_visited 33
[22:54:42.915] START to_move 1
[22:54:42.917] STOP to_move 1 nodes_visited 31
[22:54:42.917] START to_move 2
[22:54:42.919] STOP to_move 2 nodes_visited 33
[22:54:42.919] START to_move 1
[22:54:42.921] STOP to_move 1 nodes_visited 38
[22:54:42.921] START to_move 2
[22:54:42.924] STOP to_move 2 nodes_visited 41
[22:54:42.924] START to_move 1
[22:54:42.926] STOP to_move 1 nodes_visited 35
[22:54:42.926] START to_move 2
[22:54:42.928] STOP to_move 2 nodes_visited 31
[22:54:42.928] START to_move 1
[22:54:42.930] STOP to_move 1 nodes_visited 36
[22:54:42.930] START to_move 2
[22:54:42.932] STOP to_move 2 nodes_visited 39
[22:54:42.933] START to_move 1
[22:54:42.935] STOP to_move 1 nodes_visited 37
[22:54:42.935] START to_move 2
[22:54:42.937] STOP to_move 2 nodes_visited 33
[22:54:42.937] START to_move 1
[22:54:42.939] STOP to_move 1 nodes_visited 44
[22:54:42.939] START to_move 2
[22:54:42.942] STOP to_move 2 nodes_visited 49
[22:54:42.943] START to_move 1
[22:54:42.945] STOP to_move 1 nodes_visited 37
[22:54:42.945] START to_move 2
[22:54:42.947] STOP to_move 2 nodes_visited 35
[22:54:42.947] START to_move 1
[22:54:42.949] STOP to_move 1 nodes_visited 32
[22:54:42.949] START to_move 2
[22:54:42.951] STOP to_move 2 nodes_visited 27
[22:54:42.951] START to_move 1
[22:54:42.952] STOP to_move 1 nodes_visited 25
[22:54:42.952] START to_move 2
[22:54:42.954] STOP to_move 2 nodes_visited 22
[22:54:42.954] START to_move 1
[22:54:42.955] STOP to_move 1 nodes_visited 24
[22:54:42.955] START to_move 2
[22:54:42.957] STOP to_move 2 nodes_visited 25
[22:54:42.957] START to_move 1
[22:54:42.958] STOP to_move 1 nodes_visited 27
[22:54:42.958] START to_move 2
[22:54:42.960] STOP to_move 2 nodes_visited 29
[22:54:42.960] START to_move 1
[22:54:42.962] STOP to_move 1 nodes_visited 26
[22:54:42.962] START to_move 2
[22:54:42.964] STOP to_move 2 nodes_visited 33
[22:54:42.964] START to_move 1
[22:54:42.965] STOP to_move 1 nodes_visited 23
[22:54:42.965] START to_move 2
[22:54:42.967] STOP to_move 2 nodes_visited 21
[22:54:42.967] START to_move 1
[22:54:42.968] STOP to_move 1 nodes_visited 24
[22:54:42.968] START to_move 2
[22:54:42.969] STOP to_move 2 nodes_visited 23
[22:54:42.969] START to_move 1
[22:54:42.971] STOP to_move 1 nodes_visited 23
[22:54:42.971] START to_move 2
[22:54:42.972] STOP to_move 2 nodes_visited 21
[22:54:42.972] START to_move 1
[22:54:42.973] STOP to_move 1 nodes_visited 18
[22:54:42.973] START to_move 2
[22:54:42.975] STOP to_move 2 nodes_visited 21
[22:54:42.975] START to_move 1
[22:54:42.976] STOP to_move 1 nodes_visited 19
[22:54:42.976] START to_move 2
[22:54:42.977] STOP to_move 2 nodes_visited 17
[22:54:42.977] START to_move 1
[22:54:42.978] STOP to_move 1 nodes_visited 26
[22:54:42.978] START to_move 2
[22:54:42.980] STOP to_move 2 nodes_visited 25
[22:54:42.980] START to_move 1
[22:54:42.981] STOP to_move 1 nodes_visited 21
[22:54:42.981] START to_move 2
[22:54:42.982] STOP to_move 2 nodes_visited 17
[22:54:42.982] START to_move 1
[22:54:42.983] STOP to_move 1 nodes_visited 20
[22:54:42.983] START to_move 2
[22:54:42.985] STOP to_move 2 nodes_visited 25
[22:54:42.985] START to_move 1
[22:54:42.986] STOP to_move 1 nodes_visited 21
[22:54:42.986] START to_move 2
[22:54:42.987] STOP to_move 2 nodes_visited 15
[22:54:42.987] START to_move 1
[22:54:42.989] STOP to_move 1 nodes_visited 22
[22:54:42.989] START to_move 2
[22:54:42.990] STOP to_move 2 nodes_visited 23
[22:54:42.990] START to_move 1
[22:54:42.991] STOP to_move 1 nodes_visited 21
[22:54:42.991] START to_move 2
[22:54:42.992] STOP to_move 2 nodes_visited 15
[22:54:42.992] START to_move 1
[22:54:42.994] STOP to_move 1 nodes_visited 20
[22:54:42.994] START to_move 2
[22:54:42.995] STOP to_move 2 nodes_visited 25
[22:54:42.995] START to_move 1
[22:54:42.996] STOP to_move 1 nodes_visited 17
[22:54:42.996] START to_move 2
[22:54:42.997] STOP to_move 2 nodes_visited 12
[22:54:42.997] START to_move 1
[22:54:42.998] STOP to_move 1 nodes_visited 20
[22:54:42.998] START to_move 2
[22:54:43.000] STOP to_move 2 nodes_visited 25
[22:54:43.000] START to_move 1
[22:54:43.001] STOP to_move 1 nodes_visited 21
[22:54:43.001] START to_move 2
[22:54:43.002] STOP to_move 2 nodes_visited 18
[22:54:43.002] START to_move 1
[22:54:43.004] STOP to_move 1 nodes_visited 20
[22:54:43.004] START to_move 2
[22:54:43.005] STOP to_move 2 nodes_visited 25
[22:54:43.005] START to_move 1
[22:54:43.006] STOP to_move 1 nodes_visited 21
[22:54:43.006] START to_move 2
[22:54:43.008] STOP to_move 2 nodes_visited 18
[22:54:43.008] START to_move 1
[22:54:43.009] STOP to_move 1 nodes_visited 16
[22:54:43.009] START to_move 2
[22:54:43.009] STOP to_move 2 nodes_visited 13
[22:54:43.009] START to_move 1
[22:54:43.010] STOP to_move 1 nodes_visited 17
[22:54:43.010] START to_move 2
[22:54:43.011] STOP to_move 2 nodes_visited 12
[22:54:43.011] START to_move 1
[22:54:43.013] STOP to_move 1 nodes_visited 26
[22:54:43.013] START to_move 2
[22:54:43.015] STOP to_move 2 nodes_visited 29
[22:54:43.015] START to_move 1
[22:54:43.017] STOP to_move 1 nodes_visited 27
[22:54:43.017] START to_move 2
[22:54:43.018] STOP to_move 2 nodes_visited 22
[22:54:43.018] START to_move 1
[22:54:43.020] STOP to_move 1 nodes_visited 26
[22:54:43.020] START to_move 2
[22:54:43.022] STOP to_move 2 nodes_visited 29
[22:54:43.022] START to_move 1
[22:54:43.023] STOP to_move 1 nodes_visited 21
[22:54:43.023] START to_move 2
[22:54:43.024] STOP to_move 2 nodes_visited 15
[22:54:43.024] START to_move 1
[22:54:43.025] STOP to_move 1 nodes_visited 22
[22:54:43.025] START to_move 2
[22:54:43.027] STOP to_move 2 nodes_visited 27
[22:54:43.027] START to_move 1
[22:54:43.028] STOP to_move 1 nodes_visited 23
[22:54:43.028] START to_move 2
[22:54:43.030] STOP to_move 2 nodes_visited 22
[22:54:43.030] START to_move 1
[22:54:43.031] STOP to_move 1 nodes_visited 20
[22:54:43.031] START to_move 2
[22:54:43.032] STOP to_move 2 nodes_visited 21
[22:54:43.033] START to_move 1
[22:54:43.034] STOP to_move 1 nodes_visited 21
[22:54:43.034] START to_move 2
[22:54:43.035] STOP to_move 2 nodes_visited 14
[22:54:43.035] START to_move 1
[22:54:43.036] STOP to_move 1 nodes_visited 22
[22:54:43.036] START to_move 2
[22:54:43.037] STOP to_move 2 nodes_visited 19
[22:54:43.037] START to_move 1
[22:54:43.038] STOP to_move 1 nodes_visited 11
[22:54:43.038] START to_move 2
[22:54:43.039] STOP to_move 2 nodes_visited 9
[22:54:43.039] START to_move 1
[22:54:43.039] STOP to_move 1 nodes_visited 14
[22:54:43.039] START to_move 2
[22:54:43.041] STOP to_move 2 nodes_visited 19
[22:54:43.041] START to_move 1
[22:54:43.041] STOP to_move 1 nodes_visited 11
[22:54:43.041] START to_move 2
[22:54:43.042] STOP to_move 2 nodes_visited 9
[22:54:43.042] START to_move 1
[22:54:43.043] STOP to_move 1 nodes_visited 14
[22:54:43.043] START to_move 2
[22:54:43.043] STOP to_move 2 nodes_visited 11
[22:54:43.043] START to_move 1
[22:54:43.044] STOP to_move 1 nodes_visited 13
[22:54:43.044] START to_move 2
[22:54:43.045] STOP to_move 2 nodes_visited 11
[22:54:43.045] START to_move 1
[22:54:43.046] STOP to_move 1 nodes_visited 16
[22:54:43.046] START to_move 2
[22:54:43.047] STOP to_move 2 nodes_visited 25
[22:54:43.047] START to_move 1
[22:54:43.048] STOP to_move 1 nodes_visited 13
[22:54:43.048] START to_move 2
[22:54:43.049] STOP to_move 2 nodes_visited 11
[22:54:43.049] START to_move 1
[22:54:43.050] STOP to_move 1 nodes_visited 14
[22:54:43.050] START to_move 2
[22:54:43.050] STOP to_move 2 nodes_visited 11
[22:54:43.050] START to_move 1
[22:54:43.051] STOP to_move 1 nodes_visited 11
[22:54:43.051] START to_move 2
[22:54:43.051] STOP to_move 2 nodes_visited 9
[22:54:43.051] START to_move 1
[22:54:43.052] STOP to_move 1 nodes_visited 14
[22:54:43.052] START to_move 2
[22:54:43.053] STOP to_move 2 nodes_visited 19
[22:54:43.053] START to_move 1
[22:54:43.054] STOP to_move 1 nodes_visited 11
[22:54:43.054] START to_move 2
[22:54:43.055] STOP to_move 2 nodes_visited 9
[22:54:43.055] START to_move 1
[22:54:43.056] STOP to_move 1 nodes_visited 14
[22:54:43.056] START to_move 2
[22:54:43.056] STOP to_move 2 nodes_visited 11
[22:54:43.056] START to_move 1
[22:54:43.057] STOP to_move 1 nodes_visited 13
[22:54:43.057] START to_move 2
[22:54:43.058] STOP to_move 2 nodes_visited 11
[22:54:43.058] START to_move 1
[22:54:43.059] STOP to_move 1 nodes_visited 14
[22:54:43.059] START to_move 2
[22:54:43.059] STOP to_move 2 nodes_visited 11
[22:54:43.059] START to_move 1
[22:54:43.060] STOP to_move 1 nodes_visited 13
[22:54:43.060] START to_move 2
[22:54:43.061] STOP to_move 2 nodes_visited 11
[22:54:43.061] START to_move 1
[22:54:43.061] STOP to_move 1 nodes_visited 14
[22:54:43.062] START to_move 2
[22:54:43.063] STOP to_move 2 nodes_visited 15
[22:54:43.063] START to_move 1
[22:54:43.063] STOP to_move 1 nodes_visited 11
[22:54:43.063] START to_move 2
[22:54:43.064] STOP to_move 2 nodes_visited 6
[22:54:43.064] START to_move 1
[22:54:43.065] STOP to_move 1 nodes_visited 14
[22:54:43.065] START to_move 2
[22:54:43.066] STOP to_move 2 nodes_visited 15
[22:54:43.066] START to_move 1
[22:54:43.066] STOP to_move 1 nodes_visited 15
[22:54:43.066] START to_move 2
[22:54:43.067] STOP to_move 2 nodes_visited 11
[22:54:43.081] END winner 0 - rounds 484
