[23:06:25.792] 1 - distance_function euclides - pruning True
[23:06:25.792] 2 - distance_function manhattan - pruning True
[23:06:25.792] START to_move 1
[23:06:25.907] STOP to_move 1 nodes_visited 1914
[23:06:25.908] START to_move 2
[23:06:26.181] STOP to_move 2 nodes_visited 4528
[23:06:26.184] START to_move 1
[23:06:26.285] STOP to_move 1 nodes_visited 1603
[23:06:26.286] START to_move 2
[23:06:26.543] STOP to_move 2 nodes_visited 4332
[23:06:26.546] START to_move 1
[23:06:26.570] STOP to_move 1 nodes_visited 399
[23:06:26.570] START to_move 2
[23:06:26.829] STOP to_move 2 nodes_visited 4406
[23:06:26.832] START to_move 1
[23:06:26.936] STOP to_move 1 nodes_visited 1746
[23:06:26.937] START to_move 2
[23:06:27.170] STOP to_move 2 nodes_visited 3999
[23:06:27.173] START to_move 1
[23:06:27.267] STOP to_move 1 nodes_visited 1519
[23:06:27.268] START to_move 2
[23:06:27.513] STOP to_move 2 nodes_visited 4165
[23:06:27.515] START to_move 1
[23:06:27.535] STOP to_move 1 nodes_visited 359
[23:06:27.536] START to_move 2
[23:06:27.779] STOP to_move 2 nodes_visited 4159
[23:06:27.782] START to_move 1
[23:06:27.841] STOP to_move 1 nodes_visited 1012
[23:06:27.842] START to_move 2
[23:06:28.142] STOP to_move 2 nodes_visited 5138
[23:06:28.145] START to_move 1
[23:06:28.354] STOP to_move 1 nodes_visited 3425
[23:06:28.356] START to_move 2
[23:06:28.659] STOP to_move 2 nodes_visited 5089
[23:06:28.663] START to_move 1
[23:06:28.868] STOP to_move 1 nodes_visited 3333
[23:06:28.869] START to_move 2
[23:06:29.165] STOP to_move 2 nodes_visited 5017
[23:06:29.168] START to_move 1
[23:06:29.367] STOP to_move 1 nodes_visited 3216
[23:06:29.369] START to_move 2
[23:06:29.393] STOP to_move 2 nodes_visited 421
[23:06:29.393] START to_move 1
[23:06:29.594] STOP to_move 1 nodes_visited 3282
[23:06:29.596] START to_move 2
[23:06:29.620] STOP to_move 2 nodes_visited 417
[23:06:29.620] START to_move 1
[23:06:29.809] STOP to_move 1 nodes_visited 3068
[23:06:29.811] START to_move 2
[23:06:29.834] STOP to_move 2 nodes_visited 419
[23:06:29.834] START to_move 1
[23:06:29.963] STOP to_move 1 nodes_visited 1941
[23:06:29.964] START to_move 2
[23:06:29.987] STOP to_move 2 nodes_visited 417
[23:06:29.987] START to_move 1
[23:06:30.163] STOP to_move 1 nodes_visited 2881
[23:06:30.165] START to_move 2
[23:06:30.186] STOP to_move 2 nodes_visited 380
[23:06:30.186] START to_move 1
[23:06:30.268] STOP to_move 1 nodes_visited 1352
[23:06:30.269] START to_move 2
[23:06:30.317] STOP to_move 2 nodes_visited 853
[23:06:30.318] START to_move 1
[23:06:30.416] STOP to_move 1 nodes_visited 1600
[23:06:30.417] START to_move 2
[23:06:30.439] STOP to_move 2 nodes_visited 392
[23:06:30.440] START to_move 1
[23:06:30.581] STOP to_move 1 nodes_visited 2257
[23:06:30.582] START to_move 2
[23:06:30.605] STOP to_move 2 nodes_visited 392
[23:06:30.606] START to_move 1
[23:06:30.717] STOP to_move 1 nodes_visited 1641
[23:06:30.718] START to_move 2
[23:06:30.740] STOP to_move 2 nodes_visited 394
[23:06:30.740] START to_move 1
[23:06:30.902] STOP to_move 1 nodes_visited 2430
[23:06:30.904] START to_move 2
[23:06:30.926] STOP to_move 2 nodes_visited 397
[23:06:30.927] START to_move 1
[23:06:31.025] STOP to_move 1 nodes_visited 1599
[23:06:31.026] START to_move 2
[23:06:31.048] STOP to_move 2 nodes_visited 399
[23:06:31.048] START to_move 1
[23:06:31.202] STOP to_move 1 nodes_visited 2314
[23:06:31.203] START to_move 2
[23:06:31.226] STOP to_move 2 nodes_visited 405
[23:06:31.227] START to_move 1
[23:06:31.308] STOP to_move 1 nodes_visited 1263
[23:06:31.308] START to_move 2
[23:06:31.331] STOP to_move 2 nodes_visited 398
[23:06:31.331] START to_move 1
[23:06:31.474] STOP to_move 1 nodes_visited 2181
[23:06:31.475] START to_move 2
[23:06:31.601] STOP to_move 2 nodes_visited 2212
[23:06:31.602] START to_move 1
[23:06:31.730] STOP to_move 1 nodes_visited 1969
[23:06:31.731] START to_move 2
[23:06:31.857] STOP to_move 2 nodes_visited 2206
[23:06:31.858] START to_move 1
[23:06:31.959] STOP to_move 1 nodes_visited 1527
[23:06:31.960] START to_move 2
[23:06:32.086] STOP to_move 2 nodes_visited 2197
[23:06:32.088] START to_move 1
[23:06:32.207] STOP to_move 1 nodes_visited 1898
[23:06:32.208] START to_move 2
[23:06:32.327] STOP to_move 2 nodes_visited 2068
[23:06:32.329] START to_move 1
[23:06:32.427] STOP to_move 1 nodes_visited 1603
[23:06:32.428] START to_move 2
[23:06:32.490] STOP to_move 2 nodes_visited 1027
[23:06:32.490] START to_move 1
[23:06:32.540] STOP to_move 1 nodes_visited 826
[23:06:32.540] START to_move 2
[23:06:32.562] STOP to_move 2 nodes_visited 392
[23:06:32.562] START to_move 1
[23:06:32.690] STOP to_move 1 nodes_visited 2069
[23:06:32.691] START to_move 2
[23:06:32.714] STOP to_move 2 nodes_visited 400
[23:06:32.714] START to_move 1
[23:06:32.745] STOP to_move 1 nodes_visited 504
[23:06:32.746] START to_move 2
[23:06:32.768] STOP to_move 2 nodes_visited 398
[23:06:32.768] START to_move 1
[23:06:32.946] STOP to_move 1 nodes_visited 2833
[23:06:32.947] START to_move 2
[23:06:32.969] STOP to_move 2 nodes_visited 393
[23:06:32.970] START to_move 1
[23:06:33.115] STOP to_move 1 nodes_visited 2334
[23:06:33.117] START to_move 2
[23:06:33.139] STOP to_move 2 nodes_visited 399
[23:06:33.139] START to_move 1
[23:06:33.288] STOP to_move 1 nodes_visited 2334
[23:06:33.289] START to_move 2
[23:06:33.311] STOP to_move 2 nodes_visited 399
[23:06:33.311] START to_move 1
[23:06:33.484] STOP to_move 1 nodes_visited 2791
[23:06:33.486] START to_move 2
[23:06:33.507] STOP to_move 2 nodes_visited 395
[23:06:33.508] START to_move 1
[23:06:33.678] STOP to_move 1 nodes_visited 2791
[23:06:33.680] START to_move 2
[23:06:33.802] STOP to_move 2 nodes_visited 2080
[23:06:33.803] START to_move 1
[23:06:33.961] STOP to_move 1 nodes_visited 2602
[23:06:33.962] START to_move 2
[23:06:34.063] STOP to_move 2 nodes_visited 1689
[23:06:34.064] START to_move 1
[23:06:34.224] STOP to_move 1 nodes_visited 2662
[23:06:34.226] START to_move 2
[23:06:34.246] STOP to_move 2 nodes_visited 370
[23:06:34.247] START to_move 1
[23:06:34.306] STOP to_move 1 nodes_visited 1002
[23:06:34.307] START to_move 2
[23:06:34.329] STOP to_move 2 nodes_visited 373
[23:06:34.329] START to_move 1
[23:06:34.475] STOP to_move 1 nodes_visited 2386
[23:06:34.476] START to_move 2
[23:06:34.559] STOP to_move 2 nodes_visited 1460
[23:06:34.560] START to_move 1
[23:06:34.698] STOP to_move 1 nodes_visited 2272
[23:06:34.699] START to_move 2
[23:06:34.783] STOP to_move 2 nodes_visited 1460
[23:06:34.783] START to_move 1
[23:06:34.829] STOP to_move 1 nodes_visited 764
[23:06:34.829] START to_move 2
[23:06:34.915] STOP to_move 2 nodes_visited 1479
[23:06:34.915] START to_move 1
[23:06:34.974] STOP to_move 1 nodes_visited 938
[23:06:34.974] START to_move 2
[23:06:35.057] STOP to_move 2 nodes_visited 1460
[23:06:35.058] START to_move 1
[23:06:35.104] STOP to_move 1 nodes_visited 750
[23:06:35.104] START to_move 2
[23:06:35.187] STOP to_move 2 nodes_visited 1442
[23:06:35.188] START to_move 1
[23:06:35.282] STOP to_move 1 nodes_visited 1569
[23:06:35.282] START to_move 2
[23:06:35.365] STOP to_move 2 nodes_visited 1406
[23:06:35.365] START to_move 1
[23:06:35.399] STOP to_move 1 nodes_visited 568
[23:06:35.399] START to_move 2
[23:06:35.484] STOP to_move 2 nodes_visited 1438
[23:06:35.485] START to_move 1
[23:06:35.521] STOP to_move 1 nodes_visited 618
[23:06:35.522] START to_move 2
[23:06:35.620] STOP to_move 2 nodes_visited 1626
[23:06:35.621] START to_move 1
[23:06:35.714] STOP to_move 1 nodes_visited 1539
[23:06:35.715] START to_move 2
[23:06:35.808] STOP to_move 2 nodes_visited 1585
[23:06:35.809] START to_move 1
[23:06:35.868] STOP to_move 1 nodes_visited 979
[23:06:35.868] START to_move 2
[23:06:35.958] STOP to_move 2 nodes_visited 1499
[23:06:35.959] START to_move 1
[23:06:36.032] STOP to_move 1 nodes_visited 1220
[23:06:36.033] START to_move 2
[23:06:36.129] STOP to_move 2 nodes_visited 1635
[23:06:36.130] START to_move 1
[23:06:36.183] STOP to_move 1 nodes_visited 864
[23:06:36.183] START to_move 2
[23:06:36.204] STOP to_move 2 nodes_visited 387
[23:06:36.205] START to_move 1
[23:06:36.289] STOP to_move 1 nodes_visited 1405
[23:06:36.290] START to_move 2
[23:06:36.308] STOP to_move 2 nodes_visited 323
[23:06:36.308] START to_move 1
[23:06:36.425] STOP to_move 1 nodes_visited 1889
[23:06:36.426] START to_move 2
[23:06:36.444] STOP to_move 2 nodes_visited 324
[23:06:36.444] START to_move 1
[23:06:36.557] STOP to_move 1 nodes_visited 1866
[23:06:36.558] START to_move 2
[23:06:36.576] STOP to_move 2 nodes_visited 320
[23:06:36.576] START to_move 1
[23:06:36.682] STOP to_move 1 nodes_visited 1697
[23:06:36.682] START to_move 2
[23:06:36.702] STOP to_move 2 nodes_visited 346
[23:06:36.702] START to_move 1
[23:06:36.851] STOP to_move 1 nodes_visited 2471
[23:06:36.853] START to_move 2
[23:06:36.874] STOP to_move 2 nodes_visited 389
[23:06:36.875] START to_move 1
[23:06:37.016] STOP to_move 1 nodes_visited 2288
[23:06:37.018] START to_move 2
[23:06:37.039] STOP to_move 2 nodes_visited 386
[23:06:37.039] START to_move 1
[23:06:37.068] STOP to_move 1 nodes_visited 471
[23:06:37.068] START to_move 2
[23:06:37.090] STOP to_move 2 nodes_visited 386
[23:06:37.090] START to_move 1
[23:06:37.118] STOP to_move 1 nodes_visited 469
[23:06:37.119] START to_move 2
[23:06:37.140] STOP to_move 2 nodes_visited 386
[23:06:37.141] START to_move 1
[23:06:37.194] STOP to_move 1 nodes_visited 865
[23:06:37.194] START to_move 2
[23:06:37.218] STOP to_move 2 nodes_visited 386
[23:06:37.218] START to_move 1
[23:06:37.275] STOP to_move 1 nodes_visited 944
[23:06:37.275] START to_move 2
[23:06:37.297] STOP to_move 2 nodes_visited 382
[23:06:37.297] START to_move 1
[23:06:37.355] STOP to_move 1 nodes_visited 944
[23:06:37.355] START to_move 2
[23:06:37.377] STOP to_move 2 nodes_visited 379
[23:06:37.377] START to_move 1
[23:06:37.435] STOP to_move 1 nodes_visited 944
[23:06:37.435] START to_move 2
[23:06:37.465] STOP to_move 2 nodes_visited 523
[23:06:37.465] START to_move 1
[23:06:37.509] STOP to_move 1 nodes_visited 705
[23:06:37.509] START to_move 2
[23:06:37.533] STOP to_move 2 nodes_visited 421
[23:06:37.533] START to_move 1
[23:06:37.588] STOP to_move 1 nodes_visited 926
[23:06:37.589] START to_move 2
[23:06:37.610] STOP to_move 2 nodes_visited 378
[23:06:37.610] START to_move 1
[23:06:37.660] STOP to_move 1 nodes_visited 839
[23:06:37.661] START to_move 2
[23:06:37.693] STOP to_move 2 nodes_visited 559
[23:06:37.693] START to_move 1
[23:06:37.813] STOP to_move 1 nodes_visited 1905
[23:06:37.814] START to_move 2
[23:06:37.847] STOP to_move 2 nodes_visited 572
[23:06:37.847] START to_move 1
[23:06:37.886] STOP to_move 1 nodes_visited 638
[23:06:37.886] START to_move 2
[23:06:37.905] STOP to_move 2 nodes_visited 326
[23:06:37.905] START to_move 1
[23:06:37.945] STOP to_move 1 nodes_visited 661
[23:06:37.945] START to_move 2
[23:06:37.963] STOP to_move 2 nodes_visited 307
[23:06:37.963] START to_move 1
[23:06:38.012] STOP to_move 1 nodes_visited 757
[23:06:38.012] START to_move 2
[23:06:38.032] STOP to_move 2 nodes_visited 337
[23:06:38.032] START to_move 1
[23:06:38.080] STOP to_move 1 nodes_visited 700
[23:06:38.080] START to_move 2
[23:06:38.098] STOP to_move 2 nodes_visited 315
[23:06:38.098] START to_move 1
[23:06:38.133] STOP to_move 1 nodes_visited 592
[23:06:38.134] START to_move 2
[23:06:38.152] STOP to_move 2 nodes_visited 319
[23:06:38.152] START to_move 1
[23:06:38.197] STOP to_move 1 nodes_visited 749
[23:06:38.198] START to_move 2
[23:06:38.213] STOP to_move 2 nodes_visited 278
[23:06:38.214] START to_move 1
[23:06:38.262] STOP to_move 1 nodes_visited 799
[23:06:38.263] START to_move 2
[23:06:38.279] STOP to_move 2 nodes_visited 283
[23:06:38.279] START to_move 1
[23:06:38.328] STOP to_move 1 nodes_visited 779
[23:06:38.328] START to_move 2
[23:06:38.344] STOP to_move 2 nodes_visited 278
[23:06:38.344] START to_move 1
[23:06:38.448] STOP to_move 1 nodes_visited 1530
[23:06:38.449] START to_move 2
[23:06:38.464] STOP to_move 2 nodes_visited 275
[23:06:38.465] START to_move 1
[23:06:38.539] STOP to_move 1 nodes_visited 1202
[23:06:38.540] START to_move 2
[23:06:38.563] STOP to_move 2 nodes_visited 420
[23:06:38.564] START to_move 1
[23:06:38.609] STOP to_move 1 nodes_visited 744
[23:06:38.609] START to_move 2
[23:06:38.622] STOP to_move 2 nodes_visited 234
[23:06:38.623] START to_move 1
[23:06:38.692] STOP to_move 1 nodes_visited 1104
[23:06:38.693] START to_move 2
[23:06:38.706] STOP to_move 2 nodes_visited 230
[23:06:38.706] START to_move 1
[23:06:38.747] STOP to_move 1 nodes_visited 677
[23:06:38.747] START to_move 2
[23:06:38.760] STOP to_move 2 nodes_visited 223
[23:06:38.760] START to_move 1
[23:06:38.798] STOP to_move 1 nodes_visited 630
[23:06:38.799] START to_move 2
[23:06:38.815] STOP to_move 2 nodes_visited 278
[23:06:38.815] START to_move 1
[23:06:38.859] STOP to_move 1 nodes_visited 733
[23:06:38.859] START to_move 2
[23:06:38.877] STOP to_move 2 nodes_visited 308
[23:06:38.877] START to_move 1
[23:06:38.916] STOP to_move 1 nodes_visited 642
[23:06:38.917] START to_move 2
[23:06:38.982] STOP to_move 2 nodes_visited 1087
[23:06:38.982] START to_move 1
[23:06:39.014] STOP to_move 1 nodes_visited 519
[23:06:39.014] START to_move 2
[23:06:39.073] STOP to_move 2 nodes_visited 991
[23:06:39.073] START to_move 1
[23:06:39.093] STOP to_move 1 nodes_visited 328
[23:06:39.094] START to_move 2
[23:06:39.145] STOP to_move 2 nodes_visited 876
[23:06:39.145] START to_move 1
[23:06:39.167] STOP to_move 1 nodes_visited 339
[23:06:39.167] START to_move 2
[23:06:39.226] STOP to_move 2 nodes_visited 950
[23:06:39.227] START to_move 1
[23:06:39.248] STOP to_move 1 nodes_visited 328
[23:06:39.248] START to_move 2
[23:06:39.292] STOP to_move 2 nodes_visited 746
[23:06:39.293] START to_move 1
[23:06:39.307] STOP to_move 1 nodes_visited 233
[23:06:39.307] START to_move 2
[23:06:39.353] STOP to_move 2 nodes_visited 776
[23:06:39.354] START to_move 1
[23:06:39.369] STOP to_move 1 nodes_visited 243
[23:06:39.369] START to_move 2
[23:06:39.417] STOP to_move 2 nodes_visited 805
[23:06:39.417] START to_move 1
[23:06:39.441] STOP to_move 1 nodes_visited 376
[23:06:39.441] START to_move 2
[23:06:39.490] STOP to_move 2 nodes_visited 833
[23:06:39.490] START to_move 1
[23:06:39.514] STOP to_move 1 nodes_visited 366
[23:06:39.515] START to_move 2
[23:06:39.559] STOP to_move 2 nodes_visited 752
[23:06:39.559] START to_move 1
[23:06:39.571] STOP to_move 1 nodes_visited 179
[23:06:39.571] START to_move 2
[23:06:39.602] STOP to_move 2 nodes_visited 529
[23:06:39.603] START to_move 1
[23:06:39.610] STOP to_move 1 nodes_visited 119
[23:06:39.610] START to_move 2
[23:06:39.619] STOP to_move 2 nodes_visited 152
[23:06:39.620] START to_move 1
[23:06:39.637] STOP to_move 1 nodes_visited 275
[23:06:39.637] START to_move 2
[23:06:39.663] STOP to_move 2 nodes_visited 434
[23:06:39.663] START to_move 1
[23:06:39.684] STOP to_move 1 nodes_visited 346
[23:06:39.685] START to_move 2
[23:06:39.694] STOP to_move 2 nodes_visited 158
[23:06:39.694] START to_move 1
[23:06:39.710] STOP to_move 1 nodes_visited 247
[23:06:39.710] START to_move 2
[23:06:39.719] STOP to_move 2 nodes_visited 156
[23:06:39.719] START to_move 1
[23:06:39.734] STOP to_move 1 nodes_visited 230
[23:06:39.734] START to_move 2
[23:06:39.743] STOP to_move 2 nodes_visited 152
[23:06:39.743] START to_move 1
[23:06:39.753] STOP to_move 1 nodes_visited 167
[23:06:39.753] START to_move 2
[23:06:39.762] STOP to_move 2 nodes_visited 150
[23:06:39.762] START to_move 1
[23:06:39.772] STOP to_move 1 nodes_visited 167
[23:06:39.772] START to_move 2
[23:06:39.781] STOP to_move 2 nodes_visited 151
[23:06:39.781] START to_move 1
[23:06:39.791] STOP to_move 1 nodes_visited 167
[23:06:39.791] START to_move 2
[23:06:39.800] STOP to_move 2 nodes_visited 125
[23:06:39.800] START to_move 1
[23:06:39.818] STOP to_move 1 nodes_visited 299
[23:06:39.819] START to_move 2
[23:06:39.826] STOP to_move 2 nodes_visited 128
[23:06:39.826] START to_move 1
[23:06:39.836] STOP to_move 1 nodes_visited 151
[23:06:39.836] START to_move 2
[23:06:39.843] STOP to_move 2 nodes_visited 123
[23:06:39.843] START to_move 1
[23:06:39.852] STOP to_move 1 nodes_visited 151
[23:06:39.852] START to_move 2
[23:06:39.860] STOP to_move 2 nodes_visited 123
[23:06:39.860] START to_move 1
[23:06:39.875] STOP to_move 1 nodes_visited 243
[23:06:39.875] START to_move 2
[23:06:39.883] STOP to_move 2 nodes_visited 136
[23:06:39.883] START to_move 1
[23:06:39.892] STOP to_move 1 nodes_visited 144
[23:06:39.892] START to_move 2
[23:06:39.912] STOP to_move 2 nodes_visited 341
[23:06:39.913] START to_move 1
[23:06:39.927] STOP to_move 1 nodes_visited 235
[23:06:39.927] START to_move 2
[23:06:39.940] STOP to_move 2 nodes_visited 214
[23:06:39.940] START to_move 1
[23:06:39.955] STOP to_move 1 nodes_visited 243
[23:06:39.955] START to_move 2
[23:06:39.962] STOP to_move 2 nodes_visited 126
[23:06:39.962] START to_move 1
[23:06:39.972] STOP to_move 1 nodes_visited 154
[23:06:39.972] START to_move 2
[23:06:39.980] STOP to_move 2 nodes_visited 148
[23:06:39.980] START to_move 1
[23:06:39.994] STOP to_move 1 nodes_visited 228
[23:06:39.994] START to_move 2
[23:06:40.001] STOP to_move 2 nodes_visited 117
[23:06:40.001] START to_move 1
[23:06:40.013] STOP to_move 1 nodes_visited 193
[23:06:40.013] START to_move 2
[23:06:40.022] STOP to_move 2 nodes_visited 167
[23:06:40.022] START to_move 1
[23:06:40.046] STOP to_move 1 nodes_visited 399
[23:06:40.046] START to_move 2
[23:06:40.053] STOP to_move 2 nodes_visited 114
[23:06:40.053] START to_move 1
[23:06:40.066] STOP to_move 1 nodes_visited 206
[23:06:40.066] START to_move 2
[23:06:40.072] STOP to_move 2 nodes_visited 114
[23:06:40.072] START to_move 1
[23:06:40.085] STOP to_move 1 nodes_visited 215
[23:06:40.086] START to_move 2
[23:06:40.100] STOP to_move 2 nodes_visited 250
[23:06:40.100] START to_move 1
[23:06:40.121] STOP to_move 1 nodes_visited 322
[23:06:40.121] START to_move 2
[23:06:40.127] STOP to_move 2 nodes_visited 106
[23:06:40.128] START to_move 1
[23:06:40.134] STOP to_move 1 nodes_visited 97
[23:06:40.134] START to_move 2
[23:06:40.140] STOP to_move 2 nodes_visited 122
[23:06:40.141] START to_move 1
[23:06:40.152] STOP to_move 1 nodes_visited 190
[23:06:40.152] END winner 1 - rounds 229
