[22:27:37.052] 1 - distance_function euclides - pruning True
[22:27:37.052] 2 - distance_function chebyshev - pruning True
[22:27:37.052] START to_move 1
[22:27:37.277] STOP to_move 1 nodes_visited 3558
[22:27:37.280] START to_move 2
[22:27:37.490] STOP to_move 2 nodes_visited 3314
[22:27:37.492] START to_move 1
[22:27:37.716] STOP to_move 1 nodes_visited 3674
[22:27:37.719] START to_move 2
[22:27:37.929] STOP to_move 2 nodes_visited 3314
[22:27:37.931] START to_move 1
[22:27:38.227] STOP to_move 1 nodes_visited 4828
[22:27:38.230] START to_move 2
[22:27:38.256] STOP to_move 2 nodes_visited 447
[22:27:38.257] START to_move 1
[22:27:38.632] STOP to_move 1 nodes_visited 5942
[22:27:38.636] START to_move 2
[22:27:38.812] STOP to_move 2 nodes_visited 2827
[22:27:38.814] START to_move 1
[22:27:39.091] STOP to_move 1 nodes_visited 4439
[22:27:39.093] START to_move 2
[22:27:39.120] STOP to_move 2 nodes_visited 443
[22:27:39.120] START to_move 1
[22:27:39.418] STOP to_move 1 nodes_visited 4841
[22:27:39.421] START to_move 2
[22:27:39.447] STOP to_move 2 nodes_visited 443
[22:27:39.448] START to_move 1
[22:27:39.745] STOP to_move 1 nodes_visited 4842
[22:27:39.748] START to_move 2
[22:27:39.774] STOP to_move 2 nodes_visited 443
[22:27:39.775] START to_move 1
[22:27:40.079] STOP to_move 1 nodes_visited 4989
[22:27:40.082] START to_move 2
[22:27:40.109] STOP to_move 2 nodes_visited 441
[22:27:40.109] START to_move 1
[22:27:40.270] STOP to_move 1 nodes_visited 2641
[22:27:40.271] START to_move 2
[22:27:40.302] STOP to_move 2 nodes_visited 518
[22:27:40.303] START to_move 1
[22:27:40.586] STOP to_move 1 nodes_visited 4619
[22:27:40.588] START to_move 2
[22:27:40.638] STOP to_move 2 nodes_visited 816
[22:27:40.639] START to_move 1
[22:27:40.776] STOP to_move 1 nodes_visited 2252
[22:27:40.777] START to_move 2
[22:27:40.809] STOP to_move 2 nodes_visited 525
[22:27:40.809] START to_move 1
[22:27:41.073] STOP to_move 1 nodes_visited 4301
[22:27:41.076] START to_move 2
[22:27:41.159] STOP to_move 2 nodes_visited 1338
[22:27:41.159] START to_move 1
[22:27:41.405] STOP to_move 1 nodes_visited 4039
[22:27:41.408] START to_move 2
[22:27:41.445] STOP to_move 2 nodes_visited 581
[22:27:41.445] START to_move 1
[22:27:41.483] STOP to_move 1 nodes_visited 638
[22:27:41.483] START to_move 2
[22:27:41.513] STOP to_move 2 nodes_visited 505
[22:27:41.514] START to_move 1
[22:27:41.873] STOP to_move 1 nodes_visited 5781
[22:27:41.877] START to_move 2
[22:27:42.091] STOP to_move 2 nodes_visited 3361
[22:27:42.093] START to_move 1
[22:27:42.140] STOP to_move 1 nodes_visited 784
[22:27:42.140] START to_move 2
[22:27:42.170] STOP to_move 2 nodes_visited 494
[22:27:42.171] START to_move 1
[22:27:42.207] STOP to_move 1 nodes_visited 631
[22:27:42.208] START to_move 2
[22:27:42.243] STOP to_move 2 nodes_visited 555
[22:27:42.243] START to_move 1
[22:27:42.298] STOP to_move 1 nodes_visited 922
[22:27:42.299] START to_move 2
[22:27:42.332] STOP to_move 2 nodes_visited 551
[22:27:42.332] START to_move 1
[22:27:42.388] STOP to_move 1 nodes_visited 943
[22:27:42.389] START to_move 2
[22:27:42.422] STOP to_move 2 nodes_visited 551
[22:27:42.423] START to_move 1
[22:27:42.477] STOP to_move 1 nodes_visited 908
[22:27:42.477] START to_move 2
[22:27:42.511] STOP to_move 2 nodes_visited 525
[22:27:42.511] START to_move 1
[22:27:42.560] STOP to_move 1 nodes_visited 815
[22:27:42.560] START to_move 2
[22:27:42.583] STOP to_move 2 nodes_visited 384
[22:27:42.584] START to_move 1
[22:27:42.621] STOP to_move 1 nodes_visited 633
[22:27:42.621] START to_move 2
[22:27:42.654] STOP to_move 2 nodes_visited 531
[22:27:42.654] START to_move 1
[22:27:42.722] STOP to_move 1 nodes_visited 1125
[22:27:42.722] START to_move 2
[22:27:42.888] STOP to_move 2 nodes_visited 2629
[22:27:42.890] START to_move 1
[22:27:42.943] STOP to_move 1 nodes_visited 901
[22:27:42.944] START to_move 2
[22:27:42.988] STOP to_move 2 nodes_visited 727
[22:27:42.989] START to_move 1
[22:27:43.027] STOP to_move 1 nodes_visited 656
[22:27:43.028] START to_move 2
[22:27:43.054] STOP to_move 2 nodes_visited 453
[22:27:43.055] START to_move 1
[22:27:43.114] STOP to_move 1 nodes_visited 980
[22:27:43.115] START to_move 2
[22:27:43.142] STOP to_move 2 nodes_visited 453
[22:27:43.143] START to_move 1
[22:27:43.202] STOP to_move 1 nodes_visited 998
[22:27:43.203] START to_move 2
[22:27:43.234] STOP to_move 2 nodes_visited 524
[22:27:43.235] START to_move 1
[22:27:43.292] STOP to_move 1 nodes_visited 969
[22:27:43.293] START to_move 2
[22:27:43.375] STOP to_move 2 nodes_visited 1292
[22:27:43.375] START to_move 1
[22:27:43.432] STOP to_move 1 nodes_visited 949
[22:27:43.432] START to_move 2
[22:27:43.461] STOP to_move 2 nodes_visited 480
[22:27:43.461] START to_move 1
[22:27:43.511] STOP to_move 1 nodes_visited 847
[22:27:43.512] START to_move 2
[22:27:43.581] STOP to_move 2 nodes_visited 1130
[22:27:43.582] START to_move 1
[22:27:43.632] STOP to_move 1 nodes_visited 806
[22:27:43.632] START to_move 2
[22:27:43.660] STOP to_move 2 nodes_visited 459
[22:27:43.660] START to_move 1
[22:27:43.812] STOP to_move 1 nodes_visited 2472
[22:27:43.814] START to_move 2
[22:27:43.841] STOP to_move 2 nodes_visited 457
[22:27:43.842] START to_move 1
[22:27:43.892] STOP to_move 1 nodes_visited 839
[22:27:43.893] START to_move 2
[22:27:43.922] STOP to_move 2 nodes_visited 461
[22:27:43.922] START to_move 1
[22:27:43.971] STOP to_move 1 nodes_visited 825
[22:27:43.972] START to_move 2
[22:27:43.998] STOP to_move 2 nodes_visited 432
[22:27:43.998] START to_move 1
[22:27:44.046] STOP to_move 1 nodes_visited 802
[22:27:44.047] START to_move 2
[22:27:44.073] STOP to_move 2 nodes_visited 432
[22:27:44.073] START to_move 1
[22:27:44.116] STOP to_move 1 nodes_visited 732
[22:27:44.117] START to_move 2
[22:27:44.143] STOP to_move 2 nodes_visited 432
[22:27:44.143] START to_move 1
[22:27:44.188] STOP to_move 1 nodes_visited 732
[22:27:44.189] START to_move 2
[22:27:44.215] STOP to_move 2 nodes_visited 432
[22:27:44.215] START to_move 1
[22:27:44.259] STOP to_move 1 nodes_visited 732
[22:27:44.259] START to_move 2
[22:27:44.285] STOP to_move 2 nodes_visited 432
[22:27:44.286] START to_move 1
[22:27:44.325] STOP to_move 1 nodes_visited 662
[22:27:44.325] START to_move 2
[22:27:44.351] STOP to_move 2 nodes_visited 427
[22:27:44.351] START to_move 1
[22:27:44.391] STOP to_move 1 nodes_visited 662
[22:27:44.391] START to_move 2
[22:27:44.417] STOP to_move 2 nodes_visited 428
[22:27:44.417] START to_move 1
[22:27:44.457] STOP to_move 1 nodes_visited 677
[22:27:44.457] START to_move 2
[22:27:44.538] STOP to_move 2 nodes_visited 1284
[22:27:44.539] START to_move 1
[22:27:44.573] STOP to_move 1 nodes_visited 565
[22:27:44.573] START to_move 2
[22:27:44.600] STOP to_move 2 nodes_visited 450
[22:27:44.600] START to_move 1
[22:27:44.650] STOP to_move 1 nodes_visited 831
[22:27:44.650] START to_move 2
[22:27:44.679] STOP to_move 2 nodes_visited 474
[22:27:44.680] START to_move 1
[22:27:44.784] STOP to_move 1 nodes_visited 1702
[22:27:44.785] START to_move 2
[22:27:44.813] STOP to_move 2 nodes_visited 461
[22:27:44.813] START to_move 1
[22:27:44.907] STOP to_move 1 nodes_visited 1571
[22:27:44.908] START to_move 2
[22:27:44.936] STOP to_move 2 nodes_visited 463
[22:27:44.936] START to_move 1
[22:27:45.033] STOP to_move 1 nodes_visited 1574
[22:27:45.033] START to_move 2
[22:27:45.204] STOP to_move 2 nodes_visited 2719
[22:27:45.206] START to_move 1
[22:27:45.273] STOP to_move 1 nodes_visited 1108
[22:27:45.274] START to_move 2
[22:27:45.301] STOP to_move 2 nodes_visited 433
[22:27:45.301] START to_move 1
[22:27:45.380] STOP to_move 1 nodes_visited 1308
[22:27:45.381] START to_move 2
[22:27:45.406] STOP to_move 2 nodes_visited 415
[22:27:45.406] START to_move 1
[22:27:45.531] STOP to_move 1 nodes_visited 2068
[22:27:45.532] START to_move 2
[22:27:45.558] STOP to_move 2 nodes_visited 400
[22:27:45.558] START to_move 1
[22:27:45.636] STOP to_move 1 nodes_visited 1303
[22:27:45.637] START to_move 2
[22:27:45.659] STOP to_move 2 nodes_visited 368
[22:27:45.659] START to_move 1
[22:27:45.693] STOP to_move 1 nodes_visited 573
[22:27:45.693] START to_move 2
[22:27:45.716] STOP to_move 2 nodes_visited 380
[22:27:45.717] START to_move 1
[22:27:45.884] STOP to_move 1 nodes_visited 2688
[22:27:45.885] START to_move 2
[22:27:45.983] STOP to_move 2 nodes_visited 1569
[22:27:45.984] START to_move 1
[22:27:46.111] STOP to_move 1 nodes_visited 2066
[22:27:46.112] START to_move 2
[22:27:46.135] STOP to_move 2 nodes_visited 377
[22:27:46.135] START to_move 1
[22:27:46.272] STOP to_move 1 nodes_visited 2227
[22:27:46.274] START to_move 2
[22:27:46.291] STOP to_move 2 nodes_visited 276
[22:27:46.291] START to_move 1
[22:27:46.382] STOP to_move 1 nodes_visited 1471
[22:27:46.383] START to_move 2
[22:27:46.400] STOP to_move 2 nodes_visited 277
[22:27:46.400] START to_move 1
[22:27:46.511] STOP to_move 1 nodes_visited 1828
[22:27:46.512] START to_move 2
[22:27:46.529] STOP to_move 2 nodes_visited 274
[22:27:46.529] START to_move 1
[22:27:46.636] STOP to_move 1 nodes_visited 1712
[22:27:46.636] START to_move 2
[22:27:46.692] STOP to_move 2 nodes_visited 884
[22:27:46.692] START to_move 1
[22:27:46.761] STOP to_move 1 nodes_visited 1129
[22:27:46.762] START to_move 2
[22:27:46.790] STOP to_move 2 nodes_visited 454
[22:27:46.790] START to_move 1
[22:27:46.813] STOP to_move 1 nodes_visited 395
[22:27:46.813] START to_move 2
[22:27:46.829] STOP to_move 2 nodes_visited 260
[22:27:46.829] START to_move 1
[22:27:46.859] STOP to_move 1 nodes_visited 498
[22:27:46.859] START to_move 2
[22:27:46.875] STOP to_move 2 nodes_visited 257
[22:27:46.875] START to_move 1
[22:27:46.904] STOP to_move 1 nodes_visited 488
[22:27:46.905] START to_move 2
[22:27:46.919] STOP to_move 2 nodes_visited 249
[22:27:46.920] START to_move 1
[22:27:46.948] STOP to_move 1 nodes_visited 452
[22:27:46.948] START to_move 2
[22:27:46.963] STOP to_move 2 nodes_visited 253
[22:27:46.964] START to_move 1
[22:27:46.991] STOP to_move 1 nodes_visited 449
[22:27:46.991] START to_move 2
[22:27:47.006] STOP to_move 2 nodes_visited 253
[22:27:47.006] START to_move 1
[22:27:47.032] STOP to_move 1 nodes_visited 428
[22:27:47.032] START to_move 2
[22:27:47.047] STOP to_move 2 nodes_visited 249
[22:27:47.047] START to_move 1
[22:27:47.072] STOP to_move 1 nodes_visited 406
[22:27:47.072] START to_move 2
[22:27:47.104] STOP to_move 2 nodes_visited 531
[22:27:47.105] START to_move 1
[22:27:47.131] STOP to_move 1 nodes_visited 431
[22:27:47.131] START to_move 2
[22:27:47.145] STOP to_move 2 nodes_visited 240
[22:27:47.145] START to_move 1
[22:27:47.169] STOP to_move 1 nodes_visited 391
[22:27:47.169] START to_move 2
[22:27:47.196] STOP to_move 2 nodes_visited 435
[22:27:47.196] START to_move 1
[22:27:47.232] STOP to_move 1 nodes_visited 585
[22:27:47.233] START to_move 2
[22:27:47.245] STOP to_move 2 nodes_visited 212
[22:27:47.246] START to_move 1
[22:27:47.294] STOP to_move 1 nodes_visited 809
[22:27:47.294] START to_move 2
[22:27:47.310] STOP to_move 2 nodes_visited 268
[22:27:47.311] START to_move 1
[22:27:47.342] STOP to_move 1 nodes_visited 524
[22:27:47.342] START to_move 2
[22:27:47.367] STOP to_move 2 nodes_visited 406
[22:27:47.368] START to_move 1
[22:27:47.400] STOP to_move 1 nodes_visited 553
[22:27:47.401] START to_move 2
[22:27:47.420] STOP to_move 2 nodes_visited 327
[22:27:47.421] START to_move 1
[22:27:47.468] STOP to_move 1 nodes_visited 777
[22:27:47.468] START to_move 2
[22:27:47.487] STOP to_move 2 nodes_visited 314
[22:27:47.487] START to_move 1
[22:27:47.536] STOP to_move 1 nodes_visited 792
[22:27:47.537] START to_move 2
[22:27:47.555] STOP to_move 2 nodes_visited 312
[22:27:47.555] START to_move 1
[22:27:47.602] STOP to_move 1 nodes_visited 777
[22:27:47.603] START to_move 2
[22:27:47.619] STOP to_move 2 nodes_visited 280
[22:27:47.619] START to_move 1
[22:27:47.661] STOP to_move 1 nodes_visited 693
[22:27:47.661] START to_move 2
[22:27:47.678] STOP to_move 2 nodes_visited 280
[22:27:47.678] START to_move 1
[22:27:47.720] STOP to_move 1 nodes_visited 705
[22:27:47.721] START to_move 2
[22:27:47.739] STOP to_move 2 nodes_visited 299
[22:27:47.739] START to_move 1
[22:27:47.782] STOP to_move 1 nodes_visited 711
[22:27:47.782] START to_move 2
[22:27:47.799] STOP to_move 2 nodes_visited 291
[22:27:47.799] START to_move 1
[22:27:47.843] STOP to_move 1 nodes_visited 713
[22:27:47.844] START to_move 2
[22:27:47.861] STOP to_move 2 nodes_visited 296
[22:27:47.862] START to_move 1
[22:27:47.896] STOP to_move 1 nodes_visited 574
[22:27:47.896] START to_move 2
[22:27:47.914] STOP to_move 2 nodes_visited 298
[22:27:47.914] START to_move 1
[22:27:47.950] STOP to_move 1 nodes_visited 611
[22:27:47.951] START to_move 2
[22:27:47.969] STOP to_move 2 nodes_visited 299
[22:27:47.969] START to_move 1
[22:27:48.007] STOP to_move 1 nodes_visited 639
[22:27:48.007] START to_move 2
[22:27:48.075] STOP to_move 2 nodes_visited 1089
[22:27:48.076] START to_move 1
[22:27:48.116] STOP to_move 1 nodes_visited 648
[22:27:48.116] START to_move 2
[22:27:48.206] STOP to_move 2 nodes_visited 1442
[22:27:48.207] START to_move 1
[22:27:48.252] STOP to_move 1 nodes_visited 758
[22:27:48.253] START to_move 2
[22:27:48.339] STOP to_move 2 nodes_visited 1337
[22:27:48.340] START to_move 1
[22:27:48.381] STOP to_move 1 nodes_visited 648
[22:27:48.382] START to_move 2
[22:27:48.458] STOP to_move 2 nodes_visited 1188
[22:27:48.459] START to_move 1
[22:27:48.488] STOP to_move 1 nodes_visited 483
[22:27:48.488] START to_move 2
[22:27:48.568] STOP to_move 2 nodes_visited 1243
[22:27:48.569] START to_move 1
[22:27:48.583] STOP to_move 1 nodes_visited 244
[22:27:48.584] START to_move 2
[22:27:48.666] STOP to_move 2 nodes_visited 1243
[22:27:48.666] START to_move 1
[22:27:48.680] STOP to_move 1 nodes_visited 235
[22:27:48.680] START to_move 2
[22:27:48.688] STOP to_move 2 nodes_visited 145
[22:27:48.689] START to_move 1
[22:27:48.730] STOP to_move 1 nodes_visited 689
[22:27:48.730] START to_move 2
[22:27:48.739] STOP to_move 2 nodes_visited 151
[22:27:48.739] START to_move 1
[22:27:48.774] STOP to_move 1 nodes_visited 586
[22:27:48.774] START to_move 2
[22:27:48.783] STOP to_move 2 nodes_visited 151
[22:27:48.783] START to_move 1
[22:27:48.822] STOP to_move 1 nodes_visited 649
[22:27:48.822] START to_move 2
[22:27:48.830] STOP to_move 2 nodes_visited 149
[22:27:48.831] START to_move 1
[22:27:48.877] STOP to_move 1 nodes_visited 771
[22:27:48.877] START to_move 2
[22:27:48.893] STOP to_move 2 nodes_visited 268
[22:27:48.893] START to_move 1
[22:27:48.939] STOP to_move 1 nodes_visited 765
[22:27:48.939] START to_move 2
[22:27:48.956] STOP to_move 2 nodes_visited 260
[22:27:48.956] START to_move 1
[22:27:49.003] STOP to_move 1 nodes_visited 775
[22:27:49.003] START to_move 2
[22:27:49.019] STOP to_move 2 nodes_visited 261
[22:27:49.019] START to_move 1
[22:27:49.061] STOP to_move 1 nodes_visited 700
[22:27:49.061] START to_move 2
[22:27:49.077] STOP to_move 2 nodes_visited 252
[22:27:49.077] START to_move 1
[22:27:49.095] STOP to_move 1 nodes_visited 303
[22:27:49.095] START to_move 2
[22:27:49.109] STOP to_move 2 nodes_visited 229
[22:27:49.109] START to_move 1
[22:27:49.128] STOP to_move 1 nodes_visited 321
[22:27:49.128] START to_move 2
[22:27:49.142] STOP to_move 2 nodes_visited 222
[22:27:49.142] START to_move 1
[22:27:49.180] STOP to_move 1 nodes_visited 634
[22:27:49.180] START to_move 2
[22:27:49.233] STOP to_move 2 nodes_visited 814
[22:27:49.233] START to_move 1
[22:27:49.263] STOP to_move 1 nodes_visited 465
[22:27:49.263] START to_move 2
[22:27:49.274] STOP to_move 2 nodes_visited 189
[22:27:49.275] START to_move 1
[22:27:49.302] STOP to_move 1 nodes_visited 457
[22:27:49.302] START to_move 2
[22:27:49.312] STOP to_move 2 nodes_visited 173
[22:27:49.313] START to_move 1
[22:27:49.327] STOP to_move 1 nodes_visited 239
[22:27:49.327] START to_move 2
[22:27:49.342] STOP to_move 2 nodes_visited 242
[22:27:49.342] START to_move 1
[22:27:49.361] STOP to_move 1 nodes_visited 311
[22:27:49.361] START to_move 2
[22:27:49.369] STOP to_move 2 nodes_visited 132
[22:27:49.369] START to_move 1
[22:27:49.380] STOP to_move 1 nodes_visited 179
[22:27:49.380] START to_move 2
[22:27:49.386] STOP to_move 2 nodes_visited 114
[22:27:49.387] START to_move 1
[22:27:49.393] STOP to_move 1 nodes_visited 110
[22:27:49.393] START to_move 2
[22:27:49.401] STOP to_move 2 nodes_visited 132
[22:27:49.401] START to_move 1
[22:27:49.411] STOP to_move 1 nodes_visited 167
[22:27:49.411] START to_move 2
[22:27:49.418] STOP to_move 2 nodes_visited 106
[22:27:49.418] START to_move 1
[22:27:49.424] STOP to_move 1 nodes_visited 101
[22:27:49.424] START to_move 2
[22:27:49.436] STOP to_move 2 nodes_visited 201
[22:27:49.436] START to_move 1
[22:27:49.447] STOP to_move 1 nodes_visited 177
[22:27:49.447] END winner 1 - rounds 211
