[22:52:29.557] 1 - distance_function euclides - pruning True
[22:52:29.557] 2 - distance_function manhattan - pruning True
[22:52:29.557] START to_move 1
[22:52:29.657] STOP to_move 1 nodes_visited 1658
[22:52:29.658] START to_move 2
[22:52:29.802] STOP to_move 2 nodes_visited 2337
[22:52:29.804] START to_move 1
[22:52:29.878] STOP to_move 1 nodes_visited 1198
[22:52:29.879] START to_move 2
[22:52:30.010] STOP to_move 2 nodes_visited 2228
[22:52:30.011] START to_move 1
[22:52:30.101] STOP to_move 1 nodes_visited 1376
[22:52:30.102] START to_move 2
[22:52:30.200] STOP to_move 2 nodes_visited 1694
[22:52:30.201] START to_move 1
[22:52:30.251] STOP to_move 1 nodes_visited 843
[22:52:30.251] START to_move 2
[22:52:30.330] STOP to_move 2 nodes_visited 1325
[22:52:30.330] START to_move 1
[22:52:30.412] STOP to_move 1 nodes_visited 1351
[22:52:30.413] START to_move 2
[22:52:30.499] STOP to_move 2 nodes_visited 1476
[22:52:30.500] START to_move 1
[22:52:30.589] STOP to_move 1 nodes_visited 1445
[22:52:30.590] START to_move 2
[22:52:30.644] STOP to_move 2 nodes_visited 935
[22:52:30.644] START to_move 1
[22:52:30.701] STOP to_move 1 nodes_visited 946
[22:52:30.701] START to_move 2
[22:52:30.738] STOP to_move 2 nodes_visited 653
[22:52:30.740] START to_move 1
[22:52:30.762] STOP to_move 1 nodes_visited 388
[22:52:30.762] START to_move 2
[22:52:30.786] STOP to_move 2 nodes_visited 409
[22:52:30.786] START to_move 1
[22:52:30.943] STOP to_move 1 nodes_visited 2541
[22:52:30.944] START to_move 2
[22:52:30.968] STOP to_move 2 nodes_visited 418
[22:52:30.968] START to_move 1
[22:52:31.120] STOP to_move 1 nodes_visited 2444
[22:52:31.122] START to_move 2
[22:52:31.156] STOP to_move 2 nodes_visited 614
[22:52:31.156] START to_move 1
[22:52:31.195] STOP to_move 1 nodes_visited 661
[22:52:31.196] START to_move 2
[22:52:31.219] STOP to_move 2 nodes_visited 415
[22:52:31.219] START to_move 1
[22:52:31.405] STOP to_move 1 nodes_visited 3019
[22:52:31.407] START to_move 2
[22:52:31.431] STOP to_move 2 nodes_visited 423
[22:52:31.432] START to_move 1
[22:52:31.574] STOP to_move 1 nodes_visited 2368
[22:52:31.575] START to_move 2
[22:52:31.599] STOP to_move 2 nodes_visited 417
[22:52:31.599] START to_move 1
[22:52:31.747] STOP to_move 1 nodes_visited 2440
[22:52:31.749] START to_move 2
[22:52:31.773] STOP to_move 2 nodes_visited 431
[22:52:31.773] START to_move 1
[22:52:31.904] STOP to_move 1 nodes_visited 2142
[22:52:31.905] START to_move 2
[22:52:31.931] STOP to_move 2 nodes_visited 442
[22:52:31.931] START to_move 1
[22:52:32.051] STOP to_move 1 nodes_visited 2001
[22:52:32.052] START to_move 2
[22:52:32.077] STOP to_move 2 nodes_visited 436
[22:52:32.077] START to_move 1
[22:52:32.205] STOP to_move 1 nodes_visited 2098
[22:52:32.206] START to_move 2
[22:52:32.230] STOP to_move 2 nodes_visited 438
[22:52:32.231] START to_move 1
[22:52:32.351] STOP to_move 1 nodes_visited 2010
[22:52:32.352] START to_move 2
[22:52:32.489] STOP to_move 2 nodes_visited 2334
[22:52:32.490] START to_move 1
[22:52:32.629] STOP to_move 1 nodes_visited 2310
[22:52:32.630] START to_move 2
[22:52:32.759] STOP to_move 2 nodes_visited 2242
[22:52:32.760] START to_move 1
[22:52:32.930] STOP to_move 1 nodes_visited 2766
[22:52:32.931] START to_move 2
[22:52:33.061] STOP to_move 2 nodes_visited 2274
[22:52:33.062] START to_move 1
[22:52:33.174] STOP to_move 1 nodes_visited 1815
[22:52:33.175] START to_move 2
[22:52:33.297] STOP to_move 2 nodes_visited 2126
[22:52:33.298] START to_move 1
[22:52:33.398] STOP to_move 1 nodes_visited 1675
[22:52:33.399] START to_move 2
[22:52:33.520] STOP to_move 2 nodes_visited 2070
[22:52:33.521] START to_move 1
[22:52:33.629] STOP to_move 1 nodes_visited 1788
[22:52:33.630] START to_move 2
[22:52:33.763] STOP to_move 2 nodes_visited 2252
[22:52:33.764] START to_move 1
[22:52:33.910] STOP to_move 1 nodes_visited 2419
[22:52:33.911] START to_move 2
[22:52:33.974] STOP to_move 2 nodes_visited 1075
[22:52:33.975] START to_move 1
[22:52:34.041] STOP to_move 1 nodes_visited 1117
[22:52:34.042] START to_move 2
[22:52:34.130] STOP to_move 2 nodes_visited 1534
[22:52:34.131] START to_move 1
[22:52:34.220] STOP to_move 1 nodes_visited 1465
[22:52:34.221] START to_move 2
[22:52:34.308] STOP to_move 2 nodes_visited 1532
[22:52:34.309] START to_move 1
[22:52:34.400] STOP to_move 1 nodes_visited 1518
[22:52:34.400] START to_move 2
[22:52:34.494] STOP to_move 2 nodes_visited 1596
[22:52:34.495] START to_move 1
[22:52:34.563] STOP to_move 1 nodes_visited 1146
[22:52:34.564] START to_move 2
[22:52:34.624] STOP to_move 2 nodes_visited 999
[22:52:34.625] START to_move 1
[22:52:34.788] STOP to_move 1 nodes_visited 2658
[22:52:34.789] START to_move 2
[22:52:34.862] STOP to_move 2 nodes_visited 1211
[22:52:34.863] START to_move 1
[22:52:34.926] STOP to_move 1 nodes_visited 1053
[22:52:34.927] START to_move 2
[22:52:34.961] STOP to_move 2 nodes_visited 588
[22:52:34.961] START to_move 1
[22:52:35.037] STOP to_move 1 nodes_visited 1236
[22:52:35.037] START to_move 2
[22:52:35.072] STOP to_move 2 nodes_visited 602
[22:52:35.072] START to_move 1
[22:52:35.148] STOP to_move 1 nodes_visited 1262
[22:52:35.149] START to_move 2
[22:52:35.182] STOP to_move 2 nodes_visited 574
[22:52:35.182] START to_move 1
[22:52:35.353] STOP to_move 1 nodes_visited 2780
[22:52:35.354] START to_move 2
[22:52:35.388] STOP to_move 2 nodes_visited 574
[22:52:35.388] START to_move 1
[22:52:35.549] STOP to_move 1 nodes_visited 2605
[22:52:35.550] START to_move 2
[22:52:35.583] STOP to_move 2 nodes_visited 549
[22:52:35.583] START to_move 1
[22:52:35.724] STOP to_move 1 nodes_visited 2329
[22:52:35.726] START to_move 2
[22:52:35.755] STOP to_move 2 nodes_visited 515
[22:52:35.756] START to_move 1
[22:52:35.922] STOP to_move 1 nodes_visited 2715
[22:52:35.923] START to_move 2
[22:52:35.953] STOP to_move 2 nodes_visited 514
[22:52:35.953] START to_move 1
[22:52:36.112] STOP to_move 1 nodes_visited 2577
[22:52:36.113] START to_move 2
[22:52:36.142] STOP to_move 2 nodes_visited 510
[22:52:36.143] START to_move 1
[22:52:36.291] STOP to_move 1 nodes_visited 2451
[22:52:36.292] START to_move 2
[22:52:36.344] STOP to_move 2 nodes_visited 869
[22:52:36.344] START to_move 1
[22:52:36.464] STOP to_move 1 nodes_visited 1948
[22:52:36.465] START to_move 2
[22:52:36.491] STOP to_move 2 nodes_visited 462
[22:52:36.491] START to_move 1
[22:52:36.618] STOP to_move 1 nodes_visited 2028
[22:52:36.619] START to_move 2
[22:52:36.637] STOP to_move 2 nodes_visited 313
[22:52:36.637] START to_move 1
[22:52:36.771] STOP to_move 1 nodes_visited 2204
[22:52:36.772] START to_move 2
[22:52:36.793] STOP to_move 2 nodes_visited 368
[22:52:36.793] START to_move 1
[22:52:36.870] STOP to_move 1 nodes_visited 1254
[22:52:36.871] START to_move 2
[22:52:36.948] STOP to_move 2 nodes_visited 1342
[22:52:36.949] START to_move 1
[22:52:37.168] STOP to_move 1 nodes_visited 3430
[22:52:37.170] START to_move 2
[22:52:37.226] STOP to_move 2 nodes_visited 969
[22:52:37.226] START to_move 1
[22:52:37.256] STOP to_move 1 nodes_visited 506
[22:52:37.257] START to_move 2
[22:52:37.276] STOP to_move 2 nodes_visited 342
[22:52:37.276] START to_move 1
[22:52:37.318] STOP to_move 1 nodes_visited 694
[22:52:37.318] START to_move 2
[22:52:37.339] STOP to_move 2 nodes_visited 381
[22:52:37.340] START to_move 1
[22:52:37.370] STOP to_move 1 nodes_visited 512
[22:52:37.370] START to_move 2
[22:52:37.391] STOP to_move 2 nodes_visited 345
[22:52:37.391] START to_move 1
[22:52:37.452] STOP to_move 1 nodes_visited 1006
[22:52:37.452] START to_move 2
[22:52:37.533] STOP to_move 2 nodes_visited 1408
[22:52:37.534] START to_move 1
[22:52:37.586] STOP to_move 1 nodes_visited 859
[22:52:37.586] START to_move 2
[22:52:37.711] STOP to_move 2 nodes_visited 2116
[22:52:37.712] START to_move 1
[22:52:37.761] STOP to_move 1 nodes_visited 802
[22:52:37.761] START to_move 2
[22:52:37.781] STOP to_move 2 nodes_visited 348
[22:52:37.782] START to_move 1
[22:52:37.822] STOP to_move 1 nodes_visited 678
[22:52:37.823] START to_move 2
[22:52:37.842] STOP to_move 2 nodes_visited 331
[22:52:37.842] START to_move 1
[22:52:37.893] STOP to_move 1 nodes_visited 848
[22:52:37.893] START to_move 2
[22:52:37.926] STOP to_move 2 nodes_visited 538
[22:52:37.926] START to_move 1
[22:52:38.037] STOP to_move 1 nodes_visited 1798
[22:52:38.038] START to_move 2
[22:52:38.065] STOP to_move 2 nodes_visited 464
[22:52:38.065] START to_move 1
[22:52:38.093] STOP to_move 1 nodes_visited 457
[22:52:38.093] START to_move 2
[22:52:38.100] STOP to_move 2 nodes_visited 139
[22:52:38.101] START to_move 1
[22:52:38.193] STOP to_move 1 nodes_visited 1478
[22:52:38.194] START to_move 2
[22:52:38.202] STOP to_move 2 nodes_visited 148
[22:52:38.202] START to_move 1
[22:52:38.273] STOP to_move 1 nodes_visited 1159
[22:52:38.273] START to_move 2
[22:52:38.303] STOP to_move 2 nodes_visited 515
[22:52:38.303] START to_move 1
[22:52:38.369] STOP to_move 1 nodes_visited 1075
[22:52:38.369] START to_move 2
[22:52:38.396] STOP to_move 2 nodes_visited 466
[22:52:38.396] START to_move 1
[22:52:38.467] STOP to_move 1 nodes_visited 1110
[22:52:38.467] START to_move 2
[22:52:38.478] STOP to_move 2 nodes_visited 200
[22:52:38.478] START to_move 1
[22:52:38.535] STOP to_move 1 nodes_visited 939
[22:52:38.536] START to_move 2
[22:52:38.546] STOP to_move 2 nodes_visited 177
[22:52:38.546] START to_move 1
[22:52:38.599] STOP to_move 1 nodes_visited 889
[22:52:38.600] START to_move 2
[22:52:38.610] STOP to_move 2 nodes_visited 179
[22:52:38.610] START to_move 1
[22:52:38.663] STOP to_move 1 nodes_visited 889
[22:52:38.664] START to_move 2
[22:52:38.674] STOP to_move 2 nodes_visited 177
[22:52:38.674] START to_move 1
[22:52:38.725] STOP to_move 1 nodes_visited 842
[22:52:38.726] START to_move 2
[22:52:38.736] STOP to_move 2 nodes_visited 171
[22:52:38.736] START to_move 1
[22:52:38.761] STOP to_move 1 nodes_visited 393
[22:52:38.761] START to_move 2
[22:52:38.770] STOP to_move 2 nodes_visited 167
[22:52:38.770] START to_move 1
[22:52:38.794] STOP to_move 1 nodes_visited 391
[22:52:38.794] START to_move 2
[22:52:38.816] STOP to_move 2 nodes_visited 378
[22:52:38.816] START to_move 1
[22:52:38.834] STOP to_move 1 nodes_visited 292
[22:52:38.834] START to_move 2
[22:52:38.852] STOP to_move 2 nodes_visited 328
[22:52:38.852] START to_move 1
[22:52:38.869] STOP to_move 1 nodes_visited 271
[22:52:38.869] START to_move 2
[22:52:38.887] STOP to_move 2 nodes_visited 316
[22:52:38.887] START to_move 1
[22:52:38.902] STOP to_move 1 nodes_visited 248
[22:52:38.902] START to_move 2
[22:52:38.911] STOP to_move 2 nodes_visited 156
[22:52:38.911] START to_move 1
[22:52:38.926] STOP to_move 1 nodes_visited 250
[22:52:38.926] START to_move 2
[22:52:38.935] STOP to_move 2 nodes_visited 168
[22:52:38.935] START to_move 1
[22:52:38.950] STOP to_move 1 nodes_visited 245
[22:52:38.950] START to_move 2
[22:52:38.959] STOP to_move 2 nodes_visited 168
[22:52:38.960] START to_move 1
[22:52:38.974] STOP to_move 1 nodes_visited 246
[22:52:38.974] START to_move 2
[22:52:38.983] STOP to_move 2 nodes_visited 157
[22:52:38.983] START to_move 1
[22:52:38.997] STOP to_move 1 nodes_visited 236
[22:52:38.997] START to_move 2
[22:52:39.007] STOP to_move 2 nodes_visited 172
[22:52:39.007] START to_move 1
[22:52:39.018] STOP to_move 1 nodes_visited 182
[22:52:39.018] START to_move 2
[22:52:39.025] STOP to_move 2 nodes_visited 114
[22:52:39.025] START to_move 1
[22:52:39.035] STOP to_move 1 nodes_visited 176
[22:52:39.035] START to_move 2
[22:52:39.042] STOP to_move 2 nodes_visited 114
[22:52:39.042] START to_move 1
[22:52:39.049] STOP to_move 1 nodes_visited 123
[22:52:39.049] START to_move 2
[22:52:39.055] STOP to_move 2 nodes_visited 101
[22:52:39.055] START to_move 1
[22:52:39.063] STOP to_move 1 nodes_visited 121
[22:52:39.063] START to_move 2
[22:52:39.069] STOP to_move 2 nodes_visited 101
[22:52:39.069] START to_move 1
[22:52:39.076] STOP to_move 1 nodes_visited 121
[22:52:39.076] START to_move 2
[22:52:39.082] STOP to_move 2 nodes_visited 101
[22:52:39.082] START to_move 1
[22:52:39.089] STOP to_move 1 nodes_visited 117
[22:52:39.089] START to_move 2
[22:52:39.095] STOP to_move 2 nodes_visited 98
[22:52:39.095] START to_move 1
[22:52:39.102] STOP to_move 1 nodes_visited 117
[22:52:39.102] START to_move 2
[22:52:39.107] STOP to_move 2 nodes_visited 98
[22:52:39.107] START to_move 1
[22:52:39.115] STOP to_move 1 nodes_visited 120
[22:52:39.115] START to_move 2
[22:52:39.120] STOP to_move 2 nodes_visited 91
[22:52:39.120] START to_move 1
[22:52:39.124] STOP to_move 1 nodes_visited 72
[22:52:39.124] START to_move 2
[22:52:39.130] STOP to_move 2 nodes_visited 105
[22:52:39.130] START to_move 1
[22:52:39.139] STOP to_move 1 nodes_visited 146
[22:52:39.139] START to_move 2
[22:52:39.148] STOP to_move 2 nodes_visited 148
[22:52:39.148] START to_move 1
[22:52:39.160] STOP to_move 1 nodes_visited 198
[22:52:39.160] START to_move 2
[22:52:39.167] STOP to_move 2 nodes_visited 116
[22:52:39.167] START to_move 1
[22:52:39.178] STOP to_move 1 nodes_visited 181
[22:52:39.178] END winner 1 - rounds 163
