[22:01:57.393] 1 - distance_function euclides - pruning True
[22:01:57.393] 2 - distance_function chebyshev - pruning True
[22:01:57.394] START to_move 1
[22:01:57.485] STOP to_move 1 nodes_visited 1519
[22:01:57.486] START to_move 2
[22:01:57.609] STOP to_move 2 nodes_visited 1845
[22:01:57.610] START to_move 1
[22:01:57.826] STOP to_move 1 nodes_visited 3467
[22:01:57.829] START to_move 2
[22:01:57.941] STOP to_move 2 nodes_visited 1767
[22:01:57.942] START to_move 1
[22:01:58.159] STOP to_move 1 nodes_visited 3468
[22:01:58.161] START to_move 2
[22:01:58.434] STOP to_move 2 nodes_visited 4208
[22:01:58.436] START to_move 1
[22:01:58.643] STOP to_move 1 nodes_visited 3351
[22:01:58.645] START to_move 2
[22:01:58.947] STOP to_move 2 nodes_visited 4648
[22:01:58.950] START to_move 1
[22:01:59.157] STOP to_move 1 nodes_visited 3371
[22:01:59.159] START to_move 2
[22:01:59.329] STOP to_move 2 nodes_visited 2669
[22:01:59.330] START to_move 1
[22:01:59.509] STOP to_move 1 nodes_visited 2766
[22:01:59.511] START to_move 2
[22:01:59.671] STOP to_move 2 nodes_visited 2532
[22:01:59.672] START to_move 1
[22:01:59.782] STOP to_move 1 nodes_visited 1739
[22:01:59.783] START to_move 2
[22:01:59.955] STOP to_move 2 nodes_visited 2689
[22:01:59.956] START to_move 1
[22:02:00.037] STOP to_move 1 nodes_visited 1274
[22:02:00.038] START to_move 2
[22:02:00.122] STOP to_move 2 nodes_visited 1344
[22:02:00.123] START to_move 1
[22:02:00.215] STOP to_move 1 nodes_visited 1514
[22:02:00.216] START to_move 2
[22:02:00.308] STOP to_move 2 nodes_visited 1446
[22:02:00.309] START to_move 1
[22:02:00.404] STOP to_move 1 nodes_visited 1556
[22:02:00.405] START to_move 2
[22:02:00.508] STOP to_move 2 nodes_visited 1607
[22:02:00.509] START to_move 1
[22:02:00.568] STOP to_move 1 nodes_visited 947
[22:02:00.568] START to_move 2
[22:02:00.653] STOP to_move 2 nodes_visited 1319
[22:02:00.654] START to_move 1
[22:02:00.780] STOP to_move 1 nodes_visited 2082
[22:02:00.782] START to_move 2
[22:02:00.871] STOP to_move 2 nodes_visited 1390
[22:02:00.872] START to_move 1
[22:02:01.016] STOP to_move 1 nodes_visited 2294
[22:02:01.017] START to_move 2
[22:02:01.095] STOP to_move 2 nodes_visited 1237
[22:02:01.096] START to_move 1
[22:02:01.302] STOP to_move 1 nodes_visited 3276
[22:02:01.304] START to_move 2
[22:02:01.385] STOP to_move 2 nodes_visited 1238
[22:02:01.386] START to_move 1
[22:02:01.711] STOP to_move 1 nodes_visited 5050
[22:02:01.714] START to_move 2
[22:02:01.734] STOP to_move 2 nodes_visited 323
[22:02:01.734] START to_move 1
[22:02:01.902] STOP to_move 1 nodes_visited 2717
[22:02:01.903] START to_move 2
[22:02:02.180] STOP to_move 2 nodes_visited 4220
[22:02:02.183] START to_move 1
[22:02:02.334] STOP to_move 1 nodes_visited 2436
[22:02:02.335] START to_move 2
[22:02:02.462] STOP to_move 2 nodes_visited 1931
[22:02:02.463] START to_move 1
[22:02:02.626] STOP to_move 1 nodes_visited 2549
[22:02:02.628] START to_move 2
[22:02:02.880] STOP to_move 2 nodes_visited 3991
[22:02:02.882] START to_move 1
[22:02:03.141] STOP to_move 1 nodes_visited 4009
[22:02:03.144] START to_move 2
[22:02:03.320] STOP to_move 2 nodes_visited 2790
[22:02:03.321] START to_move 1
[22:02:03.652] STOP to_move 1 nodes_visited 5188
[22:02:03.655] START to_move 2
[22:02:03.826] STOP to_move 2 nodes_visited 2682
[22:02:03.828] START to_move 1
[22:02:03.965] STOP to_move 1 nodes_visited 2231
[22:02:03.966] START to_move 2
[22:02:04.053] STOP to_move 2 nodes_visited 1382
[22:02:04.053] START to_move 1
[22:02:04.136] STOP to_move 1 nodes_visited 1345
[22:02:04.137] START to_move 2
[22:02:04.266] STOP to_move 2 nodes_visited 2087
[22:02:04.267] START to_move 1
[22:02:04.330] STOP to_move 1 nodes_visited 1043
[22:02:04.331] START to_move 2
[22:02:04.483] STOP to_move 2 nodes_visited 2393
[22:02:04.484] START to_move 1
[22:02:04.646] STOP to_move 1 nodes_visited 2567
[22:02:04.647] START to_move 2
[22:02:04.767] STOP to_move 2 nodes_visited 1934
[22:02:04.768] START to_move 1
[22:02:04.899] STOP to_move 1 nodes_visited 2089
[22:02:04.901] START to_move 2
[22:02:04.966] STOP to_move 2 nodes_visited 1057
[22:02:04.966] START to_move 1
[22:02:05.099] STOP to_move 1 nodes_visited 2156
[22:02:05.100] START to_move 2
[22:02:05.192] STOP to_move 2 nodes_visited 1470
[22:02:05.193] START to_move 1
[22:02:05.300] STOP to_move 1 nodes_visited 1686
[22:02:05.301] START to_move 2
[22:02:05.377] STOP to_move 2 nodes_visited 1242
[22:02:05.378] START to_move 1
[22:02:05.497] STOP to_move 1 nodes_visited 1917
[22:02:05.498] START to_move 2
[22:02:05.571] STOP to_move 2 nodes_visited 1181
[22:02:05.571] START to_move 1
[22:02:05.656] STOP to_move 1 nodes_visited 1405
[22:02:05.656] START to_move 2
[22:02:05.738] STOP to_move 2 nodes_visited 1299
[22:02:05.739] START to_move 1
[22:02:05.883] STOP to_move 1 nodes_visited 2354
[22:02:05.884] START to_move 2
[22:02:05.983] STOP to_move 2 nodes_visited 1543
[22:02:05.984] START to_move 1
[22:02:06.060] STOP to_move 1 nodes_visited 1281
[22:02:06.061] START to_move 2
[22:02:06.154] STOP to_move 2 nodes_visited 1498
[22:02:06.155] START to_move 1
[22:02:06.322] STOP to_move 1 nodes_visited 2668
[22:02:06.324] START to_move 2
[22:02:06.418] STOP to_move 2 nodes_visited 1507
[22:02:06.419] START to_move 1
[22:02:06.479] STOP to_move 1 nodes_visited 991
[22:02:06.480] START to_move 2
[22:02:06.576] STOP to_move 2 nodes_visited 1538
[22:02:06.577] START to_move 1
[22:02:06.640] STOP to_move 1 nodes_visited 1048
[22:02:06.641] START to_move 2
[22:02:06.738] STOP to_move 2 nodes_visited 1562
[22:02:06.739] START to_move 1
[22:02:06.805] STOP to_move 1 nodes_visited 1078
[22:02:06.805] START to_move 2
[22:02:06.870] STOP to_move 2 nodes_visited 1038
[22:02:06.870] START to_move 1
[22:02:06.945] STOP to_move 1 nodes_visited 1238
[22:02:06.945] START to_move 2
[22:02:06.993] STOP to_move 2 nodes_visited 780
[22:02:06.994] START to_move 1
[22:02:07.091] STOP to_move 1 nodes_visited 1573
[22:02:07.092] START to_move 2
[22:02:07.139] STOP to_move 2 nodes_visited 771
[22:02:07.140] START to_move 1
[22:02:07.232] STOP to_move 1 nodes_visited 1529
[22:02:07.233] START to_move 2
[22:02:07.295] STOP to_move 2 nodes_visited 1009
[22:02:07.296] START to_move 1
[22:02:07.369] STOP to_move 1 nodes_visited 1204
[22:02:07.369] START to_move 2
[22:02:07.437] STOP to_move 2 nodes_visited 1098
[22:02:07.438] START to_move 1
[22:02:07.513] STOP to_move 1 nodes_visited 1264
[22:02:07.514] START to_move 2
[22:02:07.567] STOP to_move 2 nodes_visited 854
[22:02:07.567] START to_move 1
[22:02:07.657] STOP to_move 1 nodes_visited 1472
[22:02:07.658] START to_move 2
[22:02:07.769] STOP to_move 2 nodes_visited 1781
[22:02:07.770] START to_move 1
[22:02:07.847] STOP to_move 1 nodes_visited 1239
[22:02:07.848] START to_move 2
[22:02:07.978] STOP to_move 2 nodes_visited 2062
[22:02:07.979] START to_move 1
[22:02:08.116] STOP to_move 1 nodes_visited 2213
[22:02:08.117] START to_move 2
[22:02:08.169] STOP to_move 2 nodes_visited 835
[22:02:08.169] START to_move 1
[22:02:08.353] STOP to_move 1 nodes_visited 3026
[22:02:08.354] START to_move 2
[22:02:08.413] STOP to_move 2 nodes_visited 917
[22:02:08.413] START to_move 1
[22:02:08.492] STOP to_move 1 nodes_visited 1268
[22:02:08.494] START to_move 2
[22:02:08.586] STOP to_move 2 nodes_visited 1491
[22:02:08.587] START to_move 1
[22:02:08.672] STOP to_move 1 nodes_visited 1312
[22:02:08.673] START to_move 2
[22:02:08.702] STOP to_move 2 nodes_visited 486
[22:02:08.702] START to_move 1
[22:02:08.779] STOP to_move 1 nodes_visited 1269
[22:02:08.780] START to_move 2
[22:02:08.810] STOP to_move 2 nodes_visited 510
[22:02:08.811] START to_move 1
[22:02:08.879] STOP to_move 1 nodes_visited 1114
[22:02:08.879] START to_move 2
[22:02:09.034] STOP to_move 2 nodes_visited 2455
[22:02:09.035] START to_move 1
[22:02:09.114] STOP to_move 1 nodes_visited 1296
[22:02:09.115] START to_move 2
[22:02:09.150] STOP to_move 2 nodes_visited 592
[22:02:09.151] START to_move 1
[22:02:09.273] STOP to_move 1 nodes_visited 1972
[22:02:09.275] START to_move 2
[22:02:09.426] STOP to_move 2 nodes_visited 2438
[22:02:09.427] START to_move 1
[22:02:09.541] STOP to_move 1 nodes_visited 1832
[22:02:09.542] START to_move 2
[22:02:09.577] STOP to_move 2 nodes_visited 586
[22:02:09.578] START to_move 1
[22:02:09.735] STOP to_move 1 nodes_visited 2602
[22:02:09.736] START to_move 2
[22:02:09.773] STOP to_move 2 nodes_visited 574
[22:02:09.773] START to_move 1
[22:02:09.829] STOP to_move 1 nodes_visited 926
[22:02:09.829] START to_move 2
[22:02:09.864] STOP to_move 2 nodes_visited 581
[22:02:09.865] START to_move 1
[22:02:09.928] STOP to_move 1 nodes_visited 1059
[22:02:09.928] START to_move 2
[22:02:09.993] STOP to_move 2 nodes_visited 1052
[22:02:09.994] START to_move 1
[22:02:10.057] STOP to_move 1 nodes_visited 1035
[22:02:10.058] START to_move 2
[22:02:10.092] STOP to_move 2 nodes_visited 564
[22:02:10.093] START to_move 1
[22:02:10.157] STOP to_move 1 nodes_visited 1052
[22:02:10.157] START to_move 2
[22:02:10.192] STOP to_move 2 nodes_visited 575
[22:02:10.192] START to_move 1
[22:02:10.255] STOP to_move 1 nodes_visited 1030
[22:02:10.256] START to_move 2
[22:02:10.417] STOP to_move 2 nodes_visited 2560
[22:02:10.418] START to_move 1
[22:02:10.485] STOP to_move 1 nodes_visited 1097
[22:02:10.486] START to_move 2
[22:02:10.624] STOP to_move 2 nodes_visited 2180
[22:02:10.626] START to_move 1
[22:02:10.659] STOP to_move 1 nodes_visited 560
[22:02:10.659] START to_move 2
[22:02:10.790] STOP to_move 2 nodes_visited 2106
[22:02:10.792] START to_move 1
[22:02:10.877] STOP to_move 1 nodes_visited 1378
[22:02:10.878] START to_move 2
[22:02:10.907] STOP to_move 2 nodes_visited 471
[22:02:10.907] START to_move 1
[22:02:10.938] STOP to_move 1 nodes_visited 518
[22:02:10.938] START to_move 2
[22:02:10.966] STOP to_move 2 nodes_visited 443
[22:02:10.966] START to_move 1
[22:02:11.069] STOP to_move 1 nodes_visited 1651
[22:02:11.069] START to_move 2
[22:02:11.096] STOP to_move 2 nodes_visited 440
[22:02:11.096] START to_move 1
[22:02:11.118] STOP to_move 1 nodes_visited 384
[22:02:11.119] START to_move 2
[22:02:11.169] STOP to_move 2 nodes_visited 800
[22:02:11.169] START to_move 1
[22:02:11.202] STOP to_move 1 nodes_visited 545
[22:02:11.202] START to_move 2
[22:02:11.230] STOP to_move 2 nodes_visited 456
[22:02:11.230] START to_move 1
[22:02:11.268] STOP to_move 1 nodes_visited 641
[22:02:11.268] START to_move 2
[22:02:11.296] STOP to_move 2 nodes_visited 455
[22:02:11.296] START to_move 1
[22:02:11.334] STOP to_move 1 nodes_visited 641
[22:02:11.335] START to_move 2
[22:02:11.390] STOP to_move 2 nodes_visited 892
[22:02:11.391] START to_move 1
[22:02:11.433] STOP to_move 1 nodes_visited 693
[22:02:11.433] START to_move 2
[22:02:11.460] STOP to_move 2 nodes_visited 444
[22:02:11.460] START to_move 1
[22:02:11.500] STOP to_move 1 nodes_visited 668
[22:02:11.500] START to_move 2
[22:02:11.523] STOP to_move 2 nodes_visited 372
[22:02:11.523] START to_move 1
[22:02:11.576] STOP to_move 1 nodes_visited 872
[22:02:11.576] START to_move 2
[22:02:11.618] STOP to_move 2 nodes_visited 674
[22:02:11.618] START to_move 1
[22:02:11.678] STOP to_move 1 nodes_visited 996
[22:02:11.679] START to_move 2
[22:02:11.703] STOP to_move 2 nodes_visited 378
[22:02:11.703] START to_move 1
[22:02:11.754] STOP to_move 1 nodes_visited 856
[22:02:11.755] START to_move 2
[22:02:11.777] STOP to_move 2 nodes_visited 375
[22:02:11.778] START to_move 1
[22:02:11.828] STOP to_move 1 nodes_visited 842
[22:02:11.828] START to_move 2
[22:02:11.850] STOP to_move 2 nodes_visited 372
[22:02:11.851] START to_move 1
[22:02:11.902] STOP to_move 1 nodes_visited 853
[22:02:11.902] START to_move 2
[22:02:12.015] STOP to_move 2 nodes_visited 1758
[22:02:12.016] START to_move 1
[22:02:12.104] STOP to_move 1 nodes_visited 1460
[22:02:12.105] START to_move 2
[22:02:12.127] STOP to_move 2 nodes_visited 369
[22:02:12.127] START to_move 1
[22:02:12.163] STOP to_move 1 nodes_visited 604
[22:02:12.163] START to_move 2
[22:02:12.185] STOP to_move 2 nodes_visited 369
[22:02:12.186] START to_move 1
[22:02:12.220] STOP to_move 1 nodes_visited 577
[22:02:12.220] START to_move 2
[22:02:12.242] STOP to_move 2 nodes_visited 376
[22:02:12.243] START to_move 1
[22:02:12.277] STOP to_move 1 nodes_visited 557
[22:02:12.277] START to_move 2
[22:02:12.424] STOP to_move 2 nodes_visited 2348
[22:02:12.425] START to_move 1
[22:02:12.468] STOP to_move 1 nodes_visited 713
[22:02:12.468] START to_move 2
[22:02:12.507] STOP to_move 2 nodes_visited 630
[22:02:12.507] START to_move 1
[22:02:12.528] STOP to_move 1 nodes_visited 355
[22:02:12.529] START to_move 2
[22:02:12.550] STOP to_move 2 nodes_visited 341
[22:02:12.551] START to_move 1
[22:02:12.578] STOP to_move 1 nodes_visited 470
[22:02:12.579] START to_move 2
[22:02:12.610] STOP to_move 2 nodes_visited 513
[22:02:12.610] START to_move 1
[22:02:12.649] STOP to_move 1 nodes_visited 652
[22:02:12.649] START to_move 2
[22:02:12.770] STOP to_move 2 nodes_visited 1934
[22:02:12.771] START to_move 1
[22:02:12.803] STOP to_move 1 nodes_visited 523
[22:02:12.803] START to_move 2
[22:02:12.837] STOP to_move 2 nodes_visited 540
[22:02:12.837] START to_move 1
[22:02:12.869] STOP to_move 1 nodes_visited 534
[22:02:12.869] START to_move 2
[22:02:12.883] STOP to_move 2 nodes_visited 247
[22:02:12.884] START to_move 1
[22:02:12.911] STOP to_move 1 nodes_visited 461
[22:02:12.911] START to_move 2
[22:02:12.926] STOP to_move 2 nodes_visited 244
[22:02:12.926] START to_move 1
[22:02:12.953] STOP to_move 1 nodes_visited 457
[22:02:12.953] START to_move 2
[22:02:12.968] STOP to_move 2 nodes_visited 257
[22:02:12.968] START to_move 1
[22:02:12.992] STOP to_move 1 nodes_visited 414
[22:02:12.993] START to_move 2
[22:02:13.006] STOP to_move 2 nodes_visited 229
[22:02:13.006] START to_move 1
[22:02:13.028] STOP to_move 1 nodes_visited 374
[22:02:13.028] START to_move 2
[22:02:13.048] STOP to_move 2 nodes_visited 334
[22:02:13.048] START to_move 1
[22:02:13.066] STOP to_move 1 nodes_visited 309
[22:02:13.066] START to_move 2
[22:02:13.079] STOP to_move 2 nodes_visited 220
[22:02:13.079] START to_move 1
[22:02:13.096] STOP to_move 1 nodes_visited 287
[22:02:13.096] START to_move 2
[22:02:13.109] STOP to_move 2 nodes_visited 220
[22:02:13.109] START to_move 1
[22:02:13.126] STOP to_move 1 nodes_visited 271
[22:02:13.126] START to_move 2
[22:02:13.138] STOP to_move 2 nodes_visited 215
[22:02:13.139] START to_move 1
[22:02:13.150] STOP to_move 1 nodes_visited 207
[22:02:13.151] START to_move 2
[22:02:13.163] STOP to_move 2 nodes_visited 216
[22:02:13.163] START to_move 1
[22:02:13.175] STOP to_move 1 nodes_visited 209
[22:02:13.176] START to_move 2
[22:02:13.191] STOP to_move 2 nodes_visited 246
[22:02:13.191] START to_move 1
[22:02:13.206] STOP to_move 1 nodes_visited 262
[22:02:13.206] START to_move 2
[22:02:13.232] STOP to_move 2 nodes_visited 409
[22:02:13.232] START to_move 1
[22:02:13.257] STOP to_move 1 nodes_visited 423
[22:02:13.257] START to_move 2
[22:02:13.283] STOP to_move 2 nodes_visited 427
[22:02:13.284] START to_move 1
[22:02:13.305] STOP to_move 1 nodes_visited 360
[22:02:13.305] START to_move 2
[22:02:13.331] STOP to_move 2 nodes_visited 427
[22:02:13.332] START to_move 1
[22:02:13.344] STOP to_move 1 nodes_visited 211
[22:02:13.344] START to_move 2
[22:02:13.359] STOP to_move 2 nodes_visited 246
[22:02:13.359] START to_move 1
[22:02:13.373] STOP to_move 1 nodes_visited 243
[22:02:13.373] START to_move 2
[22:02:13.388] STOP to_move 2 nodes_visited 246
[22:02:13.388] START to_move 1
[22:02:13.406] STOP to_move 1 nodes_visited 307
[22:02:13.406] START to_move 2
[22:02:13.422] STOP to_move 2 nodes_visited 246
[22:02:13.422] START to_move 1
[22:02:13.436] STOP to_move 1 nodes_visited 227
[22:02:13.436] START to_move 2
[22:02:13.465] STOP to_move 2 nodes_visited 475
[22:02:13.466] START to_move 1
[22:02:13.477] STOP to_move 1 nodes_visited 185
[22:02:13.477] START to_move 2
[22:02:13.486] STOP to_move 2 nodes_visited 153
[22:02:13.486] START to_move 1
[22:02:13.491] STOP to_move 1 nodes_visited 82
[22:02:13.491] START to_move 2
[22:02:13.504] STOP to_move 2 nodes_visited 235
[22:02:13.504] START to_move 1
[22:02:13.514] STOP to_move 1 nodes_visited 163
[22:02:13.514] START to_move 2
[22:02:13.523] STOP to_move 2 nodes_visited 155
[22:02:13.523] START to_move 1
[22:02:13.528] STOP to_move 1 nodes_visited 84
[22:02:13.528] START to_move 2
[22:02:13.542] STOP to_move 2 nodes_visited 238
[22:02:13.542] START to_move 1
[22:02:13.552] STOP to_move 1 nodes_visited 167
[22:02:13.552] START to_move 2
[22:02:13.561] STOP to_move 2 nodes_visited 159
[22:02:13.561] START to_move 1
[22:02:13.566] STOP to_move 1 nodes_visited 83
[22:02:13.566] START to_move 2
[22:02:13.580] STOP to_move 2 nodes_visited 232
[22:02:13.580] START to_move 1
[22:02:13.590] STOP to_move 1 nodes_visited 159
[22:02:13.590] START to_move 2
[22:02:13.598] STOP to_move 2 nodes_visited 151
[22:02:13.599] START to_move 1
[22:02:13.603] STOP to_move 1 nodes_visited 80
[22:02:13.603] START to_move 2
[22:02:13.616] STOP to_move 2 nodes_visited 226
[22:02:13.617] START to_move 1
[22:02:13.626] STOP to_move 1 nodes_visited 159
[22:02:13.626] START to_move 2
[22:02:13.635] STOP to_move 2 nodes_visited 151
[22:02:13.635] START to_move 1
[22:02:13.640] STOP to_move 1 nodes_visited 80
[22:02:13.640] START to_move 2
[22:02:13.653] STOP to_move 2 nodes_visited 226
[22:02:13.653] START to_move 1
[22:02:13.663] STOP to_move 1 nodes_visited 161
[22:02:13.663] START to_move 2
[22:02:13.672] STOP to_move 2 nodes_visited 151
[22:02:13.672] START to_move 1
[22:02:13.676] STOP to_move 1 nodes_visited 79
[22:02:13.676] START to_move 2
[22:02:13.689] STOP to_move 2 nodes_visited 223
[22:02:13.690] START to_move 1
[22:02:13.699] STOP to_move 1 nodes_visited 157
[22:02:13.699] START to_move 2
[22:02:13.708] STOP to_move 2 nodes_visited 147
[22:02:13.708] START to_move 1
[22:02:13.712] STOP to_move 1 nodes_visited 79
[22:02:13.712] START to_move 2
[22:02:13.726] STOP to_move 2 nodes_visited 220
[22:02:13.726] START to_move 1
[22:02:13.736] STOP to_move 1 nodes_visited 157
[22:02:13.736] START to_move 2
[22:02:13.745] STOP to_move 2 nodes_visited 147
[22:02:13.745] START to_move 1
[22:02:13.749] STOP to_move 1 nodes_visited 79
[22:02:13.749] START to_move 2
[22:02:13.762] STOP to_move 2 nodes_visited 217
[22:02:13.762] START to_move 1
[22:02:13.772] STOP to_move 1 nodes_visited 159
[22:02:13.772] START to_move 2
[22:02:13.780] STOP to_move 2 nodes_visited 143
[22:02:13.781] START to_move 1
[22:02:13.785] STOP to_move 1 nodes_visited 81
[22:02:13.785] START to_move 2
[22:02:13.798] STOP to_move 2 nodes_visited 217
[22:02:13.799] START to_move 1
[22:02:13.808] STOP to_move 1 nodes_visited 161
[22:02:13.808] START to_move 2
[22:02:13.817] STOP to_move 2 nodes_visited 149
[22:02:13.817] START to_move 1
[22:02:13.822] STOP to_move 1 nodes_visited 81
[22:02:13.822] START to_move 2
[22:02:13.835] STOP to_move 2 nodes_visited 223
[22:02:13.835] START to_move 1
[22:02:13.845] STOP to_move 1 nodes_visited 161
[22:02:13.845] START to_move 2
[22:02:13.854] STOP to_move 2 nodes_visited 149
[22:02:13.854] START to_move 1
[22:02:13.858] STOP to_move 1 nodes_visited 81
[22:02:13.858] START to_move 2
[22:02:13.872] STOP to_move 2 nodes_visited 223
[22:02:13.872] START to_move 1
[22:02:13.881] STOP to_move 1 nodes_visited 159
[22:02:13.881] START to_move 2
[22:02:13.890] STOP to_move 2 nodes_visited 147
[22:02:13.890] START to_move 1
[22:02:13.895] STOP to_move 1 nodes_visited 80
[22:02:13.895] START to_move 2
[22:02:13.908] STOP to_move 2 nodes_visited 220
[22:02:13.908] START to_move 1
[22:02:13.918] STOP to_move 1 nodes_visited 153
[22:02:13.918] START to_move 2
[22:02:13.926] STOP to_move 2 nodes_visited 141
[22:02:13.926] START to_move 1
[22:02:13.931] STOP to_move 1 nodes_visited 77
[22:02:13.931] START to_move 2
[22:02:13.943] STOP to_move 2 nodes_visited 211
[22:02:13.943] START to_move 1
[22:02:13.952] STOP to_move 1 nodes_visited 153
[22:02:13.952] START to_move 2
[22:02:13.960] STOP to_move 2 nodes_visited 141
[22:02:13.961] START to_move 1
[22:02:13.965] STOP to_move 1 nodes_visited 77
[22:02:13.965] START to_move 2
[22:02:13.978] STOP to_move 2 nodes_visited 211
[22:02:13.978] START to_move 1
[22:02:13.987] STOP to_move 1 nodes_visited 153
[22:02:13.987] START to_move 2
[22:02:13.995] STOP to_move 2 nodes_visited 141
[22:02:13.995] START to_move 1
[22:02:14.000] STOP to_move 1 nodes_visited 78
[22:02:14.000] START to_move 2
[22:02:14.012] STOP to_move 2 nodes_visited 208
[22:02:14.012] START to_move 1
[22:02:14.023] STOP to_move 1 nodes_visited 159
[22:02:14.023] START to_move 2
[22:02:14.032] STOP to_move 2 nodes_visited 135
[22:02:14.032] START to_move 1
[22:02:14.037] STOP to_move 1 nodes_visited 83
[22:02:14.037] START to_move 2
[22:02:14.049] STOP to_move 2 nodes_visited 211
[22:02:14.049] START to_move 1
[22:02:14.059] STOP to_move 1 nodes_visited 165
[22:02:14.059] START to_move 2
[22:02:14.068] STOP to_move 2 nodes_visited 141
[22:02:14.068] START to_move 1
[22:02:14.073] STOP to_move 1 nodes_visited 84
[22:02:14.073] START to_move 2
[22:02:14.086] STOP to_move 2 nodes_visited 211
[22:02:14.086] START to_move 1
[22:02:14.096] STOP to_move 1 nodes_visited 159
[22:02:14.096] START to_move 2
[22:02:14.104] STOP to_move 2 nodes_visited 133
[22:02:14.104] START to_move 1
[22:02:14.108] STOP to_move 1 nodes_visited 79
[22:02:14.108] START to_move 2
[22:02:14.121] STOP to_move 2 nodes_visited 205
[22:02:14.121] START to_move 1
[22:02:14.130] STOP to_move 1 nodes_visited 157
[22:02:14.130] START to_move 2
[22:02:14.138] STOP to_move 2 nodes_visited 137
[22:02:14.138] START to_move 1
[22:02:14.143] STOP to_move 1 nodes_visited 82
[22:02:14.144] START to_move 2
[22:02:14.155] STOP to_move 2 nodes_visited 199
[22:02:14.156] START to_move 1
[22:02:14.165] STOP to_move 1 nodes_visited 163
[22:02:14.166] START to_move 2
[22:02:14.174] STOP to_move 2 nodes_visited 133
[22:02:14.174] START to_move 1
[22:02:14.179] STOP to_move 1 nodes_visited 82
[22:02:14.179] START to_move 2
[22:02:14.191] STOP to_move 2 nodes_visited 199
[22:02:14.191] START to_move 1
[22:02:14.201] STOP to_move 1 nodes_visited 159
[22:02:14.201] START to_move 2
[22:02:14.209] STOP to_move 2 nodes_visited 131
[22:02:14.209] START to_move 1
[22:02:14.214] STOP to_move 1 nodes_visited 79
[22:02:14.214] START to_move 2
[22:02:14.225] STOP to_move 2 nodes_visited 199
[22:02:14.226] START to_move 1
[22:02:14.235] STOP to_move 1 nodes_visited 157
[22:02:14.235] START to_move 2
[22:02:14.243] STOP to_move 2 nodes_visited 133
[22:02:14.243] START to_move 1
[22:02:14.248] STOP to_move 1 nodes_visited 74
[22:02:14.248] START to_move 2
[22:02:14.259] STOP to_move 2 nodes_visited 184
[22:02:14.259] START to_move 1
[22:02:14.268] STOP to_move 1 nodes_visited 147
[22:02:14.268] START to_move 2
[22:02:14.275] STOP to_move 2 nodes_visited 121
[22:02:14.275] START to_move 1
[22:02:14.280] STOP to_move 1 nodes_visited 73
[22:02:14.280] START to_move 2
[22:02:14.291] STOP to_move 2 nodes_visited 187
[22:02:14.291] START to_move 1
[22:02:14.300] STOP to_move 1 nodes_visited 145
[22:02:14.300] START to_move 2
[22:02:14.307] STOP to_move 2 nodes_visited 125
[22:02:14.308] START to_move 1
[22:02:14.312] STOP to_move 1 nodes_visited 73
[22:02:14.312] START to_move 2
[22:02:14.323] STOP to_move 2 nodes_visited 187
[22:02:14.323] START to_move 1
[22:02:14.332] STOP to_move 1 nodes_visited 149
[22:02:14.332] START to_move 2
[22:02:14.340] STOP to_move 2 nodes_visited 125
[22:02:14.340] START to_move 1
[22:02:14.345] STOP to_move 1 nodes_visited 75
[22:02:14.346] START to_move 2
[22:02:14.357] STOP to_move 2 nodes_visited 187
[22:02:14.357] START to_move 1
[22:02:14.366] STOP to_move 1 nodes_visited 151
[22:02:14.366] START to_move 2
[22:02:14.374] STOP to_move 2 nodes_visited 127
[22:02:14.374] START to_move 1
[22:02:14.378] STOP to_move 1 nodes_visited 74
[22:02:14.378] START to_move 2
[22:02:14.389] STOP to_move 2 nodes_visited 190
[22:02:14.390] START to_move 1
[22:02:14.399] STOP to_move 1 nodes_visited 151
[22:02:14.399] START to_move 2
[22:02:14.406] STOP to_move 2 nodes_visited 133
[22:02:14.407] START to_move 1
[22:02:14.411] STOP to_move 1 nodes_visited 76
[22:02:14.411] START to_move 2
[22:02:14.423] STOP to_move 2 nodes_visited 199
[22:02:14.423] START to_move 1
[22:02:14.432] STOP to_move 1 nodes_visited 149
[22:02:14.432] START to_move 2
[22:02:14.440] STOP to_move 2 nodes_visited 133
[22:02:14.440] START to_move 1
[22:02:14.444] STOP to_move 1 nodes_visited 71
[22:02:14.444] START to_move 2
[22:02:14.456] STOP to_move 2 nodes_visited 196
[22:02:14.456] START to_move 1
[22:02:14.464] STOP to_move 1 nodes_visited 141
[22:02:14.464] START to_move 2
[22:02:14.472] STOP to_move 2 nodes_visited 131
[22:02:14.472] START to_move 1
[22:02:14.476] STOP to_move 1 nodes_visited 71
[22:02:14.476] START to_move 2
[22:02:14.488] STOP to_move 2 nodes_visited 196
[22:02:14.488] START to_move 1
[22:02:14.496] STOP to_move 1 nodes_visited 141
[22:02:14.497] START to_move 2
[22:02:14.504] STOP to_move 2 nodes_visited 131
[22:02:14.504] START to_move 1
[22:02:14.508] STOP to_move 1 nodes_visited 71
[22:02:14.508] START to_move 2
[22:02:14.520] STOP to_move 2 nodes_visited 196
[22:02:14.520] START to_move 1
[22:02:14.529] STOP to_move 1 nodes_visited 145
[22:02:14.529] START to_move 2
[22:02:14.537] STOP to_move 2 nodes_visited 133
[22:02:14.537] START to_move 1
[22:02:14.541] STOP to_move 1 nodes_visited 73
[22:02:14.541] START to_move 2
[22:02:14.552] STOP to_move 2 nodes_visited 190
[22:02:14.553] START to_move 1
[22:02:14.561] STOP to_move 1 nodes_visited 145
[22:02:14.561] START to_move 2
[22:02:14.569] STOP to_move 2 nodes_visited 123
[22:02:14.569] START to_move 1
[22:02:14.573] STOP to_move 1 nodes_visited 73
[22:02:14.573] START to_move 2
[22:02:14.584] STOP to_move 2 nodes_visited 187
[22:02:14.585] START to_move 1
[22:02:14.593] STOP to_move 1 nodes_visited 145
[22:02:14.593] START to_move 2
[22:02:14.601] STOP to_move 2 nodes_visited 125
[22:02:14.601] START to_move 1
[22:02:14.605] STOP to_move 1 nodes_visited 73
[22:02:14.605] START to_move 2
[22:02:14.617] STOP to_move 2 nodes_visited 187
[22:02:14.617] START to_move 1
[22:02:14.644] STOP to_move 1 nodes_visited 465
[22:02:14.645] START to_move 2
[22:02:14.657] STOP to_move 2 nodes_visited 190
[22:02:14.657] START to_move 1
[22:02:14.681] STOP to_move 1 nodes_visited 400
[22:02:14.682] START to_move 2
[22:02:14.693] STOP to_move 2 nodes_visited 193
[22:02:14.693] START to_move 1
[22:02:14.717] STOP to_move 1 nodes_visited 400
[22:02:14.717] START to_move 2
[22:02:14.729] STOP to_move 2 nodes_visited 193
[22:02:14.729] START to_move 1
[22:02:14.754] STOP to_move 1 nodes_visited 419
[22:02:14.754] START to_move 2
[22:02:14.779] STOP to_move 2 nodes_visited 406
[22:02:14.779] START to_move 1
[22:02:14.788] STOP to_move 1 nodes_visited 151
[22:02:14.788] START to_move 2
[22:02:14.796] STOP to_move 2 nodes_visited 139
[22:02:14.797] START to_move 1
[22:02:14.801] STOP to_move 1 nodes_visited 79
[22:02:14.801] START to_move 2
[22:02:14.813] STOP to_move 2 nodes_visited 202
[22:02:14.813] START to_move 1
[22:02:14.823] STOP to_move 1 nodes_visited 151
[22:02:14.823] START to_move 2
[22:02:14.830] STOP to_move 2 nodes_visited 129
[22:02:14.830] START to_move 1
[22:02:14.835] STOP to_move 1 nodes_visited 76
[22:02:14.835] START to_move 2
[22:02:14.846] STOP to_move 2 nodes_visited 190
[22:02:14.847] START to_move 1
[22:02:14.855] STOP to_move 1 nodes_visited 145
[22:02:14.855] START to_move 2
[22:02:14.863] STOP to_move 2 nodes_visited 119
[22:02:14.863] START to_move 1
[22:02:14.867] STOP to_move 1 nodes_visited 72
[22:02:14.867] START to_move 2
[22:02:14.878] STOP to_move 2 nodes_visited 178
[22:02:14.878] START to_move 1
[22:02:14.887] STOP to_move 1 nodes_visited 149
[22:02:14.887] START to_move 2
[22:02:14.895] STOP to_move 2 nodes_visited 125
[22:02:14.895] START to_move 1
[22:02:14.913] STOP to_move 1 nodes_visited 305
[22:02:14.914] START to_move 2
[22:02:14.929] STOP to_move 2 nodes_visited 252
[22:02:14.929] START to_move 1
[22:02:14.946] STOP to_move 1 nodes_visited 271
[22:02:14.946] START to_move 2
[22:02:14.962] STOP to_move 2 nodes_visited 258
[22:02:14.962] START to_move 1
[22:02:14.980] STOP to_move 1 nodes_visited 271
[22:02:14.980] START to_move 2
[22:02:14.988] STOP to_move 2 nodes_visited 138
[22:02:14.988] START to_move 1
[22:02:14.994] STOP to_move 1 nodes_visited 106
[22:02:14.995] START to_move 2
[22:02:15.003] STOP to_move 2 nodes_visited 144
[22:02:15.003] START to_move 1
[22:02:15.016] STOP to_move 1 nodes_visited 217
[22:02:15.016] START to_move 2
[22:02:15.031] STOP to_move 2 nodes_visited 243
[22:02:15.031] START to_move 1
[22:02:15.040] STOP to_move 1 nodes_visited 146
[22:02:15.040] END winner 1 - rounds 363
