[22:18:40.476] 1 - distance_function euclides - pruning True
[22:18:40.476] 2 - distance_function chebyshev - pruning True
[22:18:40.477] START to_move 1
[22:18:40.564] STOP to_move 1 nodes_visited 1415
[22:18:40.564] START to_move 2
[22:18:40.628] STOP to_move 2 nodes_visited 1030
[22:18:40.629] START to_move 1
[22:18:40.717] STOP to_move 1 nodes_visited 1371
[22:18:40.718] START to_move 2
[22:18:40.781] STOP to_move 2 nodes_visited 986
[22:18:40.782] START to_move 1
[22:18:40.864] STOP to_move 1 nodes_visited 1371
[22:18:40.864] START to_move 2
[22:18:40.954] STOP to_move 2 nodes_visited 1445
[22:18:40.955] START to_move 1
[22:18:41.187] STOP to_move 1 nodes_visited 3788
[22:18:41.189] START to_move 2
[22:18:41.283] STOP to_move 2 nodes_visited 1471
[22:18:41.284] START to_move 1
[22:18:41.327] STOP to_move 1 nodes_visited 743
[22:18:41.328] START to_move 2
[22:18:41.352] STOP to_move 2 nodes_visited 408
[22:18:41.352] START to_move 1
[22:18:41.432] STOP to_move 1 nodes_visited 1313
[22:18:41.432] START to_move 2
[22:18:41.457] STOP to_move 2 nodes_visited 406
[22:18:41.457] START to_move 1
[22:18:41.530] STOP to_move 1 nodes_visited 1198
[22:18:41.531] START to_move 2
[22:18:41.788] STOP to_move 2 nodes_visited 4015
[22:18:41.791] START to_move 1
[22:18:41.853] STOP to_move 1 nodes_visited 1037
[22:18:41.854] START to_move 2
[22:18:42.126] STOP to_move 2 nodes_visited 4273
[22:18:42.129] START to_move 1
[22:18:42.305] STOP to_move 1 nodes_visited 2856
[22:18:42.307] START to_move 2
[22:18:42.338] STOP to_move 2 nodes_visited 515
[22:18:42.338] START to_move 1
[22:18:42.487] STOP to_move 1 nodes_visited 2445
[22:18:42.488] START to_move 2
[22:18:42.535] STOP to_move 2 nodes_visited 770
[22:18:42.535] START to_move 1
[22:18:42.654] STOP to_move 1 nodes_visited 1945
[22:18:42.655] START to_move 2
[22:18:42.686] STOP to_move 2 nodes_visited 512
[22:18:42.686] START to_move 1
[22:18:42.820] STOP to_move 1 nodes_visited 2180
[22:18:42.821] START to_move 2
[22:18:42.853] STOP to_move 2 nodes_visited 512
[22:18:42.854] START to_move 1
[22:18:42.987] STOP to_move 1 nodes_visited 2180
[22:18:42.988] START to_move 2
[22:18:43.019] STOP to_move 2 nodes_visited 515
[22:18:43.019] START to_move 1
[22:18:43.170] STOP to_move 1 nodes_visited 2454
[22:18:43.172] START to_move 2
[22:18:43.203] STOP to_move 2 nodes_visited 520
[22:18:43.203] START to_move 1
[22:18:43.288] STOP to_move 1 nodes_visited 1407
[22:18:43.288] START to_move 2
[22:18:43.379] STOP to_move 2 nodes_visited 1428
[22:18:43.380] START to_move 1
[22:18:43.461] STOP to_move 1 nodes_visited 1375
[22:18:43.462] START to_move 2
[22:18:43.541] STOP to_move 2 nodes_visited 1287
[22:18:43.542] START to_move 1
[22:18:43.625] STOP to_move 1 nodes_visited 1388
[22:18:43.626] START to_move 2
[22:18:43.706] STOP to_move 2 nodes_visited 1282
[22:18:43.707] START to_move 1
[22:18:43.788] STOP to_move 1 nodes_visited 1367
[22:18:43.789] START to_move 2
[22:18:43.865] STOP to_move 2 nodes_visited 1236
[22:18:43.866] START to_move 1
[22:18:43.921] STOP to_move 1 nodes_visited 893
[22:18:43.921] START to_move 2
[22:18:43.953] STOP to_move 2 nodes_visited 520
[22:18:43.953] START to_move 1
[22:18:44.032] STOP to_move 1 nodes_visited 1326
[22:18:44.033] START to_move 2
[22:18:44.066] STOP to_move 2 nodes_visited 538
[22:18:44.066] START to_move 1
[22:18:44.145] STOP to_move 1 nodes_visited 1321
[22:18:44.146] START to_move 2
[22:18:44.258] STOP to_move 2 nodes_visited 1778
[22:18:44.259] START to_move 1
[22:18:44.319] STOP to_move 1 nodes_visited 1008
[22:18:44.320] START to_move 2
[22:18:44.430] STOP to_move 2 nodes_visited 1782
[22:18:44.431] START to_move 1
[22:18:44.499] STOP to_move 1 nodes_visited 1105
[22:18:44.500] START to_move 2
[22:18:44.636] STOP to_move 2 nodes_visited 2177
[22:18:44.637] START to_move 1
[22:18:44.719] STOP to_move 1 nodes_visited 1308
[22:18:44.720] START to_move 2
[22:18:44.842] STOP to_move 2 nodes_visited 1960
[22:18:44.843] START to_move 1
[22:18:44.892] STOP to_move 1 nodes_visited 832
[22:18:44.893] START to_move 2
[22:18:45.031] STOP to_move 2 nodes_visited 2174
[22:18:45.032] START to_move 1
[22:18:45.076] STOP to_move 1 nodes_visited 748
[22:18:45.077] START to_move 2
[22:18:45.108] STOP to_move 2 nodes_visited 513
[22:18:45.108] START to_move 1
[22:18:45.193] STOP to_move 1 nodes_visited 1390
[22:18:45.194] START to_move 2
[22:18:45.311] STOP to_move 2 nodes_visited 1802
[22:18:45.312] START to_move 1
[22:18:45.359] STOP to_move 1 nodes_visited 790
[22:18:45.360] START to_move 2
[22:18:45.415] STOP to_move 2 nodes_visited 898
[22:18:45.415] START to_move 1
[22:18:45.461] STOP to_move 1 nodes_visited 778
[22:18:45.462] START to_move 2
[22:18:45.494] STOP to_move 2 nodes_visited 533
[22:18:45.494] START to_move 1
[22:18:45.555] STOP to_move 1 nodes_visited 969
[22:18:45.555] START to_move 2
[22:18:45.588] STOP to_move 2 nodes_visited 531
[22:18:45.588] START to_move 1
[22:18:45.686] STOP to_move 1 nodes_visited 1601
[22:18:45.687] START to_move 2
[22:18:45.720] STOP to_move 2 nodes_visited 534
[22:18:45.720] START to_move 1
[22:18:45.780] STOP to_move 1 nodes_visited 988
[22:18:45.780] START to_move 2
[22:18:45.813] STOP to_move 2 nodes_visited 530
[22:18:45.814] START to_move 1
[22:18:45.879] STOP to_move 1 nodes_visited 1067
[22:18:45.879] START to_move 2
[22:18:45.913] STOP to_move 2 nodes_visited 532
[22:18:45.913] START to_move 1
[22:18:45.973] STOP to_move 1 nodes_visited 1007
[22:18:45.974] START to_move 2
[22:18:46.007] STOP to_move 2 nodes_visited 540
[22:18:46.007] START to_move 1
[22:18:46.063] STOP to_move 1 nodes_visited 932
[22:18:46.064] START to_move 2
[22:18:46.097] STOP to_move 2 nodes_visited 539
[22:18:46.097] START to_move 1
[22:18:46.148] STOP to_move 1 nodes_visited 824
[22:18:46.148] START to_move 2
[22:18:46.212] STOP to_move 2 nodes_visited 994
[22:18:46.212] START to_move 1
[22:18:46.297] STOP to_move 1 nodes_visited 1422
[22:18:46.298] START to_move 2
[22:18:46.341] STOP to_move 2 nodes_visited 677
[22:18:46.341] START to_move 1
[22:18:46.380] STOP to_move 1 nodes_visited 645
[22:18:46.380] START to_move 2
[22:18:46.412] STOP to_move 2 nodes_visited 506
[22:18:46.412] START to_move 1
[22:18:46.611] STOP to_move 1 nodes_visited 3235
[22:18:46.613] START to_move 2
[22:18:46.765] STOP to_move 2 nodes_visited 2352
[22:18:46.766] START to_move 1
[22:18:46.843] STOP to_move 1 nodes_visited 1255
[22:18:46.844] START to_move 2
[22:18:46.988] STOP to_move 2 nodes_visited 2209
[22:18:46.989] START to_move 1
[22:18:47.051] STOP to_move 1 nodes_visited 998
[22:18:47.051] START to_move 2
[22:18:47.103] STOP to_move 2 nodes_visited 819
[22:18:47.103] START to_move 1
[22:18:47.155] STOP to_move 1 nodes_visited 849
[22:18:47.156] START to_move 2
[22:18:47.182] STOP to_move 2 nodes_visited 438
[22:18:47.182] START to_move 1
[22:18:47.361] STOP to_move 1 nodes_visited 2880
[22:18:47.362] START to_move 2
[22:18:47.389] STOP to_move 2 nodes_visited 438
[22:18:47.389] START to_move 1
[22:18:47.467] STOP to_move 1 nodes_visited 1293
[22:18:47.468] START to_move 2
[22:18:47.566] STOP to_move 2 nodes_visited 1555
[22:18:47.567] START to_move 1
[22:18:47.635] STOP to_move 1 nodes_visited 1131
[22:18:47.636] START to_move 2
[22:18:47.656] STOP to_move 2 nodes_visited 341
[22:18:47.656] START to_move 1
[22:18:47.743] STOP to_move 1 nodes_visited 1449
[22:18:47.743] START to_move 2
[22:18:47.784] STOP to_move 2 nodes_visited 643
[22:18:47.785] START to_move 1
[22:18:47.889] STOP to_move 1 nodes_visited 1707
[22:18:47.890] START to_move 2
[22:18:47.931] STOP to_move 2 nodes_visited 672
[22:18:47.931] START to_move 1
[22:18:48.041] STOP to_move 1 nodes_visited 1745
[22:18:48.042] START to_move 2
[22:18:48.083] STOP to_move 2 nodes_visited 660
[22:18:48.083] START to_move 1
[22:18:48.190] STOP to_move 1 nodes_visited 1750
[22:18:48.191] START to_move 2
[22:18:48.232] STOP to_move 2 nodes_visited 665
[22:18:48.232] START to_move 1
[22:18:48.277] STOP to_move 1 nodes_visited 751
[22:18:48.278] START to_move 2
[22:18:48.320] STOP to_move 2 nodes_visited 658
[22:18:48.320] START to_move 1
[22:18:48.365] STOP to_move 1 nodes_visited 751
[22:18:48.365] START to_move 2
[22:18:48.406] STOP to_move 2 nodes_visited 658
[22:18:48.406] START to_move 1
[22:18:48.450] STOP to_move 1 nodes_visited 735
[22:18:48.451] START to_move 2
[22:18:48.491] STOP to_move 2 nodes_visited 659
[22:18:48.491] START to_move 1
[22:18:48.535] STOP to_move 1 nodes_visited 728
[22:18:48.535] START to_move 2
[22:18:48.575] STOP to_move 2 nodes_visited 641
[22:18:48.575] START to_move 1
[22:18:48.617] STOP to_move 1 nodes_visited 679
[22:18:48.618] START to_move 2
[22:18:48.657] STOP to_move 2 nodes_visited 644
[22:18:48.658] START to_move 1
[22:18:48.711] STOP to_move 1 nodes_visited 877
[22:18:48.711] START to_move 2
[22:18:48.750] STOP to_move 2 nodes_visited 631
[22:18:48.750] START to_move 1
[22:18:48.785] STOP to_move 1 nodes_visited 599
[22:18:48.786] START to_move 2
[22:18:48.911] STOP to_move 2 nodes_visited 1965
[22:18:48.912] START to_move 1
[22:18:48.946] STOP to_move 1 nodes_visited 572
[22:18:48.946] START to_move 2
[22:18:48.985] STOP to_move 2 nodes_visited 632
[22:18:48.985] START to_move 1
[22:18:49.011] STOP to_move 1 nodes_visited 431
[22:18:49.011] START to_move 2
[22:18:49.053] STOP to_move 2 nodes_visited 680
[22:18:49.053] START to_move 1
[22:18:49.078] STOP to_move 1 nodes_visited 409
[22:18:49.078] START to_move 2
[22:18:49.115] STOP to_move 2 nodes_visited 604
[22:18:49.116] START to_move 1
[22:18:49.144] STOP to_move 1 nodes_visited 487
[22:18:49.145] START to_move 2
[22:18:49.185] STOP to_move 2 nodes_visited 625
[22:18:49.185] START to_move 1
[22:18:49.209] STOP to_move 1 nodes_visited 403
[22:18:49.209] START to_move 2
[22:18:49.321] STOP to_move 2 nodes_visited 1783
[22:18:49.322] START to_move 1
[22:18:49.352] STOP to_move 1 nodes_visited 523
[22:18:49.353] START to_move 2
[22:18:49.389] STOP to_move 2 nodes_visited 597
[22:18:49.390] START to_move 1
[22:18:49.413] STOP to_move 1 nodes_visited 390
[22:18:49.414] START to_move 2
[22:18:49.449] STOP to_move 2 nodes_visited 590
[22:18:49.450] START to_move 1
[22:18:49.474] STOP to_move 1 nodes_visited 389
[22:18:49.474] START to_move 2
[22:18:49.510] STOP to_move 2 nodes_visited 590
[22:18:49.510] START to_move 1
[22:18:49.537] STOP to_move 1 nodes_visited 457
[22:18:49.538] START to_move 2
[22:18:49.574] STOP to_move 2 nodes_visited 590
[22:18:49.574] START to_move 1
[22:18:49.601] STOP to_move 1 nodes_visited 458
[22:18:49.602] START to_move 2
[22:18:49.637] STOP to_move 2 nodes_visited 579
[22:18:49.637] START to_move 1
[22:18:49.679] STOP to_move 1 nodes_visited 685
[22:18:49.679] START to_move 2
[22:18:49.715] STOP to_move 2 nodes_visited 590
[22:18:49.715] START to_move 1
[22:18:49.743] STOP to_move 1 nodes_visited 461
[22:18:49.743] START to_move 2
[22:18:49.781] STOP to_move 2 nodes_visited 597
[22:18:49.781] START to_move 1
[22:18:49.809] STOP to_move 1 nodes_visited 468
[22:18:49.809] START to_move 2
[22:18:49.845] STOP to_move 2 nodes_visited 597
[22:18:49.845] START to_move 1
[22:18:49.916] STOP to_move 1 nodes_visited 1155
[22:18:49.916] START to_move 2
[22:18:49.951] STOP to_move 2 nodes_visited 576
[22:18:49.951] START to_move 1
[22:18:50.017] STOP to_move 1 nodes_visited 1075
[22:18:50.017] START to_move 2
[22:18:50.054] STOP to_move 2 nodes_visited 576
[22:18:50.054] START to_move 1
[22:18:50.113] STOP to_move 1 nodes_visited 982
[22:18:50.114] START to_move 2
[22:18:50.149] STOP to_move 2 nodes_visited 573
[22:18:50.149] START to_move 1
[22:18:50.209] STOP to_move 1 nodes_visited 999
[22:18:50.210] START to_move 2
[22:18:50.242] STOP to_move 2 nodes_visited 541
[22:18:50.243] START to_move 1
[22:18:50.288] STOP to_move 1 nodes_visited 757
[22:18:50.288] START to_move 2
[22:18:50.320] STOP to_move 2 nodes_visited 532
[22:18:50.321] START to_move 1
[22:18:50.363] STOP to_move 1 nodes_visited 680
[22:18:50.363] START to_move 2
[22:18:50.378] STOP to_move 2 nodes_visited 248
[22:18:50.378] START to_move 1
[22:18:50.394] STOP to_move 1 nodes_visited 279
[22:18:50.394] START to_move 2
[22:18:50.409] STOP to_move 2 nodes_visited 256
[22:18:50.410] START to_move 1
[22:18:50.426] STOP to_move 1 nodes_visited 268
[22:18:50.426] START to_move 2
[22:18:50.440] STOP to_move 2 nodes_visited 233
[22:18:50.440] START to_move 1
[22:18:50.454] STOP to_move 1 nodes_visited 235
[22:18:50.454] START to_move 2
[22:18:50.464] STOP to_move 2 nodes_visited 174
[22:18:50.464] START to_move 1
[22:18:50.478] STOP to_move 1 nodes_visited 232
[22:18:50.478] START to_move 2
[22:18:50.488] STOP to_move 2 nodes_visited 181
[22:18:50.489] START to_move 1
[22:18:50.506] STOP to_move 1 nodes_visited 296
[22:18:50.506] START to_move 2
[22:18:50.517] STOP to_move 2 nodes_visited 181
[22:18:50.517] START to_move 1
[22:18:50.534] STOP to_move 1 nodes_visited 285
[22:18:50.534] START to_move 2
[22:18:50.544] STOP to_move 2 nodes_visited 161
[22:18:50.544] START to_move 1
[22:18:50.560] STOP to_move 1 nodes_visited 264
[22:18:50.560] START to_move 2
[22:18:50.569] STOP to_move 2 nodes_visited 161
[22:18:50.569] START to_move 1
[22:18:50.595] STOP to_move 1 nodes_visited 435
[22:18:50.596] START to_move 2
[22:18:50.605] STOP to_move 2 nodes_visited 163
[22:18:50.605] START to_move 1
[22:18:50.631] STOP to_move 1 nodes_visited 395
[22:18:50.631] START to_move 2
[22:18:50.640] STOP to_move 2 nodes_visited 161
[22:18:50.640] START to_move 1
[22:18:50.665] STOP to_move 1 nodes_visited 411
[22:18:50.665] START to_move 2
[22:18:50.674] STOP to_move 2 nodes_visited 159
[22:18:50.674] START to_move 1
[22:18:50.698] STOP to_move 1 nodes_visited 405
[22:18:50.699] START to_move 2
[22:18:50.707] STOP to_move 2 nodes_visited 146
[22:18:50.707] START to_move 1
[22:18:50.728] STOP to_move 1 nodes_visited 345
[22:18:50.728] START to_move 2
[22:18:50.737] STOP to_move 2 nodes_visited 144
[22:18:50.737] START to_move 1
[22:18:50.755] STOP to_move 1 nodes_visited 300
[22:18:50.755] START to_move 2
[22:18:50.763] STOP to_move 2 nodes_visited 136
[22:18:50.763] START to_move 1
[22:18:50.781] STOP to_move 1 nodes_visited 300
[22:18:50.781] START to_move 2
[22:18:50.789] STOP to_move 2 nodes_visited 134
[22:18:50.789] START to_move 1
[22:18:50.805] STOP to_move 1 nodes_visited 270
[22:18:50.805] START to_move 2
[22:18:50.813] STOP to_move 2 nodes_visited 132
[22:18:50.813] START to_move 1
[22:18:50.829] STOP to_move 1 nodes_visited 264
[22:18:50.829] START to_move 2
[22:18:50.837] STOP to_move 2 nodes_visited 124
[22:18:50.837] START to_move 1
[22:18:50.852] STOP to_move 1 nodes_visited 249
[22:18:50.852] START to_move 2
[22:18:50.859] STOP to_move 2 nodes_visited 118
[22:18:50.859] START to_move 1
[22:18:50.874] STOP to_move 1 nodes_visited 249
[22:18:50.875] START to_move 2
[22:18:50.882] STOP to_move 2 nodes_visited 120
[22:18:50.882] START to_move 1
[22:18:50.894] STOP to_move 1 nodes_visited 195
[22:18:50.894] START to_move 2
[22:18:50.900] STOP to_move 2 nodes_visited 117
[22:18:50.901] START to_move 1
[22:18:50.914] STOP to_move 1 nodes_visited 216
[22:18:50.914] START to_move 2
[22:18:50.920] STOP to_move 2 nodes_visited 96
[22:18:50.920] START to_move 1
[22:18:50.927] STOP to_move 1 nodes_visited 114
[22:18:50.927] START to_move 2
[22:18:50.933] STOP to_move 2 nodes_visited 102
[22:18:50.933] START to_move 1
[22:18:50.940] STOP to_move 1 nodes_visited 123
[22:18:50.940] START to_move 2
[22:18:50.947] STOP to_move 2 nodes_visited 96
[22:18:50.947] START to_move 1
[22:18:50.954] STOP to_move 1 nodes_visited 103
[22:18:50.954] START to_move 2
[22:18:50.962] STOP to_move 2 nodes_visited 132
[22:18:50.962] START to_move 1
[22:18:50.972] STOP to_move 1 nodes_visited 172
[22:18:50.972] START to_move 2
[22:18:50.978] STOP to_move 2 nodes_visited 95
[22:18:50.978] START to_move 1
[22:18:50.982] STOP to_move 1 nodes_visited 60
[22:18:50.982] START to_move 2
[22:18:50.987] STOP to_move 2 nodes_visited 96
[22:18:50.988] START to_move 1
[22:18:50.994] STOP to_move 1 nodes_visited 112
[22:18:50.994] START to_move 2
[22:18:51.000] STOP to_move 2 nodes_visited 91
[22:18:51.000] START to_move 1
[22:18:51.007] STOP to_move 1 nodes_visited 112
[22:18:51.007] START to_move 2
[22:18:51.021] STOP to_move 2 nodes_visited 225
[22:18:51.021] START to_move 1
[22:18:51.034] STOP to_move 1 nodes_visited 203
[22:18:51.034] START to_move 2
[22:18:51.040] STOP to_move 2 nodes_visited 95
[22:18:51.040] START to_move 1
[22:18:51.043] STOP to_move 1 nodes_visited 54
[22:18:51.043] START to_move 2
[22:18:51.050] STOP to_move 2 nodes_visited 114
[22:18:51.050] START to_move 1
[22:18:51.058] STOP to_move 1 nodes_visited 127
[22:18:51.058] START to_move 2
[22:18:51.064] STOP to_move 2 nodes_visited 91
[22:18:51.064] START to_move 1
[22:18:51.067] STOP to_move 1 nodes_visited 50
[22:18:51.067] START to_move 2
[22:18:51.073] STOP to_move 2 nodes_visited 99
[22:18:51.073] START to_move 1
[22:18:51.079] STOP to_move 1 nodes_visited 104
[22:18:51.080] START to_move 2
[22:18:51.085] STOP to_move 2 nodes_visited 88
[22:18:51.085] START to_move 1
[22:18:51.088] STOP to_move 1 nodes_visited 49
[22:18:51.088] START to_move 2
[22:18:51.093] STOP to_move 2 nodes_visited 93
[22:18:51.093] START to_move 1
[22:18:51.099] STOP to_move 1 nodes_visited 98
[22:18:51.099] START to_move 2
[22:18:51.104] STOP to_move 2 nodes_visited 79
[22:18:51.104] START to_move 1
[22:18:51.107] STOP to_move 1 nodes_visited 46
[22:18:51.107] START to_move 2
[22:18:51.113] STOP to_move 2 nodes_visited 89
[22:18:51.113] START to_move 1
[22:18:51.120] STOP to_move 1 nodes_visited 117
[22:18:51.120] START to_move 2
[22:18:51.124] STOP to_move 2 nodes_visited 71
[22:18:51.124] START to_move 1
[22:18:51.127] STOP to_move 1 nodes_visited 42
[22:18:51.127] START to_move 2
[22:18:51.132] STOP to_move 2 nodes_visited 75
[22:18:51.132] START to_move 1
[22:18:51.138] STOP to_move 1 nodes_visited 107
[22:18:51.138] START to_move 2
[22:18:51.142] STOP to_move 2 nodes_visited 63
[22:18:51.142] START to_move 1
[22:18:51.145] STOP to_move 1 nodes_visited 42
[22:18:51.145] START to_move 2
[22:18:51.150] STOP to_move 2 nodes_visited 77
[22:18:51.150] START to_move 1
[22:18:51.155] STOP to_move 1 nodes_visited 81
[22:18:51.155] START to_move 2
[22:18:51.159] STOP to_move 2 nodes_visited 61
[22:18:51.159] START to_move 1
[22:18:51.161] STOP to_move 1 nodes_visited 37
[22:18:51.161] START to_move 2
[22:18:51.165] STOP to_move 2 nodes_visited 65
[22:18:51.165] START to_move 1
[22:18:51.171] STOP to_move 1 nodes_visited 90
[22:18:51.171] START to_move 2
[22:18:51.175] STOP to_move 2 nodes_visited 61
[22:18:51.175] START to_move 1
[22:18:51.177] STOP to_move 1 nodes_visited 37
[22:18:51.177] START to_move 2
[22:18:51.181] STOP to_move 2 nodes_visited 65
[22:18:51.181] START to_move 1
[22:18:51.186] STOP to_move 1 nodes_visited 84
[22:18:51.186] START to_move 2
[22:18:51.190] STOP to_move 2 nodes_visited 57
[22:18:51.190] START to_move 1
[22:18:51.192] STOP to_move 1 nodes_visited 35
[22:18:51.192] START to_move 2
[22:18:51.196] STOP to_move 2 nodes_visited 61
[22:18:51.196] START to_move 1
[22:18:51.200] STOP to_move 1 nodes_visited 74
[22:18:51.200] START to_move 2
[22:18:51.204] STOP to_move 2 nodes_visited 55
[22:18:51.204] START to_move 1
[22:18:51.206] STOP to_move 1 nodes_visited 31
[22:18:51.206] START to_move 2
[22:18:51.209] STOP to_move 2 nodes_visited 55
[22:18:51.209] START to_move 1
[22:18:51.214] STOP to_move 1 nodes_visited 70
[22:18:51.214] START to_move 2
[22:18:51.217] STOP to_move 2 nodes_visited 51
[22:18:51.217] START to_move 1
[22:18:51.219] STOP to_move 1 nodes_visited 33
[22:18:51.219] START to_move 2
[22:18:51.223] STOP to_move 2 nodes_visited 57
[22:18:51.223] START to_move 1
[22:18:51.227] STOP to_move 1 nodes_visited 65
[22:18:51.227] START to_move 2
[22:18:51.230] STOP to_move 2 nodes_visited 49
[22:18:51.230] START to_move 1
[22:18:51.232] STOP to_move 1 nodes_visited 34
[22:18:51.232] START to_move 2
[22:18:51.236] STOP to_move 2 nodes_visited 59
[22:18:51.236] START to_move 1
[22:18:51.240] STOP to_move 1 nodes_visited 67
[22:18:51.240] START to_move 2
[22:18:51.243] STOP to_move 2 nodes_visited 51
[22:18:51.243] START to_move 1
[22:18:51.245] STOP to_move 1 nodes_visited 30
[22:18:51.245] START to_move 2
[22:18:51.248] STOP to_move 2 nodes_visited 53
[22:18:51.248] START to_move 1
[22:18:51.252] STOP to_move 1 nodes_visited 68
[22:18:51.252] START to_move 2
[22:18:51.255] STOP to_move 2 nodes_visited 47
[22:18:51.255] START to_move 1
[22:18:51.257] STOP to_move 1 nodes_visited 31
[22:18:51.257] START to_move 2
[22:18:51.261] STOP to_move 2 nodes_visited 55
[22:18:51.261] START to_move 1
[22:18:51.265] STOP to_move 1 nodes_visited 61
[22:18:51.265] START to_move 2
[22:18:51.268] STOP to_move 2 nodes_visited 47
[22:18:51.268] START to_move 1
[22:18:51.269] STOP to_move 1 nodes_visited 27
[22:18:51.269] START to_move 2
[22:18:51.272] STOP to_move 2 nodes_visited 51
[22:18:51.273] START to_move 1
[22:18:51.276] STOP to_move 1 nodes_visited 57
[22:18:51.276] START to_move 2
[22:18:51.279] STOP to_move 2 nodes_visited 45
[22:18:51.279] START to_move 1
[22:18:51.280] STOP to_move 1 nodes_visited 26
[22:18:51.280] START to_move 2
[22:18:51.283] STOP to_move 2 nodes_visited 49
[22:18:51.283] START to_move 1
[22:18:51.286] STOP to_move 1 nodes_visited 50
[22:18:51.286] START to_move 2
[22:18:51.289] STOP to_move 2 nodes_visited 41
[22:18:51.289] START to_move 1
[22:18:51.290] STOP to_move 1 nodes_visited 24
[22:18:51.291] START to_move 2
[22:18:51.293] STOP to_move 2 nodes_visited 49
[22:18:51.294] START to_move 1
[22:18:51.296] STOP to_move 1 nodes_visited 47
[22:18:51.296] START to_move 2
[22:18:51.299] STOP to_move 2 nodes_visited 41
[22:18:51.299] START to_move 1
[22:18:51.300] STOP to_move 1 nodes_visited 23
[22:18:51.300] START to_move 2
[22:18:51.303] STOP to_move 2 nodes_visited 47
[22:18:51.303] START to_move 1
[22:18:51.306] STOP to_move 1 nodes_visited 45
[22:18:51.306] START to_move 2
[22:18:51.308] STOP to_move 2 nodes_visited 38
[22:18:51.308] START to_move 1
[22:18:51.310] STOP to_move 1 nodes_visited 24
[22:18:51.310] START to_move 2
[22:18:51.313] STOP to_move 2 nodes_visited 49
[22:18:51.313] START to_move 1
[22:18:51.316] STOP to_move 1 nodes_visited 47
[22:18:51.316] START to_move 2
[22:18:51.318] STOP to_move 2 nodes_visited 39
[22:18:51.318] START to_move 1
[22:18:51.320] STOP to_move 1 nodes_visited 23
[22:18:51.320] START to_move 2
[22:18:51.322] STOP to_move 2 nodes_visited 45
[22:18:51.322] START to_move 1
[22:18:51.325] STOP to_move 1 nodes_visited 47
[22:18:51.325] START to_move 2
[22:18:51.328] STOP to_move 2 nodes_visited 39
[22:18:51.328] START to_move 1
[22:18:51.329] STOP to_move 1 nodes_visited 24
[22:18:51.329] START to_move 2
[22:18:51.332] STOP to_move 2 nodes_visited 47
[22:18:51.332] START to_move 1
[22:18:51.335] STOP to_move 1 nodes_visited 41
[22:18:51.335] START to_move 2
[22:18:51.337] STOP to_move 2 nodes_visited 36
[22:18:51.337] START to_move 1
[22:18:51.338] STOP to_move 1 nodes_visited 25
[22:18:51.338] START to_move 2
[22:18:51.341] STOP to_move 2 nodes_visited 49
[22:18:51.341] START to_move 1
[22:18:51.345] STOP to_move 1 nodes_visited 47
[22:18:51.345] START to_move 2
[22:18:51.348] STOP to_move 2 nodes_visited 39
[22:18:51.348] START to_move 1
[22:18:51.349] STOP to_move 1 nodes_visited 19
[22:18:51.349] START to_move 2
[22:18:51.351] STOP to_move 2 nodes_visited 35
[22:18:51.351] START to_move 1
[22:18:51.354] STOP to_move 1 nodes_visited 52
[22:18:51.354] START to_move 2
[22:18:51.357] STOP to_move 2 nodes_visited 39
[22:18:51.357] START to_move 1
[22:18:51.358] STOP to_move 1 nodes_visited 22
[22:18:51.358] START to_move 2
[22:18:51.361] STOP to_move 2 nodes_visited 41
[22:18:51.361] START to_move 1
[22:18:51.364] STOP to_move 1 nodes_visited 49
[22:18:51.364] START to_move 2
[22:18:51.366] STOP to_move 2 nodes_visited 37
[22:18:51.366] START to_move 1
[22:18:51.368] STOP to_move 1 nodes_visited 21
[22:18:51.368] START to_move 2
[22:18:51.370] STOP to_move 2 nodes_visited 41
[22:18:51.370] START to_move 1
[22:18:51.373] STOP to_move 1 nodes_visited 45
[22:18:51.373] START to_move 2
[22:18:51.375] STOP to_move 2 nodes_visited 35
[22:18:51.375] START to_move 1
[22:18:51.376] STOP to_move 1 nodes_visited 21
[22:18:51.376] START to_move 2
[22:18:51.379] STOP to_move 2 nodes_visited 41
[22:18:51.379] START to_move 1
[22:18:51.382] STOP to_move 1 nodes_visited 41
[22:18:51.382] START to_move 2
[22:18:51.384] STOP to_move 2 nodes_visited 35
[22:18:51.384] START to_move 1
[22:18:51.385] STOP to_move 1 nodes_visited 19
[22:18:51.385] START to_move 2
[22:18:51.387] STOP to_move 2 nodes_visited 35
[22:18:51.387] START to_move 1
[22:18:51.390] STOP to_move 1 nodes_visited 51
[22:18:51.390] START to_move 2
[22:18:51.393] STOP to_move 2 nodes_visited 39
[22:18:51.393] START to_move 1
[22:18:51.394] STOP to_move 1 nodes_visited 23
[22:18:51.394] START to_move 2
[22:18:51.397] STOP to_move 2 nodes_visited 43
[22:18:51.397] START to_move 1
[22:18:51.399] STOP to_move 1 nodes_visited 41
[22:18:51.399] START to_move 2
[22:18:51.401] STOP to_move 2 nodes_visited 33
[22:18:51.401] START to_move 1
[22:18:51.402] STOP to_move 1 nodes_visited 19
[22:18:51.402] START to_move 2
[22:18:51.405] STOP to_move 2 nodes_visited 39
[22:18:51.405] START to_move 1
[22:18:51.407] STOP to_move 1 nodes_visited 37
[22:18:51.407] START to_move 2
[22:18:51.409] STOP to_move 2 nodes_visited 33
[22:18:51.409] START to_move 1
[22:18:51.410] STOP to_move 1 nodes_visited 17
[22:18:51.410] START to_move 2
[22:18:51.412] STOP to_move 2 nodes_visited 33
[22:18:51.412] START to_move 1
[22:18:51.415] STOP to_move 1 nodes_visited 46
[22:18:51.415] START to_move 2
[22:18:51.418] STOP to_move 2 nodes_visited 37
[22:18:51.418] START to_move 1
[22:18:51.419] STOP to_move 1 nodes_visited 20
[22:18:51.419] START to_move 2
[22:18:51.421] STOP to_move 2 nodes_visited 39
[22:18:51.421] START to_move 1
[22:18:51.424] STOP to_move 1 nodes_visited 39
[22:18:51.424] START to_move 2
[22:18:51.426] STOP to_move 2 nodes_visited 33
[22:18:51.426] START to_move 1
[22:18:51.427] STOP to_move 1 nodes_visited 18
[22:18:51.427] START to_move 2
[22:18:51.429] STOP to_move 2 nodes_visited 33
[22:18:51.429] START to_move 1
[22:18:51.431] STOP to_move 1 nodes_visited 39
[22:18:51.431] START to_move 2
[22:18:51.433] STOP to_move 2 nodes_visited 32
[22:18:51.433] START to_move 1
[22:18:51.435] STOP to_move 1 nodes_visited 22
[22:18:51.435] START to_move 2
[22:18:51.438] STOP to_move 2 nodes_visited 41
[22:18:51.438] START to_move 1
[22:18:51.441] STOP to_move 1 nodes_visited 47
[22:18:51.441] START to_move 2
[22:18:51.443] STOP to_move 2 nodes_visited 35
[22:18:51.443] START to_move 1
[22:18:51.444] STOP to_move 1 nodes_visited 20
[22:18:51.444] START to_move 2
[22:18:51.446] STOP to_move 2 nodes_visited 37
[22:18:51.446] START to_move 1
[22:18:51.449] STOP to_move 1 nodes_visited 43
[22:18:51.449] START to_move 2
[22:18:51.451] STOP to_move 2 nodes_visited 31
[22:18:51.451] START to_move 1
[22:18:51.452] STOP to_move 1 nodes_visited 19
[22:18:51.452] START to_move 2
[22:18:51.455] STOP to_move 2 nodes_visited 37
[22:18:51.455] START to_move 1
[22:18:51.457] STOP to_move 1 nodes_visited 37
[22:18:51.457] START to_move 2
[22:18:51.459] STOP to_move 2 nodes_visited 28
[22:18:51.459] START to_move 1
[22:18:51.460] STOP to_move 1 nodes_visited 21
[22:18:51.460] START to_move 2
[22:18:51.463] STOP to_move 2 nodes_visited 41
[22:18:51.463] START to_move 1
[22:18:51.465] STOP to_move 1 nodes_visited 43
[22:18:51.465] START to_move 2
[22:18:51.468] STOP to_move 2 nodes_visited 33
[22:18:51.468] START to_move 1
[22:18:51.469] STOP to_move 1 nodes_visited 20
[22:18:51.469] START to_move 2
[22:18:51.471] STOP to_move 2 nodes_visited 37
[22:18:51.471] START to_move 1
[22:18:51.473] STOP to_move 1 nodes_visited 33
[22:18:51.473] START to_move 2
[22:18:51.475] STOP to_move 2 nodes_visited 26
[22:18:51.475] START to_move 1
[22:18:51.476] STOP to_move 1 nodes_visited 17
[22:18:51.476] START to_move 2
[22:18:51.478] STOP to_move 2 nodes_visited 33
[22:18:51.478] START to_move 1
[22:18:51.480] STOP to_move 1 nodes_visited 31
[22:18:51.480] START to_move 2
[22:18:51.481] STOP to_move 2 nodes_visited 25
[22:18:51.482] START to_move 1
[22:18:51.482] STOP to_move 1 nodes_visited 11
[22:18:51.482] START to_move 2
[22:18:51.484] STOP to_move 2 nodes_visited 23
[22:18:51.484] START to_move 1
[22:18:51.485] STOP to_move 1 nodes_visited 29
[22:18:51.485] START to_move 2
[22:18:51.487] STOP to_move 2 nodes_visited 27
[22:18:51.487] START to_move 1
[22:18:51.488] STOP to_move 1 nodes_visited 12
[22:18:51.488] START to_move 2
[22:18:51.489] STOP to_move 2 nodes_visited 23
[22:18:51.489] START to_move 1
[22:18:51.491] STOP to_move 1 nodes_visited 36
[22:18:51.491] START to_move 2
[22:18:51.493] STOP to_move 2 nodes_visited 27
[22:18:51.493] START to_move 1
[22:18:51.494] STOP to_move 1 nodes_visited 14
[22:18:51.494] START to_move 2
[22:18:51.496] STOP to_move 2 nodes_visited 29
[22:18:51.496] START to_move 1
[22:18:51.497] STOP to_move 1 nodes_visited 27
[22:18:51.497] START to_move 2
[22:18:51.499] STOP to_move 2 nodes_visited 20
[22:18:51.499] START to_move 1
[22:18:51.500] STOP to_move 1 nodes_visited 18
[22:18:51.500] START to_move 2
[22:18:51.502] STOP to_move 2 nodes_visited 33
[22:18:51.502] START to_move 1
[22:18:51.503] STOP to_move 1 nodes_visited 25
[22:18:51.503] START to_move 2
[22:18:51.505] STOP to_move 2 nodes_visited 18
[22:18:51.505] START to_move 1
[22:18:51.505] STOP to_move 1 nodes_visited 14
[22:18:51.505] START to_move 2
[22:18:51.507] STOP to_move 2 nodes_visited 23
[22:18:51.507] START to_move 1
[22:18:51.509] STOP to_move 1 nodes_visited 34
[22:18:51.509] START to_move 2
[22:18:51.511] STOP to_move 2 nodes_visited 24
[22:18:51.511] START to_move 1
[22:18:51.512] STOP to_move 1 nodes_visited 16
[22:18:51.512] START to_move 2
[22:18:51.514] STOP to_move 2 nodes_visited 33
[22:18:51.514] START to_move 1
[22:18:51.516] STOP to_move 1 nodes_visited 31
[22:18:51.516] START to_move 2
[22:18:51.517] STOP to_move 2 nodes_visited 21
[22:18:51.517] START to_move 1
[22:18:51.518] STOP to_move 1 nodes_visited 14
[22:18:51.518] START to_move 2
[22:18:51.520] STOP to_move 2 nodes_visited 23
[22:18:51.520] START to_move 1
[22:18:51.521] STOP to_move 1 nodes_visited 27
[22:18:51.521] START to_move 2
[22:18:51.522] STOP to_move 2 nodes_visited 20
[22:18:51.522] START to_move 1
[22:18:51.523] STOP to_move 1 nodes_visited 14
[22:18:51.523] START to_move 2
[22:18:51.525] STOP to_move 2 nodes_visited 23
[22:18:51.525] START to_move 1
[22:18:51.526] STOP to_move 1 nodes_visited 25
[22:18:51.526] START to_move 2
[22:18:51.527] STOP to_move 2 nodes_visited 14
[22:18:51.527] START to_move 1
[22:18:51.528] STOP to_move 1 nodes_visited 11
[22:18:51.528] START to_move 2
[22:18:51.529] STOP to_move 2 nodes_visited 17
[22:18:51.529] START to_move 1
[22:18:51.531] STOP to_move 1 nodes_visited 29
[22:18:51.531] START to_move 2
[22:18:51.532] STOP to_move 2 nodes_visited 23
[22:18:51.532] START to_move 1
[22:18:51.533] STOP to_move 1 nodes_visited 6
[22:18:51.533] START to_move 2
[22:18:51.533] STOP to_move 2 nodes_visited 11
[22:18:51.533] START to_move 1
[22:18:51.534] STOP to_move 1 nodes_visited 17
[22:18:51.534] START to_move 2
[22:18:51.535] STOP to_move 2 nodes_visited 12
[22:18:51.535] START to_move 1
[22:18:51.536] STOP to_move 1 nodes_visited 9
[22:18:51.536] START to_move 2
[22:18:51.537] STOP to_move 2 nodes_visited 21
[22:18:51.537] START to_move 1
[22:18:51.538] STOP to_move 1 nodes_visited 13
[22:18:51.538] START to_move 2
[22:18:51.538] STOP to_move 2 nodes_visited 6
[22:18:51.538] START to_move 1
[22:18:51.539] STOP to_move 1 nodes_visited 8
[22:18:51.539] START to_move 2
[22:18:51.540] STOP to_move 2 nodes_visited 13
[22:18:51.540] START to_move 1
[22:18:51.541] STOP to_move 1 nodes_visited 17
[22:18:51.541] START to_move 2
[22:18:51.542] STOP to_move 2 nodes_visited 11
[22:18:51.542] START to_move 1
[22:18:51.542] STOP to_move 1 nodes_visited 8
[22:18:51.542] START to_move 2
[22:18:51.543] STOP to_move 2 nodes_visited 17
[22:18:51.543] START to_move 1
[22:18:51.544] STOP to_move 1 nodes_visited 11
[22:18:51.544] START to_move 2
[22:18:51.544] STOP to_move 2 nodes_visited 7
[22:18:51.544] START to_move 1
[22:18:51.545] STOP to_move 1 nodes_visited 8
[22:18:51.545] START to_move 2
[22:18:51.546] STOP to_move 2 nodes_visited 17
[22:18:51.546] START to_move 1
[22:18:51.547] STOP to_move 1 nodes_visited 17
[22:18:51.547] START to_move 2
[22:18:51.548] STOP to_move 2 nodes_visited 11
[22:18:51.548] START to_move 1
[22:18:51.548] STOP to_move 1 nodes_visited 8
[22:18:51.548] START to_move 2
[22:18:51.549] STOP to_move 2 nodes_visited 13
[22:18:51.549] START to_move 1
[22:18:51.550] STOP to_move 1 nodes_visited 11
[22:18:51.550] START to_move 2
[22:18:51.550] STOP to_move 2 nodes_visited 6
[22:18:51.550] START to_move 1
[22:18:51.551] STOP to_move 1 nodes_visited 8
[22:18:51.551] START to_move 2
[22:18:51.552] STOP to_move 2 nodes_visited 13
[22:18:51.552] START to_move 1
[22:18:51.552] STOP to_move 1 nodes_visited 11
[22:18:51.552] START to_move 2
[22:18:51.553] STOP to_move 2 nodes_visited 6
[22:18:51.567] END winner 0 - rounds 422
