[22:01:48.447] 1 - distance_function euclides - pruning True
[22:01:48.447] 2 - distance_function manhattan - pruning True
[22:01:48.447] START to_move 1
[22:01:48.511] STOP to_move 1 nodes_visited 1024
[22:01:48.511] START to_move 2
[22:01:48.630] STOP to_move 2 nodes_visited 2013
[22:01:48.632] START to_move 1
[22:01:48.688] STOP to_move 1 nodes_visited 864
[22:01:48.689] START to_move 2
[22:01:48.784] STOP to_move 2 nodes_visited 1637
[22:01:48.785] START to_move 1
[22:01:48.843] STOP to_move 1 nodes_visited 942
[22:01:48.844] START to_move 2
[22:01:48.962] STOP to_move 2 nodes_visited 1988
[22:01:48.963] START to_move 1
[22:01:49.026] STOP to_move 1 nodes_visited 1008
[22:01:49.027] START to_move 2
[22:01:49.077] STOP to_move 2 nodes_visited 881
[22:01:49.078] START to_move 1
[22:01:49.132] STOP to_move 1 nodes_visited 895
[22:01:49.133] START to_move 2
[22:01:49.157] STOP to_move 2 nodes_visited 424
[22:01:49.157] START to_move 1
[22:01:49.212] STOP to_move 1 nodes_visited 855
[22:01:49.212] START to_move 2
[22:01:49.279] STOP to_move 2 nodes_visited 1145
[22:01:49.280] START to_move 1
[22:01:49.382] STOP to_move 1 nodes_visited 1489
[22:01:49.384] START to_move 2
[22:01:49.461] STOP to_move 2 nodes_visited 1259
[22:01:49.462] START to_move 1
[22:01:49.512] STOP to_move 1 nodes_visited 759
[22:01:49.512] START to_move 2
[22:01:49.586] STOP to_move 2 nodes_visited 1259
[22:01:49.587] START to_move 1
[22:01:49.627] STOP to_move 1 nodes_visited 648
[22:01:49.627] START to_move 2
[22:01:49.672] STOP to_move 2 nodes_visited 779
[22:01:49.673] START to_move 1
[22:01:49.756] STOP to_move 1 nodes_visited 1261
[22:01:49.757] START to_move 2
[22:01:49.803] STOP to_move 2 nodes_visited 779
[22:01:49.803] START to_move 1
[22:01:49.876] STOP to_move 1 nodes_visited 1120
[22:01:49.877] START to_move 2
[22:01:49.923] STOP to_move 2 nodes_visited 792
[22:01:49.923] START to_move 1
[22:01:49.996] STOP to_move 1 nodes_visited 1121
[22:01:49.996] START to_move 2
[22:01:50.045] STOP to_move 2 nodes_visited 792
[22:01:50.045] START to_move 1
[22:01:50.118] STOP to_move 1 nodes_visited 1124
[22:01:50.119] START to_move 2
[22:01:50.166] STOP to_move 2 nodes_visited 792
[22:01:50.166] START to_move 1
[22:01:50.236] STOP to_move 1 nodes_visited 1060
[22:01:50.237] START to_move 2
[22:01:50.266] STOP to_move 2 nodes_visited 496
[22:01:50.266] START to_move 1
[22:01:50.334] STOP to_move 1 nodes_visited 1044
[22:01:50.335] START to_move 2
[22:01:50.382] STOP to_move 2 nodes_visited 782
[22:01:50.382] START to_move 1
[22:01:50.444] STOP to_move 1 nodes_visited 969
[22:01:50.445] START to_move 2
[22:01:50.474] STOP to_move 2 nodes_visited 519
[22:01:50.475] START to_move 1
[22:01:50.553] STOP to_move 1 nodes_visited 1255
[22:01:50.554] START to_move 2
[22:01:50.581] STOP to_move 2 nodes_visited 476
[22:01:50.581] START to_move 1
[22:01:50.624] STOP to_move 1 nodes_visited 684
[22:01:50.625] START to_move 2
[22:01:50.682] STOP to_move 2 nodes_visited 962
[22:01:50.682] START to_move 1
[22:01:50.723] STOP to_move 1 nodes_visited 673
[22:01:50.723] START to_move 2
[22:01:50.759] STOP to_move 2 nodes_visited 612
[22:01:50.759] START to_move 1
[22:01:50.879] STOP to_move 1 nodes_visited 1948
[22:01:50.880] START to_move 2
[22:01:50.912] STOP to_move 2 nodes_visited 520
[22:01:50.912] START to_move 1
[22:01:51.031] STOP to_move 1 nodes_visited 1826
[22:01:51.032] START to_move 2
[22:01:51.067] STOP to_move 2 nodes_visited 454
[22:01:51.067] START to_move 1
[22:01:51.215] STOP to_move 1 nodes_visited 2174
[22:01:51.216] START to_move 2
[22:01:51.243] STOP to_move 2 nodes_visited 454
[22:01:51.243] START to_move 1
[22:01:51.357] STOP to_move 1 nodes_visited 1778
[22:01:51.358] START to_move 2
[22:01:51.393] STOP to_move 2 nodes_visited 455
[22:01:51.395] START to_move 1
[22:01:51.639] STOP to_move 1 nodes_visited 1390
[22:01:51.640] START to_move 2
[22:01:51.669] STOP to_move 2 nodes_visited 453
[22:01:51.669] START to_move 1
[22:01:51.796] STOP to_move 1 nodes_visited 1695
[22:01:51.799] START to_move 2
[22:01:51.882] STOP to_move 2 nodes_visited 1125
[22:01:51.883] START to_move 1
[22:01:52.015] STOP to_move 1 nodes_visited 1271
[22:01:52.018] START to_move 2
[22:01:52.162] STOP to_move 2 nodes_visited 1170
[22:01:52.163] START to_move 1
[22:01:52.249] STOP to_move 1 nodes_visited 1101
[22:01:52.250] START to_move 2
[22:01:52.330] STOP to_move 2 nodes_visited 1268
[22:01:52.331] START to_move 1
[22:01:52.392] STOP to_move 1 nodes_visited 851
[22:01:52.393] START to_move 2
[22:01:52.476] STOP to_move 2 nodes_visited 1255
[22:01:52.477] START to_move 1
[22:01:52.554] STOP to_move 1 nodes_visited 723
[22:01:52.556] START to_move 2
[22:01:52.610] STOP to_move 2 nodes_visited 527
[22:01:52.611] START to_move 1
[22:01:52.685] STOP to_move 1 nodes_visited 816
[22:01:52.686] START to_move 2
[22:01:52.717] STOP to_move 2 nodes_visited 472
[22:01:52.717] START to_move 1
[22:01:52.749] STOP to_move 1 nodes_visited 525
[22:01:52.749] START to_move 2
[22:01:52.783] STOP to_move 2 nodes_visited 563
[22:01:52.783] START to_move 1
[22:01:52.817] STOP to_move 1 nodes_visited 522
[22:01:52.818] START to_move 2
[22:01:52.842] STOP to_move 2 nodes_visited 421
[22:01:52.842] START to_move 1
[22:01:52.869] STOP to_move 1 nodes_visited 427
[22:01:52.869] START to_move 2
[22:01:52.894] STOP to_move 2 nodes_visited 431
[22:01:52.894] START to_move 1
[22:01:52.921] STOP to_move 1 nodes_visited 433
[22:01:52.921] START to_move 2
[22:01:52.938] STOP to_move 2 nodes_visited 303
[22:01:52.938] START to_move 1
[22:01:52.970] STOP to_move 1 nodes_visited 513
[22:01:52.970] START to_move 2
[22:01:52.987] STOP to_move 2 nodes_visited 307
[22:01:52.987] START to_move 1
[22:01:53.018] STOP to_move 1 nodes_visited 513
[22:01:53.018] START to_move 2
[22:01:53.035] STOP to_move 2 nodes_visited 303
[22:01:53.035] START to_move 1
[22:01:53.067] STOP to_move 1 nodes_visited 496
[22:01:53.067] START to_move 2
[22:01:53.084] STOP to_move 2 nodes_visited 300
[22:01:53.084] START to_move 1
[22:01:53.110] STOP to_move 1 nodes_visited 405
[22:01:53.110] START to_move 2
[22:01:53.133] STOP to_move 2 nodes_visited 390
[22:01:53.133] START to_move 1
[22:01:53.162] STOP to_move 1 nodes_visited 479
[22:01:53.162] START to_move 2
[22:01:53.179] STOP to_move 2 nodes_visited 302
[22:01:53.180] START to_move 1
[22:01:53.214] STOP to_move 1 nodes_visited 559
[22:01:53.214] START to_move 2
[22:01:53.231] STOP to_move 2 nodes_visited 302
[22:01:53.231] START to_move 1
[22:01:53.307] STOP to_move 1 nodes_visited 1255
[22:01:53.308] START to_move 2
[22:01:53.325] STOP to_move 2 nodes_visited 299
[22:01:53.325] START to_move 1
[22:01:53.351] STOP to_move 1 nodes_visited 406
[22:01:53.351] START to_move 2
[22:01:53.368] STOP to_move 2 nodes_visited 302
[22:01:53.368] START to_move 1
[22:01:53.393] STOP to_move 1 nodes_visited 413
[22:01:53.393] START to_move 2
[22:01:53.410] STOP to_move 2 nodes_visited 303
[22:01:53.410] START to_move 1
[22:01:53.497] STOP to_move 1 nodes_visited 1378
[22:01:53.498] START to_move 2
[22:01:53.516] STOP to_move 2 nodes_visited 303
[22:01:53.516] START to_move 1
[22:01:53.586] STOP to_move 1 nodes_visited 1158
[22:01:53.586] START to_move 2
[22:01:53.603] STOP to_move 2 nodes_visited 303
[22:01:53.603] START to_move 1
[22:01:53.672] STOP to_move 1 nodes_visited 1108
[22:01:53.672] START to_move 2
[22:01:53.689] STOP to_move 2 nodes_visited 300
[22:01:53.689] START to_move 1
[22:01:53.758] STOP to_move 1 nodes_visited 1150
[22:01:53.759] START to_move 2
[22:01:53.778] STOP to_move 2 nodes_visited 333
[22:01:53.778] START to_move 1
[22:01:53.849] STOP to_move 1 nodes_visited 1159
[22:01:53.850] START to_move 2
[22:01:53.868] STOP to_move 2 nodes_visited 326
[22:01:53.868] START to_move 1
[22:01:53.931] STOP to_move 1 nodes_visited 996
[22:01:53.931] START to_move 2
[22:01:53.948] STOP to_move 2 nodes_visited 308
[22:01:53.949] START to_move 1
[22:01:53.989] STOP to_move 1 nodes_visited 668
[22:01:53.989] START to_move 2
[22:01:54.006] STOP to_move 2 nodes_visited 308
[22:01:54.006] START to_move 1
[22:01:54.044] STOP to_move 1 nodes_visited 628
[22:01:54.045] START to_move 2
[22:01:54.066] STOP to_move 2 nodes_visited 375
[22:01:54.066] START to_move 1
[22:01:54.125] STOP to_move 1 nodes_visited 967
[22:01:54.125] START to_move 2
[22:01:54.147] STOP to_move 2 nodes_visited 384
[22:01:54.148] START to_move 1
[22:01:54.212] STOP to_move 1 nodes_visited 1043
[22:01:54.212] START to_move 2
[22:01:54.234] STOP to_move 2 nodes_visited 384
[22:01:54.234] START to_move 1
[22:01:54.295] STOP to_move 1 nodes_visited 1010
[22:01:54.296] START to_move 2
[22:01:54.317] STOP to_move 2 nodes_visited 383
[22:01:54.317] START to_move 1
[22:01:54.384] STOP to_move 1 nodes_visited 1100
[22:01:54.384] START to_move 2
[22:01:54.406] STOP to_move 2 nodes_visited 383
[22:01:54.406] START to_move 1
[22:01:54.474] STOP to_move 1 nodes_visited 1087
[22:01:54.475] START to_move 2
[22:01:54.495] STOP to_move 2 nodes_visited 374
[22:01:54.496] START to_move 1
[22:01:54.600] STOP to_move 1 nodes_visited 1713
[22:01:54.601] START to_move 2
[22:01:54.622] STOP to_move 2 nodes_visited 376
[22:01:54.623] START to_move 1
[22:01:54.678] STOP to_move 1 nodes_visited 911
[22:01:54.678] START to_move 2
[22:01:54.783] STOP to_move 2 nodes_visited 1764
[22:01:54.784] START to_move 1
[22:01:54.807] STOP to_move 1 nodes_visited 389
[22:01:54.807] START to_move 2
[22:01:54.828] STOP to_move 2 nodes_visited 375
[22:01:54.829] START to_move 1
[22:01:54.850] STOP to_move 1 nodes_visited 361
[22:01:54.850] START to_move 2
[22:01:54.885] STOP to_move 2 nodes_visited 607
[22:01:54.885] START to_move 1
[22:01:54.911] STOP to_move 1 nodes_visited 441
[22:01:54.912] START to_move 2
[22:01:54.933] STOP to_move 2 nodes_visited 377
[22:01:54.933] START to_move 1
[22:01:54.954] STOP to_move 1 nodes_visited 355
[22:01:54.954] START to_move 2
[22:01:54.975] STOP to_move 2 nodes_visited 368
[22:01:54.975] START to_move 1
[22:01:54.991] STOP to_move 1 nodes_visited 272
[22:01:54.991] START to_move 2
[22:01:55.014] STOP to_move 2 nodes_visited 381
[22:01:55.014] START to_move 1
[22:01:55.030] STOP to_move 1 nodes_visited 268
[22:01:55.030] START to_move 2
[22:01:55.052] STOP to_move 2 nodes_visited 381
[22:01:55.052] START to_move 1
[22:01:55.068] STOP to_move 1 nodes_visited 268
[22:01:55.068] START to_move 2
[22:01:55.089] STOP to_move 2 nodes_visited 381
[22:01:55.089] START to_move 1
[22:01:55.105] STOP to_move 1 nodes_visited 268
[22:01:55.105] START to_move 2
[22:01:55.127] STOP to_move 2 nodes_visited 388
[22:01:55.127] START to_move 1
[22:01:55.154] STOP to_move 1 nodes_visited 448
[22:01:55.154] START to_move 2
[22:01:55.173] STOP to_move 2 nodes_visited 351
[22:01:55.174] START to_move 1
[22:01:55.190] STOP to_move 1 nodes_visited 270
[22:01:55.190] START to_move 2
[22:01:55.209] STOP to_move 2 nodes_visited 342
[22:01:55.209] START to_move 1
[22:01:55.223] STOP to_move 1 nodes_visited 232
[22:01:55.223] START to_move 2
[22:01:55.244] STOP to_move 2 nodes_visited 359
[22:01:55.244] START to_move 1
[22:01:55.261] STOP to_move 1 nodes_visited 298
[22:01:55.262] START to_move 2
[22:01:55.281] STOP to_move 2 nodes_visited 355
[22:01:55.282] START to_move 1
[22:01:55.300] STOP to_move 1 nodes_visited 297
[22:01:55.300] START to_move 2
[22:01:55.344] STOP to_move 2 nodes_visited 751
[22:01:55.344] START to_move 1
[22:01:55.373] STOP to_move 1 nodes_visited 484
[22:01:55.374] START to_move 2
[22:01:55.417] STOP to_move 2 nodes_visited 750
[22:01:55.417] START to_move 1
[22:01:55.473] STOP to_move 1 nodes_visited 912
[22:01:55.474] START to_move 2
[22:01:55.509] STOP to_move 2 nodes_visited 625
[22:01:55.510] START to_move 1
[22:01:55.554] STOP to_move 1 nodes_visited 733
[22:01:55.554] START to_move 2
[22:01:55.591] STOP to_move 2 nodes_visited 615
[22:01:55.591] START to_move 1
[22:01:55.619] STOP to_move 1 nodes_visited 449
[22:01:55.619] START to_move 2
[22:01:55.635] STOP to_move 2 nodes_visited 303
[22:01:55.636] START to_move 1
[22:01:55.662] STOP to_move 1 nodes_visited 449
[22:01:55.663] START to_move 2
[22:01:55.680] STOP to_move 2 nodes_visited 303
[22:01:55.680] START to_move 1
[22:01:55.705] STOP to_move 1 nodes_visited 413
[22:01:55.705] START to_move 2
[22:01:55.717] STOP to_move 2 nodes_visited 219
[22:01:55.717] START to_move 1
[22:01:55.724] STOP to_move 1 nodes_visited 112
[22:01:55.724] START to_move 2
[22:01:55.751] STOP to_move 2 nodes_visited 473
[22:01:55.751] START to_move 1
[22:01:55.765] STOP to_move 1 nodes_visited 233
[22:01:55.765] START to_move 2
[22:01:55.774] STOP to_move 2 nodes_visited 160
[22:01:55.774] START to_move 1
[22:01:55.789] STOP to_move 1 nodes_visited 252
[22:01:55.789] START to_move 2
[22:01:55.800] STOP to_move 2 nodes_visited 193
[22:01:55.800] START to_move 1
[22:01:55.819] STOP to_move 1 nodes_visited 316
[22:01:55.819] START to_move 2
[22:01:55.827] STOP to_move 2 nodes_visited 143
[22:01:55.827] START to_move 1
[22:01:55.837] STOP to_move 1 nodes_visited 175
[22:01:55.838] START to_move 2
[22:01:55.845] STOP to_move 2 nodes_visited 145
[22:01:55.845] START to_move 1
[22:01:55.850] STOP to_move 1 nodes_visited 77
[22:01:55.850] START to_move 2
[22:01:55.863] STOP to_move 2 nodes_visited 214
[22:01:55.864] START to_move 1
[22:01:55.868] STOP to_move 1 nodes_visited 77
[22:01:55.868] START to_move 2
[22:01:55.880] STOP to_move 2 nodes_visited 214
[22:01:55.881] START to_move 1
[22:01:55.890] STOP to_move 1 nodes_visited 153
[22:01:55.890] START to_move 2
[22:01:55.901] STOP to_move 2 nodes_visited 214
[22:01:55.902] START to_move 1
[22:01:55.911] STOP to_move 1 nodes_visited 157
[22:01:55.911] START to_move 2
[22:01:55.923] STOP to_move 2 nodes_visited 214
[22:01:55.923] START to_move 1
[22:01:55.933] STOP to_move 1 nodes_visited 157
[22:01:55.933] START to_move 2
[22:01:55.945] STOP to_move 2 nodes_visited 211
[22:01:55.945] START to_move 1
[22:01:55.954] STOP to_move 1 nodes_visited 159
[22:01:55.954] START to_move 2
[22:01:55.966] STOP to_move 2 nodes_visited 211
[22:01:55.966] START to_move 1
[22:01:55.976] STOP to_move 1 nodes_visited 157
[22:01:55.976] START to_move 2
[22:01:55.987] STOP to_move 2 nodes_visited 211
[22:01:55.988] START to_move 1
[22:01:55.997] STOP to_move 1 nodes_visited 157
[22:01:55.997] START to_move 2
[22:01:56.009] STOP to_move 2 nodes_visited 208
[22:01:56.009] START to_move 1
[22:01:56.018] STOP to_move 1 nodes_visited 155
[22:01:56.018] START to_move 2
[22:01:56.030] STOP to_move 2 nodes_visited 205
[22:01:56.030] START to_move 1
[22:01:56.062] STOP to_move 1 nodes_visited 523
[22:01:56.062] START to_move 2
[22:01:56.074] STOP to_move 2 nodes_visited 206
[22:01:56.074] START to_move 1
[22:01:56.107] STOP to_move 1 nodes_visited 537
[22:01:56.108] START to_move 2
[22:01:56.119] STOP to_move 2 nodes_visited 203
[22:01:56.119] START to_move 1
[22:01:56.152] STOP to_move 1 nodes_visited 537
[22:01:56.153] START to_move 2
[22:01:56.165] STOP to_move 2 nodes_visited 203
[22:01:56.166] START to_move 1
[22:01:56.199] STOP to_move 1 nodes_visited 523
[22:01:56.199] START to_move 2
[22:01:56.210] STOP to_move 2 nodes_visited 206
[22:01:56.210] START to_move 1
[22:01:56.241] STOP to_move 1 nodes_visited 516
[22:01:56.242] START to_move 2
[22:01:56.253] STOP to_move 2 nodes_visited 206
[22:01:56.253] START to_move 1
[22:01:56.285] STOP to_move 1 nodes_visited 523
[22:01:56.286] START to_move 2
[22:01:56.297] STOP to_move 2 nodes_visited 203
[22:01:56.297] START to_move 1
[22:01:56.327] STOP to_move 1 nodes_visited 495
[22:01:56.328] START to_move 2
[22:01:56.338] STOP to_move 2 nodes_visited 194
[22:01:56.339] START to_move 1
[22:01:56.368] STOP to_move 1 nodes_visited 488
[22:01:56.368] START to_move 2
[22:01:56.379] STOP to_move 2 nodes_visited 194
[22:01:56.379] START to_move 1
[22:01:56.409] STOP to_move 1 nodes_visited 488
[22:01:56.409] START to_move 2
[22:01:56.420] STOP to_move 2 nodes_visited 193
[22:01:56.420] START to_move 1
[22:01:56.428] STOP to_move 1 nodes_visited 128
[22:01:56.428] START to_move 2
[22:01:56.437] STOP to_move 2 nodes_visited 160
[22:01:56.437] START to_move 1
[22:01:56.454] STOP to_move 1 nodes_visited 287
[22:01:56.454] START to_move 2
[22:01:56.463] STOP to_move 2 nodes_visited 151
[22:01:56.463] START to_move 1
[22:01:56.474] STOP to_move 1 nodes_visited 163
[22:01:56.474] START to_move 2
[22:01:56.482] STOP to_move 2 nodes_visited 128
[22:01:56.482] START to_move 1
[22:01:56.487] STOP to_move 1 nodes_visited 74
[22:01:56.487] START to_move 2
[22:01:56.496] STOP to_move 2 nodes_visited 155
[22:01:56.496] START to_move 1
[22:01:56.505] STOP to_move 1 nodes_visited 145
[22:01:56.505] START to_move 2
[22:01:56.513] STOP to_move 2 nodes_visited 130
[22:01:56.513] START to_move 1
[22:01:56.518] STOP to_move 1 nodes_visited 74
[22:01:56.518] START to_move 2
[22:01:56.527] STOP to_move 2 nodes_visited 155
[22:01:56.527] START to_move 1
[22:01:56.536] STOP to_move 1 nodes_visited 149
[22:01:56.536] START to_move 2
[22:01:56.544] STOP to_move 2 nodes_visited 132
[22:01:56.544] START to_move 1
[22:01:56.549] STOP to_move 1 nodes_visited 75
[22:01:56.549] START to_move 2
[22:01:56.558] STOP to_move 2 nodes_visited 155
[22:01:56.558] START to_move 1
[22:01:56.567] STOP to_move 1 nodes_visited 147
[22:01:56.567] START to_move 2
[22:01:56.575] STOP to_move 2 nodes_visited 130
[22:01:56.575] START to_move 1
[22:01:56.580] STOP to_move 1 nodes_visited 73
[22:01:56.580] START to_move 2
[22:01:56.589] STOP to_move 2 nodes_visited 151
[22:01:56.589] START to_move 1
[22:01:56.598] STOP to_move 1 nodes_visited 147
[22:01:56.598] START to_move 2
[22:01:56.605] STOP to_move 2 nodes_visited 124
[22:01:56.605] START to_move 1
[22:01:56.610] STOP to_move 1 nodes_visited 74
[22:01:56.610] START to_move 2
[22:01:56.619] STOP to_move 2 nodes_visited 145
[22:01:56.619] START to_move 1
[22:01:56.627] STOP to_move 1 nodes_visited 141
[22:01:56.627] START to_move 2
[22:01:56.635] STOP to_move 2 nodes_visited 117
[22:01:56.635] START to_move 1
[22:01:56.639] STOP to_move 1 nodes_visited 71
[22:01:56.639] START to_move 2
[22:01:56.647] STOP to_move 2 nodes_visited 133
[22:01:56.648] START to_move 1
[22:01:56.656] STOP to_move 1 nodes_visited 141
[22:01:56.656] START to_move 2
[22:01:56.663] STOP to_move 2 nodes_visited 115
[22:01:56.663] START to_move 1
[22:01:56.668] STOP to_move 1 nodes_visited 75
[22:01:56.668] START to_move 2
[22:01:56.676] STOP to_move 2 nodes_visited 133
[22:01:56.676] START to_move 1
[22:01:56.686] STOP to_move 1 nodes_visited 149
[22:01:56.686] START to_move 2
[22:01:56.693] STOP to_move 2 nodes_visited 117
[22:01:56.693] START to_move 1
[22:01:56.697] STOP to_move 1 nodes_visited 71
[22:01:56.697] START to_move 2
[22:01:56.706] STOP to_move 2 nodes_visited 143
[22:01:56.706] START to_move 1
[22:01:56.715] STOP to_move 1 nodes_visited 141
[22:01:56.715] START to_move 2
[22:01:56.722] STOP to_move 2 nodes_visited 121
[22:01:56.722] START to_move 1
[22:01:56.727] STOP to_move 1 nodes_visited 73
[22:01:56.727] START to_move 2
[22:01:56.735] STOP to_move 2 nodes_visited 143
[22:01:56.735] START to_move 1
[22:01:56.744] STOP to_move 1 nodes_visited 145
[22:01:56.744] START to_move 2
[22:01:56.752] STOP to_move 2 nodes_visited 119
[22:01:56.752] START to_move 1
[22:01:56.756] STOP to_move 1 nodes_visited 74
[22:01:56.756] START to_move 2
[22:01:56.765] STOP to_move 2 nodes_visited 143
[22:01:56.765] START to_move 1
[22:01:56.774] STOP to_move 1 nodes_visited 141
[22:01:56.774] START to_move 2
[22:01:56.781] STOP to_move 2 nodes_visited 115
[22:01:56.781] START to_move 1
[22:01:56.785] STOP to_move 1 nodes_visited 69
[22:01:56.785] START to_move 2
[22:01:56.795] STOP to_move 2 nodes_visited 133
[22:01:56.795] START to_move 1
[22:01:56.803] STOP to_move 1 nodes_visited 135
[22:01:56.803] START to_move 2
[22:01:56.810] STOP to_move 2 nodes_visited 114
[22:01:56.810] START to_move 1
[22:01:56.814] STOP to_move 1 nodes_visited 68
[22:01:56.814] START to_move 2
[22:01:56.822] STOP to_move 2 nodes_visited 137
[22:01:56.823] START to_move 1
[22:01:56.831] STOP to_move 1 nodes_visited 135
[22:01:56.831] START to_move 2
[22:01:56.838] STOP to_move 2 nodes_visited 112
[22:01:56.838] START to_move 1
[22:01:56.842] STOP to_move 1 nodes_visited 70
[22:01:56.842] START to_move 2
[22:01:56.850] STOP to_move 2 nodes_visited 123
[22:01:56.850] START to_move 1
[22:01:56.858] STOP to_move 1 nodes_visited 133
[22:01:56.858] START to_move 2
[22:01:56.864] STOP to_move 2 nodes_visited 102
[22:01:56.865] START to_move 1
[22:01:56.869] STOP to_move 1 nodes_visited 65
[22:01:56.869] START to_move 2
[22:01:56.876] STOP to_move 2 nodes_visited 115
[22:01:56.876] START to_move 1
[22:01:56.884] STOP to_move 1 nodes_visited 125
[22:01:56.884] START to_move 2
[22:01:56.890] STOP to_move 2 nodes_visited 104
[22:01:56.890] START to_move 1
[22:01:56.894] STOP to_move 1 nodes_visited 61
[22:01:56.894] START to_move 2
[22:01:56.902] STOP to_move 2 nodes_visited 129
[22:01:56.902] START to_move 1
[22:01:56.909] STOP to_move 1 nodes_visited 119
[22:01:56.909] START to_move 2
[22:01:56.915] STOP to_move 2 nodes_visited 106
[22:01:56.915] START to_move 1
[22:01:56.919] STOP to_move 1 nodes_visited 59
[22:01:56.919] START to_move 2
[22:01:56.926] STOP to_move 2 nodes_visited 125
[22:01:56.926] START to_move 1
[22:01:56.933] STOP to_move 1 nodes_visited 117
[22:01:56.933] START to_move 2
[22:01:56.940] STOP to_move 2 nodes_visited 104
[22:01:56.940] START to_move 1
[22:01:56.943] STOP to_move 1 nodes_visited 61
[22:01:56.943] START to_move 2
[22:01:56.950] STOP to_move 2 nodes_visited 119
[22:01:56.951] START to_move 1
[22:01:56.958] STOP to_move 1 nodes_visited 121
[22:01:56.958] START to_move 2
[22:01:56.964] STOP to_move 2 nodes_visited 100
[22:01:56.964] START to_move 1
[22:01:56.968] STOP to_move 1 nodes_visited 60
[22:01:56.968] START to_move 2
[22:01:56.975] STOP to_move 2 nodes_visited 113
[22:01:56.975] START to_move 1
[22:01:56.982] STOP to_move 1 nodes_visited 119
[22:01:56.982] START to_move 2
[22:01:56.988] STOP to_move 2 nodes_visited 98
[22:01:56.988] START to_move 1
[22:01:56.992] STOP to_move 1 nodes_visited 59
[22:01:56.992] START to_move 2
[22:01:56.999] STOP to_move 2 nodes_visited 113
[22:01:56.999] START to_move 1
[22:01:57.006] STOP to_move 1 nodes_visited 125
[22:01:57.007] START to_move 2
[22:01:57.012] STOP to_move 2 nodes_visited 94
[22:01:57.012] START to_move 1
[22:01:57.016] STOP to_move 1 nodes_visited 59
[22:01:57.016] START to_move 2
[22:01:57.022] STOP to_move 2 nodes_visited 107
[22:01:57.023] START to_move 1
[22:01:57.029] STOP to_move 1 nodes_visited 111
[22:01:57.030] START to_move 2
[22:01:57.035] STOP to_move 2 nodes_visited 90
[22:01:57.035] START to_move 1
[22:01:57.038] STOP to_move 1 nodes_visited 52
[22:01:57.038] START to_move 2
[22:01:57.044] STOP to_move 2 nodes_visited 101
[22:01:57.044] START to_move 1
[22:01:57.050] STOP to_move 1 nodes_visited 101
[22:01:57.050] START to_move 2
[22:01:57.056] STOP to_move 2 nodes_visited 90
[22:01:57.056] START to_move 1
[22:01:57.059] STOP to_move 1 nodes_visited 52
[22:01:57.059] START to_move 2
[22:01:57.065] STOP to_move 2 nodes_visited 97
[22:01:57.065] START to_move 1
[22:01:57.071] STOP to_move 1 nodes_visited 95
[22:01:57.071] START to_move 2
[22:01:57.076] STOP to_move 2 nodes_visited 78
[22:01:57.076] START to_move 1
[22:01:57.079] STOP to_move 1 nodes_visited 48
[22:01:57.079] START to_move 2
[22:01:57.084] STOP to_move 2 nodes_visited 91
[22:01:57.084] START to_move 1
[22:01:57.090] STOP to_move 1 nodes_visited 95
[22:01:57.090] START to_move 2
[22:01:57.095] STOP to_move 2 nodes_visited 76
[22:01:57.095] START to_move 1
[22:01:57.098] STOP to_move 1 nodes_visited 48
[22:01:57.098] START to_move 2
[22:01:57.103] STOP to_move 2 nodes_visited 89
[22:01:57.103] START to_move 1
[22:01:57.109] STOP to_move 1 nodes_visited 91
[22:01:57.109] START to_move 2
[22:01:57.114] STOP to_move 2 nodes_visited 80
[22:01:57.114] START to_move 1
[22:01:57.117] STOP to_move 1 nodes_visited 47
[22:01:57.117] START to_move 2
[22:01:57.122] STOP to_move 2 nodes_visited 87
[22:01:57.122] START to_move 1
[22:01:57.128] STOP to_move 1 nodes_visited 91
[22:01:57.128] START to_move 2
[22:01:57.133] STOP to_move 2 nodes_visited 76
[22:01:57.133] START to_move 1
[22:01:57.136] STOP to_move 1 nodes_visited 45
[22:01:57.136] START to_move 2
[22:01:57.141] STOP to_move 2 nodes_visited 83
[22:01:57.141] START to_move 1
[22:01:57.146] STOP to_move 1 nodes_visited 73
[22:01:57.146] START to_move 2
[22:01:57.150] STOP to_move 2 nodes_visited 64
[22:01:57.150] START to_move 1
[22:01:57.153] STOP to_move 1 nodes_visited 37
[22:01:57.153] START to_move 2
[22:01:57.157] STOP to_move 2 nodes_visited 77
[22:01:57.157] START to_move 1
[22:01:57.162] STOP to_move 1 nodes_visited 73
[22:01:57.162] START to_move 2
[22:01:57.165] STOP to_move 2 nodes_visited 60
[22:01:57.165] START to_move 1
[22:01:57.168] STOP to_move 1 nodes_visited 33
[22:01:57.168] START to_move 2
[22:01:57.171] STOP to_move 2 nodes_visited 63
[22:01:57.171] START to_move 1
[22:01:57.175] STOP to_move 1 nodes_visited 63
[22:01:57.175] START to_move 2
[22:01:57.178] STOP to_move 2 nodes_visited 51
[22:01:57.178] START to_move 1
[22:01:57.180] STOP to_move 1 nodes_visited 30
[22:01:57.180] START to_move 2
[22:01:57.184] STOP to_move 2 nodes_visited 59
[22:01:57.184] START to_move 1
[22:01:57.188] STOP to_move 1 nodes_visited 57
[22:01:57.188] START to_move 2
[22:01:57.190] STOP to_move 2 nodes_visited 43
[22:01:57.190] START to_move 1
[22:01:57.192] STOP to_move 1 nodes_visited 29
[22:01:57.192] START to_move 2
[22:01:57.195] STOP to_move 2 nodes_visited 53
[22:01:57.195] START to_move 1
[22:01:57.199] STOP to_move 1 nodes_visited 55
[22:01:57.199] START to_move 2
[22:01:57.201] STOP to_move 2 nodes_visited 41
[22:01:57.201] START to_move 1
[22:01:57.203] STOP to_move 1 nodes_visited 28
[22:01:57.203] START to_move 2
[22:01:57.206] STOP to_move 2 nodes_visited 51
[22:01:57.206] START to_move 1
[22:01:57.209] STOP to_move 1 nodes_visited 51
[22:01:57.209] START to_move 2
[22:01:57.212] STOP to_move 2 nodes_visited 39
[22:01:57.212] START to_move 1
[22:01:57.213] STOP to_move 1 nodes_visited 25
[22:01:57.213] START to_move 2
[22:01:57.216] STOP to_move 2 nodes_visited 47
[22:01:57.216] START to_move 1
[22:01:57.219] STOP to_move 1 nodes_visited 43
[22:01:57.219] START to_move 2
[22:01:57.221] STOP to_move 2 nodes_visited 35
[22:01:57.221] START to_move 1
[22:01:57.222] STOP to_move 1 nodes_visited 16
[22:01:57.222] START to_move 2
[22:01:57.224] STOP to_move 2 nodes_visited 31
[22:01:57.224] START to_move 1
[22:01:57.226] STOP to_move 1 nodes_visited 31
[22:01:57.226] START to_move 2
[22:01:57.228] STOP to_move 2 nodes_visited 25
[22:01:57.228] START to_move 1
[22:01:57.229] STOP to_move 1 nodes_visited 15
[22:01:57.229] START to_move 2
[22:01:57.230] STOP to_move 2 nodes_visited 27
[22:01:57.230] START to_move 1
[22:01:57.232] STOP to_move 1 nodes_visited 29
[22:01:57.232] START to_move 2
[22:01:57.234] STOP to_move 2 nodes_visited 25
[22:01:57.234] START to_move 1
[22:01:57.234] STOP to_move 1 nodes_visited 14
[22:01:57.234] START to_move 2
[22:01:57.236] STOP to_move 2 nodes_visited 29
[22:01:57.236] START to_move 1
[22:01:57.238] STOP to_move 1 nodes_visited 25
[22:01:57.238] START to_move 2
[22:01:57.239] STOP to_move 2 nodes_visited 23
[22:01:57.239] START to_move 1
[22:01:57.240] STOP to_move 1 nodes_visited 12
[22:01:57.240] START to_move 2
[22:01:57.241] STOP to_move 2 nodes_visited 29
[22:01:57.241] START to_move 1
[22:01:57.243] STOP to_move 1 nodes_visited 27
[22:01:57.243] START to_move 2
[22:01:57.245] STOP to_move 2 nodes_visited 25
[22:01:57.245] START to_move 1
[22:01:57.245] STOP to_move 1 nodes_visited 13
[22:01:57.245] START to_move 2
[22:01:57.247] STOP to_move 2 nodes_visited 31
[22:01:57.247] START to_move 1
[22:01:57.249] STOP to_move 1 nodes_visited 23
[22:01:57.249] START to_move 2
[22:01:57.250] STOP to_move 2 nodes_visited 19
[22:01:57.250] START to_move 1
[22:01:57.251] STOP to_move 1 nodes_visited 12
[22:01:57.251] START to_move 2
[22:01:57.252] STOP to_move 2 nodes_visited 27
[22:01:57.252] START to_move 1
[22:01:57.254] STOP to_move 1 nodes_visited 23
[22:01:57.254] START to_move 2
[22:01:57.255] STOP to_move 2 nodes_visited 19
[22:01:57.255] START to_move 1
[22:01:57.255] STOP to_move 1 nodes_visited 12
[22:01:57.256] START to_move 2
[22:01:57.257] STOP to_move 2 nodes_visited 23
[22:01:57.257] START to_move 1
[22:01:57.258] STOP to_move 1 nodes_visited 21
[22:01:57.258] START to_move 2
[22:01:57.259] STOP to_move 2 nodes_visited 19
[22:01:57.259] START to_move 1
[22:01:57.260] STOP to_move 1 nodes_visited 10
[22:01:57.260] START to_move 2
[22:01:57.261] STOP to_move 2 nodes_visited 25
[22:01:57.261] START to_move 1
[22:01:57.263] STOP to_move 1 nodes_visited 23
[22:01:57.263] START to_move 2
[22:01:57.264] STOP to_move 2 nodes_visited 21
[22:01:57.264] START to_move 1
[22:01:57.265] STOP to_move 1 nodes_visited 11
[22:01:57.265] START to_move 2
[22:01:57.266] STOP to_move 2 nodes_visited 19
[22:01:57.266] START to_move 1
[22:01:57.267] STOP to_move 1 nodes_visited 21
[22:01:57.267] START to_move 2
[22:01:57.268] STOP to_move 2 nodes_visited 17
[22:01:57.268] START to_move 1
[22:01:57.269] STOP to_move 1 nodes_visited 11
[22:01:57.269] START to_move 2
[22:01:57.270] STOP to_move 2 nodes_visited 23
[22:01:57.271] START to_move 1
[22:01:57.272] STOP to_move 1 nodes_visited 19
[22:01:57.272] START to_move 2
[22:01:57.273] STOP to_move 2 nodes_visited 14
[22:01:57.273] START to_move 1
[22:01:57.273] STOP to_move 1 nodes_visited 9
[22:01:57.273] START to_move 2
[22:01:57.274] STOP to_move 2 nodes_visited 21
[22:01:57.274] START to_move 1
[22:01:57.276] STOP to_move 1 nodes_visited 19
[22:01:57.276] START to_move 2
[22:01:57.276] STOP to_move 2 nodes_visited 14
[22:01:57.276] START to_move 1
[22:01:57.277] STOP to_move 1 nodes_visited 12
[22:01:57.277] START to_move 2
[22:01:57.279] STOP to_move 2 nodes_visited 23
[22:01:57.279] START to_move 1
[22:01:57.280] STOP to_move 1 nodes_visited 21
[22:01:57.280] START to_move 2
[22:01:57.281] STOP to_move 2 nodes_visited 15
[22:01:57.281] START to_move 1
[22:01:57.282] STOP to_move 1 nodes_visited 10
[22:01:57.282] START to_move 2
[22:01:57.283] STOP to_move 2 nodes_visited 19
[22:01:57.283] START to_move 1
[22:01:57.284] STOP to_move 1 nodes_visited 21
[22:01:57.284] START to_move 2
[22:01:57.285] STOP to_move 2 nodes_visited 14
[22:01:57.285] START to_move 1
[22:01:57.286] STOP to_move 1 nodes_visited 10
[22:01:57.286] START to_move 2
[22:01:57.287] STOP to_move 2 nodes_visited 23
[22:01:57.287] START to_move 1
[22:01:57.288] STOP to_move 1 nodes_visited 23
[22:01:57.288] START to_move 2
[22:01:57.290] STOP to_move 2 nodes_visited 21
[22:01:57.290] START to_move 1
[22:01:57.290] STOP to_move 1 nodes_visited 8
[22:01:57.290] START to_move 2
[22:01:57.291] STOP to_move 2 nodes_visited 15
[22:01:57.291] START to_move 1
[22:01:57.293] STOP to_move 1 nodes_visited 23
[22:01:57.293] START to_move 2
[22:01:57.294] STOP to_move 2 nodes_visited 17
[22:01:57.294] START to_move 1
[22:01:57.294] STOP to_move 1 nodes_visited 5
[22:01:57.294] START to_move 2
[22:01:57.294] STOP to_move 2 nodes_visited 7
[22:01:57.294] START to_move 1
[22:01:57.295] STOP to_move 1 nodes_visited 11
[22:01:57.295] START to_move 2
[22:01:57.296] STOP to_move 2 nodes_visited 9
[22:01:57.296] START to_move 1
[22:01:57.296] STOP to_move 1 nodes_visited 5
[22:01:57.296] START to_move 2
[22:01:57.296] STOP to_move 2 nodes_visited 7
[22:01:57.297] START to_move 1
[22:01:57.297] STOP to_move 1 nodes_visited 11
[22:01:57.297] START to_move 2
[22:01:57.298] STOP to_move 2 nodes_visited 9
[22:01:57.321] END winner 0 - rounds 402
