[22:46:08.004] 1 - distance_function euclides - pruning True
[22:46:08.004] 2 - distance_function manhattan - pruning True
[22:46:08.004] START to_move 1
[22:46:08.049] STOP to_move 1 nodes_visited 752
[22:46:08.049] START to_move 2
[22:46:08.110] STOP to_move 2 nodes_visited 1051
[22:46:08.110] START to_move 1
[22:46:08.155] STOP to_move 1 nodes_visited 758
[22:46:08.155] START to_move 2
[22:46:08.208] STOP to_move 2 nodes_visited 905
[22:46:08.209] START to_move 1
[22:46:08.344] STOP to_move 1 nodes_visited 2150
[22:46:08.345] START to_move 2
[22:46:08.415] STOP to_move 2 nodes_visited 1222
[22:46:08.416] START to_move 1
[22:46:08.485] STOP to_move 1 nodes_visited 1109
[22:46:08.486] START to_move 2
[22:46:08.528] STOP to_move 2 nodes_visited 741
[22:46:08.529] START to_move 1
[22:46:08.600] STOP to_move 1 nodes_visited 1191
[22:46:08.600] START to_move 2
[22:46:08.620] STOP to_move 2 nodes_visited 340
[22:46:08.621] START to_move 1
[22:46:08.648] STOP to_move 1 nodes_visited 464
[22:46:08.648] START to_move 2
[22:46:08.668] STOP to_move 2 nodes_visited 352
[22:46:08.668] START to_move 1
[22:46:08.745] STOP to_move 1 nodes_visited 1283
[22:46:08.745] START to_move 2
[22:46:08.767] STOP to_move 2 nodes_visited 360
[22:46:08.767] START to_move 1
[22:46:08.831] STOP to_move 1 nodes_visited 1078
[22:46:08.832] START to_move 2
[22:46:08.851] STOP to_move 2 nodes_visited 348
[22:46:08.851] START to_move 1
[22:46:08.932] STOP to_move 1 nodes_visited 1354
[22:46:08.933] START to_move 2
[22:46:09.028] STOP to_move 2 nodes_visited 1608
[22:46:09.029] START to_move 1
[22:46:09.106] STOP to_move 1 nodes_visited 1279
[22:46:09.106] START to_move 2
[22:46:09.126] STOP to_move 2 nodes_visited 351
[22:46:09.126] START to_move 1
[22:46:09.206] STOP to_move 1 nodes_visited 1338
[22:46:09.207] START to_move 2
[22:46:09.227] STOP to_move 2 nodes_visited 352
[22:46:09.227] START to_move 1
[22:46:09.308] STOP to_move 1 nodes_visited 1328
[22:46:09.309] START to_move 2
[22:46:09.329] STOP to_move 2 nodes_visited 357
[22:46:09.329] START to_move 1
[22:46:09.410] STOP to_move 1 nodes_visited 1327
[22:46:09.410] START to_move 2
[22:46:09.431] STOP to_move 2 nodes_visited 351
[22:46:09.431] START to_move 1
[22:46:09.510] STOP to_move 1 nodes_visited 1314
[22:46:09.511] START to_move 2
[22:46:09.531] STOP to_move 2 nodes_visited 354
[22:46:09.531] START to_move 1
[22:46:09.605] STOP to_move 1 nodes_visited 1207
[22:46:09.605] START to_move 2
[22:46:09.626] STOP to_move 2 nodes_visited 369
[22:46:09.626] START to_move 1
[22:46:09.699] STOP to_move 1 nodes_visited 1207
[22:46:09.699] START to_move 2
[22:46:09.720] STOP to_move 2 nodes_visited 372
[22:46:09.720] START to_move 1
[22:46:09.798] STOP to_move 1 nodes_visited 1292
[22:46:09.798] START to_move 2
[22:46:09.824] STOP to_move 2 nodes_visited 431
[22:46:09.824] START to_move 1
[22:46:09.904] STOP to_move 1 nodes_visited 1320
[22:46:09.905] START to_move 2
[22:46:09.929] STOP to_move 2 nodes_visited 434
[22:46:09.929] START to_move 1
[22:46:10.009] STOP to_move 1 nodes_visited 1332
[22:46:10.010] START to_move 2
[22:46:10.034] STOP to_move 2 nodes_visited 434
[22:46:10.034] START to_move 1
[22:46:10.116] STOP to_move 1 nodes_visited 1324
[22:46:10.116] START to_move 2
[22:46:10.141] STOP to_move 2 nodes_visited 435
[22:46:10.141] START to_move 1
[22:46:10.225] STOP to_move 1 nodes_visited 1401
[22:46:10.226] START to_move 2
[22:46:10.383] STOP to_move 2 nodes_visited 2632
[22:46:10.384] START to_move 1
[22:46:10.465] STOP to_move 1 nodes_visited 1355
[22:46:10.466] START to_move 2
[22:46:10.490] STOP to_move 2 nodes_visited 438
[22:46:10.491] START to_move 1
[22:46:10.567] STOP to_move 1 nodes_visited 1291
[22:46:10.568] START to_move 2
[22:46:10.592] STOP to_move 2 nodes_visited 425
[22:46:10.593] START to_move 1
[22:46:10.695] STOP to_move 1 nodes_visited 1671
[22:46:10.696] START to_move 2
[22:46:10.740] STOP to_move 2 nodes_visited 767
[22:46:10.740] START to_move 1
[22:46:10.789] STOP to_move 1 nodes_visited 823
[22:46:10.789] START to_move 2
[22:46:10.820] STOP to_move 2 nodes_visited 540
[22:46:10.820] START to_move 1
[22:46:10.880] STOP to_move 1 nodes_visited 1003
[22:46:10.880] START to_move 2
[22:46:10.903] STOP to_move 2 nodes_visited 392
[22:46:10.904] START to_move 1
[22:46:10.968] STOP to_move 1 nodes_visited 1077
[22:46:10.969] START to_move 2
[22:46:10.992] STOP to_move 2 nodes_visited 419
[22:46:10.993] START to_move 1
[22:46:11.056] STOP to_move 1 nodes_visited 1041
[22:46:11.057] START to_move 2
[22:46:11.082] STOP to_move 2 nodes_visited 451
[22:46:11.082] START to_move 1
[22:46:11.186] STOP to_move 1 nodes_visited 1664
[22:46:11.187] START to_move 2
[22:46:11.213] STOP to_move 2 nodes_visited 464
[22:46:11.213] START to_move 1
[22:46:11.312] STOP to_move 1 nodes_visited 1609
[22:46:11.312] START to_move 2
[22:46:11.338] STOP to_move 2 nodes_visited 464
[22:46:11.339] START to_move 1
[22:46:11.440] STOP to_move 1 nodes_visited 1617
[22:46:11.441] START to_move 2
[22:46:11.467] STOP to_move 2 nodes_visited 464
[22:46:11.468] START to_move 1
[22:46:11.671] STOP to_move 1 nodes_visited 3319
[22:46:11.673] START to_move 2
[22:46:11.700] STOP to_move 2 nodes_visited 457
[22:46:11.701] START to_move 1
[22:46:11.789] STOP to_move 1 nodes_visited 1466
[22:46:11.790] START to_move 2
[22:46:11.817] STOP to_move 2 nodes_visited 468
[22:46:11.817] START to_move 1
[22:46:11.894] STOP to_move 1 nodes_visited 1284
[22:46:11.894] START to_move 2
[22:46:11.944] STOP to_move 2 nodes_visited 864
[22:46:11.944] START to_move 1
[22:46:12.015] STOP to_move 1 nodes_visited 1157
[22:46:12.015] START to_move 2
[22:46:12.042] STOP to_move 2 nodes_visited 475
[22:46:12.043] START to_move 1
[22:46:12.109] STOP to_move 1 nodes_visited 1116
[22:46:12.110] START to_move 2
[22:46:12.133] STOP to_move 2 nodes_visited 407
[22:46:12.133] START to_move 1
[22:46:12.192] STOP to_move 1 nodes_visited 998
[22:46:12.193] START to_move 2
[22:46:12.216] STOP to_move 2 nodes_visited 416
[22:46:12.217] START to_move 1
[22:46:12.255] STOP to_move 1 nodes_visited 625
[22:46:12.255] START to_move 2
[22:46:12.290] STOP to_move 2 nodes_visited 615
[22:46:12.291] START to_move 1
[22:46:12.318] STOP to_move 1 nodes_visited 461
[22:46:12.318] START to_move 2
[22:46:12.344] STOP to_move 2 nodes_visited 459
[22:46:12.344] START to_move 1
[22:46:12.380] STOP to_move 1 nodes_visited 606
[22:46:12.381] START to_move 2
[22:46:12.407] STOP to_move 2 nodes_visited 466
[22:46:12.407] START to_move 1
[22:46:12.443] STOP to_move 1 nodes_visited 606
[22:46:12.443] START to_move 2
[22:46:12.470] STOP to_move 2 nodes_visited 466
[22:46:12.470] START to_move 1
[22:46:12.500] STOP to_move 1 nodes_visited 518
[22:46:12.501] START to_move 2
[22:46:12.531] STOP to_move 2 nodes_visited 501
[22:46:12.531] START to_move 1
[22:46:12.564] STOP to_move 1 nodes_visited 560
[22:46:12.564] START to_move 2
[22:46:12.592] STOP to_move 2 nodes_visited 501
[22:46:12.593] START to_move 1
[22:46:12.625] STOP to_move 1 nodes_visited 561
[22:46:12.626] START to_move 2
[22:46:12.654] STOP to_move 2 nodes_visited 503
[22:46:12.655] START to_move 1
[22:46:12.687] STOP to_move 1 nodes_visited 552
[22:46:12.688] START to_move 2
[22:46:12.716] STOP to_move 2 nodes_visited 500
[22:46:12.716] START to_move 1
[22:46:12.756] STOP to_move 1 nodes_visited 660
[22:46:12.756] START to_move 2
[22:46:12.810] STOP to_move 2 nodes_visited 923
[22:46:12.810] START to_move 1
[22:46:12.837] STOP to_move 1 nodes_visited 452
[22:46:12.837] START to_move 2
[22:46:12.863] STOP to_move 2 nodes_visited 461
[22:46:12.863] START to_move 1
[22:46:12.902] STOP to_move 1 nodes_visited 648
[22:46:12.902] START to_move 2
[22:46:12.983] STOP to_move 2 nodes_visited 1402
[22:46:12.984] START to_move 1
[22:46:13.033] STOP to_move 1 nodes_visited 799
[22:46:13.034] START to_move 2
[22:46:13.136] STOP to_move 2 nodes_visited 1739
[22:46:13.137] START to_move 1
[22:46:13.171] STOP to_move 1 nodes_visited 586
[22:46:13.172] START to_move 2
[22:46:13.197] STOP to_move 2 nodes_visited 449
[22:46:13.197] START to_move 1
[22:46:13.265] STOP to_move 1 nodes_visited 1122
[22:46:13.266] START to_move 2
[22:46:13.291] STOP to_move 2 nodes_visited 444
[22:46:13.291] START to_move 1
[22:46:13.354] STOP to_move 1 nodes_visited 1025
[22:46:13.354] START to_move 2
[22:46:13.380] STOP to_move 2 nodes_visited 445
[22:46:13.380] START to_move 1
[22:46:13.445] STOP to_move 1 nodes_visited 1090
[22:46:13.446] START to_move 2
[22:46:13.472] STOP to_move 2 nodes_visited 448
[22:46:13.472] START to_move 1
[22:46:13.510] STOP to_move 1 nodes_visited 646
[22:46:13.511] START to_move 2
[22:46:13.536] STOP to_move 2 nodes_visited 446
[22:46:13.536] START to_move 1
[22:46:13.567] STOP to_move 1 nodes_visited 518
[22:46:13.567] START to_move 2
[22:46:13.592] STOP to_move 2 nodes_visited 448
[22:46:13.593] START to_move 1
[22:46:13.625] STOP to_move 1 nodes_visited 524
[22:46:13.625] START to_move 2
[22:46:13.666] STOP to_move 2 nodes_visited 716
[22:46:13.666] START to_move 1
[22:46:13.699] STOP to_move 1 nodes_visited 552
[22:46:13.699] START to_move 2
[22:46:13.724] STOP to_move 2 nodes_visited 442
[22:46:13.725] START to_move 1
[22:46:13.754] STOP to_move 1 nodes_visited 505
[22:46:13.754] START to_move 2
[22:46:13.779] STOP to_move 2 nodes_visited 439
[22:46:13.780] START to_move 1
[22:46:13.806] STOP to_move 1 nodes_visited 449
[22:46:13.807] START to_move 2
[22:46:13.831] STOP to_move 2 nodes_visited 439
[22:46:13.832] START to_move 1
[22:46:13.867] STOP to_move 1 nodes_visited 599
[22:46:13.868] START to_move 2
[22:46:13.893] STOP to_move 2 nodes_visited 424
[22:46:13.893] START to_move 1
[22:46:13.929] STOP to_move 1 nodes_visited 599
[22:46:13.929] START to_move 2
[22:46:13.953] STOP to_move 2 nodes_visited 424
[22:46:13.953] START to_move 1
[22:46:13.989] STOP to_move 1 nodes_visited 602
[22:46:13.989] START to_move 2
[22:46:14.082] STOP to_move 2 nodes_visited 1607
[22:46:14.083] START to_move 1
[22:46:14.120] STOP to_move 1 nodes_visited 625
[22:46:14.120] START to_move 2
[22:46:14.141] STOP to_move 2 nodes_visited 374
[22:46:14.141] START to_move 1
[22:46:14.172] STOP to_move 1 nodes_visited 488
[22:46:14.172] START to_move 2
[22:46:14.191] STOP to_move 2 nodes_visited 351
[22:46:14.192] START to_move 1
[22:46:14.221] STOP to_move 1 nodes_visited 494
[22:46:14.221] START to_move 2
[22:46:14.236] STOP to_move 2 nodes_visited 276
[22:46:14.237] START to_move 1
[22:46:14.262] STOP to_move 1 nodes_visited 440
[22:46:14.263] START to_move 2
[22:46:14.278] STOP to_move 2 nodes_visited 276
[22:46:14.278] START to_move 1
[22:46:14.314] STOP to_move 1 nodes_visited 604
[22:46:14.314] START to_move 2
[22:46:14.334] STOP to_move 2 nodes_visited 362
[22:46:14.334] START to_move 1
[22:46:14.405] STOP to_move 1 nodes_visited 1173
[22:46:14.405] START to_move 2
[22:46:14.427] STOP to_move 2 nodes_visited 365
[22:46:14.427] START to_move 1
[22:46:14.506] STOP to_move 1 nodes_visited 1311
[22:46:14.507] START to_move 2
[22:46:14.528] STOP to_move 2 nodes_visited 375
[22:46:14.528] START to_move 1
[22:46:14.564] STOP to_move 1 nodes_visited 601
[22:46:14.564] START to_move 2
[22:46:14.588] STOP to_move 2 nodes_visited 434
[22:46:14.588] START to_move 1
[22:46:14.660] STOP to_move 1 nodes_visited 1188
[22:46:14.660] START to_move 2
[22:46:14.685] STOP to_move 2 nodes_visited 434
[22:46:14.685] START to_move 1
[22:46:14.758] STOP to_move 1 nodes_visited 1193
[22:46:14.758] START to_move 2
[22:46:14.784] STOP to_move 2 nodes_visited 451
[22:46:14.784] START to_move 1
[22:46:14.857] STOP to_move 1 nodes_visited 1204
[22:46:14.858] START to_move 2
[22:46:14.881] STOP to_move 2 nodes_visited 418
[22:46:14.881] START to_move 1
[22:46:14.944] STOP to_move 1 nodes_visited 1037
[22:46:14.944] START to_move 2
[22:46:14.969] STOP to_move 2 nodes_visited 405
[22:46:14.969] START to_move 1
[22:46:14.996] STOP to_move 1 nodes_visited 457
[22:46:14.996] START to_move 2
[22:46:15.019] STOP to_move 2 nodes_visited 397
[22:46:15.020] START to_move 1
[22:46:15.047] STOP to_move 1 nodes_visited 458
[22:46:15.047] START to_move 2
[22:46:15.069] STOP to_move 2 nodes_visited 394
[22:46:15.070] START to_move 1
[22:46:15.098] STOP to_move 1 nodes_visited 465
[22:46:15.099] START to_move 2
[22:46:15.110] STOP to_move 2 nodes_visited 210
[22:46:15.110] START to_move 1
[22:46:15.131] STOP to_move 1 nodes_visited 344
[22:46:15.131] START to_move 2
[22:46:15.143] STOP to_move 2 nodes_visited 215
[22:46:15.143] START to_move 1
[22:46:15.165] STOP to_move 1 nodes_visited 374
[22:46:15.165] START to_move 2
[22:46:15.177] STOP to_move 2 nodes_visited 203
[22:46:15.177] START to_move 1
[22:46:15.197] STOP to_move 1 nodes_visited 337
[22:46:15.197] START to_move 2
[22:46:15.208] STOP to_move 2 nodes_visited 200
[22:46:15.208] START to_move 1
[22:46:15.227] STOP to_move 1 nodes_visited 319
[22:46:15.228] START to_move 2
[22:46:15.239] STOP to_move 2 nodes_visited 205
[22:46:15.239] START to_move 1
[22:46:15.257] STOP to_move 1 nodes_visited 301
[22:46:15.257] START to_move 2
[22:46:15.270] STOP to_move 2 nodes_visited 207
[22:46:15.270] START to_move 1
[22:46:15.288] STOP to_move 1 nodes_visited 296
[22:46:15.288] START to_move 2
[22:46:15.299] STOP to_move 2 nodes_visited 207
[22:46:15.300] START to_move 1
[22:46:15.316] STOP to_move 1 nodes_visited 268
[22:46:15.316] START to_move 2
[22:46:15.327] STOP to_move 2 nodes_visited 209
[22:46:15.327] START to_move 1
[22:46:15.344] STOP to_move 1 nodes_visited 277
[22:46:15.344] START to_move 2
[22:46:15.356] STOP to_move 2 nodes_visited 213
[22:46:15.356] START to_move 1
[22:46:15.374] STOP to_move 1 nodes_visited 299
[22:46:15.374] START to_move 2
[22:46:15.385] STOP to_move 2 nodes_visited 212
[22:46:15.386] START to_move 1
[22:46:15.417] STOP to_move 1 nodes_visited 528
[22:46:15.417] START to_move 2
[22:46:15.429] STOP to_move 2 nodes_visited 208
[22:46:15.429] START to_move 1
[22:46:15.466] STOP to_move 1 nodes_visited 616
[22:46:15.466] START to_move 2
[22:46:15.475] STOP to_move 2 nodes_visited 176
[22:46:15.476] START to_move 1
[22:46:15.499] STOP to_move 1 nodes_visited 387
[22:46:15.499] START to_move 2
[22:46:15.508] STOP to_move 2 nodes_visited 176
[22:46:15.509] START to_move 1
[22:46:15.532] STOP to_move 1 nodes_visited 384
[22:46:15.532] START to_move 2
[22:46:15.541] STOP to_move 2 nodes_visited 174
[22:46:15.541] START to_move 1
[22:46:15.566] STOP to_move 1 nodes_visited 378
[22:46:15.566] START to_move 2
[22:46:15.575] STOP to_move 2 nodes_visited 169
[22:46:15.576] START to_move 1
[22:46:15.598] STOP to_move 1 nodes_visited 372
[22:46:15.598] START to_move 2
[22:46:15.607] STOP to_move 2 nodes_visited 167
[22:46:15.607] START to_move 1
[22:46:15.630] STOP to_move 1 nodes_visited 372
[22:46:15.630] START to_move 2
[22:46:15.655] STOP to_move 2 nodes_visited 426
[22:46:15.655] START to_move 1
[22:46:15.667] STOP to_move 1 nodes_visited 195
[22:46:15.667] START to_move 2
[22:46:15.691] STOP to_move 2 nodes_visited 419
[22:46:15.691] START to_move 1
[22:46:15.703] STOP to_move 1 nodes_visited 195
[22:46:15.703] START to_move 2
[22:46:15.728] STOP to_move 2 nodes_visited 419
[22:46:15.728] START to_move 1
[22:46:15.740] STOP to_move 1 nodes_visited 197
[22:46:15.740] START to_move 2
[22:46:15.765] STOP to_move 2 nodes_visited 433
[22:46:15.766] START to_move 1
[22:46:15.777] STOP to_move 1 nodes_visited 191
[22:46:15.777] START to_move 2
[22:46:15.802] STOP to_move 2 nodes_visited 433
[22:46:15.802] START to_move 1
[22:46:15.813] STOP to_move 1 nodes_visited 191
[22:46:15.814] START to_move 2
[22:46:15.839] STOP to_move 2 nodes_visited 447
[22:46:15.840] START to_move 1
[22:46:15.854] STOP to_move 1 nodes_visited 240
[22:46:15.854] START to_move 2
[22:46:15.882] STOP to_move 2 nodes_visited 454
[22:46:15.882] START to_move 1
[22:46:15.897] STOP to_move 1 nodes_visited 245
[22:46:15.897] START to_move 2
[22:46:15.905] STOP to_move 2 nodes_visited 143
[22:46:15.905] START to_move 1
[22:46:15.915] STOP to_move 1 nodes_visited 159
[22:46:15.915] START to_move 2
[22:46:15.927] STOP to_move 2 nodes_visited 226
[22:46:15.927] START to_move 1
[22:46:15.948] STOP to_move 1 nodes_visited 339
[22:46:15.948] START to_move 2
[22:46:15.960] STOP to_move 2 nodes_visited 223
[22:46:15.960] START to_move 1
[22:46:15.972] STOP to_move 1 nodes_visited 205
[22:46:15.973] START to_move 2
[22:46:15.982] STOP to_move 2 nodes_visited 171
[22:46:15.982] START to_move 1
[22:46:15.993] STOP to_move 1 nodes_visited 178
[22:46:15.993] START to_move 2
[22:46:16.002] STOP to_move 2 nodes_visited 172
[22:46:16.003] START to_move 1
[22:46:16.013] STOP to_move 1 nodes_visited 178
[22:46:16.013] START to_move 2
[22:46:16.023] STOP to_move 2 nodes_visited 172
[22:46:16.023] START to_move 1
[22:46:16.035] STOP to_move 1 nodes_visited 195
[22:46:16.035] START to_move 2
[22:46:16.044] STOP to_move 2 nodes_visited 173
[22:46:16.045] START to_move 1
[22:46:16.056] STOP to_move 1 nodes_visited 185
[22:46:16.056] START to_move 2
[22:46:16.066] STOP to_move 2 nodes_visited 175
[22:46:16.066] START to_move 1
[22:46:16.076] STOP to_move 1 nodes_visited 177
[22:46:16.076] START to_move 2
[22:46:16.086] STOP to_move 2 nodes_visited 168
[22:46:16.086] START to_move 1
[22:46:16.096] STOP to_move 1 nodes_visited 174
[22:46:16.096] START to_move 2
[22:46:16.105] STOP to_move 2 nodes_visited 169
[22:46:16.106] START to_move 1
[22:46:16.115] STOP to_move 1 nodes_visited 166
[22:46:16.116] START to_move 2
[22:46:16.124] STOP to_move 2 nodes_visited 162
[22:46:16.125] START to_move 1
[22:46:16.134] STOP to_move 1 nodes_visited 164
[22:46:16.134] START to_move 2
[22:46:16.142] STOP to_move 2 nodes_visited 136
[22:46:16.142] START to_move 1
[22:46:16.150] STOP to_move 1 nodes_visited 141
[22:46:16.150] START to_move 2
[22:46:16.158] STOP to_move 2 nodes_visited 126
[22:46:16.158] START to_move 1
[22:46:16.162] STOP to_move 1 nodes_visited 68
[22:46:16.162] START to_move 2
[22:46:16.169] STOP to_move 2 nodes_visited 133
[22:46:16.170] START to_move 1
[22:46:16.178] STOP to_move 1 nodes_visited 139
[22:46:16.178] START to_move 2
[22:46:16.186] STOP to_move 2 nodes_visited 124
[22:46:16.186] START to_move 1
[22:46:16.190] STOP to_move 1 nodes_visited 68
[22:46:16.190] START to_move 2
[22:46:16.198] STOP to_move 2 nodes_visited 133
[22:46:16.198] START to_move 1
[22:46:16.206] STOP to_move 1 nodes_visited 139
[22:46:16.206] START to_move 2
[22:46:16.214] STOP to_move 2 nodes_visited 126
[22:46:16.214] START to_move 1
[22:46:16.218] STOP to_move 1 nodes_visited 69
[22:46:16.218] START to_move 2
[22:46:16.226] STOP to_move 2 nodes_visited 129
[22:46:16.226] START to_move 1
[22:46:16.234] STOP to_move 1 nodes_visited 141
[22:46:16.234] START to_move 2
[22:46:16.242] STOP to_move 2 nodes_visited 120
[22:46:16.242] START to_move 1
[22:46:16.246] STOP to_move 1 nodes_visited 69
[22:46:16.246] START to_move 2
[22:46:16.253] STOP to_move 2 nodes_visited 129
[22:46:16.253] START to_move 1
[22:46:16.262] STOP to_move 1 nodes_visited 141
[22:46:16.262] START to_move 2
[22:46:16.269] STOP to_move 2 nodes_visited 120
[22:46:16.269] START to_move 1
[22:46:16.273] STOP to_move 1 nodes_visited 69
[22:46:16.273] START to_move 2
[22:46:16.281] STOP to_move 2 nodes_visited 129
[22:46:16.281] START to_move 1
[22:46:16.290] STOP to_move 1 nodes_visited 141
[22:46:16.290] START to_move 2
[22:46:16.297] STOP to_move 2 nodes_visited 120
[22:46:16.297] START to_move 1
[22:46:16.301] STOP to_move 1 nodes_visited 72
[22:46:16.301] START to_move 2
[22:46:16.309] STOP to_move 2 nodes_visited 127
[22:46:16.309] START to_move 1
[22:46:16.320] STOP to_move 1 nodes_visited 173
[22:46:16.320] START to_move 2
[22:46:16.326] STOP to_move 2 nodes_visited 114
[22:46:16.326] START to_move 1
[22:46:16.330] STOP to_move 1 nodes_visited 65
[22:46:16.330] START to_move 2
[22:46:16.337] STOP to_move 2 nodes_visited 121
[22:46:16.338] START to_move 1
[22:46:16.347] STOP to_move 1 nodes_visited 162
[22:46:16.347] START to_move 2
[22:46:16.354] STOP to_move 2 nodes_visited 112
[22:46:16.354] START to_move 1
[22:46:16.358] STOP to_move 1 nodes_visited 64
[22:46:16.358] START to_move 2
[22:46:16.365] STOP to_move 2 nodes_visited 121
[22:46:16.365] START to_move 1
[22:46:16.373] STOP to_move 1 nodes_visited 131
[22:46:16.373] START to_move 2
[22:46:16.380] STOP to_move 2 nodes_visited 110
[22:46:16.380] START to_move 1
[22:46:16.384] STOP to_move 1 nodes_visited 64
[22:46:16.384] START to_move 2
[22:46:16.391] STOP to_move 2 nodes_visited 119
[22:46:16.391] START to_move 1
[22:46:16.399] STOP to_move 1 nodes_visited 131
[22:46:16.399] START to_move 2
[22:46:16.405] STOP to_move 2 nodes_visited 110
[22:46:16.406] START to_move 1
[22:46:16.409] STOP to_move 1 nodes_visited 64
[22:46:16.409] START to_move 2
[22:46:16.417] STOP to_move 2 nodes_visited 119
[22:46:16.417] START to_move 1
[22:46:16.425] STOP to_move 1 nodes_visited 131
[22:46:16.425] START to_move 2
[22:46:16.431] STOP to_move 2 nodes_visited 110
[22:46:16.431] START to_move 1
[22:46:16.435] STOP to_move 1 nodes_visited 64
[22:46:16.435] START to_move 2
[22:46:16.442] STOP to_move 2 nodes_visited 119
[22:46:16.442] START to_move 1
[22:46:16.450] STOP to_move 1 nodes_visited 131
[22:46:16.450] START to_move 2
[22:46:16.457] STOP to_move 2 nodes_visited 108
[22:46:16.457] START to_move 1
[22:46:16.461] STOP to_move 1 nodes_visited 64
[22:46:16.461] START to_move 2
[22:46:16.468] STOP to_move 2 nodes_visited 119
[22:46:16.468] START to_move 1
[22:46:16.476] STOP to_move 1 nodes_visited 131
[22:46:16.476] START to_move 2
[22:46:16.483] STOP to_move 2 nodes_visited 110
[22:46:16.483] START to_move 1
[22:46:16.487] STOP to_move 1 nodes_visited 64
[22:46:16.487] START to_move 2
[22:46:16.494] STOP to_move 2 nodes_visited 119
[22:46:16.494] START to_move 1
[22:46:16.502] STOP to_move 1 nodes_visited 131
[22:46:16.502] START to_move 2
[22:46:16.509] STOP to_move 2 nodes_visited 110
[22:46:16.510] START to_move 1
[22:46:16.514] STOP to_move 1 nodes_visited 64
[22:46:16.514] START to_move 2
[22:46:16.521] STOP to_move 2 nodes_visited 119
[22:46:16.521] START to_move 1
[22:46:16.529] STOP to_move 1 nodes_visited 131
[22:46:16.529] START to_move 2
[22:46:16.535] STOP to_move 2 nodes_visited 108
[22:46:16.535] START to_move 1
[22:46:16.539] STOP to_move 1 nodes_visited 64
[22:46:16.539] START to_move 2
[22:46:16.546] STOP to_move 2 nodes_visited 117
[22:46:16.547] START to_move 1
[22:46:16.556] STOP to_move 1 nodes_visited 143
[22:46:16.556] START to_move 2
[22:46:16.562] STOP to_move 2 nodes_visited 103
[22:46:16.562] START to_move 1
[22:46:16.566] STOP to_move 1 nodes_visited 64
[22:46:16.566] START to_move 2
[22:46:16.573] STOP to_move 2 nodes_visited 107
[22:46:16.573] START to_move 1
[22:46:16.584] STOP to_move 1 nodes_visited 165
[22:46:16.584] START to_move 2
[22:46:16.590] STOP to_move 2 nodes_visited 102
[22:46:16.590] START to_move 1
[22:46:16.594] STOP to_move 1 nodes_visited 67
[22:46:16.594] START to_move 2
[22:46:16.601] STOP to_move 2 nodes_visited 105
[22:46:16.601] START to_move 1
[22:46:16.611] STOP to_move 1 nodes_visited 157
[22:46:16.611] START to_move 2
[22:46:16.617] STOP to_move 2 nodes_visited 101
[22:46:16.617] START to_move 1
[22:46:16.621] STOP to_move 1 nodes_visited 60
[22:46:16.621] START to_move 2
[22:46:16.628] STOP to_move 2 nodes_visited 109
[22:46:16.628] START to_move 1
[22:46:16.637] STOP to_move 1 nodes_visited 144
[22:46:16.637] START to_move 2
[22:46:16.642] STOP to_move 2 nodes_visited 96
[22:46:16.643] START to_move 1
[22:46:16.646] STOP to_move 1 nodes_visited 58
[22:46:16.646] START to_move 2
[22:46:16.652] STOP to_move 2 nodes_visited 103
[22:46:16.652] START to_move 1
[22:46:16.661] STOP to_move 1 nodes_visited 142
[22:46:16.661] START to_move 2
[22:46:16.667] STOP to_move 2 nodes_visited 92
[22:46:16.667] START to_move 1
[22:46:16.670] STOP to_move 1 nodes_visited 51
[22:46:16.670] START to_move 2
[22:46:16.675] STOP to_move 2 nodes_visited 95
[22:46:16.676] START to_move 1
[22:46:16.683] STOP to_move 1 nodes_visited 122
[22:46:16.683] START to_move 2
[22:46:16.688] STOP to_move 2 nodes_visited 86
[22:46:16.688] START to_move 1
[22:46:16.691] STOP to_move 1 nodes_visited 48
[22:46:16.691] START to_move 2
[22:46:16.696] STOP to_move 2 nodes_visited 89
[22:46:16.696] START to_move 1
[22:46:16.702] STOP to_move 1 nodes_visited 97
[22:46:16.702] START to_move 2
[22:46:16.707] STOP to_move 2 nodes_visited 78
[22:46:16.707] START to_move 1
[22:46:16.710] STOP to_move 1 nodes_visited 48
[22:46:16.710] START to_move 2
[22:46:16.715] STOP to_move 2 nodes_visited 83
[22:46:16.716] START to_move 1
[22:46:16.721] STOP to_move 1 nodes_visited 93
[22:46:16.721] START to_move 2
[22:46:16.726] STOP to_move 2 nodes_visited 69
[22:46:16.726] START to_move 1
[22:46:16.728] STOP to_move 1 nodes_visited 46
[22:46:16.729] START to_move 2
[22:46:16.733] STOP to_move 2 nodes_visited 73
[22:46:16.733] START to_move 1
[22:46:16.740] STOP to_move 1 nodes_visited 117
[22:46:16.740] START to_move 2
[22:46:16.744] STOP to_move 2 nodes_visited 67
[22:46:16.744] START to_move 1
[22:46:16.747] STOP to_move 1 nodes_visited 44
[22:46:16.747] START to_move 2
[22:46:16.752] STOP to_move 2 nodes_visited 71
[22:46:16.752] START to_move 1
[22:46:16.761] STOP to_move 1 nodes_visited 138
[22:46:16.761] START to_move 2
[22:46:16.765] STOP to_move 2 nodes_visited 70
[22:46:16.765] START to_move 1
[22:46:16.768] STOP to_move 1 nodes_visited 40
[22:46:16.768] START to_move 2
[22:46:16.772] STOP to_move 2 nodes_visited 65
[22:46:16.772] START to_move 1
[22:46:16.778] STOP to_move 1 nodes_visited 105
[22:46:16.778] START to_move 2
[22:46:16.782] STOP to_move 2 nodes_visited 57
[22:46:16.782] START to_move 1
[22:46:16.784] STOP to_move 1 nodes_visited 34
[22:46:16.784] START to_move 2
[22:46:16.787] STOP to_move 2 nodes_visited 57
[22:46:16.787] START to_move 1
[22:46:16.792] STOP to_move 1 nodes_visited 81
[22:46:16.793] START to_move 2
[22:46:16.796] STOP to_move 2 nodes_visited 53
[22:46:16.796] START to_move 1
[22:46:16.798] STOP to_move 1 nodes_visited 36
[22:46:16.798] START to_move 2
[22:46:16.801] STOP to_move 2 nodes_visited 57
[22:46:16.802] START to_move 1
[22:46:16.806] STOP to_move 1 nodes_visited 75
[22:46:16.806] START to_move 2
[22:46:16.810] STOP to_move 2 nodes_visited 50
[22:46:16.810] START to_move 1
[22:46:16.812] STOP to_move 1 nodes_visited 32
[22:46:16.812] START to_move 2
[22:46:16.815] STOP to_move 2 nodes_visited 51
[22:46:16.815] START to_move 1
[22:46:16.819] STOP to_move 1 nodes_visited 64
[22:46:16.819] START to_move 2
[22:46:16.822] STOP to_move 2 nodes_visited 45
[22:46:16.822] START to_move 1
[22:46:16.823] STOP to_move 1 nodes_visited 24
[22:46:16.823] START to_move 2
[22:46:16.826] STOP to_move 2 nodes_visited 47
[22:46:16.826] START to_move 1
[22:46:16.829] STOP to_move 1 nodes_visited 49
[22:46:16.829] START to_move 2
[22:46:16.832] STOP to_move 2 nodes_visited 43
[22:46:16.832] START to_move 1
[22:46:16.833] STOP to_move 1 nodes_visited 24
[22:46:16.833] START to_move 2
[22:46:16.836] STOP to_move 2 nodes_visited 53
[22:46:16.836] START to_move 1
[22:46:16.839] STOP to_move 1 nodes_visited 41
[22:46:16.839] START to_move 2
[22:46:16.841] STOP to_move 2 nodes_visited 33
[22:46:16.841] START to_move 1
[22:46:16.842] STOP to_move 1 nodes_visited 21
[22:46:16.842] START to_move 2
[22:46:16.844] STOP to_move 2 nodes_visited 37
[22:46:16.844] START to_move 1
[22:46:16.847] STOP to_move 1 nodes_visited 40
[22:46:16.847] START to_move 2
[22:46:16.848] STOP to_move 2 nodes_visited 29
[22:46:16.849] START to_move 1
[22:46:16.850] STOP to_move 1 nodes_visited 19
[22:46:16.850] START to_move 2
[22:46:16.852] STOP to_move 2 nodes_visited 37
[22:46:16.852] START to_move 1
[22:46:16.854] STOP to_move 1 nodes_visited 37
[22:46:16.854] START to_move 2
[22:46:16.856] STOP to_move 2 nodes_visited 29
[22:46:16.856] START to_move 1
[22:46:16.857] STOP to_move 1 nodes_visited 18
[22:46:16.857] START to_move 2
[22:46:16.859] STOP to_move 2 nodes_visited 35
[22:46:16.859] START to_move 1
[22:46:16.862] STOP to_move 1 nodes_visited 35
[22:46:16.862] START to_move 2
[22:46:16.863] STOP to_move 2 nodes_visited 27
[22:46:16.863] START to_move 1
[22:46:16.864] STOP to_move 1 nodes_visited 19
[22:46:16.864] START to_move 2
[22:46:16.867] STOP to_move 2 nodes_visited 35
[22:46:16.867] START to_move 1
[22:46:16.869] STOP to_move 1 nodes_visited 41
[22:46:16.869] START to_move 2
[22:46:16.871] STOP to_move 2 nodes_visited 29
[22:46:16.871] START to_move 1
[22:46:16.872] STOP to_move 1 nodes_visited 19
[22:46:16.872] START to_move 2
[22:46:16.874] STOP to_move 2 nodes_visited 35
[22:46:16.874] START to_move 1
[22:46:16.877] STOP to_move 1 nodes_visited 40
[22:46:16.877] START to_move 2
[22:46:16.878] STOP to_move 2 nodes_visited 29
[22:46:16.878] START to_move 1
[22:46:16.880] STOP to_move 1 nodes_visited 18
[22:46:16.880] START to_move 2
[22:46:16.882] STOP to_move 2 nodes_visited 35
[22:46:16.882] START to_move 1
[22:46:16.884] STOP to_move 1 nodes_visited 35
[22:46:16.884] START to_move 2
[22:46:16.885] STOP to_move 2 nodes_visited 27
[22:46:16.885] START to_move 1
[22:46:16.886] STOP to_move 1 nodes_visited 17
[22:46:16.886] START to_move 2
[22:46:16.888] STOP to_move 2 nodes_visited 33
[22:46:16.889] START to_move 1
[22:46:16.891] STOP to_move 1 nodes_visited 36
[22:46:16.891] START to_move 2
[22:46:16.892] STOP to_move 2 nodes_visited 27
[22:46:16.892] START to_move 1
[22:46:16.893] STOP to_move 1 nodes_visited 16
[22:46:16.893] START to_move 2
[22:46:16.895] STOP to_move 2 nodes_visited 33
[22:46:16.895] START to_move 1
[22:46:16.897] STOP to_move 1 nodes_visited 31
[22:46:16.897] START to_move 2
[22:46:16.899] STOP to_move 2 nodes_visited 24
[22:46:16.899] START to_move 1
[22:46:16.900] STOP to_move 1 nodes_visited 18
[22:46:16.900] START to_move 2
[22:46:16.902] STOP to_move 2 nodes_visited 37
[22:46:16.902] START to_move 1
[22:46:16.904] STOP to_move 1 nodes_visited 33
[22:46:16.904] START to_move 2
[22:46:16.906] STOP to_move 2 nodes_visited 25
[22:46:16.906] START to_move 1
[22:46:16.907] STOP to_move 1 nodes_visited 16
[22:46:16.907] START to_move 2
[22:46:16.908] STOP to_move 2 nodes_visited 31
[22:46:16.909] START to_move 1
[22:46:16.910] STOP to_move 1 nodes_visited 33
[22:46:16.911] START to_move 2
[22:46:16.913] STOP to_move 2 nodes_visited 25
[22:46:16.913] START to_move 1
[22:46:16.913] STOP to_move 1 nodes_visited 11
[22:46:16.913] START to_move 2
[22:46:16.915] STOP to_move 2 nodes_visited 21
[22:46:16.915] START to_move 1
[22:46:16.917] STOP to_move 1 nodes_visited 34
[22:46:16.917] START to_move 2
[22:46:16.918] STOP to_move 2 nodes_visited 23
[22:46:16.918] START to_move 1
[22:46:16.919] STOP to_move 1 nodes_visited 12
[22:46:16.919] START to_move 2
[22:46:16.920] STOP to_move 2 nodes_visited 25
[22:46:16.921] START to_move 1
[22:46:16.922] STOP to_move 1 nodes_visited 23
[22:46:16.922] START to_move 2
[22:46:16.923] STOP to_move 2 nodes_visited 17
[22:46:16.923] START to_move 1
[22:46:16.924] STOP to_move 1 nodes_visited 14
[22:46:16.924] START to_move 2
[22:46:16.927] STOP to_move 2 nodes_visited 33
[22:46:16.927] START to_move 1
[22:46:16.928] STOP to_move 1 nodes_visited 25
[22:46:16.928] START to_move 2
[22:46:16.930] STOP to_move 2 nodes_visited 18
[22:46:16.930] START to_move 1
[22:46:16.930] STOP to_move 1 nodes_visited 12
[22:46:16.930] START to_move 2
[22:46:16.932] STOP to_move 2 nodes_visited 27
[22:46:16.932] START to_move 1
[22:46:16.933] STOP to_move 1 nodes_visited 23
[22:46:16.934] START to_move 2
[22:46:16.934] STOP to_move 2 nodes_visited 15
[22:46:16.934] START to_move 1
[22:46:16.935] STOP to_move 1 nodes_visited 13
[22:46:16.935] START to_move 2
[22:46:16.937] STOP to_move 2 nodes_visited 29
[22:46:16.937] START to_move 1
[22:46:16.939] STOP to_move 1 nodes_visited 23
[22:46:16.939] START to_move 2
[22:46:16.940] STOP to_move 2 nodes_visited 13
[22:46:16.940] START to_move 1
[22:46:16.940] STOP to_move 1 nodes_visited 10
[22:46:16.940] START to_move 2
[22:46:16.941] STOP to_move 2 nodes_visited 19
[22:46:16.941] START to_move 1
[22:46:16.943] STOP to_move 1 nodes_visited 25
[22:46:16.943] START to_move 2
[22:46:16.944] STOP to_move 2 nodes_visited 20
[22:46:16.944] START to_move 1
[22:46:16.945] STOP to_move 1 nodes_visited 9
[22:46:16.945] START to_move 2
[22:46:16.946] STOP to_move 2 nodes_visited 19
[22:46:16.946] START to_move 1
[22:46:16.947] STOP to_move 1 nodes_visited 21
[22:46:16.947] START to_move 2
[22:46:16.948] STOP to_move 2 nodes_visited 15
[22:46:16.948] START to_move 1
[22:46:16.949] STOP to_move 1 nodes_visited 10
[22:46:16.949] START to_move 2
[22:46:16.950] STOP to_move 2 nodes_visited 21
[22:46:16.950] START to_move 1
[22:46:16.951] STOP to_move 1 nodes_visited 13
[22:46:16.951] START to_move 2
[22:46:16.951] STOP to_move 2 nodes_visited 8
[22:46:16.951] START to_move 1
[22:46:16.952] STOP to_move 1 nodes_visited 6
[22:46:16.952] START to_move 2
[22:46:16.952] STOP to_move 2 nodes_visited 11
[22:46:16.953] START to_move 1
[22:46:16.953] STOP to_move 1 nodes_visited 15
[22:46:16.953] START to_move 2
[22:46:16.954] STOP to_move 2 nodes_visited 11
[22:46:16.954] START to_move 1
[22:46:16.954] STOP to_move 1 nodes_visited 4
[22:46:16.954] START to_move 2
[22:46:16.955] STOP to_move 2 nodes_visited 7
[22:46:16.955] START to_move 1
[22:46:16.956] STOP to_move 1 nodes_visited 15
[22:46:16.956] START to_move 2
[22:46:16.956] STOP to_move 2 nodes_visited 8
[22:46:16.957] START to_move 1
[22:46:16.957] STOP to_move 1 nodes_visited 5
[22:46:16.957] START to_move 2
[22:46:16.958] STOP to_move 2 nodes_visited 13
[22:46:16.958] START to_move 1
[22:46:16.959] STOP to_move 1 nodes_visited 17
[22:46:16.959] START to_move 2
[22:46:16.959] STOP to_move 2 nodes_visited 11
[22:46:16.959] START to_move 1
[22:46:16.960] STOP to_move 1 nodes_visited 8
[22:46:16.960] START to_move 2
[22:46:16.961] STOP to_move 2 nodes_visited 17
[22:46:16.961] START to_move 1
[22:46:16.962] STOP to_move 1 nodes_visited 17
[22:46:16.962] START to_move 2
[22:46:16.963] STOP to_move 2 nodes_visited 11
[22:46:16.963] START to_move 1
[22:46:16.964] STOP to_move 1 nodes_visited 8
[22:46:16.964] START to_move 2
[22:46:16.965] STOP to_move 2 nodes_visited 17
[22:46:16.979] END winner 0 - rounds 434
