[22:43:34.006] 1 - distance_function euclides - pruning True
[22:43:34.006] 2 - distance_function chebyshev - pruning True
[22:43:34.007] START to_move 1
[22:43:34.108] STOP to_move 1 nodes_visited 1648
[22:43:34.109] START to_move 2
[22:43:34.177] STOP to_move 2 nodes_visited 1077
[22:43:34.178] START to_move 1
[22:43:34.245] STOP to_move 1 nodes_visited 1039
[22:43:34.246] START to_move 2
[22:43:34.323] STOP to_move 2 nodes_visited 1203
[22:43:34.324] START to_move 1
[22:43:34.548] STOP to_move 1 nodes_visited 3581
[22:43:34.550] START to_move 2
[22:43:34.628] STOP to_move 2 nodes_visited 1242
[22:43:34.629] START to_move 1
[22:43:34.659] STOP to_move 1 nodes_visited 524
[22:43:34.660] START to_move 2
[22:43:34.735] STOP to_move 2 nodes_visited 1194
[22:43:34.736] START to_move 1
[22:43:34.927] STOP to_move 1 nodes_visited 3131
[22:43:34.929] START to_move 2
[22:43:35.225] STOP to_move 2 nodes_visited 4553
[22:43:35.228] START to_move 1
[22:43:35.316] STOP to_move 1 nodes_visited 1445
[22:43:35.317] START to_move 2
[22:43:35.387] STOP to_move 2 nodes_visited 1119
[22:43:35.388] START to_move 1
[22:43:35.538] STOP to_move 1 nodes_visited 2476
[22:43:35.539] START to_move 2
[22:43:35.599] STOP to_move 2 nodes_visited 927
[22:43:35.600] START to_move 1
[22:43:35.694] STOP to_move 1 nodes_visited 1563
[22:43:35.695] START to_move 2
[22:43:35.766] STOP to_move 2 nodes_visited 1139
[22:43:35.767] START to_move 1
[22:43:35.886] STOP to_move 1 nodes_visited 1929
[22:43:35.887] START to_move 2
[22:43:36.249] STOP to_move 2 nodes_visited 5609
[22:43:36.252] START to_move 1
[22:43:36.352] STOP to_move 1 nodes_visited 1672
[22:43:36.353] START to_move 2
[22:43:36.732] STOP to_move 2 nodes_visited 5850
[22:43:36.736] START to_move 1
[22:43:36.836] STOP to_move 1 nodes_visited 1655
[22:43:36.837] START to_move 2
[22:43:37.234] STOP to_move 2 nodes_visited 6116
[22:43:37.238] START to_move 1
[22:43:37.332] STOP to_move 1 nodes_visited 1555
[22:43:37.333] START to_move 2
[22:43:37.653] STOP to_move 2 nodes_visited 5050
[22:43:37.656] START to_move 1
[22:43:37.745] STOP to_move 1 nodes_visited 1438
[22:43:37.746] START to_move 2
[22:43:38.042] STOP to_move 2 nodes_visited 4491
[22:43:38.044] START to_move 1
[22:43:38.126] STOP to_move 1 nodes_visited 1353
[22:43:38.127] START to_move 2
[22:43:38.319] STOP to_move 2 nodes_visited 2982
[22:43:38.320] START to_move 1
[22:43:38.398] STOP to_move 1 nodes_visited 1297
[22:43:38.399] START to_move 2
[22:43:38.506] STOP to_move 2 nodes_visited 1731
[22:43:38.507] START to_move 1
[22:43:38.574] STOP to_move 1 nodes_visited 1094
[22:43:38.575] START to_move 2
[22:43:38.816] STOP to_move 2 nodes_visited 3792
[22:43:38.818] START to_move 1
[22:43:38.972] STOP to_move 1 nodes_visited 2508
[22:43:38.973] START to_move 2
[22:43:39.135] STOP to_move 2 nodes_visited 2560
[22:43:39.136] START to_move 1
[22:43:39.327] STOP to_move 1 nodes_visited 2960
[22:43:39.329] START to_move 2
[22:43:39.505] STOP to_move 2 nodes_visited 2827
[22:43:39.507] START to_move 1
[22:43:39.579] STOP to_move 1 nodes_visited 1207
[22:43:39.580] START to_move 2
[22:43:39.677] STOP to_move 2 nodes_visited 1543
[22:43:39.678] START to_move 1
[22:43:39.748] STOP to_move 1 nodes_visited 1181
[22:43:39.749] START to_move 2
[22:43:39.785] STOP to_move 2 nodes_visited 600
[22:43:39.786] START to_move 1
[22:43:39.856] STOP to_move 1 nodes_visited 1172
[22:43:39.856] START to_move 2
[22:43:40.015] STOP to_move 2 nodes_visited 2536
[22:43:40.017] START to_move 1
[22:43:40.092] STOP to_move 1 nodes_visited 1242
[22:43:40.093] START to_move 2
[22:43:40.280] STOP to_move 2 nodes_visited 2884
[22:43:40.281] START to_move 1
[22:43:40.345] STOP to_move 1 nodes_visited 1046
[22:43:40.345] START to_move 2
[22:43:40.510] STOP to_move 2 nodes_visited 2601
[22:43:40.511] START to_move 1
[22:43:40.630] STOP to_move 1 nodes_visited 1932
[22:43:40.631] START to_move 2
[22:43:40.797] STOP to_move 2 nodes_visited 2639
[22:43:40.799] START to_move 1
[22:43:40.922] STOP to_move 1 nodes_visited 1981
[22:43:40.923] START to_move 2
[22:43:41.089] STOP to_move 2 nodes_visited 2639
[22:43:41.090] START to_move 1
[22:43:41.215] STOP to_move 1 nodes_visited 1972
[22:43:41.217] START to_move 2
[22:43:41.381] STOP to_move 2 nodes_visited 2639
[22:43:41.382] START to_move 1
[22:43:41.500] STOP to_move 1 nodes_visited 1867
[22:43:41.501] START to_move 2
[22:43:41.662] STOP to_move 2 nodes_visited 2570
[22:43:41.663] START to_move 1
[22:43:41.765] STOP to_move 1 nodes_visited 1614
[22:43:41.765] START to_move 2
[22:43:41.944] STOP to_move 2 nodes_visited 2858
[22:43:41.945] START to_move 1
[22:43:42.042] STOP to_move 1 nodes_visited 1545
[22:43:42.043] START to_move 2
[22:43:42.186] STOP to_move 2 nodes_visited 2285
[22:43:42.187] START to_move 1
[22:43:42.242] STOP to_move 1 nodes_visited 913
[22:43:42.243] START to_move 2
[22:43:42.290] STOP to_move 2 nodes_visited 731
[22:43:42.291] START to_move 1
[22:43:42.359] STOP to_move 1 nodes_visited 1129
[22:43:42.360] START to_move 2
[22:43:42.389] STOP to_move 2 nodes_visited 458
[22:43:42.389] START to_move 1
[22:43:42.567] STOP to_move 1 nodes_visited 2830
[22:43:42.569] START to_move 2
[22:43:42.597] STOP to_move 2 nodes_visited 461
[22:43:42.597] START to_move 1
[22:43:42.851] STOP to_move 1 nodes_visited 3962
[22:43:42.854] START to_move 2
[22:43:42.883] STOP to_move 2 nodes_visited 464
[22:43:42.883] START to_move 1
[22:43:42.976] STOP to_move 1 nodes_visited 1549
[22:43:42.977] START to_move 2
[22:43:43.006] STOP to_move 2 nodes_visited 469
[22:43:43.006] START to_move 1
[22:43:43.121] STOP to_move 1 nodes_visited 1864
[22:43:43.122] START to_move 2
[22:43:43.151] STOP to_move 2 nodes_visited 473
[22:43:43.151] START to_move 1
[22:43:43.282] STOP to_move 1 nodes_visited 2171
[22:43:43.284] START to_move 2
[22:43:43.612] STOP to_move 2 nodes_visited 5107
[22:43:43.615] START to_move 1
[22:43:43.735] STOP to_move 1 nodes_visited 1955
[22:43:43.736] START to_move 2
[22:43:44.024] STOP to_move 2 nodes_visited 4469
[22:43:44.026] START to_move 1
[22:43:44.147] STOP to_move 1 nodes_visited 2008
[22:43:44.148] START to_move 2
[22:43:44.180] STOP to_move 2 nodes_visited 477
[22:43:44.180] START to_move 1
[22:43:44.294] STOP to_move 1 nodes_visited 1855
[22:43:44.295] START to_move 2
[22:43:44.323] STOP to_move 2 nodes_visited 470
[22:43:44.324] START to_move 1
[22:43:44.445] STOP to_move 1 nodes_visited 1906
[22:43:44.446] START to_move 2
[22:43:44.475] STOP to_move 2 nodes_visited 461
[22:43:44.475] START to_move 1
[22:43:44.718] STOP to_move 1 nodes_visited 3741
[22:43:44.720] START to_move 2
[22:43:44.748] STOP to_move 2 nodes_visited 461
[22:43:44.748] START to_move 1
[22:43:44.996] STOP to_move 1 nodes_visited 3779
[22:43:44.998] START to_move 2
[22:43:45.027] STOP to_move 2 nodes_visited 466
[22:43:45.027] START to_move 1
[22:43:45.262] STOP to_move 1 nodes_visited 3684
[22:43:45.264] START to_move 2
[22:43:45.293] STOP to_move 2 nodes_visited 466
[22:43:45.293] START to_move 1
[22:43:45.508] STOP to_move 1 nodes_visited 3484
[22:43:45.510] START to_move 2
[22:43:45.619] STOP to_move 2 nodes_visited 1673
[22:43:45.620] START to_move 1
[22:43:45.823] STOP to_move 1 nodes_visited 3227
[22:43:45.825] START to_move 2
[22:43:45.924] STOP to_move 2 nodes_visited 1560
[22:43:45.925] START to_move 1
[22:43:46.112] STOP to_move 1 nodes_visited 2975
[22:43:46.114] START to_move 2
[22:43:46.209] STOP to_move 2 nodes_visited 1491
[22:43:46.210] START to_move 1
[22:43:46.398] STOP to_move 1 nodes_visited 3012
[22:43:46.400] START to_move 2
[22:43:46.497] STOP to_move 2 nodes_visited 1510
[22:43:46.498] START to_move 1
[22:43:46.687] STOP to_move 1 nodes_visited 3018
[22:43:46.689] START to_move 2
[22:43:46.785] STOP to_move 2 nodes_visited 1510
[22:43:46.786] START to_move 1
[22:43:46.956] STOP to_move 1 nodes_visited 2765
[22:43:46.958] START to_move 2
[22:43:47.057] STOP to_move 2 nodes_visited 1558
[22:43:47.058] START to_move 1
[22:43:47.219] STOP to_move 1 nodes_visited 2622
[22:43:47.221] START to_move 2
[22:43:47.322] STOP to_move 2 nodes_visited 1581
[22:43:47.323] START to_move 1
[22:43:47.386] STOP to_move 1 nodes_visited 1059
[22:43:47.386] START to_move 2
[22:43:47.480] STOP to_move 2 nodes_visited 1431
[22:43:47.481] START to_move 1
[22:43:47.543] STOP to_move 1 nodes_visited 1033
[22:43:47.543] START to_move 2
[22:43:47.567] STOP to_move 2 nodes_visited 393
[22:43:47.568] START to_move 1
[22:43:47.661] STOP to_move 1 nodes_visited 1553
[22:43:47.662] START to_move 2
[22:43:47.688] STOP to_move 2 nodes_visited 396
[22:43:47.688] START to_move 1
[22:43:47.784] STOP to_move 1 nodes_visited 1601
[22:43:47.785] START to_move 2
[22:43:47.915] STOP to_move 2 nodes_visited 2098
[22:43:47.916] START to_move 1
[22:43:48.001] STOP to_move 1 nodes_visited 1374
[22:43:48.001] START to_move 2
[22:43:48.028] STOP to_move 2 nodes_visited 435
[22:43:48.029] START to_move 1
[22:43:48.122] STOP to_move 1 nodes_visited 1553
[22:43:48.123] START to_move 2
[22:43:48.144] STOP to_move 2 nodes_visited 359
[22:43:48.144] START to_move 1
[22:43:48.237] STOP to_move 1 nodes_visited 1507
[22:43:48.238] START to_move 2
[22:43:48.259] STOP to_move 2 nodes_visited 359
[22:43:48.259] START to_move 1
[22:43:48.346] STOP to_move 1 nodes_visited 1450
[22:43:48.347] START to_move 2
[22:43:48.369] STOP to_move 2 nodes_visited 362
[22:43:48.370] START to_move 1
[22:43:48.456] STOP to_move 1 nodes_visited 1449
[22:43:48.457] START to_move 2
[22:43:48.638] STOP to_move 2 nodes_visited 2859
[22:43:48.640] START to_move 1
[22:43:48.721] STOP to_move 1 nodes_visited 1343
[22:43:48.721] START to_move 2
[22:43:48.894] STOP to_move 2 nodes_visited 2730
[22:43:48.895] START to_move 1
[22:43:48.973] STOP to_move 1 nodes_visited 1293
[22:43:48.974] START to_move 2
[22:43:49.107] STOP to_move 2 nodes_visited 2109
[22:43:49.108] START to_move 1
[22:43:49.189] STOP to_move 1 nodes_visited 1346
[22:43:49.190] START to_move 2
[22:43:49.220] STOP to_move 2 nodes_visited 494
[22:43:49.220] START to_move 1
[22:43:49.298] STOP to_move 1 nodes_visited 1266
[22:43:49.299] START to_move 2
[22:43:49.316] STOP to_move 2 nodes_visited 292
[22:43:49.316] START to_move 1
[22:43:49.388] STOP to_move 1 nodes_visited 1208
[22:43:49.389] START to_move 2
[22:43:49.411] STOP to_move 2 nodes_visited 364
[22:43:49.411] START to_move 1
[22:43:49.487] STOP to_move 1 nodes_visited 1277
[22:43:49.488] START to_move 2
[22:43:49.507] STOP to_move 2 nodes_visited 322
[22:43:49.507] START to_move 1
[22:43:49.578] STOP to_move 1 nodes_visited 1127
[22:43:49.579] START to_move 2
[22:43:49.597] STOP to_move 2 nodes_visited 321
[22:43:49.598] START to_move 1
[22:43:49.665] STOP to_move 1 nodes_visited 1127
[22:43:49.666] START to_move 2
[22:43:49.685] STOP to_move 2 nodes_visited 324
[22:43:49.685] START to_move 1
[22:43:49.718] STOP to_move 1 nodes_visited 571
[22:43:49.719] START to_move 2
[22:43:49.821] STOP to_move 2 nodes_visited 1648
[22:43:49.822] START to_move 1
[22:43:49.854] STOP to_move 1 nodes_visited 512
[22:43:49.855] START to_move 2
[22:43:49.935] STOP to_move 2 nodes_visited 1294
[22:43:49.936] START to_move 1
[22:43:49.964] STOP to_move 1 nodes_visited 470
[22:43:49.964] START to_move 2
[22:43:49.980] STOP to_move 2 nodes_visited 272
[22:43:49.980] START to_move 1
[22:43:50.004] STOP to_move 1 nodes_visited 405
[22:43:50.005] START to_move 2
[22:43:50.037] STOP to_move 2 nodes_visited 527
[22:43:50.037] START to_move 1
[22:43:50.064] STOP to_move 1 nodes_visited 456
[22:43:50.064] START to_move 2
[22:43:50.080] STOP to_move 2 nodes_visited 264
[22:43:50.080] START to_move 1
[22:43:50.107] STOP to_move 1 nodes_visited 460
[22:43:50.107] START to_move 2
[22:43:50.123] STOP to_move 2 nodes_visited 264
[22:43:50.123] START to_move 1
[22:43:50.151] STOP to_move 1 nodes_visited 460
[22:43:50.152] START to_move 2
[22:43:50.167] STOP to_move 2 nodes_visited 261
[22:43:50.168] START to_move 1
[22:43:50.268] STOP to_move 1 nodes_visited 1658
[22:43:50.269] START to_move 2
[22:43:50.285] STOP to_move 2 nodes_visited 272
[22:43:50.285] START to_move 1
[22:43:50.392] STOP to_move 1 nodes_visited 1770
[22:43:50.393] START to_move 2
[22:43:50.411] STOP to_move 2 nodes_visited 265
[22:43:50.411] START to_move 1
[22:43:50.501] STOP to_move 1 nodes_visited 1486
[22:43:50.502] START to_move 2
[22:43:50.518] STOP to_move 2 nodes_visited 264
[22:43:50.518] START to_move 1
[22:43:50.609] STOP to_move 1 nodes_visited 1513
[22:43:50.610] START to_move 2
[22:43:50.626] STOP to_move 2 nodes_visited 267
[22:43:50.626] START to_move 1
[22:43:50.724] STOP to_move 1 nodes_visited 1589
[22:43:50.725] START to_move 2
[22:43:50.753] STOP to_move 2 nodes_visited 451
[22:43:50.753] START to_move 1
[22:43:50.836] STOP to_move 1 nodes_visited 1378
[22:43:50.837] START to_move 2
[22:43:50.902] STOP to_move 2 nodes_visited 1055
[22:43:50.903] START to_move 1
[22:43:50.923] STOP to_move 1 nodes_visited 342
[22:43:50.923] START to_move 2
[22:43:50.932] STOP to_move 2 nodes_visited 147
[22:43:50.932] START to_move 1
[22:43:50.999] STOP to_move 1 nodes_visited 1099
[22:43:51.000] START to_move 2
[22:43:51.008] STOP to_move 2 nodes_visited 149
[22:43:51.009] START to_move 1
[22:43:51.069] STOP to_move 1 nodes_visited 1004
[22:43:51.069] START to_move 2
[22:43:51.077] STOP to_move 2 nodes_visited 143
[22:43:51.078] START to_move 1
[22:43:51.095] STOP to_move 1 nodes_visited 308
[22:43:51.096] START to_move 2
[22:43:51.110] STOP to_move 2 nodes_visited 231
[22:43:51.110] START to_move 1
[22:43:51.126] STOP to_move 1 nodes_visited 275
[22:43:51.126] START to_move 2
[22:43:51.136] STOP to_move 2 nodes_visited 169
[22:43:51.136] START to_move 1
[22:43:51.145] STOP to_move 1 nodes_visited 142
[22:43:51.145] START to_move 2
[22:43:51.154] STOP to_move 2 nodes_visited 168
[22:43:51.155] START to_move 1
[22:43:51.173] STOP to_move 1 nodes_visited 311
[22:43:51.173] START to_move 2
[22:43:51.182] STOP to_move 2 nodes_visited 165
[22:43:51.183] START to_move 1
[22:43:51.200] STOP to_move 1 nodes_visited 286
[22:43:51.200] START to_move 2
[22:43:51.216] STOP to_move 2 nodes_visited 270
[22:43:51.216] START to_move 1
[22:43:51.234] STOP to_move 1 nodes_visited 306
[22:43:51.234] START to_move 2
[22:43:51.251] STOP to_move 2 nodes_visited 250
[22:43:51.251] START to_move 1
[22:43:51.268] STOP to_move 1 nodes_visited 293
[22:43:51.268] START to_move 2
[22:43:51.276] STOP to_move 2 nodes_visited 137
[22:43:51.276] START to_move 1
[22:43:51.292] STOP to_move 1 nodes_visited 277
[22:43:51.293] START to_move 2
[22:43:51.300] STOP to_move 2 nodes_visited 135
[22:43:51.300] START to_move 1
[22:43:51.317] STOP to_move 1 nodes_visited 277
[22:43:51.317] START to_move 2
[22:43:51.325] STOP to_move 2 nodes_visited 135
[22:43:51.325] START to_move 1
[22:43:51.341] STOP to_move 1 nodes_visited 273
[22:43:51.341] START to_move 2
[22:43:51.348] STOP to_move 2 nodes_visited 126
[22:43:51.348] START to_move 1
[22:43:51.365] STOP to_move 1 nodes_visited 273
[22:43:51.365] START to_move 2
[22:43:51.372] STOP to_move 2 nodes_visited 126
[22:43:51.372] START to_move 1
[22:43:51.389] STOP to_move 1 nodes_visited 273
[22:43:51.389] START to_move 2
[22:43:51.396] STOP to_move 2 nodes_visited 126
[22:43:51.396] START to_move 1
[22:43:51.412] STOP to_move 1 nodes_visited 273
[22:43:51.412] START to_move 2
[22:43:51.420] STOP to_move 2 nodes_visited 126
[22:43:51.420] START to_move 1
[22:43:51.428] STOP to_move 1 nodes_visited 135
[22:43:51.428] START to_move 2
[22:43:51.435] STOP to_move 2 nodes_visited 129
[22:43:51.435] START to_move 1
[22:43:51.443] STOP to_move 1 nodes_visited 131
[22:43:51.443] START to_move 2
[22:43:51.449] STOP to_move 2 nodes_visited 97
[22:43:51.449] START to_move 1
[22:43:51.457] STOP to_move 1 nodes_visited 142
[22:43:51.458] START to_move 2
[22:43:51.463] STOP to_move 2 nodes_visited 96
[22:43:51.464] START to_move 1
[22:43:51.472] STOP to_move 1 nodes_visited 147
[22:43:51.472] START to_move 2
[22:43:51.478] STOP to_move 2 nodes_visited 96
[22:43:51.478] START to_move 1
[22:43:51.484] STOP to_move 1 nodes_visited 100
[22:43:51.484] START to_move 2
[22:43:51.492] STOP to_move 2 nodes_visited 124
[22:43:51.492] START to_move 1
[22:43:51.499] STOP to_move 1 nodes_visited 120
[22:43:51.499] START to_move 2
[22:43:51.505] STOP to_move 2 nodes_visited 98
[22:43:51.505] START to_move 1
[22:43:51.508] STOP to_move 1 nodes_visited 53
[22:43:51.508] START to_move 2
[22:43:51.515] STOP to_move 2 nodes_visited 112
[22:43:51.515] START to_move 1
[22:43:51.526] STOP to_move 1 nodes_visited 188
[22:43:51.527] START to_move 2
[22:43:51.537] STOP to_move 2 nodes_visited 173
[22:43:51.537] START to_move 1
[22:43:51.543] STOP to_move 1 nodes_visited 106
[22:43:51.544] END winner 1 - rounds 209
