[21:21:52.828] 1 - distance_function euclides - pruning True
[21:21:52.828] 2 - distance_function manhattan - pruning True
[21:21:52.828] START to_move 1
[21:21:52.956] STOP to_move 1 nodes_visited 2072
[21:21:52.957] START to_move 2
[21:21:53.046] STOP to_move 2 nodes_visited 1420
[21:21:53.047] START to_move 1
[21:21:53.182] STOP to_move 1 nodes_visited 2160
[21:21:53.183] START to_move 2
[21:21:53.246] STOP to_move 2 nodes_visited 1090
[21:21:53.246] START to_move 1
[21:21:53.385] STOP to_move 1 nodes_visited 2196
[21:21:53.387] START to_move 2
[21:21:53.443] STOP to_move 2 nodes_visited 986
[21:21:53.444] START to_move 1
[21:21:53.610] STOP to_move 1 nodes_visited 2659
[21:21:53.611] START to_move 2
[21:21:53.669] STOP to_move 2 nodes_visited 990
[21:21:53.669] START to_move 1
[21:21:53.859] STOP to_move 1 nodes_visited 3053
[21:21:53.861] START to_move 2
[21:21:53.929] STOP to_move 2 nodes_visited 1176
[21:21:53.929] START to_move 1
[21:21:53.969] STOP to_move 1 nodes_visited 679
[21:21:53.969] START to_move 2
[21:21:54.015] STOP to_move 2 nodes_visited 793
[21:21:54.015] START to_move 1
[21:21:54.069] STOP to_move 1 nodes_visited 906
[21:21:54.069] START to_move 2
[21:21:54.121] STOP to_move 2 nodes_visited 865
[21:21:54.122] START to_move 1
[21:21:54.191] STOP to_move 1 nodes_visited 1147
[21:21:54.191] START to_move 2
[21:21:54.244] STOP to_move 2 nodes_visited 909
[21:21:54.244] START to_move 1
[21:21:54.285] STOP to_move 1 nodes_visited 679
[21:21:54.285] START to_move 2
[21:21:54.332] STOP to_move 2 nodes_visited 812
[21:21:54.332] START to_move 1
[21:21:54.378] STOP to_move 1 nodes_visited 733
[21:21:54.378] START to_move 2
[21:21:54.416] STOP to_move 2 nodes_visited 667
[21:21:54.417] START to_move 1
[21:21:54.449] STOP to_move 1 nodes_visited 547
[21:21:54.449] START to_move 2
[21:21:54.500] STOP to_move 2 nodes_visited 884
[21:21:54.501] START to_move 1
[21:21:54.537] STOP to_move 1 nodes_visited 612
[21:21:54.537] START to_move 2
[21:21:54.593] STOP to_move 2 nodes_visited 970
[21:21:54.594] START to_move 1
[21:21:54.658] STOP to_move 1 nodes_visited 1050
[21:21:54.659] START to_move 2
[21:21:54.680] STOP to_move 2 nodes_visited 365
[21:21:54.680] START to_move 1
[21:21:54.758] STOP to_move 1 nodes_visited 1301
[21:21:54.759] START to_move 2
[21:21:54.780] STOP to_move 2 nodes_visited 373
[21:21:54.780] START to_move 1
[21:21:54.858] STOP to_move 1 nodes_visited 1302
[21:21:54.858] START to_move 2
[21:21:54.879] STOP to_move 2 nodes_visited 371
[21:21:54.880] START to_move 1
[21:21:54.948] STOP to_move 1 nodes_visited 1125
[21:21:54.949] START to_move 2
[21:21:54.970] STOP to_move 2 nodes_visited 360
[21:21:54.970] START to_move 1
[21:21:55.041] STOP to_move 1 nodes_visited 1187
[21:21:55.042] START to_move 2
[21:21:55.073] STOP to_move 2 nodes_visited 536
[21:21:55.073] START to_move 1
[21:21:55.161] STOP to_move 1 nodes_visited 1461
[21:21:55.162] START to_move 2
[21:21:55.183] STOP to_move 2 nodes_visited 377
[21:21:55.183] START to_move 1
[21:21:55.279] STOP to_move 1 nodes_visited 1539
[21:21:55.280] START to_move 2
[21:21:55.301] STOP to_move 2 nodes_visited 378
[21:21:55.301] START to_move 1
[21:21:55.401] STOP to_move 1 nodes_visited 1623
[21:21:55.402] START to_move 2
[21:21:55.575] STOP to_move 2 nodes_visited 2962
[21:21:55.577] START to_move 1
[21:21:55.673] STOP to_move 1 nodes_visited 1561
[21:21:55.674] START to_move 2
[21:21:55.695] STOP to_move 2 nodes_visited 375
[21:21:55.696] START to_move 1
[21:21:55.788] STOP to_move 1 nodes_visited 1486
[21:21:55.789] START to_move 2
[21:21:55.810] STOP to_move 2 nodes_visited 375
[21:21:55.811] START to_move 1
[21:21:55.882] STOP to_move 1 nodes_visited 1170
[21:21:55.882] START to_move 2
[21:21:55.903] STOP to_move 2 nodes_visited 373
[21:21:55.904] START to_move 1
[21:21:55.974] STOP to_move 1 nodes_visited 1180
[21:21:55.975] START to_move 2
[21:21:56.129] STOP to_move 2 nodes_visited 2663
[21:21:56.131] START to_move 1
[21:21:56.215] STOP to_move 1 nodes_visited 1408
[21:21:56.216] START to_move 2
[21:21:56.239] STOP to_move 2 nodes_visited 377
[21:21:56.239] START to_move 1
[21:21:56.338] STOP to_move 1 nodes_visited 1590
[21:21:56.339] START to_move 2
[21:21:56.362] STOP to_move 2 nodes_visited 410
[21:21:56.362] START to_move 1
[21:21:56.473] STOP to_move 1 nodes_visited 1820
[21:21:56.474] START to_move 2
[21:21:56.503] STOP to_move 2 nodes_visited 514
[21:21:56.504] START to_move 1
[21:21:56.579] STOP to_move 1 nodes_visited 1230
[21:21:56.579] START to_move 2
[21:21:56.603] STOP to_move 2 nodes_visited 410
[21:21:56.603] START to_move 1
[21:21:56.699] STOP to_move 1 nodes_visited 1603
[21:21:56.700] START to_move 2
[21:21:56.732] STOP to_move 2 nodes_visited 549
[21:21:56.732] START to_move 1
[21:21:56.771] STOP to_move 1 nodes_visited 661
[21:21:56.771] START to_move 2
[21:21:56.796] STOP to_move 2 nodes_visited 416
[21:21:56.796] START to_move 1
[21:21:56.845] STOP to_move 1 nodes_visited 826
[21:21:56.846] START to_move 2
[21:21:56.869] STOP to_move 2 nodes_visited 416
[21:21:56.869] START to_move 1
[21:21:56.918] STOP to_move 1 nodes_visited 833
[21:21:56.918] START to_move 2
[21:21:56.941] STOP to_move 2 nodes_visited 420
[21:21:56.942] START to_move 1
[21:21:56.988] STOP to_move 1 nodes_visited 793
[21:21:56.989] START to_move 2
[21:21:57.021] STOP to_move 2 nodes_visited 571
[21:21:57.021] START to_move 1
[21:21:57.117] STOP to_move 1 nodes_visited 1561
[21:21:57.118] START to_move 2
[21:21:57.150] STOP to_move 2 nodes_visited 571
[21:21:57.150] START to_move 1
[21:21:57.252] STOP to_move 1 nodes_visited 1695
[21:21:57.253] START to_move 2
[21:21:57.285] STOP to_move 2 nodes_visited 573
[21:21:57.286] START to_move 1
[21:21:57.365] STOP to_move 1 nodes_visited 1310
[21:21:57.366] START to_move 2
[21:21:57.397] STOP to_move 2 nodes_visited 564
[21:21:57.398] START to_move 1
[21:21:57.509] STOP to_move 1 nodes_visited 1831
[21:21:57.510] START to_move 2
[21:21:57.545] STOP to_move 2 nodes_visited 615
[21:21:57.545] START to_move 1
[21:21:57.598] STOP to_move 1 nodes_visited 870
[21:21:57.599] START to_move 2
[21:21:57.622] STOP to_move 2 nodes_visited 409
[21:21:57.622] START to_move 1
[21:21:57.738] STOP to_move 1 nodes_visited 1930
[21:21:57.739] START to_move 2
[21:21:57.771] STOP to_move 2 nodes_visited 566
[21:21:57.772] START to_move 1
[21:21:57.877] STOP to_move 1 nodes_visited 1675
[21:21:57.878] START to_move 2
[21:21:57.909] STOP to_move 2 nodes_visited 559
[21:21:57.910] START to_move 1
[21:21:57.978] STOP to_move 1 nodes_visited 1147
[21:21:57.978] START to_move 2
[21:21:58.001] STOP to_move 2 nodes_visited 406
[21:21:58.001] START to_move 1
[21:21:58.107] STOP to_move 1 nodes_visited 1760
[21:21:58.108] START to_move 2
[21:21:58.250] STOP to_move 2 nodes_visited 2446
[21:21:58.251] START to_move 1
[21:21:58.354] STOP to_move 1 nodes_visited 1708
[21:21:58.355] START to_move 2
[21:21:58.492] STOP to_move 2 nodes_visited 2352
[21:21:58.493] START to_move 1
[21:21:58.587] STOP to_move 1 nodes_visited 1563
[21:21:58.588] START to_move 2
[21:21:58.724] STOP to_move 2 nodes_visited 2355
[21:21:58.726] START to_move 1
[21:21:58.813] STOP to_move 1 nodes_visited 1441
[21:21:58.814] START to_move 2
[21:21:58.950] STOP to_move 2 nodes_visited 2340
[21:21:58.951] START to_move 1
[21:21:59.031] STOP to_move 1 nodes_visited 1336
[21:21:59.032] START to_move 2
[21:21:59.054] STOP to_move 2 nodes_visited 396
[21:21:59.054] START to_move 1
[21:21:59.169] STOP to_move 1 nodes_visited 1869
[21:21:59.170] START to_move 2
[21:21:59.191] STOP to_move 2 nodes_visited 388
[21:21:59.192] START to_move 1
[21:21:59.303] STOP to_move 1 nodes_visited 1857
[21:21:59.304] START to_move 2
[21:21:59.328] STOP to_move 2 nodes_visited 430
[21:21:59.328] START to_move 1
[21:21:59.431] STOP to_move 1 nodes_visited 1673
[21:21:59.432] START to_move 2
[21:21:59.454] STOP to_move 2 nodes_visited 392
[21:21:59.455] START to_move 1
[21:21:59.560] STOP to_move 1 nodes_visited 1761
[21:21:59.561] START to_move 2
[21:21:59.583] STOP to_move 2 nodes_visited 380
[21:21:59.583] START to_move 1
[21:21:59.686] STOP to_move 1 nodes_visited 1670
[21:21:59.687] START to_move 2
[21:21:59.708] STOP to_move 2 nodes_visited 384
[21:21:59.709] START to_move 1
[21:21:59.810] STOP to_move 1 nodes_visited 1677
[21:21:59.811] START to_move 2
[21:21:59.833] STOP to_move 2 nodes_visited 388
[21:21:59.833] START to_move 1
[21:21:59.934] STOP to_move 1 nodes_visited 1631
[21:21:59.936] START to_move 2
[21:21:59.958] STOP to_move 2 nodes_visited 389
[21:21:59.958] START to_move 1
[21:22:00.066] STOP to_move 1 nodes_visited 1759
[21:22:00.067] START to_move 2
[21:22:00.090] STOP to_move 2 nodes_visited 406
[21:22:00.090] START to_move 1
[21:22:00.189] STOP to_move 1 nodes_visited 1607
[21:22:00.189] START to_move 2
[21:22:00.212] STOP to_move 2 nodes_visited 382
[21:22:00.212] START to_move 1
[21:22:00.317] STOP to_move 1 nodes_visited 1696
[21:22:00.318] START to_move 2
[21:22:00.341] STOP to_move 2 nodes_visited 402
[21:22:00.341] START to_move 1
[21:22:00.444] STOP to_move 1 nodes_visited 1673
[21:22:00.445] START to_move 2
[21:22:00.601] STOP to_move 2 nodes_visited 2661
[21:22:00.602] START to_move 1
[21:22:00.704] STOP to_move 1 nodes_visited 1645
[21:22:00.704] START to_move 2
[21:22:00.753] STOP to_move 2 nodes_visited 817
[21:22:00.753] START to_move 1
[21:22:00.840] STOP to_move 1 nodes_visited 1423
[21:22:00.841] START to_move 2
[21:22:00.891] STOP to_move 2 nodes_visited 869
[21:22:00.892] START to_move 1
[21:22:00.988] STOP to_move 1 nodes_visited 1526
[21:22:00.989] START to_move 2
[21:22:01.007] STOP to_move 2 nodes_visited 328
[21:22:01.008] START to_move 1
[21:22:01.093] STOP to_move 1 nodes_visited 1401
[21:22:01.094] START to_move 2
[21:22:01.112] STOP to_move 2 nodes_visited 328
[21:22:01.113] START to_move 1
[21:22:01.184] STOP to_move 1 nodes_visited 1174
[21:22:01.184] START to_move 2
[21:22:01.216] STOP to_move 2 nodes_visited 560
[21:22:01.216] START to_move 1
[21:22:01.247] STOP to_move 1 nodes_visited 518
[21:22:01.247] START to_move 2
[21:22:01.266] STOP to_move 2 nodes_visited 319
[21:22:01.266] START to_move 1
[21:22:01.308] STOP to_move 1 nodes_visited 692
[21:22:01.308] START to_move 2
[21:22:01.325] STOP to_move 2 nodes_visited 306
[21:22:01.326] START to_move 1
[21:22:01.367] STOP to_move 1 nodes_visited 699
[21:22:01.367] START to_move 2
[21:22:01.384] STOP to_move 2 nodes_visited 293
[21:22:01.384] START to_move 1
[21:22:01.421] STOP to_move 1 nodes_visited 629
[21:22:01.424] START to_move 2
[21:22:01.530] STOP to_move 2 nodes_visited 1780
[21:22:01.531] START to_move 1
[21:22:01.625] STOP to_move 1 nodes_visited 1553
[21:22:01.626] START to_move 2
[21:22:01.727] STOP to_move 2 nodes_visited 1749
[21:22:01.728] START to_move 1
[21:22:01.837] STOP to_move 1 nodes_visited 1758
[21:22:01.838] START to_move 2
[21:22:01.855] STOP to_move 2 nodes_visited 298
[21:22:01.855] START to_move 1
[21:22:02.006] STOP to_move 1 nodes_visited 2423
[21:22:02.007] START to_move 2
[21:22:02.080] STOP to_move 2 nodes_visited 1234
[21:22:02.081] START to_move 1
[21:22:02.219] STOP to_move 1 nodes_visited 2215
[21:22:02.220] START to_move 2
[21:22:02.236] STOP to_move 2 nodes_visited 298
[21:22:02.237] START to_move 1
[21:22:02.311] STOP to_move 1 nodes_visited 1218
[21:22:02.311] START to_move 2
[21:22:02.330] STOP to_move 2 nodes_visited 298
[21:22:02.330] START to_move 1
[21:22:02.404] STOP to_move 1 nodes_visited 1224
[21:22:02.405] START to_move 2
[21:22:02.421] STOP to_move 2 nodes_visited 294
[21:22:02.421] START to_move 1
[21:22:02.495] STOP to_move 1 nodes_visited 1215
[21:22:02.496] START to_move 2
[21:22:02.512] STOP to_move 2 nodes_visited 295
[21:22:02.512] START to_move 1
[21:22:02.611] STOP to_move 1 nodes_visited 1579
[21:22:02.612] START to_move 2
[21:22:02.644] STOP to_move 2 nodes_visited 567
[21:22:02.645] START to_move 1
[21:22:02.712] STOP to_move 1 nodes_visited 1116
[21:22:02.713] START to_move 2
[21:22:02.733] STOP to_move 2 nodes_visited 347
[21:22:02.733] START to_move 1
[21:22:02.818] STOP to_move 1 nodes_visited 1387
[21:22:02.819] START to_move 2
[21:22:02.837] STOP to_move 2 nodes_visited 320
[21:22:02.837] START to_move 1
[21:22:02.912] STOP to_move 1 nodes_visited 1201
[21:22:02.912] START to_move 2
[21:22:02.930] STOP to_move 2 nodes_visited 317
[21:22:02.931] START to_move 1
[21:22:03.006] STOP to_move 1 nodes_visited 1235
[21:22:03.007] START to_move 2
[21:22:03.024] STOP to_move 2 nodes_visited 296
[21:22:03.024] START to_move 1
[21:22:03.093] STOP to_move 1 nodes_visited 1137
[21:22:03.094] START to_move 2
[21:22:03.115] STOP to_move 2 nodes_visited 373
[21:22:03.115] START to_move 1
[21:22:03.187] STOP to_move 1 nodes_visited 1163
[21:22:03.188] START to_move 2
[21:22:03.208] STOP to_move 2 nodes_visited 360
[21:22:03.209] START to_move 1
[21:22:03.258] STOP to_move 1 nodes_visited 826
[21:22:03.259] START to_move 2
[21:22:03.280] STOP to_move 2 nodes_visited 366
[21:22:03.280] START to_move 1
[21:22:03.311] STOP to_move 1 nodes_visited 504
[21:22:03.311] START to_move 2
[21:22:03.362] STOP to_move 2 nodes_visited 864
[21:22:03.362] START to_move 1
[21:22:03.396] STOP to_move 1 nodes_visited 570
[21:22:03.396] START to_move 2
[21:22:03.416] STOP to_move 2 nodes_visited 347
[21:22:03.416] START to_move 1
[21:22:03.450] STOP to_move 1 nodes_visited 543
[21:22:03.451] START to_move 2
[21:22:03.470] STOP to_move 2 nodes_visited 348
[21:22:03.471] START to_move 1
[21:22:03.507] STOP to_move 1 nodes_visited 591
[21:22:03.507] START to_move 2
[21:22:03.526] STOP to_move 2 nodes_visited 331
[21:22:03.526] START to_move 1
[21:22:03.560] STOP to_move 1 nodes_visited 552
[21:22:03.560] START to_move 2
[21:22:03.578] STOP to_move 2 nodes_visited 318
[21:22:03.578] START to_move 1
[21:22:03.605] STOP to_move 1 nodes_visited 439
[21:22:03.605] START to_move 2
[21:22:03.633] STOP to_move 2 nodes_visited 483
[21:22:03.633] START to_move 1
[21:22:03.661] STOP to_move 1 nodes_visited 475
[21:22:03.661] START to_move 2
[21:22:03.677] STOP to_move 2 nodes_visited 279
[21:22:03.677] START to_move 1
[21:22:03.704] STOP to_move 1 nodes_visited 445
[21:22:03.704] START to_move 2
[21:22:03.740] STOP to_move 2 nodes_visited 603
[21:22:03.740] START to_move 1
[21:22:03.764] STOP to_move 1 nodes_visited 405
[21:22:03.764] START to_move 2
[21:22:03.799] STOP to_move 2 nodes_visited 599
[21:22:03.799] START to_move 1
[21:22:03.823] STOP to_move 1 nodes_visited 406
[21:22:03.824] START to_move 2
[21:22:03.857] STOP to_move 2 nodes_visited 587
[21:22:03.858] START to_move 1
[21:22:03.899] STOP to_move 1 nodes_visited 687
[21:22:03.899] START to_move 2
[21:22:03.909] STOP to_move 2 nodes_visited 179
[21:22:03.910] START to_move 1
[21:22:03.936] STOP to_move 1 nodes_visited 436
[21:22:03.936] START to_move 2
[21:22:03.957] STOP to_move 2 nodes_visited 359
[21:22:03.957] START to_move 1
[21:22:03.987] STOP to_move 1 nodes_visited 501
[21:22:03.988] START to_move 2
[21:22:03.998] STOP to_move 2 nodes_visited 188
[21:22:03.998] START to_move 1
[21:22:04.034] STOP to_move 1 nodes_visited 578
[21:22:04.035] START to_move 2
[21:22:04.045] STOP to_move 2 nodes_visited 191
[21:22:04.045] START to_move 1
[21:22:04.078] STOP to_move 1 nodes_visited 547
[21:22:04.078] START to_move 2
[21:22:04.110] STOP to_move 2 nodes_visited 559
[21:22:04.111] START to_move 1
[21:22:04.137] STOP to_move 1 nodes_visited 443
[21:22:04.138] START to_move 2
[21:22:04.147] STOP to_move 2 nodes_visited 178
[21:22:04.147] START to_move 1
[21:22:04.171] STOP to_move 1 nodes_visited 395
[21:22:04.171] START to_move 2
[21:22:04.179] STOP to_move 2 nodes_visited 148
[21:22:04.179] START to_move 1
[21:22:04.192] STOP to_move 1 nodes_visited 215
[21:22:04.192] START to_move 2
[21:22:04.200] STOP to_move 2 nodes_visited 139
[21:22:04.200] START to_move 1
[21:22:04.213] STOP to_move 1 nodes_visited 215
[21:22:04.213] START to_move 2
[21:22:04.220] STOP to_move 2 nodes_visited 139
[21:22:04.221] START to_move 1
[21:22:04.233] STOP to_move 1 nodes_visited 203
[21:22:04.233] START to_move 2
[21:22:04.241] STOP to_move 2 nodes_visited 148
[21:22:04.241] START to_move 1
[21:22:04.250] STOP to_move 1 nodes_visited 145
[21:22:04.250] START to_move 2
[21:22:04.262] STOP to_move 2 nodes_visited 205
[21:22:04.262] START to_move 1
[21:22:04.278] STOP to_move 1 nodes_visited 269
[21:22:04.278] START to_move 2
[21:22:04.290] STOP to_move 2 nodes_visited 205
[21:22:04.291] START to_move 1
[21:22:04.304] STOP to_move 1 nodes_visited 226
[21:22:04.304] START to_move 2
[21:22:04.317] STOP to_move 2 nodes_visited 205
[21:22:04.318] START to_move 1
[21:22:04.334] STOP to_move 1 nodes_visited 266
[21:22:04.334] START to_move 2
[21:22:04.346] STOP to_move 2 nodes_visited 202
[21:22:04.346] START to_move 1
[21:22:04.362] STOP to_move 1 nodes_visited 263
[21:22:04.362] START to_move 2
[21:22:04.373] STOP to_move 2 nodes_visited 189
[21:22:04.373] START to_move 1
[21:22:04.389] STOP to_move 1 nodes_visited 260
[21:22:04.389] START to_move 2
[21:22:04.396] STOP to_move 2 nodes_visited 114
[21:22:04.396] START to_move 1
[21:22:04.405] STOP to_move 1 nodes_visited 158
[21:22:04.406] START to_move 2
[21:22:04.414] STOP to_move 2 nodes_visited 145
[21:22:04.414] START to_move 1
[21:22:04.421] STOP to_move 1 nodes_visited 108
[21:22:04.421] END winner 1 - rounds 217
