[22:03:51.941] 1 - distance_function euclides - pruning True
[22:03:51.941] 2 - distance_function manhattan - pruning True
[22:03:51.941] START to_move 1
[22:03:52.034] STOP to_move 1 nodes_visited 1519
[22:03:52.035] START to_move 2
[22:03:52.148] STOP to_move 2 nodes_visited 1845
[22:03:52.149] START to_move 1
[22:03:52.522] STOP to_move 1 nodes_visited 5981
[22:03:52.526] START to_move 2
[22:03:52.634] STOP to_move 2 nodes_visited 1886
[22:03:52.635] START to_move 1
[22:03:52.746] STOP to_move 1 nodes_visited 1784
[22:03:52.747] START to_move 2
[22:03:53.010] STOP to_move 2 nodes_visited 4387
[22:03:53.013] START to_move 1
[22:03:53.112] STOP to_move 1 nodes_visited 1612
[22:03:53.113] START to_move 2
[22:03:53.269] STOP to_move 2 nodes_visited 2623
[22:03:53.270] START to_move 1
[22:03:53.351] STOP to_move 1 nodes_visited 1304
[22:03:53.352] START to_move 2
[22:03:53.466] STOP to_move 2 nodes_visited 1928
[22:03:53.467] START to_move 1
[22:03:53.522] STOP to_move 1 nodes_visited 890
[22:03:53.523] START to_move 2
[22:03:53.590] STOP to_move 2 nodes_visited 1148
[22:03:53.591] START to_move 1
[22:03:53.744] STOP to_move 1 nodes_visited 2494
[22:03:53.745] START to_move 2
[22:03:53.853] STOP to_move 2 nodes_visited 1884
[22:03:53.854] START to_move 1
[22:03:53.981] STOP to_move 1 nodes_visited 1940
[22:03:53.982] START to_move 2
[22:03:54.264] STOP to_move 2 nodes_visited 4626
[22:03:54.268] START to_move 1
[22:03:54.375] STOP to_move 1 nodes_visited 1671
[22:03:54.376] START to_move 2
[22:03:54.459] STOP to_move 2 nodes_visited 1346
[22:03:54.459] START to_move 1
[22:03:54.526] STOP to_move 1 nodes_visited 1058
[22:03:54.527] START to_move 2
[22:03:54.625] STOP to_move 2 nodes_visited 1614
[22:03:54.625] START to_move 1
[22:03:54.789] STOP to_move 1 nodes_visited 2662
[22:03:54.791] START to_move 2
[22:03:54.850] STOP to_move 2 nodes_visited 1014
[22:03:54.851] START to_move 1
[22:03:55.000] STOP to_move 1 nodes_visited 2498
[22:03:55.001] START to_move 2
[22:03:55.102] STOP to_move 2 nodes_visited 1678
[22:03:55.103] START to_move 1
[22:03:55.270] STOP to_move 1 nodes_visited 2686
[22:03:55.271] START to_move 2
[22:03:55.329] STOP to_move 2 nodes_visited 992
[22:03:55.329] START to_move 1
[22:03:55.417] STOP to_move 1 nodes_visited 1462
[22:03:55.418] START to_move 2
[22:03:55.484] STOP to_move 2 nodes_visited 1162
[22:03:55.485] START to_move 1
[22:03:55.647] STOP to_move 1 nodes_visited 2678
[22:03:55.648] START to_move 2
[22:03:55.808] STOP to_move 2 nodes_visited 2699
[22:03:55.809] START to_move 1
[22:03:55.971] STOP to_move 1 nodes_visited 2685
[22:03:55.972] START to_move 2
[22:03:56.042] STOP to_move 2 nodes_visited 1181
[22:03:56.043] START to_move 1
[22:03:56.195] STOP to_move 1 nodes_visited 2524
[22:03:56.196] START to_move 2
[22:03:56.276] STOP to_move 2 nodes_visited 1387
[22:03:56.277] START to_move 1
[22:03:56.429] STOP to_move 1 nodes_visited 2518
[22:03:56.430] START to_move 2
[22:03:56.507] STOP to_move 2 nodes_visited 1347
[22:03:56.508] START to_move 1
[22:03:56.691] STOP to_move 1 nodes_visited 3026
[22:03:56.693] START to_move 2
[22:03:56.716] STOP to_move 2 nodes_visited 414
[22:03:56.716] START to_move 1
[22:03:56.828] STOP to_move 1 nodes_visited 1836
[22:03:56.829] START to_move 2
[22:03:56.857] STOP to_move 2 nodes_visited 499
[22:03:56.857] START to_move 1
[22:03:56.992] STOP to_move 1 nodes_visited 2256
[22:03:56.993] START to_move 2
[22:03:57.113] STOP to_move 2 nodes_visited 2041
[22:03:57.115] START to_move 1
[22:03:57.211] STOP to_move 1 nodes_visited 1591
[22:03:57.212] START to_move 2
[22:03:57.311] STOP to_move 2 nodes_visited 1709
[22:03:57.312] START to_move 1
[22:03:57.390] STOP to_move 1 nodes_visited 1267
[22:03:57.390] START to_move 2
[22:03:57.467] STOP to_move 2 nodes_visited 1328
[22:03:57.467] START to_move 1
[22:03:57.525] STOP to_move 1 nodes_visited 978
[22:03:57.526] START to_move 2
[22:03:57.557] STOP to_move 2 nodes_visited 551
[22:03:57.557] START to_move 1
[22:03:57.739] STOP to_move 1 nodes_visited 2949
[22:03:57.740] START to_move 2
[22:03:57.784] STOP to_move 2 nodes_visited 770
[22:03:57.785] START to_move 1
[22:03:57.936] STOP to_move 1 nodes_visited 2467
[22:03:57.938] START to_move 2
[22:03:58.039] STOP to_move 2 nodes_visited 1758
[22:03:58.040] START to_move 1
[22:03:58.156] STOP to_move 1 nodes_visited 1886
[22:03:58.157] START to_move 2
[22:03:58.190] STOP to_move 2 nodes_visited 582
[22:03:58.190] START to_move 1
[22:03:58.297] STOP to_move 1 nodes_visited 1784
[22:03:58.298] START to_move 2
[22:03:58.363] STOP to_move 2 nodes_visited 1140
[22:03:58.364] START to_move 1
[22:03:58.419] STOP to_move 1 nodes_visited 896
[22:03:58.419] START to_move 2
[22:03:58.443] STOP to_move 2 nodes_visited 416
[22:03:58.443] START to_move 1
[22:03:58.497] STOP to_move 1 nodes_visited 880
[22:03:58.497] START to_move 2
[22:03:58.522] STOP to_move 2 nodes_visited 439
[22:03:58.522] START to_move 1
[22:03:58.623] STOP to_move 1 nodes_visited 1454
[22:03:58.624] START to_move 2
[22:03:58.644] STOP to_move 2 nodes_visited 367
[22:03:58.644] START to_move 1
[22:03:58.746] STOP to_move 1 nodes_visited 1538
[22:03:58.747] START to_move 2
[22:03:58.769] STOP to_move 2 nodes_visited 399
[22:03:58.770] START to_move 1
[22:03:58.829] STOP to_move 1 nodes_visited 972
[22:03:58.830] START to_move 2
[22:03:58.850] STOP to_move 2 nodes_visited 372
[22:03:58.850] START to_move 1
[22:03:58.893] STOP to_move 1 nodes_visited 715
[22:03:58.893] START to_move 2
[22:03:58.928] STOP to_move 2 nodes_visited 621
[22:03:58.929] START to_move 1
[22:03:58.998] STOP to_move 1 nodes_visited 1116
[22:03:58.999] START to_move 2
[22:03:59.020] STOP to_move 2 nodes_visited 372
[22:03:59.020] START to_move 1
[22:03:59.088] STOP to_move 1 nodes_visited 1117
[22:03:59.089] START to_move 2
[22:03:59.111] STOP to_move 2 nodes_visited 405
[22:03:59.112] START to_move 1
[22:03:59.213] STOP to_move 1 nodes_visited 1589
[22:03:59.214] START to_move 2
[22:03:59.237] STOP to_move 2 nodes_visited 406
[22:03:59.237] START to_move 1
[22:03:59.336] STOP to_move 1 nodes_visited 1597
[22:03:59.337] START to_move 2
[22:03:59.359] STOP to_move 2 nodes_visited 401
[22:03:59.359] START to_move 1
[22:03:59.461] STOP to_move 1 nodes_visited 1642
[22:03:59.462] START to_move 2
[22:03:59.577] STOP to_move 2 nodes_visited 1978
[22:03:59.579] START to_move 1
[22:03:59.690] STOP to_move 1 nodes_visited 1795
[22:03:59.691] START to_move 2
[22:03:59.773] STOP to_move 2 nodes_visited 1403
[22:03:59.774] START to_move 1
[22:03:59.872] STOP to_move 1 nodes_visited 1604
[22:03:59.873] START to_move 2
[22:03:59.906] STOP to_move 2 nodes_visited 581
[22:03:59.907] START to_move 1
[22:04:00.018] STOP to_move 1 nodes_visited 1761
[22:04:00.019] START to_move 2
[22:04:00.055] STOP to_move 2 nodes_visited 619
[22:04:00.055] START to_move 1
[22:04:00.168] STOP to_move 1 nodes_visited 1827
[22:04:00.170] START to_move 2
[22:04:00.188] STOP to_move 2 nodes_visited 336
[22:04:00.189] START to_move 1
[22:04:00.293] STOP to_move 1 nodes_visited 1644
[22:04:00.294] START to_move 2
[22:04:00.314] STOP to_move 2 nodes_visited 370
[22:04:00.315] START to_move 1
[22:04:00.373] STOP to_move 1 nodes_visited 984
[22:04:00.374] START to_move 2
[22:04:00.431] STOP to_move 2 nodes_visited 999
[22:04:00.431] START to_move 1
[22:04:00.515] STOP to_move 1 nodes_visited 1399
[22:04:00.516] START to_move 2
[22:04:00.577] STOP to_move 2 nodes_visited 1039
[22:04:00.578] START to_move 1
[22:04:00.670] STOP to_move 1 nodes_visited 1532
[22:04:00.670] START to_move 2
[22:04:00.807] STOP to_move 2 nodes_visited 2308
[22:04:00.808] START to_move 1
[22:04:00.878] STOP to_move 1 nodes_visited 1174
[22:04:00.879] START to_move 2
[22:04:00.910] STOP to_move 2 nodes_visited 547
[22:04:00.910] START to_move 1
[22:04:01.026] STOP to_move 1 nodes_visited 1870
[22:04:01.027] START to_move 2
[22:04:01.100] STOP to_move 2 nodes_visited 1239
[22:04:01.101] START to_move 1
[22:04:01.180] STOP to_move 1 nodes_visited 1288
[22:04:01.180] START to_move 2
[22:04:01.238] STOP to_move 2 nodes_visited 1003
[22:04:01.239] START to_move 1
[22:04:01.373] STOP to_move 1 nodes_visited 2131
[22:04:01.374] START to_move 2
[22:04:01.431] STOP to_move 2 nodes_visited 979
[22:04:01.432] START to_move 1
[22:04:01.471] STOP to_move 1 nodes_visited 671
[22:04:01.472] START to_move 2
[22:04:01.504] STOP to_move 2 nodes_visited 558
[22:04:01.504] START to_move 1
[22:04:01.591] STOP to_move 1 nodes_visited 1393
[22:04:01.592] START to_move 2
[22:04:01.617] STOP to_move 2 nodes_visited 409
[22:04:01.617] START to_move 1
[22:04:01.706] STOP to_move 1 nodes_visited 1431
[22:04:01.707] START to_move 2
[22:04:01.730] STOP to_move 2 nodes_visited 408
[22:04:01.730] START to_move 1
[22:04:01.833] STOP to_move 1 nodes_visited 1638
[22:04:01.834] START to_move 2
[22:04:01.858] STOP to_move 2 nodes_visited 419
[22:04:01.858] START to_move 1
[22:04:01.963] STOP to_move 1 nodes_visited 1641
[22:04:01.964] START to_move 2
[22:04:02.039] STOP to_move 2 nodes_visited 1299
[22:04:02.040] START to_move 1
[22:04:02.133] STOP to_move 1 nodes_visited 1505
[22:04:02.134] START to_move 2
[22:04:02.173] STOP to_move 2 nodes_visited 652
[22:04:02.173] START to_move 1
[22:04:02.264] STOP to_move 1 nodes_visited 1476
[22:04:02.265] START to_move 2
[22:04:02.289] STOP to_move 2 nodes_visited 410
[22:04:02.289] START to_move 1
[22:04:02.382] STOP to_move 1 nodes_visited 1512
[22:04:02.382] START to_move 2
[22:04:02.407] STOP to_move 2 nodes_visited 427
[22:04:02.407] START to_move 1
[22:04:02.522] STOP to_move 1 nodes_visited 1819
[22:04:02.523] START to_move 2
[22:04:02.548] STOP to_move 2 nodes_visited 438
[22:04:02.549] START to_move 1
[22:04:02.635] STOP to_move 1 nodes_visited 1416
[22:04:02.636] START to_move 2
[22:04:02.737] STOP to_move 2 nodes_visited 1703
[22:04:02.738] START to_move 1
[22:04:02.776] STOP to_move 1 nodes_visited 635
[22:04:02.776] START to_move 2
[22:04:02.799] STOP to_move 2 nodes_visited 388
[22:04:02.799] START to_move 1
[22:04:02.834] STOP to_move 1 nodes_visited 590
[22:04:02.834] START to_move 2
[22:04:02.856] STOP to_move 2 nodes_visited 386
[22:04:02.856] START to_move 1
[22:04:02.891] STOP to_move 1 nodes_visited 584
[22:04:02.891] START to_move 2
[22:04:02.913] STOP to_move 2 nodes_visited 392
[22:04:02.914] START to_move 1
[22:04:02.943] STOP to_move 1 nodes_visited 501
[22:04:02.943] START to_move 2
[22:04:02.966] STOP to_move 2 nodes_visited 398
[22:04:02.966] START to_move 1
[22:04:03.002] STOP to_move 1 nodes_visited 597
[22:04:03.003] START to_move 2
[22:04:03.025] STOP to_move 2 nodes_visited 390
[22:04:03.025] START to_move 1
[22:04:03.060] STOP to_move 1 nodes_visited 590
[22:04:03.060] START to_move 2
[22:04:03.082] STOP to_move 2 nodes_visited 385
[22:04:03.082] START to_move 1
[22:04:03.118] STOP to_move 1 nodes_visited 612
[22:04:03.119] START to_move 2
[22:04:03.140] STOP to_move 2 nodes_visited 386
[22:04:03.141] START to_move 1
[22:04:03.196] STOP to_move 1 nodes_visited 899
[22:04:03.197] START to_move 2
[22:04:03.219] STOP to_move 2 nodes_visited 382
[22:04:03.219] START to_move 1
[22:04:03.276] STOP to_move 1 nodes_visited 884
[22:04:03.276] START to_move 2
[22:04:03.298] STOP to_move 2 nodes_visited 382
[22:04:03.298] START to_move 1
[22:04:03.351] STOP to_move 1 nodes_visited 875
[22:04:03.352] START to_move 2
[22:04:03.372] STOP to_move 2 nodes_visited 364
[22:04:03.372] START to_move 1
[22:04:03.424] STOP to_move 1 nodes_visited 849
[22:04:03.425] START to_move 2
[22:04:03.497] STOP to_move 2 nodes_visited 1256
[22:04:03.498] START to_move 1
[22:04:03.545] STOP to_move 1 nodes_visited 743
[22:04:03.545] START to_move 2
[22:04:03.567] STOP to_move 2 nodes_visited 375
[22:04:03.567] START to_move 1
[22:04:03.626] STOP to_move 1 nodes_visited 959
[22:04:03.627] START to_move 2
[22:04:03.708] STOP to_move 2 nodes_visited 1402
[22:04:03.709] START to_move 1
[22:04:03.768] STOP to_move 1 nodes_visited 963
[22:04:03.769] START to_move 2
[22:04:03.790] STOP to_move 2 nodes_visited 361
[22:04:03.790] START to_move 1
[22:04:03.844] STOP to_move 1 nodes_visited 856
[22:04:03.845] START to_move 2
[22:04:03.865] STOP to_move 2 nodes_visited 355
[22:04:03.865] START to_move 1
[22:04:03.908] STOP to_move 1 nodes_visited 689
[22:04:03.908] START to_move 2
[22:04:03.946] STOP to_move 2 nodes_visited 656
[22:04:03.946] START to_move 1
[22:04:03.985] STOP to_move 1 nodes_visited 624
[22:04:03.985] START to_move 2
[22:04:04.034] STOP to_move 2 nodes_visited 843
[22:04:04.034] START to_move 1
[22:04:04.099] STOP to_move 1 nodes_visited 1009
[22:04:04.099] START to_move 2
[22:04:04.148] STOP to_move 2 nodes_visited 843
[22:04:04.149] START to_move 1
[22:04:04.206] STOP to_move 1 nodes_visited 923
[22:04:04.206] START to_move 2
[22:04:04.256] STOP to_move 2 nodes_visited 848
[22:04:04.256] START to_move 1
[22:04:04.318] STOP to_move 1 nodes_visited 1023
[22:04:04.318] START to_move 2
[22:04:04.368] STOP to_move 2 nodes_visited 870
[22:04:04.369] START to_move 1
[22:04:04.427] STOP to_move 1 nodes_visited 953
[22:04:04.428] START to_move 2
[22:04:04.478] STOP to_move 2 nodes_visited 866
[22:04:04.479] START to_move 1
[22:04:04.536] STOP to_move 1 nodes_visited 959
[22:04:04.537] START to_move 2
[22:04:04.586] STOP to_move 2 nodes_visited 853
[22:04:04.586] START to_move 1
[22:04:04.640] STOP to_move 1 nodes_visited 882
[22:04:04.641] START to_move 2
[22:04:04.692] STOP to_move 2 nodes_visited 862
[22:04:04.693] START to_move 1
[22:04:04.741] STOP to_move 1 nodes_visited 802
[22:04:04.742] START to_move 2
[22:04:04.790] STOP to_move 2 nodes_visited 829
[22:04:04.790] START to_move 1
[22:04:04.839] STOP to_move 1 nodes_visited 796
[22:04:04.839] START to_move 2
[22:04:04.887] STOP to_move 2 nodes_visited 820
[22:04:04.887] START to_move 1
[22:04:04.971] STOP to_move 1 nodes_visited 1358
[22:04:04.972] START to_move 2
[22:04:05.087] STOP to_move 2 nodes_visited 1991
[22:04:05.089] START to_move 1
[22:04:05.166] STOP to_move 1 nodes_visited 1273
[22:04:05.166] START to_move 2
[22:04:05.215] STOP to_move 2 nodes_visited 813
[22:04:05.215] START to_move 1
[22:04:05.294] STOP to_move 1 nodes_visited 1273
[22:04:05.294] START to_move 2
[22:04:05.334] STOP to_move 2 nodes_visited 681
[22:04:05.334] START to_move 1
[22:04:05.366] STOP to_move 1 nodes_visited 539
[22:04:05.367] START to_move 2
[22:04:05.385] STOP to_move 2 nodes_visited 321
[22:04:05.386] START to_move 1
[22:04:05.410] STOP to_move 1 nodes_visited 410
[22:04:05.410] START to_move 2
[22:04:05.431] STOP to_move 2 nodes_visited 368
[22:04:05.432] START to_move 1
[22:04:05.470] STOP to_move 1 nodes_visited 611
[22:04:05.470] START to_move 2
[22:04:05.492] STOP to_move 2 nodes_visited 390
[22:04:05.492] START to_move 1
[22:04:05.510] STOP to_move 1 nodes_visited 300
[22:04:05.510] START to_move 2
[22:04:05.531] STOP to_move 2 nodes_visited 363
[22:04:05.532] START to_move 1
[22:04:05.559] STOP to_move 1 nodes_visited 454
[22:04:05.559] START to_move 2
[22:04:05.569] STOP to_move 2 nodes_visited 177
[22:04:05.569] START to_move 1
[22:04:05.594] STOP to_move 1 nodes_visited 426
[22:04:05.594] START to_move 2
[22:04:05.609] STOP to_move 2 nodes_visited 259
[22:04:05.609] START to_move 1
[22:04:05.644] STOP to_move 1 nodes_visited 581
[22:04:05.644] START to_move 2
[22:04:05.659] STOP to_move 2 nodes_visited 259
[22:04:05.659] START to_move 1
[22:04:05.691] STOP to_move 1 nodes_visited 523
[22:04:05.691] START to_move 2
[22:04:05.706] STOP to_move 2 nodes_visited 263
[22:04:05.706] START to_move 1
[22:04:05.746] STOP to_move 1 nodes_visited 625
[22:04:05.746] START to_move 2
[22:04:05.761] STOP to_move 2 nodes_visited 274
[22:04:05.761] START to_move 1
[22:04:05.792] STOP to_move 1 nodes_visited 514
[22:04:05.792] START to_move 2
[22:04:05.807] STOP to_move 2 nodes_visited 251
[22:04:05.807] START to_move 1
[22:04:05.833] STOP to_move 1 nodes_visited 430
[22:04:05.833] START to_move 2
[22:04:05.859] STOP to_move 2 nodes_visited 463
[22:04:05.860] START to_move 1
[22:04:05.887] STOP to_move 1 nodes_visited 447
[22:04:05.887] START to_move 2
[22:04:05.914] STOP to_move 2 nodes_visited 463
[22:04:05.914] START to_move 1
[22:04:05.940] STOP to_move 1 nodes_visited 431
[22:04:05.940] START to_move 2
[22:04:05.966] STOP to_move 2 nodes_visited 459
[22:04:05.967] START to_move 1
[22:04:05.989] STOP to_move 1 nodes_visited 368
[22:04:05.989] START to_move 2
[22:04:06.015] STOP to_move 2 nodes_visited 459
[22:04:06.016] START to_move 1
[22:04:06.034] STOP to_move 1 nodes_visited 277
[22:04:06.034] START to_move 2
[22:04:06.048] STOP to_move 2 nodes_visited 246
[22:04:06.048] START to_move 1
[22:04:06.069] STOP to_move 1 nodes_visited 350
[22:04:06.069] START to_move 2
[22:04:06.083] STOP to_move 2 nodes_visited 244
[22:04:06.083] START to_move 1
[22:04:06.104] STOP to_move 1 nodes_visited 350
[22:04:06.104] START to_move 2
[22:04:06.116] STOP to_move 2 nodes_visited 206
[22:04:06.116] START to_move 1
[22:04:06.131] STOP to_move 1 nodes_visited 254
[22:04:06.132] START to_move 2
[22:04:06.143] STOP to_move 2 nodes_visited 206
[22:04:06.143] START to_move 1
[22:04:06.160] STOP to_move 1 nodes_visited 286
[22:04:06.160] START to_move 2
[22:04:06.172] STOP to_move 2 nodes_visited 206
[22:04:06.172] START to_move 1
[22:04:06.190] STOP to_move 1 nodes_visited 295
[22:04:06.190] START to_move 2
[22:04:06.199] STOP to_move 2 nodes_visited 155
[22:04:06.199] START to_move 1
[22:04:06.213] STOP to_move 1 nodes_visited 229
[22:04:06.213] START to_move 2
[22:04:06.222] STOP to_move 2 nodes_visited 150
[22:04:06.222] START to_move 1
[22:04:06.237] STOP to_move 1 nodes_visited 256
[22:04:06.237] START to_move 2
[22:04:06.245] STOP to_move 2 nodes_visited 152
[22:04:06.246] START to_move 1
[22:04:06.260] STOP to_move 1 nodes_visited 250
[22:04:06.261] START to_move 2
[22:04:06.269] STOP to_move 2 nodes_visited 148
[22:04:06.269] START to_move 1
[22:04:06.288] STOP to_move 1 nodes_visited 319
[22:04:06.288] START to_move 2
[22:04:06.297] STOP to_move 2 nodes_visited 148
[22:04:06.297] START to_move 1
[22:04:06.311] STOP to_move 1 nodes_visited 238
[22:04:06.311] START to_move 2
[22:04:06.319] STOP to_move 2 nodes_visited 142
[22:04:06.319] START to_move 1
[22:04:06.338] STOP to_move 1 nodes_visited 299
[22:04:06.338] START to_move 2
[22:04:06.346] STOP to_move 2 nodes_visited 140
[22:04:06.346] START to_move 1
[22:04:06.360] STOP to_move 1 nodes_visited 235
[22:04:06.360] START to_move 2
[22:04:06.368] STOP to_move 2 nodes_visited 140
[22:04:06.368] START to_move 1
[22:04:06.386] STOP to_move 1 nodes_visited 299
[22:04:06.386] START to_move 2
[22:04:06.394] STOP to_move 2 nodes_visited 140
[22:04:06.394] START to_move 1
[22:04:06.408] STOP to_move 1 nodes_visited 229
[22:04:06.408] START to_move 2
[22:04:06.416] STOP to_move 2 nodes_visited 140
[22:04:06.416] START to_move 1
[22:04:06.432] STOP to_move 1 nodes_visited 277
[22:04:06.433] START to_move 2
[22:04:06.440] STOP to_move 2 nodes_visited 138
[22:04:06.440] START to_move 1
[22:04:06.456] STOP to_move 1 nodes_visited 259
[22:04:06.456] START to_move 2
[22:04:06.464] STOP to_move 2 nodes_visited 138
[22:04:06.464] START to_move 1
[22:04:06.482] STOP to_move 1 nodes_visited 311
[22:04:06.483] START to_move 2
[22:04:06.490] STOP to_move 2 nodes_visited 138
[22:04:06.490] START to_move 1
[22:04:06.506] STOP to_move 1 nodes_visited 259
[22:04:06.506] START to_move 2
[22:04:06.514] STOP to_move 2 nodes_visited 138
[22:04:06.514] START to_move 1
[22:04:06.530] STOP to_move 1 nodes_visited 277
[22:04:06.530] START to_move 2
[22:04:06.538] STOP to_move 2 nodes_visited 136
[22:04:06.538] START to_move 1
[22:04:06.551] STOP to_move 1 nodes_visited 214
[22:04:06.551] START to_move 2
[22:04:06.558] STOP to_move 2 nodes_visited 134
[22:04:06.559] START to_move 1
[22:04:06.572] STOP to_move 1 nodes_visited 216
[22:04:06.572] START to_move 2
[22:04:06.580] STOP to_move 2 nodes_visited 148
[22:04:06.580] START to_move 1
[22:04:06.593] STOP to_move 1 nodes_visited 226
[22:04:06.593] START to_move 2
[22:04:06.601] STOP to_move 2 nodes_visited 136
[22:04:06.601] START to_move 1
[22:04:06.617] STOP to_move 1 nodes_visited 273
[22:04:06.618] START to_move 2
[22:04:06.625] STOP to_move 2 nodes_visited 138
[22:04:06.625] START to_move 1
[22:04:06.643] STOP to_move 1 nodes_visited 304
[22:04:06.643] START to_move 2
[22:04:06.652] STOP to_move 2 nodes_visited 136
[22:04:06.652] START to_move 1
[22:04:06.672] STOP to_move 1 nodes_visited 323
[22:04:06.672] START to_move 2
[22:04:06.680] STOP to_move 2 nodes_visited 132
[22:04:06.680] START to_move 1
[22:04:06.696] STOP to_move 1 nodes_visited 262
[22:04:06.696] START to_move 2
[22:04:06.703] STOP to_move 2 nodes_visited 132
[22:04:06.703] START to_move 1
[22:04:06.722] STOP to_move 1 nodes_visited 313
[22:04:06.722] START to_move 2
[22:04:06.730] STOP to_move 2 nodes_visited 132
[22:04:06.730] START to_move 1
[22:04:06.745] STOP to_move 1 nodes_visited 253
[22:04:06.745] START to_move 2
[22:04:06.752] STOP to_move 2 nodes_visited 130
[22:04:06.753] START to_move 1
[22:04:06.774] STOP to_move 1 nodes_visited 347
[22:04:06.774] START to_move 2
[22:04:06.781] STOP to_move 2 nodes_visited 128
[22:04:06.781] START to_move 1
[22:04:06.799] STOP to_move 1 nodes_visited 301
[22:04:06.799] START to_move 2
[22:04:06.806] STOP to_move 2 nodes_visited 128
[22:04:06.807] START to_move 1
[22:04:06.828] STOP to_move 1 nodes_visited 347
[22:04:06.828] START to_move 2
[22:04:06.835] STOP to_move 2 nodes_visited 128
[22:04:06.835] START to_move 1
[22:04:06.850] STOP to_move 1 nodes_visited 253
[22:04:06.850] START to_move 2
[22:04:06.857] STOP to_move 2 nodes_visited 130
[22:04:06.857] START to_move 1
[22:04:06.870] STOP to_move 1 nodes_visited 215
[22:04:06.870] START to_move 2
[22:04:06.883] STOP to_move 2 nodes_visited 220
[22:04:06.883] START to_move 1
[22:04:06.899] STOP to_move 1 nodes_visited 256
[22:04:06.899] START to_move 2
[22:04:06.906] STOP to_move 2 nodes_visited 130
[22:04:06.906] START to_move 1
[22:04:06.915] STOP to_move 1 nodes_visited 152
[22:04:06.915] START to_move 2
[22:04:06.922] STOP to_move 2 nodes_visited 116
[22:04:06.922] START to_move 1
[22:04:06.927] STOP to_move 1 nodes_visited 81
[22:04:06.927] START to_move 2
[22:04:06.948] STOP to_move 2 nodes_visited 363
[22:04:06.948] START to_move 1
[22:04:06.961] STOP to_move 1 nodes_visited 193
[22:04:06.961] START to_move 2
[22:04:06.979] STOP to_move 2 nodes_visited 307
[22:04:06.979] START to_move 1
[22:04:06.987] STOP to_move 1 nodes_visited 130
[22:04:06.988] END winner 1 - rounds 283
