[21:37:46.570] 1 - distance_function euclides - pruning True
[21:37:46.570] 2 - distance_function chebyshev - pruning True
[21:37:46.570] START to_move 1
[21:37:46.673] STOP to_move 1 nodes_visited 1629
[21:37:46.674] START to_move 2
[21:37:46.731] STOP to_move 2 nodes_visited 923
[21:37:46.732] START to_move 1
[21:37:46.836] STOP to_move 1 nodes_visited 1559
[21:37:46.837] START to_move 2
[21:37:46.898] STOP to_move 2 nodes_visited 950
[21:37:46.898] START to_move 1
[21:37:46.944] STOP to_move 1 nodes_visited 753
[21:37:46.944] START to_move 2
[21:37:46.985] STOP to_move 2 nodes_visited 668
[21:37:46.985] START to_move 1
[21:37:47.023] STOP to_move 1 nodes_visited 638
[21:37:47.024] START to_move 2
[21:37:47.056] STOP to_move 2 nodes_visited 525
[21:37:47.056] START to_move 1
[21:37:47.108] STOP to_move 1 nodes_visited 844
[21:37:47.108] START to_move 2
[21:37:47.139] STOP to_move 2 nodes_visited 515
[21:37:47.140] START to_move 1
[21:37:47.183] STOP to_move 1 nodes_visited 733
[21:37:47.183] START to_move 2
[21:37:47.243] STOP to_move 2 nodes_visited 969
[21:37:47.243] START to_move 1
[21:37:47.379] STOP to_move 1 nodes_visited 2189
[21:37:47.380] START to_move 2
[21:37:47.438] STOP to_move 2 nodes_visited 948
[21:37:47.439] START to_move 1
[21:37:47.492] STOP to_move 1 nodes_visited 903
[21:37:47.492] START to_move 2
[21:37:47.550] STOP to_move 2 nodes_visited 946
[21:37:47.551] START to_move 1
[21:37:47.621] STOP to_move 1 nodes_visited 1161
[21:37:47.621] START to_move 2
[21:37:47.680] STOP to_move 2 nodes_visited 935
[21:37:47.681] START to_move 1
[21:37:47.807] STOP to_move 1 nodes_visited 1994
[21:37:47.808] START to_move 2
[21:37:47.867] STOP to_move 2 nodes_visited 949
[21:37:47.867] START to_move 1
[21:37:47.987] STOP to_move 1 nodes_visited 1859
[21:37:47.988] START to_move 2
[21:37:48.047] STOP to_move 2 nodes_visited 949
[21:37:48.047] START to_move 1
[21:37:48.105] STOP to_move 1 nodes_visited 959
[21:37:48.106] START to_move 2
[21:37:48.165] STOP to_move 2 nodes_visited 960
[21:37:48.165] START to_move 1
[21:37:48.271] STOP to_move 1 nodes_visited 1692
[21:37:48.272] START to_move 2
[21:37:48.337] STOP to_move 2 nodes_visited 1045
[21:37:48.337] START to_move 1
[21:37:48.436] STOP to_move 1 nodes_visited 1578
[21:37:48.437] START to_move 2
[21:37:48.502] STOP to_move 2 nodes_visited 1024
[21:37:48.502] START to_move 1
[21:37:48.610] STOP to_move 1 nodes_visited 1696
[21:37:48.611] START to_move 2
[21:37:48.687] STOP to_move 2 nodes_visited 1134
[21:37:48.688] START to_move 1
[21:37:48.746] STOP to_move 1 nodes_visited 918
[21:37:48.746] START to_move 2
[21:37:48.818] STOP to_move 2 nodes_visited 1057
[21:37:48.819] START to_move 1
[21:37:48.874] STOP to_move 1 nodes_visited 920
[21:37:48.875] START to_move 2
[21:37:48.947] STOP to_move 2 nodes_visited 1072
[21:37:48.948] START to_move 1
[21:37:49.001] STOP to_move 1 nodes_visited 895
[21:37:49.001] START to_move 2
[21:37:49.055] STOP to_move 2 nodes_visited 842
[21:37:49.056] START to_move 1
[21:37:49.131] STOP to_move 1 nodes_visited 1231
[21:37:49.132] START to_move 2
[21:37:49.205] STOP to_move 2 nodes_visited 1084
[21:37:49.205] START to_move 1
[21:37:49.277] STOP to_move 1 nodes_visited 1173
[21:37:49.278] START to_move 2
[21:37:49.342] STOP to_move 2 nodes_visited 960
[21:37:49.342] START to_move 1
[21:37:49.412] STOP to_move 1 nodes_visited 1161
[21:37:49.413] START to_move 2
[21:37:49.475] STOP to_move 2 nodes_visited 960
[21:37:49.475] START to_move 1
[21:37:49.540] STOP to_move 1 nodes_visited 1093
[21:37:49.541] START to_move 2
[21:37:49.623] STOP to_move 2 nodes_visited 1239
[21:37:49.623] START to_move 1
[21:37:49.688] STOP to_move 1 nodes_visited 1072
[21:37:49.688] START to_move 2
[21:37:49.750] STOP to_move 2 nodes_visited 960
[21:37:49.751] START to_move 1
[21:37:49.816] STOP to_move 1 nodes_visited 1090
[21:37:49.817] START to_move 2
[21:37:49.881] STOP to_move 2 nodes_visited 960
[21:37:49.881] START to_move 1
[21:37:49.926] STOP to_move 1 nodes_visited 746
[21:37:49.926] START to_move 2
[21:37:49.987] STOP to_move 2 nodes_visited 937
[21:37:49.987] START to_move 1
[21:37:50.028] STOP to_move 1 nodes_visited 686
[21:37:50.029] START to_move 2
[21:37:50.090] STOP to_move 2 nodes_visited 938
[21:37:50.091] START to_move 1
[21:37:50.128] STOP to_move 1 nodes_visited 622
[21:37:50.128] START to_move 2
[21:37:50.191] STOP to_move 2 nodes_visited 948
[21:37:50.192] START to_move 1
[21:37:50.230] STOP to_move 1 nodes_visited 634
[21:37:50.230] START to_move 2
[21:37:50.291] STOP to_move 2 nodes_visited 948
[21:37:50.292] START to_move 1
[21:37:50.330] STOP to_move 1 nodes_visited 634
[21:37:50.330] START to_move 2
[21:37:50.390] STOP to_move 2 nodes_visited 927
[21:37:50.391] START to_move 1
[21:37:50.421] STOP to_move 1 nodes_visited 499
[21:37:50.421] START to_move 2
[21:37:50.484] STOP to_move 2 nodes_visited 947
[21:37:50.485] START to_move 1
[21:37:50.517] STOP to_move 1 nodes_visited 531
[21:37:50.517] START to_move 2
[21:37:50.580] STOP to_move 2 nodes_visited 969
[21:37:50.580] START to_move 1
[21:37:50.609] STOP to_move 1 nodes_visited 495
[21:37:50.610] START to_move 2
[21:37:50.671] STOP to_move 2 nodes_visited 944
[21:37:50.672] START to_move 1
[21:37:50.697] STOP to_move 1 nodes_visited 430
[21:37:50.697] START to_move 2
[21:37:50.760] STOP to_move 2 nodes_visited 933
[21:37:50.761] START to_move 1
[21:37:50.787] STOP to_move 1 nodes_visited 449
[21:37:50.788] START to_move 2
[21:37:50.850] STOP to_move 2 nodes_visited 954
[21:37:50.850] START to_move 1
[21:37:50.873] STOP to_move 1 nodes_visited 382
[21:37:50.874] START to_move 2
[21:37:50.895] STOP to_move 2 nodes_visited 348
[21:37:50.895] START to_move 1
[21:37:50.940] STOP to_move 1 nodes_visited 742
[21:37:50.940] START to_move 2
[21:37:50.968] STOP to_move 2 nodes_visited 462
[21:37:50.968] START to_move 1
[21:37:50.989] STOP to_move 1 nodes_visited 357
[21:37:50.990] START to_move 2
[21:37:51.011] STOP to_move 2 nodes_visited 346
[21:37:51.011] START to_move 1
[21:37:51.036] STOP to_move 1 nodes_visited 428
[21:37:51.037] START to_move 2
[21:37:51.060] STOP to_move 2 nodes_visited 368
[21:37:51.061] START to_move 1
[21:37:51.096] STOP to_move 1 nodes_visited 577
[21:37:51.096] START to_move 2
[21:37:51.118] STOP to_move 2 nodes_visited 368
[21:37:51.119] START to_move 1
[21:37:51.154] STOP to_move 1 nodes_visited 563
[21:37:51.154] START to_move 2
[21:37:51.176] STOP to_move 2 nodes_visited 356
[21:37:51.176] START to_move 1
[21:37:51.210] STOP to_move 1 nodes_visited 562
[21:37:51.210] START to_move 2
[21:37:51.275] STOP to_move 2 nodes_visited 1038
[21:37:51.276] START to_move 1
[21:37:51.324] STOP to_move 1 nodes_visited 784
[21:37:51.325] START to_move 2
[21:37:51.348] STOP to_move 2 nodes_visited 380
[21:37:51.348] START to_move 1
[21:37:51.385] STOP to_move 1 nodes_visited 588
[21:37:51.386] START to_move 2
[21:37:51.408] STOP to_move 2 nodes_visited 376
[21:37:51.409] START to_move 1
[21:37:51.444] STOP to_move 1 nodes_visited 583
[21:37:51.445] START to_move 2
[21:37:51.467] STOP to_move 2 nodes_visited 367
[21:37:51.467] START to_move 1
[21:37:51.503] STOP to_move 1 nodes_visited 588
[21:37:51.503] START to_move 2
[21:37:51.526] STOP to_move 2 nodes_visited 380
[21:37:51.526] START to_move 1
[21:37:51.563] STOP to_move 1 nodes_visited 593
[21:37:51.563] START to_move 2
[21:37:51.614] STOP to_move 2 nodes_visited 820
[21:37:51.615] START to_move 1
[21:37:51.652] STOP to_move 1 nodes_visited 581
[21:37:51.652] START to_move 2
[21:37:51.675] STOP to_move 2 nodes_visited 372
[21:37:51.675] START to_move 1
[21:37:51.704] STOP to_move 1 nodes_visited 473
[21:37:51.704] START to_move 2
[21:37:51.726] STOP to_move 2 nodes_visited 359
[21:37:51.726] START to_move 1
[21:37:51.752] STOP to_move 1 nodes_visited 417
[21:37:51.752] START to_move 2
[21:37:51.775] STOP to_move 2 nodes_visited 390
[21:37:51.776] START to_move 1
[21:37:51.799] STOP to_move 1 nodes_visited 385
[21:37:51.799] START to_move 2
[21:37:51.822] STOP to_move 2 nodes_visited 376
[21:37:51.822] START to_move 1
[21:37:51.874] STOP to_move 1 nodes_visited 850
[21:37:51.874] START to_move 2
[21:37:51.896] STOP to_move 2 nodes_visited 353
[21:37:51.896] START to_move 1
[21:37:51.951] STOP to_move 1 nodes_visited 886
[21:37:51.952] START to_move 2
[21:37:51.974] STOP to_move 2 nodes_visited 363
[21:37:51.974] START to_move 1
[21:37:52.028] STOP to_move 1 nodes_visited 879
[21:37:52.028] START to_move 2
[21:37:52.053] STOP to_move 2 nodes_visited 412
[21:37:52.053] START to_move 1
[21:37:52.095] STOP to_move 1 nodes_visited 694
[21:37:52.095] START to_move 2
[21:37:52.117] STOP to_move 2 nodes_visited 357
[21:37:52.118] START to_move 1
[21:37:52.227] STOP to_move 1 nodes_visited 1696
[21:37:52.228] START to_move 2
[21:37:52.250] STOP to_move 2 nodes_visited 377
[21:37:52.251] START to_move 1
[21:37:52.346] STOP to_move 1 nodes_visited 1537
[21:37:52.347] START to_move 2
[21:37:52.371] STOP to_move 2 nodes_visited 398
[21:37:52.371] START to_move 1
[21:37:52.413] STOP to_move 1 nodes_visited 687
[21:37:52.413] START to_move 2
[21:37:52.435] STOP to_move 2 nodes_visited 367
[21:37:52.436] START to_move 1
[21:37:52.483] STOP to_move 1 nodes_visited 773
[21:37:52.483] START to_move 2
[21:37:52.505] STOP to_move 2 nodes_visited 368
[21:37:52.505] START to_move 1
[21:37:52.609] STOP to_move 1 nodes_visited 1646
[21:37:52.609] START to_move 2
[21:37:52.628] STOP to_move 2 nodes_visited 307
[21:37:52.628] START to_move 1
[21:37:52.644] STOP to_move 1 nodes_visited 273
[21:37:52.644] START to_move 2
[21:37:52.656] STOP to_move 2 nodes_visited 190
[21:37:52.656] START to_move 1
[21:37:52.675] STOP to_move 1 nodes_visited 316
[21:37:52.675] START to_move 2
[21:37:52.686] STOP to_move 2 nodes_visited 178
[21:37:52.686] START to_move 1
[21:37:52.698] STOP to_move 1 nodes_visited 209
[21:37:52.699] START to_move 2
[21:37:52.709] STOP to_move 2 nodes_visited 175
[21:37:52.709] START to_move 1
[21:37:52.721] STOP to_move 1 nodes_visited 199
[21:37:52.721] START to_move 2
[21:37:52.731] STOP to_move 2 nodes_visited 182
[21:37:52.731] START to_move 1
[21:37:52.756] STOP to_move 1 nodes_visited 415
[21:37:52.757] START to_move 2
[21:37:52.767] STOP to_move 2 nodes_visited 179
[21:37:52.767] START to_move 1
[21:37:52.787] STOP to_move 1 nodes_visited 337
[21:37:52.787] START to_move 2
[21:37:52.797] STOP to_move 2 nodes_visited 179
[21:37:52.798] START to_move 1
[21:37:52.819] STOP to_move 1 nodes_visited 337
[21:37:52.819] START to_move 2
[21:37:52.830] STOP to_move 2 nodes_visited 179
[21:37:52.830] START to_move 1
[21:37:52.850] STOP to_move 1 nodes_visited 339
[21:37:52.850] START to_move 2
[21:37:52.860] STOP to_move 2 nodes_visited 179
[21:37:52.861] START to_move 1
[21:37:52.881] STOP to_move 1 nodes_visited 339
[21:37:52.881] START to_move 2
[21:37:52.892] STOP to_move 2 nodes_visited 181
[21:37:52.892] START to_move 1
[21:37:52.911] STOP to_move 1 nodes_visited 316
[21:37:52.911] START to_move 2
[21:37:52.922] STOP to_move 2 nodes_visited 183
[21:37:52.922] START to_move 1
[21:37:52.941] STOP to_move 1 nodes_visited 316
[21:37:52.941] START to_move 2
[21:37:52.950] STOP to_move 2 nodes_visited 160
[21:37:52.951] START to_move 1
[21:37:52.967] STOP to_move 1 nodes_visited 270
[21:37:52.967] START to_move 2
[21:37:52.977] STOP to_move 2 nodes_visited 176
[21:37:52.977] START to_move 1
[21:37:52.988] STOP to_move 1 nodes_visited 184
[21:37:52.988] START to_move 2
[21:37:52.998] STOP to_move 2 nodes_visited 157
[21:37:52.998] START to_move 1
[21:37:53.003] STOP to_move 1 nodes_visited 89
[21:37:53.003] START to_move 2
[21:37:53.012] STOP to_move 2 nodes_visited 159
[21:37:53.013] START to_move 1
[21:37:53.022] STOP to_move 1 nodes_visited 159
[21:37:53.022] START to_move 2
[21:37:53.032] STOP to_move 2 nodes_visited 158
[21:37:53.032] START to_move 1
[21:37:53.043] STOP to_move 1 nodes_visited 184
[21:37:53.043] START to_move 2
[21:37:53.079] STOP to_move 2 nodes_visited 571
[21:37:53.079] START to_move 1
[21:37:53.107] STOP to_move 1 nodes_visited 443
[21:37:53.107] START to_move 2
[21:37:53.118] STOP to_move 2 nodes_visited 158
[21:37:53.118] START to_move 1
[21:37:53.135] STOP to_move 1 nodes_visited 283
[21:37:53.136] START to_move 2
[21:37:53.145] STOP to_move 2 nodes_visited 158
[21:37:53.145] START to_move 1
[21:37:53.163] STOP to_move 1 nodes_visited 283
[21:37:53.164] START to_move 2
[21:37:53.188] STOP to_move 2 nodes_visited 375
[21:37:53.188] START to_move 1
[21:37:53.210] STOP to_move 1 nodes_visited 352
[21:37:53.210] START to_move 2
[21:37:53.221] STOP to_move 2 nodes_visited 181
[21:37:53.221] START to_move 1
[21:37:53.234] STOP to_move 1 nodes_visited 192
[21:37:53.234] START to_move 2
[21:37:53.242] STOP to_move 2 nodes_visited 132
[21:37:53.242] START to_move 1
[21:37:53.247] STOP to_move 1 nodes_visited 75
[21:37:53.247] START to_move 2
[21:37:53.255] STOP to_move 2 nodes_visited 135
[21:37:53.255] START to_move 1
[21:37:53.265] STOP to_move 1 nodes_visited 154
[21:37:53.265] START to_move 2
[21:37:53.273] STOP to_move 2 nodes_visited 126
[21:37:53.273] START to_move 1
[21:37:53.278] STOP to_move 1 nodes_visited 75
[21:37:53.278] START to_move 2
[21:37:53.286] STOP to_move 2 nodes_visited 131
[21:37:53.286] START to_move 1
[21:37:53.296] STOP to_move 1 nodes_visited 154
[21:37:53.296] START to_move 2
[21:37:53.304] STOP to_move 2 nodes_visited 126
[21:37:53.304] START to_move 1
[21:37:53.309] STOP to_move 1 nodes_visited 75
[21:37:53.309] START to_move 2
[21:37:53.317] STOP to_move 2 nodes_visited 133
[21:37:53.317] START to_move 1
[21:37:53.329] STOP to_move 1 nodes_visited 183
[21:37:53.329] START to_move 2
[21:37:53.336] STOP to_move 2 nodes_visited 120
[21:37:53.336] START to_move 1
[21:37:53.341] STOP to_move 1 nodes_visited 75
[21:37:53.341] START to_move 2
[21:37:53.349] STOP to_move 2 nodes_visited 127
[21:37:53.349] START to_move 1
[21:37:53.360] STOP to_move 1 nodes_visited 164
[21:37:53.360] START to_move 2
[21:37:53.367] STOP to_move 2 nodes_visited 118
[21:37:53.367] START to_move 1
[21:37:53.372] STOP to_move 1 nodes_visited 76
[21:37:53.372] START to_move 2
[21:37:53.380] STOP to_move 2 nodes_visited 133
[21:37:53.380] START to_move 1
[21:37:53.392] STOP to_move 1 nodes_visited 180
[21:37:53.392] START to_move 2
[21:37:53.399] STOP to_move 2 nodes_visited 124
[21:37:53.400] START to_move 1
[21:37:53.404] STOP to_move 1 nodes_visited 76
[21:37:53.404] START to_move 2
[21:37:53.412] STOP to_move 2 nodes_visited 133
[21:37:53.412] START to_move 1
[21:37:53.424] STOP to_move 1 nodes_visited 180
[21:37:53.424] START to_move 2
[21:37:53.432] STOP to_move 2 nodes_visited 124
[21:37:53.432] START to_move 1
[21:37:53.437] STOP to_move 1 nodes_visited 76
[21:37:53.437] START to_move 2
[21:37:53.445] STOP to_move 2 nodes_visited 129
[21:37:53.445] START to_move 1
[21:37:53.458] STOP to_move 1 nodes_visited 180
[21:37:53.458] START to_move 2
[21:37:53.465] STOP to_move 2 nodes_visited 120
[21:37:53.465] START to_move 1
[21:37:53.470] STOP to_move 1 nodes_visited 76
[21:37:53.470] START to_move 2
[21:37:53.478] STOP to_move 2 nodes_visited 129
[21:37:53.478] START to_move 1
[21:37:53.489] STOP to_move 1 nodes_visited 168
[21:37:53.489] START to_move 2
[21:37:53.496] STOP to_move 2 nodes_visited 108
[21:37:53.496] START to_move 1
[21:37:53.501] STOP to_move 1 nodes_visited 73
[21:37:53.501] START to_move 2
[21:37:53.508] STOP to_move 2 nodes_visited 117
[21:37:53.508] START to_move 1
[21:37:53.519] STOP to_move 1 nodes_visited 161
[21:37:53.519] START to_move 2
[21:37:53.526] STOP to_move 2 nodes_visited 106
[21:37:53.526] START to_move 1
[21:37:53.530] STOP to_move 1 nodes_visited 72
[21:37:53.530] START to_move 2
[21:37:53.538] STOP to_move 2 nodes_visited 113
[21:37:53.538] START to_move 1
[21:37:53.547] STOP to_move 1 nodes_visited 144
[21:37:53.547] START to_move 2
[21:37:53.553] STOP to_move 2 nodes_visited 103
[21:37:53.553] START to_move 1
[21:37:53.558] STOP to_move 1 nodes_visited 67
[21:37:53.558] START to_move 2
[21:37:53.565] STOP to_move 2 nodes_visited 117
[21:37:53.565] START to_move 1
[21:37:53.574] STOP to_move 1 nodes_visited 136
[21:37:53.574] START to_move 2
[21:37:53.580] STOP to_move 2 nodes_visited 98
[21:37:53.580] START to_move 1
[21:37:53.584] STOP to_move 1 nodes_visited 58
[21:37:53.584] START to_move 2
[21:37:53.590] STOP to_move 2 nodes_visited 99
[21:37:53.590] START to_move 1
[21:37:53.598] STOP to_move 1 nodes_visited 132
[21:37:53.598] START to_move 2
[21:37:53.604] STOP to_move 2 nodes_visited 96
[21:37:53.604] START to_move 1
[21:37:53.608] STOP to_move 1 nodes_visited 60
[21:37:53.608] START to_move 2
[21:37:53.614] STOP to_move 2 nodes_visited 99
[21:37:53.614] START to_move 1
[21:37:53.623] STOP to_move 1 nodes_visited 132
[21:37:53.623] START to_move 2
[21:37:53.628] STOP to_move 2 nodes_visited 87
[21:37:53.629] START to_move 1
[21:37:53.634] STOP to_move 1 nodes_visited 76
[21:37:53.634] START to_move 2
[21:37:53.640] STOP to_move 2 nodes_visited 103
[21:37:53.641] START to_move 1
[21:37:53.650] STOP to_move 1 nodes_visited 146
[21:37:53.650] START to_move 2
[21:37:53.656] STOP to_move 2 nodes_visited 89
[21:37:53.656] START to_move 1
[21:37:53.661] STOP to_move 1 nodes_visited 67
[21:37:53.661] START to_move 2
[21:37:53.667] STOP to_move 2 nodes_visited 99
[21:37:53.667] START to_move 1
[21:37:53.676] STOP to_move 1 nodes_visited 131
[21:37:53.676] START to_move 2
[21:37:53.681] STOP to_move 2 nodes_visited 85
[21:37:53.681] START to_move 1
[21:37:53.685] STOP to_move 1 nodes_visited 53
[21:37:53.685] START to_move 2
[21:37:53.691] STOP to_move 2 nodes_visited 99
[21:37:53.691] START to_move 1
[21:37:53.700] STOP to_move 1 nodes_visited 134
[21:37:53.700] START to_move 2
[21:37:53.705] STOP to_move 2 nodes_visited 88
[21:37:53.705] START to_move 1
[21:37:53.709] STOP to_move 1 nodes_visited 56
[21:37:53.709] START to_move 2
[21:37:53.715] STOP to_move 2 nodes_visited 93
[21:37:53.715] START to_move 1
[21:37:53.722] STOP to_move 1 nodes_visited 104
[21:37:53.722] START to_move 2
[21:37:53.726] STOP to_move 2 nodes_visited 77
[21:37:53.727] START to_move 1
[21:37:53.729] STOP to_move 1 nodes_visited 46
[21:37:53.729] START to_move 2
[21:37:53.735] STOP to_move 2 nodes_visited 89
[21:37:53.735] START to_move 1
[21:37:53.740] STOP to_move 1 nodes_visited 88
[21:37:53.740] START to_move 2
[21:37:53.745] STOP to_move 2 nodes_visited 71
[21:37:53.745] START to_move 1
[21:37:53.748] STOP to_move 1 nodes_visited 46
[21:37:53.748] START to_move 2
[21:37:53.752] STOP to_move 2 nodes_visited 81
[21:37:53.753] START to_move 1
[21:37:53.758] STOP to_move 1 nodes_visited 82
[21:37:53.758] START to_move 2
[21:37:53.762] STOP to_move 2 nodes_visited 71
[21:37:53.762] START to_move 1
[21:37:53.764] STOP to_move 1 nodes_visited 40
[21:37:53.765] START to_move 2
[21:37:53.769] STOP to_move 2 nodes_visited 75
[21:37:53.769] START to_move 1
[21:37:53.774] STOP to_move 1 nodes_visited 82
[21:37:53.774] START to_move 2
[21:37:53.778] STOP to_move 2 nodes_visited 67
[21:37:53.778] START to_move 1
[21:37:53.781] STOP to_move 1 nodes_visited 37
[21:37:53.781] START to_move 2
[21:37:53.785] STOP to_move 2 nodes_visited 69
[21:37:53.785] START to_move 1
[21:37:53.790] STOP to_move 1 nodes_visited 80
[21:37:53.790] START to_move 2
[21:37:53.794] STOP to_move 2 nodes_visited 65
[21:37:53.794] START to_move 1
[21:37:53.796] STOP to_move 1 nodes_visited 39
[21:37:53.796] START to_move 2
[21:37:53.801] STOP to_move 2 nodes_visited 71
[21:37:53.801] START to_move 1
[21:37:53.805] STOP to_move 1 nodes_visited 72
[21:37:53.805] START to_move 2
[21:37:53.809] STOP to_move 2 nodes_visited 59
[21:37:53.809] START to_move 1
[21:37:53.811] STOP to_move 1 nodes_visited 34
[21:37:53.811] START to_move 2
[21:37:53.815] STOP to_move 2 nodes_visited 65
[21:37:53.815] START to_move 1
[21:37:53.821] STOP to_move 1 nodes_visited 70
[21:37:53.821] START to_move 2
[21:37:53.824] STOP to_move 2 nodes_visited 59
[21:37:53.825] START to_move 1
[21:37:53.827] STOP to_move 1 nodes_visited 33
[21:37:53.827] START to_move 2
[21:37:53.830] STOP to_move 2 nodes_visited 63
[21:37:53.830] START to_move 1
[21:37:53.835] STOP to_move 1 nodes_visited 72
[21:37:53.835] START to_move 2
[21:37:53.838] STOP to_move 2 nodes_visited 57
[21:37:53.839] START to_move 1
[21:37:53.841] STOP to_move 1 nodes_visited 34
[21:37:53.841] START to_move 2
[21:37:53.845] STOP to_move 2 nodes_visited 61
[21:37:53.845] START to_move 1
[21:37:53.848] STOP to_move 1 nodes_visited 62
[21:37:53.848] START to_move 2
[21:37:53.852] STOP to_move 2 nodes_visited 51
[21:37:53.852] START to_move 1
[21:37:53.853] STOP to_move 1 nodes_visited 27
[21:37:53.853] START to_move 2
[21:37:53.856] STOP to_move 2 nodes_visited 49
[21:37:53.857] START to_move 1
[21:37:53.860] STOP to_move 1 nodes_visited 54
[21:37:53.860] START to_move 2
[21:37:53.862] STOP to_move 2 nodes_visited 41
[21:37:53.862] START to_move 1
[21:37:53.864] STOP to_move 1 nodes_visited 26
[21:37:53.864] START to_move 2
[21:37:53.867] STOP to_move 2 nodes_visited 47
[21:37:53.867] START to_move 1
[21:37:53.870] STOP to_move 1 nodes_visited 54
[21:37:53.870] START to_move 2
[21:37:53.873] STOP to_move 2 nodes_visited 41
[21:37:53.873] START to_move 1
[21:37:53.875] STOP to_move 1 nodes_visited 26
[21:37:53.875] START to_move 2
[21:37:53.878] STOP to_move 2 nodes_visited 47
[21:37:53.878] START to_move 1
[21:37:53.880] STOP to_move 1 nodes_visited 45
[21:37:53.880] START to_move 2
[21:37:53.883] STOP to_move 2 nodes_visited 37
[21:37:53.883] START to_move 1
[21:37:53.884] STOP to_move 1 nodes_visited 22
[21:37:53.884] START to_move 2
[21:37:53.887] STOP to_move 2 nodes_visited 45
[21:37:53.887] START to_move 1
[21:37:53.889] STOP to_move 1 nodes_visited 40
[21:37:53.889] START to_move 2
[21:37:53.891] STOP to_move 2 nodes_visited 30
[21:37:53.891] START to_move 1
[21:37:53.892] STOP to_move 1 nodes_visited 18
[21:37:53.892] START to_move 2
[21:37:53.895] STOP to_move 2 nodes_visited 39
[21:37:53.895] START to_move 1
[21:37:53.897] STOP to_move 1 nodes_visited 29
[21:37:53.897] START to_move 2
[21:37:53.898] STOP to_move 2 nodes_visited 26
[21:37:53.898] START to_move 1
[21:37:53.899] STOP to_move 1 nodes_visited 13
[21:37:53.899] START to_move 2
[21:37:53.901] STOP to_move 2 nodes_visited 29
[21:37:53.901] START to_move 1
[21:37:53.903] STOP to_move 1 nodes_visited 27
[21:37:53.903] START to_move 2
[21:37:53.904] STOP to_move 2 nodes_visited 24
[21:37:53.904] START to_move 1
[21:37:53.905] STOP to_move 1 nodes_visited 12
[21:37:53.905] START to_move 2
[21:37:53.907] STOP to_move 2 nodes_visited 27
[21:37:53.907] START to_move 1
[21:37:53.908] STOP to_move 1 nodes_visited 27
[21:37:53.908] START to_move 2
[21:37:53.910] STOP to_move 2 nodes_visited 25
[21:37:53.910] START to_move 1
[21:37:53.911] STOP to_move 1 nodes_visited 16
[21:37:53.911] START to_move 2
[21:37:53.913] STOP to_move 2 nodes_visited 41
[21:37:53.913] START to_move 1
[21:37:53.915] STOP to_move 1 nodes_visited 29
[21:37:53.915] START to_move 2
[21:37:53.917] STOP to_move 2 nodes_visited 26
[21:37:53.917] START to_move 1
[21:37:53.918] STOP to_move 1 nodes_visited 14
[21:37:53.918] START to_move 2
[21:37:53.920] STOP to_move 2 nodes_visited 35
[21:37:53.920] START to_move 1
[21:37:53.922] STOP to_move 1 nodes_visited 29
[21:37:53.922] START to_move 2
[21:37:53.923] STOP to_move 2 nodes_visited 26
[21:37:53.923] START to_move 1
[21:37:53.924] STOP to_move 1 nodes_visited 14
[21:37:53.924] START to_move 2
[21:37:53.926] STOP to_move 2 nodes_visited 31
[21:37:53.926] START to_move 1
[21:37:53.928] STOP to_move 1 nodes_visited 36
[21:37:53.928] START to_move 2
[21:37:53.930] STOP to_move 2 nodes_visited 34
[21:37:53.930] START to_move 1
[21:37:53.931] STOP to_move 1 nodes_visited 11
[21:37:53.931] START to_move 2
[21:37:53.932] STOP to_move 2 nodes_visited 25
[21:37:53.932] START to_move 1
[21:37:53.934] STOP to_move 1 nodes_visited 29
[21:37:53.934] START to_move 2
[21:37:53.936] STOP to_move 2 nodes_visited 23
[21:37:53.936] START to_move 1
[21:37:53.936] STOP to_move 1 nodes_visited 11
[21:37:53.936] START to_move 2
[21:37:53.938] STOP to_move 2 nodes_visited 19
[21:37:53.938] START to_move 1
[21:37:53.939] STOP to_move 1 nodes_visited 29
[21:37:53.939] START to_move 2
[21:37:53.941] STOP to_move 2 nodes_visited 23
[21:37:53.941] START to_move 1
[21:37:53.941] STOP to_move 1 nodes_visited 13
[21:37:53.941] START to_move 2
[21:37:53.943] STOP to_move 2 nodes_visited 25
[21:37:53.943] START to_move 1
[21:37:53.945] STOP to_move 1 nodes_visited 25
[21:37:53.945] START to_move 2
[21:37:53.946] STOP to_move 2 nodes_visited 17
[21:37:53.946] START to_move 1
[21:37:53.947] STOP to_move 1 nodes_visited 12
[21:37:53.947] START to_move 2
[21:37:53.948] STOP to_move 2 nodes_visited 19
[21:37:53.948] START to_move 1
[21:37:53.949] STOP to_move 1 nodes_visited 23
[21:37:53.949] START to_move 2
[21:37:53.950] STOP to_move 2 nodes_visited 16
[21:37:53.950] START to_move 1
[21:37:53.951] STOP to_move 1 nodes_visited 13
[21:37:53.951] START to_move 2
[21:37:53.952] STOP to_move 2 nodes_visited 25
[21:37:53.953] START to_move 1
[21:37:53.955] STOP to_move 1 nodes_visited 33
[21:37:53.955] START to_move 2
[21:37:53.956] STOP to_move 2 nodes_visited 29
[21:37:53.956] START to_move 1
[21:37:53.957] STOP to_move 1 nodes_visited 13
[21:37:53.957] START to_move 2
[21:37:53.959] STOP to_move 2 nodes_visited 27
[21:37:53.959] START to_move 1
[21:37:53.960] STOP to_move 1 nodes_visited 25
[21:37:53.960] START to_move 2
[21:37:53.961] STOP to_move 2 nodes_visited 18
[21:37:53.961] START to_move 1
[21:37:53.962] STOP to_move 1 nodes_visited 12
[21:37:53.962] START to_move 2
[21:37:53.964] STOP to_move 2 nodes_visited 21
[21:37:53.964] START to_move 1
[21:37:53.965] STOP to_move 1 nodes_visited 21
[21:37:53.965] START to_move 2
[21:37:53.966] STOP to_move 2 nodes_visited 12
[21:37:53.966] START to_move 1
[21:37:53.966] STOP to_move 1 nodes_visited 11
[21:37:53.967] START to_move 2
[21:37:53.968] STOP to_move 2 nodes_visited 15
[21:37:53.968] START to_move 1
[21:37:53.970] STOP to_move 1 nodes_visited 35
[21:37:53.970] START to_move 2
[21:37:53.971] STOP to_move 2 nodes_visited 21
[21:37:53.971] START to_move 1
[21:37:53.972] STOP to_move 1 nodes_visited 7
[21:37:53.972] START to_move 2
[21:37:53.972] STOP to_move 2 nodes_visited 13
[21:37:53.972] START to_move 1
[21:37:53.973] STOP to_move 1 nodes_visited 19
[21:37:53.973] START to_move 2
[21:37:53.974] STOP to_move 2 nodes_visited 16
[21:37:53.974] START to_move 1
[21:37:53.975] STOP to_move 1 nodes_visited 6
[21:37:53.975] START to_move 2
[21:37:53.976] STOP to_move 2 nodes_visited 11
[21:37:53.976] START to_move 1
[21:37:53.977] STOP to_move 1 nodes_visited 17
[21:37:53.977] START to_move 2
[21:37:53.977] STOP to_move 2 nodes_visited 13
[21:37:53.977] START to_move 1
[21:37:53.978] STOP to_move 1 nodes_visited 6
[21:37:53.978] START to_move 2
[21:37:53.978] STOP to_move 2 nodes_visited 9
[21:37:53.978] START to_move 1
[21:37:53.979] STOP to_move 1 nodes_visited 17
[21:37:53.979] START to_move 2
[21:37:53.980] STOP to_move 2 nodes_visited 12
[21:37:53.980] START to_move 1
[21:37:53.981] STOP to_move 1 nodes_visited 5
[21:37:53.981] START to_move 2
[21:37:53.981] STOP to_move 2 nodes_visited 9
[21:37:53.981] START to_move 1
[21:37:53.982] STOP to_move 1 nodes_visited 13
[21:37:53.982] START to_move 2
[21:37:53.982] STOP to_move 2 nodes_visited 8
[21:37:53.983] START to_move 1
[21:37:53.983] STOP to_move 1 nodes_visited 9
[21:37:53.983] START to_move 2
[21:37:53.984] STOP to_move 2 nodes_visited 15
[21:37:53.984] START to_move 1
[21:37:53.985] STOP to_move 1 nodes_visited 21
[21:37:53.985] START to_move 2
[21:37:53.986] STOP to_move 2 nodes_visited 14
[21:37:53.986] START to_move 1
[21:37:53.987] STOP to_move 1 nodes_visited 8
[21:37:53.987] START to_move 2
[21:37:53.988] STOP to_move 2 nodes_visited 13
[21:37:53.988] START to_move 1
[21:37:53.989] STOP to_move 1 nodes_visited 21
[21:37:53.989] START to_move 2
[21:37:53.990] STOP to_move 2 nodes_visited 14
[21:37:53.990] START to_move 1
[21:37:53.990] STOP to_move 1 nodes_visited 4
[21:37:53.990] START to_move 2
[21:37:53.990] STOP to_move 2 nodes_visited 7
[21:37:53.991] START to_move 1
[21:37:53.991] STOP to_move 1 nodes_visited 15
[21:37:53.992] START to_move 2
[21:37:53.992] STOP to_move 2 nodes_visited 8
[21:37:53.992] START to_move 1
[21:37:53.992] STOP to_move 1 nodes_visited 5
[21:37:53.992] START to_move 2
[21:37:53.993] STOP to_move 2 nodes_visited 13
[21:37:53.993] START to_move 1
[21:37:53.994] STOP to_move 1 nodes_visited 17
[21:37:53.994] START to_move 2
[21:37:53.995] STOP to_move 2 nodes_visited 11
[21:37:53.995] START to_move 1
[21:37:53.995] STOP to_move 1 nodes_visited 6
[21:37:53.995] START to_move 2
[21:37:53.996] STOP to_move 2 nodes_visited 9
[21:37:53.996] START to_move 1
[21:37:53.997] STOP to_move 1 nodes_visited 17
[21:37:53.997] START to_move 2
[21:37:53.998] STOP to_move 2 nodes_visited 10
[21:37:53.998] START to_move 1
[21:37:53.998] STOP to_move 1 nodes_visited 8
[21:37:53.998] START to_move 2
[21:37:54.000] STOP to_move 2 nodes_visited 17
[21:37:54.000] START to_move 1
[21:37:54.001] STOP to_move 1 nodes_visited 17
[21:37:54.001] START to_move 2
[21:37:54.001] STOP to_move 2 nodes_visited 11
[21:37:54.001] START to_move 1
[21:37:54.002] STOP to_move 1 nodes_visited 5
[21:37:54.002] START to_move 2
[21:37:54.003] STOP to_move 2 nodes_visited 13
[21:37:54.003] START to_move 1
[21:37:54.004] STOP to_move 1 nodes_visited 17
[21:37:54.004] START to_move 2
[21:37:54.004] STOP to_move 2 nodes_visited 11
[21:37:54.005] START to_move 1
[21:37:54.005] STOP to_move 1 nodes_visited 6
[21:37:54.005] START to_move 2
[21:37:54.006] STOP to_move 2 nodes_visited 9
[21:37:54.006] START to_move 1
[21:37:54.007] STOP to_move 1 nodes_visited 17
[21:37:54.007] START to_move 2
[21:37:54.007] STOP to_move 2 nodes_visited 10
[21:37:54.007] START to_move 1
[21:37:54.008] STOP to_move 1 nodes_visited 6
[21:37:54.008] START to_move 2
[21:37:54.008] STOP to_move 2 nodes_visited 9
[21:37:54.008] START to_move 1
[21:37:54.009] STOP to_move 1 nodes_visited 17
[21:37:54.009] START to_move 2
[21:37:54.010] STOP to_move 2 nodes_visited 11
[21:37:54.010] START to_move 1
[21:37:54.011] STOP to_move 1 nodes_visited 8
[21:37:54.011] START to_move 2
[21:37:54.012] STOP to_move 2 nodes_visited 17
[21:37:54.012] START to_move 1
[21:37:54.013] STOP to_move 1 nodes_visited 17
[21:37:54.013] START to_move 2
[21:37:54.014] STOP to_move 2 nodes_visited 11
[21:37:54.014] START to_move 1
[21:37:54.014] STOP to_move 1 nodes_visited 5
[21:37:54.014] START to_move 2
[21:37:54.015] STOP to_move 2 nodes_visited 13
[21:37:54.036] END winner 0 - rounds 390
