[21:10:51.841] 1 - distance_function euclides - pruning True
[21:10:51.841] 2 - distance_function chebyshev - pruning True
[21:10:51.841] START to_move 1
[21:10:51.863] STOP to_move 1 nodes_visited 372
[21:10:51.864] START to_move 2
[21:10:51.892] STOP to_move 2 nodes_visited 435
[21:10:51.892] START to_move 1
[21:10:51.912] STOP to_move 1 nodes_visited 339
[21:10:51.912] START to_move 2
[21:10:51.974] STOP to_move 2 nodes_visited 887
[21:10:51.975] START to_move 1
[21:10:51.995] STOP to_move 1 nodes_visited 336
[21:10:51.996] START to_move 2
[21:10:52.078] STOP to_move 2 nodes_visited 1137
[21:10:52.079] START to_move 1
[21:10:52.143] STOP to_move 1 nodes_visited 990
[21:10:52.144] START to_move 2
[21:10:52.246] STOP to_move 2 nodes_visited 1468
[21:10:52.247] START to_move 1
[21:10:52.309] STOP to_move 1 nodes_visited 999
[21:10:52.310] START to_move 2
[21:10:52.511] STOP to_move 2 nodes_visited 1554
[21:10:52.513] START to_move 1
[21:10:52.569] STOP to_move 1 nodes_visited 467
[21:10:52.571] START to_move 2
[21:10:52.665] STOP to_move 2 nodes_visited 904
[21:10:52.666] START to_move 1
[21:10:52.722] STOP to_move 1 nodes_visited 741
[21:10:52.723] START to_move 2
[21:10:52.810] STOP to_move 2 nodes_visited 1299
[21:10:52.811] START to_move 1
[21:10:52.872] STOP to_move 1 nodes_visited 786
[21:10:52.873] START to_move 2
[21:10:53.083] STOP to_move 2 nodes_visited 2986
[21:10:53.085] START to_move 1
[21:10:53.123] STOP to_move 1 nodes_visited 486
[21:10:53.124] START to_move 2
[21:10:53.349] STOP to_move 2 nodes_visited 3168
[21:10:53.351] START to_move 1
[21:10:53.396] STOP to_move 1 nodes_visited 598
[21:10:53.396] START to_move 2
[21:10:53.531] STOP to_move 2 nodes_visited 2016
[21:10:53.532] START to_move 1
[21:10:53.603] STOP to_move 1 nodes_visited 1001
[21:10:53.603] START to_move 2
[21:10:53.747] STOP to_move 2 nodes_visited 2151
[21:10:53.748] START to_move 1
[21:10:53.790] STOP to_move 1 nodes_visited 637
[21:10:53.790] START to_move 2
[21:10:53.950] STOP to_move 2 nodes_visited 2386
[21:10:53.951] START to_move 1
[21:10:54.004] STOP to_move 1 nodes_visited 851
[21:10:54.004] START to_move 2
[21:10:54.201] STOP to_move 2 nodes_visited 2950
[21:10:54.202] START to_move 1
[21:10:54.269] STOP to_move 1 nodes_visited 1040
[21:10:54.269] START to_move 2
[21:10:54.374] STOP to_move 2 nodes_visited 1605
[21:10:54.375] START to_move 1
[21:10:54.462] STOP to_move 1 nodes_visited 1335
[21:10:54.463] START to_move 2
[21:10:54.569] STOP to_move 2 nodes_visited 1649
[21:10:54.569] START to_move 1
[21:10:54.641] STOP to_move 1 nodes_visited 1041
[21:10:54.642] START to_move 2
[21:10:54.698] STOP to_move 2 nodes_visited 874
[21:10:54.720] START to_move 1
[21:10:54.802] STOP to_move 1 nodes_visited 1125
[21:10:54.803] START to_move 2
[21:10:54.897] STOP to_move 2 nodes_visited 1485
[21:10:54.898] START to_move 1
[21:10:54.983] STOP to_move 1 nodes_visited 1134
[21:10:54.985] START to_move 2
[21:10:55.086] STOP to_move 2 nodes_visited 1575
[21:10:55.087] START to_move 1
[21:10:55.161] STOP to_move 1 nodes_visited 1035
[21:10:55.161] START to_move 2
[21:10:55.251] STOP to_move 2 nodes_visited 1363
[21:10:55.252] START to_move 1
[21:10:55.351] STOP to_move 1 nodes_visited 1390
[21:10:55.351] START to_move 2
[21:10:55.433] STOP to_move 2 nodes_visited 1283
[21:10:55.433] START to_move 1
[21:10:55.517] STOP to_move 1 nodes_visited 1145
[21:10:55.518] START to_move 2
[21:10:55.689] STOP to_move 2 nodes_visited 2596
[21:10:55.691] START to_move 1
[21:10:55.796] STOP to_move 1 nodes_visited 1510
[21:10:55.797] START to_move 2
[21:10:55.872] STOP to_move 2 nodes_visited 1141
[21:10:55.873] START to_move 1
[21:10:55.977] STOP to_move 1 nodes_visited 1399
[21:10:55.978] START to_move 2
[21:10:56.041] STOP to_move 2 nodes_visited 991
[21:10:56.042] START to_move 1
[21:10:56.117] STOP to_move 1 nodes_visited 1060
[21:10:56.117] START to_move 2
[21:10:56.245] STOP to_move 2 nodes_visited 1869
[21:10:56.246] START to_move 1
[21:10:56.371] STOP to_move 1 nodes_visited 1768
[21:10:56.372] START to_move 2
[21:10:56.396] STOP to_move 2 nodes_visited 380
[21:10:56.396] START to_move 1
[21:10:56.459] STOP to_move 1 nodes_visited 933
[21:10:56.459] START to_move 2
[21:10:56.501] STOP to_move 2 nodes_visited 632
[21:10:56.501] START to_move 1
[21:10:56.742] STOP to_move 1 nodes_visited 3350
[21:10:56.744] START to_move 2
[21:10:56.842] STOP to_move 2 nodes_visited 1472
[21:10:56.843] START to_move 1
[21:10:56.895] STOP to_move 1 nodes_visited 774
[21:10:56.895] START to_move 2
[21:10:56.939] STOP to_move 2 nodes_visited 701
[21:10:56.940] START to_move 1
[21:10:56.992] STOP to_move 1 nodes_visited 754
[21:10:56.992] START to_move 2
[21:10:57.189] STOP to_move 2 nodes_visited 3060
[21:10:57.191] START to_move 1
[21:10:57.234] STOP to_move 1 nodes_visited 638
[21:10:57.235] START to_move 2
[21:10:57.430] STOP to_move 2 nodes_visited 3032
[21:10:57.432] START to_move 1
[21:10:57.484] STOP to_move 1 nodes_visited 703
[21:10:57.485] START to_move 2
[21:10:57.665] STOP to_move 2 nodes_visited 2779
[21:10:57.667] START to_move 1
[21:10:57.879] STOP to_move 1 nodes_visited 3123
[21:10:57.881] START to_move 2
[21:10:58.118] STOP to_move 2 nodes_visited 3667
[21:10:58.120] START to_move 1
[21:10:58.245] STOP to_move 1 nodes_visited 1837
[21:10:58.246] START to_move 2
[21:10:58.459] STOP to_move 2 nodes_visited 3270
[21:10:58.461] START to_move 1
[21:10:58.604] STOP to_move 1 nodes_visited 2256
[21:10:58.605] START to_move 2
[21:10:58.712] STOP to_move 2 nodes_visited 1686
[21:10:58.713] START to_move 1
[21:10:58.875] STOP to_move 1 nodes_visited 2436
[21:10:58.876] START to_move 2
[21:10:58.943] STOP to_move 2 nodes_visited 1061
[21:10:58.944] START to_move 1
[21:10:59.068] STOP to_move 1 nodes_visited 1707
[21:10:59.069] START to_move 2
[21:10:59.139] STOP to_move 2 nodes_visited 1097
[21:10:59.139] START to_move 1
[21:10:59.266] STOP to_move 1 nodes_visited 1833
[21:10:59.267] START to_move 2
[21:10:59.423] STOP to_move 2 nodes_visited 2403
[21:10:59.424] START to_move 1
[21:10:59.597] STOP to_move 1 nodes_visited 2424
[21:10:59.598] START to_move 2
[21:10:59.778] STOP to_move 2 nodes_visited 2780
[21:10:59.779] START to_move 1
[21:10:59.928] STOP to_move 1 nodes_visited 2101
[21:10:59.929] START to_move 2
[21:11:00.004] STOP to_move 2 nodes_visited 1147
[21:11:00.004] START to_move 1
[21:11:00.129] STOP to_move 1 nodes_visited 1869
[21:11:00.130] START to_move 2
[21:11:00.223] STOP to_move 2 nodes_visited 1422
[21:11:00.224] START to_move 1
[21:11:00.330] STOP to_move 1 nodes_visited 1562
[21:11:00.331] START to_move 2
[21:11:00.404] STOP to_move 2 nodes_visited 1153
[21:11:00.405] START to_move 1
[21:11:00.463] STOP to_move 1 nodes_visited 907
[21:11:00.463] START to_move 2
[21:11:00.540] STOP to_move 2 nodes_visited 1192
[21:11:00.541] START to_move 1
[21:11:00.695] STOP to_move 1 nodes_visited 2239
[21:11:00.697] START to_move 2
[21:11:00.757] STOP to_move 2 nodes_visited 963
[21:11:00.758] START to_move 1
[21:11:00.984] STOP to_move 1 nodes_visited 3152
[21:11:00.985] START to_move 2
[21:11:01.072] STOP to_move 2 nodes_visited 1297
[21:11:01.072] START to_move 1
[21:11:01.159] STOP to_move 1 nodes_visited 1254
[21:11:01.159] START to_move 2
[21:11:01.216] STOP to_move 2 nodes_visited 890
[21:11:01.216] START to_move 1
[21:11:01.312] STOP to_move 1 nodes_visited 1453
[21:11:01.313] START to_move 2
[21:11:01.370] STOP to_move 2 nodes_visited 874
[21:11:01.371] START to_move 1
[21:11:01.426] STOP to_move 1 nodes_visited 867
[21:11:01.427] START to_move 2
[21:11:01.488] STOP to_move 2 nodes_visited 967
[21:11:01.488] START to_move 1
[21:11:01.546] STOP to_move 1 nodes_visited 890
[21:11:01.546] START to_move 2
[21:11:01.646] STOP to_move 2 nodes_visited 1508
[21:11:01.647] START to_move 1
[21:11:01.693] STOP to_move 1 nodes_visited 718
[21:11:01.694] START to_move 2
[21:11:01.786] STOP to_move 2 nodes_visited 1461
[21:11:01.786] START to_move 1
[21:11:01.841] STOP to_move 1 nodes_visited 866
[21:11:01.842] START to_move 2
[21:11:01.917] STOP to_move 2 nodes_visited 1202
[21:11:01.918] START to_move 1
[21:11:01.966] STOP to_move 1 nodes_visited 765
[21:11:01.967] START to_move 2
[21:11:02.048] STOP to_move 2 nodes_visited 1301
[21:11:02.049] START to_move 1
[21:11:02.094] STOP to_move 1 nodes_visited 699
[21:11:02.094] START to_move 2
[21:11:02.174] STOP to_move 2 nodes_visited 1267
[21:11:02.174] START to_move 1
[21:11:02.224] STOP to_move 1 nodes_visited 785
[21:11:02.224] START to_move 2
[21:11:02.308] STOP to_move 2 nodes_visited 1310
[21:11:02.309] START to_move 1
[21:11:02.425] STOP to_move 1 nodes_visited 1853
[21:11:02.426] START to_move 2
[21:11:02.486] STOP to_move 2 nodes_visited 957
[21:11:02.486] START to_move 1
[21:11:02.606] STOP to_move 1 nodes_visited 1881
[21:11:02.607] START to_move 2
[21:11:02.722] STOP to_move 2 nodes_visited 1799
[21:11:02.723] START to_move 1
[21:11:02.839] STOP to_move 1 nodes_visited 1810
[21:11:02.840] START to_move 2
[21:11:02.929] STOP to_move 2 nodes_visited 1414
[21:11:02.929] START to_move 1
[21:11:03.037] STOP to_move 1 nodes_visited 1673
[21:11:03.038] START to_move 2
[21:11:03.079] STOP to_move 2 nodes_visited 650
[21:11:03.080] START to_move 1
[21:11:03.186] STOP to_move 1 nodes_visited 1640
[21:11:03.187] START to_move 2
[21:11:03.253] STOP to_move 2 nodes_visited 1044
[21:11:03.253] START to_move 1
[21:11:03.331] STOP to_move 1 nodes_visited 1162
[21:11:03.332] START to_move 2
[21:11:03.371] STOP to_move 2 nodes_visited 630
[21:11:03.371] START to_move 1
[21:11:03.489] STOP to_move 1 nodes_visited 1880
[21:11:03.490] START to_move 2
[21:11:03.529] STOP to_move 2 nodes_visited 624
[21:11:03.529] START to_move 1
[21:11:03.626] STOP to_move 1 nodes_visited 1432
[21:11:03.627] START to_move 2
[21:11:03.663] STOP to_move 2 nodes_visited 580
[21:11:03.663] START to_move 1
[21:11:03.750] STOP to_move 1 nodes_visited 1335
[21:11:03.751] START to_move 2
[21:11:03.786] STOP to_move 2 nodes_visited 566
[21:11:03.787] START to_move 1
[21:11:03.866] STOP to_move 1 nodes_visited 1261
[21:11:03.867] START to_move 2
[21:11:03.901] STOP to_move 2 nodes_visited 560
[21:11:03.902] START to_move 1
[21:11:03.973] STOP to_move 1 nodes_visited 1108
[21:11:03.974] START to_move 2
[21:11:04.009] STOP to_move 2 nodes_visited 568
[21:11:04.009] START to_move 1
[21:11:04.092] STOP to_move 1 nodes_visited 1321
[21:11:04.093] START to_move 2
[21:11:04.127] STOP to_move 2 nodes_visited 556
[21:11:04.128] START to_move 1
[21:11:04.206] STOP to_move 1 nodes_visited 1194
[21:11:04.207] START to_move 2
[21:11:04.241] STOP to_move 2 nodes_visited 553
[21:11:04.241] START to_move 1
[21:11:04.338] STOP to_move 1 nodes_visited 1542
[21:11:04.338] START to_move 2
[21:11:04.374] STOP to_move 2 nodes_visited 589
[21:11:04.375] START to_move 1
[21:11:04.495] STOP to_move 1 nodes_visited 1931
[21:11:04.496] START to_move 2
[21:11:04.531] STOP to_move 2 nodes_visited 569
[21:11:04.532] START to_move 1
[21:11:04.628] STOP to_move 1 nodes_visited 1546
[21:11:04.629] START to_move 2
[21:11:04.661] STOP to_move 2 nodes_visited 519
[21:11:04.661] START to_move 1
[21:11:04.737] STOP to_move 1 nodes_visited 1213
[21:11:04.738] START to_move 2
[21:11:04.772] STOP to_move 2 nodes_visited 521
[21:11:04.772] START to_move 1
[21:11:04.866] STOP to_move 1 nodes_visited 1495
[21:11:04.867] START to_move 2
[21:11:04.896] STOP to_move 2 nodes_visited 467
[21:11:04.896] START to_move 1
[21:11:04.960] STOP to_move 1 nodes_visited 1032
[21:11:04.960] START to_move 2
[21:11:04.994] STOP to_move 2 nodes_visited 541
[21:11:04.995] START to_move 1
[21:11:05.054] STOP to_move 1 nodes_visited 888
[21:11:05.054] START to_move 2
[21:11:05.088] STOP to_move 2 nodes_visited 535
[21:11:05.088] START to_move 1
[21:11:05.137] STOP to_move 1 nodes_visited 803
[21:11:05.137] START to_move 2
[21:11:05.171] STOP to_move 2 nodes_visited 535
[21:11:05.171] START to_move 1
[21:11:05.262] STOP to_move 1 nodes_visited 1449
[21:11:05.263] START to_move 2
[21:11:05.296] STOP to_move 2 nodes_visited 525
[21:11:05.296] START to_move 1
[21:11:05.388] STOP to_move 1 nodes_visited 1432
[21:11:05.389] START to_move 2
[21:11:05.422] STOP to_move 2 nodes_visited 535
[21:11:05.423] START to_move 1
[21:11:05.516] STOP to_move 1 nodes_visited 1499
[21:11:05.517] START to_move 2
[21:11:05.551] STOP to_move 2 nodes_visited 545
[21:11:05.551] START to_move 1
[21:11:05.610] STOP to_move 1 nodes_visited 928
[21:11:05.610] START to_move 2
[21:11:05.621] STOP to_move 2 nodes_visited 181
[21:11:05.621] START to_move 1
[21:11:05.678] STOP to_move 1 nodes_visited 873
[21:11:05.678] START to_move 2
[21:11:05.693] STOP to_move 2 nodes_visited 249
[21:11:05.693] START to_move 1
[21:11:05.765] STOP to_move 1 nodes_visited 1199
[21:11:05.766] START to_move 2
[21:11:05.787] STOP to_move 2 nodes_visited 348
[21:11:05.788] START to_move 1
[21:11:05.883] STOP to_move 1 nodes_visited 1549
[21:11:05.884] START to_move 2
[21:11:05.910] STOP to_move 2 nodes_visited 390
[21:11:05.911] START to_move 1
[21:11:06.007] STOP to_move 1 nodes_visited 1569
[21:11:06.008] START to_move 2
[21:11:06.033] STOP to_move 2 nodes_visited 390
[21:11:06.033] START to_move 1
[21:11:06.073] STOP to_move 1 nodes_visited 667
[21:11:06.074] START to_move 2
[21:11:06.099] STOP to_move 2 nodes_visited 390
[21:11:06.099] START to_move 1
[21:11:06.197] STOP to_move 1 nodes_visited 1546
[21:11:06.197] START to_move 2
[21:11:06.223] STOP to_move 2 nodes_visited 395
[21:11:06.223] START to_move 1
[21:11:06.342] STOP to_move 1 nodes_visited 1898
[21:11:06.343] START to_move 2
[21:11:06.368] STOP to_move 2 nodes_visited 399
[21:11:06.369] START to_move 1
[21:11:06.461] STOP to_move 1 nodes_visited 1475
[21:11:06.462] START to_move 2
[21:11:06.488] STOP to_move 2 nodes_visited 399
[21:11:06.488] START to_move 1
[21:11:06.568] STOP to_move 1 nodes_visited 1285
[21:11:06.569] START to_move 2
[21:11:06.595] STOP to_move 2 nodes_visited 403
[21:11:06.595] START to_move 1
[21:11:06.732] STOP to_move 1 nodes_visited 2201
[21:11:06.734] START to_move 2
[21:11:06.760] STOP to_move 2 nodes_visited 396
[21:11:06.760] START to_move 1
[21:11:06.899] STOP to_move 1 nodes_visited 2230
[21:11:06.900] START to_move 2
[21:11:06.983] STOP to_move 2 nodes_visited 1266
[21:11:06.983] START to_move 1
[21:11:07.064] STOP to_move 1 nodes_visited 1260
[21:11:07.064] START to_move 2
[21:11:07.089] STOP to_move 2 nodes_visited 391
[21:11:07.090] START to_move 1
[21:11:07.164] STOP to_move 1 nodes_visited 1183
[21:11:07.164] START to_move 2
[21:11:07.188] STOP to_move 2 nodes_visited 380
[21:11:07.189] START to_move 1
[21:11:07.228] STOP to_move 1 nodes_visited 592
[21:11:07.228] START to_move 2
[21:11:07.252] STOP to_move 2 nodes_visited 383
[21:11:07.252] START to_move 1
[21:11:07.280] STOP to_move 1 nodes_visited 443
[21:11:07.280] START to_move 2
[21:11:07.305] STOP to_move 2 nodes_visited 393
[21:11:07.306] START to_move 1
[21:11:07.329] STOP to_move 1 nodes_visited 368
[21:11:07.329] START to_move 2
[21:11:07.354] STOP to_move 2 nodes_visited 382
[21:11:07.354] START to_move 1
[21:11:07.397] STOP to_move 1 nodes_visited 690
[21:11:07.397] START to_move 2
[21:11:07.422] STOP to_move 2 nodes_visited 391
[21:11:07.422] START to_move 1
[21:11:07.528] STOP to_move 1 nodes_visited 1690
[21:11:07.529] START to_move 2
[21:11:07.615] STOP to_move 2 nodes_visited 1314
[21:11:07.616] START to_move 1
[21:11:07.665] STOP to_move 1 nodes_visited 804
[21:11:07.666] START to_move 2
[21:11:07.691] STOP to_move 2 nodes_visited 389
[21:11:07.691] START to_move 1
[21:11:07.733] STOP to_move 1 nodes_visited 680
[21:11:07.733] START to_move 2
[21:11:07.758] STOP to_move 2 nodes_visited 397
[21:11:07.759] START to_move 1
[21:11:07.801] STOP to_move 1 nodes_visited 692
[21:11:07.801] START to_move 2
[21:11:07.826] STOP to_move 2 nodes_visited 390
[21:11:07.826] START to_move 1
[21:11:07.903] STOP to_move 1 nodes_visited 1207
[21:11:07.904] START to_move 2
[21:11:07.928] STOP to_move 2 nodes_visited 386
[21:11:07.929] START to_move 1
[21:11:07.971] STOP to_move 1 nodes_visited 691
[21:11:07.971] START to_move 2
[21:11:07.995] STOP to_move 2 nodes_visited 377
[21:11:07.995] START to_move 1
[21:11:08.057] STOP to_move 1 nodes_visited 997
[21:11:08.058] START to_move 2
[21:11:08.082] STOP to_move 2 nodes_visited 384
[21:11:08.082] START to_move 1
[21:11:08.146] STOP to_move 1 nodes_visited 1024
[21:11:08.147] START to_move 2
[21:11:08.184] STOP to_move 2 nodes_visited 574
[21:11:08.184] START to_move 1
[21:11:08.247] STOP to_move 1 nodes_visited 974
[21:11:08.247] START to_move 2
[21:11:08.321] STOP to_move 2 nodes_visited 1145
[21:11:08.321] START to_move 1
[21:11:08.351] STOP to_move 1 nodes_visited 480
[21:11:08.351] START to_move 2
[21:11:08.402] STOP to_move 2 nodes_visited 785
[21:11:08.402] START to_move 1
[21:11:08.417] STOP to_move 1 nodes_visited 233
[21:11:08.417] START to_move 2
[21:11:08.429] STOP to_move 2 nodes_visited 194
[21:11:08.429] START to_move 1
[21:11:08.443] STOP to_move 1 nodes_visited 240
[21:11:08.443] START to_move 2
[21:11:08.455] STOP to_move 2 nodes_visited 194
[21:11:08.455] START to_move 1
[21:11:08.473] STOP to_move 1 nodes_visited 290
[21:11:08.473] START to_move 2
[21:11:08.483] STOP to_move 2 nodes_visited 170
[21:11:08.483] START to_move 1
[21:11:08.518] STOP to_move 1 nodes_visited 574
[21:11:08.518] START to_move 2
[21:11:08.531] STOP to_move 2 nodes_visited 216
[21:11:08.531] START to_move 1
[21:11:08.545] STOP to_move 1 nodes_visited 226
[21:11:08.545] START to_move 2
[21:11:08.557] STOP to_move 2 nodes_visited 220
[21:11:08.558] START to_move 1
[21:11:08.571] STOP to_move 1 nodes_visited 226
[21:11:08.571] START to_move 2
[21:11:08.605] STOP to_move 2 nodes_visited 550
[21:11:08.605] START to_move 1
[21:11:08.649] STOP to_move 1 nodes_visited 718
[21:11:08.649] START to_move 2
[21:11:08.685] STOP to_move 2 nodes_visited 582
[21:11:08.685] START to_move 1
[21:11:08.699] STOP to_move 1 nodes_visited 230
[21:11:08.699] START to_move 2
[21:11:08.713] STOP to_move 2 nodes_visited 226
[21:11:08.713] START to_move 1
[21:11:08.731] STOP to_move 1 nodes_visited 311
[21:11:08.732] START to_move 2
[21:11:08.745] STOP to_move 2 nodes_visited 223
[21:11:08.745] START to_move 1
[21:11:08.759] STOP to_move 1 nodes_visited 235
[21:11:08.759] START to_move 2
[21:11:08.772] STOP to_move 2 nodes_visited 222
[21:11:08.772] START to_move 1
[21:11:08.793] STOP to_move 1 nodes_visited 313
[21:11:08.793] START to_move 2
[21:11:08.804] STOP to_move 2 nodes_visited 189
[21:11:08.804] START to_move 1
[21:11:08.830] STOP to_move 1 nodes_visited 419
[21:11:08.830] START to_move 2
[21:11:08.843] STOP to_move 2 nodes_visited 218
[21:11:08.843] START to_move 1
[21:11:08.862] STOP to_move 1 nodes_visited 296
[21:11:08.862] START to_move 2
[21:11:08.887] STOP to_move 2 nodes_visited 404
[21:11:08.887] START to_move 1
[21:11:08.926] STOP to_move 1 nodes_visited 604
[21:11:08.926] START to_move 2
[21:11:08.954] STOP to_move 2 nodes_visited 451
[21:11:08.955] START to_move 1
[21:11:08.977] STOP to_move 1 nodes_visited 365
[21:11:08.977] START to_move 2
[21:11:09.009] STOP to_move 2 nodes_visited 514
[21:11:09.010] START to_move 1
[21:11:09.034] STOP to_move 1 nodes_visited 401
[21:11:09.034] START to_move 2
[21:11:09.067] STOP to_move 2 nodes_visited 517
[21:11:09.067] START to_move 1
[21:11:09.097] STOP to_move 1 nodes_visited 470
[21:11:09.097] START to_move 2
[21:11:09.129] STOP to_move 2 nodes_visited 507
[21:11:09.129] START to_move 1
[21:11:09.157] STOP to_move 1 nodes_visited 462
[21:11:09.157] START to_move 2
[21:11:09.189] STOP to_move 2 nodes_visited 507
[21:11:09.189] START to_move 1
[21:11:09.211] STOP to_move 1 nodes_visited 355
[21:11:09.211] START to_move 2
[21:11:09.244] STOP to_move 2 nodes_visited 517
[21:11:09.244] START to_move 1
[21:11:09.265] STOP to_move 1 nodes_visited 346
[21:11:09.265] START to_move 2
[21:11:09.298] STOP to_move 2 nodes_visited 516
[21:11:09.298] START to_move 1
[21:11:09.326] STOP to_move 1 nodes_visited 457
[21:11:09.326] START to_move 2
[21:11:09.358] STOP to_move 2 nodes_visited 510
[21:11:09.359] START to_move 1
[21:11:09.398] STOP to_move 1 nodes_visited 609
[21:11:09.399] START to_move 2
[21:11:09.433] STOP to_move 2 nodes_visited 546
[21:11:09.433] START to_move 1
[21:11:09.474] STOP to_move 1 nodes_visited 647
[21:11:09.474] START to_move 2
[21:11:09.527] STOP to_move 2 nodes_visited 840
[21:11:09.528] START to_move 1
[21:11:09.566] STOP to_move 1 nodes_visited 599
[21:11:09.566] START to_move 2
[21:11:09.591] STOP to_move 2 nodes_visited 396
[21:11:09.591] START to_move 1
[21:11:09.623] STOP to_move 1 nodes_visited 508
[21:11:09.623] START to_move 2
[21:11:09.649] STOP to_move 2 nodes_visited 416
[21:11:09.649] START to_move 1
[21:11:09.676] STOP to_move 1 nodes_visited 444
[21:11:09.677] START to_move 2
[21:11:09.704] STOP to_move 2 nodes_visited 422
[21:11:09.704] START to_move 1
[21:11:09.732] STOP to_move 1 nodes_visited 433
[21:11:09.732] START to_move 2
[21:11:09.758] STOP to_move 2 nodes_visited 422
[21:11:09.758] START to_move 1
[21:11:09.797] STOP to_move 1 nodes_visited 627
[21:11:09.797] START to_move 2
[21:11:09.816] STOP to_move 2 nodes_visited 316
[21:11:09.816] START to_move 1
[21:11:09.844] STOP to_move 1 nodes_visited 450
[21:11:09.844] START to_move 2
[21:11:09.860] STOP to_move 2 nodes_visited 262
[21:11:09.860] START to_move 1
[21:11:09.878] STOP to_move 1 nodes_visited 297
[21:11:09.878] START to_move 2
[21:11:09.889] STOP to_move 2 nodes_visited 188
[21:11:09.889] START to_move 1
[21:11:09.904] STOP to_move 1 nodes_visited 244
[21:11:09.904] START to_move 2
[21:11:09.915] STOP to_move 2 nodes_visited 192
[21:11:09.915] START to_move 1
[21:11:09.930] STOP to_move 1 nodes_visited 244
[21:11:09.930] START to_move 2
[21:11:09.941] STOP to_move 2 nodes_visited 192
[21:11:09.941] START to_move 1
[21:11:09.956] STOP to_move 1 nodes_visited 245
[21:11:09.956] START to_move 2
[21:11:09.968] STOP to_move 2 nodes_visited 190
[21:11:09.968] START to_move 1
[21:11:09.982] STOP to_move 1 nodes_visited 237
[21:11:09.982] START to_move 2
[21:11:09.991] STOP to_move 2 nodes_visited 157
[21:11:09.991] START to_move 1
[21:11:10.005] STOP to_move 1 nodes_visited 200
[21:11:10.005] START to_move 2
[21:11:10.024] STOP to_move 2 nodes_visited 294
[21:11:10.024] START to_move 1
[21:11:10.032] STOP to_move 1 nodes_visited 116
[21:11:10.032] START to_move 2
[21:11:10.047] STOP to_move 2 nodes_visited 260
[21:11:10.047] START to_move 1
[21:11:10.056] STOP to_move 1 nodes_visited 143
[21:11:10.056] START to_move 2
[21:11:10.074] STOP to_move 2 nodes_visited 285
[21:11:10.074] START to_move 1
[21:11:10.089] STOP to_move 1 nodes_visited 241
[21:11:10.089] START to_move 2
[21:11:10.098] STOP to_move 2 nodes_visited 157
[21:11:10.098] START to_move 1
[21:11:10.111] STOP to_move 1 nodes_visited 200
[21:11:10.111] START to_move 2
[21:11:10.129] STOP to_move 2 nodes_visited 287
[21:11:10.129] START to_move 1
[21:11:10.136] STOP to_move 1 nodes_visited 111
[21:11:10.136] START to_move 2
[21:11:10.152] STOP to_move 2 nodes_visited 253
[21:11:10.152] START to_move 1
[21:11:10.159] STOP to_move 1 nodes_visited 128
[21:11:10.159] START to_move 2
[21:11:10.178] STOP to_move 2 nodes_visited 285
[21:11:10.178] START to_move 1
[21:11:10.185] STOP to_move 1 nodes_visited 111
[21:11:10.185] START to_move 2
[21:11:10.200] STOP to_move 2 nodes_visited 255
[21:11:10.201] START to_move 1
[21:11:10.212] STOP to_move 1 nodes_visited 192
[21:11:10.212] START to_move 2
[21:11:10.231] STOP to_move 2 nodes_visited 293
[21:11:10.231] START to_move 1
[21:11:10.242] STOP to_move 1 nodes_visited 179
[21:11:10.242] START to_move 2
[21:11:10.258] STOP to_move 2 nodes_visited 253
[21:11:10.258] START to_move 1
[21:11:10.273] STOP to_move 1 nodes_visited 256
[21:11:10.273] START to_move 2
[21:11:10.283] STOP to_move 2 nodes_visited 166
[21:11:10.284] START to_move 1
[21:11:10.299] STOP to_move 1 nodes_visited 253
[21:11:10.299] START to_move 2
[21:11:10.324] STOP to_move 2 nodes_visited 388
[21:11:10.324] START to_move 1
[21:11:10.345] STOP to_move 1 nodes_visited 341
[21:11:10.345] START to_move 2
[21:11:10.359] STOP to_move 2 nodes_visited 231
[21:11:10.359] START to_move 1
[21:11:10.370] STOP to_move 1 nodes_visited 175
[21:11:10.370] START to_move 2
[21:11:10.384] STOP to_move 2 nodes_visited 228
[21:11:10.384] START to_move 1
[21:11:10.396] STOP to_move 1 nodes_visited 211
[21:11:10.396] START to_move 2
[21:11:10.411] STOP to_move 2 nodes_visited 234
[21:11:10.411] START to_move 1
[21:11:10.421] STOP to_move 1 nodes_visited 172
[21:11:10.421] START to_move 2
[21:11:10.436] STOP to_move 2 nodes_visited 239
[21:11:10.436] START to_move 1
[21:11:10.448] STOP to_move 1 nodes_visited 208
[21:11:10.448] START to_move 2
[21:11:10.463] STOP to_move 2 nodes_visited 238
[21:11:10.463] START to_move 1
[21:11:10.470] STOP to_move 1 nodes_visited 115
[21:11:10.470] START to_move 2
[21:11:10.483] STOP to_move 2 nodes_visited 216
[21:11:10.483] START to_move 1
[21:11:10.503] STOP to_move 1 nodes_visited 332
[21:11:10.503] START to_move 2
[21:11:10.518] STOP to_move 2 nodes_visited 242
[21:11:10.518] START to_move 1
[21:11:10.525] STOP to_move 1 nodes_visited 115
[21:11:10.525] START to_move 2
[21:11:10.540] STOP to_move 2 nodes_visited 246
[21:11:10.540] START to_move 1
[21:11:10.560] STOP to_move 1 nodes_visited 329
[21:11:10.560] START to_move 2
[21:11:10.570] STOP to_move 2 nodes_visited 168
[21:11:10.570] START to_move 1
[21:11:10.587] STOP to_move 1 nodes_visited 293
[21:11:10.587] START to_move 2
[21:11:10.598] STOP to_move 2 nodes_visited 183
[21:11:10.599] START to_move 1
[21:11:10.616] STOP to_move 1 nodes_visited 290
[21:11:10.616] START to_move 2
[21:11:10.627] STOP to_move 2 nodes_visited 168
[21:11:10.628] START to_move 1
[21:11:10.644] STOP to_move 1 nodes_visited 278
[21:11:10.644] START to_move 2
[21:11:10.655] STOP to_move 2 nodes_visited 183
[21:11:10.655] START to_move 1
[21:11:10.665] STOP to_move 1 nodes_visited 157
[21:11:10.665] START to_move 2
[21:11:10.675] STOP to_move 2 nodes_visited 164
[21:11:10.675] START to_move 1
[21:11:10.685] STOP to_move 1 nodes_visited 167
[21:11:10.685] START to_move 2
[21:11:10.695] STOP to_move 2 nodes_visited 170
[21:11:10.695] START to_move 1
[21:11:10.705] STOP to_move 1 nodes_visited 167
[21:11:10.705] START to_move 2
[21:11:10.716] STOP to_move 2 nodes_visited 178
[21:11:10.716] START to_move 1
[21:11:10.726] STOP to_move 1 nodes_visited 171
[21:11:10.726] START to_move 2
[21:11:10.737] STOP to_move 2 nodes_visited 164
[21:11:10.737] START to_move 1
[21:11:10.747] STOP to_move 1 nodes_visited 173
[21:11:10.747] START to_move 2
[21:11:10.758] STOP to_move 2 nodes_visited 178
[21:11:10.758] START to_move 1
[21:11:10.769] STOP to_move 1 nodes_visited 171
[21:11:10.769] START to_move 2
[21:11:10.779] STOP to_move 2 nodes_visited 164
[21:11:10.779] START to_move 1
[21:11:10.789] STOP to_move 1 nodes_visited 167
[21:11:10.789] START to_move 2
[21:11:10.799] STOP to_move 2 nodes_visited 171
[21:11:10.799] START to_move 1
[21:11:10.809] STOP to_move 1 nodes_visited 161
[21:11:10.809] START to_move 2
[21:11:10.819] STOP to_move 2 nodes_visited 156
[21:11:10.819] START to_move 1
[21:11:10.828] STOP to_move 1 nodes_visited 157
[21:11:10.828] START to_move 2
[21:11:10.838] STOP to_move 2 nodes_visited 162
[21:11:10.838] START to_move 1
[21:11:10.847] STOP to_move 1 nodes_visited 155
[21:11:10.847] START to_move 2
[21:11:10.856] STOP to_move 2 nodes_visited 150
[21:11:10.856] START to_move 1
[21:11:10.866] STOP to_move 1 nodes_visited 151
[21:11:10.866] START to_move 2
[21:11:10.875] STOP to_move 2 nodes_visited 154
[21:11:10.875] START to_move 1
[21:11:10.884] STOP to_move 1 nodes_visited 157
[21:11:10.884] START to_move 2
[21:11:10.895] STOP to_move 2 nodes_visited 167
[21:11:10.895] START to_move 1
[21:11:10.904] STOP to_move 1 nodes_visited 151
[21:11:10.904] START to_move 2
[21:11:10.913] STOP to_move 2 nodes_visited 150
[21:11:10.913] START to_move 1
[21:11:10.922] STOP to_move 1 nodes_visited 153
[21:11:10.922] START to_move 2
[21:11:10.932] STOP to_move 2 nodes_visited 160
[21:11:10.932] START to_move 1
[21:11:10.941] STOP to_move 1 nodes_visited 151
[21:11:10.941] START to_move 2
[21:11:10.951] STOP to_move 2 nodes_visited 148
[21:11:10.951] START to_move 1
[21:11:10.960] STOP to_move 1 nodes_visited 155
[21:11:10.960] START to_move 2
[21:11:10.970] STOP to_move 2 nodes_visited 160
[21:11:10.970] START to_move 1
[21:11:10.980] STOP to_move 1 nodes_visited 153
[21:11:10.980] START to_move 2
[21:11:10.988] STOP to_move 2 nodes_visited 148
[21:11:10.989] START to_move 1
[21:11:10.997] STOP to_move 1 nodes_visited 151
[21:11:10.997] START to_move 2
[21:11:11.007] STOP to_move 2 nodes_visited 159
[21:11:11.007] START to_move 1
[21:11:11.012] STOP to_move 1 nodes_visited 77
[21:11:11.012] START to_move 2
[21:11:11.021] STOP to_move 2 nodes_visited 144
[21:11:11.021] START to_move 1
[21:11:11.031] STOP to_move 1 nodes_visited 168
[21:11:11.031] START to_move 2
[21:11:11.040] STOP to_move 2 nodes_visited 154
[21:11:11.040] START to_move 1
[21:11:11.054] STOP to_move 1 nodes_visited 232
[21:11:11.054] START to_move 2
[21:11:11.064] STOP to_move 2 nodes_visited 157
[21:11:11.064] START to_move 1
[21:11:11.077] STOP to_move 1 nodes_visited 213
[21:11:11.077] START to_move 2
[21:11:11.086] STOP to_move 2 nodes_visited 146
[21:11:11.086] START to_move 1
[21:11:11.100] STOP to_move 1 nodes_visited 232
[21:11:11.100] START to_move 2
[21:11:11.109] STOP to_move 2 nodes_visited 161
[21:11:11.110] START to_move 1
[21:11:11.122] STOP to_move 1 nodes_visited 209
[21:11:11.122] START to_move 2
[21:11:11.131] STOP to_move 2 nodes_visited 150
[21:11:11.131] START to_move 1
[21:11:11.145] STOP to_move 1 nodes_visited 232
[21:11:11.146] START to_move 2
[21:11:11.155] STOP to_move 2 nodes_visited 163
[21:11:11.155] START to_move 1
[21:11:11.168] STOP to_move 1 nodes_visited 204
[21:11:11.168] START to_move 2
[21:11:11.177] STOP to_move 2 nodes_visited 152
[21:11:11.177] START to_move 1
[21:11:11.189] STOP to_move 1 nodes_visited 202
[21:11:11.189] START to_move 2
[21:11:11.199] STOP to_move 2 nodes_visited 161
[21:11:11.199] START to_move 1
[21:11:11.211] STOP to_move 1 nodes_visited 199
[21:11:11.211] START to_move 2
[21:11:11.220] STOP to_move 2 nodes_visited 150
[21:11:11.220] START to_move 1
[21:11:11.232] STOP to_move 1 nodes_visited 202
[21:11:11.232] START to_move 2
[21:11:11.242] STOP to_move 2 nodes_visited 161
[21:11:11.242] START to_move 1
[21:11:11.254] STOP to_move 1 nodes_visited 199
[21:11:11.254] START to_move 2
[21:11:11.264] STOP to_move 2 nodes_visited 148
[21:11:11.264] START to_move 1
[21:11:11.274] STOP to_move 1 nodes_visited 163
[21:11:11.274] START to_move 2
[21:11:11.283] STOP to_move 2 nodes_visited 148
[21:11:11.283] START to_move 1
[21:11:11.295] STOP to_move 1 nodes_visited 202
[21:11:11.295] START to_move 2
[21:11:11.305] STOP to_move 2 nodes_visited 157
[21:11:11.305] START to_move 1
[21:11:11.317] STOP to_move 1 nodes_visited 199
[21:11:11.317] START to_move 2
[21:11:11.326] STOP to_move 2 nodes_visited 144
[21:11:11.326] START to_move 1
[21:11:11.338] STOP to_move 1 nodes_visited 202
[21:11:11.338] START to_move 2
[21:11:11.348] STOP to_move 2 nodes_visited 154
[21:11:11.348] START to_move 1
[21:11:11.360] STOP to_move 1 nodes_visited 199
[21:11:11.360] START to_move 2
[21:11:11.369] STOP to_move 2 nodes_visited 142
[21:11:11.369] START to_move 1
[21:11:11.378] STOP to_move 1 nodes_visited 158
[21:11:11.378] START to_move 2
[21:11:11.387] STOP to_move 2 nodes_visited 138
[21:11:11.387] START to_move 1
[21:11:11.398] STOP to_move 1 nodes_visited 181
[21:11:11.398] START to_move 2
[21:11:11.407] STOP to_move 2 nodes_visited 148
[21:11:11.407] START to_move 1
[21:11:11.418] STOP to_move 1 nodes_visited 178
[21:11:11.418] START to_move 2
[21:11:11.427] STOP to_move 2 nodes_visited 140
[21:11:11.427] START to_move 1
[21:11:11.438] STOP to_move 1 nodes_visited 179
[21:11:11.438] START to_move 2
[21:11:11.447] STOP to_move 2 nodes_visited 149
[21:11:11.447] START to_move 1
[21:11:11.458] STOP to_move 1 nodes_visited 180
[21:11:11.458] START to_move 2
[21:11:11.467] STOP to_move 2 nodes_visited 140
[21:11:11.467] START to_move 1
[21:11:11.477] STOP to_move 1 nodes_visited 151
[21:11:11.477] START to_move 2
[21:11:11.485] STOP to_move 2 nodes_visited 144
[21:11:11.486] START to_move 1
[21:11:11.495] STOP to_move 1 nodes_visited 157
[21:11:11.495] START to_move 2
[21:11:11.505] STOP to_move 2 nodes_visited 165
[21:11:11.505] START to_move 1
[21:11:11.515] STOP to_move 1 nodes_visited 151
[21:11:11.515] START to_move 2
[21:11:11.523] STOP to_move 2 nodes_visited 142
[21:11:11.523] START to_move 1
[21:11:11.533] STOP to_move 1 nodes_visited 157
[21:11:11.533] START to_move 2
[21:11:11.543] STOP to_move 2 nodes_visited 160
[21:11:11.543] START to_move 1
[21:11:11.553] STOP to_move 1 nodes_visited 157
[21:11:11.553] START to_move 2
[21:11:11.562] STOP to_move 2 nodes_visited 151
[21:11:11.562] START to_move 1
[21:11:11.572] STOP to_move 1 nodes_visited 155
[21:11:11.572] START to_move 2
[21:11:11.580] STOP to_move 2 nodes_visited 142
[21:11:11.581] START to_move 1
[21:11:11.590] STOP to_move 1 nodes_visited 157
[21:11:11.590] START to_move 2
[21:11:11.601] STOP to_move 2 nodes_visited 151
[21:11:11.601] START to_move 1
[21:11:11.610] STOP to_move 1 nodes_visited 147
[21:11:11.610] START to_move 2
[21:11:11.619] STOP to_move 2 nodes_visited 142
[21:11:11.619] START to_move 1
[21:11:11.628] STOP to_move 1 nodes_visited 149
[21:11:11.628] START to_move 2
[21:11:11.637] STOP to_move 2 nodes_visited 153
[21:11:11.637] START to_move 1
[21:11:11.646] STOP to_move 1 nodes_visited 143
[21:11:11.646] START to_move 2
[21:11:11.654] STOP to_move 2 nodes_visited 136
[21:11:11.654] START to_move 1
[21:11:11.663] STOP to_move 1 nodes_visited 145
[21:11:11.663] START to_move 2
[21:11:11.672] STOP to_move 2 nodes_visited 142
[21:11:11.672] START to_move 1
[21:11:11.681] STOP to_move 1 nodes_visited 143
[21:11:11.681] START to_move 2
[21:11:11.689] STOP to_move 2 nodes_visited 136
[21:11:11.689] START to_move 1
[21:11:11.698] STOP to_move 1 nodes_visited 139
[21:11:11.698] START to_move 2
[21:11:11.706] STOP to_move 2 nodes_visited 136
[21:11:11.706] START to_move 1
[21:11:11.715] STOP to_move 1 nodes_visited 147
[21:11:11.715] START to_move 2
[21:11:11.724] STOP to_move 2 nodes_visited 150
[21:11:11.724] START to_move 1
[21:11:11.733] STOP to_move 1 nodes_visited 147
[21:11:11.733] START to_move 2
[21:11:11.742] STOP to_move 2 nodes_visited 142
[21:11:11.742] START to_move 1
[21:11:11.754] STOP to_move 1 nodes_visited 197
[21:11:11.754] START to_move 2
[21:11:11.762] STOP to_move 2 nodes_visited 128
[21:11:11.763] START to_move 1
[21:11:11.771] STOP to_move 1 nodes_visited 137
[21:11:11.771] START to_move 2
[21:11:11.779] STOP to_move 2 nodes_visited 128
[21:11:11.779] START to_move 1
[21:11:11.787] STOP to_move 1 nodes_visited 135
[21:11:11.787] START to_move 2
[21:11:11.795] STOP to_move 2 nodes_visited 128
[21:11:11.795] START to_move 1
[21:11:11.804] STOP to_move 1 nodes_visited 139
[21:11:11.804] START to_move 2
[21:11:11.812] STOP to_move 2 nodes_visited 126
[21:11:11.812] START to_move 1
[21:11:11.821] STOP to_move 1 nodes_visited 137
[21:11:11.821] START to_move 2
[21:11:11.828] STOP to_move 2 nodes_visited 118
[21:11:11.828] START to_move 1
[21:11:11.836] STOP to_move 1 nodes_visited 133
[21:11:11.837] START to_move 2
[21:11:11.844] STOP to_move 2 nodes_visited 117
[21:11:11.844] START to_move 1
[21:11:11.852] STOP to_move 1 nodes_visited 129
[21:11:11.852] START to_move 2
[21:11:11.859] STOP to_move 2 nodes_visited 110
[21:11:11.860] START to_move 1
[21:11:11.868] STOP to_move 1 nodes_visited 135
[21:11:11.868] START to_move 2
[21:11:11.876] STOP to_move 2 nodes_visited 121
[21:11:11.876] START to_move 1
[21:11:11.884] STOP to_move 1 nodes_visited 133
[21:11:11.884] START to_move 2
[21:11:11.891] STOP to_move 2 nodes_visited 116
[21:11:11.891] START to_move 1
[21:11:11.900] STOP to_move 1 nodes_visited 135
[21:11:11.900] START to_move 2
[21:11:11.907] STOP to_move 2 nodes_visited 121
[21:11:11.908] START to_move 1
[21:11:11.925] STOP to_move 1 nodes_visited 280
[21:11:11.926] START to_move 2
[21:11:11.948] STOP to_move 2 nodes_visited 336
[21:11:11.948] START to_move 1
[21:11:11.964] STOP to_move 1 nodes_visited 252
[21:11:11.964] START to_move 2
[21:11:11.971] STOP to_move 2 nodes_visited 106
[21:11:11.971] START to_move 1
[21:11:11.975] STOP to_move 1 nodes_visited 62
[21:11:11.975] START to_move 2
[21:11:11.982] STOP to_move 2 nodes_visited 110
[21:11:11.982] START to_move 1
[21:11:11.990] STOP to_move 1 nodes_visited 125
[21:11:11.990] START to_move 2
[21:11:11.996] STOP to_move 2 nodes_visited 104
[21:11:11.996] START to_move 1
[21:11:12.000] STOP to_move 1 nodes_visited 65
[21:11:12.000] START to_move 2
[21:11:12.008] STOP to_move 2 nodes_visited 126
[21:11:12.008] START to_move 1
[21:11:12.012] STOP to_move 1 nodes_visited 62
[21:11:12.012] START to_move 2
[21:11:12.018] STOP to_move 2 nodes_visited 98
[21:11:12.018] START to_move 1
[21:11:12.022] STOP to_move 1 nodes_visited 60
[21:11:12.022] START to_move 2
[21:11:12.029] STOP to_move 2 nodes_visited 115
[21:11:12.029] START to_move 1
[21:11:12.033] STOP to_move 1 nodes_visited 55
[21:11:12.033] START to_move 2
[21:11:12.039] STOP to_move 2 nodes_visited 90
[21:11:12.039] START to_move 1
[21:11:12.042] STOP to_move 1 nodes_visited 53
[21:11:12.042] START to_move 2
[21:11:12.049] STOP to_move 2 nodes_visited 101
[21:11:12.049] START to_move 1
[21:11:12.051] STOP to_move 1 nodes_visited 45
[21:11:12.051] START to_move 2
[21:11:12.056] STOP to_move 2 nodes_visited 74
[21:11:12.056] START to_move 1
[21:11:12.059] STOP to_move 1 nodes_visited 45
[21:11:12.059] START to_move 2
[21:11:12.064] STOP to_move 2 nodes_visited 84
[21:11:12.064] START to_move 1
[21:11:12.067] STOP to_move 1 nodes_visited 47
[21:11:12.067] START to_move 2
[21:11:12.072] STOP to_move 2 nodes_visited 74
[21:11:12.072] START to_move 1
[21:11:12.075] STOP to_move 1 nodes_visited 47
[21:11:12.075] START to_move 2
[21:11:12.081] STOP to_move 2 nodes_visited 88
[21:11:12.081] START to_move 1
[21:11:12.084] STOP to_move 1 nodes_visited 45
[21:11:12.084] START to_move 2
[21:11:12.089] STOP to_move 2 nodes_visited 70
[21:11:12.089] START to_move 1
[21:11:12.092] STOP to_move 1 nodes_visited 45
[21:11:12.092] START to_move 2
[21:11:12.097] STOP to_move 2 nodes_visited 70
[21:11:12.097] START to_move 1
[21:11:12.103] STOP to_move 1 nodes_visited 85
[21:11:12.103] START to_move 2
[21:11:12.108] STOP to_move 2 nodes_visited 70
[21:11:12.108] START to_move 1
[21:11:12.112] STOP to_move 1 nodes_visited 47
[21:11:12.112] START to_move 2
[21:11:12.116] STOP to_move 2 nodes_visited 63
[21:11:12.116] START to_move 1
[21:11:12.122] STOP to_move 1 nodes_visited 85
[21:11:12.122] START to_move 2
[21:11:12.127] STOP to_move 2 nodes_visited 63
[21:11:12.127] START to_move 1
[21:11:12.132] STOP to_move 1 nodes_visited 75
[21:11:12.132] START to_move 2
[21:11:12.136] STOP to_move 2 nodes_visited 60
[21:11:12.136] START to_move 1
[21:11:12.141] STOP to_move 1 nodes_visited 75
[21:11:12.141] START to_move 2
[21:11:12.145] STOP to_move 2 nodes_visited 55
[21:11:12.145] START to_move 1
[21:11:12.148] STOP to_move 1 nodes_visited 35
[21:11:12.148] START to_move 2
[21:11:12.152] STOP to_move 2 nodes_visited 64
[21:11:12.152] START to_move 1
[21:11:12.154] STOP to_move 1 nodes_visited 33
[21:11:12.154] START to_move 2
[21:11:12.158] STOP to_move 2 nodes_visited 47
[21:11:12.158] START to_move 1
[21:11:12.160] STOP to_move 1 nodes_visited 32
[21:11:12.160] START to_move 2
[21:11:12.164] STOP to_move 2 nodes_visited 58
[21:11:12.164] START to_move 1
[21:11:12.166] STOP to_move 1 nodes_visited 29
[21:11:12.166] START to_move 2
[21:11:12.169] STOP to_move 2 nodes_visited 39
[21:11:12.169] START to_move 1
[21:11:12.171] STOP to_move 1 nodes_visited 28
[21:11:12.171] START to_move 2
[21:11:12.174] STOP to_move 2 nodes_visited 49
[21:11:12.174] START to_move 1
[21:11:12.176] STOP to_move 1 nodes_visited 25
[21:11:12.176] START to_move 2
[21:11:12.179] STOP to_move 2 nodes_visited 33
[21:11:12.179] START to_move 1
[21:11:12.181] STOP to_move 1 nodes_visited 26
[21:11:12.181] START to_move 2
[21:11:12.184] STOP to_move 2 nodes_visited 45
[21:11:12.185] START to_move 1
[21:11:12.187] STOP to_move 1 nodes_visited 25
[21:11:12.187] START to_move 2
[21:11:12.189] STOP to_move 2 nodes_visited 33
[21:11:12.189] START to_move 1
[21:11:12.191] STOP to_move 1 nodes_visited 23
[21:11:12.191] START to_move 2
[21:11:12.193] STOP to_move 2 nodes_visited 39
[21:11:12.193] START to_move 1
[21:11:12.195] STOP to_move 1 nodes_visited 25
[21:11:12.195] START to_move 2
[21:11:12.197] STOP to_move 2 nodes_visited 33
[21:11:12.197] START to_move 1
[21:11:12.198] STOP to_move 1 nodes_visited 20
[21:11:12.198] START to_move 2
[21:11:12.200] STOP to_move 2 nodes_visited 26
[21:11:12.200] START to_move 1
[21:11:12.203] STOP to_move 1 nodes_visited 39
[21:11:12.203] START to_move 2
[21:11:12.205] STOP to_move 2 nodes_visited 29
[21:11:12.205] START to_move 1
[21:11:12.206] STOP to_move 1 nodes_visited 21
[21:11:12.206] START to_move 2
[21:11:12.208] STOP to_move 2 nodes_visited 35
[21:11:12.209] START to_move 1
[21:11:12.210] STOP to_move 1 nodes_visited 19
[21:11:12.210] START to_move 2
[21:11:12.212] STOP to_move 2 nodes_visited 27
[21:11:12.212] START to_move 1
[21:11:12.213] STOP to_move 1 nodes_visited 19
[21:11:12.213] START to_move 2
[21:11:12.215] STOP to_move 2 nodes_visited 31
[21:11:12.215] START to_move 1
[21:11:12.216] STOP to_move 1 nodes_visited 18
[21:11:12.216] START to_move 2
[21:11:12.218] STOP to_move 2 nodes_visited 25
[21:11:12.218] START to_move 1
[21:11:12.220] STOP to_move 1 nodes_visited 22
[21:11:12.220] START to_move 2
[21:11:12.222] STOP to_move 2 nodes_visited 38
[21:11:12.222] START to_move 1
[21:11:12.223] STOP to_move 1 nodes_visited 15
[21:11:12.223] START to_move 2
[21:11:12.224] STOP to_move 2 nodes_visited 21
[21:11:12.224] START to_move 1
[21:11:12.225] STOP to_move 1 nodes_visited 16
[21:11:12.225] START to_move 2
[21:11:12.227] STOP to_move 2 nodes_visited 26
[21:11:12.227] START to_move 1
[21:11:12.228] STOP to_move 1 nodes_visited 11
[21:11:12.228] START to_move 2
[21:11:12.229] STOP to_move 2 nodes_visited 13
[21:11:12.229] START to_move 1
[21:11:12.230] STOP to_move 1 nodes_visited 13
[21:11:12.230] START to_move 2
[21:11:12.231] STOP to_move 2 nodes_visited 17
[21:11:12.231] START to_move 1
[21:11:12.232] STOP to_move 1 nodes_visited 23
[21:11:12.232] START to_move 2
[21:11:12.234] STOP to_move 2 nodes_visited 19
[21:11:12.234] START to_move 1
[21:11:12.235] STOP to_move 1 nodes_visited 14
[21:11:12.235] START to_move 2
[21:11:12.236] STOP to_move 2 nodes_visited 19
[21:11:12.236] START to_move 1
[21:11:12.237] STOP to_move 1 nodes_visited 19
[21:11:12.237] START to_move 2
[21:11:12.238] STOP to_move 2 nodes_visited 15
[21:11:12.238] START to_move 1
[21:11:12.239] STOP to_move 1 nodes_visited 16
[21:11:12.239] START to_move 2
[21:11:12.241] STOP to_move 2 nodes_visited 26
[21:11:12.241] START to_move 1
[21:11:12.242] STOP to_move 1 nodes_visited 10
[21:11:12.242] START to_move 2
[21:11:12.242] STOP to_move 2 nodes_visited 11
[21:11:12.242] START to_move 1
[21:11:12.243] STOP to_move 1 nodes_visited 10
[21:11:12.243] START to_move 2
[21:11:12.244] STOP to_move 2 nodes_visited 11
[21:11:12.244] START to_move 1
[21:11:12.245] STOP to_move 1 nodes_visited 15
[21:11:12.245] START to_move 2
[21:11:12.245] STOP to_move 2 nodes_visited 11
[21:11:12.246] START to_move 1
[21:11:12.246] STOP to_move 1 nodes_visited 6
[21:11:12.246] START to_move 2
[21:11:12.246] STOP to_move 2 nodes_visited 4
[21:11:12.246] START to_move 1
[21:11:12.247] STOP to_move 1 nodes_visited 9
[21:11:12.247] START to_move 2
[21:11:12.247] STOP to_move 2 nodes_visited 7
[21:11:12.247] START to_move 1
[21:11:12.248] STOP to_move 1 nodes_visited 6
[21:11:12.248] START to_move 2
[21:11:12.248] STOP to_move 2 nodes_visited 4
[21:11:12.248] START to_move 1
[21:11:12.248] STOP to_move 1 nodes_visited 9
[21:11:12.248] START to_move 2
[21:11:12.249] STOP to_move 2 nodes_visited 7
[21:11:12.272] END winner 0 - rounds 560
