[21:26:33.128] 1 - distance_function euclides - pruning True
[21:26:33.128] 2 - distance_function chebyshev - pruning True
[21:26:33.129] START to_move 1
[21:26:33.183] STOP to_move 1 nodes_visited 900
[21:26:33.183] START to_move 2
[21:26:33.304] STOP to_move 2 nodes_visited 1877
[21:26:33.305] START to_move 1
[21:26:33.372] STOP to_move 1 nodes_visited 1040
[21:26:33.373] START to_move 2
[21:26:33.486] STOP to_move 2 nodes_visited 1800
[21:26:33.487] START to_move 1
[21:26:33.577] STOP to_move 1 nodes_visited 1498
[21:26:33.578] START to_move 2
[21:26:33.730] STOP to_move 2 nodes_visited 2368
[21:26:33.731] START to_move 1
[21:26:33.872] STOP to_move 1 nodes_visited 2347
[21:26:33.874] START to_move 2
[21:26:33.971] STOP to_move 2 nodes_visited 1551
[21:26:33.972] START to_move 1
[21:26:34.117] STOP to_move 1 nodes_visited 2418
[21:26:34.118] START to_move 2
[21:26:34.374] STOP to_move 2 nodes_visited 4024
[21:26:34.376] START to_move 1
[21:26:34.513] STOP to_move 1 nodes_visited 2236
[21:26:34.515] START to_move 2
[21:26:34.788] STOP to_move 2 nodes_visited 4274
[21:26:34.791] START to_move 1
[21:26:34.927] STOP to_move 1 nodes_visited 2218
[21:26:34.928] START to_move 2
[21:26:35.028] STOP to_move 2 nodes_visited 1612
[21:26:35.029] START to_move 1
[21:26:35.180] STOP to_move 1 nodes_visited 2531
[21:26:35.182] START to_move 2
[21:26:35.283] STOP to_move 2 nodes_visited 1611
[21:26:35.284] START to_move 1
[21:26:35.420] STOP to_move 1 nodes_visited 2248
[21:26:35.421] START to_move 2
[21:26:35.519] STOP to_move 2 nodes_visited 1561
[21:26:35.520] START to_move 1
[21:26:35.650] STOP to_move 1 nodes_visited 2148
[21:26:35.651] START to_move 2
[21:26:35.809] STOP to_move 2 nodes_visited 2452
[21:26:35.811] START to_move 1
[21:26:35.904] STOP to_move 1 nodes_visited 1537
[21:26:35.905] START to_move 2
[21:26:36.021] STOP to_move 2 nodes_visited 1838
[21:26:36.023] START to_move 1
[21:26:36.150] STOP to_move 1 nodes_visited 2131
[21:26:36.151] START to_move 2
[21:26:36.357] STOP to_move 2 nodes_visited 3238
[21:26:36.359] START to_move 1
[21:26:36.517] STOP to_move 1 nodes_visited 2555
[21:26:36.519] START to_move 2
[21:26:36.543] STOP to_move 2 nodes_visited 417
[21:26:36.544] START to_move 1
[21:26:36.748] STOP to_move 1 nodes_visited 3405
[21:26:36.750] START to_move 2
[21:26:36.777] STOP to_move 2 nodes_visited 419
[21:26:36.777] START to_move 1
[21:26:36.979] STOP to_move 1 nodes_visited 3267
[21:26:36.981] START to_move 2
[21:26:37.005] STOP to_move 2 nodes_visited 413
[21:26:37.005] START to_move 1
[21:26:37.207] STOP to_move 1 nodes_visited 3344
[21:26:37.209] START to_move 2
[21:26:37.234] STOP to_move 2 nodes_visited 407
[21:26:37.234] START to_move 1
[21:26:37.442] STOP to_move 1 nodes_visited 3377
[21:26:37.445] START to_move 2
[21:26:37.470] STOP to_move 2 nodes_visited 409
[21:26:37.471] START to_move 1
[21:26:37.587] STOP to_move 1 nodes_visited 1897
[21:26:37.588] START to_move 2
[21:26:37.612] STOP to_move 2 nodes_visited 411
[21:26:37.612] START to_move 1
[21:26:37.809] STOP to_move 1 nodes_visited 3294
[21:26:37.811] START to_move 2
[21:26:37.837] STOP to_move 2 nodes_visited 411
[21:26:37.837] START to_move 1
[21:26:37.997] STOP to_move 1 nodes_visited 2680
[21:26:37.998] START to_move 2
[21:26:38.068] STOP to_move 2 nodes_visited 1134
[21:26:38.069] START to_move 1
[21:26:38.198] STOP to_move 1 nodes_visited 2149
[21:26:38.199] START to_move 2
[21:26:38.223] STOP to_move 2 nodes_visited 400
[21:26:38.224] START to_move 1
[21:26:38.414] STOP to_move 1 nodes_visited 3045
[21:26:38.415] START to_move 2
[21:26:38.440] STOP to_move 2 nodes_visited 403
[21:26:38.440] START to_move 1
[21:26:38.620] STOP to_move 1 nodes_visited 2867
[21:26:38.622] START to_move 2
[21:26:38.654] STOP to_move 2 nodes_visited 533
[21:26:38.654] START to_move 1
[21:26:38.786] STOP to_move 1 nodes_visited 2140
[21:26:38.787] START to_move 2
[21:26:38.835] STOP to_move 2 nodes_visited 789
[21:26:38.836] START to_move 1
[21:26:38.902] STOP to_move 1 nodes_visited 1063
[21:26:38.902] START to_move 2
[21:26:38.931] STOP to_move 2 nodes_visited 475
[21:26:38.931] START to_move 1
[21:26:39.101] STOP to_move 1 nodes_visited 2740
[21:26:39.103] START to_move 2
[21:26:39.131] STOP to_move 2 nodes_visited 470
[21:26:39.132] START to_move 1
[21:26:39.248] STOP to_move 1 nodes_visited 1879
[21:26:39.249] START to_move 2
[21:26:39.277] STOP to_move 2 nodes_visited 470
[21:26:39.278] START to_move 1
[21:26:39.455] STOP to_move 1 nodes_visited 2848
[21:26:39.458] START to_move 2
[21:26:39.486] STOP to_move 2 nodes_visited 472
[21:26:39.486] START to_move 1
[21:26:39.592] STOP to_move 1 nodes_visited 1741
[21:26:39.593] START to_move 2
[21:26:39.630] STOP to_move 2 nodes_visited 620
[21:26:39.630] START to_move 1
[21:26:39.760] STOP to_move 1 nodes_visited 2086
[21:26:39.761] START to_move 2
[21:26:39.782] STOP to_move 2 nodes_visited 344
[21:26:39.782] START to_move 1
[21:26:39.896] STOP to_move 1 nodes_visited 1850
[21:26:39.897] START to_move 2
[21:26:39.917] STOP to_move 2 nodes_visited 342
[21:26:39.917] START to_move 1
[21:26:39.978] STOP to_move 1 nodes_visited 976
[21:26:39.979] START to_move 2
[21:26:40.005] STOP to_move 2 nodes_visited 434
[21:26:40.005] START to_move 1
[21:26:40.166] STOP to_move 1 nodes_visited 2640
[21:26:40.168] START to_move 2
[21:26:40.214] STOP to_move 2 nodes_visited 753
[21:26:40.214] START to_move 1
[21:26:40.325] STOP to_move 1 nodes_visited 1809
[21:26:40.326] START to_move 2
[21:26:40.351] STOP to_move 2 nodes_visited 424
[21:26:40.351] START to_move 1
[21:26:40.472] STOP to_move 1 nodes_visited 1992
[21:26:40.473] START to_move 2
[21:26:40.500] STOP to_move 2 nodes_visited 428
[21:26:40.501] START to_move 1
[21:26:40.623] STOP to_move 1 nodes_visited 2041
[21:26:40.624] START to_move 2
[21:26:40.650] STOP to_move 2 nodes_visited 427
[21:26:40.650] START to_move 1
[21:26:40.785] STOP to_move 1 nodes_visited 2196
[21:26:40.787] START to_move 2
[21:26:40.873] STOP to_move 2 nodes_visited 1369
[21:26:40.874] START to_move 1
[21:26:40.981] STOP to_move 1 nodes_visited 1755
[21:26:40.982] START to_move 2
[21:26:41.103] STOP to_move 2 nodes_visited 1900
[21:26:41.104] START to_move 1
[21:26:41.208] STOP to_move 1 nodes_visited 1732
[21:26:41.209] START to_move 2
[21:26:41.235] STOP to_move 2 nodes_visited 426
[21:26:41.235] START to_move 1
[21:26:41.366] STOP to_move 1 nodes_visited 2133
[21:26:41.367] START to_move 2
[21:26:41.393] STOP to_move 2 nodes_visited 429
[21:26:41.393] START to_move 1
[21:26:41.525] STOP to_move 1 nodes_visited 2172
[21:26:41.526] START to_move 2
[21:26:41.551] STOP to_move 2 nodes_visited 424
[21:26:41.551] START to_move 1
[21:26:41.682] STOP to_move 1 nodes_visited 2138
[21:26:41.683] START to_move 2
[21:26:41.708] STOP to_move 2 nodes_visited 415
[21:26:41.708] START to_move 1
[21:26:41.864] STOP to_move 1 nodes_visited 2489
[21:26:41.866] START to_move 2
[21:26:41.891] STOP to_move 2 nodes_visited 421
[21:26:41.891] START to_move 1
[21:26:42.022] STOP to_move 1 nodes_visited 2163
[21:26:42.023] START to_move 2
[21:26:42.048] STOP to_move 2 nodes_visited 424
[21:26:42.049] START to_move 1
[21:26:42.123] STOP to_move 1 nodes_visited 1210
[21:26:42.124] START to_move 2
[21:26:42.152] STOP to_move 2 nodes_visited 459
[21:26:42.152] START to_move 1
[21:26:42.278] STOP to_move 1 nodes_visited 2098
[21:26:42.279] START to_move 2
[21:26:42.306] STOP to_move 2 nodes_visited 461
[21:26:42.307] START to_move 1
[21:26:42.435] STOP to_move 1 nodes_visited 2098
[21:26:42.436] START to_move 2
[21:26:42.464] STOP to_move 2 nodes_visited 461
[21:26:42.464] START to_move 1
[21:26:42.586] STOP to_move 1 nodes_visited 1981
[21:26:42.587] START to_move 2
[21:26:42.621] STOP to_move 2 nodes_visited 574
[21:26:42.622] START to_move 1
[21:26:42.663] STOP to_move 1 nodes_visited 681
[21:26:42.663] START to_move 2
[21:26:42.691] STOP to_move 2 nodes_visited 456
[21:26:42.691] START to_move 1
[21:26:42.732] STOP to_move 1 nodes_visited 693
[21:26:42.732] START to_move 2
[21:26:42.759] STOP to_move 2 nodes_visited 453
[21:26:42.759] START to_move 1
[21:26:42.797] STOP to_move 1 nodes_visited 646
[21:26:42.797] START to_move 2
[21:26:42.863] STOP to_move 2 nodes_visited 1036
[21:26:42.863] START to_move 1
[21:26:42.914] STOP to_move 1 nodes_visited 852
[21:26:42.915] START to_move 2
[21:26:42.947] STOP to_move 2 nodes_visited 523
[21:26:42.948] START to_move 1
[21:26:43.072] STOP to_move 1 nodes_visited 2074
[21:26:43.073] START to_move 2
[21:26:43.104] STOP to_move 2 nodes_visited 518
[21:26:43.104] START to_move 1
[21:26:43.229] STOP to_move 1 nodes_visited 2036
[21:26:43.230] START to_move 2
[21:26:43.390] STOP to_move 2 nodes_visited 2575
[21:26:43.391] START to_move 1
[21:26:43.503] STOP to_move 1 nodes_visited 1827
[21:26:43.504] START to_move 2
[21:26:43.686] STOP to_move 2 nodes_visited 2913
[21:26:43.687] START to_move 1
[21:26:43.789] STOP to_move 1 nodes_visited 1676
[21:26:43.790] START to_move 2
[21:26:43.923] STOP to_move 2 nodes_visited 2149
[21:26:43.924] START to_move 1
[21:26:43.976] STOP to_move 1 nodes_visited 841
[21:26:43.976] START to_move 2
[21:26:44.054] STOP to_move 2 nodes_visited 1244
[21:26:44.055] START to_move 1
[21:26:44.098] STOP to_move 1 nodes_visited 694
[21:26:44.098] START to_move 2
[21:26:44.144] STOP to_move 2 nodes_visited 755
[21:26:44.144] START to_move 1
[21:26:44.179] STOP to_move 1 nodes_visited 585
[21:26:44.180] START to_move 2
[21:26:44.196] STOP to_move 2 nodes_visited 283
[21:26:44.196] START to_move 1
[21:26:44.306] STOP to_move 1 nodes_visited 1797
[21:26:44.307] START to_move 2
[21:26:44.328] STOP to_move 2 nodes_visited 352
[21:26:44.328] START to_move 1
[21:26:44.430] STOP to_move 1 nodes_visited 1701
[21:26:44.431] START to_move 2
[21:26:44.456] STOP to_move 2 nodes_visited 418
[21:26:44.456] START to_move 1
[21:26:44.554] STOP to_move 1 nodes_visited 1594
[21:26:44.555] START to_move 2
[21:26:44.580] STOP to_move 2 nodes_visited 419
[21:26:44.580] START to_move 1
[21:26:44.688] STOP to_move 1 nodes_visited 1789
[21:26:44.689] START to_move 2
[21:26:44.713] STOP to_move 2 nodes_visited 415
[21:26:44.714] START to_move 1
[21:26:44.826] STOP to_move 1 nodes_visited 1820
[21:26:44.827] START to_move 2
[21:26:44.851] STOP to_move 2 nodes_visited 408
[21:26:44.851] START to_move 1
[21:26:44.937] STOP to_move 1 nodes_visited 1432
[21:26:44.937] START to_move 2
[21:26:44.962] STOP to_move 2 nodes_visited 408
[21:26:44.962] START to_move 1
[21:26:45.063] STOP to_move 1 nodes_visited 1684
[21:26:45.064] START to_move 2
[21:26:45.089] STOP to_move 2 nodes_visited 401
[21:26:45.090] START to_move 1
[21:26:45.191] STOP to_move 1 nodes_visited 1684
[21:26:45.192] START to_move 2
[21:26:45.216] STOP to_move 2 nodes_visited 404
[21:26:45.216] START to_move 1
[21:26:45.321] STOP to_move 1 nodes_visited 1740
[21:26:45.322] START to_move 2
[21:26:45.347] STOP to_move 2 nodes_visited 404
[21:26:45.347] START to_move 1
[21:26:45.408] STOP to_move 1 nodes_visited 1003
[21:26:45.408] START to_move 2
[21:26:45.433] STOP to_move 2 nodes_visited 404
[21:26:45.433] START to_move 1
[21:26:45.527] STOP to_move 1 nodes_visited 1524
[21:26:45.528] START to_move 2
[21:26:45.552] STOP to_move 2 nodes_visited 403
[21:26:45.552] START to_move 1
[21:26:45.707] STOP to_move 1 nodes_visited 2550
[21:26:45.709] START to_move 2
[21:26:45.733] STOP to_move 2 nodes_visited 404
[21:26:45.733] START to_move 1
[21:26:45.888] STOP to_move 1 nodes_visited 2506
[21:26:45.889] START to_move 2
[21:26:45.934] STOP to_move 2 nodes_visited 737
[21:26:45.934] START to_move 1
[21:26:46.013] STOP to_move 1 nodes_visited 1312
[21:26:46.014] START to_move 2
[21:26:46.038] STOP to_move 2 nodes_visited 403
[21:26:46.038] START to_move 1
[21:26:46.141] STOP to_move 1 nodes_visited 1670
[21:26:46.142] START to_move 2
[21:26:46.167] STOP to_move 2 nodes_visited 400
[21:26:46.167] START to_move 1
[21:26:46.259] STOP to_move 1 nodes_visited 1536
[21:26:46.259] START to_move 2
[21:26:46.306] STOP to_move 2 nodes_visited 753
[21:26:46.306] START to_move 1
[21:26:46.339] STOP to_move 1 nodes_visited 558
[21:26:46.339] START to_move 2
[21:26:46.388] STOP to_move 2 nodes_visited 795
[21:26:46.390] START to_move 1
[21:26:46.425] STOP to_move 1 nodes_visited 554
[21:26:46.425] START to_move 2
[21:26:46.449] STOP to_move 2 nodes_visited 403
[21:26:46.450] START to_move 1
[21:26:46.507] STOP to_move 1 nodes_visited 914
[21:26:46.507] START to_move 2
[21:26:46.530] STOP to_move 2 nodes_visited 377
[21:26:46.531] START to_move 1
[21:26:46.583] STOP to_move 1 nodes_visited 834
[21:26:46.583] START to_move 2
[21:26:46.602] STOP to_move 2 nodes_visited 326
[21:26:46.602] START to_move 1
[21:26:46.652] STOP to_move 1 nodes_visited 812
[21:26:46.653] START to_move 2
[21:26:46.672] STOP to_move 2 nodes_visited 324
[21:26:46.673] START to_move 1
[21:26:46.719] STOP to_move 1 nodes_visited 715
[21:26:46.719] START to_move 2
[21:26:46.739] STOP to_move 2 nodes_visited 326
[21:26:46.739] START to_move 1
[21:26:46.791] STOP to_move 1 nodes_visited 840
[21:26:46.792] START to_move 2
[21:26:46.812] STOP to_move 2 nodes_visited 337
[21:26:46.812] START to_move 1
[21:26:46.912] STOP to_move 1 nodes_visited 1600
[21:26:46.913] START to_move 2
[21:26:46.933] STOP to_move 2 nodes_visited 337
[21:26:46.933] START to_move 1
[21:26:47.037] STOP to_move 1 nodes_visited 1631
[21:26:47.038] START to_move 2
[21:26:47.077] STOP to_move 2 nodes_visited 630
[21:26:47.078] START to_move 1
[21:26:47.131] STOP to_move 1 nodes_visited 877
[21:26:47.131] START to_move 2
[21:26:47.152] STOP to_move 2 nodes_visited 346
[21:26:47.152] START to_move 1
[21:26:47.195] STOP to_move 1 nodes_visited 720
[21:26:47.196] START to_move 2
[21:26:47.216] STOP to_move 2 nodes_visited 335
[21:26:47.216] START to_move 1
[21:26:47.247] STOP to_move 1 nodes_visited 524
[21:26:47.247] START to_move 2
[21:26:47.268] STOP to_move 2 nodes_visited 337
[21:26:47.268] START to_move 1
[21:26:47.312] STOP to_move 1 nodes_visited 711
[21:26:47.313] START to_move 2
[21:26:47.357] STOP to_move 2 nodes_visited 715
[21:26:47.357] START to_move 1
[21:26:47.425] STOP to_move 1 nodes_visited 1133
[21:26:47.426] START to_move 2
[21:26:47.439] STOP to_move 2 nodes_visited 220
[21:26:47.439] START to_move 1
[21:26:47.511] STOP to_move 1 nodes_visited 1202
[21:26:47.511] START to_move 2
[21:26:47.534] STOP to_move 2 nodes_visited 378
[21:26:47.535] START to_move 1
[21:26:47.612] STOP to_move 1 nodes_visited 1252
[21:26:47.612] START to_move 2
[21:26:47.677] STOP to_move 2 nodes_visited 1043
[21:26:47.678] START to_move 1
[21:26:47.746] STOP to_move 1 nodes_visited 1140
[21:26:47.747] START to_move 2
[21:26:47.775] STOP to_move 2 nodes_visited 460
[21:26:47.776] START to_move 1
[21:26:47.845] STOP to_move 1 nodes_visited 1147
[21:26:47.846] START to_move 2
[21:26:47.875] STOP to_move 2 nodes_visited 446
[21:26:47.875] START to_move 1
[21:26:47.945] STOP to_move 1 nodes_visited 1150
[21:26:47.945] START to_move 2
[21:26:47.972] STOP to_move 2 nodes_visited 432
[21:26:47.972] START to_move 1
[21:26:48.024] STOP to_move 1 nodes_visited 862
[21:26:48.024] START to_move 2
[21:26:48.053] STOP to_move 2 nodes_visited 473
[21:26:48.054] START to_move 1
[21:26:48.101] STOP to_move 1 nodes_visited 781
[21:26:48.101] START to_move 2
[21:26:48.130] STOP to_move 2 nodes_visited 468
[21:26:48.131] START to_move 1
[21:26:48.206] STOP to_move 1 nodes_visited 1216
[21:26:48.206] START to_move 2
[21:26:48.229] STOP to_move 2 nodes_visited 375
[21:26:48.230] START to_move 1
[21:26:48.305] STOP to_move 1 nodes_visited 1230
[21:26:48.306] START to_move 2
[21:26:48.337] STOP to_move 2 nodes_visited 514
[21:26:48.337] START to_move 1
[21:26:48.424] STOP to_move 1 nodes_visited 1373
[21:26:48.424] START to_move 2
[21:26:48.438] STOP to_move 2 nodes_visited 235
[21:26:48.439] START to_move 1
[21:26:48.471] STOP to_move 1 nodes_visited 545
[21:26:48.472] START to_move 2
[21:26:48.484] STOP to_move 2 nodes_visited 213
[21:26:48.485] START to_move 1
[21:26:48.508] STOP to_move 1 nodes_visited 400
[21:26:48.509] START to_move 2
[21:26:48.526] STOP to_move 2 nodes_visited 279
[21:26:48.526] START to_move 1
[21:26:48.583] STOP to_move 1 nodes_visited 882
[21:26:48.583] START to_move 2
[21:26:48.602] STOP to_move 2 nodes_visited 314
[21:26:48.602] START to_move 1
[21:26:48.659] STOP to_move 1 nodes_visited 889
[21:26:48.660] START to_move 2
[21:26:48.673] STOP to_move 2 nodes_visited 221
[21:26:48.674] START to_move 1
[21:26:48.727] STOP to_move 1 nodes_visited 815
[21:26:48.727] START to_move 2
[21:26:48.740] STOP to_move 2 nodes_visited 216
[21:26:48.740] START to_move 1
[21:26:48.789] STOP to_move 1 nodes_visited 762
[21:26:48.790] START to_move 2
[21:26:48.803] STOP to_move 2 nodes_visited 223
[21:26:48.803] START to_move 1
[21:26:48.831] STOP to_move 1 nodes_visited 462
[21:26:48.831] START to_move 2
[21:26:48.842] STOP to_move 2 nodes_visited 177
[21:26:48.842] START to_move 1
[21:26:48.857] STOP to_move 1 nodes_visited 250
[21:26:48.857] START to_move 2
[21:26:48.870] STOP to_move 2 nodes_visited 205
[21:26:48.870] START to_move 1
[21:26:48.890] STOP to_move 1 nodes_visited 334
[21:26:48.891] START to_move 2
[21:26:48.904] STOP to_move 2 nodes_visited 209
[21:26:48.904] START to_move 1
[21:26:48.922] STOP to_move 1 nodes_visited 298
[21:26:48.922] START to_move 2
[21:26:48.935] STOP to_move 2 nodes_visited 209
[21:26:48.935] START to_move 1
[21:26:48.953] STOP to_move 1 nodes_visited 298
[21:26:48.953] START to_move 2
[21:26:48.963] STOP to_move 2 nodes_visited 165
[21:26:48.963] START to_move 1
[21:26:48.976] STOP to_move 1 nodes_visited 200
[21:26:48.976] START to_move 2
[21:26:48.988] STOP to_move 2 nodes_visited 199
[21:26:48.988] START to_move 1
[21:26:49.006] STOP to_move 1 nodes_visited 300
[21:26:49.006] START to_move 2
[21:26:49.019] STOP to_move 2 nodes_visited 182
[21:26:49.019] START to_move 1
[21:26:49.041] STOP to_move 1 nodes_visited 369
[21:26:49.041] START to_move 2
[21:26:49.064] STOP to_move 2 nodes_visited 364
[21:26:49.064] START to_move 1
[21:26:49.092] STOP to_move 1 nodes_visited 455
[21:26:49.092] START to_move 2
[21:26:49.115] STOP to_move 2 nodes_visited 369
[21:26:49.115] START to_move 1
[21:26:49.142] STOP to_move 1 nodes_visited 439
[21:26:49.142] START to_move 2
[21:26:49.165] STOP to_move 2 nodes_visited 373
[21:26:49.166] START to_move 1
[21:26:49.191] STOP to_move 1 nodes_visited 405
[21:26:49.191] START to_move 2
[21:26:49.214] STOP to_move 2 nodes_visited 370
[21:26:49.214] START to_move 1
[21:26:49.233] STOP to_move 1 nodes_visited 322
[21:26:49.234] START to_move 2
[21:26:49.247] STOP to_move 2 nodes_visited 226
[21:26:49.247] START to_move 1
[21:26:49.269] STOP to_move 1 nodes_visited 366
[21:26:49.269] START to_move 2
[21:26:49.286] STOP to_move 2 nodes_visited 274
[21:26:49.286] START to_move 1
[21:26:49.314] STOP to_move 1 nodes_visited 469
[21:26:49.314] START to_move 2
[21:26:49.332] STOP to_move 2 nodes_visited 272
[21:26:49.332] START to_move 1
[21:26:49.361] STOP to_move 1 nodes_visited 469
[21:26:49.361] START to_move 2
[21:26:49.375] STOP to_move 2 nodes_visited 232
[21:26:49.375] START to_move 1
[21:26:49.393] STOP to_move 1 nodes_visited 305
[21:26:49.394] START to_move 2
[21:26:49.407] STOP to_move 2 nodes_visited 230
[21:26:49.407] START to_move 1
[21:26:49.432] STOP to_move 1 nodes_visited 399
[21:26:49.432] START to_move 2
[21:26:49.445] STOP to_move 2 nodes_visited 222
[21:26:49.445] START to_move 1
[21:26:49.464] STOP to_move 1 nodes_visited 300
[21:26:49.464] START to_move 2
[21:26:49.477] STOP to_move 2 nodes_visited 227
[21:26:49.477] START to_move 1
[21:26:49.499] STOP to_move 1 nodes_visited 356
[21:26:49.499] START to_move 2
[21:26:49.512] STOP to_move 2 nodes_visited 216
[21:26:49.512] START to_move 1
[21:26:49.542] STOP to_move 1 nodes_visited 491
[21:26:49.543] START to_move 2
[21:26:49.556] STOP to_move 2 nodes_visited 216
[21:26:49.556] START to_move 1
[21:26:49.586] STOP to_move 1 nodes_visited 491
[21:26:49.586] START to_move 2
[21:26:49.599] STOP to_move 2 nodes_visited 216
[21:26:49.599] START to_move 1
[21:26:49.626] STOP to_move 1 nodes_visited 415
[21:26:49.626] START to_move 2
[21:26:49.638] STOP to_move 2 nodes_visited 214
[21:26:49.639] START to_move 1
[21:26:49.657] STOP to_move 1 nodes_visited 302
[21:26:49.657] START to_move 2
[21:26:49.669] STOP to_move 2 nodes_visited 205
[21:26:49.669] START to_move 1
[21:26:49.687] STOP to_move 1 nodes_visited 294
[21:26:49.687] START to_move 2
[21:26:49.699] STOP to_move 2 nodes_visited 201
[21:26:49.699] START to_move 1
[21:26:49.722] STOP to_move 1 nodes_visited 390
[21:26:49.722] START to_move 2
[21:26:49.730] STOP to_move 2 nodes_visited 148
[21:26:49.731] START to_move 1
[21:26:49.750] STOP to_move 1 nodes_visited 334
[21:26:49.751] START to_move 2
[21:26:49.763] STOP to_move 2 nodes_visited 198
[21:26:49.763] START to_move 1
[21:26:49.785] STOP to_move 1 nodes_visited 375
[21:26:49.785] START to_move 2
[21:26:49.793] STOP to_move 2 nodes_visited 138
[21:26:49.793] START to_move 1
[21:26:49.816] STOP to_move 1 nodes_visited 365
[21:26:49.816] START to_move 2
[21:26:49.824] STOP to_move 2 nodes_visited 146
[21:26:49.824] START to_move 1
[21:26:49.837] STOP to_move 1 nodes_visited 210
[21:26:49.837] START to_move 2
[21:26:49.856] STOP to_move 2 nodes_visited 308
[21:26:49.856] START to_move 1
[21:26:49.869] STOP to_move 1 nodes_visited 215
[21:26:49.869] START to_move 2
[21:26:49.876] STOP to_move 2 nodes_visited 130
[21:26:49.877] START to_move 1
[21:26:49.889] STOP to_move 1 nodes_visited 210
[21:26:49.889] START to_move 2
[21:26:49.897] STOP to_move 2 nodes_visited 140
[21:26:49.898] START to_move 1
[21:26:49.916] STOP to_move 1 nodes_visited 305
[21:26:49.916] START to_move 2
[21:26:49.924] STOP to_move 2 nodes_visited 140
[21:26:49.924] START to_move 1
[21:26:49.942] STOP to_move 1 nodes_visited 288
[21:26:49.942] START to_move 2
[21:26:49.957] STOP to_move 2 nodes_visited 241
[21:26:49.957] START to_move 1
[21:26:49.972] STOP to_move 1 nodes_visited 246
[21:26:49.972] START to_move 2
[21:26:49.981] STOP to_move 2 nodes_visited 147
[21:26:49.981] START to_move 1
[21:26:49.989] STOP to_move 1 nodes_visited 145
[21:26:49.989] START to_move 2
[21:26:49.997] STOP to_move 2 nodes_visited 130
[21:26:49.997] START to_move 1
[21:26:50.003] STOP to_move 1 nodes_visited 96
[21:26:50.003] START to_move 2
[21:26:50.012] STOP to_move 2 nodes_visited 149
[21:26:50.012] START to_move 1
[21:26:50.023] STOP to_move 1 nodes_visited 182
[21:26:50.023] START to_move 2
[21:26:50.030] STOP to_move 2 nodes_visited 126
[21:26:50.030] START to_move 1
[21:26:50.036] STOP to_move 1 nodes_visited 93
[21:26:50.036] START to_move 2
[21:26:50.044] STOP to_move 2 nodes_visited 138
[21:26:50.044] START to_move 1
[21:26:50.054] STOP to_move 1 nodes_visited 172
[21:26:50.054] START to_move 2
[21:26:50.061] STOP to_move 2 nodes_visited 114
[21:26:50.061] START to_move 1
[21:26:50.067] STOP to_move 1 nodes_visited 90
[21:26:50.067] START to_move 2
[21:26:50.079] STOP to_move 2 nodes_visited 210
[21:26:50.079] START to_move 1
[21:26:50.090] STOP to_move 1 nodes_visited 173
[21:26:50.090] END winner 1 - rounds 291
