[21:51:29.891] 1 - distance_function euclides - pruning True
[21:51:29.891] 2 - distance_function chebyshev - pruning True
[21:51:29.892] START to_move 1
[21:51:29.993] STOP to_move 1 nodes_visited 1682
[21:51:29.994] START to_move 2
[21:51:30.340] STOP to_move 2 nodes_visited 4858
[21:51:30.343] START to_move 1
[21:51:30.500] STOP to_move 1 nodes_visited 2455
[21:51:30.502] START to_move 2
[21:51:30.766] STOP to_move 2 nodes_visited 4082
[21:51:30.768] START to_move 1
[21:51:30.898] STOP to_move 1 nodes_visited 2099
[21:51:30.899] START to_move 2
[21:51:31.082] STOP to_move 2 nodes_visited 2861
[21:51:31.084] START to_move 1
[21:51:31.142] STOP to_move 1 nodes_visited 941
[21:51:31.143] START to_move 2
[21:51:31.245] STOP to_move 2 nodes_visited 1597
[21:51:31.246] START to_move 1
[21:51:31.388] STOP to_move 1 nodes_visited 2271
[21:51:31.390] START to_move 2
[21:51:31.448] STOP to_move 2 nodes_visited 954
[21:51:31.449] START to_move 1
[21:51:31.509] STOP to_move 1 nodes_visited 935
[21:51:31.509] START to_move 2
[21:51:31.607] STOP to_move 2 nodes_visited 1577
[21:51:31.608] START to_move 1
[21:51:31.738] STOP to_move 1 nodes_visited 2080
[21:51:31.739] START to_move 2
[21:51:31.837] STOP to_move 2 nodes_visited 1529
[21:51:31.838] START to_move 1
[21:51:31.957] STOP to_move 1 nodes_visited 1907
[21:51:31.958] START to_move 2
[21:51:32.051] STOP to_move 2 nodes_visited 1455
[21:51:32.052] START to_move 1
[21:51:32.145] STOP to_move 1 nodes_visited 1493
[21:51:32.146] START to_move 2
[21:51:32.168] STOP to_move 2 nodes_visited 372
[21:51:32.168] START to_move 1
[21:51:32.292] STOP to_move 1 nodes_visited 2053
[21:51:32.293] START to_move 2
[21:51:32.318] STOP to_move 2 nodes_visited 379
[21:51:32.318] START to_move 1
[21:51:32.451] STOP to_move 1 nodes_visited 2184
[21:51:32.453] START to_move 2
[21:51:32.474] STOP to_move 2 nodes_visited 357
[21:51:32.474] START to_move 1
[21:51:32.603] STOP to_move 1 nodes_visited 2081
[21:51:32.604] START to_move 2
[21:51:32.625] STOP to_move 2 nodes_visited 364
[21:51:32.626] START to_move 1
[21:51:32.751] STOP to_move 1 nodes_visited 2060
[21:51:32.752] START to_move 2
[21:51:32.773] STOP to_move 2 nodes_visited 356
[21:51:32.774] START to_move 1
[21:51:32.862] STOP to_move 1 nodes_visited 1427
[21:51:32.863] START to_move 2
[21:51:32.881] STOP to_move 2 nodes_visited 301
[21:51:32.881] START to_move 1
[21:51:32.963] STOP to_move 1 nodes_visited 1356
[21:51:32.963] START to_move 2
[21:51:33.015] STOP to_move 2 nodes_visited 855
[21:51:33.016] START to_move 1
[21:51:33.086] STOP to_move 1 nodes_visited 1162
[21:51:33.087] START to_move 2
[21:51:33.201] STOP to_move 2 nodes_visited 1794
[21:51:33.202] START to_move 1
[21:51:33.274] STOP to_move 1 nodes_visited 1189
[21:51:33.275] START to_move 2
[21:51:33.292] STOP to_move 2 nodes_visited 291
[21:51:33.292] START to_move 1
[21:51:33.359] STOP to_move 1 nodes_visited 1109
[21:51:33.360] START to_move 2
[21:51:33.377] STOP to_move 2 nodes_visited 284
[21:51:33.377] START to_move 1
[21:51:33.445] STOP to_move 1 nodes_visited 1109
[21:51:33.446] START to_move 2
[21:51:33.463] STOP to_move 2 nodes_visited 284
[21:51:33.463] START to_move 1
[21:51:33.530] STOP to_move 1 nodes_visited 1109
[21:51:33.533] START to_move 2
[21:51:33.551] STOP to_move 2 nodes_visited 282
[21:51:33.551] START to_move 1
[21:51:33.652] STOP to_move 1 nodes_visited 1662
[21:51:33.653] START to_move 2
[21:51:33.671] STOP to_move 2 nodes_visited 284
[21:51:33.671] START to_move 1
[21:51:33.775] STOP to_move 1 nodes_visited 1713
[21:51:33.776] START to_move 2
[21:51:33.792] STOP to_move 2 nodes_visited 279
[21:51:33.792] START to_move 1
[21:51:33.888] STOP to_move 1 nodes_visited 1575
[21:51:33.889] START to_move 2
[21:51:33.984] STOP to_move 2 nodes_visited 1499
[21:51:33.984] START to_move 1
[21:51:34.059] STOP to_move 1 nodes_visited 1223
[21:51:34.060] START to_move 2
[21:51:34.171] STOP to_move 2 nodes_visited 1801
[21:51:34.172] START to_move 1
[21:51:34.264] STOP to_move 1 nodes_visited 1498
[21:51:34.265] START to_move 2
[21:51:34.437] STOP to_move 2 nodes_visited 2775
[21:51:34.439] START to_move 1
[21:51:34.523] STOP to_move 1 nodes_visited 1351
[21:51:34.524] START to_move 2
[21:51:34.541] STOP to_move 2 nodes_visited 283
[21:51:34.541] START to_move 1
[21:51:34.626] STOP to_move 1 nodes_visited 1389
[21:51:34.626] START to_move 2
[21:51:34.643] STOP to_move 2 nodes_visited 277
[21:51:34.643] START to_move 1
[21:51:34.723] STOP to_move 1 nodes_visited 1326
[21:51:34.724] START to_move 2
[21:51:34.773] STOP to_move 2 nodes_visited 761
[21:51:34.773] START to_move 1
[21:51:34.852] STOP to_move 1 nodes_visited 1306
[21:51:34.852] START to_move 2
[21:51:34.867] STOP to_move 2 nodes_visited 251
[21:51:34.867] START to_move 1
[21:51:34.899] STOP to_move 1 nodes_visited 532
[21:51:34.899] START to_move 2
[21:51:34.913] STOP to_move 2 nodes_visited 225
[21:51:34.913] START to_move 1
[21:51:34.956] STOP to_move 1 nodes_visited 715
[21:51:34.956] START to_move 2
[21:51:35.077] STOP to_move 2 nodes_visited 1912
[21:51:35.079] START to_move 1
[21:51:35.113] STOP to_move 1 nodes_visited 576
[21:51:35.114] START to_move 2
[21:51:35.192] STOP to_move 2 nodes_visited 1260
[21:51:35.192] START to_move 1
[21:51:35.231] STOP to_move 1 nodes_visited 639
[21:51:35.231] START to_move 2
[21:51:35.254] STOP to_move 2 nodes_visited 369
[21:51:35.254] START to_move 1
[21:51:35.300] STOP to_move 1 nodes_visited 768
[21:51:35.301] START to_move 2
[21:51:35.324] STOP to_move 2 nodes_visited 358
[21:51:35.324] START to_move 1
[21:51:35.365] STOP to_move 1 nodes_visited 679
[21:51:35.365] START to_move 2
[21:51:35.377] STOP to_move 2 nodes_visited 198
[21:51:35.377] START to_move 1
[21:51:35.392] STOP to_move 1 nodes_visited 240
[21:51:35.392] START to_move 2
[21:51:35.402] STOP to_move 2 nodes_visited 170
[21:51:35.402] START to_move 1
[21:51:35.413] STOP to_move 1 nodes_visited 178
[21:51:35.413] START to_move 2
[21:51:35.423] STOP to_move 2 nodes_visited 161
[21:51:35.423] START to_move 1
[21:51:35.439] STOP to_move 1 nodes_visited 274
[21:51:35.439] START to_move 2
[21:51:35.449] STOP to_move 2 nodes_visited 161
[21:51:35.449] START to_move 1
[21:51:35.465] STOP to_move 1 nodes_visited 273
[21:51:35.466] START to_move 2
[21:51:35.475] STOP to_move 2 nodes_visited 161
[21:51:35.475] START to_move 1
[21:51:35.487] STOP to_move 1 nodes_visited 205
[21:51:35.487] START to_move 2
[21:51:35.497] STOP to_move 2 nodes_visited 161
[21:51:35.497] START to_move 1
[21:51:35.518] STOP to_move 1 nodes_visited 347
[21:51:35.518] START to_move 2
[21:51:35.528] STOP to_move 2 nodes_visited 158
[21:51:35.528] START to_move 1
[21:51:35.543] STOP to_move 1 nodes_visited 259
[21:51:35.544] START to_move 2
[21:51:35.553] STOP to_move 2 nodes_visited 158
[21:51:35.553] START to_move 1
[21:51:35.568] STOP to_move 1 nodes_visited 241
[21:51:35.568] START to_move 2
[21:51:35.577] STOP to_move 2 nodes_visited 161
[21:51:35.578] START to_move 1
[21:51:35.595] STOP to_move 1 nodes_visited 280
[21:51:35.595] START to_move 2
[21:51:35.604] STOP to_move 2 nodes_visited 161
[21:51:35.605] START to_move 1
[21:51:35.615] STOP to_move 1 nodes_visited 173
[21:51:35.615] START to_move 2
[21:51:35.626] STOP to_move 2 nodes_visited 163
[21:51:35.626] START to_move 1
[21:51:35.650] STOP to_move 1 nodes_visited 406
[21:51:35.650] START to_move 2
[21:51:35.660] STOP to_move 2 nodes_visited 166
[21:51:35.660] START to_move 1
[21:51:35.683] STOP to_move 1 nodes_visited 382
[21:51:35.683] START to_move 2
[21:51:35.692] STOP to_move 2 nodes_visited 163
[21:51:35.692] START to_move 1
[21:51:35.711] STOP to_move 1 nodes_visited 312
[21:51:35.711] START to_move 2
[21:51:35.721] STOP to_move 2 nodes_visited 160
[21:51:35.721] START to_move 1
[21:51:35.744] STOP to_move 1 nodes_visited 379
[21:51:35.744] START to_move 2
[21:51:35.753] STOP to_move 2 nodes_visited 163
[21:51:35.754] START to_move 1
[21:51:35.766] STOP to_move 1 nodes_visited 207
[21:51:35.766] START to_move 2
[21:51:35.776] STOP to_move 2 nodes_visited 176
[21:51:35.776] START to_move 1
[21:51:35.801] STOP to_move 1 nodes_visited 406
[21:51:35.801] START to_move 2
[21:51:35.831] STOP to_move 2 nodes_visited 454
[21:51:35.832] START to_move 1
[21:51:35.861] STOP to_move 1 nodes_visited 491
[21:51:35.861] START to_move 2
[21:51:35.874] STOP to_move 2 nodes_visited 201
[21:51:35.874] START to_move 1
[21:51:35.892] STOP to_move 1 nodes_visited 317
[21:51:35.893] START to_move 2
[21:51:35.902] STOP to_move 2 nodes_visited 159
[21:51:35.902] START to_move 1
[21:51:35.930] STOP to_move 1 nodes_visited 438
[21:51:35.930] START to_move 2
[21:51:35.939] STOP to_move 2 nodes_visited 156
[21:51:35.940] START to_move 1
[21:51:35.963] STOP to_move 1 nodes_visited 378
[21:51:35.963] START to_move 2
[21:51:35.971] STOP to_move 2 nodes_visited 144
[21:51:35.971] START to_move 1
[21:51:35.985] STOP to_move 1 nodes_visited 216
[21:51:35.985] START to_move 2
[21:51:35.993] STOP to_move 2 nodes_visited 132
[21:51:35.994] START to_move 1
[21:51:36.006] STOP to_move 1 nodes_visited 202
[21:51:36.006] START to_move 2
[21:51:36.028] STOP to_move 2 nodes_visited 368
[21:51:36.028] START to_move 1
[21:51:36.042] STOP to_move 1 nodes_visited 223
[21:51:36.042] START to_move 2
[21:51:36.052] STOP to_move 2 nodes_visited 174
[21:51:36.053] START to_move 1
[21:51:36.062] STOP to_move 1 nodes_visited 165
[21:51:36.062] START to_move 2
[21:51:36.079] STOP to_move 2 nodes_visited 274
[21:51:36.080] START to_move 1
[21:51:36.094] STOP to_move 1 nodes_visited 235
[21:51:36.094] START to_move 2
[21:51:36.106] STOP to_move 2 nodes_visited 188
[21:51:36.106] START to_move 1
[21:51:36.114] STOP to_move 1 nodes_visited 135
[21:51:36.114] START to_move 2
[21:51:36.121] STOP to_move 2 nodes_visited 130
[21:51:36.122] START to_move 1
[21:51:36.129] STOP to_move 1 nodes_visited 130
[21:51:36.129] START to_move 2
[21:51:36.136] STOP to_move 2 nodes_visited 117
[21:51:36.136] START to_move 1
[21:51:36.141] STOP to_move 1 nodes_visited 85
[21:51:36.141] START to_move 2
[21:51:36.149] STOP to_move 2 nodes_visited 120
[21:51:36.149] START to_move 1
[21:51:36.157] STOP to_move 1 nodes_visited 134
[21:51:36.157] START to_move 2
[21:51:36.177] STOP to_move 2 nodes_visited 319
[21:51:36.177] START to_move 1
[21:51:36.188] STOP to_move 1 nodes_visited 188
[21:51:36.188] START to_move 2
[21:51:36.195] STOP to_move 2 nodes_visited 118
[21:51:36.195] START to_move 1
[21:51:36.202] STOP to_move 1 nodes_visited 118
[21:51:36.203] START to_move 2
[21:51:36.209] STOP to_move 2 nodes_visited 108
[21:51:36.209] START to_move 1
[21:51:36.216] STOP to_move 1 nodes_visited 116
[21:51:36.216] START to_move 2
[21:51:36.223] STOP to_move 2 nodes_visited 106
[21:51:36.223] START to_move 1
[21:51:36.229] STOP to_move 1 nodes_visited 110
[21:51:36.229] START to_move 2
[21:51:36.235] STOP to_move 2 nodes_visited 100
[21:51:36.235] START to_move 1
[21:51:36.242] STOP to_move 1 nodes_visited 104
[21:51:36.242] START to_move 2
[21:51:36.257] STOP to_move 2 nodes_visited 225
[21:51:36.257] START to_move 1
[21:51:36.266] STOP to_move 1 nodes_visited 148
[21:51:36.266] START to_move 2
[21:51:36.272] STOP to_move 2 nodes_visited 101
[21:51:36.272] START to_move 1
[21:51:36.278] STOP to_move 1 nodes_visited 97
[21:51:36.278] START to_move 2
[21:51:36.282] STOP to_move 2 nodes_visited 80
[21:51:36.283] START to_move 1
[21:51:36.285] STOP to_move 1 nodes_visited 44
[21:51:36.285] START to_move 2
[21:51:36.291] STOP to_move 2 nodes_visited 89
[21:51:36.291] START to_move 1
[21:51:36.296] STOP to_move 1 nodes_visited 89
[21:51:36.296] START to_move 2
[21:51:36.301] STOP to_move 2 nodes_visited 79
[21:51:36.301] START to_move 1
[21:51:36.304] STOP to_move 1 nodes_visited 45
[21:51:36.304] START to_move 2
[21:51:36.309] STOP to_move 2 nodes_visited 83
[21:51:36.309] START to_move 1
[21:51:36.315] STOP to_move 1 nodes_visited 91
[21:51:36.315] START to_move 2
[21:51:36.319] STOP to_move 2 nodes_visited 77
[21:51:36.319] START to_move 1
[21:51:36.322] STOP to_move 1 nodes_visited 45
[21:51:36.322] START to_move 2
[21:51:36.327] STOP to_move 2 nodes_visited 83
[21:51:36.327] START to_move 1
[21:51:36.334] STOP to_move 1 nodes_visited 101
[21:51:36.334] START to_move 2
[21:51:36.338] STOP to_move 2 nodes_visited 77
[21:51:36.339] START to_move 1
[21:51:36.341] STOP to_move 1 nodes_visited 40
[21:51:36.341] START to_move 2
[21:51:36.346] STOP to_move 2 nodes_visited 73
[21:51:36.346] START to_move 1
[21:51:36.351] STOP to_move 1 nodes_visited 85
[21:51:36.351] START to_move 2
[21:51:36.355] STOP to_move 2 nodes_visited 66
[21:51:36.355] START to_move 1
[21:51:36.358] STOP to_move 1 nodes_visited 42
[21:51:36.358] START to_move 2
[21:51:36.362] STOP to_move 2 nodes_visited 71
[21:51:36.362] START to_move 1
[21:51:36.370] STOP to_move 1 nodes_visited 126
[21:51:36.370] START to_move 2
[21:51:36.375] STOP to_move 2 nodes_visited 70
[21:51:36.375] START to_move 1
[21:51:36.377] STOP to_move 1 nodes_visited 43
[21:51:36.377] START to_move 2
[21:51:36.382] STOP to_move 2 nodes_visited 73
[21:51:36.382] START to_move 1
[21:51:36.388] STOP to_move 1 nodes_visited 106
[21:51:36.388] START to_move 2
[21:51:36.392] STOP to_move 2 nodes_visited 61
[21:51:36.392] START to_move 1
[21:51:36.394] STOP to_move 1 nodes_visited 37
[21:51:36.394] START to_move 2
[21:51:36.399] STOP to_move 2 nodes_visited 67
[21:51:36.399] START to_move 1
[21:51:36.405] STOP to_move 1 nodes_visited 101
[21:51:36.405] START to_move 2
[21:51:36.409] STOP to_move 2 nodes_visited 60
[21:51:36.409] START to_move 1
[21:51:36.411] STOP to_move 1 nodes_visited 33
[21:51:36.411] START to_move 2
[21:51:36.414] STOP to_move 2 nodes_visited 61
[21:51:36.414] START to_move 1
[21:51:36.418] STOP to_move 1 nodes_visited 60
[21:51:36.418] START to_move 2
[21:51:36.421] STOP to_move 2 nodes_visited 51
[21:51:36.421] START to_move 1
[21:51:36.423] STOP to_move 1 nodes_visited 28
[21:51:36.423] START to_move 2
[21:51:36.426] STOP to_move 2 nodes_visited 53
[21:51:36.426] START to_move 1
[21:51:36.430] STOP to_move 1 nodes_visited 56
[21:51:36.430] START to_move 2
[21:51:36.432] STOP to_move 2 nodes_visited 45
[21:51:36.433] START to_move 1
[21:51:36.434] STOP to_move 1 nodes_visited 27
[21:51:36.434] START to_move 2
[21:51:36.437] STOP to_move 2 nodes_visited 51
[21:51:36.437] START to_move 1
[21:51:36.441] STOP to_move 1 nodes_visited 56
[21:51:36.441] START to_move 2
[21:51:36.444] STOP to_move 2 nodes_visited 45
[21:51:36.444] START to_move 1
[21:51:36.445] STOP to_move 1 nodes_visited 24
[21:51:36.445] START to_move 2
[21:51:36.448] STOP to_move 2 nodes_visited 43
[21:51:36.448] START to_move 1
[21:51:36.451] STOP to_move 1 nodes_visited 48
[21:51:36.451] START to_move 2
[21:51:36.453] STOP to_move 2 nodes_visited 35
[21:51:36.453] START to_move 1
[21:51:36.455] STOP to_move 1 nodes_visited 23
[21:51:36.455] START to_move 2
[21:51:36.458] STOP to_move 2 nodes_visited 41
[21:51:36.458] START to_move 1
[21:51:36.461] STOP to_move 1 nodes_visited 48
[21:51:36.461] START to_move 2
[21:51:36.463] STOP to_move 2 nodes_visited 35
[21:51:36.463] START to_move 1
[21:51:36.464] STOP to_move 1 nodes_visited 22
[21:51:36.465] START to_move 2
[21:51:36.467] STOP to_move 2 nodes_visited 41
[21:51:36.467] START to_move 1
[21:51:36.470] STOP to_move 1 nodes_visited 44
[21:51:36.470] START to_move 2
[21:51:36.472] STOP to_move 2 nodes_visited 32
[21:51:36.472] START to_move 1
[21:51:36.473] STOP to_move 1 nodes_visited 19
[21:51:36.473] START to_move 2
[21:51:36.475] STOP to_move 2 nodes_visited 35
[21:51:36.475] START to_move 1
[21:51:36.478] STOP to_move 1 nodes_visited 40
[21:51:36.478] START to_move 2
[21:51:36.480] STOP to_move 2 nodes_visited 29
[21:51:36.480] START to_move 1
[21:51:36.481] STOP to_move 1 nodes_visited 19
[21:51:36.481] START to_move 2
[21:51:36.483] STOP to_move 2 nodes_visited 35
[21:51:36.483] START to_move 1
[21:51:36.486] STOP to_move 1 nodes_visited 40
[21:51:36.486] START to_move 2
[21:51:36.487] STOP to_move 2 nodes_visited 29
[21:51:36.488] START to_move 1
[21:51:36.489] STOP to_move 1 nodes_visited 19
[21:51:36.489] START to_move 2
[21:51:36.491] STOP to_move 2 nodes_visited 35
[21:51:36.491] START to_move 1
[21:51:36.493] STOP to_move 1 nodes_visited 37
[21:51:36.493] START to_move 2
[21:51:36.495] STOP to_move 2 nodes_visited 29
[21:51:36.495] START to_move 1
[21:51:36.496] STOP to_move 1 nodes_visited 17
[21:51:36.496] START to_move 2
[21:51:36.498] STOP to_move 2 nodes_visited 29
[21:51:36.498] START to_move 1
[21:51:36.500] STOP to_move 1 nodes_visited 37
[21:51:36.500] START to_move 2
[21:51:36.502] STOP to_move 2 nodes_visited 29
[21:51:36.502] START to_move 1
[21:51:36.503] STOP to_move 1 nodes_visited 13
[21:51:36.503] START to_move 2
[21:51:36.505] STOP to_move 2 nodes_visited 25
[21:51:36.505] START to_move 1
[21:51:36.507] STOP to_move 1 nodes_visited 31
[21:51:36.507] START to_move 2
[21:51:36.508] STOP to_move 2 nodes_visited 27
[21:51:36.508] START to_move 1
[21:51:36.509] STOP to_move 1 nodes_visited 14
[21:51:36.509] START to_move 2
[21:51:36.511] STOP to_move 2 nodes_visited 29
[21:51:36.511] START to_move 1
[21:51:36.513] STOP to_move 1 nodes_visited 29
[21:51:36.513] START to_move 2
[21:51:36.514] STOP to_move 2 nodes_visited 23
[21:51:36.514] START to_move 1
[21:51:36.515] STOP to_move 1 nodes_visited 14
[21:51:36.515] START to_move 2
[21:51:36.517] STOP to_move 2 nodes_visited 29
[21:51:36.517] START to_move 1
[21:51:36.519] STOP to_move 1 nodes_visited 29
[21:51:36.519] START to_move 2
[21:51:36.520] STOP to_move 2 nodes_visited 22
[21:51:36.520] START to_move 1
[21:51:36.521] STOP to_move 1 nodes_visited 17
[21:51:36.521] START to_move 2
[21:51:36.523] STOP to_move 2 nodes_visited 35
[21:51:36.523] START to_move 1
[21:51:36.525] STOP to_move 1 nodes_visited 33
[21:51:36.525] START to_move 2
[21:51:36.527] STOP to_move 2 nodes_visited 23
[21:51:36.527] START to_move 1
[21:51:36.528] STOP to_move 1 nodes_visited 15
[21:51:36.528] START to_move 2
[21:51:36.529] STOP to_move 2 nodes_visited 23
[21:51:36.529] START to_move 1
[21:51:36.531] STOP to_move 1 nodes_visited 31
[21:51:36.531] START to_move 2
[21:51:36.533] STOP to_move 2 nodes_visited 23
[21:51:36.533] START to_move 1
[21:51:36.533] STOP to_move 1 nodes_visited 14
[21:51:36.533] START to_move 2
[21:51:36.535] STOP to_move 2 nodes_visited 27
[21:51:36.535] START to_move 1
[21:51:36.537] STOP to_move 1 nodes_visited 29
[21:51:36.537] START to_move 2
[21:51:36.538] STOP to_move 2 nodes_visited 20
[21:51:36.538] START to_move 1
[21:51:36.539] STOP to_move 1 nodes_visited 16
[21:51:36.539] START to_move 2
[21:51:36.541] STOP to_move 2 nodes_visited 29
[21:51:36.541] START to_move 1
[21:51:36.543] STOP to_move 1 nodes_visited 38
[21:51:36.543] START to_move 2
[21:51:36.546] STOP to_move 2 nodes_visited 33
[21:51:36.546] START to_move 1
[21:51:36.546] STOP to_move 1 nodes_visited 14
[21:51:36.546] START to_move 2
[21:51:36.548] STOP to_move 2 nodes_visited 31
[21:51:36.548] START to_move 1
[21:51:36.551] STOP to_move 1 nodes_visited 35
[21:51:36.551] START to_move 2
[21:51:36.552] STOP to_move 2 nodes_visited 29
[21:51:36.553] START to_move 1
[21:51:36.554] STOP to_move 1 nodes_visited 18
[21:51:36.554] START to_move 2
[21:51:36.556] STOP to_move 2 nodes_visited 41
[21:51:36.556] START to_move 1
[21:51:36.558] STOP to_move 1 nodes_visited 21
[21:51:36.558] START to_move 2
[21:51:36.559] STOP to_move 2 nodes_visited 17
[21:51:36.559] START to_move 1
[21:51:36.560] STOP to_move 1 nodes_visited 15
[21:51:36.560] START to_move 2
[21:51:36.562] STOP to_move 2 nodes_visited 33
[21:51:36.562] START to_move 1
[21:51:36.563] STOP to_move 1 nodes_visited 25
[21:51:36.563] START to_move 2
[21:51:36.565] STOP to_move 2 nodes_visited 20
[21:51:36.565] START to_move 1
[21:51:36.565] STOP to_move 1 nodes_visited 11
[21:51:36.565] START to_move 2
[21:51:36.567] STOP to_move 2 nodes_visited 23
[21:51:36.567] START to_move 1
[21:51:36.568] STOP to_move 1 nodes_visited 15
[21:51:36.568] START to_move 2
[21:51:36.568] STOP to_move 2 nodes_visited 10
[21:51:36.568] START to_move 1
[21:51:36.569] STOP to_move 1 nodes_visited 6
[21:51:36.569] START to_move 2
[21:51:36.569] STOP to_move 2 nodes_visited 11
[21:51:36.569] START to_move 1
[21:51:36.570] STOP to_move 1 nodes_visited 15
[21:51:36.570] START to_move 2
[21:51:36.571] STOP to_move 2 nodes_visited 12
[21:51:36.571] START to_move 1
[21:51:36.572] STOP to_move 1 nodes_visited 7
[21:51:36.572] START to_move 2
[21:51:36.572] STOP to_move 2 nodes_visited 15
[21:51:36.572] START to_move 1
[21:51:36.574] STOP to_move 1 nodes_visited 21
[21:51:36.574] START to_move 2
[21:51:36.575] STOP to_move 2 nodes_visited 19
[21:51:36.575] START to_move 1
[21:51:36.575] STOP to_move 1 nodes_visited 8
[21:51:36.575] START to_move 2
[21:51:36.576] STOP to_move 2 nodes_visited 15
[21:51:36.576] START to_move 1
[21:51:36.577] STOP to_move 1 nodes_visited 17
[21:51:36.577] START to_move 2
[21:51:36.578] STOP to_move 2 nodes_visited 12
[21:51:36.578] START to_move 1
[21:51:36.579] STOP to_move 1 nodes_visited 7
[21:51:36.579] START to_move 2
[21:51:36.580] STOP to_move 2 nodes_visited 17
[21:51:36.580] START to_move 1
[21:51:36.581] STOP to_move 1 nodes_visited 19
[21:51:36.581] START to_move 2
[21:51:36.582] STOP to_move 2 nodes_visited 17
[21:51:36.582] START to_move 1
[21:51:36.582] STOP to_move 1 nodes_visited 9
[21:51:36.582] START to_move 2
[21:51:36.584] STOP to_move 2 nodes_visited 23
[21:51:36.584] START to_move 1
[21:51:36.585] STOP to_move 1 nodes_visited 23
[21:51:36.585] START to_move 2
[21:51:36.587] STOP to_move 2 nodes_visited 21
[21:51:36.587] START to_move 1
[21:51:36.587] STOP to_move 1 nodes_visited 9
[21:51:36.587] START to_move 2
[21:51:36.589] STOP to_move 2 nodes_visited 23
[21:51:36.589] START to_move 1
[21:51:36.589] STOP to_move 1 nodes_visited 15
[21:51:36.590] START to_move 2
[21:51:36.590] STOP to_move 2 nodes_visited 13
[21:51:36.590] START to_move 1
[21:51:36.591] STOP to_move 1 nodes_visited 9
[21:51:36.591] START to_move 2
[21:51:36.592] STOP to_move 2 nodes_visited 23
[21:51:36.592] START to_move 1
[21:51:36.594] STOP to_move 1 nodes_visited 19
[21:51:36.594] START to_move 2
[21:51:36.595] STOP to_move 2 nodes_visited 17
[21:51:36.617] END winner 0 - rounds 282
