[21:23:40.307] 1 - distance_function euclides - pruning True
[21:23:40.307] 2 - distance_function chebyshev - pruning True
[21:23:40.307] START to_move 1
[21:23:40.373] STOP to_move 1 nodes_visited 1015
[21:23:40.373] START to_move 2
[21:23:40.441] STOP to_move 2 nodes_visited 1099
[21:23:40.442] START to_move 1
[21:23:40.488] STOP to_move 1 nodes_visited 713
[21:23:40.489] START to_move 2
[21:23:40.538] STOP to_move 2 nodes_visited 702
[21:23:40.539] START to_move 1
[21:23:40.590] STOP to_move 1 nodes_visited 823
[21:23:40.591] START to_move 2
[21:23:40.660] STOP to_move 2 nodes_visited 1129
[21:23:40.661] START to_move 1
[21:23:40.723] STOP to_move 1 nodes_visited 957
[21:23:40.724] START to_move 2
[21:23:40.884] STOP to_move 2 nodes_visited 2499
[21:23:40.886] START to_move 1
[21:23:40.955] STOP to_move 1 nodes_visited 1067
[21:23:40.955] START to_move 2
[21:23:41.080] STOP to_move 2 nodes_visited 2010
[21:23:41.081] START to_move 1
[21:23:41.127] STOP to_move 1 nodes_visited 696
[21:23:41.127] START to_move 2
[21:23:41.324] STOP to_move 2 nodes_visited 3149
[21:23:41.326] START to_move 1
[21:23:41.368] STOP to_move 1 nodes_visited 625
[21:23:41.368] START to_move 2
[21:23:41.559] STOP to_move 2 nodes_visited 3029
[21:23:41.561] START to_move 1
[21:23:41.612] STOP to_move 1 nodes_visited 810
[21:23:41.612] START to_move 2
[21:23:41.712] STOP to_move 2 nodes_visited 1511
[21:23:41.713] START to_move 1
[21:23:41.750] STOP to_move 1 nodes_visited 583
[21:23:41.750] START to_move 2
[21:23:41.795] STOP to_move 2 nodes_visited 710
[21:23:41.795] START to_move 1
[21:23:41.816] STOP to_move 1 nodes_visited 357
[21:23:41.817] START to_move 2
[21:23:41.843] STOP to_move 2 nodes_visited 419
[21:23:41.843] START to_move 1
[21:23:41.878] STOP to_move 1 nodes_visited 589
[21:23:41.879] START to_move 2
[21:23:41.900] STOP to_move 2 nodes_visited 352
[21:23:41.900] START to_move 1
[21:23:41.922] STOP to_move 1 nodes_visited 383
[21:23:41.923] START to_move 2
[21:23:41.942] STOP to_move 2 nodes_visited 302
[21:23:41.943] START to_move 1
[21:23:41.992] STOP to_move 1 nodes_visited 821
[21:23:41.993] START to_move 2
[21:23:42.015] STOP to_move 2 nodes_visited 361
[21:23:42.015] START to_move 1
[21:23:42.065] STOP to_move 1 nodes_visited 821
[21:23:42.065] START to_move 2
[21:23:42.087] STOP to_move 2 nodes_visited 363
[21:23:42.087] START to_move 1
[21:23:42.219] STOP to_move 1 nodes_visited 2050
[21:23:42.220] START to_move 2
[21:23:42.242] STOP to_move 2 nodes_visited 359
[21:23:42.242] START to_move 1
[21:23:42.369] STOP to_move 1 nodes_visited 2031
[21:23:42.370] START to_move 2
[21:23:42.392] STOP to_move 2 nodes_visited 359
[21:23:42.392] START to_move 1
[21:23:42.486] STOP to_move 1 nodes_visited 1488
[21:23:42.487] START to_move 2
[21:23:42.510] STOP to_move 2 nodes_visited 356
[21:23:42.510] START to_move 1
[21:23:42.603] STOP to_move 1 nodes_visited 1485
[21:23:42.603] START to_move 2
[21:23:42.625] STOP to_move 2 nodes_visited 358
[21:23:42.625] START to_move 1
[21:23:42.714] STOP to_move 1 nodes_visited 1413
[21:23:42.715] START to_move 2
[21:23:42.736] STOP to_move 2 nodes_visited 358
[21:23:42.737] START to_move 1
[21:23:42.823] STOP to_move 1 nodes_visited 1372
[21:23:42.824] START to_move 2
[21:23:42.846] STOP to_move 2 nodes_visited 364
[21:23:42.846] START to_move 1
[21:23:42.868] STOP to_move 1 nodes_visited 354
[21:23:42.868] START to_move 2
[21:23:42.892] STOP to_move 2 nodes_visited 401
[21:23:42.892] START to_move 1
[21:23:42.943] STOP to_move 1 nodes_visited 817
[21:23:42.944] START to_move 2
[21:23:42.967] STOP to_move 2 nodes_visited 381
[21:23:42.967] START to_move 1
[21:23:43.019] STOP to_move 1 nodes_visited 839
[21:23:43.020] START to_move 2
[21:23:43.042] STOP to_move 2 nodes_visited 366
[21:23:43.042] START to_move 1
[21:23:43.064] STOP to_move 1 nodes_visited 349
[21:23:43.065] START to_move 2
[21:23:43.088] STOP to_move 2 nodes_visited 377
[21:23:43.088] START to_move 1
[21:23:43.108] STOP to_move 1 nodes_visited 334
[21:23:43.108] START to_move 2
[21:23:43.130] STOP to_move 2 nodes_visited 362
[21:23:43.131] START to_move 1
[21:23:43.151] STOP to_move 1 nodes_visited 331
[21:23:43.151] START to_move 2
[21:23:43.173] STOP to_move 2 nodes_visited 356
[21:23:43.173] START to_move 1
[21:23:43.193] STOP to_move 1 nodes_visited 333
[21:23:43.194] START to_move 2
[21:23:43.220] STOP to_move 2 nodes_visited 425
[21:23:43.220] START to_move 1
[21:23:43.243] STOP to_move 1 nodes_visited 383
[21:23:43.243] START to_move 2
[21:23:43.268] STOP to_move 2 nodes_visited 417
[21:23:43.268] START to_move 1
[21:23:43.289] STOP to_move 1 nodes_visited 348
[21:23:43.289] START to_move 2
[21:23:43.314] STOP to_move 2 nodes_visited 410
[21:23:43.315] START to_move 1
[21:23:43.334] STOP to_move 1 nodes_visited 309
[21:23:43.334] START to_move 2
[21:23:43.375] STOP to_move 2 nodes_visited 641
[21:23:43.376] START to_move 1
[21:23:43.402] STOP to_move 1 nodes_visited 440
[21:23:43.403] START to_move 2
[21:23:43.427] STOP to_move 2 nodes_visited 394
[21:23:43.427] START to_move 1
[21:23:43.445] STOP to_move 1 nodes_visited 306
[21:23:43.446] START to_move 2
[21:23:43.491] STOP to_move 2 nodes_visited 724
[21:23:43.491] START to_move 1
[21:23:43.506] STOP to_move 1 nodes_visited 254
[21:23:43.506] START to_move 2
[21:23:43.522] STOP to_move 2 nodes_visited 262
[21:23:43.522] START to_move 1
[21:23:43.539] STOP to_move 1 nodes_visited 287
[21:23:43.539] START to_move 2
[21:23:43.564] STOP to_move 2 nodes_visited 407
[21:23:43.564] START to_move 1
[21:23:43.600] STOP to_move 1 nodes_visited 595
[21:23:43.601] START to_move 2
[21:23:43.633] STOP to_move 2 nodes_visited 517
[21:23:43.633] START to_move 1
[21:23:43.660] STOP to_move 1 nodes_visited 425
[21:23:43.660] START to_move 2
[21:23:43.729] STOP to_move 2 nodes_visited 1110
[21:23:43.730] START to_move 1
[21:23:43.749] STOP to_move 1 nodes_visited 334
[21:23:43.750] START to_move 2
[21:23:43.756] STOP to_move 2 nodes_visited 111
[21:23:43.756] START to_move 1
[21:23:43.892] STOP to_move 1 nodes_visited 2246
[21:23:43.893] START to_move 2
[21:23:43.899] STOP to_move 2 nodes_visited 104
[21:23:43.899] START to_move 1
[21:23:44.001] STOP to_move 1 nodes_visited 1656
[21:23:44.001] START to_move 2
[21:23:44.007] STOP to_move 2 nodes_visited 94
[21:23:44.007] START to_move 1
[21:23:44.088] STOP to_move 1 nodes_visited 1337
[21:23:44.088] START to_move 2
[21:23:44.094] STOP to_move 2 nodes_visited 95
[21:23:44.094] START to_move 1
[21:23:44.178] STOP to_move 1 nodes_visited 1383
[21:23:44.179] START to_move 2
[21:23:44.185] STOP to_move 2 nodes_visited 101
[21:23:44.185] START to_move 1
[21:23:44.265] STOP to_move 1 nodes_visited 1313
[21:23:44.266] START to_move 2
[21:23:44.272] STOP to_move 2 nodes_visited 103
[21:23:44.272] START to_move 1
[21:23:44.341] STOP to_move 1 nodes_visited 1152
[21:23:44.342] START to_move 2
[21:23:44.348] STOP to_move 2 nodes_visited 109
[21:23:44.348] START to_move 1
[21:23:44.417] STOP to_move 1 nodes_visited 1129
[21:23:44.417] START to_move 2
[21:23:44.434] STOP to_move 2 nodes_visited 276
[21:23:44.434] START to_move 1
[21:23:44.456] STOP to_move 1 nodes_visited 356
[21:23:44.456] START to_move 2
[21:23:44.486] STOP to_move 2 nodes_visited 467
[21:23:44.487] START to_move 1
[21:23:44.511] STOP to_move 1 nodes_visited 409
[21:23:44.511] START to_move 2
[21:23:44.523] STOP to_move 2 nodes_visited 191
[21:23:44.523] START to_move 1
[21:23:44.541] STOP to_move 1 nodes_visited 291
[21:23:44.541] START to_move 2
[21:23:44.553] STOP to_move 2 nodes_visited 203
[21:23:44.553] START to_move 1
[21:23:44.578] STOP to_move 1 nodes_visited 412
[21:23:44.578] START to_move 2
[21:23:44.591] STOP to_move 2 nodes_visited 203
[21:23:44.591] START to_move 1
[21:23:44.607] STOP to_move 1 nodes_visited 277
[21:23:44.607] START to_move 2
[21:23:44.620] STOP to_move 2 nodes_visited 220
[21:23:44.621] START to_move 1
[21:23:44.633] STOP to_move 1 nodes_visited 211
[21:23:44.633] START to_move 2
[21:23:44.645] STOP to_move 2 nodes_visited 191
[21:23:44.645] START to_move 1
[21:23:44.665] STOP to_move 1 nodes_visited 344
[21:23:44.665] START to_move 2
[21:23:44.678] STOP to_move 2 nodes_visited 208
[21:23:44.678] START to_move 1
[21:23:44.692] STOP to_move 1 nodes_visited 229
[21:23:44.692] START to_move 2
[21:23:44.704] STOP to_move 2 nodes_visited 202
[21:23:44.704] START to_move 1
[21:23:44.719] STOP to_move 1 nodes_visited 252
[21:23:44.719] START to_move 2
[21:23:44.728] STOP to_move 2 nodes_visited 141
[21:23:44.728] START to_move 1
[21:23:44.737] STOP to_move 1 nodes_visited 163
[21:23:44.737] START to_move 2
[21:23:44.745] STOP to_move 2 nodes_visited 121
[21:23:44.745] START to_move 1
[21:23:44.757] STOP to_move 1 nodes_visited 203
[21:23:44.757] START to_move 2
[21:23:44.764] STOP to_move 2 nodes_visited 126
[21:23:44.764] START to_move 1
[21:23:44.776] STOP to_move 1 nodes_visited 190
[21:23:44.776] START to_move 2
[21:23:44.783] STOP to_move 2 nodes_visited 123
[21:23:44.784] START to_move 1
[21:23:44.796] STOP to_move 1 nodes_visited 180
[21:23:44.796] START to_move 2
[21:23:44.803] STOP to_move 2 nodes_visited 122
[21:23:44.803] START to_move 1
[21:23:44.813] STOP to_move 1 nodes_visited 165
[21:23:44.813] START to_move 2
[21:23:44.819] STOP to_move 2 nodes_visited 106
[21:23:44.819] START to_move 1
[21:23:44.827] STOP to_move 1 nodes_visited 138
[21:23:44.827] START to_move 2
[21:23:44.833] STOP to_move 2 nodes_visited 103
[21:23:44.834] START to_move 1
[21:23:44.841] STOP to_move 1 nodes_visited 125
[21:23:44.841] START to_move 2
[21:23:44.847] STOP to_move 2 nodes_visited 105
[21:23:44.847] START to_move 1
[21:23:44.856] STOP to_move 1 nodes_visited 141
[21:23:44.856] START to_move 2
[21:23:44.862] STOP to_move 2 nodes_visited 105
[21:23:44.862] START to_move 1
[21:23:44.870] STOP to_move 1 nodes_visited 141
[21:23:44.870] START to_move 2
[21:23:44.876] STOP to_move 2 nodes_visited 104
[21:23:44.876] START to_move 1
[21:23:44.885] STOP to_move 1 nodes_visited 144
[21:23:44.885] START to_move 2
[21:23:44.891] STOP to_move 2 nodes_visited 110
[21:23:44.892] START to_move 1
[21:23:44.899] STOP to_move 1 nodes_visited 121
[21:23:44.899] START to_move 2
[21:23:44.905] STOP to_move 2 nodes_visited 104
[21:23:44.905] START to_move 1
[21:23:44.910] STOP to_move 1 nodes_visited 84
[21:23:44.910] START to_move 2
[21:23:44.918] STOP to_move 2 nodes_visited 138
[21:23:44.918] START to_move 1
[21:23:44.928] STOP to_move 1 nodes_visited 168
[21:23:44.928] START to_move 2
[21:23:44.934] STOP to_move 2 nodes_visited 103
[21:23:44.934] START to_move 1
[21:23:44.943] STOP to_move 1 nodes_visited 152
[21:23:44.943] START to_move 2
[21:23:44.950] STOP to_move 2 nodes_visited 103
[21:23:44.950] START to_move 1
[21:23:44.959] STOP to_move 1 nodes_visited 164
[21:23:44.960] START to_move 2
[21:23:44.965] STOP to_move 2 nodes_visited 94
[21:23:44.965] START to_move 1
[21:23:44.971] STOP to_move 1 nodes_visited 103
[21:23:44.971] START to_move 2
[21:23:44.977] STOP to_move 2 nodes_visited 94
[21:23:44.977] START to_move 1
[21:23:44.986] STOP to_move 1 nodes_visited 137
[21:23:44.986] START to_move 2
[21:23:44.996] STOP to_move 2 nodes_visited 177
[21:23:44.997] START to_move 1
[21:23:45.006] STOP to_move 1 nodes_visited 154
[21:23:45.006] START to_move 2
[21:23:45.011] STOP to_move 2 nodes_visited 86
[21:23:45.011] START to_move 1
[21:23:45.014] STOP to_move 1 nodes_visited 47
[21:23:45.014] START to_move 2
[21:23:45.020] STOP to_move 2 nodes_visited 99
[21:23:45.020] START to_move 1
[21:23:45.026] STOP to_move 1 nodes_visited 93
[21:23:45.026] START to_move 2
[21:23:45.031] STOP to_move 2 nodes_visited 84
[21:23:45.031] START to_move 1
[21:23:45.034] STOP to_move 1 nodes_visited 47
[21:23:45.034] START to_move 2
[21:23:45.040] STOP to_move 2 nodes_visited 101
[21:23:45.040] START to_move 1
[21:23:45.046] STOP to_move 1 nodes_visited 93
[21:23:45.046] START to_move 2
[21:23:45.051] STOP to_move 2 nodes_visited 88
[21:23:45.051] START to_move 1
[21:23:45.054] STOP to_move 1 nodes_visited 44
[21:23:45.054] START to_move 2
[21:23:45.059] STOP to_move 2 nodes_visited 91
[21:23:45.059] START to_move 1
[21:23:45.064] STOP to_move 1 nodes_visited 87
[21:23:45.065] START to_move 2
[21:23:45.069] STOP to_move 2 nodes_visited 80
[21:23:45.070] START to_move 1
[21:23:45.072] STOP to_move 1 nodes_visited 44
[21:23:45.072] START to_move 2
[21:23:45.078] STOP to_move 2 nodes_visited 91
[21:23:45.078] START to_move 1
[21:23:45.083] STOP to_move 1 nodes_visited 87
[21:23:45.083] START to_move 2
[21:23:45.088] STOP to_move 2 nodes_visited 82
[21:23:45.088] START to_move 1
[21:23:45.091] STOP to_move 1 nodes_visited 44
[21:23:45.091] START to_move 2
[21:23:45.097] STOP to_move 2 nodes_visited 91
[21:23:45.097] START to_move 1
[21:23:45.102] STOP to_move 1 nodes_visited 89
[21:23:45.102] START to_move 2
[21:23:45.107] STOP to_move 2 nodes_visited 80
[21:23:45.107] START to_move 1
[21:23:45.110] STOP to_move 1 nodes_visited 45
[21:23:45.110] START to_move 2
[21:23:45.115] STOP to_move 2 nodes_visited 89
[21:23:45.115] START to_move 1
[21:23:45.121] STOP to_move 1 nodes_visited 89
[21:23:45.121] START to_move 2
[21:23:45.126] STOP to_move 2 nodes_visited 80
[21:23:45.126] START to_move 1
[21:23:45.128] STOP to_move 1 nodes_visited 44
[21:23:45.129] START to_move 2
[21:23:45.134] STOP to_move 2 nodes_visited 89
[21:23:45.134] START to_move 1
[21:23:45.139] STOP to_move 1 nodes_visited 87
[21:23:45.139] START to_move 2
[21:23:45.145] STOP to_move 2 nodes_visited 78
[21:23:45.146] START to_move 1
[21:23:45.148] STOP to_move 1 nodes_visited 44
[21:23:45.148] START to_move 2
[21:23:45.153] STOP to_move 2 nodes_visited 85
[21:23:45.153] START to_move 1
[21:23:45.159] STOP to_move 1 nodes_visited 87
[21:23:45.159] START to_move 2
[21:23:45.164] STOP to_move 2 nodes_visited 76
[21:23:45.164] START to_move 1
[21:23:45.167] STOP to_move 1 nodes_visited 45
[21:23:45.167] START to_move 2
[21:23:45.172] STOP to_move 2 nodes_visited 89
[21:23:45.172] START to_move 1
[21:23:45.178] STOP to_move 1 nodes_visited 89
[21:23:45.178] START to_move 2
[21:23:45.183] STOP to_move 2 nodes_visited 80
[21:23:45.183] START to_move 1
[21:23:45.185] STOP to_move 1 nodes_visited 45
[21:23:45.185] START to_move 2
[21:23:45.191] STOP to_move 2 nodes_visited 89
[21:23:45.191] START to_move 1
[21:23:45.196] STOP to_move 1 nodes_visited 89
[21:23:45.196] START to_move 2
[21:23:45.201] STOP to_move 2 nodes_visited 80
[21:23:45.201] START to_move 1
[21:23:45.204] STOP to_move 1 nodes_visited 44
[21:23:45.204] START to_move 2
[21:23:45.209] STOP to_move 2 nodes_visited 91
[21:23:45.210] START to_move 1
[21:23:45.215] STOP to_move 1 nodes_visited 85
[21:23:45.215] START to_move 2
[21:23:45.219] STOP to_move 2 nodes_visited 74
[21:23:45.219] START to_move 1
[21:23:45.222] STOP to_move 1 nodes_visited 43
[21:23:45.222] START to_move 2
[21:23:45.227] STOP to_move 2 nodes_visited 83
[21:23:45.227] START to_move 1
[21:23:45.233] STOP to_move 1 nodes_visited 87
[21:23:45.233] START to_move 2
[21:23:45.238] STOP to_move 2 nodes_visited 74
[21:23:45.238] START to_move 1
[21:23:45.240] STOP to_move 1 nodes_visited 40
[21:23:45.240] START to_move 2
[21:23:45.245] STOP to_move 2 nodes_visited 79
[21:23:45.245] START to_move 1
[21:23:45.250] STOP to_move 1 nodes_visited 79
[21:23:45.250] START to_move 2
[21:23:45.254] STOP to_move 2 nodes_visited 72
[21:23:45.255] START to_move 1
[21:23:45.257] STOP to_move 1 nodes_visited 39
[21:23:45.257] START to_move 2
[21:23:45.262] STOP to_move 2 nodes_visited 81
[21:23:45.262] START to_move 1
[21:23:45.266] STOP to_move 1 nodes_visited 77
[21:23:45.266] START to_move 2
[21:23:45.271] STOP to_move 2 nodes_visited 74
[21:23:45.271] START to_move 1
[21:23:45.273] STOP to_move 1 nodes_visited 38
[21:23:45.273] START to_move 2
[21:23:45.278] STOP to_move 2 nodes_visited 77
[21:23:45.278] START to_move 1
[21:23:45.283] STOP to_move 1 nodes_visited 71
[21:23:45.283] START to_move 2
[21:23:45.287] STOP to_move 2 nodes_visited 68
[21:23:45.287] START to_move 1
[21:23:45.289] STOP to_move 1 nodes_visited 36
[21:23:45.289] START to_move 2
[21:23:45.294] STOP to_move 2 nodes_visited 77
[21:23:45.294] START to_move 1
[21:23:45.298] STOP to_move 1 nodes_visited 71
[21:23:45.298] START to_move 2
[21:23:45.302] STOP to_move 2 nodes_visited 68
[21:23:45.302] START to_move 1
[21:23:45.304] STOP to_move 1 nodes_visited 36
[21:23:45.304] START to_move 2
[21:23:45.309] STOP to_move 2 nodes_visited 75
[21:23:45.309] START to_move 1
[21:23:45.313] STOP to_move 1 nodes_visited 67
[21:23:45.313] START to_move 2
[21:23:45.317] STOP to_move 2 nodes_visited 64
[21:23:45.317] START to_move 1
[21:23:45.319] STOP to_move 1 nodes_visited 31
[21:23:45.319] START to_move 2
[21:23:45.323] STOP to_move 2 nodes_visited 63
[21:23:45.323] START to_move 1
[21:23:45.326] STOP to_move 1 nodes_visited 55
[21:23:45.326] START to_move 2
[21:23:45.329] STOP to_move 2 nodes_visited 52
[21:23:45.329] START to_move 1
[21:23:45.331] STOP to_move 1 nodes_visited 28
[21:23:45.331] START to_move 2
[21:23:45.335] STOP to_move 2 nodes_visited 59
[21:23:45.335] START to_move 1
[21:23:45.338] STOP to_move 1 nodes_visited 55
[21:23:45.338] START to_move 2
[21:23:45.341] STOP to_move 2 nodes_visited 49
[21:23:45.341] START to_move 1
[21:23:45.343] STOP to_move 1 nodes_visited 26
[21:23:45.343] START to_move 2
[21:23:45.346] STOP to_move 2 nodes_visited 55
[21:23:45.346] START to_move 1
[21:23:45.349] STOP to_move 1 nodes_visited 51
[21:23:45.349] START to_move 2
[21:23:45.352] STOP to_move 2 nodes_visited 47
[21:23:45.352] START to_move 1
[21:23:45.353] STOP to_move 1 nodes_visited 26
[21:23:45.353] START to_move 2
[21:23:45.357] STOP to_move 2 nodes_visited 57
[21:23:45.357] START to_move 1
[21:23:45.360] STOP to_move 1 nodes_visited 53
[21:23:45.360] START to_move 2
[21:23:45.363] STOP to_move 2 nodes_visited 44
[21:23:45.363] START to_move 1
[21:23:45.364] STOP to_move 1 nodes_visited 21
[21:23:45.364] START to_move 2
[21:23:45.367] STOP to_move 2 nodes_visited 43
[21:23:45.367] START to_move 1
[21:23:45.369] STOP to_move 1 nodes_visited 41
[21:23:45.370] START to_move 2
[21:23:45.372] STOP to_move 2 nodes_visited 37
[21:23:45.372] START to_move 1
[21:23:45.373] STOP to_move 1 nodes_visited 21
[21:23:45.373] START to_move 2
[21:23:45.376] STOP to_move 2 nodes_visited 43
[21:23:45.376] START to_move 1
[21:23:45.379] STOP to_move 1 nodes_visited 47
[21:23:45.379] START to_move 2
[21:23:45.382] STOP to_move 2 nodes_visited 44
[21:23:45.382] START to_move 1
[21:23:45.383] STOP to_move 1 nodes_visited 20
[21:23:45.383] START to_move 2
[21:23:45.385] STOP to_move 2 nodes_visited 43
[21:23:45.385] START to_move 1
[21:23:45.388] STOP to_move 1 nodes_visited 37
[21:23:45.388] START to_move 2
[21:23:45.390] STOP to_move 2 nodes_visited 33
[21:23:45.390] START to_move 1
[21:23:45.391] STOP to_move 1 nodes_visited 19
[21:23:45.391] START to_move 2
[21:23:45.393] STOP to_move 2 nodes_visited 41
[21:23:45.393] START to_move 1
[21:23:45.395] STOP to_move 1 nodes_visited 33
[21:23:45.395] START to_move 2
[21:23:45.397] STOP to_move 2 nodes_visited 29
[21:23:45.397] START to_move 1
[21:23:45.398] STOP to_move 1 nodes_visited 17
[21:23:45.398] START to_move 2
[21:23:45.400] STOP to_move 2 nodes_visited 33
[21:23:45.400] START to_move 1
[21:23:45.403] STOP to_move 1 nodes_visited 37
[21:23:45.403] START to_move 2
[21:23:45.404] STOP to_move 2 nodes_visited 31
[21:23:45.405] START to_move 1
[21:23:45.406] STOP to_move 1 nodes_visited 18
[21:23:45.406] START to_move 2
[21:23:45.408] STOP to_move 2 nodes_visited 33
[21:23:45.408] START to_move 1
[21:23:45.410] STOP to_move 1 nodes_visited 39
[21:23:45.410] START to_move 2
[21:23:45.412] STOP to_move 2 nodes_visited 33
[21:23:45.412] START to_move 1
[21:23:45.413] STOP to_move 1 nodes_visited 20
[21:23:45.413] START to_move 2
[21:23:45.416] STOP to_move 2 nodes_visited 41
[21:23:45.416] START to_move 1
[21:23:45.418] STOP to_move 1 nodes_visited 39
[21:23:45.418] START to_move 2
[21:23:45.420] STOP to_move 2 nodes_visited 31
[21:23:45.420] START to_move 1
[21:23:45.422] STOP to_move 1 nodes_visited 20
[21:23:45.422] START to_move 2
[21:23:45.424] STOP to_move 2 nodes_visited 41
[21:23:45.424] START to_move 1
[21:23:45.427] STOP to_move 1 nodes_visited 39
[21:23:45.427] START to_move 2
[21:23:45.429] STOP to_move 2 nodes_visited 31
[21:23:45.429] START to_move 1
[21:23:45.430] STOP to_move 1 nodes_visited 19
[21:23:45.430] START to_move 2
[21:23:45.432] STOP to_move 2 nodes_visited 37
[21:23:45.432] START to_move 1
[21:23:45.435] STOP to_move 1 nodes_visited 37
[21:23:45.435] START to_move 2
[21:23:45.437] STOP to_move 2 nodes_visited 29
[21:23:45.437] START to_move 1
[21:23:45.438] STOP to_move 1 nodes_visited 18
[21:23:45.438] START to_move 2
[21:23:45.440] STOP to_move 2 nodes_visited 35
[21:23:45.440] START to_move 1
[21:23:45.441] STOP to_move 1 nodes_visited 25
[21:23:45.441] START to_move 2
[21:23:45.443] STOP to_move 2 nodes_visited 23
[21:23:45.443] START to_move 1
[21:23:45.444] STOP to_move 1 nodes_visited 12
[21:23:45.444] START to_move 2
[21:23:45.445] STOP to_move 2 nodes_visited 31
[21:23:45.446] START to_move 1
[21:23:45.447] STOP to_move 1 nodes_visited 23
[21:23:45.447] START to_move 2
[21:23:45.448] STOP to_move 2 nodes_visited 21
[21:23:45.448] START to_move 1
[21:23:45.449] STOP to_move 1 nodes_visited 11
[21:23:45.449] START to_move 2
[21:23:45.451] STOP to_move 2 nodes_visited 29
[21:23:45.451] START to_move 1
[21:23:45.452] STOP to_move 1 nodes_visited 25
[21:23:45.452] START to_move 2
[21:23:45.453] STOP to_move 2 nodes_visited 20
[21:23:45.453] START to_move 1
[21:23:45.454] STOP to_move 1 nodes_visited 11
[21:23:45.454] START to_move 2
[21:23:45.456] STOP to_move 2 nodes_visited 29
[21:23:45.456] START to_move 1
[21:23:45.458] STOP to_move 1 nodes_visited 33
[21:23:45.458] START to_move 2
[21:23:45.460] STOP to_move 2 nodes_visited 25
[21:23:45.460] START to_move 1
[21:23:45.460] STOP to_move 1 nodes_visited 14
[21:23:45.460] START to_move 2
[21:23:45.463] STOP to_move 2 nodes_visited 35
[21:23:45.463] START to_move 1
[21:23:45.464] STOP to_move 1 nodes_visited 29
[21:23:45.464] START to_move 2
[21:23:45.466] STOP to_move 2 nodes_visited 25
[21:23:45.466] START to_move 1
[21:23:45.467] STOP to_move 1 nodes_visited 15
[21:23:45.467] START to_move 2
[21:23:45.469] STOP to_move 2 nodes_visited 33
[21:23:45.469] START to_move 1
[21:23:45.471] STOP to_move 1 nodes_visited 31
[21:23:45.471] START to_move 2
[21:23:45.473] STOP to_move 2 nodes_visited 29
[21:23:45.473] START to_move 1
[21:23:45.474] STOP to_move 1 nodes_visited 12
[21:23:45.474] START to_move 2
[21:23:45.476] STOP to_move 2 nodes_visited 33
[21:23:45.476] START to_move 1
[21:23:45.478] STOP to_move 1 nodes_visited 33
[21:23:45.478] START to_move 2
[21:23:45.479] STOP to_move 2 nodes_visited 27
[21:23:45.479] START to_move 1
[21:23:45.480] STOP to_move 1 nodes_visited 15
[21:23:45.480] START to_move 2
[21:23:45.483] STOP to_move 2 nodes_visited 37
[21:23:45.483] START to_move 1
[21:23:45.484] STOP to_move 1 nodes_visited 21
[21:23:45.484] START to_move 2
[21:23:45.485] STOP to_move 2 nodes_visited 18
[21:23:45.485] START to_move 1
[21:23:45.486] STOP to_move 1 nodes_visited 12
[21:23:45.486] START to_move 2
[21:23:45.488] STOP to_move 2 nodes_visited 29
[21:23:45.488] START to_move 1
[21:23:45.489] STOP to_move 1 nodes_visited 25
[21:23:45.489] START to_move 2
[21:23:45.491] STOP to_move 2 nodes_visited 21
[21:23:45.491] START to_move 1
[21:23:45.491] STOP to_move 1 nodes_visited 10
[21:23:45.491] START to_move 2
[21:23:45.493] STOP to_move 2 nodes_visited 19
[21:23:45.493] START to_move 1
[21:23:45.494] STOP to_move 1 nodes_visited 17
[21:23:45.494] START to_move 2
[21:23:45.494] STOP to_move 2 nodes_visited 12
[21:23:45.494] START to_move 1
[21:23:45.495] STOP to_move 1 nodes_visited 11
[21:23:45.495] START to_move 2
[21:23:45.497] STOP to_move 2 nodes_visited 27
[21:23:45.497] START to_move 1
[21:23:45.498] STOP to_move 1 nodes_visited 23
[21:23:45.498] START to_move 2
[21:23:45.499] STOP to_move 2 nodes_visited 19
[21:23:45.499] START to_move 1
[21:23:45.500] STOP to_move 1 nodes_visited 5
[21:23:45.500] START to_move 2
[21:23:45.500] STOP to_move 2 nodes_visited 9
[21:23:45.500] START to_move 1
[21:23:45.501] STOP to_move 1 nodes_visited 11
[21:23:45.501] START to_move 2
[21:23:45.502] STOP to_move 2 nodes_visited 11
[21:23:45.502] START to_move 1
[21:23:45.502] STOP to_move 1 nodes_visited 6
[21:23:45.502] START to_move 2
[21:23:45.503] STOP to_move 2 nodes_visited 15
[21:23:45.503] START to_move 1
[21:23:45.504] STOP to_move 1 nodes_visited 9
[21:23:45.504] START to_move 2
[21:23:45.504] STOP to_move 2 nodes_visited 6
[21:23:45.504] START to_move 1
[21:23:45.504] STOP to_move 1 nodes_visited 6
[21:23:45.504] START to_move 2
[21:23:45.505] STOP to_move 2 nodes_visited 15
[21:23:45.505] START to_move 1
[21:23:45.506] STOP to_move 1 nodes_visited 11
[21:23:45.506] START to_move 2
[21:23:45.507] STOP to_move 2 nodes_visited 11
[21:23:45.507] START to_move 1
[21:23:45.507] STOP to_move 1 nodes_visited 5
[21:23:45.507] START to_move 2
[21:23:45.507] STOP to_move 2 nodes_visited 9
[21:23:45.507] START to_move 1
[21:23:45.508] STOP to_move 1 nodes_visited 11
[21:23:45.508] START to_move 2
[21:23:45.509] STOP to_move 2 nodes_visited 11
[21:23:45.509] START to_move 1
[21:23:45.509] STOP to_move 1 nodes_visited 5
[21:23:45.509] START to_move 2
[21:23:45.510] STOP to_move 2 nodes_visited 9
[21:23:45.524] END winner 0 - rounds 324
