[22:22:34.761] 1 - distance_function manhattan - pruning True
[22:22:34.761] 2 - distance_function euclides - pruning True
[22:22:34.762] START to_move 1
[22:22:34.924] STOP to_move 1 nodes_visited 2737
[22:22:34.926] START to_move 2
[22:22:35.136] STOP to_move 2 nodes_visited 3176
[22:22:35.138] START to_move 1
[22:22:35.233] STOP to_move 1 nodes_visited 1578
[22:22:35.234] START to_move 2
[22:22:35.521] STOP to_move 2 nodes_visited 4457
[22:22:35.523] START to_move 1
[22:22:35.549] STOP to_move 1 nodes_visited 435
[22:22:35.549] START to_move 2
[22:22:35.820] STOP to_move 2 nodes_visited 4278
[22:22:35.824] START to_move 1
[22:22:35.906] STOP to_move 1 nodes_visited 1423
[22:22:35.907] START to_move 2
[22:22:36.081] STOP to_move 2 nodes_visited 2732
[22:22:36.083] START to_move 1
[22:22:36.109] STOP to_move 1 nodes_visited 449
[22:22:36.109] START to_move 2
[22:22:36.339] STOP to_move 2 nodes_visited 3583
[22:22:36.341] START to_move 1
[22:22:36.366] STOP to_move 1 nodes_visited 436
[22:22:36.367] START to_move 2
[22:22:36.411] STOP to_move 2 nodes_visited 727
[22:22:36.412] START to_move 1
[22:22:36.436] STOP to_move 1 nodes_visited 432
[22:22:36.437] START to_move 2
[22:22:36.694] STOP to_move 2 nodes_visited 3962
[22:22:36.697] START to_move 1
[22:22:36.815] STOP to_move 1 nodes_visited 2055
[22:22:36.816] START to_move 2
[22:22:37.102] STOP to_move 2 nodes_visited 4357
[22:22:37.105] START to_move 1
[22:22:37.215] STOP to_move 1 nodes_visited 1874
[22:22:37.216] START to_move 2
[22:22:37.460] STOP to_move 2 nodes_visited 3735
[22:22:37.462] START to_move 1
[22:22:37.486] STOP to_move 1 nodes_visited 416
[22:22:37.486] START to_move 2
[22:22:37.717] STOP to_move 2 nodes_visited 3679
[22:22:37.719] START to_move 1
[22:22:37.741] STOP to_move 1 nodes_visited 387
[22:22:37.741] START to_move 2
[22:22:37.982] STOP to_move 2 nodes_visited 3818
[22:22:37.984] START to_move 1
[22:22:38.154] STOP to_move 1 nodes_visited 2830
[22:22:38.156] START to_move 2
[22:22:38.352] STOP to_move 2 nodes_visited 3174
[22:22:38.354] START to_move 1
[22:22:38.535] STOP to_move 1 nodes_visited 2983
[22:22:38.537] START to_move 2
[22:22:38.646] STOP to_move 2 nodes_visited 1800
[22:22:38.647] START to_move 1
[22:22:38.818] STOP to_move 1 nodes_visited 2803
[22:22:38.819] START to_move 2
[22:22:38.936] STOP to_move 2 nodes_visited 1946
[22:22:38.937] START to_move 1
[22:22:39.109] STOP to_move 1 nodes_visited 2842
[22:22:39.110] START to_move 2
[22:22:39.170] STOP to_move 2 nodes_visited 991
[22:22:39.171] START to_move 1
[22:22:39.343] STOP to_move 1 nodes_visited 2831
[22:22:39.345] START to_move 2
[22:22:39.400] STOP to_move 2 nodes_visited 892
[22:22:39.400] START to_move 1
[22:22:39.570] STOP to_move 1 nodes_visited 2800
[22:22:39.572] START to_move 2
[22:22:39.798] STOP to_move 2 nodes_visited 3637
[22:22:39.800] START to_move 1
[22:22:39.926] STOP to_move 1 nodes_visited 2112
[22:22:39.927] START to_move 2
[22:22:40.128] STOP to_move 2 nodes_visited 3130
[22:22:40.130] START to_move 1
[22:22:40.292] STOP to_move 1 nodes_visited 2537
[22:22:40.294] START to_move 2
[22:22:40.397] STOP to_move 2 nodes_visited 1706
[22:22:40.398] START to_move 1
[22:22:40.494] STOP to_move 1 nodes_visited 1613
[22:22:40.495] START to_move 2
[22:22:40.571] STOP to_move 2 nodes_visited 1213
[22:22:40.572] START to_move 1
[22:22:40.640] STOP to_move 1 nodes_visited 1183
[22:22:40.641] START to_move 2
[22:22:40.797] STOP to_move 2 nodes_visited 2483
[22:22:40.798] START to_move 1
[22:22:40.909] STOP to_move 1 nodes_visited 1893
[22:22:40.910] START to_move 2
[22:22:41.001] STOP to_move 2 nodes_visited 1500
[22:22:41.001] START to_move 1
[22:22:41.113] STOP to_move 1 nodes_visited 1853
[22:22:41.114] START to_move 2
[22:22:41.186] STOP to_move 2 nodes_visited 1177
[22:22:41.187] START to_move 1
[22:22:41.253] STOP to_move 1 nodes_visited 1157
[22:22:41.254] START to_move 2
[22:22:41.312] STOP to_move 2 nodes_visited 945
[22:22:41.312] START to_move 1
[22:22:41.337] STOP to_move 1 nodes_visited 404
[22:22:41.337] START to_move 2
[22:22:41.427] STOP to_move 2 nodes_visited 1466
[22:22:41.428] START to_move 1
[22:22:41.451] STOP to_move 1 nodes_visited 415
[22:22:41.451] START to_move 2
[22:22:41.535] STOP to_move 2 nodes_visited 1386
[22:22:41.535] START to_move 1
[22:22:41.559] STOP to_move 1 nodes_visited 423
[22:22:41.560] START to_move 2
[22:22:41.710] STOP to_move 2 nodes_visited 2481
[22:22:41.712] START to_move 1
[22:22:41.736] STOP to_move 1 nodes_visited 427
[22:22:41.736] START to_move 2
[22:22:41.886] STOP to_move 2 nodes_visited 2435
[22:22:41.887] START to_move 1
[22:22:41.941] STOP to_move 1 nodes_visited 925
[22:22:41.942] START to_move 2
[22:22:42.006] STOP to_move 2 nodes_visited 1069
[22:22:42.006] START to_move 1
[22:22:42.029] STOP to_move 1 nodes_visited 411
[22:22:42.030] START to_move 2
[22:22:42.091] STOP to_move 2 nodes_visited 1029
[22:22:42.092] START to_move 1
[22:22:42.116] STOP to_move 1 nodes_visited 400
[22:22:42.117] START to_move 2
[22:22:42.256] STOP to_move 2 nodes_visited 2305
[22:22:42.257] START to_move 1
[22:22:42.279] STOP to_move 1 nodes_visited 396
[22:22:42.280] START to_move 2
[22:22:42.425] STOP to_move 2 nodes_visited 2344
[22:22:42.426] START to_move 1
[22:22:42.448] STOP to_move 1 nodes_visited 396
[22:22:42.448] START to_move 2
[22:22:42.591] STOP to_move 2 nodes_visited 2356
[22:22:42.592] START to_move 1
[22:22:42.615] STOP to_move 1 nodes_visited 387
[22:22:42.615] START to_move 2
[22:22:42.757] STOP to_move 2 nodes_visited 2330
[22:22:42.758] START to_move 1
[22:22:42.780] STOP to_move 1 nodes_visited 384
[22:22:42.780] START to_move 2
[22:22:42.927] STOP to_move 2 nodes_visited 2390
[22:22:42.928] START to_move 1
[22:22:42.950] STOP to_move 1 nodes_visited 388
[22:22:42.950] START to_move 2
[22:22:43.091] STOP to_move 2 nodes_visited 2329
[22:22:43.092] START to_move 1
[22:22:43.114] STOP to_move 1 nodes_visited 383
[22:22:43.114] START to_move 2
[22:22:43.261] STOP to_move 2 nodes_visited 2396
[22:22:43.262] START to_move 1
[22:22:43.285] STOP to_move 1 nodes_visited 387
[22:22:43.285] START to_move 2
[22:22:43.319] STOP to_move 2 nodes_visited 577
[22:22:43.320] START to_move 1
[22:22:43.341] STOP to_move 1 nodes_visited 382
[22:22:43.342] START to_move 2
[22:22:43.374] STOP to_move 2 nodes_visited 537
[22:22:43.374] START to_move 1
[22:22:43.484] STOP to_move 1 nodes_visited 1839
[22:22:43.485] START to_move 2
[22:22:43.509] STOP to_move 2 nodes_visited 403
[22:22:43.509] START to_move 1
[22:22:43.616] STOP to_move 1 nodes_visited 1810
[22:22:43.617] START to_move 2
[22:22:43.783] STOP to_move 2 nodes_visited 2703
[22:22:43.785] START to_move 1
[22:22:43.891] STOP to_move 1 nodes_visited 1807
[22:22:43.892] START to_move 2
[22:22:43.919] STOP to_move 2 nodes_visited 454
[22:22:43.920] START to_move 1
[22:22:44.028] STOP to_move 1 nodes_visited 1807
[22:22:44.029] START to_move 2
[22:22:44.063] STOP to_move 2 nodes_visited 583
[22:22:44.064] START to_move 1
[22:22:44.154] STOP to_move 1 nodes_visited 1574
[22:22:44.155] START to_move 2
[22:22:44.202] STOP to_move 2 nodes_visited 781
[22:22:44.202] START to_move 1
[22:22:44.293] STOP to_move 1 nodes_visited 1551
[22:22:44.294] START to_move 2
[22:22:44.342] STOP to_move 2 nodes_visited 816
[22:22:44.343] START to_move 1
[22:22:44.430] STOP to_move 1 nodes_visited 1519
[22:22:44.431] START to_move 2
[22:22:44.492] STOP to_move 2 nodes_visited 984
[22:22:44.492] START to_move 1
[22:22:44.578] STOP to_move 1 nodes_visited 1497
[22:22:44.579] START to_move 2
[22:22:44.639] STOP to_move 2 nodes_visited 1015
[22:22:44.640] START to_move 1
[22:22:44.725] STOP to_move 1 nodes_visited 1485
[22:22:44.726] START to_move 2
[22:22:44.786] STOP to_move 2 nodes_visited 992
[22:22:44.787] START to_move 1
[22:22:44.874] STOP to_move 1 nodes_visited 1523
[22:22:44.875] START to_move 2
[22:22:44.917] STOP to_move 2 nodes_visited 705
[22:22:44.917] START to_move 1
[22:22:44.994] STOP to_move 1 nodes_visited 1326
[22:22:44.995] START to_move 2
[22:22:45.034] STOP to_move 2 nodes_visited 621
[22:22:45.034] START to_move 1
[22:22:45.110] STOP to_move 1 nodes_visited 1326
[22:22:45.112] START to_move 2
[22:22:45.149] STOP to_move 2 nodes_visited 625
[22:22:45.149] START to_move 1
[22:22:45.213] STOP to_move 1 nodes_visited 1115
[22:22:45.214] START to_move 2
[22:22:45.258] STOP to_move 2 nodes_visited 751
[22:22:45.259] START to_move 1
[22:22:45.326] STOP to_move 1 nodes_visited 1155
[22:22:45.327] START to_move 2
[22:22:45.457] STOP to_move 2 nodes_visited 2158
[22:22:45.458] START to_move 1
[22:22:45.523] STOP to_move 1 nodes_visited 1133
[22:22:45.524] START to_move 2
[22:22:45.571] STOP to_move 2 nodes_visited 762
[22:22:45.571] START to_move 1
[22:22:45.637] STOP to_move 1 nodes_visited 1155
[22:22:45.638] START to_move 2
[22:22:45.685] STOP to_move 2 nodes_visited 788
[22:22:45.685] START to_move 1
[22:22:45.751] STOP to_move 1 nodes_visited 1152
[22:22:45.753] START to_move 2
[22:22:45.798] STOP to_move 2 nodes_visited 741
[22:22:45.798] START to_move 1
[22:22:45.860] STOP to_move 1 nodes_visited 1052
[22:22:45.861] START to_move 2
[22:22:45.902] STOP to_move 2 nodes_visited 687
[22:22:45.902] START to_move 1
[22:22:45.921] STOP to_move 1 nodes_visited 335
[22:22:45.921] START to_move 2
[22:22:45.960] STOP to_move 2 nodes_visited 652
[22:22:45.961] START to_move 1
[22:22:45.980] STOP to_move 1 nodes_visited 337
[22:22:45.980] START to_move 2
[22:22:46.010] STOP to_move 2 nodes_visited 511
[22:22:46.011] START to_move 1
[22:22:46.028] STOP to_move 1 nodes_visited 316
[22:22:46.029] START to_move 2
[22:22:46.055] STOP to_move 2 nodes_visited 436
[22:22:46.055] START to_move 1
[22:22:46.068] STOP to_move 1 nodes_visited 244
[22:22:46.069] START to_move 2
[22:22:46.097] STOP to_move 2 nodes_visited 454
[22:22:46.097] START to_move 1
[22:22:46.111] STOP to_move 1 nodes_visited 239
[22:22:46.111] START to_move 2
[22:22:46.134] STOP to_move 2 nodes_visited 384
[22:22:46.134] START to_move 1
[22:22:46.144] STOP to_move 1 nodes_visited 180
[22:22:46.144] START to_move 2
[22:22:46.166] STOP to_move 2 nodes_visited 370
[22:22:46.166] START to_move 1
[22:22:46.180] STOP to_move 1 nodes_visited 252
[22:22:46.180] START to_move 2
[22:22:46.201] STOP to_move 2 nodes_visited 352
[22:22:46.201] START to_move 1
[22:22:46.210] STOP to_move 1 nodes_visited 172
[22:22:46.211] START to_move 2
[22:22:46.225] STOP to_move 2 nodes_visited 237
[22:22:46.225] START to_move 1
[22:22:46.234] STOP to_move 1 nodes_visited 179
[22:22:46.234] START to_move 2
[22:22:46.252] STOP to_move 2 nodes_visited 295
[22:22:46.252] START to_move 1
[22:22:46.268] STOP to_move 1 nodes_visited 291
[22:22:46.269] START to_move 2
[22:22:46.282] STOP to_move 2 nodes_visited 220
[22:22:46.282] START to_move 1
[22:22:46.297] STOP to_move 1 nodes_visited 266
[22:22:46.297] START to_move 2
[22:22:46.309] STOP to_move 2 nodes_visited 214
[22:22:46.310] START to_move 1
[22:22:46.320] STOP to_move 1 nodes_visited 194
[22:22:46.320] START to_move 2
[22:22:46.334] STOP to_move 2 nodes_visited 226
[22:22:46.334] START to_move 1
[22:22:46.342] STOP to_move 1 nodes_visited 159
[22:22:46.342] START to_move 2
[22:22:46.355] STOP to_move 2 nodes_visited 210
[22:22:46.355] START to_move 1
[22:22:46.363] STOP to_move 1 nodes_visited 165
[22:22:46.364] START to_move 2
[22:22:46.370] STOP to_move 2 nodes_visited 109
[22:22:46.370] START to_move 1
[22:22:46.381] STOP to_move 1 nodes_visited 198
[22:22:46.381] START to_move 2
[22:22:46.395] STOP to_move 2 nodes_visited 222
[22:22:46.395] START to_move 1
[22:22:46.406] STOP to_move 1 nodes_visited 195
[22:22:46.406] START to_move 2
[22:22:46.415] STOP to_move 2 nodes_visited 161
[22:22:46.415] START to_move 1
[22:22:46.426] STOP to_move 1 nodes_visited 185
[22:22:46.426] START to_move 2
[22:22:46.435] STOP to_move 2 nodes_visited 156
[22:22:46.435] START to_move 1
[22:22:46.446] STOP to_move 1 nodes_visited 185
[22:22:46.446] START to_move 2
[22:22:46.455] STOP to_move 2 nodes_visited 161
[22:22:46.455] START to_move 1
[22:22:46.466] STOP to_move 1 nodes_visited 194
[22:22:46.466] START to_move 2
[22:22:46.481] STOP to_move 2 nodes_visited 254
[22:22:46.481] START to_move 1
[22:22:46.492] STOP to_move 1 nodes_visited 198
[22:22:46.493] START to_move 2
[22:22:46.508] STOP to_move 2 nodes_visited 254
[22:22:46.508] START to_move 1
[22:22:46.519] STOP to_move 1 nodes_visited 198
[22:22:46.519] START to_move 2
[22:22:46.534] STOP to_move 2 nodes_visited 254
[22:22:46.534] START to_move 1
[22:22:46.545] STOP to_move 1 nodes_visited 194
[22:22:46.545] START to_move 2
[22:22:46.560] STOP to_move 2 nodes_visited 254
[22:22:46.560] START to_move 1
[22:22:46.571] STOP to_move 1 nodes_visited 194
[22:22:46.571] START to_move 2
[22:22:46.586] STOP to_move 2 nodes_visited 254
[22:22:46.586] START to_move 1
[22:22:46.597] STOP to_move 1 nodes_visited 194
[22:22:46.597] START to_move 2
[22:22:46.612] STOP to_move 2 nodes_visited 254
[22:22:46.612] START to_move 1
[22:22:46.623] STOP to_move 1 nodes_visited 191
[22:22:46.623] START to_move 2
[22:22:46.635] STOP to_move 2 nodes_visited 200
[22:22:46.635] START to_move 1
[22:22:46.643] STOP to_move 1 nodes_visited 139
[22:22:46.643] START to_move 2
[22:22:46.644] STOP to_move 2 nodes_visited 23
[22:22:46.644] START to_move 1
[22:22:46.651] STOP to_move 1 nodes_visited 130
[22:22:46.651] START to_move 2
[22:22:46.655] STOP to_move 2 nodes_visited 70
[22:22:46.655] START to_move 1
[22:22:46.664] STOP to_move 1 nodes_visited 164
[22:22:46.665] START to_move 2
[22:22:46.676] STOP to_move 2 nodes_visited 198
[22:22:46.676] START to_move 1
[22:22:46.685] STOP to_move 1 nodes_visited 151
[22:22:46.686] START to_move 2
[22:22:46.698] STOP to_move 2 nodes_visited 213
[22:22:46.698] START to_move 1
[22:22:46.705] STOP to_move 1 nodes_visited 130
[22:22:46.705] START to_move 2
[22:22:46.713] STOP to_move 2 nodes_visited 127
[22:22:46.713] START to_move 1
[22:22:46.720] STOP to_move 1 nodes_visited 125
[22:22:46.720] START to_move 2
[22:22:46.731] STOP to_move 2 nodes_visited 189
[22:22:46.731] START to_move 1
[22:22:46.739] STOP to_move 1 nodes_visited 152
[22:22:46.739] START to_move 2
[22:22:46.754] STOP to_move 2 nodes_visited 249
[22:22:46.754] START to_move 1
[22:22:46.761] STOP to_move 1 nodes_visited 127
[22:22:46.761] START to_move 2
[22:22:46.773] STOP to_move 2 nodes_visited 207
[22:22:46.773] START to_move 1
[22:22:46.780] STOP to_move 1 nodes_visited 127
[22:22:46.780] START to_move 2
[22:22:46.785] STOP to_move 2 nodes_visited 71
[22:22:46.785] START to_move 1
[22:22:46.791] STOP to_move 1 nodes_visited 115
[22:22:46.793] START to_move 2
[22:22:46.797] STOP to_move 2 nodes_visited 70
[22:22:46.797] END winner 2 - rounds 184
