[23:13:30.706] 1 - distance_function manhattan - pruning True
[23:13:30.706] 2 - distance_function euclides - pruning True
[23:13:30.706] START to_move 1
[23:13:30.832] STOP to_move 1 nodes_visited 1975
[23:13:30.833] START to_move 2
[23:13:30.977] STOP to_move 2 nodes_visited 2256
[23:13:30.979] START to_move 1
[23:13:31.083] STOP to_move 1 nodes_visited 1641
[23:13:31.084] START to_move 2
[23:13:31.145] STOP to_move 2 nodes_visited 1028
[23:13:31.145] START to_move 1
[23:13:31.236] STOP to_move 1 nodes_visited 1432
[23:13:31.237] START to_move 2
[23:13:31.385] STOP to_move 2 nodes_visited 2458
[23:13:31.386] START to_move 1
[23:13:31.471] STOP to_move 1 nodes_visited 1354
[23:13:31.472] START to_move 2
[23:13:31.639] STOP to_move 2 nodes_visited 2751
[23:13:31.641] START to_move 1
[23:13:31.727] STOP to_move 1 nodes_visited 1375
[23:13:31.728] START to_move 2
[23:13:31.912] STOP to_move 2 nodes_visited 2992
[23:13:31.914] START to_move 1
[23:13:31.989] STOP to_move 1 nodes_visited 1221
[23:13:31.990] START to_move 2
[23:13:32.056] STOP to_move 2 nodes_visited 1083
[23:13:32.056] START to_move 1
[23:13:32.215] STOP to_move 1 nodes_visited 2715
[23:13:32.216] START to_move 2
[23:13:32.345] STOP to_move 2 nodes_visited 2092
[23:13:32.346] START to_move 1
[23:13:32.416] STOP to_move 1 nodes_visited 1208
[23:13:32.416] START to_move 2
[23:13:32.514] STOP to_move 2 nodes_visited 1604
[23:13:32.515] START to_move 1
[23:13:32.657] STOP to_move 1 nodes_visited 2466
[23:13:32.658] START to_move 2
[23:13:32.793] STOP to_move 2 nodes_visited 2199
[23:13:32.794] START to_move 1
[23:13:32.919] STOP to_move 1 nodes_visited 2150
[23:13:32.920] START to_move 2
[23:13:33.086] STOP to_move 2 nodes_visited 2705
[23:13:33.087] START to_move 1
[23:13:33.214] STOP to_move 1 nodes_visited 2202
[23:13:33.215] START to_move 2
[23:13:33.410] STOP to_move 2 nodes_visited 3196
[23:13:33.412] START to_move 1
[23:13:33.546] STOP to_move 1 nodes_visited 2274
[23:13:33.547] START to_move 2
[23:13:33.689] STOP to_move 2 nodes_visited 2370
[23:13:33.690] START to_move 1
[23:13:33.836] STOP to_move 1 nodes_visited 2506
[23:13:33.838] START to_move 2
[23:13:34.003] STOP to_move 2 nodes_visited 2717
[23:13:34.004] START to_move 1
[23:13:34.149] STOP to_move 1 nodes_visited 2492
[23:13:34.151] START to_move 2
[23:13:34.318] STOP to_move 2 nodes_visited 2717
[23:13:34.319] START to_move 1
[23:13:34.461] STOP to_move 1 nodes_visited 2469
[23:13:34.463] START to_move 2
[23:13:34.539] STOP to_move 2 nodes_visited 1242
[23:13:34.540] START to_move 1
[23:13:34.649] STOP to_move 1 nodes_visited 1906
[23:13:34.650] START to_move 2
[23:13:34.724] STOP to_move 2 nodes_visited 1246
[23:13:34.725] START to_move 1
[23:13:34.754] STOP to_move 1 nodes_visited 494
[23:13:34.754] START to_move 2
[23:13:34.868] STOP to_move 2 nodes_visited 1874
[23:13:34.869] START to_move 1
[23:13:34.965] STOP to_move 1 nodes_visited 1658
[23:13:34.966] START to_move 2
[23:13:35.028] STOP to_move 2 nodes_visited 1036
[23:13:35.028] START to_move 1
[23:13:35.125] STOP to_move 1 nodes_visited 1663
[23:13:35.126] START to_move 2
[23:13:35.236] STOP to_move 2 nodes_visited 1837
[23:13:35.237] START to_move 1
[23:13:35.337] STOP to_move 1 nodes_visited 1691
[23:13:35.337] START to_move 2
[23:13:35.448] STOP to_move 2 nodes_visited 1849
[23:13:35.449] START to_move 1
[23:13:35.550] STOP to_move 1 nodes_visited 1762
[23:13:35.551] START to_move 2
[23:13:35.664] STOP to_move 2 nodes_visited 1871
[23:13:35.665] START to_move 1
[23:13:35.764] STOP to_move 1 nodes_visited 1720
[23:13:35.765] START to_move 2
[23:13:35.818] STOP to_move 2 nodes_visited 893
[23:13:35.819] START to_move 1
[23:13:35.916] STOP to_move 1 nodes_visited 1676
[23:13:35.917] START to_move 2
[23:13:35.974] STOP to_move 2 nodes_visited 956
[23:13:35.975] START to_move 1
[23:13:36.068] STOP to_move 1 nodes_visited 1633
[23:13:36.069] START to_move 2
[23:13:36.132] STOP to_move 2 nodes_visited 1035
[23:13:36.133] START to_move 1
[23:13:36.223] STOP to_move 1 nodes_visited 1537
[23:13:36.224] START to_move 2
[23:13:36.293] STOP to_move 2 nodes_visited 1155
[23:13:36.294] START to_move 1
[23:13:36.357] STOP to_move 1 nodes_visited 1057
[23:13:36.358] START to_move 2
[23:13:36.413] STOP to_move 2 nodes_visited 920
[23:13:36.413] START to_move 1
[23:13:36.439] STOP to_move 1 nodes_visited 460
[23:13:36.439] START to_move 2
[23:13:36.504] STOP to_move 2 nodes_visited 1089
[23:13:36.505] START to_move 1
[23:13:36.527] STOP to_move 1 nodes_visited 400
[23:13:36.527] START to_move 2
[23:13:36.589] STOP to_move 2 nodes_visited 1043
[23:13:36.590] START to_move 1
[23:13:36.614] STOP to_move 1 nodes_visited 400
[23:13:36.614] START to_move 2
[23:13:36.678] STOP to_move 2 nodes_visited 1076
[23:13:36.678] START to_move 1
[23:13:36.700] STOP to_move 1 nodes_visited 393
[23:13:36.701] START to_move 2
[23:13:36.857] STOP to_move 2 nodes_visited 2599
[23:13:36.859] START to_move 1
[23:13:36.882] STOP to_move 1 nodes_visited 384
[23:13:36.882] START to_move 2
[23:13:37.016] STOP to_move 2 nodes_visited 2210
[23:13:37.017] START to_move 1
[23:13:37.038] STOP to_move 1 nodes_visited 384
[23:13:37.039] START to_move 2
[23:13:37.194] STOP to_move 2 nodes_visited 2533
[23:13:37.195] START to_move 1
[23:13:37.335] STOP to_move 1 nodes_visited 2395
[23:13:37.336] START to_move 2
[23:13:37.472] STOP to_move 2 nodes_visited 2236
[23:13:37.474] START to_move 1
[23:13:37.608] STOP to_move 1 nodes_visited 2253
[23:13:37.609] START to_move 2
[23:13:37.746] STOP to_move 2 nodes_visited 2251
[23:13:37.748] START to_move 1
[23:13:37.885] STOP to_move 1 nodes_visited 2304
[23:13:37.886] START to_move 2
[23:13:38.018] STOP to_move 2 nodes_visited 2158
[23:13:38.019] START to_move 1
[23:13:38.168] STOP to_move 1 nodes_visited 2444
[23:13:38.169] START to_move 2
[23:13:38.301] STOP to_move 2 nodes_visited 2181
[23:13:38.302] START to_move 1
[23:13:38.450] STOP to_move 1 nodes_visited 2443
[23:13:38.451] START to_move 2
[23:13:38.582] STOP to_move 2 nodes_visited 2176
[23:13:38.583] START to_move 1
[23:13:38.729] STOP to_move 1 nodes_visited 2399
[23:13:38.730] START to_move 2
[23:13:38.855] STOP to_move 2 nodes_visited 2091
[23:13:38.856] START to_move 1
[23:13:38.990] STOP to_move 1 nodes_visited 2212
[23:13:38.991] START to_move 2
[23:13:39.122] STOP to_move 2 nodes_visited 2171
[23:13:39.123] START to_move 1
[23:13:39.234] STOP to_move 1 nodes_visited 1857
[23:13:39.235] START to_move 2
[23:13:39.342] STOP to_move 2 nodes_visited 1778
[23:13:39.342] START to_move 1
[23:13:39.451] STOP to_move 1 nodes_visited 1824
[23:13:39.452] START to_move 2
[23:13:39.572] STOP to_move 2 nodes_visited 1982
[23:13:39.573] START to_move 1
[23:13:39.592] STOP to_move 1 nodes_visited 352
[23:13:39.593] START to_move 2
[23:13:39.717] STOP to_move 2 nodes_visited 2012
[23:13:39.718] START to_move 1
[23:13:39.736] STOP to_move 1 nodes_visited 332
[23:13:39.736] START to_move 2
[23:13:39.849] STOP to_move 2 nodes_visited 1876
[23:13:39.850] START to_move 1
[23:13:39.868] STOP to_move 1 nodes_visited 320
[23:13:39.868] START to_move 2
[23:13:39.971] STOP to_move 2 nodes_visited 1718
[23:13:39.972] START to_move 1
[23:13:40.106] STOP to_move 1 nodes_visited 2207
[23:13:40.107] START to_move 2
[23:13:40.199] STOP to_move 2 nodes_visited 1543
[23:13:40.200] START to_move 1
[23:13:40.329] STOP to_move 1 nodes_visited 2115
[23:13:40.331] START to_move 2
[23:13:40.426] STOP to_move 2 nodes_visited 1580
[23:13:40.427] START to_move 1
[23:13:40.498] STOP to_move 1 nodes_visited 1192
[23:13:40.498] START to_move 2
[23:13:40.592] STOP to_move 2 nodes_visited 1549
[23:13:40.592] START to_move 1
[23:13:40.620] STOP to_move 1 nodes_visited 477
[23:13:40.620] START to_move 2
[23:13:40.713] STOP to_move 2 nodes_visited 1546
[23:13:40.714] START to_move 1
[23:13:40.741] STOP to_move 1 nodes_visited 487
[23:13:40.742] START to_move 2
[23:13:40.827] STOP to_move 2 nodes_visited 1396
[23:13:40.827] START to_move 1
[23:13:40.854] STOP to_move 1 nodes_visited 475
[23:13:40.855] START to_move 2
[23:13:40.929] STOP to_move 2 nodes_visited 1232
[23:13:40.929] START to_move 1
[23:13:40.961] STOP to_move 1 nodes_visited 561
[23:13:40.962] START to_move 2
[23:13:41.038] STOP to_move 2 nodes_visited 1237
[23:13:41.039] START to_move 1
[23:13:41.059] STOP to_move 1 nodes_visited 352
[23:13:41.059] START to_move 2
[23:13:41.109] STOP to_move 2 nodes_visited 841
[23:13:41.110] START to_move 1
[23:13:41.141] STOP to_move 1 nodes_visited 536
[23:13:41.142] START to_move 2
[23:13:41.196] STOP to_move 2 nodes_visited 915
[23:13:41.197] START to_move 1
[23:13:41.228] STOP to_move 1 nodes_visited 536
[23:13:41.228] START to_move 2
[23:13:41.290] STOP to_move 2 nodes_visited 1038
[23:13:41.291] START to_move 1
[23:13:41.324] STOP to_move 1 nodes_visited 537
[23:13:41.324] START to_move 2
[23:13:41.389] STOP to_move 2 nodes_visited 1079
[23:13:41.389] START to_move 1
[23:13:41.426] STOP to_move 1 nodes_visited 660
[23:13:41.427] START to_move 2
[23:13:41.448] STOP to_move 2 nodes_visited 354
[23:13:41.448] START to_move 1
[23:13:41.473] STOP to_move 1 nodes_visited 439
[23:13:41.473] START to_move 2
[23:13:41.508] STOP to_move 2 nodes_visited 581
[23:13:41.508] START to_move 1
[23:13:41.533] STOP to_move 1 nodes_visited 443
[23:13:41.533] START to_move 2
[23:13:41.563] STOP to_move 2 nodes_visited 499
[23:13:41.563] START to_move 1
[23:13:41.629] STOP to_move 1 nodes_visited 1108
[23:13:41.630] START to_move 2
[23:13:41.659] STOP to_move 2 nodes_visited 497
[23:13:41.660] START to_move 1
[23:13:41.717] STOP to_move 1 nodes_visited 970
[23:13:41.717] START to_move 2
[23:13:41.744] STOP to_move 2 nodes_visited 457
[23:13:41.745] START to_move 1
[23:13:41.795] STOP to_move 1 nodes_visited 863
[23:13:41.796] START to_move 2
[23:13:41.821] STOP to_move 2 nodes_visited 428
[23:13:41.821] START to_move 1
[23:13:41.863] STOP to_move 1 nodes_visited 707
[23:13:41.863] START to_move 2
[23:13:41.885] STOP to_move 2 nodes_visited 359
[23:13:41.886] START to_move 1
[23:13:41.920] STOP to_move 1 nodes_visited 582
[23:13:41.920] START to_move 2
[23:13:41.939] STOP to_move 2 nodes_visited 319
[23:13:41.939] START to_move 1
[23:13:41.959] STOP to_move 1 nodes_visited 343
[23:13:41.959] START to_move 2
[23:13:41.977] STOP to_move 2 nodes_visited 296
[23:13:41.977] START to_move 1
[23:13:41.998] STOP to_move 1 nodes_visited 362
[23:13:41.998] START to_move 2
[23:13:42.013] STOP to_move 2 nodes_visited 258
[23:13:42.013] START to_move 1
[23:13:42.021] STOP to_move 1 nodes_visited 129
[23:13:42.021] START to_move 2
[23:13:42.048] STOP to_move 2 nodes_visited 449
[23:13:42.048] START to_move 1
[23:13:42.057] STOP to_move 1 nodes_visited 162
[23:13:42.057] START to_move 2
[23:13:42.069] STOP to_move 2 nodes_visited 189
[23:13:42.069] START to_move 1
[23:13:42.076] STOP to_move 1 nodes_visited 123
[23:13:42.076] START to_move 2
[23:13:42.082] STOP to_move 2 nodes_visited 111
[23:13:42.082] START to_move 1
[23:13:42.089] STOP to_move 1 nodes_visited 120
[23:13:42.089] START to_move 2
[23:13:42.096] STOP to_move 2 nodes_visited 109
[23:13:42.096] START to_move 1
[23:13:42.102] STOP to_move 1 nodes_visited 105
[23:13:42.102] START to_move 2
[23:13:42.129] STOP to_move 2 nodes_visited 456
[23:13:42.129] START to_move 1
[23:13:42.135] STOP to_move 1 nodes_visited 96
[23:13:42.135] START to_move 2
[23:13:42.158] STOP to_move 2 nodes_visited 391
[23:13:42.158] START to_move 1
[23:13:42.163] STOP to_move 1 nodes_visited 84
[23:13:42.163] START to_move 2
[23:13:42.187] STOP to_move 2 nodes_visited 378
[23:13:42.188] START to_move 1
[23:13:42.192] STOP to_move 1 nodes_visited 83
[23:13:42.192] START to_move 2
[23:13:42.207] STOP to_move 2 nodes_visited 243
[23:13:42.207] START to_move 1
[23:13:42.211] STOP to_move 1 nodes_visited 77
[23:13:42.211] START to_move 2
[23:13:42.227] STOP to_move 2 nodes_visited 253
[23:13:42.227] START to_move 1
[23:13:42.231] STOP to_move 1 nodes_visited 80
[23:13:42.231] START to_move 2
[23:13:42.242] STOP to_move 2 nodes_visited 171
[23:13:42.242] START to_move 1
[23:13:42.255] STOP to_move 1 nodes_visited 213
[23:13:42.255] START to_move 2
[23:13:42.264] STOP to_move 2 nodes_visited 149
[23:13:42.264] START to_move 1
[23:13:42.268] STOP to_move 1 nodes_visited 78
[23:13:42.268] START to_move 2
[23:13:42.276] STOP to_move 2 nodes_visited 134
[23:13:42.276] START to_move 1
[23:13:42.280] STOP to_move 1 nodes_visited 68
[23:13:42.280] START to_move 2
[23:13:42.284] STOP to_move 2 nodes_visited 54
[23:13:42.284] START to_move 1
[23:13:42.288] STOP to_move 1 nodes_visited 82
[23:13:42.288] START to_move 2
[23:13:42.294] STOP to_move 2 nodes_visited 97
[23:13:42.294] START to_move 1
[23:13:42.296] STOP to_move 1 nodes_visited 38
[23:13:42.296] START to_move 2
[23:13:42.299] STOP to_move 2 nodes_visited 55
[23:13:42.299] START to_move 1
[23:13:42.303] STOP to_move 1 nodes_visited 62
[23:13:42.303] START to_move 2
[23:13:42.308] STOP to_move 2 nodes_visited 81
[23:13:42.308] START to_move 1
[23:13:42.310] STOP to_move 1 nodes_visited 41
[23:13:42.310] START to_move 2
[23:13:42.313] STOP to_move 2 nodes_visited 49
[23:13:42.313] START to_move 1
[23:13:42.315] STOP to_move 1 nodes_visited 31
[23:13:42.315] START to_move 2
[23:13:42.319] STOP to_move 2 nodes_visited 65
[23:13:42.319] START to_move 1
[23:13:42.321] STOP to_move 1 nodes_visited 36
[23:13:42.321] START to_move 2
[23:13:42.324] STOP to_move 2 nodes_visited 49
[23:13:42.324] START to_move 1
[23:13:42.327] STOP to_move 1 nodes_visited 44
[23:13:42.327] START to_move 2
[23:13:42.330] STOP to_move 2 nodes_visited 55
[23:13:42.330] START to_move 1
[23:13:42.331] STOP to_move 1 nodes_visited 29
[23:13:42.332] START to_move 2
[23:13:42.334] STOP to_move 2 nodes_visited 43
[23:13:42.334] START to_move 1
[23:13:42.336] STOP to_move 1 nodes_visited 38
[23:13:42.336] START to_move 2
[23:13:42.339] STOP to_move 2 nodes_visited 45
[23:13:42.339] START to_move 1
[23:13:42.341] STOP to_move 1 nodes_visited 31
[23:13:42.341] START to_move 2
[23:13:42.342] STOP to_move 2 nodes_visited 34
[23:13:42.343] END winner 2 - rounds 176
