[22:30:35.582] 1 - distance_function manhattan - pruning True
[22:30:35.582] 2 - distance_function chebyshev - pruning True
[22:30:35.582] START to_move 1
[22:30:35.647] STOP to_move 1 nodes_visited 1080
[22:30:35.648] START to_move 2
[22:30:35.712] STOP to_move 2 nodes_visited 1034
[22:30:35.713] START to_move 1
[22:30:35.778] STOP to_move 1 nodes_visited 1076
[22:30:35.779] START to_move 2
[22:30:35.861] STOP to_move 2 nodes_visited 1230
[22:30:35.862] START to_move 1
[22:30:36.002] STOP to_move 1 nodes_visited 2355
[22:30:36.003] START to_move 2
[22:30:36.063] STOP to_move 2 nodes_visited 924
[22:30:36.063] START to_move 1
[22:30:36.218] STOP to_move 1 nodes_visited 2660
[22:30:36.220] START to_move 2
[22:30:36.257] STOP to_move 2 nodes_visited 619
[22:30:36.257] START to_move 1
[22:30:36.292] STOP to_move 1 nodes_visited 616
[22:30:36.292] START to_move 2
[22:30:36.328] STOP to_move 2 nodes_visited 557
[22:30:36.328] START to_move 1
[22:30:36.364] STOP to_move 1 nodes_visited 641
[22:30:36.364] START to_move 2
[22:30:36.389] STOP to_move 2 nodes_visited 421
[22:30:36.389] START to_move 1
[22:30:36.436] STOP to_move 1 nodes_visited 798
[22:30:36.436] START to_move 2
[22:30:36.469] STOP to_move 2 nodes_visited 541
[22:30:36.469] START to_move 1
[22:30:36.506] STOP to_move 1 nodes_visited 639
[22:30:36.506] START to_move 2
[22:30:36.533] STOP to_move 2 nodes_visited 452
[22:30:36.534] START to_move 1
[22:30:36.570] STOP to_move 1 nodes_visited 639
[22:30:36.570] START to_move 2
[22:30:36.774] STOP to_move 2 nodes_visited 3218
[22:30:36.776] START to_move 1
[22:30:36.940] STOP to_move 1 nodes_visited 2722
[22:30:36.942] START to_move 2
[22:30:36.969] STOP to_move 2 nodes_visited 454
[22:30:36.970] START to_move 1
[22:30:37.154] STOP to_move 1 nodes_visited 3030
[22:30:37.155] START to_move 2
[22:30:37.183] STOP to_move 2 nodes_visited 459
[22:30:37.183] START to_move 1
[22:30:37.434] STOP to_move 1 nodes_visited 4212
[22:30:37.437] START to_move 2
[22:30:37.465] STOP to_move 2 nodes_visited 468
[22:30:37.465] START to_move 1
[22:30:37.590] STOP to_move 1 nodes_visited 2150
[22:30:37.591] START to_move 2
[22:30:37.619] STOP to_move 2 nodes_visited 463
[22:30:37.620] START to_move 1
[22:30:37.820] STOP to_move 1 nodes_visited 3460
[22:30:37.822] START to_move 2
[22:30:37.851] STOP to_move 2 nodes_visited 479
[22:30:37.851] START to_move 1
[22:30:38.047] STOP to_move 1 nodes_visited 3374
[22:30:38.049] START to_move 2
[22:30:38.078] STOP to_move 2 nodes_visited 473
[22:30:38.078] START to_move 1
[22:30:38.273] STOP to_move 1 nodes_visited 3350
[22:30:38.275] START to_move 2
[22:30:38.303] STOP to_move 2 nodes_visited 468
[22:30:38.304] START to_move 1
[22:30:38.496] STOP to_move 1 nodes_visited 3291
[22:30:38.498] START to_move 2
[22:30:38.529] STOP to_move 2 nodes_visited 500
[22:30:38.529] START to_move 1
[22:30:38.719] STOP to_move 1 nodes_visited 3257
[22:30:38.721] START to_move 2
[22:30:38.751] STOP to_move 2 nodes_visited 504
[22:30:38.752] START to_move 1
[22:30:38.945] STOP to_move 1 nodes_visited 3293
[22:30:38.946] START to_move 2
[22:30:39.191] STOP to_move 2 nodes_visited 3787
[22:30:39.193] START to_move 1
[22:30:39.337] STOP to_move 1 nodes_visited 2515
[22:30:39.339] START to_move 2
[22:30:39.536] STOP to_move 2 nodes_visited 3108
[22:30:39.537] START to_move 1
[22:30:39.678] STOP to_move 1 nodes_visited 2385
[22:30:39.679] START to_move 2
[22:30:40.002] STOP to_move 2 nodes_visited 5031
[22:30:40.005] START to_move 1
[22:30:40.178] STOP to_move 1 nodes_visited 2998
[22:30:40.179] START to_move 2
[22:30:40.466] STOP to_move 2 nodes_visited 4434
[22:30:40.468] START to_move 1
[22:30:40.645] STOP to_move 1 nodes_visited 3066
[22:30:40.647] START to_move 2
[22:30:40.899] STOP to_move 2 nodes_visited 3978
[22:30:40.902] START to_move 1
[22:30:41.091] STOP to_move 1 nodes_visited 3244
[22:30:41.093] START to_move 2
[22:30:41.259] STOP to_move 2 nodes_visited 2560
[22:30:41.261] START to_move 1
[22:30:41.441] STOP to_move 1 nodes_visited 3132
[22:30:41.442] START to_move 2
[22:30:41.508] STOP to_move 2 nodes_visited 1023
[22:30:41.509] START to_move 1
[22:30:41.683] STOP to_move 1 nodes_visited 2990
[22:30:41.685] START to_move 2
[22:30:41.873] STOP to_move 2 nodes_visited 2934
[22:30:41.875] START to_move 1
[22:30:42.025] STOP to_move 1 nodes_visited 2540
[22:30:42.026] START to_move 2
[22:30:42.273] STOP to_move 2 nodes_visited 3819
[22:30:42.276] START to_move 1
[22:30:42.468] STOP to_move 1 nodes_visited 3321
[22:30:42.470] START to_move 2
[22:30:42.566] STOP to_move 2 nodes_visited 1498
[22:30:42.567] START to_move 1
[22:30:42.749] STOP to_move 1 nodes_visited 3116
[22:30:42.751] START to_move 2
[22:30:42.901] STOP to_move 2 nodes_visited 2392
[22:30:42.903] START to_move 1
[22:30:43.074] STOP to_move 1 nodes_visited 2868
[22:30:43.076] START to_move 2
[22:30:43.141] STOP to_move 2 nodes_visited 1065
[22:30:43.141] START to_move 1
[22:30:43.299] STOP to_move 1 nodes_visited 2643
[22:30:43.300] START to_move 2
[22:30:43.324] STOP to_move 2 nodes_visited 396
[22:30:43.324] START to_move 1
[22:30:43.500] STOP to_move 1 nodes_visited 3044
[22:30:43.501] START to_move 2
[22:30:43.527] STOP to_move 2 nodes_visited 425
[22:30:43.527] START to_move 1
[22:30:43.668] STOP to_move 1 nodes_visited 2408
[22:30:43.669] START to_move 2
[22:30:43.695] STOP to_move 2 nodes_visited 425
[22:30:43.695] START to_move 1
[22:30:43.807] STOP to_move 1 nodes_visited 1908
[22:30:43.808] START to_move 2
[22:30:43.832] STOP to_move 2 nodes_visited 401
[22:30:43.832] START to_move 1
[22:30:43.972] STOP to_move 1 nodes_visited 2443
[22:30:43.974] START to_move 2
[22:30:44.013] STOP to_move 2 nodes_visited 652
[22:30:44.013] START to_move 1
[22:30:44.110] STOP to_move 1 nodes_visited 1646
[22:30:44.111] START to_move 2
[22:30:44.250] STOP to_move 2 nodes_visited 2259
[22:30:44.251] START to_move 1
[22:30:44.346] STOP to_move 1 nodes_visited 1619
[22:30:44.347] START to_move 2
[22:30:44.481] STOP to_move 2 nodes_visited 2165
[22:30:44.482] START to_move 1
[22:30:44.531] STOP to_move 1 nodes_visited 876
[22:30:44.532] START to_move 2
[22:30:44.676] STOP to_move 2 nodes_visited 2298
[22:30:44.678] START to_move 1
[22:30:44.727] STOP to_move 1 nodes_visited 872
[22:30:44.727] START to_move 2
[22:30:44.906] STOP to_move 2 nodes_visited 2834
[22:30:44.907] START to_move 1
[22:30:44.958] STOP to_move 1 nodes_visited 882
[22:30:44.958] START to_move 2
[22:30:45.113] STOP to_move 2 nodes_visited 2447
[22:30:45.114] START to_move 1
[22:30:45.206] STOP to_move 1 nodes_visited 1587
[22:30:45.207] START to_move 2
[22:30:45.366] STOP to_move 2 nodes_visited 2511
[22:30:45.367] START to_move 1
[22:30:45.416] STOP to_move 1 nodes_visited 853
[22:30:45.417] START to_move 2
[22:30:45.589] STOP to_move 2 nodes_visited 2767
[22:30:45.591] START to_move 1
[22:30:45.644] STOP to_move 1 nodes_visited 904
[22:30:45.645] START to_move 2
[22:30:45.789] STOP to_move 2 nodes_visited 2320
[22:30:45.790] START to_move 1
[22:30:45.848] STOP to_move 1 nodes_visited 1011
[22:30:45.849] START to_move 2
[22:30:45.922] STOP to_move 2 nodes_visited 1148
[22:30:45.923] START to_move 1
[22:30:45.994] STOP to_move 1 nodes_visited 1236
[22:30:45.995] START to_move 2
[22:30:46.024] STOP to_move 2 nodes_visited 499
[22:30:46.025] START to_move 1
[22:30:46.053] STOP to_move 1 nodes_visited 496
[22:30:46.054] START to_move 2
[22:30:46.077] STOP to_move 2 nodes_visited 393
[22:30:46.077] START to_move 1
[22:30:46.096] STOP to_move 1 nodes_visited 344
[22:30:46.096] START to_move 2
[22:30:46.119] STOP to_move 2 nodes_visited 384
[22:30:46.120] START to_move 1
[22:30:46.142] STOP to_move 1 nodes_visited 410
[22:30:46.143] START to_move 2
[22:30:46.165] STOP to_move 2 nodes_visited 377
[22:30:46.165] START to_move 1
[22:30:46.273] STOP to_move 1 nodes_visited 1858
[22:30:46.274] START to_move 2
[22:30:46.299] STOP to_move 2 nodes_visited 431
[22:30:46.299] START to_move 1
[22:30:46.321] STOP to_move 1 nodes_visited 393
[22:30:46.321] START to_move 2
[22:30:46.343] STOP to_move 2 nodes_visited 368
[22:30:46.343] START to_move 1
[22:30:46.361] STOP to_move 1 nodes_visited 325
[22:30:46.361] START to_move 2
[22:30:46.384] STOP to_move 2 nodes_visited 373
[22:30:46.384] START to_move 1
[22:30:46.401] STOP to_move 1 nodes_visited 325
[22:30:46.402] START to_move 2
[22:30:46.424] STOP to_move 2 nodes_visited 375
[22:30:46.424] START to_move 1
[22:30:46.443] STOP to_move 1 nodes_visited 329
[22:30:46.444] START to_move 2
[22:30:46.696] STOP to_move 2 nodes_visited 3927
[22:30:46.698] START to_move 1
[22:30:46.720] STOP to_move 1 nodes_visited 393
[22:30:46.720] START to_move 2
[22:30:46.991] STOP to_move 2 nodes_visited 4239
[22:30:46.994] START to_move 1
[22:30:47.016] STOP to_move 1 nodes_visited 390
[22:30:47.016] START to_move 2
[22:30:47.135] STOP to_move 2 nodes_visited 1898
[22:30:47.136] START to_move 1
[22:30:47.276] STOP to_move 1 nodes_visited 2390
[22:30:47.278] START to_move 2
[22:30:47.394] STOP to_move 2 nodes_visited 1856
[22:30:47.395] START to_move 1
[22:30:47.528] STOP to_move 1 nodes_visited 2270
[22:30:47.529] START to_move 2
[22:30:47.649] STOP to_move 2 nodes_visited 1901
[22:30:47.649] START to_move 1
[22:30:47.670] STOP to_move 1 nodes_visited 371
[22:30:47.670] START to_move 2
[22:30:47.841] STOP to_move 2 nodes_visited 2645
[22:30:47.842] START to_move 1
[22:30:47.867] STOP to_move 1 nodes_visited 442
[22:30:47.867] START to_move 2
[22:30:48.050] STOP to_move 2 nodes_visited 2830
[22:30:48.051] START to_move 1
[22:30:48.077] STOP to_move 1 nodes_visited 458
[22:30:48.078] START to_move 2
[22:30:48.263] STOP to_move 2 nodes_visited 2920
[22:30:48.265] START to_move 1
[22:30:48.289] STOP to_move 1 nodes_visited 442
[22:30:48.289] START to_move 2
[22:30:48.458] STOP to_move 2 nodes_visited 2633
[22:30:48.459] START to_move 1
[22:30:48.484] STOP to_move 1 nodes_visited 438
[22:30:48.484] START to_move 2
[22:30:48.651] STOP to_move 2 nodes_visited 2603
[22:30:48.653] START to_move 1
[22:30:48.801] STOP to_move 1 nodes_visited 2547
[22:30:48.802] START to_move 2
[22:30:48.960] STOP to_move 2 nodes_visited 2455
[22:30:48.961] START to_move 1
[22:30:48.979] STOP to_move 1 nodes_visited 316
[22:30:48.979] START to_move 2
[22:30:49.161] STOP to_move 2 nodes_visited 2819
[22:30:49.162] START to_move 1
[22:30:49.183] STOP to_move 1 nodes_visited 360
[22:30:49.183] START to_move 2
[22:30:49.204] STOP to_move 2 nodes_visited 363
[22:30:49.204] START to_move 1
[22:30:49.222] STOP to_move 1 nodes_visited 318
[22:30:49.222] START to_move 2
[22:30:49.278] STOP to_move 2 nodes_visited 909
[22:30:49.279] START to_move 1
[22:30:49.299] STOP to_move 1 nodes_visited 363
[22:30:49.299] START to_move 2
[22:30:49.356] STOP to_move 2 nodes_visited 923
[22:30:49.356] START to_move 1
[22:30:49.377] STOP to_move 1 nodes_visited 366
[22:30:49.377] START to_move 2
[22:30:49.435] STOP to_move 2 nodes_visited 920
[22:30:49.435] START to_move 1
[22:30:49.456] STOP to_move 1 nodes_visited 364
[22:30:49.456] START to_move 2
[22:30:49.513] STOP to_move 2 nodes_visited 929
[22:30:49.514] START to_move 1
[22:30:49.533] STOP to_move 1 nodes_visited 354
[22:30:49.534] START to_move 2
[22:30:49.588] STOP to_move 2 nodes_visited 876
[22:30:49.588] START to_move 1
[22:30:49.609] STOP to_move 1 nodes_visited 364
[22:30:49.609] START to_move 2
[22:30:49.762] STOP to_move 2 nodes_visited 2424
[22:30:49.764] START to_move 1
[22:30:49.789] STOP to_move 1 nodes_visited 453
[22:30:49.790] START to_move 2
[22:30:49.950] STOP to_move 2 nodes_visited 2510
[22:30:49.952] START to_move 1
[22:30:50.073] STOP to_move 1 nodes_visited 2091
[22:30:50.074] START to_move 2
[22:30:50.245] STOP to_move 2 nodes_visited 2659
[22:30:50.246] START to_move 1
[22:30:50.367] STOP to_move 1 nodes_visited 2074
[22:30:50.368] START to_move 2
[22:30:50.507] STOP to_move 2 nodes_visited 2173
[22:30:50.508] START to_move 1
[22:30:50.634] STOP to_move 1 nodes_visited 2182
[22:30:50.636] START to_move 2
[22:30:50.734] STOP to_move 2 nodes_visited 1540
[22:30:50.735] START to_move 1
[22:30:50.861] STOP to_move 1 nodes_visited 2171
[22:30:50.862] START to_move 2
[22:30:51.072] STOP to_move 2 nodes_visited 3279
[22:30:51.074] START to_move 1
[22:30:51.226] STOP to_move 1 nodes_visited 2623
[22:30:51.228] START to_move 2
[22:30:51.358] STOP to_move 2 nodes_visited 2051
[22:30:51.359] START to_move 1
[22:30:51.506] STOP to_move 1 nodes_visited 2469
[22:30:51.507] START to_move 2
[22:30:51.538] STOP to_move 2 nodes_visited 513
[22:30:51.538] START to_move 1
[22:30:51.683] STOP to_move 1 nodes_visited 2457
[22:30:51.685] START to_move 2
[22:30:51.717] STOP to_move 2 nodes_visited 523
[22:30:51.717] START to_move 1
[22:30:51.814] STOP to_move 1 nodes_visited 1646
[22:30:51.814] START to_move 2
[22:30:51.846] STOP to_move 2 nodes_visited 525
[22:30:51.846] START to_move 1
[22:30:51.868] STOP to_move 1 nodes_visited 381
[22:30:51.868] START to_move 2
[22:30:52.008] STOP to_move 2 nodes_visited 2225
[22:30:52.009] START to_move 1
[22:30:52.036] STOP to_move 1 nodes_visited 446
[22:30:52.036] START to_move 2
[22:30:52.134] STOP to_move 2 nodes_visited 1575
[22:30:52.135] START to_move 1
[22:30:52.228] STOP to_move 1 nodes_visited 1579
[22:30:52.228] START to_move 2
[22:30:52.332] STOP to_move 2 nodes_visited 1634
[22:30:52.333] START to_move 1
[22:30:52.417] STOP to_move 1 nodes_visited 1422
[22:30:52.417] START to_move 2
[22:30:52.516] STOP to_move 2 nodes_visited 1575
[22:30:52.516] START to_move 1
[22:30:52.630] STOP to_move 1 nodes_visited 1905
[22:30:52.631] START to_move 2
[22:30:52.717] STOP to_move 2 nodes_visited 1367
[22:30:52.718] START to_move 1
[22:30:52.787] STOP to_move 1 nodes_visited 1197
[22:30:52.787] START to_move 2
[22:30:52.874] STOP to_move 2 nodes_visited 1371
[22:30:52.875] START to_move 1
[22:30:52.953] STOP to_move 1 nodes_visited 1350
[22:30:52.954] START to_move 2
[22:30:53.086] STOP to_move 2 nodes_visited 2105
[22:30:53.087] START to_move 1
[22:30:53.183] STOP to_move 1 nodes_visited 1636
[22:30:53.184] START to_move 2
[22:30:53.211] STOP to_move 2 nodes_visited 461
[22:30:53.212] START to_move 1
[22:30:53.254] STOP to_move 1 nodes_visited 740
[22:30:53.254] START to_move 2
[22:30:53.277] STOP to_move 2 nodes_visited 381
[22:30:53.277] START to_move 1
[22:30:53.318] STOP to_move 1 nodes_visited 725
[22:30:53.319] START to_move 2
[22:30:53.341] STOP to_move 2 nodes_visited 370
[22:30:53.341] START to_move 1
[22:30:53.385] STOP to_move 1 nodes_visited 754
[22:30:53.386] START to_move 2
[22:30:53.407] STOP to_move 2 nodes_visited 364
[22:30:53.407] START to_move 1
[22:30:53.426] STOP to_move 1 nodes_visited 337
[22:30:53.426] START to_move 2
[22:30:53.453] STOP to_move 2 nodes_visited 455
[22:30:53.454] START to_move 1
[22:30:53.473] STOP to_move 1 nodes_visited 346
[22:30:53.473] START to_move 2
[22:30:53.502] STOP to_move 2 nodes_visited 478
[22:30:53.502] START to_move 1
[22:30:53.521] STOP to_move 1 nodes_visited 346
[22:30:53.522] START to_move 2
[22:30:53.551] STOP to_move 2 nodes_visited 478
[22:30:53.551] START to_move 1
[22:30:53.570] STOP to_move 1 nodes_visited 346
[22:30:53.570] START to_move 2
[22:30:53.599] STOP to_move 2 nodes_visited 489
[22:30:53.600] START to_move 1
[22:30:53.619] STOP to_move 1 nodes_visited 346
[22:30:53.619] START to_move 2
[22:30:53.648] STOP to_move 2 nodes_visited 489
[22:30:53.649] START to_move 1
[22:30:53.669] STOP to_move 1 nodes_visited 346
[22:30:53.670] START to_move 2
[22:30:53.700] STOP to_move 2 nodes_visited 504
[22:30:53.700] START to_move 1
[22:30:53.720] STOP to_move 1 nodes_visited 360
[22:30:53.720] START to_move 2
[22:30:53.750] STOP to_move 2 nodes_visited 501
[22:30:53.751] START to_move 1
[22:30:53.770] STOP to_move 1 nodes_visited 347
[22:30:53.770] START to_move 2
[22:30:53.801] STOP to_move 2 nodes_visited 522
[22:30:53.802] START to_move 1
[22:30:53.821] STOP to_move 1 nodes_visited 347
[22:30:53.821] START to_move 2
[22:30:53.853] STOP to_move 2 nodes_visited 522
[22:30:53.853] START to_move 1
[22:30:53.872] STOP to_move 1 nodes_visited 346
[22:30:53.872] START to_move 2
[22:30:53.904] STOP to_move 2 nodes_visited 525
[22:30:53.904] START to_move 1
[22:30:53.924] STOP to_move 1 nodes_visited 354
[22:30:53.925] START to_move 2
[22:30:53.956] STOP to_move 2 nodes_visited 506
[22:30:53.957] START to_move 1
[22:30:53.976] STOP to_move 1 nodes_visited 343
[22:30:53.976] START to_move 2
[22:30:54.005] STOP to_move 2 nodes_visited 481
[22:30:54.006] START to_move 1
[22:30:54.028] STOP to_move 1 nodes_visited 401
[22:30:54.028] START to_move 2
[22:30:54.059] STOP to_move 2 nodes_visited 501
[22:30:54.059] START to_move 1
[22:30:54.082] STOP to_move 1 nodes_visited 401
[22:30:54.082] START to_move 2
[22:30:54.112] STOP to_move 2 nodes_visited 501
[22:30:54.112] START to_move 1
[22:30:54.135] STOP to_move 1 nodes_visited 397
[22:30:54.135] START to_move 2
[22:30:54.165] STOP to_move 2 nodes_visited 501
[22:30:54.166] START to_move 1
[22:30:54.228] STOP to_move 1 nodes_visited 1075
[22:30:54.228] START to_move 2
[22:30:54.290] STOP to_move 2 nodes_visited 983
[22:30:54.291] START to_move 1
[22:30:54.349] STOP to_move 1 nodes_visited 1011
[22:30:54.349] START to_move 2
[22:30:54.409] STOP to_move 2 nodes_visited 965
[22:30:54.410] START to_move 1
[22:30:54.467] STOP to_move 1 nodes_visited 1013
[22:30:54.468] START to_move 2
[22:30:54.589] STOP to_move 2 nodes_visited 1931
[22:30:54.590] START to_move 1
[22:30:54.652] STOP to_move 1 nodes_visited 1071
[22:30:54.652] START to_move 2
[22:30:54.742] STOP to_move 2 nodes_visited 1429
[22:30:54.742] START to_move 1
[22:30:54.803] STOP to_move 1 nodes_visited 1045
[22:30:54.804] START to_move 2
[22:30:54.928] STOP to_move 2 nodes_visited 1988
[22:30:54.929] START to_move 1
[22:30:54.993] STOP to_move 1 nodes_visited 1119
[22:30:54.994] START to_move 2
[22:30:55.129] STOP to_move 2 nodes_visited 2143
[22:30:55.130] START to_move 1
[22:30:55.184] STOP to_move 1 nodes_visited 937
[22:30:55.184] START to_move 2
[22:30:55.316] STOP to_move 2 nodes_visited 2063
[22:30:55.317] START to_move 1
[22:30:55.379] STOP to_move 1 nodes_visited 1080
[22:30:55.379] START to_move 2
[22:30:55.508] STOP to_move 2 nodes_visited 2075
[22:30:55.509] START to_move 1
[22:30:55.573] STOP to_move 1 nodes_visited 1082
[22:30:55.574] START to_move 2
[22:30:55.702] STOP to_move 2 nodes_visited 2051
[22:30:55.703] START to_move 1
[22:30:55.728] STOP to_move 1 nodes_visited 440
[22:30:55.728] START to_move 2
[22:30:55.826] STOP to_move 2 nodes_visited 1577
[22:30:55.826] START to_move 1
[22:30:55.875] STOP to_move 1 nodes_visited 832
[22:30:55.876] START to_move 2
[22:30:55.941] STOP to_move 2 nodes_visited 1067
[22:30:55.942] START to_move 1
[22:30:55.971] STOP to_move 1 nodes_visited 514
[22:30:55.971] START to_move 2
[22:30:55.978] STOP to_move 2 nodes_visited 119
[22:30:55.978] START to_move 1
[22:30:56.062] STOP to_move 1 nodes_visited 1441
[22:30:56.063] START to_move 2
[22:30:56.120] STOP to_move 2 nodes_visited 916
[22:30:56.121] START to_move 1
[22:30:56.148] STOP to_move 1 nodes_visited 483
[22:30:56.148] START to_move 2
[22:30:56.207] STOP to_move 2 nodes_visited 944
[22:30:56.207] START to_move 1
[22:30:56.235] STOP to_move 1 nodes_visited 483
[22:30:56.235] START to_move 2
[22:30:56.293] STOP to_move 2 nodes_visited 944
[22:30:56.293] START to_move 1
[22:30:56.319] STOP to_move 1 nodes_visited 462
[22:30:56.320] START to_move 2
[22:30:56.380] STOP to_move 2 nodes_visited 944
[22:30:56.381] START to_move 1
[22:30:56.405] STOP to_move 1 nodes_visited 425
[22:30:56.405] START to_move 2
[22:30:56.458] STOP to_move 2 nodes_visited 861
[22:30:56.458] START to_move 1
[22:30:56.483] STOP to_move 1 nodes_visited 425
[22:30:56.483] START to_move 2
[22:30:56.536] STOP to_move 2 nodes_visited 861
[22:30:56.537] START to_move 1
[22:30:56.573] STOP to_move 1 nodes_visited 635
[22:30:56.573] START to_move 2
[22:30:56.627] STOP to_move 2 nodes_visited 878
[22:30:56.628] START to_move 1
[22:30:56.667] STOP to_move 1 nodes_visited 653
[22:30:56.667] START to_move 2
[22:30:56.725] STOP to_move 2 nodes_visited 931
[22:30:56.725] START to_move 1
[22:30:56.762] STOP to_move 1 nodes_visited 641
[22:30:56.762] START to_move 2
[22:30:56.817] STOP to_move 2 nodes_visited 880
[22:30:56.817] START to_move 1
[22:30:56.855] STOP to_move 1 nodes_visited 664
[22:30:56.855] START to_move 2
[22:30:56.910] STOP to_move 2 nodes_visited 897
[22:30:56.911] START to_move 1
[22:30:56.966] STOP to_move 1 nodes_visited 929
[22:30:56.967] START to_move 2
[22:30:56.973] STOP to_move 2 nodes_visited 119
[22:30:56.974] START to_move 1
[22:30:57.051] STOP to_move 1 nodes_visited 1344
[22:30:57.052] START to_move 2
[22:30:57.059] STOP to_move 2 nodes_visited 131
[22:30:57.060] START to_move 1
[22:30:57.094] STOP to_move 1 nodes_visited 593
[22:30:57.094] START to_move 2
[22:30:57.116] STOP to_move 2 nodes_visited 353
[22:30:57.116] START to_move 1
[22:30:57.153] STOP to_move 1 nodes_visited 645
[22:30:57.153] START to_move 2
[22:30:57.172] STOP to_move 2 nodes_visited 294
[22:30:57.172] START to_move 1
[22:30:57.203] STOP to_move 1 nodes_visited 548
[22:30:57.204] START to_move 2
[22:30:57.269] STOP to_move 2 nodes_visited 1009
[22:30:57.269] START to_move 1
[22:30:57.297] STOP to_move 1 nodes_visited 485
[22:30:57.297] START to_move 2
[22:30:57.331] STOP to_move 2 nodes_visited 531
[22:30:57.331] START to_move 1
[22:30:57.361] STOP to_move 1 nodes_visited 510
[22:30:57.361] START to_move 2
[22:30:57.379] STOP to_move 2 nodes_visited 293
[22:30:57.379] START to_move 1
[22:30:57.417] STOP to_move 1 nodes_visited 646
[22:30:57.417] START to_move 2
[22:30:57.427] STOP to_move 2 nodes_visited 156
[22:30:57.427] START to_move 1
[22:30:57.447] STOP to_move 1 nodes_visited 361
[22:30:57.447] START to_move 2
[22:30:57.458] STOP to_move 2 nodes_visited 176
[22:30:57.458] START to_move 1
[22:30:57.476] STOP to_move 1 nodes_visited 313
[22:30:57.476] START to_move 2
[22:30:57.494] STOP to_move 2 nodes_visited 294
[22:30:57.494] START to_move 1
[22:30:57.516] STOP to_move 1 nodes_visited 367
[22:30:57.517] START to_move 2
[22:30:57.532] STOP to_move 2 nodes_visited 253
[22:30:57.532] START to_move 1
[22:30:57.547] STOP to_move 1 nodes_visited 260
[22:30:57.547] START to_move 2
[22:30:57.561] STOP to_move 2 nodes_visited 233
[22:30:57.561] START to_move 1
[22:30:57.582] STOP to_move 1 nodes_visited 368
[22:30:57.583] START to_move 2
[22:30:57.591] STOP to_move 2 nodes_visited 147
[22:30:57.591] START to_move 1
[22:30:57.608] STOP to_move 1 nodes_visited 293
[22:30:57.608] START to_move 2
[22:30:57.617] STOP to_move 2 nodes_visited 147
[22:30:57.617] START to_move 1
[22:30:57.625] STOP to_move 1 nodes_visited 146
[22:30:57.625] START to_move 2
[22:30:57.633] STOP to_move 2 nodes_visited 145
[22:30:57.633] START to_move 1
[22:30:57.641] STOP to_move 1 nodes_visited 146
[22:30:57.642] START to_move 2
[22:30:57.656] STOP to_move 2 nodes_visited 243
[22:30:57.656] START to_move 1
[22:30:57.677] STOP to_move 1 nodes_visited 353
[22:30:57.677] START to_move 2
[22:30:57.684] STOP to_move 2 nodes_visited 133
[22:30:57.684] START to_move 1
[22:30:57.700] STOP to_move 1 nodes_visited 260
[22:30:57.700] START to_move 2
[22:30:57.708] STOP to_move 2 nodes_visited 137
[22:30:57.708] START to_move 1
[22:30:57.722] STOP to_move 1 nodes_visited 251
[22:30:57.722] START to_move 2
[22:30:57.731] STOP to_move 2 nodes_visited 141
[22:30:57.731] START to_move 1
[22:30:57.748] STOP to_move 1 nodes_visited 295
[22:30:57.748] START to_move 2
[22:30:57.756] STOP to_move 2 nodes_visited 139
[22:30:57.756] START to_move 1
[22:30:57.764] STOP to_move 1 nodes_visited 139
[22:30:57.764] START to_move 2
[22:30:57.772] STOP to_move 2 nodes_visited 149
[22:30:57.772] START to_move 1
[22:30:57.780] STOP to_move 1 nodes_visited 135
[22:30:57.780] START to_move 2
[22:30:57.789] STOP to_move 2 nodes_visited 149
[22:30:57.789] START to_move 1
[22:30:57.808] STOP to_move 1 nodes_visited 341
[22:30:57.808] START to_move 2
[22:30:57.817] STOP to_move 2 nodes_visited 137
[22:30:57.817] START to_move 1
[22:30:57.834] STOP to_move 1 nodes_visited 289
[22:30:57.834] START to_move 2
[22:30:57.841] STOP to_move 2 nodes_visited 125
[22:30:57.841] START to_move 1
[22:30:57.856] STOP to_move 1 nodes_visited 263
[22:30:57.856] START to_move 2
[22:30:57.865] STOP to_move 2 nodes_visited 144
[22:30:57.865] START to_move 1
[22:30:57.884] STOP to_move 1 nodes_visited 337
[22:30:57.884] START to_move 2
[22:30:57.890] STOP to_move 2 nodes_visited 100
[22:30:57.890] START to_move 1
[22:30:57.900] STOP to_move 1 nodes_visited 165
[22:30:57.900] START to_move 2
[22:30:57.906] STOP to_move 2 nodes_visited 99
[22:30:57.906] START to_move 1
[22:30:57.911] STOP to_move 1 nodes_visited 89
[22:30:57.911] START to_move 2
[22:30:57.918] STOP to_move 2 nodes_visited 121
[22:30:57.919] START to_move 1
[22:30:57.932] STOP to_move 1 nodes_visited 235
[22:30:57.932] START to_move 2
[22:30:57.942] STOP to_move 2 nodes_visited 154
[22:30:57.942] START to_move 1
[22:30:57.964] STOP to_move 1 nodes_visited 379
[22:30:57.964] START to_move 2
[22:30:57.973] STOP to_move 2 nodes_visited 147
[22:30:57.973] START to_move 1
[22:30:57.986] STOP to_move 1 nodes_visited 211
[22:30:57.986] END winner 1 - rounds 317
