[21:43:26.861] 1 - distance_function manhattan - pruning True
[21:43:26.862] 2 - distance_function euclides - pruning True
[21:43:26.862] START to_move 1
[21:43:26.912] STOP to_move 1 nodes_visited 869
[21:43:26.913] START to_move 2
[21:43:27.292] STOP to_move 2 nodes_visited 5772
[21:43:27.296] START to_move 1
[21:43:27.457] STOP to_move 1 nodes_visited 2746
[21:43:27.458] START to_move 2
[21:43:27.856] STOP to_move 2 nodes_visited 6027
[21:43:27.860] START to_move 1
[21:43:27.902] STOP to_move 1 nodes_visited 707
[21:43:27.903] START to_move 2
[21:43:28.279] STOP to_move 2 nodes_visited 5730
[21:43:28.282] START to_move 1
[21:43:28.312] STOP to_move 1 nodes_visited 521
[21:43:28.312] START to_move 2
[21:43:28.687] STOP to_move 2 nodes_visited 5725
[21:43:28.690] START to_move 1
[21:43:28.757] STOP to_move 1 nodes_visited 1173
[21:43:28.758] START to_move 2
[21:43:29.162] STOP to_move 2 nodes_visited 6175
[21:43:29.165] START to_move 1
[21:43:29.192] STOP to_move 1 nodes_visited 466
[21:43:29.192] START to_move 2
[21:43:29.533] STOP to_move 2 nodes_visited 5299
[21:43:29.536] START to_move 1
[21:43:29.824] STOP to_move 1 nodes_visited 4845
[21:43:29.827] START to_move 2
[21:43:30.109] STOP to_move 2 nodes_visited 4409
[21:43:30.112] START to_move 1
[21:43:30.392] STOP to_move 1 nodes_visited 4746
[21:43:30.394] START to_move 2
[21:43:30.573] STOP to_move 2 nodes_visited 2897
[21:43:30.574] START to_move 1
[21:43:30.862] STOP to_move 1 nodes_visited 4818
[21:43:30.865] START to_move 2
[21:43:31.045] STOP to_move 2 nodes_visited 2917
[21:43:31.047] START to_move 1
[21:43:31.324] STOP to_move 1 nodes_visited 4682
[21:43:31.326] START to_move 2
[21:43:31.707] STOP to_move 2 nodes_visited 5936
[21:43:31.711] START to_move 1
[21:43:31.984] STOP to_move 1 nodes_visited 4622
[21:43:31.987] START to_move 2
[21:43:32.374] STOP to_move 2 nodes_visited 5816
[21:43:32.378] START to_move 1
[21:43:32.546] STOP to_move 1 nodes_visited 2899
[21:43:32.548] START to_move 2
[21:43:32.989] STOP to_move 2 nodes_visited 6692
[21:43:32.994] START to_move 1
[21:43:33.164] STOP to_move 1 nodes_visited 2903
[21:43:33.166] START to_move 2
[21:43:33.364] STOP to_move 2 nodes_visited 3225
[21:43:33.365] START to_move 1
[21:43:33.513] STOP to_move 1 nodes_visited 2536
[21:43:33.514] START to_move 2
[21:43:33.870] STOP to_move 2 nodes_visited 5425
[21:43:33.873] START to_move 1
[21:43:34.015] STOP to_move 1 nodes_visited 2418
[21:43:34.016] START to_move 2
[21:43:34.399] STOP to_move 2 nodes_visited 5911
[21:43:34.402] START to_move 1
[21:43:34.553] STOP to_move 1 nodes_visited 2581
[21:43:34.554] START to_move 2
[21:43:34.888] STOP to_move 2 nodes_visited 5226
[21:43:34.891] START to_move 1
[21:43:35.044] STOP to_move 1 nodes_visited 2620
[21:43:35.045] START to_move 2
[21:43:35.238] STOP to_move 2 nodes_visited 3098
[21:43:35.239] START to_move 1
[21:43:35.294] STOP to_move 1 nodes_visited 951
[21:43:35.294] START to_move 2
[21:43:35.517] STOP to_move 2 nodes_visited 3560
[21:43:35.519] START to_move 1
[21:43:35.667] STOP to_move 1 nodes_visited 2564
[21:43:35.668] START to_move 2
[21:43:35.844] STOP to_move 2 nodes_visited 2860
[21:43:35.845] START to_move 1
[21:43:35.870] STOP to_move 1 nodes_visited 429
[21:43:35.870] START to_move 2
[21:43:36.160] STOP to_move 2 nodes_visited 4652
[21:43:36.163] START to_move 1
[21:43:36.186] STOP to_move 1 nodes_visited 419
[21:43:36.187] START to_move 2
[21:43:36.457] STOP to_move 2 nodes_visited 4338
[21:43:36.460] START to_move 1
[21:43:36.483] STOP to_move 1 nodes_visited 417
[21:43:36.483] START to_move 2
[21:43:36.757] STOP to_move 2 nodes_visited 4314
[21:43:36.759] START to_move 1
[21:43:36.783] STOP to_move 1 nodes_visited 411
[21:43:36.783] START to_move 2
[21:43:37.130] STOP to_move 2 nodes_visited 5334
[21:43:37.133] START to_move 1
[21:43:37.157] STOP to_move 1 nodes_visited 415
[21:43:37.157] START to_move 2
[21:43:37.490] STOP to_move 2 nodes_visited 5225
[21:43:37.493] START to_move 1
[21:43:37.669] STOP to_move 1 nodes_visited 2966
[21:43:37.671] START to_move 2
[21:43:37.907] STOP to_move 2 nodes_visited 3734
[21:43:37.909] START to_move 1
[21:43:37.933] STOP to_move 1 nodes_visited 417
[21:43:37.933] START to_move 2
[21:43:38.120] STOP to_move 2 nodes_visited 2951
[21:43:38.121] START to_move 1
[21:43:38.324] STOP to_move 1 nodes_visited 3489
[21:43:38.326] START to_move 2
[21:43:38.615] STOP to_move 2 nodes_visited 4473
[21:43:38.618] START to_move 1
[21:43:38.765] STOP to_move 1 nodes_visited 2541
[21:43:38.767] START to_move 2
[21:43:39.057] STOP to_move 2 nodes_visited 4593
[21:43:39.060] START to_move 1
[21:43:39.082] STOP to_move 1 nodes_visited 398
[21:43:39.083] START to_move 2
[21:43:39.410] STOP to_move 2 nodes_visited 5011
[21:43:39.413] START to_move 1
[21:43:39.435] STOP to_move 1 nodes_visited 383
[21:43:39.435] START to_move 2
[21:43:39.700] STOP to_move 2 nodes_visited 4096
[21:43:39.702] START to_move 1
[21:43:39.724] STOP to_move 1 nodes_visited 388
[21:43:39.724] START to_move 2
[21:43:40.032] STOP to_move 2 nodes_visited 4749
[21:43:40.035] START to_move 1
[21:43:40.057] STOP to_move 1 nodes_visited 388
[21:43:40.057] START to_move 2
[21:43:40.344] STOP to_move 2 nodes_visited 4492
[21:43:40.346] START to_move 1
[21:43:40.369] STOP to_move 1 nodes_visited 396
[21:43:40.370] START to_move 2
[21:43:40.674] STOP to_move 2 nodes_visited 4806
[21:43:40.676] START to_move 1
[21:43:40.698] STOP to_move 1 nodes_visited 386
[21:43:40.698] START to_move 2
[21:43:40.953] STOP to_move 2 nodes_visited 4100
[21:43:40.956] START to_move 1
[21:43:40.978] STOP to_move 1 nodes_visited 393
[21:43:40.978] START to_move 2
[21:43:41.157] STOP to_move 2 nodes_visited 2858
[21:43:41.159] START to_move 1
[21:43:41.180] STOP to_move 1 nodes_visited 383
[21:43:41.180] START to_move 2
[21:43:41.450] STOP to_move 2 nodes_visited 4310
[21:43:41.454] START to_move 1
[21:43:41.555] STOP to_move 1 nodes_visited 1672
[21:43:41.555] START to_move 2
[21:43:41.795] STOP to_move 2 nodes_visited 3692
[21:43:41.797] START to_move 1
[21:43:41.819] STOP to_move 1 nodes_visited 382
[21:43:41.820] START to_move 2
[21:43:41.986] STOP to_move 2 nodes_visited 2610
[21:43:41.987] START to_move 1
[21:43:42.046] STOP to_move 1 nodes_visited 1011
[21:43:42.046] START to_move 2
[21:43:42.178] STOP to_move 2 nodes_visited 2113
[21:43:42.179] START to_move 1
[21:43:42.200] STOP to_move 1 nodes_visited 372
[21:43:42.201] START to_move 2
[21:43:42.328] STOP to_move 2 nodes_visited 2022
[21:43:42.329] START to_move 1
[21:43:42.350] STOP to_move 1 nodes_visited 375
[21:43:42.351] START to_move 2
[21:43:42.494] STOP to_move 2 nodes_visited 2316
[21:43:42.495] START to_move 1
[21:43:42.516] STOP to_move 1 nodes_visited 371
[21:43:42.516] START to_move 2
[21:43:42.662] STOP to_move 2 nodes_visited 2325
[21:43:42.664] START to_move 1
[21:43:42.685] STOP to_move 1 nodes_visited 372
[21:43:42.685] START to_move 2
[21:43:42.827] STOP to_move 2 nodes_visited 2306
[21:43:42.828] START to_move 1
[21:43:42.850] STOP to_move 1 nodes_visited 377
[21:43:42.850] START to_move 2
[21:43:42.980] STOP to_move 2 nodes_visited 2098
[21:43:42.981] START to_move 1
[21:43:43.002] STOP to_move 1 nodes_visited 374
[21:43:43.002] START to_move 2
[21:43:43.134] STOP to_move 2 nodes_visited 2107
[21:43:43.135] START to_move 1
[21:43:43.231] STOP to_move 1 nodes_visited 1663
[21:43:43.232] START to_move 2
[21:43:43.365] STOP to_move 2 nodes_visited 2175
[21:43:43.367] START to_move 1
[21:43:43.388] STOP to_move 1 nodes_visited 370
[21:43:43.388] START to_move 2
[21:43:43.516] STOP to_move 2 nodes_visited 2078
[21:43:43.518] START to_move 1
[21:43:43.545] STOP to_move 1 nodes_visited 492
[21:43:43.546] START to_move 2
[21:43:43.686] STOP to_move 2 nodes_visited 2254
[21:43:43.687] START to_move 1
[21:43:43.709] STOP to_move 1 nodes_visited 373
[21:43:43.709] START to_move 2
[21:43:43.850] STOP to_move 2 nodes_visited 2305
[21:43:43.851] START to_move 1
[21:43:43.872] STOP to_move 1 nodes_visited 375
[21:43:43.873] START to_move 2
[21:43:44.029] STOP to_move 2 nodes_visited 2550
[21:43:44.030] START to_move 1
[21:43:44.169] STOP to_move 1 nodes_visited 2396
[21:43:44.170] START to_move 2
[21:43:44.220] STOP to_move 2 nodes_visited 786
[21:43:44.220] START to_move 1
[21:43:44.241] STOP to_move 1 nodes_visited 368
[21:43:44.241] START to_move 2
[21:43:44.297] STOP to_move 2 nodes_visited 916
[21:43:44.297] START to_move 1
[21:43:44.318] STOP to_move 1 nodes_visited 375
[21:43:44.318] START to_move 2
[21:43:44.615] STOP to_move 2 nodes_visited 4675
[21:43:44.618] START to_move 1
[21:43:44.639] STOP to_move 1 nodes_visited 374
[21:43:44.639] START to_move 2
[21:43:44.864] STOP to_move 2 nodes_visited 3548
[21:43:44.866] START to_move 1
[21:43:44.886] STOP to_move 1 nodes_visited 370
[21:43:44.887] START to_move 2
[21:43:44.958] STOP to_move 2 nodes_visited 1175
[21:43:44.958] START to_move 1
[21:43:44.978] STOP to_move 1 nodes_visited 350
[21:43:44.978] START to_move 2
[21:43:45.147] STOP to_move 2 nodes_visited 2743
[21:43:45.148] START to_move 1
[21:43:45.168] STOP to_move 1 nodes_visited 346
[21:43:45.168] START to_move 2
[21:43:45.217] STOP to_move 2 nodes_visited 819
[21:43:45.217] START to_move 1
[21:43:45.236] STOP to_move 1 nodes_visited 346
[21:43:45.237] START to_move 2
[21:43:45.321] STOP to_move 2 nodes_visited 1371
[21:43:45.322] START to_move 1
[21:43:45.341] STOP to_move 1 nodes_visited 346
[21:43:45.341] START to_move 2
[21:43:45.391] STOP to_move 2 nodes_visited 826
[21:43:45.391] START to_move 1
[21:43:45.411] STOP to_move 1 nodes_visited 346
[21:43:45.411] START to_move 2
[21:43:45.463] STOP to_move 2 nodes_visited 879
[21:43:45.464] START to_move 1
[21:43:45.483] STOP to_move 1 nodes_visited 346
[21:43:45.483] START to_move 2
[21:43:45.535] STOP to_move 2 nodes_visited 848
[21:43:45.536] START to_move 1
[21:43:45.554] STOP to_move 1 nodes_visited 333
[21:43:45.555] START to_move 2
[21:43:45.663] STOP to_move 2 nodes_visited 1797
[21:43:45.664] START to_move 1
[21:43:45.683] STOP to_move 1 nodes_visited 335
[21:43:45.683] START to_move 2
[21:43:45.768] STOP to_move 2 nodes_visited 1401
[21:43:45.769] START to_move 1
[21:43:45.790] STOP to_move 1 nodes_visited 342
[21:43:45.790] START to_move 2
[21:43:45.874] STOP to_move 2 nodes_visited 1372
[21:43:45.874] START to_move 1
[21:43:46.006] STOP to_move 1 nodes_visited 2231
[21:43:46.008] START to_move 2
[21:43:46.090] STOP to_move 2 nodes_visited 1339
[21:43:46.091] START to_move 1
[21:43:46.224] STOP to_move 1 nodes_visited 2262
[21:43:46.225] START to_move 2
[21:43:46.387] STOP to_move 2 nodes_visited 2555
[21:43:46.388] START to_move 1
[21:43:46.406] STOP to_move 1 nodes_visited 320
[21:43:46.407] START to_move 2
[21:43:46.486] STOP to_move 2 nodes_visited 1306
[21:43:46.486] START to_move 1
[21:43:46.504] STOP to_move 1 nodes_visited 316
[21:43:46.504] START to_move 2
[21:43:46.582] STOP to_move 2 nodes_visited 1246
[21:43:46.582] START to_move 1
[21:43:46.599] STOP to_move 1 nodes_visited 306
[21:43:46.600] START to_move 2
[21:43:46.676] STOP to_move 2 nodes_visited 1263
[21:43:46.677] START to_move 1
[21:43:46.694] STOP to_move 1 nodes_visited 312
[21:43:46.694] START to_move 2
[21:43:46.767] STOP to_move 2 nodes_visited 1198
[21:43:46.767] START to_move 1
[21:43:46.786] STOP to_move 1 nodes_visited 326
[21:43:46.786] START to_move 2
[21:43:46.901] STOP to_move 2 nodes_visited 1829
[21:43:46.902] START to_move 1
[21:43:46.921] STOP to_move 1 nodes_visited 325
[21:43:46.921] START to_move 2
[21:43:47.034] STOP to_move 2 nodes_visited 1820
[21:43:47.035] START to_move 1
[21:43:47.054] STOP to_move 1 nodes_visited 323
[21:43:47.054] START to_move 2
[21:43:47.166] STOP to_move 2 nodes_visited 1776
[21:43:47.167] START to_move 1
[21:43:47.230] STOP to_move 1 nodes_visited 1092
[21:43:47.231] START to_move 2
[21:43:47.319] STOP to_move 2 nodes_visited 1423
[21:43:47.320] START to_move 1
[21:43:47.338] STOP to_move 1 nodes_visited 310
[21:43:47.338] START to_move 2
[21:43:47.449] STOP to_move 2 nodes_visited 1759
[21:43:47.450] START to_move 1
[21:43:47.467] STOP to_move 1 nodes_visited 290
[21:43:47.467] START to_move 2
[21:43:47.578] STOP to_move 2 nodes_visited 1823
[21:43:47.579] START to_move 1
[21:43:47.692] STOP to_move 1 nodes_visited 1840
[21:43:47.692] START to_move 2
[21:43:47.746] STOP to_move 2 nodes_visited 882
[21:43:47.747] START to_move 1
[21:43:47.840] STOP to_move 1 nodes_visited 1564
[21:43:47.841] START to_move 2
[21:43:47.867] STOP to_move 2 nodes_visited 431
[21:43:47.868] START to_move 1
[21:43:47.954] STOP to_move 1 nodes_visited 1405
[21:43:47.955] START to_move 2
[21:43:48.037] STOP to_move 2 nodes_visited 1340
[21:43:48.038] START to_move 1
[21:43:48.124] STOP to_move 1 nodes_visited 1434
[21:43:48.125] START to_move 2
[21:43:48.211] STOP to_move 2 nodes_visited 1374
[21:43:48.212] START to_move 1
[21:43:48.302] STOP to_move 1 nodes_visited 1508
[21:43:48.303] START to_move 2
[21:43:48.327] STOP to_move 2 nodes_visited 398
[21:43:48.327] START to_move 1
[21:43:48.419] STOP to_move 1 nodes_visited 1540
[21:43:48.419] START to_move 2
[21:43:48.467] STOP to_move 2 nodes_visited 785
[21:43:48.468] START to_move 1
[21:43:48.556] STOP to_move 1 nodes_visited 1448
[21:43:48.557] START to_move 2
[21:43:48.601] STOP to_move 2 nodes_visited 718
[21:43:48.601] START to_move 1
[21:43:48.686] STOP to_move 1 nodes_visited 1376
[21:43:48.686] START to_move 2
[21:43:48.728] STOP to_move 2 nodes_visited 684
[21:43:48.729] START to_move 1
[21:43:48.808] STOP to_move 1 nodes_visited 1289
[21:43:48.809] START to_move 2
[21:43:48.848] STOP to_move 2 nodes_visited 656
[21:43:48.849] START to_move 1
[21:43:48.928] STOP to_move 1 nodes_visited 1313
[21:43:48.928] START to_move 2
[21:43:48.970] STOP to_move 2 nodes_visited 681
[21:43:48.970] START to_move 1
[21:43:49.052] STOP to_move 1 nodes_visited 1313
[21:43:49.053] START to_move 2
[21:43:49.094] STOP to_move 2 nodes_visited 681
[21:43:49.095] START to_move 1
[21:43:49.171] STOP to_move 1 nodes_visited 1275
[21:43:49.172] START to_move 2
[21:43:49.193] STOP to_move 2 nodes_visited 345
[21:43:49.193] START to_move 1
[21:43:49.262] STOP to_move 1 nodes_visited 1116
[21:43:49.262] START to_move 2
[21:43:49.288] STOP to_move 2 nodes_visited 423
[21:43:49.288] START to_move 1
[21:43:49.324] STOP to_move 1 nodes_visited 560
[21:43:49.324] START to_move 2
[21:43:49.352] STOP to_move 2 nodes_visited 467
[21:43:49.352] START to_move 1
[21:43:49.385] STOP to_move 1 nodes_visited 558
[21:43:49.386] START to_move 2
[21:43:49.415] STOP to_move 2 nodes_visited 487
[21:43:49.415] START to_move 1
[21:43:49.449] STOP to_move 1 nodes_visited 561
[21:43:49.449] START to_move 2
[21:43:49.525] STOP to_move 2 nodes_visited 1249
[21:43:49.526] START to_move 1
[21:43:49.560] STOP to_move 1 nodes_visited 574
[21:43:49.560] START to_move 2
[21:43:49.584] STOP to_move 2 nodes_visited 397
[21:43:49.584] START to_move 1
[21:43:49.598] STOP to_move 1 nodes_visited 219
[21:43:49.598] START to_move 2
[21:43:49.676] STOP to_move 2 nodes_visited 1277
[21:43:49.676] START to_move 1
[21:43:49.688] STOP to_move 1 nodes_visited 222
[21:43:49.689] START to_move 2
[21:43:49.771] STOP to_move 2 nodes_visited 1363
[21:43:49.771] START to_move 1
[21:43:49.789] STOP to_move 1 nodes_visited 320
[21:43:49.790] START to_move 2
[21:43:49.883] STOP to_move 2 nodes_visited 1501
[21:43:49.883] START to_move 1
[21:43:49.902] STOP to_move 1 nodes_visited 341
[21:43:49.903] START to_move 2
[21:43:49.931] STOP to_move 2 nodes_visited 485
[21:43:49.931] START to_move 1
[21:43:49.950] STOP to_move 1 nodes_visited 332
[21:43:49.950] START to_move 2
[21:43:49.974] STOP to_move 2 nodes_visited 411
[21:43:49.975] START to_move 1
[21:43:49.992] STOP to_move 1 nodes_visited 311
[21:43:49.993] START to_move 2
[21:43:50.051] STOP to_move 2 nodes_visited 969
[21:43:50.052] START to_move 1
[21:43:50.066] STOP to_move 1 nodes_visited 260
[21:43:50.066] START to_move 2
[21:43:50.119] STOP to_move 2 nodes_visited 884
[21:43:50.120] START to_move 1
[21:43:50.133] STOP to_move 1 nodes_visited 248
[21:43:50.133] START to_move 2
[21:43:50.181] STOP to_move 2 nodes_visited 765
[21:43:50.182] START to_move 1
[21:43:50.196] STOP to_move 1 nodes_visited 251
[21:43:50.196] START to_move 2
[21:43:50.242] STOP to_move 2 nodes_visited 763
[21:43:50.242] START to_move 1
[21:43:50.259] STOP to_move 1 nodes_visited 308
[21:43:50.260] START to_move 2
[21:43:50.308] STOP to_move 2 nodes_visited 778
[21:43:50.308] START to_move 1
[21:43:50.325] STOP to_move 1 nodes_visited 291
[21:43:50.325] START to_move 2
[21:43:50.362] STOP to_move 2 nodes_visited 605
[21:43:50.363] START to_move 1
[21:43:50.384] STOP to_move 1 nodes_visited 353
[21:43:50.384] START to_move 2
[21:43:50.438] STOP to_move 2 nodes_visited 834
[21:43:50.438] START to_move 1
[21:43:50.450] STOP to_move 1 nodes_visited 221
[21:43:50.451] START to_move 2
[21:43:50.487] STOP to_move 2 nodes_visited 597
[21:43:50.487] START to_move 1
[21:43:50.498] STOP to_move 1 nodes_visited 186
[21:43:50.498] START to_move 2
[21:43:50.535] STOP to_move 2 nodes_visited 612
[21:43:50.536] START to_move 1
[21:43:50.543] STOP to_move 1 nodes_visited 141
[21:43:50.543] START to_move 2
[21:43:50.578] STOP to_move 2 nodes_visited 572
[21:43:50.579] START to_move 1
[21:43:50.592] STOP to_move 1 nodes_visited 244
[21:43:50.592] START to_move 2
[21:43:50.626] STOP to_move 2 nodes_visited 553
[21:43:50.627] START to_move 1
[21:43:50.643] STOP to_move 1 nodes_visited 269
[21:43:50.643] START to_move 2
[21:43:50.692] STOP to_move 2 nodes_visited 800
[21:43:50.693] START to_move 1
[21:43:50.702] STOP to_move 1 nodes_visited 161
[21:43:50.702] START to_move 2
[21:43:50.732] STOP to_move 2 nodes_visited 469
[21:43:50.732] START to_move 1
[21:43:50.740] STOP to_move 1 nodes_visited 129
[21:43:50.740] START to_move 2
[21:43:50.749] STOP to_move 2 nodes_visited 155
[21:43:50.749] START to_move 1
[21:43:50.757] STOP to_move 1 nodes_visited 143
[21:43:50.757] START to_move 2
[21:43:50.767] STOP to_move 2 nodes_visited 161
[21:43:50.767] START to_move 1
[21:43:50.775] STOP to_move 1 nodes_visited 148
[21:43:50.775] START to_move 2
[21:43:50.786] STOP to_move 2 nodes_visited 178
[21:43:50.786] START to_move 1
[21:43:50.794] STOP to_move 1 nodes_visited 147
[21:43:50.794] START to_move 2
[21:43:50.804] STOP to_move 2 nodes_visited 167
[21:43:50.804] START to_move 1
[21:43:50.813] STOP to_move 1 nodes_visited 157
[21:43:50.813] START to_move 2
[21:43:50.822] STOP to_move 2 nodes_visited 165
[21:43:50.823] START to_move 1
[21:43:50.831] STOP to_move 1 nodes_visited 152
[21:43:50.831] START to_move 2
[21:43:50.837] STOP to_move 2 nodes_visited 101
[21:43:50.837] START to_move 1
[21:43:50.845] STOP to_move 1 nodes_visited 146
[21:43:50.845] START to_move 2
[21:43:50.847] STOP to_move 2 nodes_visited 35
[21:43:50.847] START to_move 1
[21:43:50.855] STOP to_move 1 nodes_visited 159
[21:43:50.855] START to_move 2
[21:43:50.859] STOP to_move 2 nodes_visited 69
[21:43:50.859] START to_move 1
[21:43:50.867] STOP to_move 1 nodes_visited 151
[21:43:50.868] START to_move 2
[21:43:50.868] STOP to_move 2 nodes_visited 5
[21:43:50.868] START to_move 1
[21:43:50.882] STOP to_move 1 nodes_visited 259
[21:43:50.882] START to_move 2
[21:43:50.887] STOP to_move 2 nodes_visited 79
[21:43:50.887] START to_move 1
[21:43:50.894] STOP to_move 1 nodes_visited 125
[21:43:50.894] START to_move 2
[21:43:50.906] STOP to_move 2 nodes_visited 197
[21:43:50.906] START to_move 1
[21:43:50.913] STOP to_move 1 nodes_visited 128
[21:43:50.913] START to_move 2
[21:43:50.930] STOP to_move 2 nodes_visited 267
[21:43:50.930] START to_move 1
[21:43:50.937] STOP to_move 1 nodes_visited 128
[21:43:50.937] START to_move 2
[21:43:50.953] STOP to_move 2 nodes_visited 274
[21:43:50.953] START to_move 1
[21:43:50.963] STOP to_move 1 nodes_visited 170
[21:43:50.963] START to_move 2
[21:43:50.994] STOP to_move 2 nodes_visited 519
[21:43:50.994] START to_move 1
[21:43:51.003] STOP to_move 1 nodes_visited 151
[21:43:51.003] START to_move 2
[21:43:51.030] STOP to_move 2 nodes_visited 442
[21:43:51.030] START to_move 1
[21:43:51.042] STOP to_move 1 nodes_visited 192
[21:43:51.042] START to_move 2
[21:43:51.073] STOP to_move 2 nodes_visited 503
[21:43:51.073] START to_move 1
[21:43:51.082] STOP to_move 1 nodes_visited 149
[21:43:51.082] START to_move 2
[21:43:51.108] STOP to_move 2 nodes_visited 442
[21:43:51.108] START to_move 1
[21:43:51.119] STOP to_move 1 nodes_visited 190
[21:43:51.119] START to_move 2
[21:43:51.148] STOP to_move 2 nodes_visited 471
[21:43:51.148] START to_move 1
[21:43:51.156] STOP to_move 1 nodes_visited 140
[21:43:51.156] START to_move 2
[21:43:51.182] STOP to_move 2 nodes_visited 421
[21:43:51.182] START to_move 1
[21:43:51.192] STOP to_move 1 nodes_visited 179
[21:43:51.192] START to_move 2
[21:43:51.221] STOP to_move 2 nodes_visited 476
[21:43:51.221] START to_move 1
[21:43:51.229] STOP to_move 1 nodes_visited 142
[21:43:51.229] START to_move 2
[21:43:51.254] STOP to_move 2 nodes_visited 410
[21:43:51.254] START to_move 1
[21:43:51.264] STOP to_move 1 nodes_visited 177
[21:43:51.264] START to_move 2
[21:43:51.285] STOP to_move 2 nodes_visited 347
[21:43:51.285] START to_move 1
[21:43:51.292] STOP to_move 1 nodes_visited 139
[21:43:51.292] START to_move 2
[21:43:51.313] STOP to_move 2 nodes_visited 344
[21:43:51.313] START to_move 1
[21:43:51.322] STOP to_move 1 nodes_visited 156
[21:43:51.322] START to_move 2
[21:43:51.347] STOP to_move 2 nodes_visited 387
[21:43:51.347] START to_move 1
[21:43:51.354] STOP to_move 1 nodes_visited 137
[21:43:51.354] START to_move 2
[21:43:51.375] STOP to_move 2 nodes_visited 344
[21:43:51.375] START to_move 1
[21:43:51.385] STOP to_move 1 nodes_visited 183
[21:43:51.385] START to_move 2
[21:43:51.408] STOP to_move 2 nodes_visited 387
[21:43:51.409] START to_move 1
[21:43:51.416] STOP to_move 1 nodes_visited 140
[21:43:51.416] START to_move 2
[21:43:51.437] STOP to_move 2 nodes_visited 355
[21:43:51.438] START to_move 1
[21:43:51.447] STOP to_move 1 nodes_visited 176
[21:43:51.447] START to_move 2
[21:43:51.470] STOP to_move 2 nodes_visited 377
[21:43:51.470] START to_move 1
[21:43:51.477] STOP to_move 1 nodes_visited 139
[21:43:51.478] START to_move 2
[21:43:51.497] STOP to_move 2 nodes_visited 335
[21:43:51.497] START to_move 1
[21:43:51.506] STOP to_move 1 nodes_visited 160
[21:43:51.506] START to_move 2
[21:43:51.524] STOP to_move 2 nodes_visited 301
[21:43:51.524] START to_move 1
[21:43:51.532] STOP to_move 1 nodes_visited 142
[21:43:51.532] START to_move 2
[21:43:51.544] STOP to_move 2 nodes_visited 209
[21:43:51.545] START to_move 1
[21:43:51.552] STOP to_move 1 nodes_visited 135
[21:43:51.552] START to_move 2
[21:43:51.570] STOP to_move 2 nodes_visited 293
[21:43:51.570] START to_move 1
[21:43:51.576] STOP to_move 1 nodes_visited 120
[21:43:51.576] START to_move 2
[21:43:51.594] STOP to_move 2 nodes_visited 297
[21:43:51.594] START to_move 1
[21:43:51.602] STOP to_move 1 nodes_visited 135
[21:43:51.602] START to_move 2
[21:43:51.620] STOP to_move 2 nodes_visited 309
[21:43:51.620] START to_move 1
[21:43:51.627] STOP to_move 1 nodes_visited 119
[21:43:51.627] START to_move 2
[21:43:51.643] STOP to_move 2 nodes_visited 276
[21:43:51.643] START to_move 1
[21:43:51.652] STOP to_move 1 nodes_visited 124
[21:43:51.652] START to_move 2
[21:43:51.672] STOP to_move 2 nodes_visited 337
[21:43:51.672] START to_move 1
[21:43:51.678] STOP to_move 1 nodes_visited 112
[21:43:51.678] START to_move 2
[21:43:51.696] STOP to_move 2 nodes_visited 294
[21:43:51.696] START to_move 1
[21:43:51.703] STOP to_move 1 nodes_visited 127
[21:43:51.703] START to_move 2
[21:43:51.721] STOP to_move 2 nodes_visited 313
[21:43:51.722] START to_move 1
[21:43:51.728] STOP to_move 1 nodes_visited 107
[21:43:51.728] START to_move 2
[21:43:51.744] STOP to_move 2 nodes_visited 280
[21:43:51.744] START to_move 1
[21:43:51.751] STOP to_move 1 nodes_visited 120
[21:43:51.751] START to_move 2
[21:43:51.771] STOP to_move 2 nodes_visited 329
[21:43:51.771] START to_move 1
[21:43:51.778] STOP to_move 1 nodes_visited 124
[21:43:51.778] START to_move 2
[21:43:51.796] STOP to_move 2 nodes_visited 294
[21:43:51.796] START to_move 1
[21:43:51.804] STOP to_move 1 nodes_visited 145
[21:43:51.804] START to_move 2
[21:43:51.816] STOP to_move 2 nodes_visited 203
[21:43:51.817] START to_move 1
[21:43:51.823] STOP to_move 1 nodes_visited 121
[21:43:51.823] START to_move 2
[21:43:51.831] STOP to_move 2 nodes_visited 138
[21:43:51.831] START to_move 1
[21:43:51.839] STOP to_move 1 nodes_visited 137
[21:43:51.839] START to_move 2
[21:43:51.859] STOP to_move 2 nodes_visited 339
[21:43:51.859] START to_move 1
[21:43:51.865] STOP to_move 1 nodes_visited 113
[21:43:51.866] START to_move 2
[21:43:51.882] STOP to_move 2 nodes_visited 276
[21:43:51.882] START to_move 1
[21:43:51.890] STOP to_move 1 nodes_visited 139
[21:43:51.890] START to_move 2
[21:43:51.906] STOP to_move 2 nodes_visited 276
[21:43:51.906] START to_move 1
[21:43:51.912] STOP to_move 1 nodes_visited 108
[21:43:51.912] START to_move 2
[21:43:51.922] STOP to_move 2 nodes_visited 154
[21:43:51.922] START to_move 1
[21:43:51.929] STOP to_move 1 nodes_visited 125
[21:43:51.929] START to_move 2
[21:43:51.938] STOP to_move 2 nodes_visited 167
[21:43:51.938] START to_move 1
[21:43:51.944] STOP to_move 1 nodes_visited 108
[21:43:51.944] START to_move 2
[21:43:51.953] STOP to_move 2 nodes_visited 154
[21:43:51.953] START to_move 1
[21:43:51.961] STOP to_move 1 nodes_visited 125
[21:43:51.962] START to_move 2
[21:43:51.975] STOP to_move 2 nodes_visited 221
[21:43:51.975] START to_move 1
[21:43:51.981] STOP to_move 1 nodes_visited 109
[21:43:51.981] START to_move 2
[21:43:51.993] STOP to_move 2 nodes_visited 209
[21:43:51.993] START to_move 1
[21:43:52.000] STOP to_move 1 nodes_visited 132
[21:43:52.000] START to_move 2
[21:43:52.008] STOP to_move 2 nodes_visited 135
[21:43:52.009] START to_move 1
[21:43:52.014] STOP to_move 1 nodes_visited 99
[21:43:52.014] START to_move 2
[21:43:52.025] STOP to_move 2 nodes_visited 178
[21:43:52.025] START to_move 1
[21:43:52.032] STOP to_move 1 nodes_visited 135
[21:43:52.032] START to_move 2
[21:43:52.040] STOP to_move 2 nodes_visited 137
[21:43:52.041] START to_move 1
[21:43:52.046] STOP to_move 1 nodes_visited 94
[21:43:52.046] START to_move 2
[21:43:52.056] STOP to_move 2 nodes_visited 166
[21:43:52.056] START to_move 1
[21:43:52.062] STOP to_move 1 nodes_visited 101
[21:43:52.062] START to_move 2
[21:43:52.076] STOP to_move 2 nodes_visited 241
[21:43:52.076] START to_move 1
[21:43:52.080] STOP to_move 1 nodes_visited 78
[21:43:52.081] START to_move 2
[21:43:52.091] STOP to_move 2 nodes_visited 186
[21:43:52.092] START to_move 1
[21:43:52.096] STOP to_move 1 nodes_visited 84
[21:43:52.096] START to_move 2
[21:43:52.109] STOP to_move 2 nodes_visited 209
[21:43:52.109] START to_move 1
[21:43:52.113] STOP to_move 1 nodes_visited 72
[21:43:52.113] START to_move 2
[21:43:52.124] STOP to_move 2 nodes_visited 186
[21:43:52.124] START to_move 1
[21:43:52.129] STOP to_move 1 nodes_visited 84
[21:43:52.129] START to_move 2
[21:43:52.141] STOP to_move 2 nodes_visited 205
[21:43:52.141] START to_move 1
[21:43:52.145] STOP to_move 1 nodes_visited 67
[21:43:52.145] START to_move 2
[21:43:52.154] STOP to_move 2 nodes_visited 136
[21:43:52.154] START to_move 1
[21:43:52.159] STOP to_move 1 nodes_visited 99
[21:43:52.159] START to_move 2
[21:43:52.171] STOP to_move 2 nodes_visited 203
[21:43:52.171] START to_move 1
[21:43:52.176] STOP to_move 1 nodes_visited 68
[21:43:52.176] START to_move 2
[21:43:52.182] STOP to_move 2 nodes_visited 101
[21:43:52.182] START to_move 1
[21:43:52.187] STOP to_move 1 nodes_visited 94
[21:43:52.187] START to_move 2
[21:43:52.194] STOP to_move 2 nodes_visited 113
[21:43:52.194] START to_move 1
[21:43:52.197] STOP to_move 1 nodes_visited 54
[21:43:52.197] START to_move 2
[21:43:52.202] STOP to_move 2 nodes_visited 93
[21:43:52.202] START to_move 1
[21:43:52.207] STOP to_move 1 nodes_visited 76
[21:43:52.207] START to_move 2
[21:43:52.213] STOP to_move 2 nodes_visited 102
[21:43:52.213] START to_move 1
[21:43:52.216] STOP to_move 1 nodes_visited 51
[21:43:52.216] START to_move 2
[21:43:52.221] STOP to_move 2 nodes_visited 93
[21:43:52.221] START to_move 1
[21:43:52.226] STOP to_move 1 nodes_visited 76
[21:43:52.226] START to_move 2
[21:43:52.239] STOP to_move 2 nodes_visited 213
[21:43:52.239] START to_move 1
[21:43:52.243] STOP to_move 1 nodes_visited 62
[21:43:52.243] START to_move 2
[21:43:52.249] STOP to_move 2 nodes_visited 103
[21:43:52.249] START to_move 1
[21:43:52.253] STOP to_move 1 nodes_visited 73
[21:43:52.253] START to_move 2
[21:43:52.263] STOP to_move 2 nodes_visited 163
[21:43:52.263] START to_move 1
[21:43:52.266] STOP to_move 1 nodes_visited 62
[21:43:52.267] START to_move 2
[21:43:52.273] STOP to_move 2 nodes_visited 101
[21:43:52.273] START to_move 1
[21:43:52.276] STOP to_move 1 nodes_visited 66
[21:43:52.277] START to_move 2
[21:43:52.286] STOP to_move 2 nodes_visited 161
[21:43:52.286] START to_move 1
[21:43:52.289] STOP to_move 1 nodes_visited 56
[21:43:52.289] START to_move 2
[21:43:52.294] STOP to_move 2 nodes_visited 80
[21:43:52.294] START to_move 1
[21:43:52.298] STOP to_move 1 nodes_visited 61
[21:43:52.298] START to_move 2
[21:43:52.305] STOP to_move 2 nodes_visited 119
[21:43:52.305] START to_move 1
[21:43:52.308] STOP to_move 1 nodes_visited 56
[21:43:52.308] START to_move 2
[21:43:52.315] STOP to_move 2 nodes_visited 97
[21:43:52.315] START to_move 1
[21:43:52.319] STOP to_move 1 nodes_visited 63
[21:43:52.319] START to_move 2
[21:43:52.326] STOP to_move 2 nodes_visited 119
[21:43:52.326] START to_move 1
[21:43:52.329] STOP to_move 1 nodes_visited 60
[21:43:52.329] START to_move 2
[21:43:52.333] STOP to_move 2 nodes_visited 71
[21:43:52.333] START to_move 1
[21:43:52.337] STOP to_move 1 nodes_visited 63
[21:43:52.337] START to_move 2
[21:43:52.347] STOP to_move 2 nodes_visited 161
[21:43:52.347] START to_move 1
[21:43:52.351] STOP to_move 1 nodes_visited 73
[21:43:52.351] START to_move 2
[21:43:52.355] STOP to_move 2 nodes_visited 69
[21:43:52.355] START to_move 1
[21:43:52.358] STOP to_move 1 nodes_visited 60
[21:43:52.358] START to_move 2
[21:43:52.368] STOP to_move 2 nodes_visited 153
[21:43:52.368] START to_move 1
[21:43:52.370] STOP to_move 1 nodes_visited 49
[21:43:52.371] START to_move 2
[21:43:52.374] STOP to_move 2 nodes_visited 62
[21:43:52.374] START to_move 1
[21:43:52.377] STOP to_move 1 nodes_visited 53
[21:43:52.377] START to_move 2
[21:43:52.381] STOP to_move 2 nodes_visited 71
[21:43:52.381] START to_move 1
[21:43:52.384] STOP to_move 1 nodes_visited 49
[21:43:52.384] START to_move 2
[21:43:52.387] STOP to_move 2 nodes_visited 57
[21:43:52.387] START to_move 1
[21:43:52.390] STOP to_move 1 nodes_visited 41
[21:43:52.390] START to_move 2
[21:43:52.394] STOP to_move 2 nodes_visited 69
[21:43:52.394] START to_move 1
[21:43:52.396] STOP to_move 1 nodes_visited 38
[21:43:52.396] START to_move 2
[21:43:52.400] STOP to_move 2 nodes_visited 61
[21:43:52.400] START to_move 1
[21:43:52.402] STOP to_move 1 nodes_visited 42
[21:43:52.403] START to_move 2
[21:43:52.410] STOP to_move 2 nodes_visited 137
[21:43:52.411] START to_move 1
[21:43:52.413] STOP to_move 1 nodes_visited 46
[21:43:52.413] START to_move 2
[21:43:52.417] STOP to_move 2 nodes_visited 60
[21:43:52.417] START to_move 1
[21:43:52.419] STOP to_move 1 nodes_visited 40
[21:43:52.419] START to_move 2
[21:43:52.426] STOP to_move 2 nodes_visited 109
[21:43:52.426] START to_move 1
[21:43:52.428] STOP to_move 1 nodes_visited 39
[21:43:52.428] START to_move 2
[21:43:52.432] STOP to_move 2 nodes_visited 73
[21:43:52.432] START to_move 1
[21:43:52.435] STOP to_move 1 nodes_visited 44
[21:43:52.435] START to_move 2
[21:43:52.443] STOP to_move 2 nodes_visited 131
[21:43:52.443] START to_move 1
[21:43:52.445] STOP to_move 1 nodes_visited 40
[21:43:52.445] START to_move 2
[21:43:52.451] STOP to_move 2 nodes_visited 106
[21:43:52.452] START to_move 1
[21:43:52.454] STOP to_move 1 nodes_visited 44
[21:43:52.454] START to_move 2
[21:43:52.463] STOP to_move 2 nodes_visited 153
[21:43:52.463] START to_move 1
[21:43:52.466] STOP to_move 1 nodes_visited 39
[21:43:52.466] START to_move 2
[21:43:52.474] STOP to_move 2 nodes_visited 134
[21:43:52.474] START to_move 1
[21:43:52.476] STOP to_move 1 nodes_visited 42
[21:43:52.476] START to_move 2
[21:43:52.484] STOP to_move 2 nodes_visited 133
[21:43:52.484] START to_move 1
[21:43:52.486] STOP to_move 1 nodes_visited 37
[21:43:52.486] START to_move 2
[21:43:52.489] STOP to_move 2 nodes_visited 52
[21:43:52.489] START to_move 1
[21:43:52.491] STOP to_move 1 nodes_visited 34
[21:43:52.491] START to_move 2
[21:43:52.495] STOP to_move 2 nodes_visited 55
[21:43:52.495] START to_move 1
[21:43:52.496] STOP to_move 1 nodes_visited 29
[21:43:52.496] START to_move 2
[21:43:52.499] STOP to_move 2 nodes_visited 47
[21:43:52.499] START to_move 1
[21:43:52.501] STOP to_move 1 nodes_visited 34
[21:43:52.501] START to_move 2
[21:43:52.505] STOP to_move 2 nodes_visited 61
[21:43:52.505] START to_move 1
[21:43:52.507] STOP to_move 1 nodes_visited 38
[21:43:52.507] START to_move 2
[21:43:52.511] STOP to_move 2 nodes_visited 65
[21:43:52.511] START to_move 1
[21:43:52.513] STOP to_move 1 nodes_visited 37
[21:43:52.513] START to_move 2
[21:43:52.517] STOP to_move 2 nodes_visited 61
[21:43:52.517] START to_move 1
[21:43:52.519] STOP to_move 1 nodes_visited 36
[21:43:52.519] START to_move 2
[21:43:52.523] STOP to_move 2 nodes_visited 63
[21:43:52.523] START to_move 1
[21:43:52.524] STOP to_move 1 nodes_visited 32
[21:43:52.525] START to_move 2
[21:43:52.531] STOP to_move 2 nodes_visited 103
[21:43:52.531] START to_move 1
[21:43:52.533] STOP to_move 1 nodes_visited 35
[21:43:52.533] START to_move 2
[21:43:52.537] STOP to_move 2 nodes_visited 62
[21:43:52.537] START to_move 1
[21:43:52.539] STOP to_move 1 nodes_visited 43
[21:43:52.539] START to_move 2
[21:43:52.545] STOP to_move 2 nodes_visited 97
[21:43:52.545] START to_move 1
[21:43:52.547] STOP to_move 1 nodes_visited 39
[21:43:52.547] START to_move 2
[21:43:52.551] STOP to_move 2 nodes_visited 61
[21:43:52.551] START to_move 1
[21:43:52.554] STOP to_move 1 nodes_visited 42
[21:43:52.554] START to_move 2
[21:43:52.556] STOP to_move 2 nodes_visited 43
[21:43:52.556] START to_move 1
[21:43:52.558] STOP to_move 1 nodes_visited 35
[21:43:52.558] START to_move 2
[21:43:52.561] STOP to_move 2 nodes_visited 40
[21:43:52.561] START to_move 1
[21:43:52.563] STOP to_move 1 nodes_visited 28
[21:43:52.563] START to_move 2
[21:43:52.566] STOP to_move 2 nodes_visited 51
[21:43:52.566] START to_move 1
[21:43:52.568] STOP to_move 1 nodes_visited 28
[21:43:52.568] START to_move 2
[21:43:52.569] STOP to_move 2 nodes_visited 20
[21:43:52.569] START to_move 1
[21:43:52.570] STOP to_move 1 nodes_visited 24
[21:43:52.570] START to_move 2
[21:43:52.572] STOP to_move 2 nodes_visited 32
[21:43:52.572] START to_move 1
[21:43:52.573] STOP to_move 1 nodes_visited 21
[21:43:52.574] START to_move 2
[21:43:52.575] STOP to_move 2 nodes_visited 21
[21:43:52.575] START to_move 1
[21:43:52.576] STOP to_move 1 nodes_visited 20
[21:43:52.576] START to_move 2
[21:43:52.578] STOP to_move 2 nodes_visited 37
[21:43:52.578] START to_move 1
[21:43:52.580] STOP to_move 1 nodes_visited 21
[21:43:52.580] START to_move 2
[21:43:52.582] STOP to_move 2 nodes_visited 44
[21:43:52.582] START to_move 1
[21:43:52.585] STOP to_move 1 nodes_visited 41
[21:43:52.585] START to_move 2
[21:43:52.586] STOP to_move 2 nodes_visited 15
[21:43:52.586] START to_move 1
[21:43:52.586] STOP to_move 1 nodes_visited 9
[21:43:52.586] START to_move 2
[21:43:52.588] STOP to_move 2 nodes_visited 24
[21:43:52.588] START to_move 1
[21:43:52.589] STOP to_move 1 nodes_visited 24
[21:43:52.589] START to_move 2
[21:43:52.592] STOP to_move 2 nodes_visited 57
[21:43:52.593] START to_move 1
[21:43:52.594] STOP to_move 1 nodes_visited 20
[21:43:52.594] START to_move 2
[21:43:52.596] STOP to_move 2 nodes_visited 43
[21:43:52.596] START to_move 1
[21:43:52.597] STOP to_move 1 nodes_visited 20
[21:43:52.598] END winner 1 - rounds 457
