[23:03:11.171] 1 - distance_function manhattan - pruning True
[23:03:11.171] 2 - distance_function euclides - pruning True
[23:03:11.172] START to_move 1
[23:03:11.248] STOP to_move 1 nodes_visited 1255
[23:03:11.248] START to_move 2
[23:03:11.432] STOP to_move 2 nodes_visited 2789
[23:03:11.434] START to_move 1
[23:03:11.487] STOP to_move 1 nodes_visited 873
[23:03:11.488] START to_move 2
[23:03:11.751] STOP to_move 2 nodes_visited 4159
[23:03:11.753] START to_move 1
[23:03:11.840] STOP to_move 1 nodes_visited 1487
[23:03:11.841] START to_move 2
[23:03:11.898] STOP to_move 2 nodes_visited 951
[23:03:11.898] START to_move 1
[23:03:11.932] STOP to_move 1 nodes_visited 559
[23:03:11.932] START to_move 2
[23:03:12.003] STOP to_move 2 nodes_visited 1171
[23:03:12.004] START to_move 1
[23:03:12.025] STOP to_move 1 nodes_visited 379
[23:03:12.025] START to_move 2
[23:03:12.173] STOP to_move 2 nodes_visited 2413
[23:03:12.175] START to_move 1
[23:03:12.235] STOP to_move 1 nodes_visited 998
[23:03:12.236] START to_move 2
[23:03:12.393] STOP to_move 2 nodes_visited 2543
[23:03:12.394] START to_move 1
[23:03:12.439] STOP to_move 1 nodes_visited 762
[23:03:12.439] START to_move 2
[23:03:12.567] STOP to_move 2 nodes_visited 2079
[23:03:12.568] START to_move 1
[23:03:12.609] STOP to_move 1 nodes_visited 693
[23:03:12.609] START to_move 2
[23:03:12.740] STOP to_move 2 nodes_visited 2118
[23:03:12.741] START to_move 1
[23:03:12.781] STOP to_move 1 nodes_visited 685
[23:03:12.782] START to_move 2
[23:03:12.906] STOP to_move 2 nodes_visited 2070
[23:03:12.907] START to_move 1
[23:03:12.928] STOP to_move 1 nodes_visited 377
[23:03:12.929] START to_move 2
[23:03:13.062] STOP to_move 2 nodes_visited 2196
[23:03:13.063] START to_move 1
[23:03:13.084] STOP to_move 1 nodes_visited 365
[23:03:13.084] START to_move 2
[23:03:13.217] STOP to_move 2 nodes_visited 2218
[23:03:13.218] START to_move 1
[23:03:13.239] STOP to_move 1 nodes_visited 382
[23:03:13.240] START to_move 2
[23:03:13.352] STOP to_move 2 nodes_visited 1855
[23:03:13.353] START to_move 1
[23:03:13.428] STOP to_move 1 nodes_visited 1309
[23:03:13.429] START to_move 2
[23:03:13.635] STOP to_move 2 nodes_visited 3359
[23:03:13.636] START to_move 1
[23:03:13.702] STOP to_move 1 nodes_visited 1153
[23:03:13.703] START to_move 2
[23:03:13.928] STOP to_move 2 nodes_visited 3664
[23:03:13.930] START to_move 1
[23:03:13.996] STOP to_move 1 nodes_visited 1156
[23:03:13.997] START to_move 2
[23:03:14.225] STOP to_move 2 nodes_visited 3763
[23:03:14.227] START to_move 1
[23:03:14.347] STOP to_move 1 nodes_visited 2027
[23:03:14.348] START to_move 2
[23:03:14.458] STOP to_move 2 nodes_visited 1827
[23:03:14.459] START to_move 1
[23:03:14.475] STOP to_move 1 nodes_visited 298
[23:03:14.476] START to_move 2
[23:03:14.702] STOP to_move 2 nodes_visited 3723
[23:03:14.705] START to_move 1
[23:03:14.722] STOP to_move 1 nodes_visited 313
[23:03:14.722] START to_move 2
[23:03:14.962] STOP to_move 2 nodes_visited 3859
[23:03:14.964] START to_move 1
[23:03:15.121] STOP to_move 1 nodes_visited 2675
[23:03:15.123] START to_move 2
[23:03:15.372] STOP to_move 2 nodes_visited 3989
[23:03:15.374] START to_move 1
[23:03:15.391] STOP to_move 1 nodes_visited 309
[23:03:15.391] START to_move 2
[23:03:15.450] STOP to_move 2 nodes_visited 982
[23:03:15.451] START to_move 1
[23:03:15.469] STOP to_move 1 nodes_visited 311
[23:03:15.469] START to_move 2
[23:03:15.672] STOP to_move 2 nodes_visited 3333
[23:03:15.674] START to_move 1
[23:03:15.701] STOP to_move 1 nodes_visited 475
[23:03:15.701] START to_move 2
[23:03:15.842] STOP to_move 2 nodes_visited 2289
[23:03:15.843] START to_move 1
[23:03:15.871] STOP to_move 1 nodes_visited 493
[23:03:15.871] START to_move 2
[23:03:16.017] STOP to_move 2 nodes_visited 2447
[23:03:16.019] START to_move 1
[23:03:16.047] STOP to_move 1 nodes_visited 497
[23:03:16.047] START to_move 2
[23:03:16.194] STOP to_move 2 nodes_visited 2422
[23:03:16.196] START to_move 1
[23:03:16.223] STOP to_move 1 nodes_visited 490
[23:03:16.223] START to_move 2
[23:03:16.373] STOP to_move 2 nodes_visited 2437
[23:03:16.374] START to_move 1
[23:03:16.402] STOP to_move 1 nodes_visited 490
[23:03:16.403] START to_move 2
[23:03:16.551] STOP to_move 2 nodes_visited 2480
[23:03:16.553] START to_move 1
[23:03:16.580] STOP to_move 1 nodes_visited 488
[23:03:16.580] START to_move 2
[23:03:16.732] STOP to_move 2 nodes_visited 2508
[23:03:16.734] START to_move 1
[23:03:16.763] STOP to_move 1 nodes_visited 517
[23:03:16.763] START to_move 2
[23:03:16.913] STOP to_move 2 nodes_visited 2449
[23:03:16.915] START to_move 1
[23:03:17.156] STOP to_move 1 nodes_visited 4052
[23:03:17.158] START to_move 2
[23:03:17.315] STOP to_move 2 nodes_visited 2587
[23:03:17.317] START to_move 1
[23:03:17.344] STOP to_move 1 nodes_visited 488
[23:03:17.344] START to_move 2
[23:03:17.514] STOP to_move 2 nodes_visited 2796
[23:03:17.516] START to_move 1
[23:03:17.689] STOP to_move 1 nodes_visited 2940
[23:03:17.691] START to_move 2
[23:03:17.834] STOP to_move 2 nodes_visited 2386
[23:03:17.836] START to_move 1
[23:03:18.004] STOP to_move 1 nodes_visited 2864
[23:03:18.006] START to_move 2
[23:03:18.148] STOP to_move 2 nodes_visited 2307
[23:03:18.149] START to_move 1
[23:03:18.310] STOP to_move 1 nodes_visited 2785
[23:03:18.312] START to_move 2
[23:03:18.451] STOP to_move 2 nodes_visited 2265
[23:03:18.452] START to_move 1
[23:03:18.613] STOP to_move 1 nodes_visited 2774
[23:03:18.616] START to_move 2
[23:03:18.754] STOP to_move 2 nodes_visited 2274
[23:03:18.756] START to_move 1
[23:03:18.868] STOP to_move 1 nodes_visited 1954
[23:03:18.869] START to_move 2
[23:03:18.972] STOP to_move 2 nodes_visited 1671
[23:03:18.973] START to_move 1
[23:03:19.086] STOP to_move 1 nodes_visited 1962
[23:03:19.087] START to_move 2
[23:03:19.191] STOP to_move 2 nodes_visited 1697
[23:03:19.192] START to_move 1
[23:03:19.218] STOP to_move 1 nodes_visited 472
[23:03:19.219] START to_move 2
[23:03:19.354] STOP to_move 2 nodes_visited 2270
[23:03:19.356] START to_move 1
[23:03:19.378] STOP to_move 1 nodes_visited 398
[23:03:19.378] START to_move 2
[23:03:19.536] STOP to_move 2 nodes_visited 2606
[23:03:19.538] START to_move 1
[23:03:19.657] STOP to_move 1 nodes_visited 1973
[23:03:19.658] START to_move 2
[23:03:19.755] STOP to_move 2 nodes_visited 1577
[23:03:19.756] START to_move 1
[23:03:19.817] STOP to_move 1 nodes_visited 1068
[23:03:19.818] START to_move 2
[23:03:19.886] STOP to_move 2 nodes_visited 1142
[23:03:19.886] START to_move 1
[23:03:19.947] STOP to_move 1 nodes_visited 1064
[23:03:19.948] START to_move 2
[23:03:20.019] STOP to_move 2 nodes_visited 1182
[23:03:20.019] START to_move 1
[23:03:20.079] STOP to_move 1 nodes_visited 1048
[23:03:20.080] START to_move 2
[23:03:20.189] STOP to_move 2 nodes_visited 1827
[23:03:20.190] START to_move 1
[23:03:20.218] STOP to_move 1 nodes_visited 464
[23:03:20.218] START to_move 2
[23:03:20.364] STOP to_move 2 nodes_visited 2438
[23:03:20.366] START to_move 1
[23:03:20.479] STOP to_move 1 nodes_visited 1927
[23:03:20.480] START to_move 2
[23:03:20.629] STOP to_move 2 nodes_visited 2492
[23:03:20.631] START to_move 1
[23:03:20.744] STOP to_move 1 nodes_visited 1927
[23:03:20.745] START to_move 2
[23:03:20.890] STOP to_move 2 nodes_visited 2410
[23:03:20.891] START to_move 1
[23:03:20.991] STOP to_move 1 nodes_visited 1714
[23:03:20.992] START to_move 2
[23:03:21.058] STOP to_move 2 nodes_visited 1098
[23:03:21.059] START to_move 1
[23:03:21.154] STOP to_move 1 nodes_visited 1667
[23:03:21.155] START to_move 2
[23:03:21.216] STOP to_move 2 nodes_visited 1036
[23:03:21.217] START to_move 1
[23:03:21.363] STOP to_move 1 nodes_visited 2506
[23:03:21.364] START to_move 2
[23:03:21.421] STOP to_move 2 nodes_visited 953
[23:03:21.421] START to_move 1
[23:03:21.577] STOP to_move 1 nodes_visited 2660
[23:03:21.578] START to_move 2
[23:03:21.635] STOP to_move 2 nodes_visited 960
[23:03:21.635] START to_move 1
[23:03:21.773] STOP to_move 1 nodes_visited 2345
[23:03:21.774] START to_move 2
[23:03:21.896] STOP to_move 2 nodes_visited 2030
[23:03:21.897] START to_move 1
[23:03:22.032] STOP to_move 1 nodes_visited 2281
[23:03:22.033] START to_move 2
[23:03:22.091] STOP to_move 2 nodes_visited 970
[23:03:22.092] START to_move 1
[23:03:22.222] STOP to_move 1 nodes_visited 2271
[23:03:22.223] START to_move 2
[23:03:22.284] STOP to_move 2 nodes_visited 990
[23:03:22.285] START to_move 1
[23:03:22.385] STOP to_move 1 nodes_visited 1758
[23:03:22.386] START to_move 2
[23:03:22.437] STOP to_move 2 nodes_visited 849
[23:03:22.437] START to_move 1
[23:03:22.537] STOP to_move 1 nodes_visited 1690
[23:03:22.538] START to_move 2
[23:03:22.584] STOP to_move 2 nodes_visited 766
[23:03:22.584] START to_move 1
[23:03:22.685] STOP to_move 1 nodes_visited 1731
[23:03:22.686] START to_move 2
[23:03:22.734] STOP to_move 2 nodes_visited 808
[23:03:22.734] START to_move 1
[23:03:22.835] STOP to_move 1 nodes_visited 1704
[23:03:22.836] START to_move 2
[23:03:22.885] STOP to_move 2 nodes_visited 827
[23:03:22.885] START to_move 1
[23:03:22.958] STOP to_move 1 nodes_visited 1275
[23:03:22.959] START to_move 2
[23:03:23.013] STOP to_move 2 nodes_visited 911
[23:03:23.014] START to_move 1
[23:03:23.037] STOP to_move 1 nodes_visited 420
[23:03:23.037] START to_move 2
[23:03:23.087] STOP to_move 2 nodes_visited 807
[23:03:23.087] START to_move 1
[23:03:23.106] STOP to_move 1 nodes_visited 343
[23:03:23.106] START to_move 2
[23:03:23.153] STOP to_move 2 nodes_visited 791
[23:03:23.154] START to_move 1
[23:03:23.173] STOP to_move 1 nodes_visited 339
[23:03:23.173] START to_move 2
[23:03:23.219] STOP to_move 2 nodes_visited 779
[23:03:23.220] START to_move 1
[23:03:23.238] STOP to_move 1 nodes_visited 333
[23:03:23.238] START to_move 2
[23:03:23.280] STOP to_move 2 nodes_visited 696
[23:03:23.280] START to_move 1
[23:03:23.301] STOP to_move 1 nodes_visited 379
[23:03:23.301] START to_move 2
[23:03:23.342] STOP to_move 2 nodes_visited 665
[23:03:23.343] START to_move 1
[23:03:23.360] STOP to_move 1 nodes_visited 303
[23:03:23.360] START to_move 2
[23:03:23.396] STOP to_move 2 nodes_visited 610
[23:03:23.396] START to_move 1
[23:03:23.414] STOP to_move 1 nodes_visited 315
[23:03:23.414] START to_move 2
[23:03:23.451] STOP to_move 2 nodes_visited 618
[23:03:23.451] START to_move 1
[23:03:23.468] STOP to_move 1 nodes_visited 305
[23:03:23.468] START to_move 2
[23:03:23.505] STOP to_move 2 nodes_visited 618
[23:03:23.505] START to_move 1
[23:03:23.522] STOP to_move 1 nodes_visited 305
[23:03:23.523] START to_move 2
[23:03:23.556] STOP to_move 2 nodes_visited 563
[23:03:23.556] START to_move 1
[23:03:23.573] STOP to_move 1 nodes_visited 303
[23:03:23.573] START to_move 2
[23:03:23.605] STOP to_move 2 nodes_visited 552
[23:03:23.606] START to_move 1
[23:03:23.643] STOP to_move 1 nodes_visited 617
[23:03:23.643] START to_move 2
[23:03:23.681] STOP to_move 2 nodes_visited 637
[23:03:23.681] START to_move 1
[23:03:23.715] STOP to_move 1 nodes_visited 577
[23:03:23.715] START to_move 2
[23:03:23.748] STOP to_move 2 nodes_visited 554
[23:03:23.749] START to_move 1
[23:03:23.783] STOP to_move 1 nodes_visited 597
[23:03:23.783] START to_move 2
[23:03:23.811] STOP to_move 2 nodes_visited 473
[23:03:23.812] START to_move 1
[23:03:23.828] STOP to_move 1 nodes_visited 292
[23:03:23.828] START to_move 2
[23:03:23.860] STOP to_move 2 nodes_visited 546
[23:03:23.860] START to_move 1
[23:03:23.877] STOP to_move 1 nodes_visited 290
[23:03:23.877] START to_move 2
[23:03:23.910] STOP to_move 2 nodes_visited 540
[23:03:23.910] START to_move 1
[23:03:23.926] STOP to_move 1 nodes_visited 282
[23:03:23.926] START to_move 2
[23:03:23.950] STOP to_move 2 nodes_visited 400
[23:03:23.950] START to_move 1
[23:03:23.980] STOP to_move 1 nodes_visited 532
[23:03:23.981] START to_move 2
[23:03:24.007] STOP to_move 2 nodes_visited 455
[23:03:24.008] START to_move 1
[23:03:24.022] STOP to_move 1 nodes_visited 254
[23:03:24.022] START to_move 2
[23:03:24.044] STOP to_move 2 nodes_visited 367
[23:03:24.044] START to_move 1
[23:03:24.054] STOP to_move 1 nodes_visited 187
[23:03:24.054] START to_move 2
[23:03:24.086] STOP to_move 2 nodes_visited 526
[23:03:24.086] START to_move 1
[23:03:24.111] STOP to_move 1 nodes_visited 425
[23:03:24.111] START to_move 2
[23:03:24.139] STOP to_move 2 nodes_visited 466
[23:03:24.139] START to_move 1
[23:03:24.149] STOP to_move 1 nodes_visited 178
[23:03:24.149] START to_move 2
[23:03:24.202] STOP to_move 2 nodes_visited 853
[23:03:24.203] START to_move 1
[23:03:24.245] STOP to_move 1 nodes_visited 736
[23:03:24.245] START to_move 2
[23:03:24.254] STOP to_move 2 nodes_visited 152
[23:03:24.254] START to_move 1
[23:03:24.269] STOP to_move 1 nodes_visited 259
[23:03:24.269] START to_move 2
[23:03:24.287] STOP to_move 2 nodes_visited 298
[23:03:24.287] START to_move 1
[23:03:24.298] STOP to_move 1 nodes_visited 207
[23:03:24.298] START to_move 2
[23:03:24.312] STOP to_move 2 nodes_visited 237
[23:03:24.312] START to_move 1
[23:03:24.323] STOP to_move 1 nodes_visited 197
[23:03:24.323] START to_move 2
[23:03:24.338] STOP to_move 2 nodes_visited 250
[23:03:24.338] START to_move 1
[23:03:24.346] STOP to_move 1 nodes_visited 145
[23:03:24.346] START to_move 2
[23:03:24.366] STOP to_move 2 nodes_visited 333
[23:03:24.367] START to_move 1
[23:03:24.374] STOP to_move 1 nodes_visited 139
[23:03:24.374] START to_move 2
[23:03:24.394] STOP to_move 2 nodes_visited 333
[23:03:24.394] START to_move 1
[23:03:24.401] STOP to_move 1 nodes_visited 139
[23:03:24.402] START to_move 2
[23:03:24.421] STOP to_move 2 nodes_visited 333
[23:03:24.422] START to_move 1
[23:03:24.437] STOP to_move 1 nodes_visited 278
[23:03:24.437] START to_move 2
[23:03:24.453] STOP to_move 2 nodes_visited 273
[23:03:24.453] START to_move 1
[23:03:24.469] STOP to_move 1 nodes_visited 278
[23:03:24.470] START to_move 2
[23:03:24.487] STOP to_move 2 nodes_visited 273
[23:03:24.487] START to_move 1
[23:03:24.503] STOP to_move 1 nodes_visited 278
[23:03:24.503] START to_move 2
[23:03:24.519] STOP to_move 2 nodes_visited 273
[23:03:24.519] START to_move 1
[23:03:24.535] STOP to_move 1 nodes_visited 278
[23:03:24.535] START to_move 2
[23:03:24.551] STOP to_move 2 nodes_visited 273
[23:03:24.551] START to_move 1
[23:03:24.567] STOP to_move 1 nodes_visited 266
[23:03:24.567] START to_move 2
[23:03:24.580] STOP to_move 2 nodes_visited 217
[23:03:24.580] START to_move 1
[23:03:24.594] STOP to_move 1 nodes_visited 252
[23:03:24.594] START to_move 2
[23:03:24.606] STOP to_move 2 nodes_visited 208
[23:03:24.606] START to_move 1
[23:03:24.620] STOP to_move 1 nodes_visited 233
[23:03:24.620] START to_move 2
[23:03:24.638] STOP to_move 2 nodes_visited 305
[23:03:24.638] START to_move 1
[23:03:24.649] STOP to_move 1 nodes_visited 203
[23:03:24.650] START to_move 2
[23:03:24.671] STOP to_move 2 nodes_visited 355
[23:03:24.671] START to_move 1
[23:03:24.678] STOP to_move 1 nodes_visited 135
[23:03:24.678] START to_move 2
[23:03:24.694] STOP to_move 2 nodes_visited 257
[23:03:24.694] START to_move 1
[23:03:24.701] STOP to_move 1 nodes_visited 120
[23:03:24.701] START to_move 2
[23:03:24.715] STOP to_move 2 nodes_visited 244
[23:03:24.715] START to_move 1
[23:03:24.723] STOP to_move 1 nodes_visited 131
[23:03:24.723] START to_move 2
[23:03:24.734] STOP to_move 2 nodes_visited 199
[23:03:24.735] START to_move 1
[23:03:24.741] STOP to_move 1 nodes_visited 113
[23:03:24.741] START to_move 2
[23:03:24.753] STOP to_move 2 nodes_visited 199
[23:03:24.753] START to_move 1
[23:03:24.759] STOP to_move 1 nodes_visited 111
[23:03:24.759] START to_move 2
[23:03:24.769] STOP to_move 2 nodes_visited 162
[23:03:24.769] START to_move 1
[23:03:24.776] STOP to_move 1 nodes_visited 111
[23:03:24.776] START to_move 2
[23:03:24.785] STOP to_move 2 nodes_visited 152
[23:03:24.785] START to_move 1
[23:03:24.791] STOP to_move 1 nodes_visited 107
[23:03:24.791] START to_move 2
[23:03:24.800] STOP to_move 2 nodes_visited 152
[23:03:24.800] START to_move 1
[23:03:24.806] STOP to_move 1 nodes_visited 109
[23:03:24.807] START to_move 2
[23:03:24.815] STOP to_move 2 nodes_visited 146
[23:03:24.815] START to_move 1
[23:03:24.821] STOP to_move 1 nodes_visited 103
[23:03:24.821] START to_move 2
[23:03:24.830] STOP to_move 2 nodes_visited 146
[23:03:24.830] START to_move 1
[23:03:24.836] STOP to_move 1 nodes_visited 105
[23:03:24.836] START to_move 2
[23:03:24.843] STOP to_move 2 nodes_visited 125
[23:03:24.843] START to_move 1
[23:03:24.849] STOP to_move 1 nodes_visited 100
[23:03:24.849] START to_move 2
[23:03:24.856] STOP to_move 2 nodes_visited 119
[23:03:24.856] START to_move 1
[23:03:24.861] STOP to_move 1 nodes_visited 94
[23:03:24.861] START to_move 2
[23:03:24.868] STOP to_move 2 nodes_visited 119
[23:03:24.868] START to_move 1
[23:03:24.874] STOP to_move 1 nodes_visited 97
[23:03:24.874] START to_move 2
[23:03:24.883] STOP to_move 2 nodes_visited 149
[23:03:24.883] START to_move 1
[23:03:24.895] STOP to_move 1 nodes_visited 215
[23:03:24.896] START to_move 2
[23:03:24.907] STOP to_move 2 nodes_visited 201
[23:03:24.907] START to_move 1
[23:03:24.916] STOP to_move 1 nodes_visited 142
[23:03:24.916] START to_move 2
[23:03:24.924] STOP to_move 2 nodes_visited 149
[23:03:24.925] START to_move 1
[23:03:24.934] STOP to_move 1 nodes_visited 162
[23:03:24.934] START to_move 2
[23:03:24.941] STOP to_move 2 nodes_visited 115
[23:03:24.941] START to_move 1
[23:03:24.951] STOP to_move 1 nodes_visited 169
[23:03:24.951] START to_move 2
[23:03:24.959] STOP to_move 2 nodes_visited 150
[23:03:24.960] START to_move 1
[23:03:24.964] STOP to_move 1 nodes_visited 79
[23:03:24.964] START to_move 2
[23:03:24.968] STOP to_move 2 nodes_visited 67
[23:03:24.968] START to_move 1
[23:03:24.971] STOP to_move 1 nodes_visited 53
[23:03:24.971] START to_move 2
[23:03:24.974] STOP to_move 2 nodes_visited 45
[23:03:24.974] START to_move 1
[23:03:24.977] STOP to_move 1 nodes_visited 53
[23:03:24.977] START to_move 2
[23:03:24.982] STOP to_move 2 nodes_visited 78
[23:03:24.982] START to_move 1
[23:03:24.986] STOP to_move 1 nodes_visited 81
[23:03:24.986] START to_move 2
[23:03:24.993] STOP to_move 2 nodes_visited 102
[23:03:24.993] START to_move 1
[23:03:24.995] STOP to_move 1 nodes_visited 51
[23:03:24.996] START to_move 2
[23:03:24.998] STOP to_move 2 nodes_visited 36
[23:03:24.998] START to_move 1
[23:03:25.002] STOP to_move 1 nodes_visited 67
[23:03:25.002] START to_move 2
[23:03:25.004] STOP to_move 2 nodes_visited 41
[23:03:25.005] START to_move 1
[23:03:25.007] STOP to_move 1 nodes_visited 52
[23:03:25.008] START to_move 2
[23:03:25.011] STOP to_move 2 nodes_visited 53
[23:03:25.011] START to_move 1
[23:03:25.013] STOP to_move 1 nodes_visited 45
[23:03:25.013] START to_move 2
[23:03:25.015] STOP to_move 2 nodes_visited 37
[23:03:25.015] END winner 2 - rounds 236
