[21:40:14.469] 1 - distance_function manhattan - pruning True
[21:40:14.469] 2 - distance_function chebyshev - pruning True
[21:40:14.469] START to_move 1
[21:40:14.517] STOP to_move 1 nodes_visited 836
[21:40:14.518] START to_move 2
[21:40:14.572] STOP to_move 2 nodes_visited 873
[21:40:14.572] START to_move 1
[21:40:14.738] STOP to_move 1 nodes_visited 2672
[21:40:14.740] START to_move 2
[21:40:14.831] STOP to_move 2 nodes_visited 1447
[21:40:14.832] START to_move 1
[21:40:14.899] STOP to_move 1 nodes_visited 1160
[21:40:14.900] START to_move 2
[21:40:14.961] STOP to_move 2 nodes_visited 945
[21:40:14.961] START to_move 1
[21:40:15.017] STOP to_move 1 nodes_visited 967
[21:40:15.017] START to_move 2
[21:40:15.078] STOP to_move 2 nodes_visited 960
[21:40:15.078] START to_move 1
[21:40:15.126] STOP to_move 1 nodes_visited 822
[21:40:15.126] START to_move 2
[21:40:15.177] STOP to_move 2 nodes_visited 817
[21:40:15.178] START to_move 1
[21:40:15.222] STOP to_move 1 nodes_visited 772
[21:40:15.222] START to_move 2
[21:40:15.284] STOP to_move 2 nodes_visited 970
[21:40:15.284] START to_move 1
[21:40:15.333] STOP to_move 1 nodes_visited 837
[21:40:15.333] START to_move 2
[21:40:15.521] STOP to_move 2 nodes_visited 2921
[21:40:15.523] START to_move 1
[21:40:15.566] STOP to_move 1 nodes_visited 757
[21:40:15.566] START to_move 2
[21:40:15.738] STOP to_move 2 nodes_visited 2737
[21:40:15.740] START to_move 1
[21:40:15.785] STOP to_move 1 nodes_visited 756
[21:40:15.785] START to_move 2
[21:40:15.963] STOP to_move 2 nodes_visited 2804
[21:40:15.965] START to_move 1
[21:40:16.008] STOP to_move 1 nodes_visited 766
[21:40:16.009] START to_move 2
[21:40:16.199] STOP to_move 2 nodes_visited 2988
[21:40:16.201] START to_move 1
[21:40:16.245] STOP to_move 1 nodes_visited 776
[21:40:16.246] START to_move 2
[21:40:16.636] STOP to_move 2 nodes_visited 5843
[21:40:16.640] START to_move 1
[21:40:16.682] STOP to_move 1 nodes_visited 746
[21:40:16.683] START to_move 2
[21:40:16.860] STOP to_move 2 nodes_visited 2768
[21:40:16.862] START to_move 1
[21:40:16.904] STOP to_move 1 nodes_visited 730
[21:40:16.904] START to_move 2
[21:40:17.078] STOP to_move 2 nodes_visited 2773
[21:40:17.079] START to_move 1
[21:40:17.124] STOP to_move 1 nodes_visited 741
[21:40:17.124] START to_move 2
[21:40:17.296] STOP to_move 2 nodes_visited 2737
[21:40:17.297] START to_move 1
[21:40:17.444] STOP to_move 1 nodes_visited 2428
[21:40:17.446] START to_move 2
[21:40:17.595] STOP to_move 2 nodes_visited 2376
[21:40:17.596] START to_move 1
[21:40:17.699] STOP to_move 1 nodes_visited 1702
[21:40:17.700] START to_move 2
[21:40:17.758] STOP to_move 2 nodes_visited 932
[21:40:17.758] START to_move 1
[21:40:17.954] STOP to_move 1 nodes_visited 3240
[21:40:17.956] START to_move 2
[21:40:18.008] STOP to_move 2 nodes_visited 824
[21:40:18.008] START to_move 1
[21:40:18.066] STOP to_move 1 nodes_visited 998
[21:40:18.067] START to_move 2
[21:40:18.117] STOP to_move 2 nodes_visited 810
[21:40:18.118] START to_move 1
[21:40:18.168] STOP to_move 1 nodes_visited 879
[21:40:18.169] START to_move 2
[21:40:18.218] STOP to_move 2 nodes_visited 770
[21:40:18.218] START to_move 1
[21:40:18.265] STOP to_move 1 nodes_visited 821
[21:40:18.266] START to_move 2
[21:40:18.394] STOP to_move 2 nodes_visited 2039
[21:40:18.395] START to_move 1
[21:40:18.573] STOP to_move 1 nodes_visited 2993
[21:40:18.575] START to_move 2
[21:40:18.705] STOP to_move 2 nodes_visited 2068
[21:40:18.707] START to_move 1
[21:40:18.881] STOP to_move 1 nodes_visited 2940
[21:40:18.882] START to_move 2
[21:40:19.012] STOP to_move 2 nodes_visited 2029
[21:40:19.013] START to_move 1
[21:40:19.089] STOP to_move 1 nodes_visited 1279
[21:40:19.090] START to_move 2
[21:40:19.127] STOP to_move 2 nodes_visited 601
[21:40:19.127] START to_move 1
[21:40:19.164] STOP to_move 1 nodes_visited 639
[21:40:19.164] START to_move 2
[21:40:19.208] STOP to_move 2 nodes_visited 695
[21:40:19.208] START to_move 1
[21:40:19.249] STOP to_move 1 nodes_visited 675
[21:40:19.249] START to_move 2
[21:40:19.295] STOP to_move 2 nodes_visited 723
[21:40:19.295] START to_move 1
[21:40:19.335] STOP to_move 1 nodes_visited 678
[21:40:19.335] START to_move 2
[21:40:19.393] STOP to_move 2 nodes_visited 933
[21:40:19.394] START to_move 1
[21:40:19.432] STOP to_move 1 nodes_visited 661
[21:40:19.432] START to_move 2
[21:40:19.489] STOP to_move 2 nodes_visited 905
[21:40:19.489] START to_move 1
[21:40:19.527] STOP to_move 1 nodes_visited 667
[21:40:19.528] START to_move 2
[21:40:19.585] STOP to_move 2 nodes_visited 886
[21:40:19.585] START to_move 1
[21:40:19.696] STOP to_move 1 nodes_visited 1885
[21:40:19.697] START to_move 2
[21:40:19.737] STOP to_move 2 nodes_visited 638
[21:40:19.737] START to_move 1
[21:40:19.770] STOP to_move 1 nodes_visited 578
[21:40:19.771] START to_move 2
[21:40:19.813] STOP to_move 2 nodes_visited 643
[21:40:19.813] START to_move 1
[21:40:19.845] STOP to_move 1 nodes_visited 559
[21:40:19.845] START to_move 2
[21:40:19.890] STOP to_move 2 nodes_visited 705
[21:40:19.890] START to_move 1
[21:40:19.963] STOP to_move 1 nodes_visited 1242
[21:40:19.963] START to_move 2
[21:40:20.015] STOP to_move 2 nodes_visited 821
[21:40:20.016] START to_move 1
[21:40:20.060] STOP to_move 1 nodes_visited 782
[21:40:20.060] START to_move 2
[21:40:20.115] STOP to_move 2 nodes_visited 845
[21:40:20.115] START to_move 1
[21:40:20.154] STOP to_move 1 nodes_visited 680
[21:40:20.155] START to_move 2
[21:40:20.210] STOP to_move 2 nodes_visited 885
[21:40:20.211] START to_move 1
[21:40:20.295] STOP to_move 1 nodes_visited 1431
[21:40:20.296] START to_move 2
[21:40:20.358] STOP to_move 2 nodes_visited 997
[21:40:20.359] START to_move 1
[21:40:20.383] STOP to_move 1 nodes_visited 413
[21:40:20.383] START to_move 2
[21:40:20.444] STOP to_move 2 nodes_visited 965
[21:40:20.444] START to_move 1
[21:40:20.516] STOP to_move 1 nodes_visited 1183
[21:40:20.516] START to_move 2
[21:40:20.572] STOP to_move 2 nodes_visited 892
[21:40:20.573] START to_move 1
[21:40:20.602] STOP to_move 1 nodes_visited 501
[21:40:20.603] START to_move 2
[21:40:20.632] STOP to_move 2 nodes_visited 471
[21:40:20.632] START to_move 1
[21:40:20.710] STOP to_move 1 nodes_visited 1264
[21:40:20.711] START to_move 2
[21:40:20.743] STOP to_move 2 nodes_visited 526
[21:40:20.744] START to_move 1
[21:40:20.830] STOP to_move 1 nodes_visited 1379
[21:40:20.831] START to_move 2
[21:40:20.884] STOP to_move 2 nodes_visited 848
[21:40:20.885] START to_move 1
[21:40:20.976] STOP to_move 1 nodes_visited 1428
[21:40:20.976] START to_move 2
[21:40:21.006] STOP to_move 2 nodes_visited 476
[21:40:21.006] START to_move 1
[21:40:21.090] STOP to_move 1 nodes_visited 1331
[21:40:21.090] START to_move 2
[21:40:21.128] STOP to_move 2 nodes_visited 607
[21:40:21.128] START to_move 1
[21:40:21.222] STOP to_move 1 nodes_visited 1449
[21:40:21.223] START to_move 2
[21:40:21.253] STOP to_move 2 nodes_visited 478
[21:40:21.253] START to_move 1
[21:40:21.288] STOP to_move 1 nodes_visited 620
[21:40:21.289] START to_move 2
[21:40:21.322] STOP to_move 2 nodes_visited 540
[21:40:21.322] START to_move 1
[21:40:21.357] STOP to_move 1 nodes_visited 612
[21:40:21.357] START to_move 2
[21:40:21.391] STOP to_move 2 nodes_visited 535
[21:40:21.391] START to_move 1
[21:40:21.426] STOP to_move 1 nodes_visited 612
[21:40:21.426] START to_move 2
[21:40:21.458] STOP to_move 2 nodes_visited 518
[21:40:21.459] START to_move 1
[21:40:21.493] STOP to_move 1 nodes_visited 598
[21:40:21.493] START to_move 2
[21:40:21.527] STOP to_move 2 nodes_visited 523
[21:40:21.527] START to_move 1
[21:40:21.561] STOP to_move 1 nodes_visited 583
[21:40:21.561] START to_move 2
[21:40:21.633] STOP to_move 2 nodes_visited 1157
[21:40:21.634] START to_move 1
[21:40:21.674] STOP to_move 1 nodes_visited 694
[21:40:21.674] START to_move 2
[21:40:21.751] STOP to_move 2 nodes_visited 1233
[21:40:21.751] START to_move 1
[21:40:21.792] STOP to_move 1 nodes_visited 691
[21:40:21.793] START to_move 2
[21:40:21.860] STOP to_move 2 nodes_visited 1070
[21:40:21.860] START to_move 1
[21:40:21.900] STOP to_move 1 nodes_visited 685
[21:40:21.900] START to_move 2
[21:40:22.009] STOP to_move 2 nodes_visited 1720
[21:40:22.009] START to_move 1
[21:40:22.037] STOP to_move 1 nodes_visited 493
[21:40:22.038] START to_move 2
[21:40:22.184] STOP to_move 2 nodes_visited 2280
[21:40:22.186] START to_move 1
[21:40:22.241] STOP to_move 1 nodes_visited 924
[21:40:22.241] START to_move 2
[21:40:22.311] STOP to_move 2 nodes_visited 1106
[21:40:22.312] START to_move 1
[21:40:22.380] STOP to_move 1 nodes_visited 1121
[21:40:22.380] START to_move 2
[21:40:22.467] STOP to_move 2 nodes_visited 1367
[21:40:22.467] START to_move 1
[21:40:22.534] STOP to_move 1 nodes_visited 1115
[21:40:22.534] START to_move 2
[21:40:22.620] STOP to_move 2 nodes_visited 1316
[21:40:22.621] START to_move 1
[21:40:22.657] STOP to_move 1 nodes_visited 612
[21:40:22.657] START to_move 2
[21:40:22.728] STOP to_move 2 nodes_visited 1119
[21:40:22.729] START to_move 1
[21:40:22.777] STOP to_move 1 nodes_visited 793
[21:40:22.777] START to_move 2
[21:40:22.848] STOP to_move 2 nodes_visited 1103
[21:40:22.848] START to_move 1
[21:40:22.908] STOP to_move 1 nodes_visited 987
[21:40:22.909] START to_move 2
[21:40:22.981] STOP to_move 2 nodes_visited 1152
[21:40:22.982] START to_move 1
[21:40:23.040] STOP to_move 1 nodes_visited 1003
[21:40:23.041] START to_move 2
[21:40:23.114] STOP to_move 2 nodes_visited 1152
[21:40:23.114] START to_move 1
[21:40:23.139] STOP to_move 1 nodes_visited 432
[21:40:23.140] START to_move 2
[21:40:23.165] STOP to_move 2 nodes_visited 409
[21:40:23.165] START to_move 1
[21:40:23.197] STOP to_move 1 nodes_visited 511
[21:40:23.197] START to_move 2
[21:40:23.236] STOP to_move 2 nodes_visited 630
[21:40:23.237] START to_move 1
[21:40:23.258] STOP to_move 1 nodes_visited 372
[21:40:23.258] START to_move 2
[21:40:23.278] STOP to_move 2 nodes_visited 336
[21:40:23.278] START to_move 1
[21:40:23.298] STOP to_move 1 nodes_visited 338
[21:40:23.298] START to_move 2
[21:40:23.323] STOP to_move 2 nodes_visited 406
[21:40:23.323] START to_move 1
[21:40:23.363] STOP to_move 1 nodes_visited 707
[21:40:23.364] START to_move 2
[21:40:23.388] STOP to_move 2 nodes_visited 400
[21:40:23.388] START to_move 1
[21:40:23.424] STOP to_move 1 nodes_visited 634
[21:40:23.425] START to_move 2
[21:40:23.449] STOP to_move 2 nodes_visited 405
[21:40:23.449] START to_move 1
[21:40:23.471] STOP to_move 1 nodes_visited 368
[21:40:23.472] START to_move 2
[21:40:23.562] STOP to_move 2 nodes_visited 1444
[21:40:23.563] START to_move 1
[21:40:23.583] STOP to_move 1 nodes_visited 361
[21:40:23.583] START to_move 2
[21:40:23.651] STOP to_move 2 nodes_visited 1048
[21:40:23.651] START to_move 1
[21:40:23.682] STOP to_move 1 nodes_visited 530
[21:40:23.682] START to_move 2
[21:40:23.752] STOP to_move 2 nodes_visited 1048
[21:40:23.752] START to_move 1
[21:40:23.770] STOP to_move 1 nodes_visited 315
[21:40:23.770] START to_move 2
[21:40:23.840] STOP to_move 2 nodes_visited 1097
[21:40:23.840] START to_move 1
[21:40:23.899] STOP to_move 1 nodes_visited 1026
[21:40:23.899] START to_move 2
[21:40:23.950] STOP to_move 2 nodes_visited 810
[21:40:23.951] START to_move 1
[21:40:23.970] STOP to_move 1 nodes_visited 344
[21:40:23.970] START to_move 2
[21:40:24.021] STOP to_move 2 nodes_visited 818
[21:40:24.021] START to_move 1
[21:40:24.041] STOP to_move 1 nodes_visited 319
[21:40:24.041] START to_move 2
[21:40:24.079] STOP to_move 2 nodes_visited 608
[21:40:24.079] START to_move 1
[21:40:24.095] STOP to_move 1 nodes_visited 289
[21:40:24.095] START to_move 2
[21:40:24.131] STOP to_move 2 nodes_visited 583
[21:40:24.132] START to_move 1
[21:40:24.148] STOP to_move 1 nodes_visited 291
[21:40:24.148] START to_move 2
[21:40:24.186] STOP to_move 2 nodes_visited 615
[21:40:24.187] START to_move 1
[21:40:24.203] STOP to_move 1 nodes_visited 290
[21:40:24.203] START to_move 2
[21:40:24.231] STOP to_move 2 nodes_visited 455
[21:40:24.231] START to_move 1
[21:40:24.245] STOP to_move 1 nodes_visited 248
[21:40:24.245] START to_move 2
[21:40:24.273] STOP to_move 2 nodes_visited 452
[21:40:24.273] START to_move 1
[21:40:24.288] STOP to_move 1 nodes_visited 273
[21:40:24.288] START to_move 2
[21:40:24.315] STOP to_move 2 nodes_visited 429
[21:40:24.315] START to_move 1
[21:40:24.329] STOP to_move 1 nodes_visited 245
[21:40:24.329] START to_move 2
[21:40:24.359] STOP to_move 2 nodes_visited 465
[21:40:24.359] START to_move 1
[21:40:24.373] STOP to_move 1 nodes_visited 249
[21:40:24.373] START to_move 2
[21:40:24.388] STOP to_move 2 nodes_visited 227
[21:40:24.388] START to_move 1
[21:40:24.402] STOP to_move 1 nodes_visited 257
[21:40:24.402] START to_move 2
[21:40:24.417] STOP to_move 2 nodes_visited 236
[21:40:24.417] START to_move 1
[21:40:24.431] STOP to_move 1 nodes_visited 263
[21:40:24.431] START to_move 2
[21:40:24.466] STOP to_move 2 nodes_visited 546
[21:40:24.466] START to_move 1
[21:40:24.480] STOP to_move 1 nodes_visited 260
[21:40:24.480] START to_move 2
[21:40:24.514] STOP to_move 2 nodes_visited 546
[21:40:24.514] START to_move 1
[21:40:24.528] STOP to_move 1 nodes_visited 245
[21:40:24.528] START to_move 2
[21:40:24.558] STOP to_move 2 nodes_visited 470
[21:40:24.558] START to_move 1
[21:40:24.572] STOP to_move 1 nodes_visited 260
[21:40:24.573] START to_move 2
[21:40:24.602] STOP to_move 2 nodes_visited 470
[21:40:24.602] START to_move 1
[21:40:24.616] STOP to_move 1 nodes_visited 252
[21:40:24.616] START to_move 2
[21:40:24.686] STOP to_move 2 nodes_visited 1073
[21:40:24.687] START to_move 1
[21:40:24.700] STOP to_move 1 nodes_visited 234
[21:40:24.700] START to_move 2
[21:40:24.729] STOP to_move 2 nodes_visited 460
[21:40:24.730] START to_move 1
[21:40:24.743] STOP to_move 1 nodes_visited 244
[21:40:24.743] START to_move 2
[21:40:24.773] STOP to_move 2 nodes_visited 488
[21:40:24.774] START to_move 1
[21:40:24.787] STOP to_move 1 nodes_visited 229
[21:40:24.787] START to_move 2
[21:40:24.817] STOP to_move 2 nodes_visited 488
[21:40:24.818] START to_move 1
[21:40:24.831] STOP to_move 1 nodes_visited 244
[21:40:24.831] START to_move 2
[21:40:24.861] STOP to_move 2 nodes_visited 488
[21:40:24.862] START to_move 1
[21:40:24.876] STOP to_move 1 nodes_visited 258
[21:40:24.876] START to_move 2
[21:40:24.938] STOP to_move 2 nodes_visited 953
[21:40:24.938] START to_move 1
[21:40:24.953] STOP to_move 1 nodes_visited 268
[21:40:24.954] START to_move 2
[21:40:24.988] STOP to_move 2 nodes_visited 540
[21:40:24.988] START to_move 1
[21:40:25.000] STOP to_move 1 nodes_visited 222
[21:40:25.001] START to_move 2
[21:40:25.045] STOP to_move 2 nodes_visited 690
[21:40:25.045] START to_move 1
[21:40:25.057] STOP to_move 1 nodes_visited 201
[21:40:25.057] START to_move 2
[21:40:25.092] STOP to_move 2 nodes_visited 561
[21:40:25.092] START to_move 1
[21:40:25.103] STOP to_move 1 nodes_visited 188
[21:40:25.103] START to_move 2
[21:40:25.121] STOP to_move 2 nodes_visited 279
[21:40:25.121] START to_move 1
[21:40:25.131] STOP to_move 1 nodes_visited 184
[21:40:25.131] START to_move 2
[21:40:25.152] STOP to_move 2 nodes_visited 335
[21:40:25.152] START to_move 1
[21:40:25.164] STOP to_move 1 nodes_visited 208
[21:40:25.164] START to_move 2
[21:40:25.188] STOP to_move 2 nodes_visited 394
[21:40:25.188] START to_move 1
[21:40:25.199] STOP to_move 1 nodes_visited 188
[21:40:25.199] START to_move 2
[21:40:25.217] STOP to_move 2 nodes_visited 281
[21:40:25.217] START to_move 1
[21:40:25.228] STOP to_move 1 nodes_visited 175
[21:40:25.228] START to_move 2
[21:40:25.237] STOP to_move 2 nodes_visited 145
[21:40:25.237] START to_move 1
[21:40:25.244] STOP to_move 1 nodes_visited 142
[21:40:25.244] START to_move 2
[21:40:25.252] STOP to_move 2 nodes_visited 128
[21:40:25.252] START to_move 1
[21:40:25.260] STOP to_move 1 nodes_visited 135
[21:40:25.260] START to_move 2
[21:40:25.269] STOP to_move 2 nodes_visited 154
[21:40:25.269] START to_move 1
[21:40:25.277] STOP to_move 1 nodes_visited 146
[21:40:25.277] START to_move 2
[21:40:25.285] STOP to_move 2 nodes_visited 127
[21:40:25.285] START to_move 1
[21:40:25.292] STOP to_move 1 nodes_visited 135
[21:40:25.292] START to_move 2
[21:40:25.300] STOP to_move 2 nodes_visited 124
[21:40:25.300] START to_move 1
[21:40:25.307] STOP to_move 1 nodes_visited 122
[21:40:25.307] START to_move 2
[21:40:25.314] STOP to_move 2 nodes_visited 122
[21:40:25.315] START to_move 1
[21:40:25.322] STOP to_move 1 nodes_visited 126
[21:40:25.322] START to_move 2
[21:40:25.329] STOP to_move 2 nodes_visited 124
[21:40:25.329] START to_move 1
[21:40:25.337] STOP to_move 1 nodes_visited 140
[21:40:25.337] START to_move 2
[21:40:25.345] STOP to_move 2 nodes_visited 134
[21:40:25.345] START to_move 1
[21:40:25.353] STOP to_move 1 nodes_visited 134
[21:40:25.353] START to_move 2
[21:40:25.361] STOP to_move 2 nodes_visited 137
[21:40:25.361] START to_move 1
[21:40:25.369] STOP to_move 1 nodes_visited 138
[21:40:25.369] START to_move 2
[21:40:25.376] STOP to_move 2 nodes_visited 122
[21:40:25.377] START to_move 1
[21:40:25.383] STOP to_move 1 nodes_visited 122
[21:40:25.383] START to_move 2
[21:40:25.392] STOP to_move 2 nodes_visited 143
[21:40:25.392] START to_move 1
[21:40:25.399] STOP to_move 1 nodes_visited 114
[21:40:25.399] START to_move 2
[21:40:25.407] STOP to_move 2 nodes_visited 131
[21:40:25.407] START to_move 1
[21:40:25.411] STOP to_move 1 nodes_visited 83
[21:40:25.412] START to_move 2
[21:40:25.416] STOP to_move 2 nodes_visited 75
[21:40:25.416] START to_move 1
[21:40:25.419] STOP to_move 1 nodes_visited 56
[21:40:25.420] START to_move 2
[21:40:25.421] STOP to_move 2 nodes_visited 30
[21:40:25.421] START to_move 1
[21:40:25.425] STOP to_move 1 nodes_visited 68
[21:40:25.426] START to_move 2
[21:40:25.428] STOP to_move 2 nodes_visited 40
[21:40:25.428] START to_move 1
[21:40:25.431] STOP to_move 1 nodes_visited 49
[21:40:25.431] START to_move 2
[21:40:25.432] STOP to_move 2 nodes_visited 28
[21:40:25.433] START to_move 1
[21:40:25.436] STOP to_move 1 nodes_visited 58
[21:40:25.436] START to_move 2
[21:40:25.439] STOP to_move 2 nodes_visited 57
[21:40:25.439] START to_move 1
[21:40:25.442] STOP to_move 1 nodes_visited 47
[21:40:25.442] START to_move 2
[21:40:25.444] STOP to_move 2 nodes_visited 27
[21:40:25.444] START to_move 1
[21:40:25.447] STOP to_move 1 nodes_visited 59
[21:40:25.447] START to_move 2
[21:40:25.450] STOP to_move 2 nodes_visited 37
[21:40:25.450] START to_move 1
[21:40:25.453] STOP to_move 1 nodes_visited 56
[21:40:25.453] START to_move 2
[21:40:25.456] STOP to_move 2 nodes_visited 48
[21:40:25.456] START to_move 1
[21:40:25.459] STOP to_move 1 nodes_visited 53
[21:40:25.459] START to_move 2
[21:40:25.460] STOP to_move 2 nodes_visited 24
[21:40:25.460] END winner 2 - rounds 236
