[22:11:31.389] 1 - distance_function manhattan - pruning True
[22:11:31.389] 2 - distance_function chebyshev - pruning True
[22:11:31.390] START to_move 1
[22:11:31.626] STOP to_move 1 nodes_visited 3830
[22:11:31.629] START to_move 2
[22:11:31.710] STOP to_move 2 nodes_visited 1291
[22:11:31.710] START to_move 1
[22:11:31.836] STOP to_move 1 nodes_visited 2141
[22:11:31.838] START to_move 2
[22:11:32.008] STOP to_move 2 nodes_visited 2680
[22:11:32.010] START to_move 1
[22:11:32.092] STOP to_move 1 nodes_visited 1431
[22:11:32.093] START to_move 2
[22:11:32.404] STOP to_move 2 nodes_visited 4752
[22:11:32.407] START to_move 1
[22:11:32.522] STOP to_move 1 nodes_visited 1981
[22:11:32.523] START to_move 2
[22:11:32.691] STOP to_move 2 nodes_visited 2631
[22:11:32.693] START to_move 1
[22:11:32.772] STOP to_move 1 nodes_visited 1369
[22:11:32.773] START to_move 2
[22:11:32.889] STOP to_move 2 nodes_visited 1877
[22:11:32.890] START to_move 1
[22:11:33.025] STOP to_move 1 nodes_visited 2301
[22:11:33.027] START to_move 2
[22:11:33.109] STOP to_move 2 nodes_visited 1311
[22:11:33.109] START to_move 1
[22:11:33.208] STOP to_move 1 nodes_visited 1664
[22:11:33.209] START to_move 2
[22:11:33.304] STOP to_move 2 nodes_visited 1544
[22:11:33.305] START to_move 1
[22:11:33.373] STOP to_move 1 nodes_visited 1207
[22:11:33.374] START to_move 2
[22:11:33.565] STOP to_move 2 nodes_visited 3058
[22:11:33.567] START to_move 1
[22:11:33.676] STOP to_move 1 nodes_visited 1919
[22:11:33.677] START to_move 2
[22:11:33.784] STOP to_move 2 nodes_visited 1701
[22:11:33.785] START to_move 1
[22:11:33.808] STOP to_move 1 nodes_visited 425
[22:11:33.809] START to_move 2
[22:11:34.070] STOP to_move 2 nodes_visited 4103
[22:11:34.072] START to_move 1
[22:11:34.095] STOP to_move 1 nodes_visited 410
[22:11:34.095] START to_move 2
[22:11:34.284] STOP to_move 2 nodes_visited 2981
[22:11:34.285] START to_move 1
[22:11:34.315] STOP to_move 1 nodes_visited 526
[22:11:34.315] START to_move 2
[22:11:34.483] STOP to_move 2 nodes_visited 2651
[22:11:34.484] START to_move 1
[22:11:34.513] STOP to_move 1 nodes_visited 532
[22:11:34.514] START to_move 2
[22:11:34.758] STOP to_move 2 nodes_visited 3839
[22:11:34.760] START to_move 1
[22:11:34.782] STOP to_move 1 nodes_visited 406
[22:11:34.783] START to_move 2
[22:11:34.815] STOP to_move 2 nodes_visited 551
[22:11:34.816] START to_move 1
[22:11:34.871] STOP to_move 1 nodes_visited 977
[22:11:34.872] START to_move 2
[22:11:34.909] STOP to_move 2 nodes_visited 610
[22:11:34.909] START to_move 1
[22:11:35.115] STOP to_move 1 nodes_visited 3537
[22:11:35.117] START to_move 2
[22:11:35.156] STOP to_move 2 nodes_visited 641
[22:11:35.156] START to_move 1
[22:11:35.179] STOP to_move 1 nodes_visited 417
[22:11:35.180] START to_move 2
[22:11:35.450] STOP to_move 2 nodes_visited 4259
[22:11:35.452] START to_move 1
[22:11:35.638] STOP to_move 1 nodes_visited 3146
[22:11:35.640] START to_move 2
[22:11:35.693] STOP to_move 2 nodes_visited 881
[22:11:35.693] START to_move 1
[22:11:35.718] STOP to_move 1 nodes_visited 438
[22:11:35.718] START to_move 2
[22:11:35.789] STOP to_move 2 nodes_visited 1169
[22:11:35.790] START to_move 1
[22:11:35.860] STOP to_move 1 nodes_visited 1209
[22:11:35.861] START to_move 2
[22:11:36.072] STOP to_move 2 nodes_visited 3338
[22:11:36.074] START to_move 1
[22:11:36.145] STOP to_move 1 nodes_visited 1250
[22:11:36.146] START to_move 2
[22:11:36.215] STOP to_move 2 nodes_visited 1118
[22:11:36.215] START to_move 1
[22:11:36.297] STOP to_move 1 nodes_visited 1440
[22:11:36.298] START to_move 2
[22:11:36.366] STOP to_move 2 nodes_visited 1077
[22:11:36.366] START to_move 1
[22:11:36.395] STOP to_move 1 nodes_visited 511
[22:11:36.395] START to_move 2
[22:11:36.429] STOP to_move 2 nodes_visited 547
[22:11:36.429] START to_move 1
[22:11:36.581] STOP to_move 1 nodes_visited 2545
[22:11:36.582] START to_move 2
[22:11:36.615] STOP to_move 2 nodes_visited 545
[22:11:36.616] START to_move 1
[22:11:36.921] STOP to_move 1 nodes_visited 5079
[22:11:36.924] START to_move 2
[22:11:36.968] STOP to_move 2 nodes_visited 729
[22:11:36.968] START to_move 1
[22:11:37.150] STOP to_move 1 nodes_visited 3036
[22:11:37.152] START to_move 2
[22:11:37.188] STOP to_move 2 nodes_visited 596
[22:11:37.188] START to_move 1
[22:11:37.374] STOP to_move 1 nodes_visited 3091
[22:11:37.375] START to_move 2
[22:11:37.627] STOP to_move 2 nodes_visited 3886
[22:11:37.629] START to_move 1
[22:11:37.794] STOP to_move 1 nodes_visited 2827
[22:11:37.796] START to_move 2
[22:11:37.830] STOP to_move 2 nodes_visited 566
[22:11:37.831] START to_move 1
[22:11:38.003] STOP to_move 1 nodes_visited 2919
[22:11:38.005] START to_move 2
[22:11:38.033] STOP to_move 2 nodes_visited 475
[22:11:38.033] START to_move 1
[22:11:38.214] STOP to_move 1 nodes_visited 3030
[22:11:38.216] START to_move 2
[22:11:38.244] STOP to_move 2 nodes_visited 475
[22:11:38.245] START to_move 1
[22:11:38.414] STOP to_move 1 nodes_visited 2828
[22:11:38.416] START to_move 2
[22:11:38.444] STOP to_move 2 nodes_visited 471
[22:11:38.444] START to_move 1
[22:11:38.620] STOP to_move 1 nodes_visited 2917
[22:11:38.622] START to_move 2
[22:11:38.650] STOP to_move 2 nodes_visited 467
[22:11:38.650] START to_move 1
[22:11:38.797] STOP to_move 1 nodes_visited 2457
[22:11:38.798] START to_move 2
[22:11:38.826] STOP to_move 2 nodes_visited 457
[22:11:38.826] START to_move 1
[22:11:38.949] STOP to_move 1 nodes_visited 2072
[22:11:38.950] START to_move 2
[22:11:39.114] STOP to_move 2 nodes_visited 2627
[22:11:39.115] START to_move 1
[22:11:39.190] STOP to_move 1 nodes_visited 1273
[22:11:39.191] START to_move 2
[22:11:39.356] STOP to_move 2 nodes_visited 2665
[22:11:39.358] START to_move 1
[22:11:39.433] STOP to_move 1 nodes_visited 1264
[22:11:39.434] START to_move 2
[22:11:39.594] STOP to_move 2 nodes_visited 2579
[22:11:39.595] START to_move 1
[22:11:39.671] STOP to_move 1 nodes_visited 1286
[22:11:39.672] START to_move 2
[22:11:39.839] STOP to_move 2 nodes_visited 2657
[22:11:39.840] START to_move 1
[22:11:39.916] STOP to_move 1 nodes_visited 1289
[22:11:39.917] START to_move 2
[22:11:40.098] STOP to_move 2 nodes_visited 2882
[22:11:40.099] START to_move 1
[22:11:40.244] STOP to_move 1 nodes_visited 2415
[22:11:40.246] START to_move 2
[22:11:40.444] STOP to_move 2 nodes_visited 3187
[22:11:40.445] START to_move 1
[22:11:40.468] STOP to_move 1 nodes_visited 397
[22:11:40.468] START to_move 2
[22:11:40.697] STOP to_move 2 nodes_visited 3655
[22:11:40.699] START to_move 1
[22:11:40.721] STOP to_move 1 nodes_visited 400
[22:11:40.722] START to_move 2
[22:11:40.952] STOP to_move 2 nodes_visited 3683
[22:11:40.954] START to_move 1
[22:11:40.988] STOP to_move 1 nodes_visited 600
[22:11:40.989] START to_move 2
[22:11:41.054] STOP to_move 2 nodes_visited 1038
[22:11:41.054] START to_move 1
[22:11:41.089] STOP to_move 1 nodes_visited 614
[22:11:41.089] START to_move 2
[22:11:41.171] STOP to_move 2 nodes_visited 1304
[22:11:41.172] START to_move 1
[22:11:41.192] STOP to_move 1 nodes_visited 362
[22:11:41.192] START to_move 2
[22:11:41.288] STOP to_move 2 nodes_visited 1525
[22:11:41.289] START to_move 1
[22:11:41.367] STOP to_move 1 nodes_visited 1304
[22:11:41.368] START to_move 2
[22:11:41.390] STOP to_move 2 nodes_visited 379
[22:11:41.391] START to_move 1
[22:11:41.539] STOP to_move 1 nodes_visited 2489
[22:11:41.540] START to_move 2
[22:11:41.823] STOP to_move 2 nodes_visited 4391
[22:11:41.826] START to_move 1
[22:11:41.917] STOP to_move 1 nodes_visited 1561
[22:11:41.918] START to_move 2
[22:11:42.052] STOP to_move 2 nodes_visited 2144
[22:11:42.053] START to_move 1
[22:11:42.075] STOP to_move 1 nodes_visited 377
[22:11:42.075] START to_move 2
[22:11:42.319] STOP to_move 2 nodes_visited 3883
[22:11:42.321] START to_move 1
[22:11:42.354] STOP to_move 1 nodes_visited 544
[22:11:42.355] START to_move 2
[22:11:42.380] STOP to_move 2 nodes_visited 420
[22:11:42.381] START to_move 1
[22:11:42.443] STOP to_move 1 nodes_visited 1099
[22:11:42.444] START to_move 2
[22:11:42.530] STOP to_move 2 nodes_visited 1389
[22:11:42.530] START to_move 1
[22:11:42.585] STOP to_move 1 nodes_visited 951
[22:11:42.585] START to_move 2
[22:11:42.633] STOP to_move 2 nodes_visited 753
[22:11:42.634] START to_move 1
[22:11:42.688] STOP to_move 1 nodes_visited 949
[22:11:42.689] START to_move 2
[22:11:42.723] STOP to_move 2 nodes_visited 569
[22:11:42.723] START to_move 1
[22:11:42.821] STOP to_move 1 nodes_visited 1718
[22:11:42.822] START to_move 2
[22:11:42.857] STOP to_move 2 nodes_visited 579
[22:11:42.857] START to_move 1
[22:11:42.883] STOP to_move 1 nodes_visited 445
[22:11:42.884] START to_move 2
[22:11:42.909] STOP to_move 2 nodes_visited 429
[22:11:42.909] START to_move 1
[22:11:42.992] STOP to_move 1 nodes_visited 1459
[22:11:42.993] START to_move 2
[22:11:43.035] STOP to_move 2 nodes_visited 694
[22:11:43.035] START to_move 1
[22:11:43.110] STOP to_move 1 nodes_visited 1300
[22:11:43.110] START to_move 2
[22:11:43.146] STOP to_move 2 nodes_visited 560
[22:11:43.146] START to_move 1
[22:11:43.220] STOP to_move 1 nodes_visited 1296
[22:11:43.221] START to_move 2
[22:11:43.249] STOP to_move 2 nodes_visited 478
[22:11:43.250] START to_move 1
[22:11:43.323] STOP to_move 1 nodes_visited 1296
[22:11:43.324] START to_move 2
[22:11:43.560] STOP to_move 2 nodes_visited 3746
[22:11:43.562] START to_move 1
[22:11:43.586] STOP to_move 1 nodes_visited 430
[22:11:43.587] START to_move 2
[22:11:43.813] STOP to_move 2 nodes_visited 3595
[22:11:43.815] START to_move 1
[22:11:43.839] STOP to_move 1 nodes_visited 423
[22:11:43.839] START to_move 2
[22:11:44.057] STOP to_move 2 nodes_visited 3445
[22:11:44.059] START to_move 1
[22:11:44.082] STOP to_move 1 nodes_visited 424
[22:11:44.083] START to_move 2
[22:11:44.297] STOP to_move 2 nodes_visited 3387
[22:11:44.299] START to_move 1
[22:11:44.322] STOP to_move 1 nodes_visited 403
[22:11:44.322] START to_move 2
[22:11:44.534] STOP to_move 2 nodes_visited 3343
[22:11:44.535] START to_move 1
[22:11:44.602] STOP to_move 1 nodes_visited 1148
[22:11:44.603] START to_move 2
[22:11:44.805] STOP to_move 2 nodes_visited 3195
[22:11:44.807] START to_move 1
[22:11:44.871] STOP to_move 1 nodes_visited 1126
[22:11:44.872] START to_move 2
[22:11:45.071] STOP to_move 2 nodes_visited 3146
[22:11:45.072] START to_move 1
[22:11:45.141] STOP to_move 1 nodes_visited 1205
[22:11:45.142] START to_move 2
[22:11:45.347] STOP to_move 2 nodes_visited 3249
[22:11:45.349] START to_move 1
[22:11:45.415] STOP to_move 1 nodes_visited 1144
[22:11:45.416] START to_move 2
[22:11:45.593] STOP to_move 2 nodes_visited 2792
[22:11:45.595] START to_move 1
[22:11:45.617] STOP to_move 1 nodes_visited 398
[22:11:45.617] START to_move 2
[22:11:45.816] STOP to_move 2 nodes_visited 3138
[22:11:45.818] START to_move 1
[22:11:45.840] STOP to_move 1 nodes_visited 406
[22:11:45.841] START to_move 2
[22:11:46.048] STOP to_move 2 nodes_visited 3337
[22:11:46.050] START to_move 1
[22:11:46.073] STOP to_move 1 nodes_visited 402
[22:11:46.074] START to_move 2
[22:11:46.271] STOP to_move 2 nodes_visited 3178
[22:11:46.273] START to_move 1
[22:11:46.295] STOP to_move 1 nodes_visited 401
[22:11:46.295] START to_move 2
[22:11:46.501] STOP to_move 2 nodes_visited 3238
[22:11:46.502] START to_move 1
[22:11:46.525] STOP to_move 1 nodes_visited 396
[22:11:46.525] START to_move 2
[22:11:46.641] STOP to_move 2 nodes_visited 1845
[22:11:46.642] START to_move 1
[22:11:46.670] STOP to_move 1 nodes_visited 493
[22:11:46.670] START to_move 2
[22:11:46.689] STOP to_move 2 nodes_visited 298
[22:11:46.689] START to_move 1
[22:11:46.717] STOP to_move 1 nodes_visited 498
[22:11:46.718] START to_move 2
[22:11:46.737] STOP to_move 2 nodes_visited 333
[22:11:46.738] START to_move 1
[22:11:46.760] STOP to_move 1 nodes_visited 387
[22:11:46.760] START to_move 2
[22:11:46.781] STOP to_move 2 nodes_visited 352
[22:11:46.781] START to_move 1
[22:11:46.802] STOP to_move 1 nodes_visited 383
[22:11:46.802] START to_move 2
[22:11:46.839] STOP to_move 2 nodes_visited 614
[22:11:46.840] START to_move 1
[22:11:46.865] STOP to_move 1 nodes_visited 457
[22:11:46.866] START to_move 2
[22:11:46.887] STOP to_move 2 nodes_visited 330
[22:11:46.887] START to_move 1
[22:11:47.038] STOP to_move 1 nodes_visited 2601
[22:11:47.039] START to_move 2
[22:11:47.065] STOP to_move 2 nodes_visited 421
[22:11:47.065] START to_move 1
[22:11:47.216] STOP to_move 1 nodes_visited 2567
[22:11:47.217] START to_move 2
[22:11:47.243] STOP to_move 2 nodes_visited 427
[22:11:47.244] START to_move 1
[22:11:47.396] STOP to_move 1 nodes_visited 2567
[22:11:47.397] START to_move 2
[22:11:47.418] STOP to_move 2 nodes_visited 342
[22:11:47.418] START to_move 1
[22:11:47.557] STOP to_move 1 nodes_visited 2382
[22:11:47.558] START to_move 2
[22:11:47.671] STOP to_move 2 nodes_visited 1764
[22:11:47.672] START to_move 1
[22:11:47.733] STOP to_move 1 nodes_visited 1063
[22:11:47.733] START to_move 2
[22:11:47.756] STOP to_move 2 nodes_visited 369
[22:11:47.756] START to_move 1
[22:11:47.827] STOP to_move 1 nodes_visited 1243
[22:11:47.828] START to_move 2
[22:11:47.855] STOP to_move 2 nodes_visited 440
[22:11:47.855] START to_move 1
[22:11:47.895] STOP to_move 1 nodes_visited 698
[22:11:47.895] START to_move 2
[22:11:47.925] STOP to_move 2 nodes_visited 464
[22:11:47.926] START to_move 1
[22:11:47.974] STOP to_move 1 nodes_visited 847
[22:11:47.974] START to_move 2
[22:11:48.003] STOP to_move 2 nodes_visited 472
[22:11:48.003] START to_move 1
[22:11:48.052] STOP to_move 1 nodes_visited 856
[22:11:48.052] START to_move 2
[22:11:48.080] STOP to_move 2 nodes_visited 472
[22:11:48.081] START to_move 1
[22:11:48.124] STOP to_move 1 nodes_visited 768
[22:11:48.125] START to_move 2
[22:11:48.151] STOP to_move 2 nodes_visited 446
[22:11:48.152] START to_move 1
[22:11:48.174] STOP to_move 1 nodes_visited 395
[22:11:48.174] START to_move 2
[22:11:48.211] STOP to_move 2 nodes_visited 565
[22:11:48.211] START to_move 1
[22:11:48.232] STOP to_move 1 nodes_visited 373
[22:11:48.232] START to_move 2
[22:11:48.268] STOP to_move 2 nodes_visited 584
[22:11:48.269] START to_move 1
[22:11:48.290] STOP to_move 1 nodes_visited 388
[22:11:48.290] START to_move 2
[22:11:48.324] STOP to_move 2 nodes_visited 556
[22:11:48.324] START to_move 1
[22:11:48.345] STOP to_move 1 nodes_visited 372
[22:11:48.345] START to_move 2
[22:11:48.379] STOP to_move 2 nodes_visited 556
[22:11:48.379] START to_move 1
[22:11:48.399] STOP to_move 1 nodes_visited 360
[22:11:48.399] START to_move 2
[22:11:48.432] STOP to_move 2 nodes_visited 533
[22:11:48.433] START to_move 1
[22:11:48.453] STOP to_move 1 nodes_visited 365
[22:11:48.453] START to_move 2
[22:11:48.487] STOP to_move 2 nodes_visited 533
[22:11:48.488] START to_move 1
[22:11:48.508] STOP to_move 1 nodes_visited 365
[22:11:48.508] START to_move 2
[22:11:48.543] STOP to_move 2 nodes_visited 568
[22:11:48.543] START to_move 1
[22:11:48.563] STOP to_move 1 nodes_visited 346
[22:11:48.563] START to_move 2
[22:11:48.599] STOP to_move 2 nodes_visited 568
[22:11:48.599] START to_move 1
[22:11:48.620] STOP to_move 1 nodes_visited 365
[22:11:48.620] START to_move 2
[22:11:48.653] STOP to_move 2 nodes_visited 540
[22:11:48.653] START to_move 1
[22:11:48.676] STOP to_move 1 nodes_visited 405
[22:11:48.676] START to_move 2
[22:11:48.713] STOP to_move 2 nodes_visited 591
[22:11:48.713] START to_move 1
[22:11:48.774] STOP to_move 1 nodes_visited 1009
[22:11:48.774] START to_move 2
[22:11:48.806] STOP to_move 2 nodes_visited 512
[22:11:48.806] START to_move 1
[22:11:48.827] STOP to_move 1 nodes_visited 371
[22:11:48.828] START to_move 2
[22:11:48.862] STOP to_move 2 nodes_visited 550
[22:11:48.862] START to_move 1
[22:11:48.882] STOP to_move 1 nodes_visited 364
[22:11:48.883] START to_move 2
[22:11:48.916] STOP to_move 2 nodes_visited 547
[22:11:48.917] START to_move 1
[22:11:48.936] STOP to_move 1 nodes_visited 339
[22:11:48.936] START to_move 2
[22:11:48.967] STOP to_move 2 nodes_visited 509
[22:11:48.968] START to_move 1
[22:11:48.986] STOP to_move 1 nodes_visited 328
[22:11:48.986] START to_move 2
[22:11:49.016] STOP to_move 2 nodes_visited 476
[22:11:49.016] START to_move 1
[22:11:49.033] STOP to_move 1 nodes_visited 309
[22:11:49.033] START to_move 2
[22:11:49.065] STOP to_move 2 nodes_visited 522
[22:11:49.066] START to_move 1
[22:11:49.083] STOP to_move 1 nodes_visited 299
[22:11:49.083] START to_move 2
[22:11:49.100] STOP to_move 2 nodes_visited 276
[22:11:49.100] START to_move 1
[22:11:49.116] STOP to_move 1 nodes_visited 290
[22:11:49.116] START to_move 2
[22:11:49.132] STOP to_move 2 nodes_visited 266
[22:11:49.132] START to_move 1
[22:11:49.193] STOP to_move 1 nodes_visited 1034
[22:11:49.194] START to_move 2
[22:11:49.214] STOP to_move 2 nodes_visited 328
[22:11:49.214] START to_move 1
[22:11:49.275] STOP to_move 1 nodes_visited 1027
[22:11:49.275] START to_move 2
[22:11:49.291] STOP to_move 2 nodes_visited 262
[22:11:49.291] START to_move 1
[22:11:49.330] STOP to_move 1 nodes_visited 665
[22:11:49.330] START to_move 2
[22:11:49.337] STOP to_move 2 nodes_visited 120
[22:11:49.337] START to_move 1
[22:11:49.384] STOP to_move 1 nodes_visited 781
[22:11:49.384] START to_move 2
[22:11:49.402] STOP to_move 2 nodes_visited 301
[22:11:49.403] START to_move 1
[22:11:49.416] STOP to_move 1 nodes_visited 233
[22:11:49.416] START to_move 2
[22:11:49.430] STOP to_move 2 nodes_visited 245
[22:11:49.430] START to_move 1
[22:11:49.444] STOP to_move 1 nodes_visited 253
[22:11:49.444] START to_move 2
[22:11:49.459] STOP to_move 2 nodes_visited 248
[22:11:49.459] START to_move 1
[22:11:49.474] STOP to_move 1 nodes_visited 255
[22:11:49.474] START to_move 2
[22:11:49.489] STOP to_move 2 nodes_visited 257
[22:11:49.489] START to_move 1
[22:11:49.505] STOP to_move 1 nodes_visited 275
[22:11:49.505] START to_move 2
[22:11:49.520] STOP to_move 2 nodes_visited 253
[22:11:49.520] START to_move 1
[22:11:49.534] STOP to_move 1 nodes_visited 255
[22:11:49.534] START to_move 2
[22:11:49.549] STOP to_move 2 nodes_visited 250
[22:11:49.549] START to_move 1
[22:11:49.564] STOP to_move 1 nodes_visited 262
[22:11:49.564] START to_move 2
[22:11:49.579] STOP to_move 2 nodes_visited 258
[22:11:49.579] START to_move 1
[22:11:49.594] STOP to_move 1 nodes_visited 267
[22:11:49.594] START to_move 2
[22:11:49.610] STOP to_move 2 nodes_visited 264
[22:11:49.610] START to_move 1
[22:11:49.625] STOP to_move 1 nodes_visited 272
[22:11:49.625] START to_move 2
[22:11:49.642] STOP to_move 2 nodes_visited 264
[22:11:49.643] START to_move 1
[22:11:49.658] STOP to_move 1 nodes_visited 272
[22:11:49.658] START to_move 2
[22:11:49.673] STOP to_move 2 nodes_visited 258
[22:11:49.673] START to_move 1
[22:11:49.688] STOP to_move 1 nodes_visited 264
[22:11:49.688] START to_move 2
[22:11:49.703] STOP to_move 2 nodes_visited 261
[22:11:49.704] START to_move 1
[22:11:49.718] STOP to_move 1 nodes_visited 264
[22:11:49.718] START to_move 2
[22:11:49.737] STOP to_move 2 nodes_visited 312
[22:11:49.737] START to_move 1
[22:11:49.754] STOP to_move 1 nodes_visited 299
[22:11:49.754] START to_move 2
[22:11:49.768] STOP to_move 2 nodes_visited 225
[22:11:49.768] START to_move 1
[22:11:49.782] STOP to_move 1 nodes_visited 246
[22:11:49.782] START to_move 2
[22:11:49.807] STOP to_move 2 nodes_visited 409
[22:11:49.807] START to_move 1
[22:11:49.823] STOP to_move 1 nodes_visited 286
[22:11:49.823] START to_move 2
[22:11:49.837] STOP to_move 2 nodes_visited 228
[22:11:49.837] START to_move 1
[22:11:49.852] STOP to_move 1 nodes_visited 263
[22:11:49.852] START to_move 2
[22:11:49.867] STOP to_move 2 nodes_visited 252
[22:11:49.867] START to_move 1
[22:11:49.882] STOP to_move 1 nodes_visited 267
[22:11:49.882] START to_move 2
[22:11:49.897] STOP to_move 2 nodes_visited 252
[22:11:49.897] START to_move 1
[22:11:49.911] STOP to_move 1 nodes_visited 264
[22:11:49.912] START to_move 2
[22:11:49.927] STOP to_move 2 nodes_visited 240
[22:11:49.927] START to_move 1
[22:11:49.940] STOP to_move 1 nodes_visited 231
[22:11:49.940] START to_move 2
[22:11:49.953] STOP to_move 2 nodes_visited 216
[22:11:49.953] START to_move 1
[22:11:49.965] STOP to_move 1 nodes_visited 223
[22:11:49.965] START to_move 2
[22:11:49.978] STOP to_move 2 nodes_visited 210
[22:11:49.978] START to_move 1
[22:11:49.990] STOP to_move 1 nodes_visited 223
[22:11:49.990] START to_move 2
[22:11:50.004] STOP to_move 2 nodes_visited 226
[22:11:50.004] START to_move 1
[22:11:50.017] STOP to_move 1 nodes_visited 222
[22:11:50.017] START to_move 2
[22:11:50.029] STOP to_move 2 nodes_visited 208
[22:11:50.030] START to_move 1
[22:11:50.042] STOP to_move 1 nodes_visited 225
[22:11:50.042] START to_move 2
[22:11:50.054] STOP to_move 2 nodes_visited 196
[22:11:50.054] START to_move 1
[22:11:50.065] STOP to_move 1 nodes_visited 198
[22:11:50.065] START to_move 2
[22:11:50.078] STOP to_move 2 nodes_visited 212
[22:11:50.078] START to_move 1
[22:11:50.089] STOP to_move 1 nodes_visited 198
[22:11:50.089] START to_move 2
[22:11:50.101] STOP to_move 2 nodes_visited 210
[22:11:50.101] START to_move 1
[22:11:50.112] STOP to_move 1 nodes_visited 194
[22:11:50.112] START to_move 2
[22:11:50.125] STOP to_move 2 nodes_visited 210
[22:11:50.125] START to_move 1
[22:11:50.136] STOP to_move 1 nodes_visited 201
[22:11:50.136] START to_move 2
[22:11:50.149] STOP to_move 2 nodes_visited 208
[22:11:50.149] START to_move 1
[22:11:50.160] STOP to_move 1 nodes_visited 200
[22:11:50.160] START to_move 2
[22:11:50.173] STOP to_move 2 nodes_visited 220
[22:11:50.173] START to_move 1
[22:11:50.184] STOP to_move 1 nodes_visited 200
[22:11:50.184] START to_move 2
[22:11:50.198] STOP to_move 2 nodes_visited 220
[22:11:50.198] START to_move 1
[22:11:50.209] STOP to_move 1 nodes_visited 202
[22:11:50.209] START to_move 2
[22:11:50.223] STOP to_move 2 nodes_visited 222
[22:11:50.223] START to_move 1
[22:11:50.236] STOP to_move 1 nodes_visited 215
[22:11:50.236] START to_move 2
[22:11:50.250] STOP to_move 2 nodes_visited 236
[22:11:50.250] START to_move 1
[22:11:50.262] STOP to_move 1 nodes_visited 214
[22:11:50.262] START to_move 2
[22:11:50.277] STOP to_move 2 nodes_visited 247
[22:11:50.277] START to_move 1
[22:11:50.289] STOP to_move 1 nodes_visited 215
[22:11:50.289] START to_move 2
[22:11:50.304] STOP to_move 2 nodes_visited 247
[22:11:50.304] START to_move 1
[22:11:50.316] STOP to_move 1 nodes_visited 226
[22:11:50.317] START to_move 2
[22:11:50.331] STOP to_move 2 nodes_visited 245
[22:11:50.331] START to_move 1
[22:11:50.343] STOP to_move 1 nodes_visited 220
[22:11:50.343] START to_move 2
[22:11:50.358] STOP to_move 2 nodes_visited 240
[22:11:50.358] START to_move 1
[22:11:50.370] STOP to_move 1 nodes_visited 211
[22:11:50.370] START to_move 2
[22:11:50.383] STOP to_move 2 nodes_visited 226
[22:11:50.383] START to_move 1
[22:11:50.395] STOP to_move 1 nodes_visited 214
[22:11:50.395] START to_move 2
[22:11:50.409] STOP to_move 2 nodes_visited 233
[22:11:50.409] START to_move 1
[22:11:50.422] STOP to_move 1 nodes_visited 218
[22:11:50.422] START to_move 2
[22:11:50.435] STOP to_move 2 nodes_visited 224
[22:11:50.435] START to_move 1
[22:11:50.448] STOP to_move 1 nodes_visited 222
[22:11:50.448] START to_move 2
[22:11:50.463] STOP to_move 2 nodes_visited 249
[22:11:50.463] START to_move 1
[22:11:50.476] STOP to_move 1 nodes_visited 241
[22:11:50.477] START to_move 2
[22:11:50.489] STOP to_move 2 nodes_visited 213
[22:11:50.489] START to_move 1
[22:11:50.501] STOP to_move 1 nodes_visited 213
[22:11:50.502] START to_move 2
[22:11:50.515] STOP to_move 2 nodes_visited 221
[22:11:50.515] START to_move 1
[22:11:50.526] STOP to_move 1 nodes_visited 208
[22:11:50.526] START to_move 2
[22:11:50.540] STOP to_move 2 nodes_visited 211
[22:11:50.540] START to_move 1
[22:11:50.552] STOP to_move 1 nodes_visited 210
[22:11:50.552] START to_move 2
[22:11:50.570] STOP to_move 2 nodes_visited 301
[22:11:50.570] START to_move 1
[22:11:50.583] STOP to_move 1 nodes_visited 232
[22:11:50.583] START to_move 2
[22:11:50.594] STOP to_move 2 nodes_visited 176
[22:11:50.594] START to_move 1
[22:11:50.604] STOP to_move 1 nodes_visited 185
[22:11:50.605] START to_move 2
[22:11:50.616] STOP to_move 2 nodes_visited 190
[22:11:50.616] START to_move 1
[22:11:50.627] STOP to_move 1 nodes_visited 195
[22:11:50.627] START to_move 2
[22:11:50.639] STOP to_move 2 nodes_visited 200
[22:11:50.639] START to_move 1
[22:11:50.650] STOP to_move 1 nodes_visited 188
[22:11:50.650] START to_move 2
[22:11:50.661] STOP to_move 2 nodes_visited 195
[22:11:50.661] START to_move 1
[22:11:50.673] STOP to_move 1 nodes_visited 197
[22:11:50.673] START to_move 2
[22:11:50.685] STOP to_move 2 nodes_visited 198
[22:11:50.685] START to_move 1
[22:11:50.695] STOP to_move 1 nodes_visited 189
[22:11:50.696] START to_move 2
[22:11:50.707] STOP to_move 2 nodes_visited 192
[22:11:50.707] START to_move 1
[22:11:50.717] STOP to_move 1 nodes_visited 183
[22:11:50.717] START to_move 2
[22:11:50.728] STOP to_move 2 nodes_visited 183
[22:11:50.728] START to_move 1
[22:11:50.738] STOP to_move 1 nodes_visited 174
[22:11:50.738] START to_move 2
[22:11:50.748] STOP to_move 2 nodes_visited 179
[22:11:50.748] START to_move 1
[22:11:50.758] STOP to_move 1 nodes_visited 171
[22:11:50.758] START to_move 2
[22:11:50.768] STOP to_move 2 nodes_visited 177
[22:11:50.768] START to_move 1
[22:11:50.779] STOP to_move 1 nodes_visited 177
[22:11:50.779] START to_move 2
[22:11:50.789] STOP to_move 2 nodes_visited 165
[22:11:50.789] START to_move 1
[22:11:50.799] STOP to_move 1 nodes_visited 177
[22:11:50.799] START to_move 2
[22:11:50.810] STOP to_move 2 nodes_visited 185
[22:11:50.810] START to_move 1
[22:11:50.820] STOP to_move 1 nodes_visited 177
[22:11:50.820] START to_move 2
[22:11:50.831] STOP to_move 2 nodes_visited 186
[22:11:50.831] START to_move 1
[22:11:50.843] STOP to_move 1 nodes_visited 183
[22:11:50.843] START to_move 2
[22:11:50.853] STOP to_move 2 nodes_visited 173
[22:11:50.853] START to_move 1
[22:11:50.863] STOP to_move 1 nodes_visited 174
[22:11:50.863] START to_move 2
[22:11:50.873] STOP to_move 2 nodes_visited 177
[22:11:50.873] START to_move 1
[22:11:50.883] STOP to_move 1 nodes_visited 178
[22:11:50.883] START to_move 2
[22:11:50.894] STOP to_move 2 nodes_visited 175
[22:11:50.894] START to_move 1
[22:11:50.904] STOP to_move 1 nodes_visited 181
[22:11:50.904] START to_move 2
[22:11:50.919] STOP to_move 2 nodes_visited 240
[22:11:50.919] START to_move 1
[22:11:50.928] STOP to_move 1 nodes_visited 166
[22:11:50.928] START to_move 2
[22:11:50.941] STOP to_move 2 nodes_visited 222
[22:11:50.942] START to_move 1
[22:11:50.952] STOP to_move 1 nodes_visited 191
[22:11:50.952] START to_move 2
[22:11:50.961] STOP to_move 2 nodes_visited 145
[22:11:50.961] START to_move 1
[22:11:50.971] STOP to_move 1 nodes_visited 164
[22:11:50.971] START to_move 2
[22:11:50.980] STOP to_move 2 nodes_visited 163
[22:11:50.980] START to_move 1
[22:11:50.989] STOP to_move 1 nodes_visited 164
[22:11:50.989] START to_move 2
[22:11:50.999] STOP to_move 2 nodes_visited 167
[22:11:51.000] START to_move 1
[22:11:51.008] STOP to_move 1 nodes_visited 149
[22:11:51.008] START to_move 2
[22:11:51.016] STOP to_move 2 nodes_visited 143
[22:11:51.016] START to_move 1
[22:11:51.025] STOP to_move 1 nodes_visited 152
[22:11:51.025] START to_move 2
[22:11:51.034] STOP to_move 2 nodes_visited 147
[22:11:51.034] START to_move 1
[22:11:51.042] STOP to_move 1 nodes_visited 158
[22:11:51.043] START to_move 2
[22:11:51.052] STOP to_move 2 nodes_visited 153
[22:11:51.052] START to_move 1
[22:11:51.061] STOP to_move 1 nodes_visited 158
[22:11:51.061] START to_move 2
[22:11:51.069] STOP to_move 2 nodes_visited 144
[22:11:51.069] START to_move 1
[22:11:51.078] STOP to_move 1 nodes_visited 151
[22:11:51.078] START to_move 2
[22:11:51.086] STOP to_move 2 nodes_visited 141
[22:11:51.086] START to_move 1
[22:11:51.093] STOP to_move 1 nodes_visited 133
[22:11:51.094] START to_move 2
[22:11:51.101] STOP to_move 2 nodes_visited 132
[22:11:51.101] START to_move 1
[22:11:51.107] STOP to_move 1 nodes_visited 108
[22:11:51.107] START to_move 2
[22:11:51.117] STOP to_move 2 nodes_visited 167
[22:11:51.118] START to_move 1
[22:11:51.124] STOP to_move 1 nodes_visited 110
[22:11:51.124] START to_move 2
[22:11:51.130] STOP to_move 2 nodes_visited 101
[22:11:51.130] START to_move 1
[22:11:51.138] STOP to_move 1 nodes_visited 143
[22:11:51.138] START to_move 2
[22:11:51.152] STOP to_move 2 nodes_visited 230
[22:11:51.152] START to_move 1
[22:11:51.161] STOP to_move 1 nodes_visited 148
[22:11:51.162] START to_move 2
[22:11:51.171] STOP to_move 2 nodes_visited 145
[22:11:51.171] START to_move 1
[22:11:51.179] STOP to_move 1 nodes_visited 156
[22:11:51.180] START to_move 2
[22:11:51.193] STOP to_move 2 nodes_visited 209
[22:11:51.193] START to_move 1
[22:11:51.201] STOP to_move 1 nodes_visited 150
[22:11:51.201] START to_move 2
[22:11:51.227] STOP to_move 2 nodes_visited 394
[22:11:51.227] START to_move 1
[22:11:51.234] STOP to_move 1 nodes_visited 121
[22:11:51.234] START to_move 2
[22:11:51.239] STOP to_move 2 nodes_visited 83
[22:11:51.239] START to_move 1
[22:11:51.247] STOP to_move 1 nodes_visited 149
[22:11:51.247] START to_move 2
[22:11:51.260] STOP to_move 2 nodes_visited 192
[22:11:51.260] START to_move 1
[22:11:51.268] STOP to_move 1 nodes_visited 142
[22:11:51.268] START to_move 2
[22:11:51.274] STOP to_move 2 nodes_visited 98
[22:11:51.274] START to_move 1
[22:11:51.277] STOP to_move 1 nodes_visited 61
[22:11:51.278] START to_move 2
[22:11:51.282] STOP to_move 2 nodes_visited 65
[22:11:51.282] START to_move 1
[22:11:51.286] STOP to_move 1 nodes_visited 85
[22:11:51.286] START to_move 2
[22:11:51.290] STOP to_move 2 nodes_visited 68
[22:11:51.290] START to_move 1
[22:11:51.293] STOP to_move 1 nodes_visited 49
[22:11:51.293] START to_move 2
[22:11:51.296] STOP to_move 2 nodes_visited 54
[22:11:51.296] START to_move 1
[22:11:51.300] STOP to_move 1 nodes_visited 60
[22:11:51.300] START to_move 2
[22:11:51.303] STOP to_move 2 nodes_visited 50
[22:11:51.303] START to_move 1
[22:11:51.305] STOP to_move 1 nodes_visited 48
[22:11:51.305] START to_move 2
[22:11:51.308] STOP to_move 2 nodes_visited 50
[22:11:51.308] START to_move 1
[22:11:51.311] STOP to_move 1 nodes_visited 48
[22:11:51.311] START to_move 2
[22:11:51.316] STOP to_move 2 nodes_visited 80
[22:11:51.316] START to_move 1
[22:11:51.320] STOP to_move 1 nodes_visited 65
[22:11:51.320] START to_move 2
[22:11:51.322] STOP to_move 2 nodes_visited 33
[22:11:51.322] START to_move 1
[22:11:51.323] STOP to_move 1 nodes_visited 31
[22:11:51.324] START to_move 2
[22:11:51.325] STOP to_move 2 nodes_visited 25
[22:11:51.325] START to_move 1
[22:11:51.326] STOP to_move 1 nodes_visited 17
[22:11:51.326] START to_move 2
[22:11:51.328] STOP to_move 2 nodes_visited 31
[22:11:51.328] START to_move 1
[22:11:51.330] STOP to_move 1 nodes_visited 36
[22:11:51.330] START to_move 2
[22:11:51.333] STOP to_move 2 nodes_visited 51
[22:11:51.333] START to_move 1
[22:11:51.335] STOP to_move 1 nodes_visited 30
[22:11:51.335] START to_move 2
[22:11:51.338] STOP to_move 2 nodes_visited 53
[22:11:51.338] START to_move 1
[22:11:51.340] STOP to_move 1 nodes_visited 28
[22:11:51.340] END winner 1 - rounds 393
