[22:48:16.648] 1 - distance_function manhattan - pruning True
[22:48:16.648] 2 - distance_function euclides - pruning True
[22:48:16.648] START to_move 1
[22:48:16.759] STOP to_move 1 nodes_visited 1862
[22:48:16.761] START to_move 2
[22:48:16.987] STOP to_move 2 nodes_visited 3531
[22:48:16.989] START to_move 1
[22:48:17.049] STOP to_move 1 nodes_visited 1049
[22:48:17.050] START to_move 2
[22:48:17.115] STOP to_move 2 nodes_visited 1057
[22:48:17.115] START to_move 1
[22:48:17.261] STOP to_move 1 nodes_visited 2513
[22:48:17.263] START to_move 2
[22:48:17.401] STOP to_move 2 nodes_visited 2247
[22:48:17.403] START to_move 1
[22:48:17.504] STOP to_move 1 nodes_visited 1769
[22:48:17.505] START to_move 2
[22:48:17.598] STOP to_move 2 nodes_visited 1540
[22:48:17.598] START to_move 1
[22:48:17.664] STOP to_move 1 nodes_visited 1114
[22:48:17.664] START to_move 2
[22:48:17.796] STOP to_move 2 nodes_visited 2154
[22:48:17.797] START to_move 1
[22:48:17.837] STOP to_move 1 nodes_visited 716
[22:48:17.837] START to_move 2
[22:48:17.880] STOP to_move 2 nodes_visited 716
[22:48:17.881] START to_move 1
[22:48:17.895] STOP to_move 1 nodes_visited 246
[22:48:17.896] START to_move 2
[22:48:17.994] STOP to_move 2 nodes_visited 1610
[22:48:17.995] START to_move 1
[22:48:18.012] STOP to_move 1 nodes_visited 320
[22:48:18.013] START to_move 2
[22:48:18.102] STOP to_move 2 nodes_visited 1483
[22:48:18.103] START to_move 1
[22:48:18.119] STOP to_move 1 nodes_visited 295
[22:48:18.120] START to_move 2
[22:48:18.237] STOP to_move 2 nodes_visited 1918
[22:48:18.239] START to_move 1
[22:48:18.255] STOP to_move 1 nodes_visited 291
[22:48:18.255] START to_move 2
[22:48:18.388] STOP to_move 2 nodes_visited 2184
[22:48:18.389] START to_move 1
[22:48:18.405] STOP to_move 1 nodes_visited 285
[22:48:18.405] START to_move 2
[22:48:18.537] STOP to_move 2 nodes_visited 2147
[22:48:18.538] START to_move 1
[22:48:18.553] STOP to_move 1 nodes_visited 285
[22:48:18.554] START to_move 2
[22:48:18.688] STOP to_move 2 nodes_visited 2145
[22:48:18.689] START to_move 1
[22:48:18.704] STOP to_move 1 nodes_visited 281
[22:48:18.704] START to_move 2
[22:48:18.839] STOP to_move 2 nodes_visited 2223
[22:48:18.840] START to_move 1
[22:48:18.862] STOP to_move 1 nodes_visited 394
[22:48:18.862] START to_move 2
[22:48:19.000] STOP to_move 2 nodes_visited 2241
[22:48:19.001] START to_move 1
[22:48:19.018] STOP to_move 1 nodes_visited 287
[22:48:19.018] START to_move 2
[22:48:19.227] STOP to_move 2 nodes_visited 3334
[22:48:19.229] START to_move 1
[22:48:19.245] STOP to_move 1 nodes_visited 283
[22:48:19.245] START to_move 2
[22:48:19.371] STOP to_move 2 nodes_visited 2073
[22:48:19.372] START to_move 1
[22:48:19.387] STOP to_move 1 nodes_visited 276
[22:48:19.387] START to_move 2
[22:48:19.523] STOP to_move 2 nodes_visited 2198
[22:48:19.524] START to_move 1
[22:48:19.539] STOP to_move 1 nodes_visited 275
[22:48:19.540] START to_move 2
[22:48:19.660] STOP to_move 2 nodes_visited 1989
[22:48:19.661] START to_move 1
[22:48:19.789] STOP to_move 1 nodes_visited 2174
[22:48:19.790] START to_move 2
[22:48:19.899] STOP to_move 2 nodes_visited 1801
[22:48:19.900] START to_move 1
[22:48:20.024] STOP to_move 1 nodes_visited 2110
[22:48:20.025] START to_move 2
[22:48:20.137] STOP to_move 2 nodes_visited 1858
[22:48:20.138] START to_move 1
[22:48:20.262] STOP to_move 1 nodes_visited 2105
[22:48:20.264] START to_move 2
[22:48:20.375] STOP to_move 2 nodes_visited 1846
[22:48:20.376] START to_move 1
[22:48:20.494] STOP to_move 1 nodes_visited 2055
[22:48:20.495] START to_move 2
[22:48:20.610] STOP to_move 2 nodes_visited 1900
[22:48:20.612] START to_move 1
[22:48:20.729] STOP to_move 1 nodes_visited 2043
[22:48:20.730] START to_move 2
[22:48:20.846] STOP to_move 2 nodes_visited 1895
[22:48:20.847] START to_move 1
[22:48:20.967] STOP to_move 1 nodes_visited 2095
[22:48:20.969] START to_move 2
[22:48:21.060] STOP to_move 2 nodes_visited 1449
[22:48:21.061] START to_move 1
[22:48:21.078] STOP to_move 1 nodes_visited 308
[22:48:21.078] START to_move 2
[22:48:21.163] STOP to_move 2 nodes_visited 1412
[22:48:21.164] START to_move 1
[22:48:21.181] STOP to_move 1 nodes_visited 300
[22:48:21.181] START to_move 2
[22:48:21.260] STOP to_move 2 nodes_visited 1313
[22:48:21.260] START to_move 1
[22:48:21.277] STOP to_move 1 nodes_visited 294
[22:48:21.278] START to_move 2
[22:48:21.357] STOP to_move 2 nodes_visited 1303
[22:48:21.358] START to_move 1
[22:48:21.374] STOP to_move 1 nodes_visited 297
[22:48:21.375] START to_move 2
[22:48:21.418] STOP to_move 2 nodes_visited 718
[22:48:21.418] START to_move 1
[22:48:21.435] STOP to_move 1 nodes_visited 293
[22:48:21.435] START to_move 2
[22:48:21.503] STOP to_move 2 nodes_visited 1131
[22:48:21.503] START to_move 1
[22:48:21.520] STOP to_move 1 nodes_visited 297
[22:48:21.520] START to_move 2
[22:48:21.592] STOP to_move 2 nodes_visited 1182
[22:48:21.593] START to_move 1
[22:48:21.610] STOP to_move 1 nodes_visited 300
[22:48:21.610] START to_move 2
[22:48:21.662] STOP to_move 2 nodes_visited 862
[22:48:21.662] START to_move 1
[22:48:21.680] STOP to_move 1 nodes_visited 301
[22:48:21.680] START to_move 2
[22:48:21.730] STOP to_move 2 nodes_visited 853
[22:48:21.731] START to_move 1
[22:48:21.900] STOP to_move 1 nodes_visited 2874
[22:48:21.901] START to_move 2
[22:48:21.942] STOP to_move 2 nodes_visited 683
[22:48:21.943] START to_move 1
[22:48:22.108] STOP to_move 1 nodes_visited 2831
[22:48:22.110] START to_move 2
[22:48:22.150] STOP to_move 2 nodes_visited 677
[22:48:22.151] START to_move 1
[22:48:22.304] STOP to_move 1 nodes_visited 2653
[22:48:22.305] START to_move 2
[22:48:22.349] STOP to_move 2 nodes_visited 698
[22:48:22.349] START to_move 1
[22:48:22.490] STOP to_move 1 nodes_visited 2433
[22:48:22.491] START to_move 2
[22:48:22.526] STOP to_move 2 nodes_visited 587
[22:48:22.526] START to_move 1
[22:48:22.659] STOP to_move 1 nodes_visited 2278
[22:48:22.661] START to_move 2
[22:48:22.695] STOP to_move 2 nodes_visited 575
[22:48:22.695] START to_move 1
[22:48:22.826] STOP to_move 1 nodes_visited 2271
[22:48:22.828] START to_move 2
[22:48:22.864] STOP to_move 2 nodes_visited 591
[22:48:22.865] START to_move 1
[22:48:23.003] STOP to_move 1 nodes_visited 2417
[22:48:23.004] START to_move 2
[22:48:23.038] STOP to_move 2 nodes_visited 573
[22:48:23.039] START to_move 1
[22:48:23.161] STOP to_move 1 nodes_visited 2091
[22:48:23.163] START to_move 2
[22:48:23.200] STOP to_move 2 nodes_visited 628
[22:48:23.200] START to_move 1
[22:48:23.325] STOP to_move 1 nodes_visited 2129
[22:48:23.326] START to_move 2
[22:48:23.366] STOP to_move 2 nodes_visited 635
[22:48:23.366] START to_move 1
[22:48:23.491] STOP to_move 1 nodes_visited 2136
[22:48:23.492] START to_move 2
[22:48:23.525] STOP to_move 2 nodes_visited 554
[22:48:23.525] START to_move 1
[22:48:23.541] STOP to_move 1 nodes_visited 280
[22:48:23.541] START to_move 2
[22:48:23.648] STOP to_move 2 nodes_visited 1751
[22:48:23.649] START to_move 1
[22:48:23.665] STOP to_move 1 nodes_visited 288
[22:48:23.665] START to_move 2
[22:48:23.787] STOP to_move 2 nodes_visited 2014
[22:48:23.788] START to_move 1
[22:48:23.838] STOP to_move 1 nodes_visited 877
[22:48:23.838] START to_move 2
[22:48:23.892] STOP to_move 2 nodes_visited 879
[22:48:23.893] START to_move 1
[22:48:23.908] STOP to_move 1 nodes_visited 288
[22:48:23.909] START to_move 2
[22:48:24.117] STOP to_move 2 nodes_visited 3406
[22:48:24.119] START to_move 1
[22:48:24.200] STOP to_move 1 nodes_visited 1377
[22:48:24.201] START to_move 2
[22:48:24.392] STOP to_move 2 nodes_visited 3099
[22:48:24.393] START to_move 1
[22:48:24.460] STOP to_move 1 nodes_visited 1175
[22:48:24.461] START to_move 2
[22:48:24.616] STOP to_move 2 nodes_visited 2560
[22:48:24.618] START to_move 1
[22:48:24.649] STOP to_move 1 nodes_visited 529
[22:48:24.650] START to_move 2
[22:48:24.725] STOP to_move 2 nodes_visited 1244
[22:48:24.726] START to_move 1
[22:48:24.740] STOP to_move 1 nodes_visited 274
[22:48:24.741] START to_move 2
[22:48:24.920] STOP to_move 2 nodes_visited 2862
[22:48:24.921] START to_move 1
[22:48:24.936] STOP to_move 1 nodes_visited 270
[22:48:24.936] START to_move 2
[22:48:25.106] STOP to_move 2 nodes_visited 2829
[22:48:25.108] START to_move 1
[22:48:25.123] STOP to_move 1 nodes_visited 271
[22:48:25.123] START to_move 2
[22:48:25.305] STOP to_move 2 nodes_visited 2967
[22:48:25.307] START to_move 1
[22:48:25.322] STOP to_move 1 nodes_visited 271
[22:48:25.322] START to_move 2
[22:48:25.383] STOP to_move 2 nodes_visited 993
[22:48:25.383] START to_move 1
[22:48:25.429] STOP to_move 1 nodes_visited 808
[22:48:25.430] START to_move 2
[22:48:25.452] STOP to_move 2 nodes_visited 352
[22:48:25.452] START to_move 1
[22:48:25.498] STOP to_move 1 nodes_visited 784
[22:48:25.499] START to_move 2
[22:48:25.518] STOP to_move 2 nodes_visited 316
[22:48:25.518] START to_move 1
[22:48:25.566] STOP to_move 1 nodes_visited 840
[22:48:25.566] START to_move 2
[22:48:25.603] STOP to_move 2 nodes_visited 603
[22:48:25.604] START to_move 1
[22:48:25.644] STOP to_move 1 nodes_visited 700
[22:48:25.644] START to_move 2
[22:48:25.678] STOP to_move 2 nodes_visited 555
[22:48:25.678] START to_move 1
[22:48:25.717] STOP to_move 1 nodes_visited 671
[22:48:25.717] START to_move 2
[22:48:25.770] STOP to_move 2 nodes_visited 841
[22:48:25.770] START to_move 1
[22:48:25.808] STOP to_move 1 nodes_visited 665
[22:48:25.808] START to_move 2
[22:48:25.852] STOP to_move 2 nodes_visited 730
[22:48:25.853] START to_move 1
[22:48:25.890] STOP to_move 1 nodes_visited 661
[22:48:25.891] START to_move 2
[22:48:25.934] STOP to_move 2 nodes_visited 726
[22:48:25.934] START to_move 1
[22:48:25.973] STOP to_move 1 nodes_visited 678
[22:48:25.973] START to_move 2
[22:48:26.023] STOP to_move 2 nodes_visited 788
[22:48:26.023] START to_move 1
[22:48:26.035] STOP to_move 1 nodes_visited 224
[22:48:26.036] START to_move 2
[22:48:26.075] STOP to_move 2 nodes_visited 656
[22:48:26.075] START to_move 1
[22:48:26.088] STOP to_move 1 nodes_visited 223
[22:48:26.088] START to_move 2
[22:48:26.117] STOP to_move 2 nodes_visited 486
[22:48:26.117] START to_move 1
[22:48:26.129] STOP to_move 1 nodes_visited 220
[22:48:26.129] START to_move 2
[22:48:26.151] STOP to_move 2 nodes_visited 376
[22:48:26.152] START to_move 1
[22:48:26.177] STOP to_move 1 nodes_visited 444
[22:48:26.177] START to_move 2
[22:48:26.200] STOP to_move 2 nodes_visited 385
[22:48:26.200] START to_move 1
[22:48:26.231] STOP to_move 1 nodes_visited 516
[22:48:26.231] START to_move 2
[22:48:26.266] STOP to_move 2 nodes_visited 579
[22:48:26.266] START to_move 1
[22:48:26.279] STOP to_move 1 nodes_visited 225
[22:48:26.279] START to_move 2
[22:48:26.283] STOP to_move 2 nodes_visited 73
[22:48:26.283] START to_move 1
[22:48:26.295] STOP to_move 1 nodes_visited 198
[22:48:26.295] START to_move 2
[22:48:26.299] STOP to_move 2 nodes_visited 78
[22:48:26.299] START to_move 1
[22:48:26.311] STOP to_move 1 nodes_visited 221
[22:48:26.311] START to_move 2
[22:48:26.316] STOP to_move 2 nodes_visited 85
[22:48:26.316] START to_move 1
[22:48:26.328] STOP to_move 1 nodes_visited 221
[22:48:26.328] START to_move 2
[22:48:26.333] STOP to_move 2 nodes_visited 85
[22:48:26.333] START to_move 1
[22:48:26.348] STOP to_move 1 nodes_visited 267
[22:48:26.348] START to_move 2
[22:48:26.353] STOP to_move 2 nodes_visited 100
[22:48:26.353] START to_move 1
[22:48:26.366] STOP to_move 1 nodes_visited 237
[22:48:26.367] START to_move 2
[22:48:26.376] STOP to_move 2 nodes_visited 164
[22:48:26.376] START to_move 1
[22:48:26.391] STOP to_move 1 nodes_visited 270
[22:48:26.391] START to_move 2
[22:48:26.414] STOP to_move 2 nodes_visited 392
[22:48:26.414] START to_move 1
[22:48:26.424] STOP to_move 1 nodes_visited 171
[22:48:26.424] START to_move 2
[22:48:26.449] STOP to_move 2 nodes_visited 430
[22:48:26.449] START to_move 1
[22:48:26.458] STOP to_move 1 nodes_visited 171
[22:48:26.459] START to_move 2
[22:48:26.484] STOP to_move 2 nodes_visited 425
[22:48:26.484] START to_move 1
[22:48:26.493] STOP to_move 1 nodes_visited 160
[22:48:26.493] START to_move 2
[22:48:26.514] STOP to_move 2 nodes_visited 348
[22:48:26.514] START to_move 1
[22:48:26.522] STOP to_move 1 nodes_visited 159
[22:48:26.523] START to_move 2
[22:48:26.543] STOP to_move 2 nodes_visited 349
[22:48:26.543] START to_move 1
[22:48:26.552] STOP to_move 1 nodes_visited 155
[22:48:26.552] START to_move 2
[22:48:26.573] STOP to_move 2 nodes_visited 349
[22:48:26.573] START to_move 1
[22:48:26.583] STOP to_move 1 nodes_visited 152
[22:48:26.583] START to_move 2
[22:48:26.614] STOP to_move 2 nodes_visited 519
[22:48:26.615] START to_move 1
[22:48:26.623] STOP to_move 1 nodes_visited 154
[22:48:26.623] START to_move 2
[22:48:26.654] STOP to_move 2 nodes_visited 510
[22:48:26.654] START to_move 1
[22:48:26.663] STOP to_move 1 nodes_visited 148
[22:48:26.663] START to_move 2
[22:48:26.693] STOP to_move 2 nodes_visited 510
[22:48:26.694] START to_move 1
[22:48:26.703] STOP to_move 1 nodes_visited 160
[22:48:26.703] START to_move 2
[22:48:26.706] STOP to_move 2 nodes_visited 54
[22:48:26.706] START to_move 1
[22:48:26.732] STOP to_move 1 nodes_visited 470
[22:48:26.733] START to_move 2
[22:48:26.740] STOP to_move 2 nodes_visited 131
[22:48:26.740] START to_move 1
[22:48:26.748] STOP to_move 1 nodes_visited 129
[22:48:26.748] START to_move 2
[22:48:26.767] STOP to_move 2 nodes_visited 322
[22:48:26.768] START to_move 1
[22:48:26.774] STOP to_move 1 nodes_visited 115
[22:48:26.774] START to_move 2
[22:48:26.789] STOP to_move 2 nodes_visited 245
[22:48:26.789] START to_move 1
[22:48:26.795] STOP to_move 1 nodes_visited 112
[22:48:26.795] START to_move 2
[22:48:26.803] STOP to_move 2 nodes_visited 137
[22:48:26.803] START to_move 1
[22:48:26.809] STOP to_move 1 nodes_visited 101
[22:48:26.809] START to_move 2
[22:48:26.816] STOP to_move 2 nodes_visited 125
[22:48:26.816] START to_move 1
[22:48:26.822] STOP to_move 1 nodes_visited 100
[22:48:26.822] START to_move 2
[22:48:26.830] STOP to_move 2 nodes_visited 129
[22:48:26.830] START to_move 1
[22:48:26.835] STOP to_move 1 nodes_visited 100
[22:48:26.835] START to_move 2
[22:48:26.843] STOP to_move 2 nodes_visited 129
[22:48:26.843] START to_move 1
[22:48:26.848] STOP to_move 1 nodes_visited 100
[22:48:26.848] START to_move 2
[22:48:26.856] STOP to_move 2 nodes_visited 129
[22:48:26.856] START to_move 1
[22:48:26.861] STOP to_move 1 nodes_visited 100
[22:48:26.861] START to_move 2
[22:48:26.869] STOP to_move 2 nodes_visited 125
[22:48:26.869] START to_move 1
[22:48:26.873] STOP to_move 1 nodes_visited 85
[22:48:26.874] START to_move 2
[22:48:26.888] STOP to_move 2 nodes_visited 227
[22:48:26.888] START to_move 1
[22:48:26.893] STOP to_move 1 nodes_visited 79
[22:48:26.893] START to_move 2
[22:48:26.904] STOP to_move 2 nodes_visited 181
[22:48:26.904] START to_move 1
[22:48:26.913] STOP to_move 1 nodes_visited 151
[22:48:26.913] START to_move 2
[22:48:26.924] STOP to_move 2 nodes_visited 193
[22:48:26.924] START to_move 1
[22:48:26.931] STOP to_move 1 nodes_visited 113
[22:48:26.931] START to_move 2
[22:48:26.937] STOP to_move 2 nodes_visited 111
[22:48:26.937] START to_move 1
[22:48:26.945] STOP to_move 1 nodes_visited 129
[22:48:26.945] START to_move 2
[22:48:26.953] STOP to_move 2 nodes_visited 147
[22:48:26.953] START to_move 1
[22:48:26.958] STOP to_move 1 nodes_visited 89
[22:48:26.959] START to_move 2
[22:48:26.967] STOP to_move 2 nodes_visited 133
[22:48:26.967] START to_move 1
[22:48:26.973] STOP to_move 1 nodes_visited 111
[22:48:26.973] START to_move 2
[22:48:26.981] STOP to_move 2 nodes_visited 137
[22:48:26.981] START to_move 1
[22:48:26.987] STOP to_move 1 nodes_visited 96
[22:48:26.987] START to_move 2
[22:48:26.994] STOP to_move 2 nodes_visited 115
[22:48:26.994] START to_move 1
[22:48:27.000] STOP to_move 1 nodes_visited 101
[22:48:27.000] START to_move 2
[22:48:27.012] STOP to_move 2 nodes_visited 190
[22:48:27.012] START to_move 1
[22:48:27.016] STOP to_move 1 nodes_visited 73
[22:48:27.016] START to_move 2
[22:48:27.023] STOP to_move 2 nodes_visited 111
[22:48:27.023] START to_move 1
[22:48:27.027] STOP to_move 1 nodes_visited 71
[22:48:27.027] START to_move 2
[22:48:27.037] STOP to_move 2 nodes_visited 178
[22:48:27.038] START to_move 1
[22:48:27.041] STOP to_move 1 nodes_visited 69
[22:48:27.042] START to_move 2
[22:48:27.049] STOP to_move 2 nodes_visited 125
[22:48:27.049] START to_move 1
[22:48:27.055] STOP to_move 1 nodes_visited 99
[22:48:27.055] START to_move 2
[22:48:27.069] STOP to_move 2 nodes_visited 237
[22:48:27.069] START to_move 1
[22:48:27.074] STOP to_move 1 nodes_visited 85
[22:48:27.074] START to_move 2
[22:48:27.091] STOP to_move 2 nodes_visited 286
[22:48:27.091] START to_move 1
[22:48:27.096] STOP to_move 1 nodes_visited 77
[22:48:27.096] START to_move 2
[22:48:27.124] STOP to_move 2 nodes_visited 447
[22:48:27.124] START to_move 1
[22:48:27.128] STOP to_move 1 nodes_visited 71
[22:48:27.129] START to_move 2
[22:48:27.140] STOP to_move 2 nodes_visited 201
[22:48:27.140] START to_move 1
[22:48:27.144] STOP to_move 1 nodes_visited 65
[22:48:27.144] START to_move 2
[22:48:27.154] STOP to_move 2 nodes_visited 173
[22:48:27.154] START to_move 1
[22:48:27.158] STOP to_move 1 nodes_visited 57
[22:48:27.158] START to_move 2
[22:48:27.165] STOP to_move 2 nodes_visited 119
[22:48:27.165] START to_move 1
[22:48:27.168] STOP to_move 1 nodes_visited 50
[22:48:27.168] START to_move 2
[22:48:27.178] STOP to_move 2 nodes_visited 167
[22:48:27.178] START to_move 1
[22:48:27.181] STOP to_move 1 nodes_visited 46
[22:48:27.181] START to_move 2
[22:48:27.191] STOP to_move 2 nodes_visited 165
[22:48:27.191] START to_move 1
[22:48:27.193] STOP to_move 1 nodes_visited 48
[22:48:27.194] START to_move 2
[22:48:27.203] STOP to_move 2 nodes_visited 167
[22:48:27.203] START to_move 1
[22:48:27.206] STOP to_move 1 nodes_visited 48
[22:48:27.206] START to_move 2
[22:48:27.215] STOP to_move 2 nodes_visited 119
[22:48:27.215] START to_move 1
[22:48:27.218] STOP to_move 1 nodes_visited 51
[22:48:27.218] START to_move 2
[22:48:27.227] STOP to_move 2 nodes_visited 165
[22:48:27.228] START to_move 1
[22:48:27.231] STOP to_move 1 nodes_visited 53
[22:48:27.231] START to_move 2
[22:48:27.241] STOP to_move 2 nodes_visited 170
[22:48:27.241] START to_move 1
[22:48:27.245] STOP to_move 1 nodes_visited 78
[22:48:27.245] START to_move 2
[22:48:27.253] STOP to_move 2 nodes_visited 122
[22:48:27.253] START to_move 1
[22:48:27.256] STOP to_move 1 nodes_visited 51
[22:48:27.256] START to_move 2
[22:48:27.265] STOP to_move 2 nodes_visited 151
[22:48:27.265] START to_move 1
[22:48:27.270] STOP to_move 1 nodes_visited 95
[22:48:27.270] START to_move 2
[22:48:27.277] STOP to_move 2 nodes_visited 109
[22:48:27.277] START to_move 1
[22:48:27.280] STOP to_move 1 nodes_visited 51
[22:48:27.280] START to_move 2
[22:48:27.287] STOP to_move 2 nodes_visited 114
[22:48:27.287] START to_move 1
[22:48:27.290] STOP to_move 1 nodes_visited 66
[22:48:27.291] START to_move 2
[22:48:27.297] STOP to_move 2 nodes_visited 113
[22:48:27.297] START to_move 1
[22:48:27.300] STOP to_move 1 nodes_visited 52
[22:48:27.300] START to_move 2
[22:48:27.305] STOP to_move 2 nodes_visited 75
[22:48:27.305] START to_move 1
[22:48:27.308] STOP to_move 1 nodes_visited 62
[22:48:27.309] START to_move 2
[22:48:27.315] STOP to_move 2 nodes_visited 113
[22:48:27.315] START to_move 1
[22:48:27.318] STOP to_move 1 nodes_visited 54
[22:48:27.318] START to_move 2
[22:48:27.325] STOP to_move 2 nodes_visited 118
[22:48:27.325] START to_move 1
[22:48:27.328] STOP to_move 1 nodes_visited 52
[22:48:27.328] START to_move 2
[22:48:27.333] STOP to_move 2 nodes_visited 79
[22:48:27.333] START to_move 1
[22:48:27.336] STOP to_move 1 nodes_visited 50
[22:48:27.336] START to_move 2
[22:48:27.343] STOP to_move 2 nodes_visited 119
[22:48:27.343] START to_move 1
[22:48:27.346] STOP to_move 1 nodes_visited 53
[22:48:27.346] START to_move 2
[22:48:27.348] STOP to_move 2 nodes_visited 37
[22:48:27.349] START to_move 1
[22:48:27.351] STOP to_move 1 nodes_visited 35
[22:48:27.351] START to_move 2
[22:48:27.353] STOP to_move 2 nodes_visited 44
[22:48:27.353] START to_move 1
[22:48:27.356] STOP to_move 1 nodes_visited 49
[22:48:27.356] START to_move 2
[22:48:27.359] STOP to_move 2 nodes_visited 52
[22:48:27.359] START to_move 1
[22:48:27.361] STOP to_move 1 nodes_visited 35
[22:48:27.361] START to_move 2
[22:48:27.364] STOP to_move 2 nodes_visited 41
[22:48:27.364] START to_move 1
[22:48:27.366] STOP to_move 1 nodes_visited 35
[22:48:27.366] START to_move 2
[22:48:27.369] STOP to_move 2 nodes_visited 51
[22:48:27.369] START to_move 1
[22:48:27.371] STOP to_move 1 nodes_visited 35
[22:48:27.371] START to_move 2
[22:48:27.374] STOP to_move 2 nodes_visited 47
[22:48:27.374] START to_move 1
[22:48:27.376] STOP to_move 1 nodes_visited 37
[22:48:27.376] START to_move 2
[22:48:27.380] STOP to_move 2 nodes_visited 61
[22:48:27.380] START to_move 1
[22:48:27.382] STOP to_move 1 nodes_visited 35
[22:48:27.382] START to_move 2
[22:48:27.385] STOP to_move 2 nodes_visited 53
[22:48:27.385] START to_move 1
[22:48:27.387] STOP to_move 1 nodes_visited 35
[22:48:27.387] START to_move 2
[22:48:27.389] STOP to_move 2 nodes_visited 38
[22:48:27.389] START to_move 1
[22:48:27.391] STOP to_move 1 nodes_visited 35
[22:48:27.391] START to_move 2
[22:48:27.393] STOP to_move 2 nodes_visited 37
[22:48:27.393] START to_move 1
[22:48:27.395] STOP to_move 1 nodes_visited 29
[22:48:27.395] START to_move 2
[22:48:27.399] STOP to_move 2 nodes_visited 69
[22:48:27.399] START to_move 1
[22:48:27.401] STOP to_move 1 nodes_visited 39
[22:48:27.401] START to_move 2
[22:48:27.405] STOP to_move 2 nodes_visited 55
[22:48:27.405] START to_move 1
[22:48:27.407] STOP to_move 1 nodes_visited 40
[22:48:27.407] START to_move 2
[22:48:27.411] STOP to_move 2 nodes_visited 62
[22:48:27.411] START to_move 1
[22:48:27.413] STOP to_move 1 nodes_visited 35
[22:48:27.413] START to_move 2
[22:48:27.416] STOP to_move 2 nodes_visited 41
[22:48:27.416] START to_move 1
[22:48:27.418] STOP to_move 1 nodes_visited 40
[22:48:27.418] START to_move 2
[22:48:27.423] STOP to_move 2 nodes_visited 77
[22:48:27.423] START to_move 1
[22:48:27.425] STOP to_move 1 nodes_visited 40
[22:48:27.425] START to_move 2
[22:48:27.427] STOP to_move 2 nodes_visited 39
[22:48:27.427] START to_move 1
[22:48:27.430] STOP to_move 1 nodes_visited 47
[22:48:27.430] START to_move 2
[22:48:27.432] STOP to_move 2 nodes_visited 31
[22:48:27.432] START to_move 1
[22:48:27.434] STOP to_move 1 nodes_visited 26
[22:48:27.434] START to_move 2
[22:48:27.439] STOP to_move 2 nodes_visited 85
[22:48:27.439] START to_move 1
[22:48:27.442] STOP to_move 1 nodes_visited 53
[22:48:27.442] START to_move 2
[22:48:27.443] STOP to_move 2 nodes_visited 24
[22:48:27.443] START to_move 1
[22:48:27.445] STOP to_move 1 nodes_visited 29
[22:48:27.445] START to_move 2
[22:48:27.447] STOP to_move 2 nodes_visited 37
[22:48:27.447] START to_move 1
[22:48:27.450] STOP to_move 1 nodes_visited 51
[22:48:27.450] START to_move 2
[22:48:27.452] STOP to_move 2 nodes_visited 27
[22:48:27.452] START to_move 1
[22:48:27.453] STOP to_move 1 nodes_visited 24
[22:48:27.453] START to_move 2
[22:48:27.456] STOP to_move 2 nodes_visited 41
[22:48:27.456] START to_move 1
[22:48:27.458] STOP to_move 1 nodes_visited 33
[22:48:27.458] START to_move 2
[22:48:27.461] STOP to_move 2 nodes_visited 45
[22:48:27.461] START to_move 1
[22:48:27.462] STOP to_move 1 nodes_visited 29
[22:48:27.462] START to_move 2
[22:48:27.465] STOP to_move 2 nodes_visited 42
[22:48:27.465] START to_move 1
[22:48:27.467] STOP to_move 1 nodes_visited 29
[22:48:27.467] START to_move 2
[22:48:27.470] STOP to_move 2 nodes_visited 43
[22:48:27.470] START to_move 1
[22:48:27.471] STOP to_move 1 nodes_visited 29
[22:48:27.471] START to_move 2
[22:48:27.473] STOP to_move 2 nodes_visited 26
[22:48:27.473] START to_move 1
[22:48:27.475] STOP to_move 1 nodes_visited 29
[22:48:27.475] START to_move 2
[22:48:27.477] STOP to_move 2 nodes_visited 33
[22:48:27.477] START to_move 1
[22:48:27.478] STOP to_move 1 nodes_visited 22
[22:48:27.478] START to_move 2
[22:48:27.480] STOP to_move 2 nodes_visited 29
[22:48:27.480] START to_move 1
[22:48:27.482] STOP to_move 1 nodes_visited 29
[22:48:27.482] START to_move 2
[22:48:27.483] STOP to_move 2 nodes_visited 21
[22:48:27.483] START to_move 1
[22:48:27.484] STOP to_move 1 nodes_visited 18
[22:48:27.484] START to_move 2
[22:48:27.486] STOP to_move 2 nodes_visited 37
[22:48:27.486] START to_move 1
[22:48:27.488] STOP to_move 1 nodes_visited 29
[22:48:27.488] START to_move 2
[22:48:27.490] STOP to_move 2 nodes_visited 35
[22:48:27.490] START to_move 1
[22:48:27.492] STOP to_move 1 nodes_visited 23
[22:48:27.492] START to_move 2
[22:48:27.493] STOP to_move 2 nodes_visited 32
[22:48:27.494] START to_move 1
[22:48:27.495] STOP to_move 1 nodes_visited 30
[22:48:27.495] START to_move 2
[22:48:27.496] STOP to_move 2 nodes_visited 18
[22:48:27.496] START to_move 1
[22:48:27.498] STOP to_move 1 nodes_visited 23
[22:48:27.498] START to_move 2
[22:48:27.499] STOP to_move 2 nodes_visited 15
[22:48:27.499] START to_move 1
[22:48:27.500] STOP to_move 1 nodes_visited 16
[22:48:27.500] START to_move 2
[22:48:27.501] STOP to_move 2 nodes_visited 27
[22:48:27.501] START to_move 1
[22:48:27.502] STOP to_move 1 nodes_visited 18
[22:48:27.502] START to_move 2
[22:48:27.503] STOP to_move 2 nodes_visited 21
[22:48:27.503] START to_move 1
[22:48:27.505] STOP to_move 1 nodes_visited 22
[22:48:27.505] START to_move 2
[22:48:27.507] STOP to_move 2 nodes_visited 37
[22:48:27.507] START to_move 1
[22:48:27.508] STOP to_move 1 nodes_visited 27
[22:48:27.508] START to_move 2
[22:48:27.510] STOP to_move 2 nodes_visited 26
[22:48:27.510] START to_move 1
[22:48:27.512] STOP to_move 1 nodes_visited 23
[22:48:27.512] START to_move 2
[22:48:27.513] STOP to_move 2 nodes_visited 25
[22:48:27.513] START to_move 1
[22:48:27.515] STOP to_move 1 nodes_visited 23
[22:48:27.515] START to_move 2
[22:48:27.516] STOP to_move 2 nodes_visited 21
[22:48:27.516] START to_move 1
[22:48:27.517] STOP to_move 1 nodes_visited 16
[22:48:27.517] START to_move 2
[22:48:27.519] STOP to_move 2 nodes_visited 44
[22:48:27.519] START to_move 1
[22:48:27.521] STOP to_move 1 nodes_visited 25
[22:48:27.521] START to_move 2
[22:48:27.522] STOP to_move 2 nodes_visited 15
[22:48:27.522] START to_move 1
[22:48:27.523] STOP to_move 1 nodes_visited 14
[22:48:27.523] START to_move 2
[22:48:27.525] STOP to_move 2 nodes_visited 33
[22:48:27.525] START to_move 1
[22:48:27.526] STOP to_move 1 nodes_visited 25
[22:48:27.526] START to_move 2
[22:48:27.527] STOP to_move 2 nodes_visited 12
[22:48:27.527] START to_move 1
[22:48:27.528] STOP to_move 1 nodes_visited 10
[22:48:27.528] START to_move 2
[22:48:27.529] STOP to_move 2 nodes_visited 25
[22:48:27.529] START to_move 1
[22:48:27.530] STOP to_move 1 nodes_visited 21
[22:48:27.531] START to_move 2
[22:48:27.532] STOP to_move 2 nodes_visited 11
[22:48:27.532] START to_move 1
[22:48:27.532] STOP to_move 1 nodes_visited 10
[22:48:27.532] START to_move 2
[22:48:27.534] STOP to_move 2 nodes_visited 23
[22:48:27.534] START to_move 1
[22:48:27.534] STOP to_move 1 nodes_visited 14
[22:48:27.534] START to_move 2
[22:48:27.535] STOP to_move 2 nodes_visited 15
[22:48:27.535] START to_move 1
[22:48:27.536] STOP to_move 1 nodes_visited 10
[22:48:27.536] START to_move 2
[22:48:27.537] STOP to_move 2 nodes_visited 15
[22:48:27.537] START to_move 1
[22:48:27.537] STOP to_move 1 nodes_visited 12
[22:48:27.551] END winner 0 - rounds 349
