[23:24:10.049] 1 - distance_function manhattan - pruning True
[23:24:10.049] 2 - distance_function euclides - pruning True
[23:24:10.049] START to_move 1
[23:24:10.110] STOP to_move 1 nodes_visited 1051
[23:24:10.111] START to_move 2
[23:24:10.215] STOP to_move 2 nodes_visited 1722
[23:24:10.216] START to_move 1
[23:24:10.257] STOP to_move 1 nodes_visited 664
[23:24:10.258] START to_move 2
[23:24:10.293] STOP to_move 2 nodes_visited 572
[23:24:10.293] START to_move 1
[23:24:10.366] STOP to_move 1 nodes_visited 1227
[23:24:10.367] START to_move 2
[23:24:10.423] STOP to_move 2 nodes_visited 923
[23:24:10.424] START to_move 1
[23:24:10.498] STOP to_move 1 nodes_visited 1293
[23:24:10.499] START to_move 2
[23:24:10.565] STOP to_move 2 nodes_visited 1084
[23:24:10.566] START to_move 1
[23:24:10.643] STOP to_move 1 nodes_visited 1355
[23:24:10.644] START to_move 2
[23:24:10.708] STOP to_move 2 nodes_visited 1075
[23:24:10.708] START to_move 1
[23:24:10.724] STOP to_move 1 nodes_visited 289
[23:24:10.724] START to_move 2
[23:24:10.780] STOP to_move 2 nodes_visited 932
[23:24:10.780] START to_move 1
[23:24:10.799] STOP to_move 1 nodes_visited 314
[23:24:10.799] START to_move 2
[23:24:10.909] STOP to_move 2 nodes_visited 1824
[23:24:10.910] START to_move 1
[23:24:10.924] STOP to_move 1 nodes_visited 244
[23:24:10.924] START to_move 2
[23:24:10.965] STOP to_move 2 nodes_visited 702
[23:24:10.966] START to_move 1
[23:24:10.979] STOP to_move 1 nodes_visited 245
[23:24:10.979] START to_move 2
[23:24:11.138] STOP to_move 2 nodes_visited 2590
[23:24:11.140] START to_move 1
[23:24:11.153] STOP to_move 1 nodes_visited 247
[23:24:11.153] START to_move 2
[23:24:11.302] STOP to_move 2 nodes_visited 2479
[23:24:11.304] START to_move 1
[23:24:11.319] STOP to_move 1 nodes_visited 245
[23:24:11.319] START to_move 2
[23:24:11.464] STOP to_move 2 nodes_visited 2392
[23:24:11.465] START to_move 1
[23:24:11.486] STOP to_move 1 nodes_visited 373
[23:24:11.486] START to_move 2
[23:24:11.719] STOP to_move 2 nodes_visited 3752
[23:24:11.721] START to_move 1
[23:24:11.742] STOP to_move 1 nodes_visited 378
[23:24:11.743] START to_move 2
[23:24:11.840] STOP to_move 2 nodes_visited 1588
[23:24:11.841] START to_move 1
[23:24:12.060] STOP to_move 1 nodes_visited 3700
[23:24:12.062] START to_move 2
[23:24:12.165] STOP to_move 2 nodes_visited 1684
[23:24:12.166] START to_move 1
[23:24:12.187] STOP to_move 1 nodes_visited 380
[23:24:12.187] START to_move 2
[23:24:12.286] STOP to_move 2 nodes_visited 1649
[23:24:12.286] START to_move 1
[23:24:12.307] STOP to_move 1 nodes_visited 381
[23:24:12.307] START to_move 2
[23:24:12.398] STOP to_move 2 nodes_visited 1483
[23:24:12.399] START to_move 1
[23:24:12.419] STOP to_move 1 nodes_visited 372
[23:24:12.419] START to_move 2
[23:24:12.507] STOP to_move 2 nodes_visited 1474
[23:24:12.508] START to_move 1
[23:24:12.528] STOP to_move 1 nodes_visited 374
[23:24:12.528] START to_move 2
[23:24:12.619] STOP to_move 2 nodes_visited 1475
[23:24:12.620] START to_move 1
[23:24:12.682] STOP to_move 1 nodes_visited 1085
[23:24:12.682] START to_move 2
[23:24:12.747] STOP to_move 2 nodes_visited 1079
[23:24:12.747] START to_move 1
[23:24:12.768] STOP to_move 1 nodes_visited 374
[23:24:12.768] START to_move 2
[23:24:12.856] STOP to_move 2 nodes_visited 1475
[23:24:12.857] START to_move 1
[23:24:13.067] STOP to_move 1 nodes_visited 3632
[23:24:13.069] START to_move 2
[23:24:13.159] STOP to_move 2 nodes_visited 1453
[23:24:13.159] START to_move 1
[23:24:13.285] STOP to_move 1 nodes_visited 2197
[23:24:13.286] START to_move 2
[23:24:13.410] STOP to_move 2 nodes_visited 1980
[23:24:13.411] START to_move 1
[23:24:13.431] STOP to_move 1 nodes_visited 365
[23:24:13.431] START to_move 2
[23:24:13.546] STOP to_move 2 nodes_visited 1907
[23:24:13.547] START to_move 1
[23:24:13.571] STOP to_move 1 nodes_visited 428
[23:24:13.571] START to_move 2
[23:24:13.682] STOP to_move 2 nodes_visited 1789
[23:24:13.683] START to_move 1
[23:24:13.703] STOP to_move 1 nodes_visited 362
[23:24:13.703] START to_move 2
[23:24:13.814] STOP to_move 2 nodes_visited 1837
[23:24:13.815] START to_move 1
[23:24:13.835] STOP to_move 1 nodes_visited 362
[23:24:13.835] START to_move 2
[23:24:13.949] STOP to_move 2 nodes_visited 1863
[23:24:13.950] START to_move 1
[23:24:13.970] STOP to_move 1 nodes_visited 362
[23:24:13.971] START to_move 2
[23:24:14.064] STOP to_move 2 nodes_visited 1550
[23:24:14.065] START to_move 1
[23:24:14.092] STOP to_move 1 nodes_visited 487
[23:24:14.093] START to_move 2
[23:24:14.177] STOP to_move 2 nodes_visited 1388
[23:24:14.177] START to_move 1
[23:24:14.249] STOP to_move 1 nodes_visited 1224
[23:24:14.250] START to_move 2
[23:24:14.303] STOP to_move 2 nodes_visited 886
[23:24:14.304] START to_move 1
[23:24:14.334] STOP to_move 1 nodes_visited 531
[23:24:14.334] START to_move 2
[23:24:14.379] STOP to_move 2 nodes_visited 759
[23:24:14.379] START to_move 1
[23:24:14.495] STOP to_move 1 nodes_visited 1954
[23:24:14.496] START to_move 2
[23:24:14.582] STOP to_move 2 nodes_visited 1437
[23:24:14.583] START to_move 1
[23:24:14.693] STOP to_move 1 nodes_visited 1918
[23:24:14.694] START to_move 2
[23:24:14.782] STOP to_move 2 nodes_visited 1450
[23:24:14.783] START to_move 1
[23:24:14.807] STOP to_move 1 nodes_visited 424
[23:24:14.807] START to_move 2
[23:24:14.891] STOP to_move 2 nodes_visited 1398
[23:24:14.892] START to_move 1
[23:24:14.961] STOP to_move 1 nodes_visited 1205
[23:24:14.961] START to_move 2
[23:24:15.022] STOP to_move 2 nodes_visited 999
[23:24:15.023] START to_move 1
[23:24:15.046] STOP to_move 1 nodes_visited 408
[23:24:15.046] START to_move 2
[23:24:15.155] STOP to_move 2 nodes_visited 1796
[23:24:15.156] START to_move 1
[23:24:15.178] STOP to_move 1 nodes_visited 412
[23:24:15.179] START to_move 2
[23:24:15.291] STOP to_move 2 nodes_visited 1825
[23:24:15.292] START to_move 1
[23:24:15.314] STOP to_move 1 nodes_visited 410
[23:24:15.314] START to_move 2
[23:24:15.424] STOP to_move 2 nodes_visited 1827
[23:24:15.425] START to_move 1
[23:24:15.448] STOP to_move 1 nodes_visited 412
[23:24:15.449] START to_move 2
[23:24:15.560] STOP to_move 2 nodes_visited 1816
[23:24:15.561] START to_move 1
[23:24:15.583] STOP to_move 1 nodes_visited 394
[23:24:15.583] START to_move 2
[23:24:15.688] STOP to_move 2 nodes_visited 1732
[23:24:15.689] START to_move 1
[23:24:15.724] STOP to_move 1 nodes_visited 608
[23:24:15.724] START to_move 2
[23:24:15.765] STOP to_move 2 nodes_visited 652
[23:24:15.766] START to_move 1
[23:24:15.807] STOP to_move 1 nodes_visited 727
[23:24:15.808] START to_move 2
[23:24:15.856] STOP to_move 2 nodes_visited 813
[23:24:15.857] START to_move 1
[23:24:15.898] STOP to_move 1 nodes_visited 714
[23:24:15.898] START to_move 2
[23:24:15.946] STOP to_move 2 nodes_visited 804
[23:24:15.947] START to_move 1
[23:24:15.965] STOP to_move 1 nodes_visited 326
[23:24:15.965] START to_move 2
[23:24:15.998] STOP to_move 2 nodes_visited 542
[23:24:15.998] START to_move 1
[23:24:16.018] STOP to_move 1 nodes_visited 356
[23:24:16.018] START to_move 2
[23:24:16.071] STOP to_move 2 nodes_visited 854
[23:24:16.071] START to_move 1
[23:24:16.089] STOP to_move 1 nodes_visited 314
[23:24:16.089] START to_move 2
[23:24:16.151] STOP to_move 2 nodes_visited 1020
[23:24:16.152] START to_move 1
[23:24:16.257] STOP to_move 1 nodes_visited 1799
[23:24:16.258] START to_move 2
[23:24:16.306] STOP to_move 2 nodes_visited 802
[23:24:16.307] START to_move 1
[23:24:16.332] STOP to_move 1 nodes_visited 430
[23:24:16.332] START to_move 2
[23:24:16.390] STOP to_move 2 nodes_visited 938
[23:24:16.390] START to_move 1
[23:24:16.420] STOP to_move 1 nodes_visited 514
[23:24:16.420] START to_move 2
[23:24:16.595] STOP to_move 2 nodes_visited 2801
[23:24:16.597] START to_move 1
[23:24:16.628] STOP to_move 1 nodes_visited 549
[23:24:16.629] START to_move 2
[23:24:16.671] STOP to_move 2 nodes_visited 691
[23:24:16.671] START to_move 1
[23:24:16.704] STOP to_move 1 nodes_visited 573
[23:24:16.704] START to_move 2
[23:24:16.742] STOP to_move 2 nodes_visited 615
[23:24:16.742] START to_move 1
[23:24:16.773] STOP to_move 1 nodes_visited 545
[23:24:16.773] START to_move 2
[23:24:16.815] STOP to_move 2 nodes_visited 686
[23:24:16.815] START to_move 1
[23:24:16.846] STOP to_move 1 nodes_visited 545
[23:24:16.846] START to_move 2
[23:24:16.894] STOP to_move 2 nodes_visited 751
[23:24:16.894] START to_move 1
[23:24:16.925] STOP to_move 1 nodes_visited 545
[23:24:16.925] START to_move 2
[23:24:16.967] STOP to_move 2 nodes_visited 679
[23:24:16.967] START to_move 1
[23:24:16.998] STOP to_move 1 nodes_visited 534
[23:24:16.998] START to_move 2
[23:24:17.038] STOP to_move 2 nodes_visited 659
[23:24:17.038] START to_move 1
[23:24:17.068] STOP to_move 1 nodes_visited 527
[23:24:17.068] START to_move 2
[23:24:17.103] STOP to_move 2 nodes_visited 584
[23:24:17.104] START to_move 1
[23:24:17.134] STOP to_move 1 nodes_visited 528
[23:24:17.134] START to_move 2
[23:24:17.176] STOP to_move 2 nodes_visited 654
[23:24:17.176] START to_move 1
[23:24:17.206] STOP to_move 1 nodes_visited 533
[23:24:17.207] START to_move 2
[23:24:17.246] STOP to_move 2 nodes_visited 657
[23:24:17.247] START to_move 1
[23:24:17.277] STOP to_move 1 nodes_visited 533
[23:24:17.277] START to_move 2
[23:24:17.317] STOP to_move 2 nodes_visited 659
[23:24:17.317] START to_move 1
[23:24:17.347] STOP to_move 1 nodes_visited 524
[23:24:17.347] START to_move 2
[23:24:17.386] STOP to_move 2 nodes_visited 644
[23:24:17.387] START to_move 1
[23:24:17.416] STOP to_move 1 nodes_visited 524
[23:24:17.417] START to_move 2
[23:24:17.458] STOP to_move 2 nodes_visited 652
[23:24:17.459] START to_move 1
[23:24:17.566] STOP to_move 1 nodes_visited 1843
[23:24:17.567] START to_move 2
[23:24:17.605] STOP to_move 2 nodes_visited 626
[23:24:17.605] START to_move 1
[23:24:17.718] STOP to_move 1 nodes_visited 1869
[23:24:17.719] START to_move 2
[23:24:17.772] STOP to_move 2 nodes_visited 868
[23:24:17.773] START to_move 1
[23:24:17.804] STOP to_move 1 nodes_visited 551
[23:24:17.804] START to_move 2
[23:24:17.866] STOP to_move 2 nodes_visited 1022
[23:24:17.867] START to_move 1
[23:24:17.901] STOP to_move 1 nodes_visited 591
[23:24:17.901] START to_move 2
[23:24:17.963] STOP to_move 2 nodes_visited 1022
[23:24:17.963] START to_move 1
[23:24:17.993] STOP to_move 1 nodes_visited 507
[23:24:17.994] START to_move 2
[23:24:18.024] STOP to_move 2 nodes_visited 508
[23:24:18.025] START to_move 1
[23:24:18.053] STOP to_move 1 nodes_visited 505
[23:24:18.054] START to_move 2
[23:24:18.087] STOP to_move 2 nodes_visited 560
[23:24:18.088] START to_move 1
[23:24:18.115] STOP to_move 1 nodes_visited 491
[23:24:18.116] START to_move 2
[23:24:18.145] STOP to_move 2 nodes_visited 501
[23:24:18.146] START to_move 1
[23:24:18.175] STOP to_move 1 nodes_visited 510
[23:24:18.175] START to_move 2
[23:24:18.200] STOP to_move 2 nodes_visited 426
[23:24:18.201] START to_move 1
[23:24:18.218] STOP to_move 1 nodes_visited 307
[23:24:18.218] START to_move 2
[23:24:18.288] STOP to_move 2 nodes_visited 1143
[23:24:18.289] START to_move 1
[23:24:18.306] STOP to_move 1 nodes_visited 306
[23:24:18.307] START to_move 2
[23:24:18.375] STOP to_move 2 nodes_visited 1138
[23:24:18.375] START to_move 1
[23:24:18.394] STOP to_move 1 nodes_visited 336
[23:24:18.394] START to_move 2
[23:24:18.480] STOP to_move 2 nodes_visited 1418
[23:24:18.481] START to_move 1
[23:24:18.512] STOP to_move 1 nodes_visited 553
[23:24:18.512] START to_move 2
[23:24:18.596] STOP to_move 2 nodes_visited 1363
[23:24:18.597] START to_move 1
[23:24:18.629] STOP to_move 1 nodes_visited 559
[23:24:18.629] START to_move 2
[23:24:18.719] STOP to_move 2 nodes_visited 1482
[23:24:18.719] START to_move 1
[23:24:18.750] STOP to_move 1 nodes_visited 525
[23:24:18.750] START to_move 2
[23:24:18.825] STOP to_move 2 nodes_visited 1216
[23:24:18.826] START to_move 1
[23:24:18.844] STOP to_move 1 nodes_visited 327
[23:24:18.844] START to_move 2
[23:24:18.912] STOP to_move 2 nodes_visited 1124
[23:24:18.913] START to_move 1
[23:24:18.923] STOP to_move 1 nodes_visited 199
[23:24:18.924] START to_move 2
[23:24:18.990] STOP to_move 2 nodes_visited 1095
[23:24:18.990] START to_move 1
[23:24:19.014] STOP to_move 1 nodes_visited 413
[23:24:19.014] START to_move 2
[23:24:19.076] STOP to_move 2 nodes_visited 988
[23:24:19.076] START to_move 1
[23:24:19.090] STOP to_move 1 nodes_visited 251
[23:24:19.091] START to_move 2
[23:24:19.143] STOP to_move 2 nodes_visited 873
[23:24:19.143] START to_move 1
[23:24:19.158] STOP to_move 1 nodes_visited 261
[23:24:19.159] START to_move 2
[23:24:19.184] STOP to_move 2 nodes_visited 422
[23:24:19.184] START to_move 1
[23:24:19.200] STOP to_move 1 nodes_visited 273
[23:24:19.200] START to_move 2
[23:24:19.225] STOP to_move 2 nodes_visited 421
[23:24:19.225] START to_move 1
[23:24:19.248] STOP to_move 1 nodes_visited 403
[23:24:19.248] START to_move 2
[23:24:19.272] STOP to_move 2 nodes_visited 390
[23:24:19.272] START to_move 1
[23:24:19.295] STOP to_move 1 nodes_visited 401
[23:24:19.295] START to_move 2
[23:24:19.319] STOP to_move 2 nodes_visited 390
[23:24:19.319] START to_move 1
[23:24:19.342] STOP to_move 1 nodes_visited 395
[23:24:19.342] START to_move 2
[23:24:19.371] STOP to_move 2 nodes_visited 458
[23:24:19.371] START to_move 1
[23:24:19.394] STOP to_move 1 nodes_visited 403
[23:24:19.394] START to_move 2
[23:24:19.442] STOP to_move 2 nodes_visited 790
[23:24:19.443] START to_move 1
[23:24:19.455] STOP to_move 1 nodes_visited 226
[23:24:19.455] START to_move 2
[23:24:19.486] STOP to_move 2 nodes_visited 510
[23:24:19.486] START to_move 1
[23:24:19.499] STOP to_move 1 nodes_visited 226
[23:24:19.499] START to_move 2
[23:24:19.529] STOP to_move 2 nodes_visited 510
[23:24:19.529] START to_move 1
[23:24:19.542] STOP to_move 1 nodes_visited 226
[23:24:19.542] START to_move 2
[23:24:19.571] STOP to_move 2 nodes_visited 489
[23:24:19.572] START to_move 1
[23:24:19.584] STOP to_move 1 nodes_visited 226
[23:24:19.584] START to_move 2
[23:24:19.615] STOP to_move 2 nodes_visited 524
[23:24:19.616] START to_move 1
[23:24:19.628] STOP to_move 1 nodes_visited 224
[23:24:19.628] START to_move 2
[23:24:19.661] STOP to_move 2 nodes_visited 521
[23:24:19.661] START to_move 1
[23:24:19.674] STOP to_move 1 nodes_visited 223
[23:24:19.674] START to_move 2
[23:24:19.691] STOP to_move 2 nodes_visited 284
[23:24:19.691] START to_move 1
[23:24:19.702] STOP to_move 1 nodes_visited 199
[23:24:19.702] START to_move 2
[23:24:19.720] STOP to_move 2 nodes_visited 299
[23:24:19.720] START to_move 1
[23:24:19.731] STOP to_move 1 nodes_visited 207
[23:24:19.732] START to_move 2
[23:24:19.749] STOP to_move 2 nodes_visited 299
[23:24:19.750] START to_move 1
[23:24:19.761] STOP to_move 1 nodes_visited 207
[23:24:19.761] START to_move 2
[23:24:19.779] STOP to_move 2 nodes_visited 299
[23:24:19.779] START to_move 1
[23:24:19.790] STOP to_move 1 nodes_visited 197
[23:24:19.791] START to_move 2
[23:24:19.808] STOP to_move 2 nodes_visited 299
[23:24:19.808] START to_move 1
[23:24:19.819] STOP to_move 1 nodes_visited 195
[23:24:19.820] START to_move 2
[23:24:19.837] STOP to_move 2 nodes_visited 295
[23:24:19.837] START to_move 1
[23:24:19.848] STOP to_move 1 nodes_visited 193
[23:24:19.848] START to_move 2
[23:24:19.865] STOP to_move 2 nodes_visited 291
[23:24:19.865] START to_move 1
[23:24:19.876] STOP to_move 1 nodes_visited 191
[23:24:19.876] START to_move 2
[23:24:19.894] STOP to_move 2 nodes_visited 291
[23:24:19.894] START to_move 1
[23:24:19.901] STOP to_move 1 nodes_visited 126
[23:24:19.901] START to_move 2
[23:24:19.915] STOP to_move 2 nodes_visited 241
[23:24:19.915] START to_move 1
[23:24:19.925] STOP to_move 1 nodes_visited 180
[23:24:19.925] START to_move 2
[23:24:19.941] STOP to_move 2 nodes_visited 264
[23:24:19.941] START to_move 1
[23:24:19.949] STOP to_move 1 nodes_visited 132
[23:24:19.949] START to_move 2
[23:24:19.964] STOP to_move 2 nodes_visited 232
[23:24:19.964] START to_move 1
[23:24:19.972] STOP to_move 1 nodes_visited 142
[23:24:19.972] START to_move 2
[23:24:19.986] STOP to_move 2 nodes_visited 250
[23:24:19.987] START to_move 1
[23:24:19.996] STOP to_move 1 nodes_visited 160
[23:24:19.996] START to_move 2
[23:24:20.021] STOP to_move 2 nodes_visited 411
[23:24:20.021] START to_move 1
[23:24:20.031] STOP to_move 1 nodes_visited 174
[23:24:20.031] START to_move 2
[23:24:20.056] STOP to_move 2 nodes_visited 418
[23:24:20.057] START to_move 1
[23:24:20.067] STOP to_move 1 nodes_visited 182
[23:24:20.067] START to_move 2
[23:24:20.082] STOP to_move 2 nodes_visited 253
[23:24:20.082] START to_move 1
[23:24:20.093] STOP to_move 1 nodes_visited 183
[23:24:20.093] START to_move 2
[23:24:20.112] STOP to_move 2 nodes_visited 310
[23:24:20.112] START to_move 1
[23:24:20.148] STOP to_move 1 nodes_visited 539
[23:24:20.148] START to_move 2
[23:24:20.163] STOP to_move 2 nodes_visited 252
[23:24:20.163] START to_move 1
[23:24:20.204] STOP to_move 1 nodes_visited 644
[23:24:20.204] START to_move 2
[23:24:20.215] STOP to_move 2 nodes_visited 180
[23:24:20.215] START to_move 1
[23:24:20.250] STOP to_move 1 nodes_visited 580
[23:24:20.251] START to_move 2
[23:24:20.262] STOP to_move 2 nodes_visited 195
[23:24:20.262] START to_move 1
[23:24:20.304] STOP to_move 1 nodes_visited 658
[23:24:20.304] START to_move 2
[23:24:20.312] STOP to_move 2 nodes_visited 132
[23:24:20.312] START to_move 1
[23:24:20.326] STOP to_move 1 nodes_visited 239
[23:24:20.326] START to_move 2
[23:24:20.349] STOP to_move 2 nodes_visited 384
[23:24:20.350] START to_move 1
[23:24:20.363] STOP to_move 1 nodes_visited 232
[23:24:20.363] START to_move 2
[23:24:20.413] STOP to_move 2 nodes_visited 827
[23:24:20.413] START to_move 1
[23:24:20.422] STOP to_move 1 nodes_visited 152
[23:24:20.422] START to_move 2
[23:24:20.431] STOP to_move 2 nodes_visited 159
[23:24:20.431] START to_move 1
[23:24:20.439] STOP to_move 1 nodes_visited 142
[23:24:20.439] START to_move 2
[23:24:20.455] STOP to_move 2 nodes_visited 274
[23:24:20.455] START to_move 1
[23:24:20.463] STOP to_move 1 nodes_visited 140
[23:24:20.463] START to_move 2
[23:24:20.476] STOP to_move 2 nodes_visited 221
[23:24:20.476] START to_move 1
[23:24:20.485] STOP to_move 1 nodes_visited 150
[23:24:20.485] START to_move 2
[23:24:20.494] STOP to_move 2 nodes_visited 161
[23:24:20.494] START to_move 1
[23:24:20.500] STOP to_move 1 nodes_visited 96
[23:24:20.500] START to_move 2
[23:24:20.503] STOP to_move 2 nodes_visited 51
[23:24:20.503] START to_move 1
[23:24:20.509] STOP to_move 1 nodes_visited 115
[23:24:20.509] START to_move 2
[23:24:20.517] STOP to_move 2 nodes_visited 123
[23:24:20.517] START to_move 1
[23:24:20.522] STOP to_move 1 nodes_visited 96
[23:24:20.522] START to_move 2
[23:24:20.525] STOP to_move 2 nodes_visited 51
[23:24:20.525] START to_move 1
[23:24:20.532] STOP to_move 1 nodes_visited 115
[23:24:20.532] START to_move 2
[23:24:20.538] STOP to_move 2 nodes_visited 106
[23:24:20.538] START to_move 1
[23:24:20.543] STOP to_move 1 nodes_visited 96
[23:24:20.544] START to_move 2
[23:24:20.547] STOP to_move 2 nodes_visited 51
[23:24:20.547] START to_move 1
[23:24:20.553] STOP to_move 1 nodes_visited 115
[23:24:20.553] START to_move 2
[23:24:20.560] STOP to_move 2 nodes_visited 100
[23:24:20.560] START to_move 1
[23:24:20.565] STOP to_move 1 nodes_visited 90
[23:24:20.566] START to_move 2
[23:24:20.568] STOP to_move 2 nodes_visited 48
[23:24:20.568] START to_move 1
[23:24:20.574] STOP to_move 1 nodes_visited 107
[23:24:20.574] START to_move 2
[23:24:20.582] STOP to_move 2 nodes_visited 128
[23:24:20.582] START to_move 1
[23:24:20.587] STOP to_move 1 nodes_visited 88
[23:24:20.587] START to_move 2
[23:24:20.590] STOP to_move 2 nodes_visited 48
[23:24:20.590] START to_move 1
[23:24:20.596] STOP to_move 1 nodes_visited 104
[23:24:20.596] START to_move 2
[23:24:20.603] STOP to_move 2 nodes_visited 119
[23:24:20.603] START to_move 1
[23:24:20.608] STOP to_move 1 nodes_visited 90
[23:24:20.609] START to_move 2
[23:24:20.611] STOP to_move 2 nodes_visited 46
[23:24:20.611] START to_move 1
[23:24:20.617] STOP to_move 1 nodes_visited 99
[23:24:20.617] START to_move 2
[23:24:20.623] STOP to_move 2 nodes_visited 96
[23:24:20.623] START to_move 1
[23:24:20.627] STOP to_move 1 nodes_visited 82
[23:24:20.627] START to_move 2
[23:24:20.630] STOP to_move 2 nodes_visited 46
[23:24:20.630] START to_move 1
[23:24:20.636] STOP to_move 1 nodes_visited 99
[23:24:20.636] START to_move 2
[23:24:20.642] STOP to_move 2 nodes_visited 96
[23:24:20.642] START to_move 1
[23:24:20.647] STOP to_move 1 nodes_visited 82
[23:24:20.647] START to_move 2
[23:24:20.649] STOP to_move 2 nodes_visited 46
[23:24:20.650] START to_move 1
[23:24:20.655] STOP to_move 1 nodes_visited 99
[23:24:20.655] START to_move 2
[23:24:20.661] STOP to_move 2 nodes_visited 96
[23:24:20.661] START to_move 1
[23:24:20.666] STOP to_move 1 nodes_visited 82
[23:24:20.666] START to_move 2
[23:24:20.669] STOP to_move 2 nodes_visited 46
[23:24:20.669] START to_move 1
[23:24:20.674] STOP to_move 1 nodes_visited 99
[23:24:20.674] START to_move 2
[23:24:20.680] STOP to_move 2 nodes_visited 90
[23:24:20.680] START to_move 1
[23:24:20.684] STOP to_move 1 nodes_visited 77
[23:24:20.684] START to_move 2
[23:24:20.687] STOP to_move 2 nodes_visited 43
[23:24:20.687] START to_move 1
[23:24:20.693] STOP to_move 1 nodes_visited 96
[23:24:20.693] START to_move 2
[23:24:20.698] STOP to_move 2 nodes_visited 88
[23:24:20.698] START to_move 1
[23:24:20.702] STOP to_move 1 nodes_visited 75
[23:24:20.703] START to_move 2
[23:24:20.705] STOP to_move 2 nodes_visited 42
[23:24:20.705] START to_move 1
[23:24:20.711] STOP to_move 1 nodes_visited 95
[23:24:20.711] START to_move 2
[23:24:20.716] STOP to_move 2 nodes_visited 88
[23:24:20.716] START to_move 1
[23:24:20.720] STOP to_move 1 nodes_visited 75
[23:24:20.720] START to_move 2
[23:24:20.723] STOP to_move 2 nodes_visited 42
[23:24:20.723] START to_move 1
[23:24:20.728] STOP to_move 1 nodes_visited 89
[23:24:20.728] START to_move 2
[23:24:20.735] STOP to_move 2 nodes_visited 105
[23:24:20.735] START to_move 1
[23:24:20.738] STOP to_move 1 nodes_visited 62
[23:24:20.738] START to_move 2
[23:24:20.741] STOP to_move 2 nodes_visited 35
[23:24:20.741] START to_move 1
[23:24:20.745] STOP to_move 1 nodes_visited 72
[23:24:20.745] START to_move 2
[23:24:20.749] STOP to_move 2 nodes_visited 62
[23:24:20.749] START to_move 1
[23:24:20.752] STOP to_move 1 nodes_visited 47
[23:24:20.752] START to_move 2
[23:24:20.754] STOP to_move 2 nodes_visited 29
[23:24:20.754] START to_move 1
[23:24:20.757] STOP to_move 1 nodes_visited 60
[23:24:20.757] START to_move 2
[23:24:20.761] STOP to_move 2 nodes_visited 62
[23:24:20.761] START to_move 1
[23:24:20.764] STOP to_move 1 nodes_visited 47
[23:24:20.764] START to_move 2
[23:24:20.765] STOP to_move 2 nodes_visited 28
[23:24:20.765] START to_move 1
[23:24:20.769] STOP to_move 1 nodes_visited 61
[23:24:20.769] START to_move 2
[23:24:20.772] STOP to_move 2 nodes_visited 54
[23:24:20.772] START to_move 1
[23:24:20.775] STOP to_move 1 nodes_visited 41
[23:24:20.775] START to_move 2
[23:24:20.776] STOP to_move 2 nodes_visited 25
[23:24:20.776] START to_move 1
[23:24:20.779] STOP to_move 1 nodes_visited 52
[23:24:20.779] START to_move 2
[23:24:20.783] STOP to_move 2 nodes_visited 56
[23:24:20.783] START to_move 1
[23:24:20.785] STOP to_move 1 nodes_visited 43
[23:24:20.785] START to_move 2
[23:24:20.787] STOP to_move 2 nodes_visited 26
[23:24:20.787] START to_move 1
[23:24:20.790] STOP to_move 1 nodes_visited 51
[23:24:20.790] START to_move 2
[23:24:20.794] STOP to_move 2 nodes_visited 74
[23:24:20.795] START to_move 1
[23:24:20.797] STOP to_move 1 nodes_visited 47
[23:24:20.797] START to_move 2
[23:24:20.799] STOP to_move 2 nodes_visited 29
[23:24:20.799] START to_move 1
[23:24:20.803] STOP to_move 1 nodes_visited 58
[23:24:20.803] START to_move 2
[23:24:20.806] STOP to_move 2 nodes_visited 55
[23:24:20.806] START to_move 1
[23:24:20.808] STOP to_move 1 nodes_visited 37
[23:24:20.808] START to_move 2
[23:24:20.810] STOP to_move 2 nodes_visited 23
[23:24:20.810] START to_move 1
[23:24:20.812] STOP to_move 1 nodes_visited 49
[23:24:20.813] START to_move 2
[23:24:20.815] STOP to_move 2 nodes_visited 49
[23:24:20.815] START to_move 1
[23:24:20.817] STOP to_move 1 nodes_visited 36
[23:24:20.818] START to_move 2
[23:24:20.819] STOP to_move 2 nodes_visited 21
[23:24:20.819] START to_move 1
[23:24:20.822] STOP to_move 1 nodes_visited 49
[23:24:20.822] START to_move 2
[23:24:20.825] STOP to_move 2 nodes_visited 49
[23:24:20.825] START to_move 1
[23:24:20.827] STOP to_move 1 nodes_visited 34
[23:24:20.827] START to_move 2
[23:24:20.828] STOP to_move 2 nodes_visited 21
[23:24:20.828] START to_move 1
[23:24:20.831] STOP to_move 1 nodes_visited 49
[23:24:20.831] START to_move 2
[23:24:20.834] STOP to_move 2 nodes_visited 54
[23:24:20.834] START to_move 1
[23:24:20.836] STOP to_move 1 nodes_visited 34
[23:24:20.836] START to_move 2
[23:24:20.838] STOP to_move 2 nodes_visited 20
[23:24:20.838] START to_move 1
[23:24:20.840] STOP to_move 1 nodes_visited 43
[23:24:20.840] START to_move 2
[23:24:20.843] STOP to_move 2 nodes_visited 48
[23:24:20.843] START to_move 1
[23:24:20.845] STOP to_move 1 nodes_visited 34
[23:24:20.845] START to_move 2
[23:24:20.846] STOP to_move 2 nodes_visited 20
[23:24:20.846] START to_move 1
[23:24:20.849] STOP to_move 1 nodes_visited 43
[23:24:20.849] START to_move 2
[23:24:20.852] STOP to_move 2 nodes_visited 48
[23:24:20.852] START to_move 1
[23:24:20.854] STOP to_move 1 nodes_visited 34
[23:24:20.854] START to_move 2
[23:24:20.855] STOP to_move 2 nodes_visited 20
[23:24:20.855] START to_move 1
[23:24:20.858] STOP to_move 1 nodes_visited 46
[23:24:20.858] START to_move 2
[23:24:20.861] STOP to_move 2 nodes_visited 48
[23:24:20.861] START to_move 1
[23:24:20.863] STOP to_move 1 nodes_visited 34
[23:24:20.863] START to_move 2
[23:24:20.864] STOP to_move 2 nodes_visited 20
[23:24:20.864] START to_move 1
[23:24:20.867] STOP to_move 1 nodes_visited 49
[23:24:20.867] START to_move 2
[23:24:20.870] STOP to_move 2 nodes_visited 41
[23:24:20.870] START to_move 1
[23:24:20.871] STOP to_move 1 nodes_visited 34
[23:24:20.872] START to_move 2
[23:24:20.873] STOP to_move 2 nodes_visited 20
[23:24:20.873] START to_move 1
[23:24:20.875] STOP to_move 1 nodes_visited 43
[23:24:20.875] START to_move 2
[23:24:20.878] STOP to_move 2 nodes_visited 47
[23:24:20.878] START to_move 1
[23:24:20.880] STOP to_move 1 nodes_visited 28
[23:24:20.880] START to_move 2
[23:24:20.881] STOP to_move 2 nodes_visited 17
[23:24:20.881] START to_move 1
[23:24:20.883] STOP to_move 1 nodes_visited 39
[23:24:20.884] START to_move 2
[23:24:20.886] STOP to_move 2 nodes_visited 44
[23:24:20.886] START to_move 1
[23:24:20.888] STOP to_move 1 nodes_visited 26
[23:24:20.888] START to_move 2
[23:24:20.889] STOP to_move 2 nodes_visited 15
[23:24:20.889] START to_move 1
[23:24:20.891] STOP to_move 1 nodes_visited 30
[23:24:20.891] START to_move 2
[23:24:20.893] STOP to_move 2 nodes_visited 48
[23:24:20.893] START to_move 1
[23:24:20.895] STOP to_move 1 nodes_visited 28
[23:24:20.895] START to_move 2
[23:24:20.896] STOP to_move 2 nodes_visited 16
[23:24:20.896] START to_move 1
[23:24:20.898] STOP to_move 1 nodes_visited 34
[23:24:20.898] START to_move 2
[23:24:20.901] STOP to_move 2 nodes_visited 39
[23:24:20.901] START to_move 1
[23:24:20.902] STOP to_move 1 nodes_visited 24
[23:24:20.902] START to_move 2
[23:24:20.903] STOP to_move 2 nodes_visited 16
[23:24:20.903] START to_move 1
[23:24:20.905] STOP to_move 1 nodes_visited 33
[23:24:20.905] START to_move 2
[23:24:20.908] STOP to_move 2 nodes_visited 45
[23:24:20.908] START to_move 1
[23:24:20.910] STOP to_move 1 nodes_visited 24
[23:24:20.910] START to_move 2
[23:24:20.910] STOP to_move 2 nodes_visited 11
[23:24:20.910] START to_move 1
[23:24:20.912] STOP to_move 1 nodes_visited 23
[23:24:20.912] START to_move 2
[23:24:20.914] STOP to_move 2 nodes_visited 38
[23:24:20.914] START to_move 1
[23:24:20.915] STOP to_move 1 nodes_visited 23
[23:24:20.915] START to_move 2
[23:24:20.916] STOP to_move 2 nodes_visited 13
[23:24:20.916] START to_move 1
[23:24:20.918] STOP to_move 1 nodes_visited 23
[23:24:20.918] START to_move 2
[23:24:20.920] STOP to_move 2 nodes_visited 33
[23:24:20.920] START to_move 1
[23:24:20.921] STOP to_move 1 nodes_visited 17
[23:24:20.921] START to_move 2
[23:24:20.922] STOP to_move 2 nodes_visited 11
[23:24:20.922] START to_move 1
[23:24:20.923] STOP to_move 1 nodes_visited 17
[23:24:20.923] START to_move 2
[23:24:20.924] STOP to_move 2 nodes_visited 30
[23:24:20.924] START to_move 1
[23:24:20.925] STOP to_move 1 nodes_visited 17
[23:24:20.925] START to_move 2
[23:24:20.926] STOP to_move 2 nodes_visited 6
[23:24:20.926] START to_move 1
[23:24:20.927] STOP to_move 1 nodes_visited 14
[23:24:20.927] START to_move 2
[23:24:20.928] STOP to_move 2 nodes_visited 21
[23:24:20.928] START to_move 1
[23:24:20.929] STOP to_move 1 nodes_visited 15
[23:24:20.929] START to_move 2
[23:24:20.929] STOP to_move 2 nodes_visited 6
[23:24:20.929] START to_move 1
[23:24:20.930] STOP to_move 1 nodes_visited 15
[23:24:20.930] START to_move 2
[23:24:20.931] STOP to_move 2 nodes_visited 20
[23:24:20.932] START to_move 1
[23:24:20.932] STOP to_move 1 nodes_visited 14
[23:24:20.932] START to_move 2
[23:24:20.933] STOP to_move 2 nodes_visited 6
[23:24:20.933] START to_move 1
[23:24:20.933] STOP to_move 1 nodes_visited 10
[23:24:20.933] START to_move 2
[23:24:20.934] STOP to_move 2 nodes_visited 17
[23:24:20.935] START to_move 1
[23:24:20.935] STOP to_move 1 nodes_visited 11
[23:24:20.935] START to_move 2
[23:24:20.936] STOP to_move 2 nodes_visited 8
[23:24:20.936] START to_move 1
[23:24:20.937] STOP to_move 1 nodes_visited 12
[23:24:20.937] END winner 1 - rounds 377
