[21:40:36.918] 1 - distance_function manhattan - pruning True
[21:40:36.918] 2 - distance_function euclides - pruning True
[21:40:36.918] START to_move 1
[21:40:36.966] STOP to_move 1 nodes_visited 836
[21:40:36.966] START to_move 2
[21:40:37.033] STOP to_move 2 nodes_visited 1109
[21:40:37.033] START to_move 1
[21:40:37.107] STOP to_move 1 nodes_visited 1242
[21:40:37.108] START to_move 2
[21:40:37.276] STOP to_move 2 nodes_visited 2704
[21:40:37.278] START to_move 1
[21:40:37.349] STOP to_move 1 nodes_visited 1246
[21:40:37.350] START to_move 2
[21:40:37.470] STOP to_move 2 nodes_visited 1943
[21:40:37.471] START to_move 1
[21:40:37.542] STOP to_move 1 nodes_visited 1246
[21:40:37.543] START to_move 2
[21:40:37.672] STOP to_move 2 nodes_visited 2082
[21:40:37.674] START to_move 1
[21:40:37.745] STOP to_move 1 nodes_visited 1243
[21:40:37.745] START to_move 2
[21:40:37.871] STOP to_move 2 nodes_visited 2075
[21:40:37.872] START to_move 1
[21:40:37.944] STOP to_move 1 nodes_visited 1214
[21:40:37.944] START to_move 2
[21:40:38.069] STOP to_move 2 nodes_visited 2043
[21:40:38.070] START to_move 1
[21:40:38.140] STOP to_move 1 nodes_visited 1206
[21:40:38.141] START to_move 2
[21:40:38.216] STOP to_move 2 nodes_visited 1214
[21:40:38.217] START to_move 1
[21:40:38.304] STOP to_move 1 nodes_visited 1505
[21:40:38.305] START to_move 2
[21:40:38.372] STOP to_move 2 nodes_visited 1114
[21:40:38.373] START to_move 1
[21:40:38.442] STOP to_move 1 nodes_visited 1177
[21:40:38.443] START to_move 2
[21:40:38.527] STOP to_move 2 nodes_visited 1390
[21:40:38.527] START to_move 1
[21:40:38.587] STOP to_move 1 nodes_visited 1041
[21:40:38.588] START to_move 2
[21:40:38.676] STOP to_move 2 nodes_visited 1477
[21:40:38.677] START to_move 1
[21:40:38.730] STOP to_move 1 nodes_visited 876
[21:40:38.730] START to_move 2
[21:40:38.839] STOP to_move 2 nodes_visited 1782
[21:40:38.840] START to_move 1
[21:40:38.888] STOP to_move 1 nodes_visited 839
[21:40:38.889] START to_move 2
[21:40:38.999] STOP to_move 2 nodes_visited 1766
[21:40:39.000] START to_move 1
[21:40:39.074] STOP to_move 1 nodes_visited 1279
[21:40:39.075] START to_move 2
[21:40:39.192] STOP to_move 2 nodes_visited 1932
[21:40:39.194] START to_move 1
[21:40:39.271] STOP to_move 1 nodes_visited 1297
[21:40:39.271] START to_move 2
[21:40:39.386] STOP to_move 2 nodes_visited 1891
[21:40:39.387] START to_move 1
[21:40:39.460] STOP to_move 1 nodes_visited 1264
[21:40:39.461] START to_move 2
[21:40:39.577] STOP to_move 2 nodes_visited 1897
[21:40:39.578] START to_move 1
[21:40:39.650] STOP to_move 1 nodes_visited 1240
[21:40:39.651] START to_move 2
[21:40:39.759] STOP to_move 2 nodes_visited 1767
[21:40:39.760] START to_move 1
[21:40:39.832] STOP to_move 1 nodes_visited 1240
[21:40:39.832] START to_move 2
[21:40:39.899] STOP to_move 2 nodes_visited 1107
[21:40:39.900] START to_move 1
[21:40:39.970] STOP to_move 1 nodes_visited 1213
[21:40:39.970] START to_move 2
[21:40:40.053] STOP to_move 2 nodes_visited 1348
[21:40:40.054] START to_move 1
[21:40:40.121] STOP to_move 1 nodes_visited 1162
[21:40:40.121] START to_move 2
[21:40:40.185] STOP to_move 2 nodes_visited 1055
[21:40:40.185] START to_move 1
[21:40:40.255] STOP to_move 1 nodes_visited 1190
[21:40:40.256] START to_move 2
[21:40:40.328] STOP to_move 2 nodes_visited 1176
[21:40:40.329] START to_move 1
[21:40:40.396] STOP to_move 1 nodes_visited 1154
[21:40:40.397] START to_move 2
[21:40:40.451] STOP to_move 2 nodes_visited 906
[21:40:40.452] START to_move 1
[21:40:40.520] STOP to_move 1 nodes_visited 1177
[21:40:40.521] START to_move 2
[21:40:40.582] STOP to_move 2 nodes_visited 981
[21:40:40.582] START to_move 1
[21:40:40.650] STOP to_move 1 nodes_visited 1173
[21:40:40.651] START to_move 2
[21:40:40.703] STOP to_move 2 nodes_visited 860
[21:40:40.704] START to_move 1
[21:40:40.767] STOP to_move 1 nodes_visited 1107
[21:40:40.768] START to_move 2
[21:40:40.866] STOP to_move 2 nodes_visited 1594
[21:40:40.867] START to_move 1
[21:40:40.931] STOP to_move 1 nodes_visited 1092
[21:40:40.931] START to_move 2
[21:40:40.990] STOP to_move 2 nodes_visited 971
[21:40:40.990] START to_move 1
[21:40:41.053] STOP to_move 1 nodes_visited 1085
[21:40:41.054] START to_move 2
[21:40:41.127] STOP to_move 2 nodes_visited 1194
[21:40:41.128] START to_move 1
[21:40:41.176] STOP to_move 1 nodes_visited 846
[21:40:41.177] START to_move 2
[21:40:41.250] STOP to_move 2 nodes_visited 1197
[21:40:41.250] START to_move 1
[21:40:41.300] STOP to_move 1 nodes_visited 857
[21:40:41.300] START to_move 2
[21:40:41.476] STOP to_move 2 nodes_visited 2844
[21:40:41.477] START to_move 1
[21:40:41.529] STOP to_move 1 nodes_visited 904
[21:40:41.530] START to_move 2
[21:40:41.710] STOP to_move 2 nodes_visited 2951
[21:40:41.712] START to_move 1
[21:40:41.767] STOP to_move 1 nodes_visited 966
[21:40:41.767] START to_move 2
[21:40:41.940] STOP to_move 2 nodes_visited 2804
[21:40:41.941] START to_move 1
[21:40:41.977] STOP to_move 1 nodes_visited 630
[21:40:41.978] START to_move 2
[21:40:42.157] STOP to_move 2 nodes_visited 2852
[21:40:42.159] START to_move 1
[21:40:42.191] STOP to_move 1 nodes_visited 564
[21:40:42.192] START to_move 2
[21:40:42.271] STOP to_move 2 nodes_visited 1278
[21:40:42.271] START to_move 1
[21:40:42.305] STOP to_move 1 nodes_visited 581
[21:40:42.305] START to_move 2
[21:40:42.483] STOP to_move 2 nodes_visited 2828
[21:40:42.485] START to_move 1
[21:40:42.516] STOP to_move 1 nodes_visited 550
[21:40:42.517] START to_move 2
[21:40:42.691] STOP to_move 2 nodes_visited 2806
[21:40:42.692] START to_move 1
[21:40:42.724] STOP to_move 1 nodes_visited 546
[21:40:42.724] START to_move 2
[21:40:42.889] STOP to_move 2 nodes_visited 2715
[21:40:42.890] START to_move 1
[21:40:42.921] STOP to_move 1 nodes_visited 537
[21:40:42.922] START to_move 2
[21:40:43.002] STOP to_move 2 nodes_visited 1304
[21:40:43.002] START to_move 1
[21:40:43.032] STOP to_move 1 nodes_visited 519
[21:40:43.032] START to_move 2
[21:40:43.105] STOP to_move 2 nodes_visited 1218
[21:40:43.105] START to_move 1
[21:40:43.135] STOP to_move 1 nodes_visited 521
[21:40:43.135] START to_move 2
[21:40:43.236] STOP to_move 2 nodes_visited 1636
[21:40:43.237] START to_move 1
[21:40:43.267] STOP to_move 1 nodes_visited 515
[21:40:43.267] START to_move 2
[21:40:43.353] STOP to_move 2 nodes_visited 1433
[21:40:43.354] START to_move 1
[21:40:43.384] STOP to_move 1 nodes_visited 518
[21:40:43.384] START to_move 2
[21:40:43.458] STOP to_move 2 nodes_visited 1221
[21:40:43.458] START to_move 1
[21:40:43.486] STOP to_move 1 nodes_visited 465
[21:40:43.486] START to_move 2
[21:40:43.537] STOP to_move 2 nodes_visited 833
[21:40:43.537] START to_move 1
[21:40:43.564] STOP to_move 1 nodes_visited 493
[21:40:43.565] START to_move 2
[21:40:43.605] STOP to_move 2 nodes_visited 673
[21:40:43.606] START to_move 1
[21:40:43.632] STOP to_move 1 nodes_visited 455
[21:40:43.632] START to_move 2
[21:40:43.678] STOP to_move 2 nodes_visited 775
[21:40:43.678] START to_move 1
[21:40:43.694] STOP to_move 1 nodes_visited 277
[21:40:43.694] START to_move 2
[21:40:43.742] STOP to_move 2 nodes_visited 805
[21:40:43.742] START to_move 1
[21:40:43.757] STOP to_move 1 nodes_visited 263
[21:40:43.757] START to_move 2
[21:40:43.805] STOP to_move 2 nodes_visited 775
[21:40:43.805] START to_move 1
[21:40:43.817] STOP to_move 1 nodes_visited 209
[21:40:43.817] START to_move 2
[21:40:43.867] STOP to_move 2 nodes_visited 823
[21:40:43.867] START to_move 1
[21:40:43.879] STOP to_move 1 nodes_visited 209
[21:40:43.879] START to_move 2
[21:40:43.928] STOP to_move 2 nodes_visited 815
[21:40:43.928] START to_move 1
[21:40:43.940] STOP to_move 1 nodes_visited 204
[21:40:43.940] START to_move 2
[21:40:43.989] STOP to_move 2 nodes_visited 815
[21:40:43.990] START to_move 1
[21:40:44.001] STOP to_move 1 nodes_visited 202
[21:40:44.001] START to_move 2
[21:40:44.050] STOP to_move 2 nodes_visited 781
[21:40:44.050] START to_move 1
[21:40:44.061] STOP to_move 1 nodes_visited 202
[21:40:44.061] START to_move 2
[21:40:44.108] STOP to_move 2 nodes_visited 781
[21:40:44.109] START to_move 1
[21:40:44.120] STOP to_move 1 nodes_visited 202
[21:40:44.120] START to_move 2
[21:40:44.150] STOP to_move 2 nodes_visited 505
[21:40:44.150] START to_move 1
[21:40:44.161] STOP to_move 1 nodes_visited 188
[21:40:44.161] START to_move 2
[21:40:44.192] STOP to_move 2 nodes_visited 514
[21:40:44.192] START to_move 1
[21:40:44.203] STOP to_move 1 nodes_visited 188
[21:40:44.203] START to_move 2
[21:40:44.233] STOP to_move 2 nodes_visited 514
[21:40:44.234] START to_move 1
[21:40:44.244] STOP to_move 1 nodes_visited 188
[21:40:44.244] START to_move 2
[21:40:44.275] STOP to_move 2 nodes_visited 514
[21:40:44.275] START to_move 1
[21:40:44.285] STOP to_move 1 nodes_visited 188
[21:40:44.286] START to_move 2
[21:40:44.327] STOP to_move 2 nodes_visited 688
[21:40:44.327] START to_move 1
[21:40:44.346] STOP to_move 1 nodes_visited 322
[21:40:44.347] START to_move 2
[21:40:44.374] STOP to_move 2 nodes_visited 443
[21:40:44.374] START to_move 1
[21:40:44.392] STOP to_move 1 nodes_visited 321
[21:40:44.392] START to_move 2
[21:40:44.427] STOP to_move 2 nodes_visited 582
[21:40:44.427] START to_move 1
[21:40:44.444] STOP to_move 1 nodes_visited 308
[21:40:44.445] START to_move 2
[21:40:44.467] STOP to_move 2 nodes_visited 367
[21:40:44.467] START to_move 1
[21:40:44.480] STOP to_move 1 nodes_visited 219
[21:40:44.480] START to_move 2
[21:40:44.489] STOP to_move 2 nodes_visited 155
[21:40:44.489] START to_move 1
[21:40:44.505] STOP to_move 1 nodes_visited 276
[21:40:44.505] START to_move 2
[21:40:44.522] STOP to_move 2 nodes_visited 294
[21:40:44.523] START to_move 1
[21:40:44.534] STOP to_move 1 nodes_visited 204
[21:40:44.534] START to_move 2
[21:40:44.543] STOP to_move 2 nodes_visited 151
[21:40:44.543] START to_move 1
[21:40:44.555] STOP to_move 1 nodes_visited 212
[21:40:44.555] START to_move 2
[21:40:44.558] STOP to_move 2 nodes_visited 47
[21:40:44.558] START to_move 1
[21:40:44.570] STOP to_move 1 nodes_visited 216
[21:40:44.570] START to_move 2
[21:40:44.571] STOP to_move 2 nodes_visited 16
[21:40:44.571] START to_move 1
[21:40:44.580] STOP to_move 1 nodes_visited 162
[21:40:44.580] START to_move 2
[21:40:44.586] STOP to_move 2 nodes_visited 96
[21:40:44.586] START to_move 1
[21:40:44.593] STOP to_move 1 nodes_visited 136
[21:40:44.593] START to_move 2
[21:40:44.610] STOP to_move 2 nodes_visited 279
[21:40:44.610] START to_move 1
[21:40:44.617] STOP to_move 1 nodes_visited 138
[21:40:44.617] START to_move 2
[21:40:44.639] STOP to_move 2 nodes_visited 344
[21:40:44.639] START to_move 1
[21:40:44.647] STOP to_move 1 nodes_visited 142
[21:40:44.647] START to_move 2
[21:40:44.660] STOP to_move 2 nodes_visited 217
[21:40:44.660] START to_move 1
[21:40:44.667] STOP to_move 1 nodes_visited 139
[21:40:44.668] START to_move 2
[21:40:44.681] STOP to_move 2 nodes_visited 229
[21:40:44.681] START to_move 1
[21:40:44.689] STOP to_move 1 nodes_visited 137
[21:40:44.689] START to_move 2
[21:40:44.695] STOP to_move 2 nodes_visited 105
[21:40:44.695] END winner 2 - rounds 138
