[23:17:59.255] 1 - distance_function manhattan - pruning True
[23:17:59.255] 2 - distance_function chebyshev - pruning True
[23:17:59.255] START to_move 1
[23:17:59.320] STOP to_move 1 nodes_visited 1106
[23:17:59.321] START to_move 2
[23:17:59.418] STOP to_move 2 nodes_visited 1567
[23:17:59.419] START to_move 1
[23:17:59.519] STOP to_move 1 nodes_visited 1594
[23:17:59.520] START to_move 2
[23:17:59.637] STOP to_move 2 nodes_visited 1849
[23:17:59.639] START to_move 1
[23:17:59.806] STOP to_move 1 nodes_visited 2795
[23:17:59.808] START to_move 2
[23:17:59.888] STOP to_move 2 nodes_visited 1303
[23:17:59.889] START to_move 1
[23:18:00.072] STOP to_move 1 nodes_visited 2913
[23:18:00.073] START to_move 2
[23:18:00.100] STOP to_move 2 nodes_visited 436
[23:18:00.100] START to_move 1
[23:18:00.275] STOP to_move 1 nodes_visited 2748
[23:18:00.276] START to_move 2
[23:18:00.309] STOP to_move 2 nodes_visited 549
[23:18:00.310] START to_move 1
[23:18:00.464] STOP to_move 1 nodes_visited 2453
[23:18:00.465] START to_move 2
[23:18:00.494] STOP to_move 2 nodes_visited 470
[23:18:00.494] START to_move 1
[23:18:00.691] STOP to_move 1 nodes_visited 3238
[23:18:00.693] START to_move 2
[23:18:00.818] STOP to_move 2 nodes_visited 1974
[23:18:00.819] START to_move 1
[23:18:00.949] STOP to_move 1 nodes_visited 2217
[23:18:00.950] START to_move 2
[23:18:01.049] STOP to_move 2 nodes_visited 1590
[23:18:01.050] START to_move 1
[23:18:01.115] STOP to_move 1 nodes_visited 1102
[23:18:01.115] START to_move 2
[23:18:01.393] STOP to_move 2 nodes_visited 4326
[23:18:01.396] START to_move 1
[23:18:01.423] STOP to_move 1 nodes_visited 473
[23:18:01.423] START to_move 2
[23:18:01.620] STOP to_move 2 nodes_visited 3069
[23:18:01.622] START to_move 1
[23:18:01.653] STOP to_move 1 nodes_visited 554
[23:18:01.654] START to_move 2
[23:18:01.821] STOP to_move 2 nodes_visited 2685
[23:18:01.823] START to_move 1
[23:18:01.858] STOP to_move 1 nodes_visited 616
[23:18:01.858] START to_move 2
[23:18:01.925] STOP to_move 2 nodes_visited 1070
[23:18:01.926] START to_move 1
[23:18:01.948] STOP to_move 1 nodes_visited 399
[23:18:01.948] START to_move 2
[23:18:02.098] STOP to_move 2 nodes_visited 2425
[23:18:02.100] START to_move 1
[23:18:02.124] STOP to_move 1 nodes_visited 438
[23:18:02.124] START to_move 2
[23:18:02.224] STOP to_move 2 nodes_visited 1560
[23:18:02.224] START to_move 1
[23:18:02.308] STOP to_move 1 nodes_visited 1392
[23:18:02.309] START to_move 2
[23:18:02.418] STOP to_move 2 nodes_visited 1703
[23:18:02.419] START to_move 1
[23:18:02.482] STOP to_move 1 nodes_visited 1072
[23:18:02.482] START to_move 2
[23:18:02.662] STOP to_move 2 nodes_visited 2861
[23:18:02.664] START to_move 1
[23:18:02.751] STOP to_move 1 nodes_visited 1473
[23:18:02.752] START to_move 2
[23:18:02.932] STOP to_move 2 nodes_visited 2817
[23:18:02.934] START to_move 1
[23:18:02.983] STOP to_move 1 nodes_visited 840
[23:18:02.983] START to_move 2
[23:18:03.045] STOP to_move 2 nodes_visited 997
[23:18:03.045] START to_move 1
[23:18:03.093] STOP to_move 1 nodes_visited 836
[23:18:03.094] START to_move 2
[23:18:03.156] STOP to_move 2 nodes_visited 1007
[23:18:03.156] START to_move 1
[23:18:03.210] STOP to_move 1 nodes_visited 892
[23:18:03.210] START to_move 2
[23:18:03.276] STOP to_move 2 nodes_visited 1072
[23:18:03.277] START to_move 1
[23:18:03.327] STOP to_move 1 nodes_visited 879
[23:18:03.327] START to_move 2
[23:18:03.392] STOP to_move 2 nodes_visited 1038
[23:18:03.392] START to_move 1
[23:18:03.540] STOP to_move 1 nodes_visited 2447
[23:18:03.541] START to_move 2
[23:18:03.647] STOP to_move 2 nodes_visited 1619
[23:18:03.648] START to_move 1
[23:18:03.692] STOP to_move 1 nodes_visited 771
[23:18:03.693] START to_move 2
[23:18:03.758] STOP to_move 2 nodes_visited 1018
[23:18:03.759] START to_move 1
[23:18:03.847] STOP to_move 1 nodes_visited 1507
[23:18:03.848] START to_move 2
[23:18:03.908] STOP to_move 2 nodes_visited 965
[23:18:03.908] START to_move 1
[23:18:04.004] STOP to_move 1 nodes_visited 1597
[23:18:04.005] START to_move 2
[23:18:04.069] STOP to_move 2 nodes_visited 1011
[23:18:04.070] START to_move 1
[23:18:04.175] STOP to_move 1 nodes_visited 1744
[23:18:04.176] START to_move 2
[23:18:04.243] STOP to_move 2 nodes_visited 1084
[23:18:04.243] START to_move 1
[23:18:04.331] STOP to_move 1 nodes_visited 1477
[23:18:04.332] START to_move 2
[23:18:04.451] STOP to_move 2 nodes_visited 1924
[23:18:04.452] START to_move 1
[23:18:04.548] STOP to_move 1 nodes_visited 1632
[23:18:04.549] START to_move 2
[23:18:04.576] STOP to_move 2 nodes_visited 437
[23:18:04.577] START to_move 1
[23:18:04.675] STOP to_move 1 nodes_visited 1653
[23:18:04.676] START to_move 2
[23:18:04.753] STOP to_move 2 nodes_visited 1247
[23:18:04.753] START to_move 1
[23:18:04.843] STOP to_move 1 nodes_visited 1506
[23:18:04.844] START to_move 2
[23:18:04.876] STOP to_move 2 nodes_visited 532
[23:18:04.876] START to_move 1
[23:18:04.918] STOP to_move 1 nodes_visited 723
[23:18:04.918] START to_move 2
[23:18:04.941] STOP to_move 2 nodes_visited 381
[23:18:04.941] START to_move 1
[23:18:04.984] STOP to_move 1 nodes_visited 766
[23:18:04.985] START to_move 2
[23:18:05.008] STOP to_move 2 nodes_visited 384
[23:18:05.008] START to_move 1
[23:18:05.048] STOP to_move 1 nodes_visited 709
[23:18:05.049] START to_move 2
[23:18:05.068] STOP to_move 2 nodes_visited 332
[23:18:05.069] START to_move 1
[23:18:05.111] STOP to_move 1 nodes_visited 709
[23:18:05.111] START to_move 2
[23:18:05.131] STOP to_move 2 nodes_visited 332
[23:18:05.131] START to_move 1
[23:18:05.172] STOP to_move 1 nodes_visited 709
[23:18:05.172] START to_move 2
[23:18:05.192] STOP to_move 2 nodes_visited 336
[23:18:05.192] START to_move 1
[23:18:05.226] STOP to_move 1 nodes_visited 595
[23:18:05.226] START to_move 2
[23:18:05.244] STOP to_move 2 nodes_visited 311
[23:18:05.245] START to_move 1
[23:18:05.279] STOP to_move 1 nodes_visited 599
[23:18:05.279] START to_move 2
[23:18:05.305] STOP to_move 2 nodes_visited 431
[23:18:05.305] START to_move 1
[23:18:05.340] STOP to_move 1 nodes_visited 613
[23:18:05.341] START to_move 2
[23:18:05.363] STOP to_move 2 nodes_visited 369
[23:18:05.363] START to_move 1
[23:18:05.379] STOP to_move 1 nodes_visited 278
[23:18:05.379] START to_move 2
[23:18:05.402] STOP to_move 2 nodes_visited 359
[23:18:05.402] START to_move 1
[23:18:05.414] STOP to_move 1 nodes_visited 210
[23:18:05.414] START to_move 2
[23:18:05.434] STOP to_move 2 nodes_visited 334
[23:18:05.434] START to_move 1
[23:18:05.509] STOP to_move 1 nodes_visited 1290
[23:18:05.510] START to_move 2
[23:18:05.554] STOP to_move 2 nodes_visited 725
[23:18:05.555] START to_move 1
[23:18:05.576] STOP to_move 1 nodes_visited 382
[23:18:05.576] START to_move 2
[23:18:05.596] STOP to_move 2 nodes_visited 324
[23:18:05.596] START to_move 1
[23:18:05.614] STOP to_move 1 nodes_visited 312
[23:18:05.614] START to_move 2
[23:18:05.634] STOP to_move 2 nodes_visited 331
[23:18:05.635] START to_move 1
[23:18:05.653] STOP to_move 1 nodes_visited 321
[23:18:05.653] START to_move 2
[23:18:05.676] STOP to_move 2 nodes_visited 355
[23:18:05.676] START to_move 1
[23:18:05.758] STOP to_move 1 nodes_visited 1412
[23:18:05.759] START to_move 2
[23:18:05.813] STOP to_move 2 nodes_visited 877
[23:18:05.814] START to_move 1
[23:18:05.900] STOP to_move 1 nodes_visited 1452
[23:18:05.900] START to_move 2
[23:18:05.922] STOP to_move 2 nodes_visited 356
[23:18:05.922] START to_move 1
[23:18:05.941] STOP to_move 1 nodes_visited 312
[23:18:05.941] START to_move 2
[23:18:05.964] STOP to_move 2 nodes_visited 378
[23:18:05.964] START to_move 1
[23:18:05.982] STOP to_move 1 nodes_visited 314
[23:18:05.983] START to_move 2
[23:18:06.004] STOP to_move 2 nodes_visited 364
[23:18:06.005] START to_move 1
[23:18:06.023] STOP to_move 1 nodes_visited 323
[23:18:06.023] START to_move 2
[23:18:06.043] STOP to_move 2 nodes_visited 326
[23:18:06.043] START to_move 1
[23:18:06.062] STOP to_move 1 nodes_visited 322
[23:18:06.062] START to_move 2
[23:18:06.084] STOP to_move 2 nodes_visited 363
[23:18:06.084] START to_move 1
[23:18:06.103] STOP to_move 1 nodes_visited 322
[23:18:06.103] START to_move 2
[23:18:06.127] STOP to_move 2 nodes_visited 392
[23:18:06.127] START to_move 1
[23:18:06.145] STOP to_move 1 nodes_visited 320
[23:18:06.145] START to_move 2
[23:18:06.168] STOP to_move 2 nodes_visited 384
[23:18:06.169] START to_move 1
[23:18:06.187] STOP to_move 1 nodes_visited 314
[23:18:06.187] START to_move 2
[23:18:06.210] STOP to_move 2 nodes_visited 380
[23:18:06.210] START to_move 1
[23:18:06.228] STOP to_move 1 nodes_visited 302
[23:18:06.229] START to_move 2
[23:18:06.252] STOP to_move 2 nodes_visited 388
[23:18:06.252] START to_move 1
[23:18:06.270] STOP to_move 1 nodes_visited 312
[23:18:06.270] START to_move 2
[23:18:06.294] STOP to_move 2 nodes_visited 396
[23:18:06.294] START to_move 1
[23:18:06.312] STOP to_move 1 nodes_visited 303
[23:18:06.312] START to_move 2
[23:18:06.327] STOP to_move 2 nodes_visited 266
[23:18:06.327] START to_move 1
[23:18:06.340] STOP to_move 1 nodes_visited 221
[23:18:06.340] START to_move 2
[23:18:06.357] STOP to_move 2 nodes_visited 279
[23:18:06.357] START to_move 1
[23:18:06.412] STOP to_move 1 nodes_visited 948
[23:18:06.412] START to_move 2
[23:18:06.429] STOP to_move 2 nodes_visited 275
[23:18:06.429] START to_move 1
[23:18:06.441] STOP to_move 1 nodes_visited 217
[23:18:06.441] START to_move 2
[23:18:06.458] STOP to_move 2 nodes_visited 281
[23:18:06.458] START to_move 1
[23:18:06.470] STOP to_move 1 nodes_visited 219
[23:18:06.470] START to_move 2
[23:18:06.486] STOP to_move 2 nodes_visited 273
[23:18:06.487] START to_move 1
[23:18:06.499] STOP to_move 1 nodes_visited 221
[23:18:06.499] START to_move 2
[23:18:06.517] STOP to_move 2 nodes_visited 280
[23:18:06.517] START to_move 1
[23:18:06.531] STOP to_move 1 nodes_visited 242
[23:18:06.532] START to_move 2
[23:18:06.549] STOP to_move 2 nodes_visited 294
[23:18:06.550] START to_move 1
[23:18:06.563] STOP to_move 1 nodes_visited 230
[23:18:06.563] START to_move 2
[23:18:06.579] STOP to_move 2 nodes_visited 282
[23:18:06.580] START to_move 1
[23:18:06.593] STOP to_move 1 nodes_visited 230
[23:18:06.593] START to_move 2
[23:18:06.610] STOP to_move 2 nodes_visited 291
[23:18:06.610] START to_move 1
[23:18:06.626] STOP to_move 1 nodes_visited 280
[23:18:06.626] START to_move 2
[23:18:06.643] STOP to_move 2 nodes_visited 273
[23:18:06.643] START to_move 1
[23:18:06.658] STOP to_move 1 nodes_visited 274
[23:18:06.658] START to_move 2
[23:18:06.674] STOP to_move 2 nodes_visited 255
[23:18:06.674] START to_move 1
[23:18:06.686] STOP to_move 1 nodes_visited 222
[23:18:06.686] START to_move 2
[23:18:06.702] STOP to_move 2 nodes_visited 259
[23:18:06.702] START to_move 1
[23:18:06.714] STOP to_move 1 nodes_visited 220
[23:18:06.714] START to_move 2
[23:18:06.731] STOP to_move 2 nodes_visited 280
[23:18:06.731] START to_move 1
[23:18:06.782] STOP to_move 1 nodes_visited 871
[23:18:06.782] START to_move 2
[23:18:06.802] STOP to_move 2 nodes_visited 305
[23:18:06.802] START to_move 1
[23:18:06.853] STOP to_move 1 nodes_visited 871
[23:18:06.853] START to_move 2
[23:18:06.870] STOP to_move 2 nodes_visited 287
[23:18:06.870] START to_move 1
[23:18:06.919] STOP to_move 1 nodes_visited 846
[23:18:06.919] START to_move 2
[23:18:06.937] STOP to_move 2 nodes_visited 289
[23:18:06.937] START to_move 1
[23:18:06.951] STOP to_move 1 nodes_visited 246
[23:18:06.952] START to_move 2
[23:18:06.966] STOP to_move 2 nodes_visited 250
[23:18:06.967] START to_move 1
[23:18:06.981] STOP to_move 1 nodes_visited 257
[23:18:06.981] START to_move 2
[23:18:06.996] STOP to_move 2 nodes_visited 241
[23:18:06.996] START to_move 1
[23:18:07.009] STOP to_move 1 nodes_visited 236
[23:18:07.009] START to_move 2
[23:18:07.023] STOP to_move 2 nodes_visited 238
[23:18:07.023] START to_move 1
[23:18:07.036] STOP to_move 1 nodes_visited 233
[23:18:07.037] START to_move 2
[23:18:07.060] STOP to_move 2 nodes_visited 390
[23:18:07.060] START to_move 1
[23:18:07.073] STOP to_move 1 nodes_visited 227
[23:18:07.073] START to_move 2
[23:18:07.098] STOP to_move 2 nodes_visited 390
[23:18:07.098] START to_move 1
[23:18:07.111] STOP to_move 1 nodes_visited 221
[23:18:07.111] START to_move 2
[23:18:07.134] STOP to_move 2 nodes_visited 371
[23:18:07.134] START to_move 1
[23:18:07.146] STOP to_move 1 nodes_visited 215
[23:18:07.146] START to_move 2
[23:18:07.167] STOP to_move 2 nodes_visited 352
[23:18:07.168] START to_move 1
[23:18:07.180] STOP to_move 1 nodes_visited 221
[23:18:07.180] START to_move 2
[23:18:07.203] STOP to_move 2 nodes_visited 371
[23:18:07.203] START to_move 1
[23:18:07.216] STOP to_move 1 nodes_visited 233
[23:18:07.217] START to_move 2
[23:18:07.242] STOP to_move 2 nodes_visited 407
[23:18:07.242] START to_move 1
[23:18:07.255] STOP to_move 1 nodes_visited 233
[23:18:07.255] START to_move 2
[23:18:07.280] STOP to_move 2 nodes_visited 416
[23:18:07.280] START to_move 1
[23:18:07.294] STOP to_move 1 nodes_visited 233
[23:18:07.294] START to_move 2
[23:18:07.317] STOP to_move 2 nodes_visited 380
[23:18:07.317] START to_move 1
[23:18:07.331] STOP to_move 1 nodes_visited 245
[23:18:07.331] START to_move 2
[23:18:07.356] STOP to_move 2 nodes_visited 416
[23:18:07.357] START to_move 1
[23:18:07.371] STOP to_move 1 nodes_visited 248
[23:18:07.371] START to_move 2
[23:18:07.397] STOP to_move 2 nodes_visited 409
[23:18:07.397] START to_move 1
[23:18:07.410] STOP to_move 1 nodes_visited 227
[23:18:07.410] START to_move 2
[23:18:07.431] STOP to_move 2 nodes_visited 343
[23:18:07.431] START to_move 1
[23:18:07.444] STOP to_move 1 nodes_visited 224
[23:18:07.444] START to_move 2
[23:18:07.468] STOP to_move 2 nodes_visited 386
[23:18:07.468] START to_move 1
[23:18:07.481] STOP to_move 1 nodes_visited 230
[23:18:07.481] START to_move 2
[23:18:07.505] STOP to_move 2 nodes_visited 398
[23:18:07.506] START to_move 1
[23:18:07.519] STOP to_move 1 nodes_visited 230
[23:18:07.519] START to_move 2
[23:18:07.578] STOP to_move 2 nodes_visited 959
[23:18:07.578] START to_move 1
[23:18:07.596] STOP to_move 1 nodes_visited 295
[23:18:07.596] START to_move 2
[23:18:07.655] STOP to_move 2 nodes_visited 959
[23:18:07.656] START to_move 1
[23:18:07.700] STOP to_move 1 nodes_visited 706
[23:18:07.700] START to_move 2
[23:18:07.741] STOP to_move 2 nodes_visited 658
[23:18:07.741] START to_move 1
[23:18:07.758] STOP to_move 1 nodes_visited 276
[23:18:07.758] START to_move 2
[23:18:07.775] STOP to_move 2 nodes_visited 286
[23:18:07.775] START to_move 1
[23:18:07.851] STOP to_move 1 nodes_visited 1228
[23:18:07.852] START to_move 2
[23:18:07.870] STOP to_move 2 nodes_visited 300
[23:18:07.870] START to_move 1
[23:18:07.935] STOP to_move 1 nodes_visited 1048
[23:18:07.936] START to_move 2
[23:18:07.946] STOP to_move 2 nodes_visited 169
[23:18:07.946] START to_move 1
[23:18:07.990] STOP to_move 1 nodes_visited 699
[23:18:07.991] START to_move 2
[23:18:08.000] STOP to_move 2 nodes_visited 161
[23:18:08.000] START to_move 1
[23:18:08.030] STOP to_move 1 nodes_visited 517
[23:18:08.030] START to_move 2
[23:18:08.046] STOP to_move 2 nodes_visited 265
[23:18:08.046] START to_move 1
[23:18:08.068] STOP to_move 1 nodes_visited 383
[23:18:08.069] START to_move 2
[23:18:08.078] STOP to_move 2 nodes_visited 154
[23:18:08.078] START to_move 1
[23:18:08.092] STOP to_move 1 nodes_visited 229
[23:18:08.092] START to_move 2
[23:18:08.103] STOP to_move 2 nodes_visited 175
[23:18:08.103] START to_move 1
[23:18:08.110] STOP to_move 1 nodes_visited 133
[23:18:08.110] START to_move 2
[23:18:08.116] STOP to_move 2 nodes_visited 103
[23:18:08.116] START to_move 1
[23:18:08.121] STOP to_move 1 nodes_visited 82
[23:18:08.121] START to_move 2
[23:18:08.130] STOP to_move 2 nodes_visited 150
[23:18:08.130] START to_move 1
[23:18:08.140] STOP to_move 1 nodes_visited 163
[23:18:08.140] START to_move 2
[23:18:08.152] STOP to_move 2 nodes_visited 200
[23:18:08.152] START to_move 1
[23:18:08.164] STOP to_move 1 nodes_visited 211
[23:18:08.165] START to_move 2
[23:18:08.183] STOP to_move 2 nodes_visited 309
[23:18:08.184] START to_move 1
[23:18:08.191] STOP to_move 1 nodes_visited 130
[23:18:08.191] START to_move 2
[23:18:08.211] STOP to_move 2 nodes_visited 338
[23:18:08.211] START to_move 1
[23:18:08.219] STOP to_move 1 nodes_visited 141
[23:18:08.220] START to_move 2
[23:18:08.241] STOP to_move 2 nodes_visited 348
[23:18:08.241] START to_move 1
[23:18:08.251] STOP to_move 1 nodes_visited 172
[23:18:08.251] START to_move 2
[23:18:08.259] STOP to_move 2 nodes_visited 131
[23:18:08.259] START to_move 1
[23:18:08.268] STOP to_move 1 nodes_visited 156
[23:18:08.268] START to_move 2
[23:18:08.277] STOP to_move 2 nodes_visited 135
[23:18:08.277] START to_move 1
[23:18:08.285] STOP to_move 1 nodes_visited 144
[23:18:08.285] START to_move 2
[23:18:08.291] STOP to_move 2 nodes_visited 93
[23:18:08.291] START to_move 1
[23:18:08.295] STOP to_move 1 nodes_visited 70
[23:18:08.295] START to_move 2
[23:18:08.303] STOP to_move 2 nodes_visited 139
[23:18:08.304] START to_move 1
[23:18:08.310] STOP to_move 1 nodes_visited 112
[23:18:08.310] START to_move 2
[23:18:08.318] STOP to_move 2 nodes_visited 129
[23:18:08.318] START to_move 1
[23:18:08.324] STOP to_move 1 nodes_visited 103
[23:18:08.324] START to_move 2
[23:18:08.329] STOP to_move 2 nodes_visited 84
[23:18:08.329] START to_move 1
[23:18:08.333] STOP to_move 1 nodes_visited 65
[23:18:08.333] START to_move 2
[23:18:08.339] STOP to_move 2 nodes_visited 104
[23:18:08.339] START to_move 1
[23:18:08.347] STOP to_move 1 nodes_visited 130
[23:18:08.347] START to_move 2
[23:18:08.352] STOP to_move 2 nodes_visited 80
[23:18:08.352] START to_move 1
[23:18:08.356] STOP to_move 1 nodes_visited 66
[23:18:08.356] START to_move 2
[23:18:08.361] STOP to_move 2 nodes_visited 87
[23:18:08.361] START to_move 1
[23:18:08.364] STOP to_move 1 nodes_visited 57
[23:18:08.364] START to_move 2
[23:18:08.370] STOP to_move 2 nodes_visited 97
[23:18:08.370] START to_move 1
[23:18:08.375] STOP to_move 1 nodes_visited 94
[23:18:08.375] START to_move 2
[23:18:08.379] STOP to_move 2 nodes_visited 72
[23:18:08.380] START to_move 1
[23:18:08.382] STOP to_move 1 nodes_visited 50
[23:18:08.382] START to_move 2
[23:18:08.387] STOP to_move 2 nodes_visited 81
[23:18:08.387] START to_move 1
[23:18:08.392] STOP to_move 1 nodes_visited 89
[23:18:08.392] START to_move 2
[23:18:08.398] STOP to_move 2 nodes_visited 95
[23:18:08.398] START to_move 1
[23:18:08.404] STOP to_move 1 nodes_visited 97
[23:18:08.404] START to_move 2
[23:18:08.407] STOP to_move 2 nodes_visited 55
[23:18:08.407] START to_move 1
[23:18:08.410] STOP to_move 1 nodes_visited 43
[23:18:08.410] START to_move 2
[23:18:08.414] STOP to_move 2 nodes_visited 69
[23:18:08.414] START to_move 1
[23:18:08.416] STOP to_move 1 nodes_visited 41
[23:18:08.416] START to_move 2
[23:18:08.420] STOP to_move 2 nodes_visited 61
[23:18:08.420] START to_move 1
[23:18:08.422] STOP to_move 1 nodes_visited 39
[23:18:08.422] START to_move 2
[23:18:08.425] STOP to_move 2 nodes_visited 63
[23:18:08.425] START to_move 1
[23:18:08.429] STOP to_move 1 nodes_visited 64
[23:18:08.429] START to_move 2
[23:18:08.432] STOP to_move 2 nodes_visited 45
[23:18:08.432] START to_move 1
[23:18:08.434] STOP to_move 1 nodes_visited 36
[23:18:08.434] START to_move 2
[23:18:08.437] STOP to_move 2 nodes_visited 54
[23:18:08.437] START to_move 1
[23:18:08.442] STOP to_move 1 nodes_visited 72
[23:18:08.442] START to_move 2
[23:18:08.445] STOP to_move 2 nodes_visited 59
[23:18:08.445] START to_move 1
[23:18:08.447] STOP to_move 1 nodes_visited 31
[23:18:08.447] START to_move 2
[23:18:08.452] STOP to_move 2 nodes_visited 84
[23:18:08.452] START to_move 1
[23:18:08.455] STOP to_move 1 nodes_visited 61
[23:18:08.455] START to_move 2
[23:18:08.458] STOP to_move 2 nodes_visited 41
[23:18:08.458] START to_move 1
[23:18:08.460] STOP to_move 1 nodes_visited 30
[23:18:08.460] START to_move 2
[23:18:08.462] STOP to_move 2 nodes_visited 39
[23:18:08.462] START to_move 1
[23:18:08.464] STOP to_move 1 nodes_visited 27
[23:18:08.464] START to_move 2
[23:18:08.466] STOP to_move 2 nodes_visited 35
[23:18:08.466] START to_move 1
[23:18:08.467] STOP to_move 1 nodes_visited 18
[23:18:08.467] START to_move 2
[23:18:08.468] STOP to_move 2 nodes_visited 28
[23:18:08.469] START to_move 1
[23:18:08.470] STOP to_move 1 nodes_visited 34
[23:18:08.470] START to_move 2
[23:18:08.473] STOP to_move 2 nodes_visited 37
[23:18:08.473] START to_move 1
[23:18:08.474] STOP to_move 1 nodes_visited 28
[23:18:08.474] START to_move 2
[23:18:08.476] STOP to_move 2 nodes_visited 35
[23:18:08.477] START to_move 1
[23:18:08.478] STOP to_move 1 nodes_visited 27
[23:18:08.478] START to_move 2
[23:18:08.479] STOP to_move 2 nodes_visited 19
[23:18:08.479] START to_move 1
[23:18:08.480] STOP to_move 1 nodes_visited 13
[23:18:08.480] START to_move 2
[23:18:08.481] STOP to_move 2 nodes_visited 16
[23:18:08.481] START to_move 1
[23:18:08.482] STOP to_move 1 nodes_visited 17
[23:18:08.482] START to_move 2
[23:18:08.483] STOP to_move 2 nodes_visited 21
[23:18:08.483] START to_move 1
[23:18:08.484] STOP to_move 1 nodes_visited 25
[23:18:08.485] START to_move 2
[23:18:08.485] STOP to_move 2 nodes_visited 11
[23:18:08.485] START to_move 1
[23:18:08.486] STOP to_move 1 nodes_visited 11
[23:18:08.486] START to_move 2
[23:18:08.487] STOP to_move 2 nodes_visited 12
[23:18:08.487] START to_move 1
[23:18:08.487] STOP to_move 1 nodes_visited 7
[23:18:08.487] START to_move 2
[23:18:08.488] STOP to_move 2 nodes_visited 15
[23:18:08.488] START to_move 1
[23:18:08.489] STOP to_move 1 nodes_visited 15
[23:18:08.489] START to_move 2
[23:18:08.490] STOP to_move 2 nodes_visited 16
[23:18:08.490] START to_move 1
[23:18:08.490] STOP to_move 1 nodes_visited 9
[23:18:08.490] START to_move 2
[23:18:08.491] STOP to_move 2 nodes_visited 19
[23:18:08.491] START to_move 1
[23:18:08.492] STOP to_move 1 nodes_visited 9
[23:18:08.492] START to_move 2
[23:18:08.492] STOP to_move 2 nodes_visited 6
[23:18:08.492] START to_move 1
[23:18:08.493] STOP to_move 1 nodes_visited 8
[23:18:08.493] START to_move 2
[23:18:08.494] STOP to_move 2 nodes_visited 13
[23:18:08.494] START to_move 1
[23:18:08.494] STOP to_move 1 nodes_visited 11
[23:18:08.494] START to_move 2
[23:18:08.495] STOP to_move 2 nodes_visited 8
[23:18:08.495] START to_move 1
[23:18:08.495] STOP to_move 1 nodes_visited 8
[23:18:08.495] START to_move 2
[23:18:08.497] STOP to_move 2 nodes_visited 17
[23:18:08.497] START to_move 1
[23:18:08.497] STOP to_move 1 nodes_visited 11
[23:18:08.497] START to_move 2
[23:18:08.498] STOP to_move 2 nodes_visited 10
[23:18:08.498] START to_move 1
[23:18:08.499] STOP to_move 1 nodes_visited 13
[23:18:08.499] START to_move 2
[23:18:08.500] STOP to_move 2 nodes_visited 23
[23:18:08.500] START to_move 1
[23:18:08.501] STOP to_move 1 nodes_visited 17
[23:18:08.501] START to_move 2
[23:18:08.502] STOP to_move 2 nodes_visited 10
[23:18:08.502] START to_move 1
[23:18:08.503] STOP to_move 1 nodes_visited 13
[23:18:08.503] END winner 1 - rounds 291
