[21:41:45.952] 1 - distance_function manhattan - pruning True
[21:41:45.952] 2 - distance_function euclides - pruning True
[21:41:45.952] START to_move 1
[21:41:46.250] STOP to_move 1 nodes_visited 4471
[21:41:46.253] START to_move 2
[21:41:46.594] STOP to_move 2 nodes_visited 5383
[21:41:46.598] START to_move 1
[21:41:46.716] STOP to_move 1 nodes_visited 1824
[21:41:46.717] START to_move 2
[21:41:46.900] STOP to_move 2 nodes_visited 2997
[21:41:46.902] START to_move 1
[21:41:47.021] STOP to_move 1 nodes_visited 1836
[21:41:47.022] START to_move 2
[21:41:47.189] STOP to_move 2 nodes_visited 2744
[21:41:47.191] START to_move 1
[21:41:47.281] STOP to_move 1 nodes_visited 1450
[21:41:47.282] START to_move 2
[21:41:47.374] STOP to_move 2 nodes_visited 1426
[21:41:47.375] START to_move 1
[21:41:47.546] STOP to_move 1 nodes_visited 2659
[21:41:47.548] START to_move 2
[21:41:47.643] STOP to_move 2 nodes_visited 1485
[21:41:47.644] START to_move 1
[21:41:47.809] STOP to_move 1 nodes_visited 2569
[21:41:47.811] START to_move 2
[21:41:47.891] STOP to_move 2 nodes_visited 1254
[21:41:47.891] START to_move 1
[21:41:48.077] STOP to_move 1 nodes_visited 2925
[21:41:48.078] START to_move 2
[21:41:48.206] STOP to_move 2 nodes_visited 2004
[21:41:48.208] START to_move 1
[21:41:48.374] STOP to_move 1 nodes_visited 2780
[21:41:48.376] START to_move 2
[21:41:48.500] STOP to_move 2 nodes_visited 2025
[21:41:48.501] START to_move 1
[21:41:48.620] STOP to_move 1 nodes_visited 1990
[21:41:48.621] START to_move 2
[21:41:48.725] STOP to_move 2 nodes_visited 1698
[21:41:48.726] START to_move 1
[21:41:48.855] STOP to_move 1 nodes_visited 2203
[21:41:48.856] START to_move 2
[21:41:48.982] STOP to_move 2 nodes_visited 2050
[21:41:48.983] START to_move 1
[21:41:49.111] STOP to_move 1 nodes_visited 2162
[21:41:49.112] START to_move 2
[21:41:49.236] STOP to_move 2 nodes_visited 2039
[21:41:49.237] START to_move 1
[21:41:49.436] STOP to_move 1 nodes_visited 3345
[21:41:49.438] START to_move 2
[21:41:49.710] STOP to_move 2 nodes_visited 4294
[21:41:49.712] START to_move 1
[21:41:49.887] STOP to_move 1 nodes_visited 2912
[21:41:49.888] START to_move 2
[21:41:49.995] STOP to_move 2 nodes_visited 1745
[21:41:49.996] START to_move 1
[21:41:50.086] STOP to_move 1 nodes_visited 1565
[21:41:50.087] START to_move 2
[21:41:50.190] STOP to_move 2 nodes_visited 1663
[21:41:50.191] START to_move 1
[21:41:50.360] STOP to_move 1 nodes_visited 2928
[21:41:50.362] START to_move 2
[21:41:50.499] STOP to_move 2 nodes_visited 2202
[21:41:50.501] START to_move 1
[21:41:50.689] STOP to_move 1 nodes_visited 3126
[21:41:50.691] START to_move 2
[21:41:50.827] STOP to_move 2 nodes_visited 2206
[21:41:50.828] START to_move 1
[21:41:51.008] STOP to_move 1 nodes_visited 3048
[21:41:51.010] START to_move 2
[21:41:51.136] STOP to_move 2 nodes_visited 2049
[21:41:51.137] START to_move 1
[21:41:51.309] STOP to_move 1 nodes_visited 2920
[21:41:51.311] START to_move 2
[21:41:51.468] STOP to_move 2 nodes_visited 2541
[21:41:51.469] START to_move 1
[21:41:51.633] STOP to_move 1 nodes_visited 2816
[21:41:51.634] START to_move 2
[21:41:51.777] STOP to_move 2 nodes_visited 2337
[21:41:51.779] START to_move 1
[21:41:51.929] STOP to_move 1 nodes_visited 2513
[21:41:51.930] START to_move 2
[21:41:52.087] STOP to_move 2 nodes_visited 2600
[21:41:52.088] START to_move 1
[21:41:52.219] STOP to_move 1 nodes_visited 2208
[21:41:52.220] START to_move 2
[21:41:52.334] STOP to_move 2 nodes_visited 1898
[21:41:52.335] START to_move 1
[21:41:52.530] STOP to_move 1 nodes_visited 3327
[21:41:52.532] START to_move 2
[21:41:52.880] STOP to_move 2 nodes_visited 5635
[21:41:52.884] START to_move 1
[21:41:53.061] STOP to_move 1 nodes_visited 3028
[21:41:53.063] START to_move 2
[21:41:53.405] STOP to_move 2 nodes_visited 5580
[21:41:53.409] START to_move 1
[21:41:53.596] STOP to_move 1 nodes_visited 3192
[21:41:53.598] START to_move 2
[21:41:53.995] STOP to_move 2 nodes_visited 6262
[21:41:53.999] START to_move 1
[21:41:54.145] STOP to_move 1 nodes_visited 2475
[21:41:54.146] START to_move 2
[21:41:54.458] STOP to_move 2 nodes_visited 5010
[21:41:54.462] START to_move 1
[21:41:54.532] STOP to_move 1 nodes_visited 1160
[21:41:54.533] START to_move 2
[21:41:54.850] STOP to_move 2 nodes_visited 5141
[21:41:54.853] START to_move 1
[21:41:54.876] STOP to_move 1 nodes_visited 402
[21:41:54.876] START to_move 2
[21:41:55.122] STOP to_move 2 nodes_visited 3983
[21:41:55.125] START to_move 1
[21:41:55.235] STOP to_move 1 nodes_visited 1907
[21:41:55.236] START to_move 2
[21:41:55.483] STOP to_move 2 nodes_visited 4054
[21:41:55.485] START to_move 1
[21:41:55.597] STOP to_move 1 nodes_visited 1907
[21:41:55.598] START to_move 2
[21:41:55.866] STOP to_move 2 nodes_visited 4362
[21:41:55.869] START to_move 1
[21:41:55.981] STOP to_move 1 nodes_visited 1949
[21:41:55.983] START to_move 2
[21:41:56.249] STOP to_move 2 nodes_visited 4363
[21:41:56.251] START to_move 1
[21:41:56.349] STOP to_move 1 nodes_visited 1646
[21:41:56.350] START to_move 2
[21:41:56.562] STOP to_move 2 nodes_visited 3397
[21:41:56.564] START to_move 1
[21:41:56.653] STOP to_move 1 nodes_visited 1544
[21:41:56.654] START to_move 2
[21:41:56.845] STOP to_move 2 nodes_visited 3078
[21:41:56.847] START to_move 1
[21:41:56.936] STOP to_move 1 nodes_visited 1534
[21:41:56.937] START to_move 2
[21:41:57.128] STOP to_move 2 nodes_visited 3079
[21:41:57.130] START to_move 1
[21:41:57.219] STOP to_move 1 nodes_visited 1544
[21:41:57.220] START to_move 2
[21:41:57.415] STOP to_move 2 nodes_visited 3140
[21:41:57.417] START to_move 1
[21:41:57.495] STOP to_move 1 nodes_visited 1359
[21:41:57.496] START to_move 2
[21:41:57.690] STOP to_move 2 nodes_visited 3135
[21:41:57.692] START to_move 1
[21:41:57.799] STOP to_move 1 nodes_visited 1750
[21:41:57.800] START to_move 2
[21:41:57.923] STOP to_move 2 nodes_visited 1988
[21:41:57.924] START to_move 1
[21:41:57.943] STOP to_move 1 nodes_visited 339
[21:41:57.943] START to_move 2
[21:41:58.054] STOP to_move 2 nodes_visited 1817
[21:41:58.055] START to_move 1
[21:41:58.074] STOP to_move 1 nodes_visited 335
[21:41:58.074] START to_move 2
[21:41:58.193] STOP to_move 2 nodes_visited 1938
[21:41:58.194] START to_move 1
[21:41:58.213] STOP to_move 1 nodes_visited 333
[21:41:58.213] START to_move 2
[21:41:58.417] STOP to_move 2 nodes_visited 3223
[21:41:58.419] START to_move 1
[21:41:58.438] STOP to_move 1 nodes_visited 335
[21:41:58.438] START to_move 2
[21:41:58.515] STOP to_move 2 nodes_visited 1266
[21:41:58.515] START to_move 1
[21:41:58.534] STOP to_move 1 nodes_visited 344
[21:41:58.535] START to_move 2
[21:41:58.655] STOP to_move 2 nodes_visited 1924
[21:41:58.656] START to_move 1
[21:41:58.675] STOP to_move 1 nodes_visited 349
[21:41:58.675] START to_move 2
[21:41:58.793] STOP to_move 2 nodes_visited 1926
[21:41:58.794] START to_move 1
[21:41:58.925] STOP to_move 1 nodes_visited 2194
[21:41:58.926] START to_move 2
[21:41:59.065] STOP to_move 2 nodes_visited 2284
[21:41:59.067] START to_move 1
[21:41:59.185] STOP to_move 1 nodes_visited 1970
[21:41:59.187] START to_move 2
[21:41:59.326] STOP to_move 2 nodes_visited 2290
[21:41:59.327] START to_move 1
[21:41:59.443] STOP to_move 1 nodes_visited 1920
[21:41:59.444] START to_move 2
[21:41:59.506] STOP to_move 2 nodes_visited 1027
[21:41:59.506] START to_move 1
[21:41:59.611] STOP to_move 1 nodes_visited 1790
[21:41:59.612] START to_move 2
[21:41:59.673] STOP to_move 2 nodes_visited 1023
[21:41:59.673] START to_move 1
[21:41:59.787] STOP to_move 1 nodes_visited 1916
[21:41:59.788] START to_move 2
[21:41:59.850] STOP to_move 2 nodes_visited 1049
[21:41:59.851] START to_move 1
[21:41:59.964] STOP to_move 1 nodes_visited 1889
[21:41:59.965] START to_move 2
[21:42:00.002] STOP to_move 2 nodes_visited 610
[21:42:00.002] START to_move 1
[21:42:00.111] STOP to_move 1 nodes_visited 1843
[21:42:00.112] START to_move 2
[21:42:00.163] STOP to_move 2 nodes_visited 849
[21:42:00.164] START to_move 1
[21:42:00.268] STOP to_move 1 nodes_visited 1739
[21:42:00.269] START to_move 2
[21:42:00.321] STOP to_move 2 nodes_visited 864
[21:42:00.322] START to_move 1
[21:42:00.421] STOP to_move 1 nodes_visited 1689
[21:42:00.422] START to_move 2
[21:42:00.476] STOP to_move 2 nodes_visited 864
[21:42:00.477] START to_move 1
[21:42:00.560] STOP to_move 1 nodes_visited 1394
[21:42:00.560] START to_move 2
[21:42:00.610] STOP to_move 2 nodes_visited 824
[21:42:00.610] START to_move 1
[21:42:00.689] STOP to_move 1 nodes_visited 1332
[21:42:00.690] START to_move 2
[21:42:00.738] STOP to_move 2 nodes_visited 802
[21:42:00.738] START to_move 1
[21:42:00.819] STOP to_move 1 nodes_visited 1342
[21:42:00.820] START to_move 2
[21:42:00.867] STOP to_move 2 nodes_visited 782
[21:42:00.868] START to_move 1
[21:42:00.924] STOP to_move 1 nodes_visited 987
[21:42:00.925] START to_move 2
[21:42:00.962] STOP to_move 2 nodes_visited 623
[21:42:00.962] START to_move 1
[21:42:01.012] STOP to_move 1 nodes_visited 832
[21:42:01.012] START to_move 2
[21:42:01.040] STOP to_move 2 nodes_visited 465
[21:42:01.041] START to_move 1
[21:42:01.087] STOP to_move 1 nodes_visited 808
[21:42:01.087] START to_move 2
[21:42:01.114] STOP to_move 2 nodes_visited 444
[21:42:01.114] START to_move 1
[21:42:01.142] STOP to_move 1 nodes_visited 480
[21:42:01.142] START to_move 2
[21:42:01.172] STOP to_move 2 nodes_visited 481
[21:42:01.172] START to_move 1
[21:42:01.192] STOP to_move 1 nodes_visited 354
[21:42:01.192] START to_move 2
[21:42:01.221] STOP to_move 2 nodes_visited 481
[21:42:01.222] START to_move 1
[21:42:01.238] STOP to_move 1 nodes_visited 293
[21:42:01.238] START to_move 2
[21:42:01.268] STOP to_move 2 nodes_visited 502
[21:42:01.268] START to_move 1
[21:42:01.307] STOP to_move 1 nodes_visited 656
[21:42:01.307] START to_move 2
[21:42:01.327] STOP to_move 2 nodes_visited 335
[21:42:01.328] START to_move 1
[21:42:01.369] STOP to_move 1 nodes_visited 732
[21:42:01.369] START to_move 2
[21:42:01.390] STOP to_move 2 nodes_visited 355
[21:42:01.390] START to_move 1
[21:42:01.436] STOP to_move 1 nodes_visited 808
[21:42:01.437] START to_move 2
[21:42:01.457] STOP to_move 2 nodes_visited 349
[21:42:01.457] START to_move 1
[21:42:01.507] STOP to_move 1 nodes_visited 875
[21:42:01.508] START to_move 2
[21:42:01.526] STOP to_move 2 nodes_visited 306
[21:42:01.526] START to_move 1
[21:42:01.564] STOP to_move 1 nodes_visited 668
[21:42:01.564] START to_move 2
[21:42:01.586] STOP to_move 2 nodes_visited 337
[21:42:01.586] START to_move 1
[21:42:01.605] STOP to_move 1 nodes_visited 320
[21:42:01.605] START to_move 2
[21:42:01.628] STOP to_move 2 nodes_visited 377
[21:42:01.628] START to_move 1
[21:42:01.642] STOP to_move 1 nodes_visited 259
[21:42:01.642] START to_move 2
[21:42:01.666] STOP to_move 2 nodes_visited 391
[21:42:01.666] START to_move 1
[21:42:01.676] STOP to_move 1 nodes_visited 185
[21:42:01.676] START to_move 2
[21:42:01.691] STOP to_move 2 nodes_visited 251
[21:42:01.691] START to_move 1
[21:42:01.700] STOP to_move 1 nodes_visited 165
[21:42:01.700] START to_move 2
[21:42:01.711] STOP to_move 2 nodes_visited 178
[21:42:01.711] START to_move 1
[21:42:01.720] STOP to_move 1 nodes_visited 162
[21:42:01.720] START to_move 2
[21:42:01.731] STOP to_move 2 nodes_visited 178
[21:42:01.731] START to_move 1
[21:42:01.743] STOP to_move 1 nodes_visited 212
[21:42:01.743] START to_move 2
[21:42:01.758] STOP to_move 2 nodes_visited 246
[21:42:01.758] START to_move 1
[21:42:01.765] STOP to_move 1 nodes_visited 128
[21:42:01.765] START to_move 2
[21:42:01.774] STOP to_move 2 nodes_visited 143
[21:42:01.774] START to_move 1
[21:42:01.782] STOP to_move 1 nodes_visited 144
[21:42:01.782] START to_move 2
[21:42:01.791] STOP to_move 2 nodes_visited 152
[21:42:01.791] START to_move 1
[21:42:01.799] STOP to_move 1 nodes_visited 149
[21:42:01.799] START to_move 2
[21:42:01.807] STOP to_move 2 nodes_visited 127
[21:42:01.807] START to_move 1
[21:42:01.813] STOP to_move 1 nodes_visited 112
[21:42:01.813] START to_move 2
[21:42:01.818] STOP to_move 2 nodes_visited 74
[21:42:01.818] START to_move 1
[21:42:01.824] STOP to_move 1 nodes_visited 115
[21:42:01.824] START to_move 2
[21:42:01.832] STOP to_move 2 nodes_visited 132
[21:42:01.832] START to_move 1
[21:42:01.840] STOP to_move 1 nodes_visited 145
[21:42:01.840] START to_move 2
[21:42:01.851] STOP to_move 2 nodes_visited 185
[21:42:01.851] START to_move 1
[21:42:01.857] STOP to_move 1 nodes_visited 109
[21:42:01.858] START to_move 2
[21:42:01.861] STOP to_move 2 nodes_visited 63
[21:42:01.861] START to_move 1
[21:42:01.869] STOP to_move 1 nodes_visited 134
[21:42:01.870] START to_move 2
[21:42:01.874] STOP to_move 2 nodes_visited 73
[21:42:01.874] START to_move 1
[21:42:01.881] STOP to_move 1 nodes_visited 125
[21:42:01.881] START to_move 2
[21:42:01.885] STOP to_move 2 nodes_visited 70
[21:42:01.885] START to_move 1
[21:42:01.892] STOP to_move 1 nodes_visited 105
[21:42:01.892] START to_move 2
[21:42:01.896] STOP to_move 2 nodes_visited 68
[21:42:01.896] END winner 2 - rounds 162
