[22:38:53.340] 1 - distance_function manhattan - pruning True
[22:38:53.340] 2 - distance_function chebyshev - pruning True
[22:38:53.340] START to_move 1
[22:38:53.549] STOP to_move 1 nodes_visited 3480
[22:38:53.552] START to_move 2
[22:38:53.633] STOP to_move 2 nodes_visited 1255
[22:38:53.633] START to_move 1
[22:38:53.839] STOP to_move 1 nodes_visited 3484
[22:38:53.841] START to_move 2
[22:38:53.907] STOP to_move 2 nodes_visited 1073
[22:38:53.907] START to_move 1
[22:38:54.076] STOP to_move 1 nodes_visited 2853
[22:38:54.078] START to_move 2
[22:38:54.106] STOP to_move 2 nodes_visited 464
[22:38:54.106] START to_move 1
[22:38:54.190] STOP to_move 1 nodes_visited 1473
[22:38:54.191] START to_move 2
[22:38:54.493] STOP to_move 2 nodes_visited 4744
[22:38:54.496] START to_move 1
[22:38:54.582] STOP to_move 1 nodes_visited 1460
[22:38:54.582] START to_move 2
[22:38:54.614] STOP to_move 2 nodes_visited 533
[22:38:54.614] START to_move 1
[22:38:54.699] STOP to_move 1 nodes_visited 1469
[22:38:54.699] START to_move 2
[22:38:54.729] STOP to_move 2 nodes_visited 489
[22:38:54.729] START to_move 1
[22:38:54.779] STOP to_move 1 nodes_visited 873
[22:38:54.779] START to_move 2
[22:38:54.829] STOP to_move 2 nodes_visited 814
[22:38:54.829] START to_move 1
[22:38:54.880] STOP to_move 1 nodes_visited 875
[22:38:54.881] START to_move 2
[22:38:54.931] STOP to_move 2 nodes_visited 824
[22:38:54.931] START to_move 1
[22:38:54.991] STOP to_move 1 nodes_visited 1027
[22:38:54.992] START to_move 2
[22:38:55.028] STOP to_move 2 nodes_visited 614
[22:38:55.029] START to_move 1
[22:38:55.168] STOP to_move 1 nodes_visited 2339
[22:38:55.170] START to_move 2
[22:38:55.202] STOP to_move 2 nodes_visited 534
[22:38:55.202] START to_move 1
[22:38:55.345] STOP to_move 1 nodes_visited 2442
[22:38:55.346] START to_move 2
[22:38:55.379] STOP to_move 2 nodes_visited 530
[22:38:55.379] START to_move 1
[22:38:55.512] STOP to_move 1 nodes_visited 2262
[22:38:55.513] START to_move 2
[22:38:55.546] STOP to_move 2 nodes_visited 542
[22:38:55.547] START to_move 1
[22:38:55.684] STOP to_move 1 nodes_visited 2323
[22:38:55.685] START to_move 2
[22:38:55.718] STOP to_move 2 nodes_visited 545
[22:38:55.718] START to_move 1
[22:38:55.853] STOP to_move 1 nodes_visited 2335
[22:38:55.855] START to_move 2
[22:38:55.889] STOP to_move 2 nodes_visited 553
[22:38:55.890] START to_move 1
[22:38:56.025] STOP to_move 1 nodes_visited 2335
[22:38:56.027] START to_move 2
[22:38:56.059] STOP to_move 2 nodes_visited 531
[22:38:56.059] START to_move 1
[22:38:56.087] STOP to_move 1 nodes_visited 516
[22:38:56.088] START to_move 2
[22:38:56.116] STOP to_move 2 nodes_visited 469
[22:38:56.116] START to_move 1
[22:38:56.374] STOP to_move 1 nodes_visited 4378
[22:38:56.376] START to_move 2
[22:38:56.571] STOP to_move 2 nodes_visited 3082
[22:38:56.573] START to_move 1
[22:38:56.605] STOP to_move 1 nodes_visited 580
[22:38:56.605] START to_move 2
[22:38:56.632] STOP to_move 2 nodes_visited 457
[22:38:56.633] START to_move 1
[22:38:56.779] STOP to_move 1 nodes_visited 2502
[22:38:56.780] START to_move 2
[22:38:56.813] STOP to_move 2 nodes_visited 545
[22:38:56.814] START to_move 1
[22:38:56.969] STOP to_move 1 nodes_visited 2633
[22:38:56.971] START to_move 2
[22:38:57.002] STOP to_move 2 nodes_visited 523
[22:38:57.002] START to_move 1
[22:38:57.322] STOP to_move 1 nodes_visited 5272
[22:38:57.325] START to_move 2
[22:38:57.364] STOP to_move 2 nodes_visited 636
[22:38:57.364] START to_move 1
[22:38:57.392] STOP to_move 1 nodes_visited 493
[22:38:57.392] START to_move 2
[22:38:57.482] STOP to_move 2 nodes_visited 1435
[22:38:57.483] START to_move 1
[22:38:57.514] STOP to_move 1 nodes_visited 547
[22:38:57.514] START to_move 2
[22:38:57.698] STOP to_move 2 nodes_visited 2877
[22:38:57.699] START to_move 1
[22:38:57.730] STOP to_move 1 nodes_visited 548
[22:38:57.730] START to_move 2
[22:38:57.820] STOP to_move 2 nodes_visited 1435
[22:38:57.821] START to_move 1
[22:38:57.902] STOP to_move 1 nodes_visited 1407
[22:38:57.903] START to_move 2
[22:38:57.995] STOP to_move 2 nodes_visited 1436
[22:38:57.996] START to_move 1
[22:38:58.077] STOP to_move 1 nodes_visited 1407
[22:38:58.078] START to_move 2
[22:38:58.170] STOP to_move 2 nodes_visited 1481
[22:38:58.171] START to_move 1
[22:38:58.256] STOP to_move 1 nodes_visited 1438
[22:38:58.257] START to_move 2
[22:38:58.350] STOP to_move 2 nodes_visited 1501
[22:38:58.351] START to_move 1
[22:38:58.435] STOP to_move 1 nodes_visited 1449
[22:38:58.436] START to_move 2
[22:38:58.527] STOP to_move 2 nodes_visited 1423
[22:38:58.527] START to_move 1
[22:38:58.652] STOP to_move 1 nodes_visited 2120
[22:38:58.653] START to_move 2
[22:38:58.679] STOP to_move 2 nodes_visited 431
[22:38:58.680] START to_move 1
[22:38:58.794] STOP to_move 1 nodes_visited 1914
[22:38:58.795] START to_move 2
[22:38:58.826] STOP to_move 2 nodes_visited 507
[22:38:58.826] START to_move 1
[22:38:58.916] STOP to_move 1 nodes_visited 1572
[22:38:58.917] START to_move 2
[22:38:58.946] STOP to_move 2 nodes_visited 487
[22:38:58.946] START to_move 1
[22:38:59.074] STOP to_move 1 nodes_visited 2179
[22:38:59.075] START to_move 2
[22:38:59.105] STOP to_move 2 nodes_visited 500
[22:38:59.106] START to_move 1
[22:38:59.250] STOP to_move 1 nodes_visited 2500
[22:38:59.251] START to_move 2
[22:38:59.283] STOP to_move 2 nodes_visited 505
[22:38:59.284] START to_move 1
[22:38:59.310] STOP to_move 1 nodes_visited 478
[22:38:59.310] START to_move 2
[22:38:59.336] STOP to_move 2 nodes_visited 429
[22:38:59.336] START to_move 1
[22:38:59.364] STOP to_move 1 nodes_visited 490
[22:38:59.364] START to_move 2
[22:38:59.390] STOP to_move 2 nodes_visited 425
[22:38:59.390] START to_move 1
[22:38:59.416] STOP to_move 1 nodes_visited 476
[22:38:59.417] START to_move 2
[22:38:59.443] STOP to_move 2 nodes_visited 447
[22:38:59.444] START to_move 1
[22:38:59.470] STOP to_move 1 nodes_visited 476
[22:38:59.471] START to_move 2
[22:38:59.497] STOP to_move 2 nodes_visited 441
[22:38:59.497] START to_move 1
[22:38:59.524] STOP to_move 1 nodes_visited 477
[22:38:59.524] START to_move 2
[22:38:59.551] STOP to_move 2 nodes_visited 447
[22:38:59.551] START to_move 1
[22:38:59.580] STOP to_move 1 nodes_visited 484
[22:38:59.580] START to_move 2
[22:38:59.607] STOP to_move 2 nodes_visited 458
[22:38:59.608] START to_move 1
[22:38:59.635] STOP to_move 1 nodes_visited 489
[22:38:59.635] START to_move 2
[22:38:59.800] STOP to_move 2 nodes_visited 2604
[22:38:59.802] START to_move 1
[22:38:59.836] STOP to_move 1 nodes_visited 573
[22:38:59.836] START to_move 2
[22:38:59.939] STOP to_move 2 nodes_visited 1625
[22:38:59.940] START to_move 1
[22:38:59.967] STOP to_move 1 nodes_visited 483
[22:38:59.967] START to_move 2
[22:39:00.011] STOP to_move 2 nodes_visited 709
[22:39:00.012] START to_move 1
[22:39:00.039] STOP to_move 1 nodes_visited 491
[22:39:00.040] START to_move 2
[22:39:00.083] STOP to_move 2 nodes_visited 704
[22:39:00.083] START to_move 1
[22:39:00.111] STOP to_move 1 nodes_visited 493
[22:39:00.111] START to_move 2
[22:39:00.156] STOP to_move 2 nodes_visited 707
[22:39:00.156] START to_move 1
[22:39:00.180] STOP to_move 1 nodes_visited 417
[22:39:00.180] START to_move 2
[22:39:00.224] STOP to_move 2 nodes_visited 717
[22:39:00.225] START to_move 1
[22:39:00.251] STOP to_move 1 nodes_visited 472
[22:39:00.251] START to_move 2
[22:39:00.293] STOP to_move 2 nodes_visited 668
[22:39:00.293] START to_move 1
[22:39:00.316] STOP to_move 1 nodes_visited 410
[22:39:00.316] START to_move 2
[22:39:00.359] STOP to_move 2 nodes_visited 712
[22:39:00.360] START to_move 1
[22:39:00.382] STOP to_move 1 nodes_visited 410
[22:39:00.383] START to_move 2
[22:39:00.428] STOP to_move 2 nodes_visited 713
[22:39:00.428] START to_move 1
[22:39:00.653] STOP to_move 1 nodes_visited 3746
[22:39:00.655] START to_move 2
[22:39:00.697] STOP to_move 2 nodes_visited 691
[22:39:00.697] START to_move 1
[22:39:00.899] STOP to_move 1 nodes_visited 3461
[22:39:00.901] START to_move 2
[22:39:00.946] STOP to_move 2 nodes_visited 707
[22:39:00.947] START to_move 1
[22:39:01.047] STOP to_move 1 nodes_visited 1737
[22:39:01.048] START to_move 2
[22:39:01.090] STOP to_move 2 nodes_visited 682
[22:39:01.090] START to_move 1
[22:39:01.124] STOP to_move 1 nodes_visited 597
[22:39:01.124] START to_move 2
[22:39:01.151] STOP to_move 2 nodes_visited 448
[22:39:01.152] START to_move 1
[22:39:01.254] STOP to_move 1 nodes_visited 1747
[22:39:01.255] START to_move 2
[22:39:01.284] STOP to_move 2 nodes_visited 482
[22:39:01.285] START to_move 1
[22:39:01.367] STOP to_move 1 nodes_visited 1430
[22:39:01.367] START to_move 2
[22:39:01.396] STOP to_move 2 nodes_visited 479
[22:39:01.396] START to_move 1
[22:39:01.480] STOP to_move 1 nodes_visited 1426
[22:39:01.481] START to_move 2
[22:39:01.510] STOP to_move 2 nodes_visited 479
[22:39:01.510] START to_move 1
[22:39:01.608] STOP to_move 1 nodes_visited 1710
[22:39:01.609] START to_move 2
[22:39:01.656] STOP to_move 2 nodes_visited 752
[22:39:01.656] START to_move 1
[22:39:01.734] STOP to_move 1 nodes_visited 1327
[22:39:01.735] START to_move 2
[22:39:01.760] STOP to_move 2 nodes_visited 418
[22:39:01.761] START to_move 1
[22:39:01.858] STOP to_move 1 nodes_visited 1706
[22:39:01.860] START to_move 2
[22:39:01.889] STOP to_move 2 nodes_visited 484
[22:39:01.889] START to_move 1
[22:39:01.990] STOP to_move 1 nodes_visited 1732
[22:39:01.991] START to_move 2
[22:39:02.021] STOP to_move 2 nodes_visited 480
[22:39:02.021] START to_move 1
[22:39:02.097] STOP to_move 1 nodes_visited 1325
[22:39:02.098] START to_move 2
[22:39:02.125] STOP to_move 2 nodes_visited 458
[22:39:02.125] START to_move 1
[22:39:02.207] STOP to_move 1 nodes_visited 1419
[22:39:02.207] START to_move 2
[22:39:02.361] STOP to_move 2 nodes_visited 2418
[22:39:02.362] START to_move 1
[22:39:02.387] STOP to_move 1 nodes_visited 453
[22:39:02.388] START to_move 2
[22:39:02.413] STOP to_move 2 nodes_visited 414
[22:39:02.413] START to_move 1
[22:39:02.435] STOP to_move 1 nodes_visited 395
[22:39:02.435] START to_move 2
[22:39:02.461] STOP to_move 2 nodes_visited 422
[22:39:02.461] START to_move 1
[22:39:02.489] STOP to_move 1 nodes_visited 514
[22:39:02.490] START to_move 2
[22:39:02.521] STOP to_move 2 nodes_visited 492
[22:39:02.521] START to_move 1
[22:39:02.544] STOP to_move 1 nodes_visited 404
[22:39:02.544] START to_move 2
[22:39:02.573] STOP to_move 2 nodes_visited 489
[22:39:02.574] START to_move 1
[22:39:02.596] STOP to_move 1 nodes_visited 404
[22:39:02.596] START to_move 2
[22:39:02.625] STOP to_move 2 nodes_visited 474
[22:39:02.625] START to_move 1
[22:39:02.647] STOP to_move 1 nodes_visited 394
[22:39:02.647] START to_move 2
[22:39:02.682] STOP to_move 2 nodes_visited 569
[22:39:02.682] START to_move 1
[22:39:02.717] STOP to_move 1 nodes_visited 620
[22:39:02.718] START to_move 2
[22:39:02.746] STOP to_move 2 nodes_visited 461
[22:39:02.746] START to_move 1
[22:39:02.767] STOP to_move 1 nodes_visited 382
[22:39:02.768] START to_move 2
[22:39:02.798] STOP to_move 2 nodes_visited 483
[22:39:02.799] START to_move 1
[22:39:02.819] STOP to_move 1 nodes_visited 360
[22:39:02.819] START to_move 2
[22:39:02.837] STOP to_move 2 nodes_visited 302
[22:39:02.837] START to_move 1
[22:39:02.855] STOP to_move 1 nodes_visited 330
[22:39:02.855] START to_move 2
[22:39:02.873] STOP to_move 2 nodes_visited 296
[22:39:02.873] START to_move 1
[22:39:02.892] STOP to_move 1 nodes_visited 342
[22:39:02.892] START to_move 2
[22:39:02.911] STOP to_move 2 nodes_visited 324
[22:39:02.912] START to_move 1
[22:39:02.938] STOP to_move 1 nodes_visited 468
[22:39:02.939] START to_move 2
[22:39:02.958] STOP to_move 2 nodes_visited 331
[22:39:02.959] START to_move 1
[22:39:02.978] STOP to_move 1 nodes_visited 340
[22:39:02.978] START to_move 2
[22:39:02.998] STOP to_move 2 nodes_visited 336
[22:39:02.998] START to_move 1
[22:39:03.021] STOP to_move 1 nodes_visited 385
[22:39:03.021] START to_move 2
[22:39:03.055] STOP to_move 2 nodes_visited 570
[22:39:03.056] START to_move 1
[22:39:03.124] STOP to_move 1 nodes_visited 1143
[22:39:03.124] START to_move 2
[22:39:03.147] STOP to_move 2 nodes_visited 384
[22:39:03.148] START to_move 1
[22:39:03.220] STOP to_move 1 nodes_visited 1245
[22:39:03.220] START to_move 2
[22:39:03.247] STOP to_move 2 nodes_visited 441
[22:39:03.247] START to_move 1
[22:39:03.269] STOP to_move 1 nodes_visited 387
[22:39:03.269] START to_move 2
[22:39:03.293] STOP to_move 2 nodes_visited 397
[22:39:03.293] START to_move 1
[22:39:03.314] STOP to_move 1 nodes_visited 349
[22:39:03.314] START to_move 2
[22:39:03.341] STOP to_move 2 nodes_visited 446
[22:39:03.341] START to_move 1
[22:39:03.361] STOP to_move 1 nodes_visited 356
[22:39:03.362] START to_move 2
[22:39:03.390] STOP to_move 2 nodes_visited 446
[22:39:03.390] START to_move 1
[22:39:03.409] STOP to_move 1 nodes_visited 341
[22:39:03.409] START to_move 2
[22:39:03.433] STOP to_move 2 nodes_visited 403
[22:39:03.433] START to_move 1
[22:39:03.452] STOP to_move 1 nodes_visited 334
[22:39:03.452] START to_move 2
[22:39:03.476] STOP to_move 2 nodes_visited 403
[22:39:03.476] START to_move 1
[22:39:03.495] STOP to_move 1 nodes_visited 333
[22:39:03.495] START to_move 2
[22:39:03.519] STOP to_move 2 nodes_visited 402
[22:39:03.520] START to_move 1
[22:39:03.538] STOP to_move 1 nodes_visited 337
[22:39:03.539] START to_move 2
[22:39:03.563] STOP to_move 2 nodes_visited 392
[22:39:03.563] START to_move 1
[22:39:03.582] STOP to_move 1 nodes_visited 340
[22:39:03.582] START to_move 2
[22:39:03.668] STOP to_move 2 nodes_visited 1360
[22:39:03.669] START to_move 1
[22:39:03.698] STOP to_move 1 nodes_visited 501
[22:39:03.698] START to_move 2
[22:39:03.707] STOP to_move 2 nodes_visited 153
[22:39:03.707] START to_move 1
[22:39:03.802] STOP to_move 1 nodes_visited 1666
[22:39:03.803] START to_move 2
[22:39:03.811] STOP to_move 2 nodes_visited 145
[22:39:03.812] START to_move 1
[22:39:03.907] STOP to_move 1 nodes_visited 1617
[22:39:03.908] START to_move 2
[22:39:03.916] STOP to_move 2 nodes_visited 143
[22:39:03.916] START to_move 1
[22:39:03.936] STOP to_move 1 nodes_visited 354
[22:39:03.937] START to_move 2
[22:39:03.981] STOP to_move 2 nodes_visited 723
[22:39:03.982] START to_move 1
[22:39:03.998] STOP to_move 1 nodes_visited 278
[22:39:03.998] START to_move 2
[22:39:04.013] STOP to_move 2 nodes_visited 239
[22:39:04.013] START to_move 1
[22:39:04.026] STOP to_move 1 nodes_visited 247
[22:39:04.026] START to_move 2
[22:39:04.041] STOP to_move 2 nodes_visited 247
[22:39:04.041] START to_move 1
[22:39:04.084] STOP to_move 1 nodes_visited 736
[22:39:04.084] START to_move 2
[22:39:04.103] STOP to_move 2 nodes_visited 305
[22:39:04.103] START to_move 1
[22:39:04.116] STOP to_move 1 nodes_visited 233
[22:39:04.116] START to_move 2
[22:39:04.133] STOP to_move 2 nodes_visited 268
[22:39:04.133] START to_move 1
[22:39:04.147] STOP to_move 1 nodes_visited 258
[22:39:04.147] START to_move 2
[22:39:04.163] STOP to_move 2 nodes_visited 265
[22:39:04.164] START to_move 1
[22:39:04.177] STOP to_move 1 nodes_visited 245
[22:39:04.178] START to_move 2
[22:39:04.192] STOP to_move 2 nodes_visited 242
[22:39:04.192] START to_move 1
[22:39:04.205] STOP to_move 1 nodes_visited 223
[22:39:04.205] START to_move 2
[22:39:04.220] STOP to_move 2 nodes_visited 239
[22:39:04.220] START to_move 1
[22:39:04.232] STOP to_move 1 nodes_visited 206
[22:39:04.232] START to_move 2
[22:39:04.246] STOP to_move 2 nodes_visited 239
[22:39:04.246] START to_move 1
[22:39:04.257] STOP to_move 1 nodes_visited 204
[22:39:04.257] START to_move 2
[22:39:04.271] STOP to_move 2 nodes_visited 231
[22:39:04.272] START to_move 1
[22:39:04.282] STOP to_move 1 nodes_visited 195
[22:39:04.282] START to_move 2
[22:39:04.295] STOP to_move 2 nodes_visited 209
[22:39:04.295] START to_move 1
[22:39:04.305] STOP to_move 1 nodes_visited 188
[22:39:04.305] START to_move 2
[22:39:04.325] STOP to_move 2 nodes_visited 304
[22:39:04.325] START to_move 1
[22:39:04.338] STOP to_move 1 nodes_visited 234
[22:39:04.339] START to_move 2
[22:39:04.358] STOP to_move 2 nodes_visited 315
[22:39:04.359] START to_move 1
[22:39:04.371] STOP to_move 1 nodes_visited 233
[22:39:04.372] START to_move 2
[22:39:04.391] STOP to_move 2 nodes_visited 312
[22:39:04.391] START to_move 1
[22:39:04.404] STOP to_move 1 nodes_visited 234
[22:39:04.405] START to_move 2
[22:39:04.424] STOP to_move 2 nodes_visited 303
[22:39:04.424] START to_move 1
[22:39:04.436] STOP to_move 1 nodes_visited 219
[22:39:04.436] START to_move 2
[22:39:04.455] STOP to_move 2 nodes_visited 306
[22:39:04.455] START to_move 1
[22:39:04.469] STOP to_move 1 nodes_visited 241
[22:39:04.469] START to_move 2
[22:39:04.485] STOP to_move 2 nodes_visited 260
[22:39:04.485] START to_move 1
[22:39:04.497] STOP to_move 1 nodes_visited 219
[22:39:04.497] START to_move 2
[22:39:04.514] STOP to_move 2 nodes_visited 260
[22:39:04.514] START to_move 1
[22:39:04.527] STOP to_move 1 nodes_visited 216
[22:39:04.527] START to_move 2
[22:39:04.539] STOP to_move 2 nodes_visited 206
[22:39:04.539] START to_move 1
[22:39:04.551] STOP to_move 1 nodes_visited 214
[22:39:04.551] START to_move 2
[22:39:04.563] STOP to_move 2 nodes_visited 207
[22:39:04.563] START to_move 1
[22:39:04.596] STOP to_move 1 nodes_visited 580
[22:39:04.597] START to_move 2
[22:39:04.609] STOP to_move 2 nodes_visited 210
[22:39:04.609] START to_move 1
[22:39:04.637] STOP to_move 1 nodes_visited 478
[22:39:04.637] START to_move 2
[22:39:04.650] STOP to_move 2 nodes_visited 227
[22:39:04.651] START to_move 1
[22:39:04.662] STOP to_move 1 nodes_visited 213
[22:39:04.663] START to_move 2
[22:39:04.678] STOP to_move 2 nodes_visited 258
[22:39:04.678] START to_move 1
[22:39:04.690] STOP to_move 1 nodes_visited 219
[22:39:04.691] START to_move 2
[22:39:04.706] STOP to_move 2 nodes_visited 252
[22:39:04.706] START to_move 1
[22:39:04.717] STOP to_move 1 nodes_visited 210
[22:39:04.718] START to_move 2
[22:39:04.732] STOP to_move 2 nodes_visited 238
[22:39:04.732] START to_move 1
[22:39:04.743] STOP to_move 1 nodes_visited 201
[22:39:04.743] START to_move 2
[22:39:04.756] STOP to_move 2 nodes_visited 220
[22:39:04.757] START to_move 1
[22:39:04.769] STOP to_move 1 nodes_visited 213
[22:39:04.769] START to_move 2
[22:39:04.783] STOP to_move 2 nodes_visited 240
[22:39:04.783] START to_move 1
[22:39:04.794] STOP to_move 1 nodes_visited 198
[22:39:04.794] START to_move 2
[22:39:04.807] STOP to_move 2 nodes_visited 219
[22:39:04.807] START to_move 1
[22:39:04.819] STOP to_move 1 nodes_visited 183
[22:39:04.819] START to_move 2
[22:39:04.830] STOP to_move 2 nodes_visited 193
[22:39:04.830] START to_move 1
[22:39:04.841] STOP to_move 1 nodes_visited 181
[22:39:04.841] START to_move 2
[22:39:04.853] STOP to_move 2 nodes_visited 202
[22:39:04.853] START to_move 1
[22:39:04.863] STOP to_move 1 nodes_visited 181
[22:39:04.863] START to_move 2
[22:39:04.874] STOP to_move 2 nodes_visited 191
[22:39:04.875] START to_move 1
[22:39:04.885] STOP to_move 1 nodes_visited 180
[22:39:04.885] START to_move 2
[22:39:04.902] STOP to_move 2 nodes_visited 285
[22:39:04.902] START to_move 1
[22:39:04.913] STOP to_move 1 nodes_visited 186
[22:39:04.913] START to_move 2
[22:39:04.925] STOP to_move 2 nodes_visited 202
[22:39:04.925] START to_move 1
[22:39:04.936] STOP to_move 1 nodes_visited 185
[22:39:04.936] START to_move 2
[22:39:04.948] STOP to_move 2 nodes_visited 202
[22:39:04.948] START to_move 1
[22:39:04.958] STOP to_move 1 nodes_visited 176
[22:39:04.958] START to_move 2
[22:39:04.970] STOP to_move 2 nodes_visited 194
[22:39:04.970] START to_move 1
[22:39:04.978] STOP to_move 1 nodes_visited 141
[22:39:04.978] START to_move 2
[22:39:04.988] STOP to_move 2 nodes_visited 168
[22:39:04.988] START to_move 1
[22:39:04.997] STOP to_move 1 nodes_visited 155
[22:39:04.997] START to_move 2
[22:39:05.006] STOP to_move 2 nodes_visited 155
[22:39:05.006] START to_move 1
[22:39:05.015] STOP to_move 1 nodes_visited 147
[22:39:05.015] START to_move 2
[22:39:05.023] STOP to_move 2 nodes_visited 145
[22:39:05.024] START to_move 1
[22:39:05.031] STOP to_move 1 nodes_visited 144
[22:39:05.032] START to_move 2
[22:39:05.040] STOP to_move 2 nodes_visited 145
[22:39:05.040] START to_move 1
[22:39:05.048] STOP to_move 1 nodes_visited 146
[22:39:05.049] START to_move 2
[22:39:05.057] STOP to_move 2 nodes_visited 145
[22:39:05.057] START to_move 1
[22:39:05.066] STOP to_move 1 nodes_visited 149
[22:39:05.066] START to_move 2
[22:39:05.074] STOP to_move 2 nodes_visited 145
[22:39:05.075] START to_move 1
[22:39:05.082] STOP to_move 1 nodes_visited 137
[22:39:05.082] START to_move 2
[22:39:05.090] STOP to_move 2 nodes_visited 137
[22:39:05.090] START to_move 1
[22:39:05.097] STOP to_move 1 nodes_visited 126
[22:39:05.097] START to_move 2
[22:39:05.106] STOP to_move 2 nodes_visited 137
[22:39:05.106] START to_move 1
[22:39:05.113] STOP to_move 1 nodes_visited 134
[22:39:05.113] START to_move 2
[22:39:05.122] STOP to_move 2 nodes_visited 135
[22:39:05.122] START to_move 1
[22:39:05.130] STOP to_move 1 nodes_visited 137
[22:39:05.130] START to_move 2
[22:39:05.139] STOP to_move 2 nodes_visited 139
[22:39:05.139] START to_move 1
[22:39:05.146] STOP to_move 1 nodes_visited 137
[22:39:05.146] START to_move 2
[22:39:05.155] STOP to_move 2 nodes_visited 139
[22:39:05.155] START to_move 1
[22:39:05.163] STOP to_move 1 nodes_visited 149
[22:39:05.163] START to_move 2
[22:39:05.173] STOP to_move 2 nodes_visited 169
[22:39:05.173] START to_move 1
[22:39:05.182] STOP to_move 1 nodes_visited 152
[22:39:05.182] START to_move 2
[22:39:05.199] STOP to_move 2 nodes_visited 284
[22:39:05.199] START to_move 1
[22:39:05.207] STOP to_move 1 nodes_visited 137
[22:39:05.207] START to_move 2
[22:39:05.225] STOP to_move 2 nodes_visited 284
[22:39:05.225] START to_move 1
[22:39:05.232] STOP to_move 1 nodes_visited 128
[22:39:05.232] START to_move 2
[22:39:05.248] STOP to_move 2 nodes_visited 260
[22:39:05.248] START to_move 1
[22:39:05.256] STOP to_move 1 nodes_visited 147
[22:39:05.256] START to_move 2
[22:39:05.262] STOP to_move 2 nodes_visited 94
[22:39:05.262] START to_move 1
[22:39:05.268] STOP to_move 1 nodes_visited 114
[22:39:05.268] START to_move 2
[22:39:05.274] STOP to_move 2 nodes_visited 89
[22:39:05.274] START to_move 1
[22:39:05.280] STOP to_move 1 nodes_visited 114
[22:39:05.280] START to_move 2
[22:39:05.287] STOP to_move 2 nodes_visited 112
[22:39:05.287] START to_move 1
[22:39:05.294] STOP to_move 1 nodes_visited 129
[22:39:05.294] START to_move 2
[22:39:05.306] STOP to_move 2 nodes_visited 197
[22:39:05.306] START to_move 1
[22:39:05.315] STOP to_move 1 nodes_visited 151
[22:39:05.315] START to_move 2
[22:39:05.322] STOP to_move 2 nodes_visited 119
[22:39:05.322] START to_move 1
[22:39:05.328] STOP to_move 1 nodes_visited 120
[22:39:05.328] START to_move 2
[22:39:05.334] STOP to_move 2 nodes_visited 84
[22:39:05.334] START to_move 1
[22:39:05.339] STOP to_move 1 nodes_visited 104
[22:39:05.339] START to_move 2
[22:39:05.345] STOP to_move 2 nodes_visited 89
[22:39:05.345] START to_move 1
[22:39:05.350] STOP to_move 1 nodes_visited 93
[22:39:05.350] START to_move 2
[22:39:05.356] STOP to_move 2 nodes_visited 107
[22:39:05.357] START to_move 1
[22:39:05.364] STOP to_move 1 nodes_visited 115
[22:39:05.364] START to_move 2
[22:39:05.368] STOP to_move 2 nodes_visited 69
[22:39:05.368] START to_move 1
[22:39:05.372] STOP to_move 1 nodes_visited 77
[22:39:05.372] START to_move 2
[22:39:05.377] STOP to_move 2 nodes_visited 78
[22:39:05.377] START to_move 1
[22:39:05.382] STOP to_move 1 nodes_visited 83
[22:39:05.382] START to_move 2
[22:39:05.385] STOP to_move 2 nodes_visited 61
[22:39:05.386] START to_move 1
[22:39:05.390] STOP to_move 1 nodes_visited 73
[22:39:05.390] START to_move 2
[22:39:05.394] STOP to_move 2 nodes_visited 70
[22:39:05.394] START to_move 1
[22:39:05.399] STOP to_move 1 nodes_visited 87
[22:39:05.399] START to_move 2
[22:39:05.402] STOP to_move 2 nodes_visited 55
[22:39:05.402] START to_move 1
[22:39:05.405] STOP to_move 1 nodes_visited 62
[22:39:05.405] START to_move 2
[22:39:05.409] STOP to_move 2 nodes_visited 52
[22:39:05.409] START to_move 1
[22:39:05.412] STOP to_move 1 nodes_visited 49
[22:39:05.412] START to_move 2
[22:39:05.415] STOP to_move 2 nodes_visited 55
[22:39:05.415] START to_move 1
[22:39:05.418] STOP to_move 1 nodes_visited 66
[22:39:05.419] START to_move 2
[22:39:05.422] STOP to_move 2 nodes_visited 52
[22:39:05.422] START to_move 1
[22:39:05.424] STOP to_move 1 nodes_visited 37
[22:39:05.424] START to_move 2
[22:39:05.426] STOP to_move 2 nodes_visited 36
[22:39:05.426] START to_move 1
[22:39:05.428] STOP to_move 1 nodes_visited 36
[22:39:05.428] START to_move 2
[22:39:05.429] STOP to_move 2 nodes_visited 29
[22:39:05.429] START to_move 1
[22:39:05.431] STOP to_move 1 nodes_visited 26
[22:39:05.431] START to_move 2
[22:39:05.432] STOP to_move 2 nodes_visited 26
[22:39:05.432] START to_move 1
[22:39:05.434] STOP to_move 1 nodes_visited 30
[22:39:05.434] START to_move 2
[22:39:05.436] STOP to_move 2 nodes_visited 31
[22:39:05.436] START to_move 1
[22:39:05.437] STOP to_move 1 nodes_visited 24
[22:39:05.437] START to_move 2
[22:39:05.438] STOP to_move 2 nodes_visited 17
[22:39:05.438] START to_move 1
[22:39:05.439] STOP to_move 1 nodes_visited 13
[22:39:05.439] START to_move 2
[22:39:05.440] STOP to_move 2 nodes_visited 13
[22:39:05.440] START to_move 1
[22:39:05.441] STOP to_move 1 nodes_visited 19
[22:39:05.441] START to_move 2
[22:39:05.442] STOP to_move 2 nodes_visited 26
[22:39:05.442] START to_move 1
[22:39:05.443] STOP to_move 1 nodes_visited 17
[22:39:05.443] START to_move 2
[22:39:05.444] STOP to_move 2 nodes_visited 14
[22:39:05.444] START to_move 1
[22:39:05.446] STOP to_move 1 nodes_visited 34
[22:39:05.446] START to_move 2
[22:39:05.447] STOP to_move 2 nodes_visited 23
[22:39:05.448] START to_move 1
[22:39:05.449] STOP to_move 1 nodes_visited 31
[22:39:05.449] START to_move 2
[22:39:05.451] STOP to_move 2 nodes_visited 28
[22:39:05.451] START to_move 1
[22:39:05.453] STOP to_move 1 nodes_visited 27
[22:39:05.453] START to_move 2
[22:39:05.454] STOP to_move 2 nodes_visited 20
[22:39:05.454] START to_move 1
[22:39:05.455] STOP to_move 1 nodes_visited 29
[22:39:05.455] START to_move 2
[22:39:05.457] STOP to_move 2 nodes_visited 25
[22:39:05.457] START to_move 1
[22:39:05.458] STOP to_move 1 nodes_visited 25
[22:39:05.458] START to_move 2
[22:39:05.459] STOP to_move 2 nodes_visited 14
[22:39:05.459] START to_move 1
[22:39:05.461] STOP to_move 1 nodes_visited 23
[22:39:05.461] START to_move 2
[22:39:05.462] STOP to_move 2 nodes_visited 17
[22:39:05.462] START to_move 1
[22:39:05.463] STOP to_move 1 nodes_visited 10
[22:39:05.463] START to_move 2
[22:39:05.463] STOP to_move 2 nodes_visited 9
[22:39:05.463] START to_move 1
[22:39:05.464] STOP to_move 1 nodes_visited 8
[22:39:05.464] START to_move 2
[22:39:05.465] STOP to_move 2 nodes_visited 17
[22:39:05.465] START to_move 1
[22:39:05.465] STOP to_move 1 nodes_visited 10
[22:39:05.465] START to_move 2
[22:39:05.466] STOP to_move 2 nodes_visited 13
[22:39:05.466] START to_move 1
[22:39:05.467] STOP to_move 1 nodes_visited 15
[22:39:05.467] START to_move 2
[22:39:05.468] STOP to_move 2 nodes_visited 17
[22:39:05.484] END winner 0 - rounds 344
