[22:47:01.207] 1 - distance_function manhattan - pruning True
[22:47:01.207] 2 - distance_function euclides - pruning True
[22:47:01.207] START to_move 1
[22:47:01.312] STOP to_move 1 nodes_visited 1706
[22:47:01.313] START to_move 2
[22:47:01.434] STOP to_move 2 nodes_visited 1859
[22:47:01.436] START to_move 1
[22:47:01.504] STOP to_move 1 nodes_visited 1094
[22:47:01.505] START to_move 2
[22:47:01.776] STOP to_move 2 nodes_visited 4245
[22:47:01.778] START to_move 1
[22:47:01.924] STOP to_move 1 nodes_visited 2488
[22:47:01.926] START to_move 2
[22:47:02.113] STOP to_move 2 nodes_visited 3033
[22:47:02.115] START to_move 1
[22:47:02.259] STOP to_move 1 nodes_visited 2415
[22:47:02.260] START to_move 2
[22:47:02.441] STOP to_move 2 nodes_visited 2966
[22:47:02.443] START to_move 1
[22:47:02.523] STOP to_move 1 nodes_visited 1350
[22:47:02.524] START to_move 2
[22:47:02.689] STOP to_move 2 nodes_visited 2708
[22:47:02.691] START to_move 1
[22:47:02.833] STOP to_move 1 nodes_visited 2347
[22:47:02.834] START to_move 2
[22:47:03.166] STOP to_move 2 nodes_visited 5413
[22:47:03.169] START to_move 1
[22:47:03.315] STOP to_move 1 nodes_visited 2393
[22:47:03.316] START to_move 2
[22:47:03.681] STOP to_move 2 nodes_visited 5956
[22:47:03.685] START to_move 1
[22:47:03.746] STOP to_move 1 nodes_visited 1014
[22:47:03.746] START to_move 2
[22:47:03.910] STOP to_move 2 nodes_visited 2697
[22:47:03.912] START to_move 1
[22:47:03.990] STOP to_move 1 nodes_visited 1293
[22:47:03.990] START to_move 2
[22:47:04.178] STOP to_move 2 nodes_visited 3025
[22:47:04.179] START to_move 1
[22:47:04.286] STOP to_move 1 nodes_visited 1758
[22:47:04.287] START to_move 2
[22:47:04.386] STOP to_move 2 nodes_visited 1637
[22:47:04.387] START to_move 1
[22:47:04.493] STOP to_move 1 nodes_visited 1785
[22:47:04.494] START to_move 2
[22:47:04.566] STOP to_move 2 nodes_visited 1172
[22:47:04.567] START to_move 1
[22:47:04.677] STOP to_move 1 nodes_visited 1860
[22:47:04.678] START to_move 2
[22:47:04.931] STOP to_move 2 nodes_visited 4122
[22:47:04.934] START to_move 1
[22:47:05.043] STOP to_move 1 nodes_visited 1839
[22:47:05.044] START to_move 2
[22:47:05.085] STOP to_move 2 nodes_visited 704
[22:47:05.085] START to_move 1
[22:47:05.192] STOP to_move 1 nodes_visited 1856
[22:47:05.193] START to_move 2
[22:47:05.234] STOP to_move 2 nodes_visited 690
[22:47:05.235] START to_move 1
[22:47:05.340] STOP to_move 1 nodes_visited 1795
[22:47:05.341] START to_move 2
[22:47:05.379] STOP to_move 2 nodes_visited 646
[22:47:05.380] START to_move 1
[22:47:05.480] STOP to_move 1 nodes_visited 1749
[22:47:05.481] START to_move 2
[22:47:05.530] STOP to_move 2 nodes_visited 829
[22:47:05.530] START to_move 1
[22:47:05.637] STOP to_move 1 nodes_visited 1830
[22:47:05.638] START to_move 2
[22:47:06.062] STOP to_move 2 nodes_visited 6820
[22:47:06.066] START to_move 1
[22:47:06.172] STOP to_move 1 nodes_visited 1817
[22:47:06.173] START to_move 2
[22:47:06.613] STOP to_move 2 nodes_visited 6915
[22:47:06.618] START to_move 1
[22:47:06.726] STOP to_move 1 nodes_visited 1874
[22:47:06.727] START to_move 2
[22:47:07.187] STOP to_move 2 nodes_visited 7234
[22:47:07.192] START to_move 1
[22:47:07.296] STOP to_move 1 nodes_visited 1811
[22:47:07.297] START to_move 2
[22:47:07.703] STOP to_move 2 nodes_visited 6402
[22:47:07.707] START to_move 1
[22:47:07.814] STOP to_move 1 nodes_visited 1812
[22:47:07.815] START to_move 2
[22:47:08.051] STOP to_move 2 nodes_visited 3766
[22:47:08.053] START to_move 1
[22:47:08.106] STOP to_move 1 nodes_visited 912
[22:47:08.107] START to_move 2
[22:47:08.168] STOP to_move 2 nodes_visited 975
[22:47:08.169] START to_move 1
[22:47:08.260] STOP to_move 1 nodes_visited 1599
[22:47:08.262] START to_move 2
[22:47:08.655] STOP to_move 2 nodes_visited 6218
[22:47:08.659] START to_move 1
[22:47:08.682] STOP to_move 1 nodes_visited 421
[22:47:08.683] START to_move 2
[22:47:09.077] STOP to_move 2 nodes_visited 6241
[22:47:09.081] START to_move 1
[22:47:09.104] STOP to_move 1 nodes_visited 422
[22:47:09.105] START to_move 2
[22:47:09.489] STOP to_move 2 nodes_visited 6084
[22:47:09.492] START to_move 1
[22:47:09.515] STOP to_move 1 nodes_visited 422
[22:47:09.516] START to_move 2
[22:47:09.887] STOP to_move 2 nodes_visited 6007
[22:47:09.891] START to_move 1
[22:47:10.006] STOP to_move 1 nodes_visited 1965
[22:47:10.007] START to_move 2
[22:47:10.224] STOP to_move 2 nodes_visited 3551
[22:47:10.226] START to_move 1
[22:47:10.399] STOP to_move 1 nodes_visited 2941
[22:47:10.401] START to_move 2
[22:47:10.701] STOP to_move 2 nodes_visited 4916
[22:47:10.704] START to_move 1
[22:47:10.873] STOP to_move 1 nodes_visited 2889
[22:47:10.874] START to_move 2
[22:47:11.162] STOP to_move 2 nodes_visited 4692
[22:47:11.164] START to_move 1
[22:47:11.350] STOP to_move 1 nodes_visited 3072
[22:47:11.352] START to_move 2
[22:47:11.623] STOP to_move 2 nodes_visited 4422
[22:47:11.625] START to_move 1
[22:47:11.797] STOP to_move 1 nodes_visited 2931
[22:47:11.799] START to_move 2
[22:47:12.065] STOP to_move 2 nodes_visited 4317
[22:47:12.068] START to_move 1
[22:47:12.241] STOP to_move 1 nodes_visited 3009
[22:47:12.242] START to_move 2
[22:47:12.619] STOP to_move 2 nodes_visited 6065
[22:47:12.623] START to_move 1
[22:47:12.780] STOP to_move 1 nodes_visited 2669
[22:47:12.781] START to_move 2
[22:47:13.050] STOP to_move 2 nodes_visited 4366
[22:47:13.052] START to_move 1
[22:47:13.203] STOP to_move 1 nodes_visited 2636
[22:47:13.204] START to_move 2
[22:47:13.470] STOP to_move 2 nodes_visited 4363
[22:47:13.472] START to_move 1
[22:47:13.638] STOP to_move 1 nodes_visited 2850
[22:47:13.639] START to_move 2
[22:47:13.935] STOP to_move 2 nodes_visited 4695
[22:47:13.938] START to_move 1
[22:47:14.085] STOP to_move 1 nodes_visited 2506
[22:47:14.086] START to_move 2
[22:47:14.395] STOP to_move 2 nodes_visited 4958
[22:47:14.398] START to_move 1
[22:47:14.494] STOP to_move 1 nodes_visited 1674
[22:47:14.495] START to_move 2
[22:47:14.625] STOP to_move 2 nodes_visited 2132
[22:47:14.626] START to_move 1
[22:47:14.727] STOP to_move 1 nodes_visited 1756
[22:47:14.728] START to_move 2
[22:47:14.871] STOP to_move 2 nodes_visited 2329
[22:47:14.872] START to_move 1
[22:47:14.970] STOP to_move 1 nodes_visited 1726
[22:47:14.971] START to_move 2
[22:47:15.120] STOP to_move 2 nodes_visited 2437
[22:47:15.122] START to_move 1
[22:47:15.221] STOP to_move 1 nodes_visited 1749
[22:47:15.222] START to_move 2
[22:47:15.381] STOP to_move 2 nodes_visited 2600
[22:47:15.383] START to_move 1
[22:47:15.479] STOP to_move 1 nodes_visited 1684
[22:47:15.480] START to_move 2
[22:47:15.628] STOP to_move 2 nodes_visited 2406
[22:47:15.629] START to_move 1
[22:47:15.691] STOP to_move 1 nodes_visited 1063
[22:47:15.692] START to_move 2
[22:47:15.836] STOP to_move 2 nodes_visited 2397
[22:47:15.837] START to_move 1
[22:47:15.934] STOP to_move 1 nodes_visited 1668
[22:47:15.935] START to_move 2
[22:47:16.099] STOP to_move 2 nodes_visited 2641
[22:47:16.100] START to_move 1
[22:47:16.136] STOP to_move 1 nodes_visited 629
[22:47:16.136] START to_move 2
[22:47:16.258] STOP to_move 2 nodes_visited 2039
[22:47:16.259] START to_move 1
[22:47:16.282] STOP to_move 1 nodes_visited 414
[22:47:16.283] START to_move 2
[22:47:16.466] STOP to_move 2 nodes_visited 2985
[22:47:16.467] START to_move 1
[22:47:16.490] STOP to_move 1 nodes_visited 410
[22:47:16.490] START to_move 2
[22:47:16.655] STOP to_move 2 nodes_visited 2672
[22:47:16.657] START to_move 1
[22:47:16.679] STOP to_move 1 nodes_visited 392
[22:47:16.679] START to_move 2
[22:47:16.845] STOP to_move 2 nodes_visited 2739
[22:47:16.846] START to_move 1
[22:47:16.867] STOP to_move 1 nodes_visited 371
[22:47:16.868] START to_move 2
[22:47:17.048] STOP to_move 2 nodes_visited 2946
[22:47:17.049] START to_move 1
[22:47:17.073] STOP to_move 1 nodes_visited 403
[22:47:17.073] START to_move 2
[22:47:17.251] STOP to_move 2 nodes_visited 2916
[22:47:17.253] START to_move 1
[22:47:17.276] STOP to_move 1 nodes_visited 406
[22:47:17.276] START to_move 2
[22:47:17.451] STOP to_move 2 nodes_visited 2839
[22:47:17.452] START to_move 1
[22:47:17.487] STOP to_move 1 nodes_visited 578
[22:47:17.488] START to_move 2
[22:47:17.665] STOP to_move 2 nodes_visited 2872
[22:47:17.667] START to_move 1
[22:47:17.689] STOP to_move 1 nodes_visited 399
[22:47:17.690] START to_move 2
[22:47:17.873] STOP to_move 2 nodes_visited 3021
[22:47:17.875] START to_move 1
[22:47:17.975] STOP to_move 1 nodes_visited 1695
[22:47:17.976] START to_move 2
[22:47:18.151] STOP to_move 2 nodes_visited 2918
[22:47:18.152] START to_move 1
[22:47:18.216] STOP to_move 1 nodes_visited 1076
[22:47:18.217] START to_move 2
[22:47:18.387] STOP to_move 2 nodes_visited 2848
[22:47:18.389] START to_move 1
[22:47:18.410] STOP to_move 1 nodes_visited 363
[22:47:18.410] START to_move 2
[22:47:18.540] STOP to_move 2 nodes_visited 2141
[22:47:18.541] START to_move 1
[22:47:18.566] STOP to_move 1 nodes_visited 439
[22:47:18.566] START to_move 2
[22:47:18.688] STOP to_move 2 nodes_visited 2038
[22:47:18.689] START to_move 1
[22:47:18.752] STOP to_move 1 nodes_visited 1082
[22:47:18.753] START to_move 2
[22:47:18.895] STOP to_move 2 nodes_visited 2339
[22:47:18.896] START to_move 1
[22:47:18.957] STOP to_move 1 nodes_visited 1011
[22:47:18.957] START to_move 2
[22:47:19.099] STOP to_move 2 nodes_visited 2362
[22:47:19.101] START to_move 1
[22:47:19.135] STOP to_move 1 nodes_visited 603
[22:47:19.136] START to_move 2
[22:47:19.297] STOP to_move 2 nodes_visited 2629
[22:47:19.298] START to_move 1
[22:47:19.333] STOP to_move 1 nodes_visited 596
[22:47:19.333] START to_move 2
[22:47:19.492] STOP to_move 2 nodes_visited 2529
[22:47:19.493] START to_move 1
[22:47:19.528] STOP to_move 1 nodes_visited 614
[22:47:19.529] START to_move 2
[22:47:19.695] STOP to_move 2 nodes_visited 2715
[22:47:19.696] START to_move 1
[22:47:19.837] STOP to_move 1 nodes_visited 2299
[22:47:19.838] START to_move 2
[22:47:19.999] STOP to_move 2 nodes_visited 2620
[22:47:20.000] START to_move 1
[22:47:20.035] STOP to_move 1 nodes_visited 588
[22:47:20.036] START to_move 2
[22:47:20.157] STOP to_move 2 nodes_visited 1977
[22:47:20.158] START to_move 1
[22:47:20.192] STOP to_move 1 nodes_visited 584
[22:47:20.192] START to_move 2
[22:47:20.296] STOP to_move 2 nodes_visited 1652
[22:47:20.296] START to_move 1
[22:47:20.329] STOP to_move 1 nodes_visited 561
[22:47:20.329] START to_move 2
[22:47:20.418] STOP to_move 2 nodes_visited 1456
[22:47:20.419] START to_move 1
[22:47:20.439] STOP to_move 1 nodes_visited 367
[22:47:20.440] START to_move 2
[22:47:20.517] STOP to_move 2 nodes_visited 1279
[22:47:20.518] START to_move 1
[22:47:20.539] STOP to_move 1 nodes_visited 384
[22:47:20.540] START to_move 2
[22:47:20.749] STOP to_move 2 nodes_visited 3375
[22:47:20.750] START to_move 1
[22:47:20.771] STOP to_move 1 nodes_visited 366
[22:47:20.772] START to_move 2
[22:47:20.954] STOP to_move 2 nodes_visited 2971
[22:47:20.956] START to_move 1
[22:47:20.986] STOP to_move 1 nodes_visited 533
[22:47:20.986] START to_move 2
[22:47:21.145] STOP to_move 2 nodes_visited 2552
[22:47:21.146] START to_move 1
[22:47:21.166] STOP to_move 1 nodes_visited 360
[22:47:21.167] START to_move 2
[22:47:21.308] STOP to_move 2 nodes_visited 2285
[22:47:21.309] START to_move 1
[22:47:21.330] STOP to_move 1 nodes_visited 376
[22:47:21.330] START to_move 2
[22:47:21.486] STOP to_move 2 nodes_visited 2513
[22:47:21.487] START to_move 1
[22:47:21.520] STOP to_move 1 nodes_visited 567
[22:47:21.520] START to_move 2
[22:47:21.584] STOP to_move 2 nodes_visited 1041
[22:47:21.584] START to_move 1
[22:47:21.625] STOP to_move 1 nodes_visited 678
[22:47:21.625] START to_move 2
[22:47:21.679] STOP to_move 2 nodes_visited 890
[22:47:21.680] START to_move 1
[22:47:21.694] STOP to_move 1 nodes_visited 248
[22:47:21.694] START to_move 2
[22:47:21.733] STOP to_move 2 nodes_visited 643
[22:47:21.734] START to_move 1
[22:47:21.747] STOP to_move 1 nodes_visited 241
[22:47:21.747] START to_move 2
[22:47:21.820] STOP to_move 2 nodes_visited 1173
[22:47:21.821] START to_move 1
[22:47:21.855] STOP to_move 1 nodes_visited 589
[22:47:21.855] START to_move 2
[22:47:21.888] STOP to_move 2 nodes_visited 508
[22:47:21.888] START to_move 1
[22:47:21.920] STOP to_move 1 nodes_visited 557
[22:47:21.921] START to_move 2
[22:47:21.957] STOP to_move 2 nodes_visited 599
[22:47:21.958] START to_move 1
[22:47:21.994] STOP to_move 1 nodes_visited 629
[22:47:21.995] START to_move 2
[22:47:22.018] STOP to_move 2 nodes_visited 385
[22:47:22.018] START to_move 1
[22:47:22.056] STOP to_move 1 nodes_visited 660
[22:47:22.057] START to_move 2
[22:47:22.072] STOP to_move 2 nodes_visited 247
[22:47:22.072] START to_move 1
[22:47:22.106] STOP to_move 1 nodes_visited 605
[22:47:22.107] START to_move 2
[22:47:22.122] STOP to_move 2 nodes_visited 262
[22:47:22.122] START to_move 1
[22:47:22.142] STOP to_move 1 nodes_visited 339
[22:47:22.142] START to_move 2
[22:47:22.151] STOP to_move 2 nodes_visited 149
[22:47:22.151] START to_move 1
[22:47:22.162] STOP to_move 1 nodes_visited 197
[22:47:22.162] START to_move 2
[22:47:22.179] STOP to_move 2 nodes_visited 267
[22:47:22.179] START to_move 1
[22:47:22.191] STOP to_move 1 nodes_visited 210
[22:47:22.191] START to_move 2
[22:47:22.268] STOP to_move 2 nodes_visited 1276
[22:47:22.268] START to_move 1
[22:47:22.282] STOP to_move 1 nodes_visited 246
[22:47:22.282] START to_move 2
[22:47:22.353] STOP to_move 2 nodes_visited 1157
[22:47:22.353] START to_move 1
[22:47:22.366] STOP to_move 1 nodes_visited 234
[22:47:22.367] START to_move 2
[22:47:22.400] STOP to_move 2 nodes_visited 563
[22:47:22.401] START to_move 1
[22:47:22.411] STOP to_move 1 nodes_visited 194
[22:47:22.412] START to_move 2
[22:47:22.439] STOP to_move 2 nodes_visited 465
[22:47:22.440] START to_move 1
[22:47:22.448] STOP to_move 1 nodes_visited 128
[22:47:22.448] START to_move 2
[22:47:22.462] STOP to_move 2 nodes_visited 226
[22:47:22.462] START to_move 1
[22:47:22.470] STOP to_move 1 nodes_visited 150
[22:47:22.470] START to_move 2
[22:47:22.487] STOP to_move 2 nodes_visited 292
[22:47:22.488] START to_move 1
[22:47:22.495] STOP to_move 1 nodes_visited 126
[22:47:22.495] START to_move 2
[22:47:22.507] STOP to_move 2 nodes_visited 196
[22:47:22.507] START to_move 1
[22:47:22.514] STOP to_move 1 nodes_visited 130
[22:47:22.514] START to_move 2
[22:47:22.523] STOP to_move 2 nodes_visited 156
[22:47:22.523] START to_move 1
[22:47:22.530] STOP to_move 1 nodes_visited 119
[22:47:22.530] START to_move 2
[22:47:22.534] STOP to_move 2 nodes_visited 60
[22:47:22.534] END winner 2 - rounds 182
