[21:13:52.064] 1 - distance_function manhattan - pruning True
[21:13:52.064] 2 - distance_function chebyshev - pruning True
[21:13:52.064] START to_move 1
[21:13:52.163] STOP to_move 1 nodes_visited 1653
[21:13:52.164] START to_move 2
[21:13:52.362] STOP to_move 2 nodes_visited 3024
[21:13:52.364] START to_move 1
[21:13:52.543] STOP to_move 1 nodes_visited 2841
[21:13:52.545] START to_move 2
[21:13:52.643] STOP to_move 2 nodes_visited 1583
[21:13:52.644] START to_move 1
[21:13:52.728] STOP to_move 1 nodes_visited 1423
[21:13:52.729] START to_move 2
[21:13:52.849] STOP to_move 2 nodes_visited 1873
[21:13:52.850] START to_move 1
[21:13:52.959] STOP to_move 1 nodes_visited 1844
[21:13:52.960] START to_move 2
[21:13:53.044] STOP to_move 2 nodes_visited 1357
[21:13:53.045] START to_move 1
[21:13:53.159] STOP to_move 1 nodes_visited 1889
[21:13:53.160] START to_move 2
[21:13:53.278] STOP to_move 2 nodes_visited 1889
[21:13:53.279] START to_move 1
[21:13:53.391] STOP to_move 1 nodes_visited 1845
[21:13:53.392] START to_move 2
[21:13:53.510] STOP to_move 2 nodes_visited 1851
[21:13:53.511] START to_move 1
[21:13:53.618] STOP to_move 1 nodes_visited 1805
[21:13:53.619] START to_move 2
[21:13:53.705] STOP to_move 2 nodes_visited 1398
[21:13:53.706] START to_move 1
[21:13:53.798] STOP to_move 1 nodes_visited 1603
[21:13:53.799] START to_move 2
[21:13:53.847] STOP to_move 2 nodes_visited 782
[21:13:53.848] START to_move 1
[21:13:53.943] STOP to_move 1 nodes_visited 1631
[21:13:53.944] START to_move 2
[21:13:53.982] STOP to_move 2 nodes_visited 625
[21:13:53.983] START to_move 1
[21:13:54.076] STOP to_move 1 nodes_visited 1627
[21:13:54.077] START to_move 2
[21:13:54.115] STOP to_move 2 nodes_visited 617
[21:13:54.115] START to_move 1
[21:13:54.280] STOP to_move 1 nodes_visited 2802
[21:13:54.282] START to_move 2
[21:13:54.364] STOP to_move 2 nodes_visited 1318
[21:13:54.365] START to_move 1
[21:13:54.436] STOP to_move 1 nodes_visited 1157
[21:13:54.436] START to_move 2
[21:13:54.527] STOP to_move 2 nodes_visited 1452
[21:13:54.528] START to_move 1
[21:13:54.629] STOP to_move 1 nodes_visited 1703
[21:13:54.630] START to_move 2
[21:13:54.735] STOP to_move 2 nodes_visited 1631
[21:13:54.735] START to_move 1
[21:13:54.818] STOP to_move 1 nodes_visited 1451
[21:13:54.819] START to_move 2
[21:13:55.060] STOP to_move 2 nodes_visited 3741
[21:13:55.062] START to_move 1
[21:13:55.140] STOP to_move 1 nodes_visited 1346
[21:13:55.141] START to_move 2
[21:13:55.369] STOP to_move 2 nodes_visited 3620
[21:13:55.372] START to_move 1
[21:13:55.460] STOP to_move 1 nodes_visited 1501
[21:13:55.461] START to_move 2
[21:13:55.614] STOP to_move 2 nodes_visited 2460
[21:13:55.616] START to_move 1
[21:13:55.685] STOP to_move 1 nodes_visited 1213
[21:13:55.685] START to_move 2
[21:13:55.767] STOP to_move 2 nodes_visited 1288
[21:13:55.768] START to_move 1
[21:13:55.839] STOP to_move 1 nodes_visited 1246
[21:13:55.840] START to_move 2
[21:13:55.909] STOP to_move 2 nodes_visited 1121
[21:13:55.910] START to_move 1
[21:13:55.984] STOP to_move 1 nodes_visited 1272
[21:13:55.985] START to_move 2
[21:13:56.047] STOP to_move 2 nodes_visited 990
[21:13:56.048] START to_move 1
[21:13:56.118] STOP to_move 1 nodes_visited 1225
[21:13:56.118] START to_move 2
[21:13:56.180] STOP to_move 2 nodes_visited 997
[21:13:56.180] START to_move 1
[21:13:56.241] STOP to_move 1 nodes_visited 1062
[21:13:56.242] START to_move 2
[21:13:56.303] STOP to_move 2 nodes_visited 965
[21:13:56.303] START to_move 1
[21:13:56.366] STOP to_move 1 nodes_visited 1106
[21:13:56.367] START to_move 2
[21:13:56.499] STOP to_move 2 nodes_visited 2146
[21:13:56.500] START to_move 1
[21:13:56.595] STOP to_move 1 nodes_visited 1621
[21:13:56.596] START to_move 2
[21:13:56.694] STOP to_move 2 nodes_visited 1587
[21:13:56.695] START to_move 1
[21:13:56.866] STOP to_move 1 nodes_visited 2876
[21:13:56.868] START to_move 2
[21:13:56.985] STOP to_move 2 nodes_visited 1836
[21:13:56.986] START to_move 1
[21:13:57.081] STOP to_move 1 nodes_visited 1623
[21:13:57.082] START to_move 2
[21:13:57.160] STOP to_move 2 nodes_visited 1259
[21:13:57.161] START to_move 1
[21:13:57.221] STOP to_move 1 nodes_visited 1033
[21:13:57.221] START to_move 2
[21:13:57.395] STOP to_move 2 nodes_visited 2763
[21:13:57.397] START to_move 1
[21:13:57.494] STOP to_move 1 nodes_visited 1678
[21:13:57.495] START to_move 2
[21:13:57.607] STOP to_move 2 nodes_visited 1763
[21:13:57.608] START to_move 1
[21:13:57.711] STOP to_move 1 nodes_visited 1786
[21:13:57.712] START to_move 2
[21:13:57.841] STOP to_move 2 nodes_visited 2049
[21:13:57.842] START to_move 1
[21:13:57.943] STOP to_move 1 nodes_visited 1766
[21:13:57.944] START to_move 2
[21:13:58.068] STOP to_move 2 nodes_visited 2006
[21:13:58.069] START to_move 1
[21:13:58.177] STOP to_move 1 nodes_visited 1829
[21:13:58.178] START to_move 2
[21:13:58.290] STOP to_move 2 nodes_visited 1799
[21:13:58.291] START to_move 1
[21:13:58.378] STOP to_move 1 nodes_visited 1459
[21:13:58.379] START to_move 2
[21:13:58.495] STOP to_move 2 nodes_visited 1866
[21:13:58.496] START to_move 1
[21:13:58.672] STOP to_move 1 nodes_visited 2935
[21:13:58.674] START to_move 2
[21:13:58.791] STOP to_move 2 nodes_visited 1889
[21:13:58.792] START to_move 1
[21:13:58.891] STOP to_move 1 nodes_visited 1654
[21:13:58.892] START to_move 2
[21:13:59.003] STOP to_move 2 nodes_visited 1797
[21:13:59.004] START to_move 1
[21:13:59.098] STOP to_move 1 nodes_visited 1608
[21:13:59.098] START to_move 2
[21:13:59.222] STOP to_move 2 nodes_visited 1925
[21:13:59.223] START to_move 1
[21:13:59.319] STOP to_move 1 nodes_visited 1635
[21:13:59.320] START to_move 2
[21:13:59.384] STOP to_move 2 nodes_visited 1032
[21:13:59.384] START to_move 1
[21:13:59.552] STOP to_move 1 nodes_visited 2769
[21:13:59.554] START to_move 2
[21:13:59.611] STOP to_move 2 nodes_visited 940
[21:13:59.612] START to_move 1
[21:13:59.664] STOP to_move 1 nodes_visited 891
[21:13:59.665] START to_move 2
[21:13:59.721] STOP to_move 2 nodes_visited 890
[21:13:59.721] START to_move 1
[21:13:59.823] STOP to_move 1 nodes_visited 1730
[21:13:59.824] START to_move 2
[21:13:59.875] STOP to_move 2 nodes_visited 841
[21:13:59.876] START to_move 1
[21:13:59.971] STOP to_move 1 nodes_visited 1622
[21:13:59.972] START to_move 2
[21:14:00.018] STOP to_move 2 nodes_visited 749
[21:14:00.018] START to_move 1
[21:14:00.111] STOP to_move 1 nodes_visited 1610
[21:14:00.112] START to_move 2
[21:14:00.155] STOP to_move 2 nodes_visited 702
[21:14:00.155] START to_move 1
[21:14:00.258] STOP to_move 1 nodes_visited 1723
[21:14:00.259] START to_move 2
[21:14:00.309] STOP to_move 2 nodes_visited 815
[21:14:00.309] START to_move 1
[21:14:00.422] STOP to_move 1 nodes_visited 1951
[21:14:00.423] START to_move 2
[21:14:00.450] STOP to_move 2 nodes_visited 451
[21:14:00.451] START to_move 1
[21:14:00.525] STOP to_move 1 nodes_visited 1262
[21:14:00.525] START to_move 2
[21:14:00.552] STOP to_move 2 nodes_visited 445
[21:14:00.552] START to_move 1
[21:14:00.630] STOP to_move 1 nodes_visited 1342
[21:14:00.630] START to_move 2
[21:14:00.657] STOP to_move 2 nodes_visited 439
[21:14:00.657] START to_move 1
[21:14:00.732] STOP to_move 1 nodes_visited 1264
[21:14:00.732] START to_move 2
[21:14:00.754] STOP to_move 2 nodes_visited 369
[21:14:00.754] START to_move 1
[21:14:00.831] STOP to_move 1 nodes_visited 1332
[21:14:00.831] START to_move 2
[21:14:00.852] STOP to_move 2 nodes_visited 351
[21:14:00.852] START to_move 1
[21:14:00.920] STOP to_move 1 nodes_visited 1189
[21:14:00.921] START to_move 2
[21:14:00.944] STOP to_move 2 nodes_visited 403
[21:14:00.945] START to_move 1
[21:14:01.045] STOP to_move 1 nodes_visited 1664
[21:14:01.046] START to_move 2
[21:14:01.071] STOP to_move 2 nodes_visited 411
[21:14:01.071] START to_move 1
[21:14:01.188] STOP to_move 1 nodes_visited 1944
[21:14:01.189] START to_move 2
[21:14:01.208] STOP to_move 2 nodes_visited 326
[21:14:01.209] START to_move 1
[21:14:01.329] STOP to_move 1 nodes_visited 2034
[21:14:01.330] START to_move 2
[21:14:01.362] STOP to_move 2 nodes_visited 527
[21:14:01.362] START to_move 1
[21:14:01.474] STOP to_move 1 nodes_visited 1909
[21:14:01.475] START to_move 2
[21:14:01.502] STOP to_move 2 nodes_visited 453
[21:14:01.502] START to_move 1
[21:14:01.602] STOP to_move 1 nodes_visited 1696
[21:14:01.603] START to_move 2
[21:14:01.648] STOP to_move 2 nodes_visited 723
[21:14:01.648] START to_move 1
[21:14:01.732] STOP to_move 1 nodes_visited 1446
[21:14:01.732] START to_move 2
[21:14:01.773] STOP to_move 2 nodes_visited 663
[21:14:01.774] START to_move 1
[21:14:01.850] STOP to_move 1 nodes_visited 1311
[21:14:01.851] START to_move 2
[21:14:01.869] STOP to_move 2 nodes_visited 302
[21:14:01.869] START to_move 1
[21:14:01.951] STOP to_move 1 nodes_visited 1424
[21:14:01.951] START to_move 2
[21:14:01.972] STOP to_move 2 nodes_visited 351
[21:14:01.973] START to_move 1
[21:14:01.989] STOP to_move 1 nodes_visited 296
[21:14:01.989] START to_move 2
[21:14:02.006] STOP to_move 2 nodes_visited 290
[21:14:02.006] START to_move 1
[21:14:02.023] STOP to_move 1 nodes_visited 306
[21:14:02.023] START to_move 2
[21:14:02.040] STOP to_move 2 nodes_visited 290
[21:14:02.040] START to_move 1
[21:14:02.058] STOP to_move 1 nodes_visited 296
[21:14:02.058] START to_move 2
[21:14:02.075] STOP to_move 2 nodes_visited 292
[21:14:02.075] START to_move 1
[21:14:02.092] STOP to_move 1 nodes_visited 296
[21:14:02.092] START to_move 2
[21:14:02.109] STOP to_move 2 nodes_visited 292
[21:14:02.109] START to_move 1
[21:14:02.224] STOP to_move 1 nodes_visited 1962
[21:14:02.225] START to_move 2
[21:14:02.242] STOP to_move 2 nodes_visited 288
[21:14:02.242] START to_move 1
[21:14:02.323] STOP to_move 1 nodes_visited 1354
[21:14:02.324] START to_move 2
[21:14:02.340] STOP to_move 2 nodes_visited 284
[21:14:02.340] START to_move 1
[21:14:02.402] STOP to_move 1 nodes_visited 1092
[21:14:02.403] START to_move 2
[21:14:02.474] STOP to_move 2 nodes_visited 1148
[21:14:02.474] START to_move 1
[21:14:02.528] STOP to_move 1 nodes_visited 938
[21:14:02.529] START to_move 2
[21:14:02.605] STOP to_move 2 nodes_visited 1198
[21:14:02.605] START to_move 1
[21:14:02.658] STOP to_move 1 nodes_visited 917
[21:14:02.659] START to_move 2
[21:14:02.771] STOP to_move 2 nodes_visited 1799
[21:14:02.772] START to_move 1
[21:14:02.832] STOP to_move 1 nodes_visited 1043
[21:14:02.833] START to_move 2
[21:14:02.954] STOP to_move 2 nodes_visited 1931
[21:14:02.955] START to_move 1
[21:14:03.004] STOP to_move 1 nodes_visited 833
[21:14:03.004] START to_move 2
[21:14:03.133] STOP to_move 2 nodes_visited 2023
[21:14:03.134] START to_move 1
[21:14:03.183] STOP to_move 1 nodes_visited 838
[21:14:03.183] START to_move 2
[21:14:03.274] STOP to_move 2 nodes_visited 1455
[21:14:03.274] START to_move 1
[21:14:03.337] STOP to_move 1 nodes_visited 1092
[21:14:03.338] START to_move 2
[21:14:03.355] STOP to_move 2 nodes_visited 279
[21:14:03.355] START to_move 1
[21:14:03.418] STOP to_move 1 nodes_visited 1064
[21:14:03.418] START to_move 2
[21:14:03.438] STOP to_move 2 nodes_visited 329
[21:14:03.438] START to_move 1
[21:14:03.496] STOP to_move 1 nodes_visited 1021
[21:14:03.496] START to_move 2
[21:14:03.512] STOP to_move 2 nodes_visited 263
[21:14:03.512] START to_move 1
[21:14:03.570] STOP to_move 1 nodes_visited 1000
[21:14:03.570] START to_move 2
[21:14:03.584] STOP to_move 2 nodes_visited 236
[21:14:03.584] START to_move 1
[21:14:03.624] STOP to_move 1 nodes_visited 701
[21:14:03.625] START to_move 2
[21:14:03.638] STOP to_move 2 nodes_visited 232
[21:14:03.638] START to_move 1
[21:14:03.651] STOP to_move 1 nodes_visited 237
[21:14:03.652] START to_move 2
[21:14:03.666] STOP to_move 2 nodes_visited 242
[21:14:03.666] START to_move 1
[21:14:03.680] STOP to_move 1 nodes_visited 230
[21:14:03.681] START to_move 2
[21:14:03.694] STOP to_move 2 nodes_visited 242
[21:14:03.695] START to_move 1
[21:14:03.708] STOP to_move 1 nodes_visited 247
[21:14:03.708] START to_move 2
[21:14:03.796] STOP to_move 2 nodes_visited 1409
[21:14:03.796] START to_move 1
[21:14:03.871] STOP to_move 1 nodes_visited 1275
[21:14:03.872] START to_move 2
[21:14:03.960] STOP to_move 2 nodes_visited 1379
[21:14:03.961] START to_move 1
[21:14:03.977] STOP to_move 1 nodes_visited 280
[21:14:03.977] START to_move 2
[21:14:04.059] STOP to_move 2 nodes_visited 1325
[21:14:04.060] START to_move 1
[21:14:04.076] STOP to_move 1 nodes_visited 280
[21:14:04.076] START to_move 2
[21:14:04.158] STOP to_move 2 nodes_visited 1325
[21:14:04.158] START to_move 1
[21:14:04.177] STOP to_move 1 nodes_visited 318
[21:14:04.177] START to_move 2
[21:14:04.188] STOP to_move 2 nodes_visited 200
[21:14:04.189] START to_move 1
[21:14:04.200] STOP to_move 1 nodes_visited 202
[21:14:04.200] START to_move 2
[21:14:04.258] STOP to_move 2 nodes_visited 905
[21:14:04.258] START to_move 1
[21:14:04.273] STOP to_move 1 nodes_visited 258
[21:14:04.273] START to_move 2
[21:14:04.288] STOP to_move 2 nodes_visited 254
[21:14:04.288] START to_move 1
[21:14:04.303] STOP to_move 1 nodes_visited 258
[21:14:04.303] START to_move 2
[21:14:04.318] STOP to_move 2 nodes_visited 235
[21:14:04.318] START to_move 1
[21:14:04.331] STOP to_move 1 nodes_visited 235
[21:14:04.331] START to_move 2
[21:14:04.345] STOP to_move 2 nodes_visited 239
[21:14:04.345] START to_move 1
[21:14:04.404] STOP to_move 1 nodes_visited 1000
[21:14:04.404] START to_move 2
[21:14:04.434] STOP to_move 2 nodes_visited 492
[21:14:04.435] START to_move 1
[21:14:04.527] STOP to_move 1 nodes_visited 1551
[21:14:04.528] START to_move 2
[21:14:04.541] STOP to_move 2 nodes_visited 217
[21:14:04.541] START to_move 1
[21:14:04.586] STOP to_move 1 nodes_visited 773
[21:14:04.586] START to_move 2
[21:14:04.597] STOP to_move 2 nodes_visited 186
[21:14:04.598] START to_move 1
[21:14:04.609] STOP to_move 1 nodes_visited 199
[21:14:04.609] START to_move 2
[21:14:04.620] STOP to_move 2 nodes_visited 192
[21:14:04.620] START to_move 1
[21:14:04.631] STOP to_move 1 nodes_visited 194
[21:14:04.631] START to_move 2
[21:14:04.642] STOP to_move 2 nodes_visited 182
[21:14:04.642] START to_move 1
[21:14:04.653] STOP to_move 1 nodes_visited 188
[21:14:04.653] START to_move 2
[21:14:04.664] STOP to_move 2 nodes_visited 182
[21:14:04.664] START to_move 1
[21:14:04.675] STOP to_move 1 nodes_visited 188
[21:14:04.675] START to_move 2
[21:14:04.685] STOP to_move 2 nodes_visited 177
[21:14:04.685] START to_move 1
[21:14:04.712] STOP to_move 1 nodes_visited 471
[21:14:04.712] START to_move 2
[21:14:04.723] STOP to_move 2 nodes_visited 168
[21:14:04.723] START to_move 1
[21:14:04.752] STOP to_move 1 nodes_visited 508
[21:14:04.752] START to_move 2
[21:14:04.763] STOP to_move 2 nodes_visited 187
[21:14:04.764] START to_move 1
[21:14:04.796] STOP to_move 1 nodes_visited 566
[21:14:04.796] START to_move 2
[21:14:04.809] STOP to_move 2 nodes_visited 194
[21:14:04.809] START to_move 1
[21:14:04.844] STOP to_move 1 nodes_visited 604
[21:14:04.844] START to_move 2
[21:14:04.855] STOP to_move 2 nodes_visited 188
[21:14:04.856] START to_move 1
[21:14:04.867] STOP to_move 1 nodes_visited 206
[21:14:04.868] START to_move 2
[21:14:04.879] STOP to_move 2 nodes_visited 186
[21:14:04.879] START to_move 1
[21:14:04.890] STOP to_move 1 nodes_visited 199
[21:14:04.890] START to_move 2
[21:14:04.901] STOP to_move 2 nodes_visited 186
[21:14:04.901] START to_move 1
[21:14:04.927] STOP to_move 1 nodes_visited 451
[21:14:04.927] START to_move 2
[21:14:04.938] STOP to_move 2 nodes_visited 183
[21:14:04.939] START to_move 1
[21:14:04.951] STOP to_move 1 nodes_visited 215
[21:14:04.951] START to_move 2
[21:14:04.991] STOP to_move 2 nodes_visited 652
[21:14:04.992] START to_move 1
[21:14:05.006] STOP to_move 1 nodes_visited 246
[21:14:05.006] START to_move 2
[21:14:05.046] STOP to_move 2 nodes_visited 653
[21:14:05.047] START to_move 1
[21:14:05.073] STOP to_move 1 nodes_visited 458
[21:14:05.073] START to_move 2
[21:14:05.112] STOP to_move 2 nodes_visited 598
[21:14:05.112] START to_move 1
[21:14:05.127] STOP to_move 1 nodes_visited 262
[21:14:05.128] START to_move 2
[21:14:05.162] STOP to_move 2 nodes_visited 562
[21:14:05.162] START to_move 1
[21:14:05.177] STOP to_move 1 nodes_visited 259
[21:14:05.177] START to_move 2
[21:14:05.211] STOP to_move 2 nodes_visited 544
[21:14:05.211] START to_move 1
[21:14:05.227] STOP to_move 1 nodes_visited 271
[21:14:05.227] START to_move 2
[21:14:05.262] STOP to_move 2 nodes_visited 567
[21:14:05.262] START to_move 1
[21:14:05.277] STOP to_move 1 nodes_visited 262
[21:14:05.277] START to_move 2
[21:14:05.311] STOP to_move 2 nodes_visited 538
[21:14:05.311] START to_move 1
[21:14:05.327] STOP to_move 1 nodes_visited 271
[21:14:05.327] START to_move 2
[21:14:05.362] STOP to_move 2 nodes_visited 567
[21:14:05.362] START to_move 1
[21:14:05.376] STOP to_move 1 nodes_visited 250
[21:14:05.376] START to_move 2
[21:14:05.410] STOP to_move 2 nodes_visited 522
[21:14:05.410] START to_move 1
[21:14:05.425] STOP to_move 1 nodes_visited 254
[21:14:05.425] START to_move 2
[21:14:05.435] STOP to_move 2 nodes_visited 174
[21:14:05.436] START to_move 1
[21:14:05.458] STOP to_move 1 nodes_visited 393
[21:14:05.458] START to_move 2
[21:14:05.469] STOP to_move 2 nodes_visited 175
[21:14:05.469] START to_move 1
[21:14:05.491] STOP to_move 1 nodes_visited 402
[21:14:05.491] START to_move 2
[21:14:05.503] STOP to_move 2 nodes_visited 195
[21:14:05.503] START to_move 1
[21:14:05.526] STOP to_move 1 nodes_visited 402
[21:14:05.527] START to_move 2
[21:14:05.537] STOP to_move 2 nodes_visited 181
[21:14:05.538] START to_move 1
[21:14:05.561] STOP to_move 1 nodes_visited 408
[21:14:05.561] START to_move 2
[21:14:05.608] STOP to_move 2 nodes_visited 750
[21:14:05.608] START to_move 1
[21:14:05.622] STOP to_move 1 nodes_visited 238
[21:14:05.622] START to_move 2
[21:14:05.637] STOP to_move 2 nodes_visited 244
[21:14:05.637] START to_move 1
[21:14:05.652] STOP to_move 1 nodes_visited 256
[21:14:05.652] START to_move 2
[21:14:05.685] STOP to_move 2 nodes_visited 478
[21:14:05.685] START to_move 1
[21:14:05.700] STOP to_move 1 nodes_visited 253
[21:14:05.700] START to_move 2
[21:14:05.714] STOP to_move 2 nodes_visited 218
[21:14:05.714] START to_move 1
[21:14:05.725] STOP to_move 1 nodes_visited 202
[21:14:05.725] START to_move 2
[21:14:05.737] STOP to_move 2 nodes_visited 181
[21:14:05.737] START to_move 1
[21:14:05.746] STOP to_move 1 nodes_visited 164
[21:14:05.746] START to_move 2
[21:14:05.757] STOP to_move 2 nodes_visited 177
[21:14:05.757] START to_move 1
[21:14:05.766] STOP to_move 1 nodes_visited 149
[21:14:05.766] START to_move 2
[21:14:05.777] STOP to_move 2 nodes_visited 187
[21:14:05.777] START to_move 1
[21:14:05.786] STOP to_move 1 nodes_visited 149
[21:14:05.786] START to_move 2
[21:14:05.795] STOP to_move 2 nodes_visited 154
[21:14:05.795] START to_move 1
[21:14:05.803] STOP to_move 1 nodes_visited 146
[21:14:05.804] START to_move 2
[21:14:05.815] STOP to_move 2 nodes_visited 182
[21:14:05.815] START to_move 1
[21:14:05.823] STOP to_move 1 nodes_visited 140
[21:14:05.823] START to_move 2
[21:14:05.832] STOP to_move 2 nodes_visited 152
[21:14:05.832] START to_move 1
[21:14:05.838] STOP to_move 1 nodes_visited 111
[21:14:05.838] START to_move 2
[21:14:05.844] STOP to_move 2 nodes_visited 100
[21:14:05.845] START to_move 1
[21:14:05.850] STOP to_move 1 nodes_visited 102
[21:14:05.850] START to_move 2
[21:14:05.857] STOP to_move 2 nodes_visited 106
[21:14:05.857] START to_move 1
[21:14:05.863] STOP to_move 1 nodes_visited 111
[21:14:05.863] START to_move 2
[21:14:05.869] STOP to_move 2 nodes_visited 99
[21:14:05.869] START to_move 1
[21:14:05.876] STOP to_move 1 nodes_visited 135
[21:14:05.876] START to_move 2
[21:14:05.882] STOP to_move 2 nodes_visited 105
[21:14:05.882] START to_move 1
[21:14:05.888] STOP to_move 1 nodes_visited 103
[21:14:05.888] START to_move 2
[21:14:05.894] STOP to_move 2 nodes_visited 92
[21:14:05.894] START to_move 1
[21:14:05.899] STOP to_move 1 nodes_visited 103
[21:14:05.899] START to_move 2
[21:14:05.904] STOP to_move 2 nodes_visited 81
[21:14:05.904] START to_move 1
[21:14:05.911] STOP to_move 1 nodes_visited 108
[21:14:05.911] START to_move 2
[21:14:05.915] STOP to_move 2 nodes_visited 74
[21:14:05.915] START to_move 1
[21:14:05.918] STOP to_move 1 nodes_visited 52
[21:14:05.918] START to_move 2
[21:14:05.922] STOP to_move 2 nodes_visited 68
[21:14:05.922] START to_move 1
[21:14:05.926] STOP to_move 1 nodes_visited 73
[21:14:05.926] START to_move 2
[21:14:05.930] STOP to_move 2 nodes_visited 54
[21:14:05.930] START to_move 1
[21:14:05.931] STOP to_move 1 nodes_visited 31
[21:14:05.931] START to_move 2
[21:14:05.935] STOP to_move 2 nodes_visited 63
[21:14:05.935] START to_move 1
[21:14:05.938] STOP to_move 1 nodes_visited 52
[21:14:05.938] START to_move 2
[21:14:05.943] STOP to_move 2 nodes_visited 75
[21:14:05.943] START to_move 1
[21:14:05.946] STOP to_move 1 nodes_visited 59
[21:14:05.946] START to_move 2
[21:14:05.950] STOP to_move 2 nodes_visited 61
[21:14:05.950] START to_move 1
[21:14:05.953] STOP to_move 1 nodes_visited 54
[21:14:05.953] START to_move 2
[21:14:05.957] STOP to_move 2 nodes_visited 64
[21:14:05.957] START to_move 1
[21:14:05.960] STOP to_move 1 nodes_visited 36
[21:14:05.960] START to_move 2
[21:14:05.963] STOP to_move 2 nodes_visited 57
[21:14:05.963] START to_move 1
[21:14:05.965] STOP to_move 1 nodes_visited 33
[21:14:05.965] START to_move 2
[21:14:05.969] STOP to_move 2 nodes_visited 61
[21:14:05.969] START to_move 1
[21:14:05.972] STOP to_move 1 nodes_visited 49
[21:14:05.972] START to_move 2
[21:14:05.975] STOP to_move 2 nodes_visited 43
[21:14:05.975] START to_move 1
[21:14:05.977] STOP to_move 1 nodes_visited 37
[21:14:05.977] START to_move 2
[21:14:05.980] STOP to_move 2 nodes_visited 59
[21:14:05.980] START to_move 1
[21:14:05.983] STOP to_move 1 nodes_visited 45
[21:14:05.983] START to_move 2
[21:14:05.986] STOP to_move 2 nodes_visited 39
[21:14:05.986] START to_move 1
[21:14:05.987] STOP to_move 1 nodes_visited 24
[21:14:05.987] START to_move 2
[21:14:05.989] STOP to_move 2 nodes_visited 35
[21:14:05.989] START to_move 1
[21:14:05.990] STOP to_move 1 nodes_visited 13
[21:14:05.990] START to_move 2
[21:14:05.992] STOP to_move 2 nodes_visited 29
[21:14:05.992] START to_move 1
[21:14:05.993] STOP to_move 1 nodes_visited 14
[21:14:05.993] START to_move 2
[21:14:05.994] STOP to_move 2 nodes_visited 15
[21:14:05.994] START to_move 1
[21:14:05.994] STOP to_move 1 nodes_visited 8
[21:14:05.994] START to_move 2
[21:14:05.995] STOP to_move 2 nodes_visited 21
[21:14:05.995] START to_move 1
[21:14:05.996] STOP to_move 1 nodes_visited 14
[21:14:05.996] START to_move 2
[21:14:05.998] STOP to_move 2 nodes_visited 23
[21:14:05.998] START to_move 1
[21:14:05.998] STOP to_move 1 nodes_visited 14
[21:14:05.998] START to_move 2
[21:14:06.000] STOP to_move 2 nodes_visited 21
[21:14:06.000] START to_move 1
[21:14:06.000] STOP to_move 1 nodes_visited 10
[21:14:06.000] END winner 1 - rounds 289
