[21:39:06.797] 1 - distance_function manhattan - pruning True
[21:39:06.797] 2 - distance_function chebyshev - pruning True
[21:39:06.797] START to_move 1
[21:39:06.824] STOP to_move 1 nodes_visited 465
[21:39:06.824] START to_move 2
[21:39:06.849] STOP to_move 2 nodes_visited 414
[21:39:06.850] START to_move 1
[21:39:06.875] STOP to_move 1 nodes_visited 469
[21:39:06.876] START to_move 2
[21:39:07.221] STOP to_move 2 nodes_visited 5235
[21:39:07.224] START to_move 1
[21:39:07.394] STOP to_move 1 nodes_visited 2910
[21:39:07.396] START to_move 2
[21:39:07.638] STOP to_move 2 nodes_visited 3765
[21:39:07.640] START to_move 1
[21:39:07.736] STOP to_move 1 nodes_visited 1643
[21:39:07.737] START to_move 2
[21:39:07.883] STOP to_move 2 nodes_visited 2308
[21:39:07.885] START to_move 1
[21:39:07.914] STOP to_move 1 nodes_visited 522
[21:39:07.915] START to_move 2
[21:39:08.365] STOP to_move 2 nodes_visited 6928
[21:39:08.370] START to_move 1
[21:39:08.386] STOP to_move 1 nodes_visited 299
[21:39:08.386] START to_move 2
[21:39:08.411] STOP to_move 2 nodes_visited 424
[21:39:08.412] START to_move 1
[21:39:08.429] STOP to_move 1 nodes_visited 328
[21:39:08.430] START to_move 2
[21:39:08.455] STOP to_move 2 nodes_visited 425
[21:39:08.455] START to_move 1
[21:39:08.473] STOP to_move 1 nodes_visited 327
[21:39:08.473] START to_move 2
[21:39:08.497] STOP to_move 2 nodes_visited 423
[21:39:08.498] START to_move 1
[21:39:08.515] STOP to_move 1 nodes_visited 324
[21:39:08.515] START to_move 2
[21:39:08.540] STOP to_move 2 nodes_visited 417
[21:39:08.540] START to_move 1
[21:39:08.558] STOP to_move 1 nodes_visited 323
[21:39:08.558] START to_move 2
[21:39:08.586] STOP to_move 2 nodes_visited 467
[21:39:08.586] START to_move 1
[21:39:08.620] STOP to_move 1 nodes_visited 605
[21:39:08.620] START to_move 2
[21:39:08.754] STOP to_move 2 nodes_visited 2142
[21:39:08.755] START to_move 1
[21:39:08.794] STOP to_move 1 nodes_visited 700
[21:39:08.795] START to_move 2
[21:39:08.822] STOP to_move 2 nodes_visited 452
[21:39:08.822] START to_move 1
[21:39:08.850] STOP to_move 1 nodes_visited 515
[21:39:08.851] START to_move 2
[21:39:08.889] STOP to_move 2 nodes_visited 632
[21:39:08.889] START to_move 1
[21:39:08.924] STOP to_move 1 nodes_visited 601
[21:39:08.925] START to_move 2
[21:39:09.034] STOP to_move 2 nodes_visited 1726
[21:39:09.035] START to_move 1
[21:39:09.069] STOP to_move 1 nodes_visited 595
[21:39:09.069] START to_move 2
[21:39:09.097] STOP to_move 2 nodes_visited 459
[21:39:09.097] START to_move 1
[21:39:09.127] STOP to_move 1 nodes_visited 541
[21:39:09.127] START to_move 2
[21:39:09.155] STOP to_move 2 nodes_visited 451
[21:39:09.155] START to_move 1
[21:39:09.183] STOP to_move 1 nodes_visited 471
[21:39:09.183] START to_move 2
[21:39:09.212] STOP to_move 2 nodes_visited 484
[21:39:09.212] START to_move 1
[21:39:09.304] STOP to_move 1 nodes_visited 1575
[21:39:09.304] START to_move 2
[21:39:09.397] STOP to_move 2 nodes_visited 1480
[21:39:09.398] START to_move 1
[21:39:09.446] STOP to_move 1 nodes_visited 824
[21:39:09.447] START to_move 2
[21:39:09.507] STOP to_move 2 nodes_visited 972
[21:39:09.507] START to_move 1
[21:39:09.574] STOP to_move 1 nodes_visited 1171
[21:39:09.574] START to_move 2
[21:39:09.606] STOP to_move 2 nodes_visited 521
[21:39:09.606] START to_move 1
[21:39:09.672] STOP to_move 1 nodes_visited 1170
[21:39:09.673] START to_move 2
[21:39:09.705] STOP to_move 2 nodes_visited 527
[21:39:09.705] START to_move 1
[21:39:09.773] STOP to_move 1 nodes_visited 1186
[21:39:09.774] START to_move 2
[21:39:09.838] STOP to_move 2 nodes_visited 1043
[21:39:09.838] START to_move 1
[21:39:09.881] STOP to_move 1 nodes_visited 763
[21:39:09.882] START to_move 2
[21:39:09.910] STOP to_move 2 nodes_visited 469
[21:39:09.910] START to_move 1
[21:39:10.043] STOP to_move 1 nodes_visited 2277
[21:39:10.044] START to_move 2
[21:39:10.078] STOP to_move 2 nodes_visited 551
[21:39:10.078] START to_move 1
[21:39:10.245] STOP to_move 1 nodes_visited 2836
[21:39:10.246] START to_move 2
[21:39:10.279] STOP to_move 2 nodes_visited 540
[21:39:10.279] START to_move 1
[21:39:10.407] STOP to_move 1 nodes_visited 2228
[21:39:10.408] START to_move 2
[21:39:10.603] STOP to_move 2 nodes_visited 3096
[21:39:10.605] START to_move 1
[21:39:10.726] STOP to_move 1 nodes_visited 2121
[21:39:10.728] START to_move 2
[21:39:10.757] STOP to_move 2 nodes_visited 462
[21:39:10.757] START to_move 1
[21:39:10.782] STOP to_move 1 nodes_visited 456
[21:39:10.782] START to_move 2
[21:39:11.004] STOP to_move 2 nodes_visited 3505
[21:39:11.006] START to_move 1
[21:39:11.037] STOP to_move 1 nodes_visited 520
[21:39:11.037] START to_move 2
[21:39:11.065] STOP to_move 2 nodes_visited 471
[21:39:11.066] START to_move 1
[21:39:11.091] STOP to_move 1 nodes_visited 451
[21:39:11.091] START to_move 2
[21:39:11.120] STOP to_move 2 nodes_visited 471
[21:39:11.121] START to_move 1
[21:39:11.146] STOP to_move 1 nodes_visited 460
[21:39:11.146] START to_move 2
[21:39:11.193] STOP to_move 2 nodes_visited 764
[21:39:11.194] START to_move 1
[21:39:11.218] STOP to_move 1 nodes_visited 432
[21:39:11.218] START to_move 2
[21:39:11.246] STOP to_move 2 nodes_visited 472
[21:39:11.246] START to_move 1
[21:39:11.272] STOP to_move 1 nodes_visited 456
[21:39:11.272] START to_move 2
[21:39:11.301] STOP to_move 2 nodes_visited 466
[21:39:11.302] START to_move 1
[21:39:11.326] STOP to_move 1 nodes_visited 440
[21:39:11.326] START to_move 2
[21:39:11.353] STOP to_move 2 nodes_visited 452
[21:39:11.354] START to_move 1
[21:39:11.378] STOP to_move 1 nodes_visited 439
[21:39:11.378] START to_move 2
[21:39:11.405] STOP to_move 2 nodes_visited 449
[21:39:11.405] START to_move 1
[21:39:11.430] STOP to_move 1 nodes_visited 448
[21:39:11.430] START to_move 2
[21:39:11.593] STOP to_move 2 nodes_visited 2553
[21:39:11.594] START to_move 1
[21:39:11.741] STOP to_move 1 nodes_visited 2560
[21:39:11.742] START to_move 2
[21:39:11.768] STOP to_move 2 nodes_visited 441
[21:39:11.769] START to_move 1
[21:39:11.792] STOP to_move 1 nodes_visited 428
[21:39:11.792] START to_move 2
[21:39:11.959] STOP to_move 2 nodes_visited 2650
[21:39:11.961] START to_move 1
[21:39:11.988] STOP to_move 1 nodes_visited 486
[21:39:11.988] START to_move 2
[21:39:12.151] STOP to_move 2 nodes_visited 2569
[21:39:12.153] START to_move 1
[21:39:12.177] STOP to_move 1 nodes_visited 443
[21:39:12.177] START to_move 2
[21:39:12.259] STOP to_move 2 nodes_visited 1316
[21:39:12.260] START to_move 1
[21:39:12.283] STOP to_move 1 nodes_visited 436
[21:39:12.284] START to_move 2
[21:39:12.365] STOP to_move 2 nodes_visited 1287
[21:39:12.366] START to_move 1
[21:39:12.389] STOP to_move 1 nodes_visited 423
[21:39:12.389] START to_move 2
[21:39:12.422] STOP to_move 2 nodes_visited 533
[21:39:12.422] START to_move 1
[21:39:12.446] STOP to_move 1 nodes_visited 431
[21:39:12.446] START to_move 2
[21:39:12.465] STOP to_move 2 nodes_visited 320
[21:39:12.465] START to_move 1
[21:39:12.482] STOP to_move 1 nodes_visited 306
[21:39:12.482] START to_move 2
[21:39:12.509] STOP to_move 2 nodes_visited 449
[21:39:12.509] START to_move 1
[21:39:12.528] STOP to_move 1 nodes_visited 345
[21:39:12.528] START to_move 2
[21:39:12.555] STOP to_move 2 nodes_visited 449
[21:39:12.555] START to_move 1
[21:39:12.574] STOP to_move 1 nodes_visited 343
[21:39:12.575] START to_move 2
[21:39:12.594] STOP to_move 2 nodes_visited 329
[21:39:12.594] START to_move 1
[21:39:12.625] STOP to_move 1 nodes_visited 551
[21:39:12.626] START to_move 2
[21:39:12.640] STOP to_move 2 nodes_visited 250
[21:39:12.640] START to_move 1
[21:39:12.660] STOP to_move 1 nodes_visited 342
[21:39:12.661] START to_move 2
[21:39:12.835] STOP to_move 2 nodes_visited 2795
[21:39:12.837] START to_move 1
[21:39:12.863] STOP to_move 1 nodes_visited 467
[21:39:12.864] START to_move 2
[21:39:12.894] STOP to_move 2 nodes_visited 489
[21:39:12.894] START to_move 1
[21:39:12.946] STOP to_move 1 nodes_visited 891
[21:39:12.946] START to_move 2
[21:39:12.973] STOP to_move 2 nodes_visited 439
[21:39:12.973] START to_move 1
[21:39:13.025] STOP to_move 1 nodes_visited 923
[21:39:13.026] START to_move 2
[21:39:13.052] STOP to_move 2 nodes_visited 433
[21:39:13.052] START to_move 1
[21:39:13.074] STOP to_move 1 nodes_visited 384
[21:39:13.074] START to_move 2
[21:39:13.088] STOP to_move 2 nodes_visited 240
[21:39:13.088] START to_move 1
[21:39:13.105] STOP to_move 1 nodes_visited 323
[21:39:13.106] START to_move 2
[21:39:13.120] STOP to_move 2 nodes_visited 252
[21:39:13.120] START to_move 1
[21:39:13.138] STOP to_move 1 nodes_visited 323
[21:39:13.138] START to_move 2
[21:39:13.152] STOP to_move 2 nodes_visited 252
[21:39:13.153] START to_move 1
[21:39:13.170] STOP to_move 1 nodes_visited 310
[21:39:13.170] START to_move 2
[21:39:13.184] STOP to_move 2 nodes_visited 246
[21:39:13.184] START to_move 1
[21:39:13.235] STOP to_move 1 nodes_visited 876
[21:39:13.235] START to_move 2
[21:39:13.249] STOP to_move 2 nodes_visited 229
[21:39:13.249] START to_move 1
[21:39:13.268] STOP to_move 1 nodes_visited 335
[21:39:13.268] START to_move 2
[21:39:13.283] STOP to_move 2 nodes_visited 255
[21:39:13.283] START to_move 1
[21:39:13.300] STOP to_move 1 nodes_visited 319
[21:39:13.300] START to_move 2
[21:39:13.323] STOP to_move 2 nodes_visited 377
[21:39:13.324] START to_move 1
[21:39:13.345] STOP to_move 1 nodes_visited 385
[21:39:13.345] START to_move 2
[21:39:13.362] STOP to_move 2 nodes_visited 295
[21:39:13.363] START to_move 1
[21:39:13.380] STOP to_move 1 nodes_visited 325
[21:39:13.381] START to_move 2
[21:39:13.399] STOP to_move 2 nodes_visited 308
[21:39:13.399] START to_move 1
[21:39:13.416] STOP to_move 1 nodes_visited 323
[21:39:13.417] START to_move 2
[21:39:13.434] STOP to_move 2 nodes_visited 305
[21:39:13.435] START to_move 1
[21:39:13.453] STOP to_move 1 nodes_visited 329
[21:39:13.453] START to_move 2
[21:39:13.490] STOP to_move 2 nodes_visited 594
[21:39:13.491] START to_move 1
[21:39:13.512] STOP to_move 1 nodes_visited 390
[21:39:13.513] START to_move 2
[21:39:13.530] STOP to_move 2 nodes_visited 287
[21:39:13.530] START to_move 1
[21:39:13.548] STOP to_move 1 nodes_visited 332
[21:39:13.548] START to_move 2
[21:39:13.564] STOP to_move 2 nodes_visited 261
[21:39:13.564] START to_move 1
[21:39:13.579] STOP to_move 1 nodes_visited 273
[21:39:13.579] START to_move 2
[21:39:13.596] STOP to_move 2 nodes_visited 281
[21:39:13.596] START to_move 1
[21:39:13.611] STOP to_move 1 nodes_visited 274
[21:39:13.611] START to_move 2
[21:39:13.627] STOP to_move 2 nodes_visited 281
[21:39:13.628] START to_move 1
[21:39:13.774] STOP to_move 1 nodes_visited 2437
[21:39:13.775] START to_move 2
[21:39:13.791] STOP to_move 2 nodes_visited 261
[21:39:13.791] START to_move 1
[21:39:13.805] STOP to_move 1 nodes_visited 268
[21:39:13.806] START to_move 2
[21:39:13.822] STOP to_move 2 nodes_visited 275
[21:39:13.822] START to_move 1
[21:39:13.836] STOP to_move 1 nodes_visited 271
[21:39:13.836] START to_move 2
[21:39:13.853] STOP to_move 2 nodes_visited 277
[21:39:13.853] START to_move 1
[21:39:13.868] STOP to_move 1 nodes_visited 272
[21:39:13.868] START to_move 2
[21:39:13.884] STOP to_move 2 nodes_visited 277
[21:39:13.884] START to_move 1
[21:39:13.901] STOP to_move 1 nodes_visited 309
[21:39:13.901] START to_move 2
[21:39:13.921] STOP to_move 2 nodes_visited 341
[21:39:13.921] START to_move 1
[21:39:13.938] STOP to_move 1 nodes_visited 307
[21:39:13.938] START to_move 2
[21:39:13.959] STOP to_move 2 nodes_visited 346
[21:39:13.959] START to_move 1
[21:39:13.976] STOP to_move 1 nodes_visited 318
[21:39:13.976] START to_move 2
[21:39:13.996] STOP to_move 2 nodes_visited 346
[21:39:13.997] START to_move 1
[21:39:14.014] STOP to_move 1 nodes_visited 316
[21:39:14.014] START to_move 2
[21:39:14.208] STOP to_move 2 nodes_visited 3065
[21:39:14.210] START to_move 1
[21:39:14.226] STOP to_move 1 nodes_visited 294
[21:39:14.227] START to_move 2
[21:39:14.421] STOP to_move 2 nodes_visited 3065
[21:39:14.423] START to_move 1
[21:39:14.439] STOP to_move 1 nodes_visited 294
[21:39:14.439] START to_move 2
[21:39:14.633] STOP to_move 2 nodes_visited 3054
[21:39:14.635] START to_move 1
[21:39:14.746] STOP to_move 1 nodes_visited 1882
[21:39:14.747] START to_move 2
[21:39:14.860] STOP to_move 2 nodes_visited 1778
[21:39:14.861] START to_move 1
[21:39:14.877] STOP to_move 1 nodes_visited 284
[21:39:14.877] START to_move 2
[21:39:15.049] STOP to_move 2 nodes_visited 2754
[21:39:15.050] START to_move 1
[21:39:15.066] STOP to_move 1 nodes_visited 283
[21:39:15.066] START to_move 2
[21:39:15.134] STOP to_move 2 nodes_visited 1064
[21:39:15.135] START to_move 1
[21:39:15.152] STOP to_move 1 nodes_visited 309
[21:39:15.153] START to_move 2
[21:39:15.220] STOP to_move 2 nodes_visited 1093
[21:39:15.221] START to_move 1
[21:39:15.240] STOP to_move 1 nodes_visited 341
[21:39:15.240] START to_move 2
[21:39:15.307] STOP to_move 2 nodes_visited 1087
[21:39:15.308] START to_move 1
[21:39:15.327] STOP to_move 1 nodes_visited 345
[21:39:15.327] START to_move 2
[21:39:15.395] STOP to_move 2 nodes_visited 1061
[21:39:15.395] START to_move 1
[21:39:15.413] STOP to_move 1 nodes_visited 312
[21:39:15.413] START to_move 2
[21:39:15.601] STOP to_move 2 nodes_visited 2965
[21:39:15.602] START to_move 1
[21:39:15.623] STOP to_move 1 nodes_visited 362
[21:39:15.623] START to_move 2
[21:39:15.812] STOP to_move 2 nodes_visited 2956
[21:39:15.814] START to_move 1
[21:39:15.833] STOP to_move 1 nodes_visited 356
[21:39:15.834] START to_move 2
[21:39:16.017] STOP to_move 2 nodes_visited 2847
[21:39:16.018] START to_move 1
[21:39:16.036] STOP to_move 1 nodes_visited 315
[21:39:16.036] START to_move 2
[21:39:16.211] STOP to_move 2 nodes_visited 2693
[21:39:16.212] START to_move 1
[21:39:16.229] STOP to_move 1 nodes_visited 315
[21:39:16.230] START to_move 2
[21:39:16.410] STOP to_move 2 nodes_visited 2831
[21:39:16.412] START to_move 1
[21:39:16.430] STOP to_move 1 nodes_visited 321
[21:39:16.430] START to_move 2
[21:39:16.611] STOP to_move 2 nodes_visited 2809
[21:39:16.612] START to_move 1
[21:39:16.630] STOP to_move 1 nodes_visited 313
[21:39:16.630] START to_move 2
[21:39:16.828] STOP to_move 2 nodes_visited 3074
[21:39:16.830] START to_move 1
[21:39:16.850] STOP to_move 1 nodes_visited 368
[21:39:16.851] START to_move 2
[21:39:16.959] STOP to_move 2 nodes_visited 1701
[21:39:16.961] START to_move 1
[21:39:16.989] STOP to_move 1 nodes_visited 494
[21:39:16.989] START to_move 2
[21:39:17.002] STOP to_move 2 nodes_visited 219
[21:39:17.002] START to_move 1
[21:39:17.022] STOP to_move 1 nodes_visited 338
[21:39:17.022] START to_move 2
[21:39:17.044] STOP to_move 2 nodes_visited 340
[21:39:17.044] START to_move 1
[21:39:17.064] STOP to_move 1 nodes_visited 361
[21:39:17.064] START to_move 2
[21:39:17.086] STOP to_move 2 nodes_visited 368
[21:39:17.087] START to_move 1
[21:39:17.107] STOP to_move 1 nodes_visited 364
[21:39:17.107] START to_move 2
[21:39:17.129] STOP to_move 2 nodes_visited 366
[21:39:17.129] START to_move 1
[21:39:17.149] STOP to_move 1 nodes_visited 359
[21:39:17.149] START to_move 2
[21:39:17.171] STOP to_move 2 nodes_visited 362
[21:39:17.171] START to_move 1
[21:39:17.190] STOP to_move 1 nodes_visited 340
[21:39:17.191] START to_move 2
[21:39:17.217] STOP to_move 2 nodes_visited 443
[21:39:17.218] START to_move 1
[21:39:17.242] STOP to_move 1 nodes_visited 431
[21:39:17.243] START to_move 2
[21:39:17.270] STOP to_move 2 nodes_visited 443
[21:39:17.270] START to_move 1
[21:39:17.292] STOP to_move 1 nodes_visited 400
[21:39:17.292] START to_move 2
[21:39:17.316] STOP to_move 2 nodes_visited 387
[21:39:17.316] START to_move 1
[21:39:17.339] STOP to_move 1 nodes_visited 389
[21:39:17.339] START to_move 2
[21:39:17.362] STOP to_move 2 nodes_visited 387
[21:39:17.362] START to_move 1
[21:39:17.384] STOP to_move 1 nodes_visited 389
[21:39:17.384] START to_move 2
[21:39:17.408] STOP to_move 2 nodes_visited 387
[21:39:17.408] START to_move 1
[21:39:17.429] STOP to_move 1 nodes_visited 369
[21:39:17.429] START to_move 2
[21:39:17.451] STOP to_move 2 nodes_visited 363
[21:39:17.451] START to_move 1
[21:39:17.487] STOP to_move 1 nodes_visited 635
[21:39:17.487] START to_move 2
[21:39:17.509] STOP to_move 2 nodes_visited 363
[21:39:17.510] START to_move 1
[21:39:17.533] STOP to_move 1 nodes_visited 407
[21:39:17.533] START to_move 2
[21:39:17.555] STOP to_move 2 nodes_visited 363
[21:39:17.556] START to_move 1
[21:39:17.574] STOP to_move 1 nodes_visited 339
[21:39:17.575] START to_move 2
[21:39:17.596] STOP to_move 2 nodes_visited 365
[21:39:17.597] START to_move 1
[21:39:17.617] STOP to_move 1 nodes_visited 347
[21:39:17.617] START to_move 2
[21:39:17.639] STOP to_move 2 nodes_visited 349
[21:39:17.639] START to_move 1
[21:39:17.657] STOP to_move 1 nodes_visited 320
[21:39:17.657] START to_move 2
[21:39:17.678] STOP to_move 2 nodes_visited 353
[21:39:17.678] START to_move 1
[21:39:17.696] STOP to_move 1 nodes_visited 324
[21:39:17.696] START to_move 2
[21:39:17.718] STOP to_move 2 nodes_visited 359
[21:39:17.718] START to_move 1
[21:39:17.734] STOP to_move 1 nodes_visited 283
[21:39:17.734] START to_move 2
[21:39:17.859] STOP to_move 2 nodes_visited 1964
[21:39:17.860] START to_move 1
[21:39:17.876] STOP to_move 1 nodes_visited 283
[21:39:17.876] START to_move 2
[21:39:17.989] STOP to_move 2 nodes_visited 1748
[21:39:17.990] START to_move 1
[21:39:18.004] STOP to_move 1 nodes_visited 259
[21:39:18.004] START to_move 2
[21:39:18.123] STOP to_move 2 nodes_visited 1878
[21:39:18.124] START to_move 1
[21:39:18.140] STOP to_move 1 nodes_visited 279
[21:39:18.140] START to_move 2
[21:39:18.162] STOP to_move 2 nodes_visited 376
[21:39:18.163] START to_move 1
[21:39:18.180] STOP to_move 1 nodes_visited 293
[21:39:18.180] START to_move 2
[21:39:18.201] STOP to_move 2 nodes_visited 346
[21:39:18.201] START to_move 1
[21:39:18.216] STOP to_move 1 nodes_visited 267
[21:39:18.216] START to_move 2
[21:39:18.255] STOP to_move 2 nodes_visited 618
[21:39:18.255] START to_move 1
[21:39:18.273] STOP to_move 1 nodes_visited 306
[21:39:18.273] START to_move 2
[21:39:18.293] STOP to_move 2 nodes_visited 323
[21:39:18.293] START to_move 1
[21:39:18.308] STOP to_move 1 nodes_visited 275
[21:39:18.309] START to_move 2
[21:39:18.331] STOP to_move 2 nodes_visited 363
[21:39:18.331] START to_move 1
[21:39:18.347] STOP to_move 1 nodes_visited 288
[21:39:18.347] START to_move 2
[21:39:18.365] STOP to_move 2 nodes_visited 289
[21:39:18.365] START to_move 1
[21:39:18.380] STOP to_move 1 nodes_visited 257
[21:39:18.380] START to_move 2
[21:39:18.469] STOP to_move 2 nodes_visited 1355
[21:39:18.469] START to_move 1
[21:39:18.483] STOP to_move 1 nodes_visited 243
[21:39:18.483] START to_move 2
[21:39:18.500] STOP to_move 2 nodes_visited 289
[21:39:18.501] START to_move 1
[21:39:18.514] STOP to_move 1 nodes_visited 248
[21:39:18.515] START to_move 2
[21:39:18.531] STOP to_move 2 nodes_visited 277
[21:39:18.531] START to_move 1
[21:39:18.545] STOP to_move 1 nodes_visited 250
[21:39:18.545] START to_move 2
[21:39:18.560] STOP to_move 2 nodes_visited 252
[21:39:18.561] START to_move 1
[21:39:18.573] STOP to_move 1 nodes_visited 229
[21:39:18.573] START to_move 2
[21:39:18.589] STOP to_move 2 nodes_visited 252
[21:39:18.589] START to_move 1
[21:39:18.602] STOP to_move 1 nodes_visited 230
[21:39:18.602] START to_move 2
[21:39:18.614] STOP to_move 2 nodes_visited 203
[21:39:18.614] START to_move 1
[21:39:18.649] STOP to_move 1 nodes_visited 603
[21:39:18.649] START to_move 2
[21:39:18.670] STOP to_move 2 nodes_visited 333
[21:39:18.670] START to_move 1
[21:39:18.699] STOP to_move 1 nodes_visited 508
[21:39:18.699] START to_move 2
[21:39:18.718] STOP to_move 2 nodes_visited 315
[21:39:18.719] START to_move 1
[21:39:18.730] STOP to_move 1 nodes_visited 205
[21:39:18.730] START to_move 2
[21:39:18.745] STOP to_move 2 nodes_visited 225
[21:39:18.745] START to_move 1
[21:39:18.758] STOP to_move 1 nodes_visited 207
[21:39:18.758] START to_move 2
[21:39:18.774] STOP to_move 2 nodes_visited 255
[21:39:18.774] START to_move 1
[21:39:18.785] STOP to_move 1 nodes_visited 196
[21:39:18.785] START to_move 2
[21:39:18.801] STOP to_move 2 nodes_visited 249
[21:39:18.802] START to_move 1
[21:39:18.813] STOP to_move 1 nodes_visited 204
[21:39:18.813] START to_move 2
[21:39:18.830] STOP to_move 2 nodes_visited 266
[21:39:18.830] START to_move 1
[21:39:18.842] STOP to_move 1 nodes_visited 200
[21:39:18.842] START to_move 2
[21:39:18.859] STOP to_move 2 nodes_visited 270
[21:39:18.859] START to_move 1
[21:39:18.871] STOP to_move 1 nodes_visited 201
[21:39:18.871] START to_move 2
[21:39:18.888] STOP to_move 2 nodes_visited 270
[21:39:18.888] START to_move 1
[21:39:18.900] STOP to_move 1 nodes_visited 205
[21:39:18.900] START to_move 2
[21:39:18.909] STOP to_move 2 nodes_visited 149
[21:39:18.909] START to_move 1
[21:39:18.918] STOP to_move 1 nodes_visited 164
[21:39:18.918] START to_move 2
[21:39:18.927] STOP to_move 2 nodes_visited 145
[21:39:18.927] START to_move 1
[21:39:18.936] STOP to_move 1 nodes_visited 151
[21:39:18.936] START to_move 2
[21:39:18.943] STOP to_move 2 nodes_visited 134
[21:39:18.943] START to_move 1
[21:39:18.951] STOP to_move 1 nodes_visited 142
[21:39:18.952] START to_move 2
[21:39:18.959] STOP to_move 2 nodes_visited 128
[21:39:18.959] START to_move 1
[21:39:18.966] STOP to_move 1 nodes_visited 124
[21:39:18.966] START to_move 2
[21:39:18.985] STOP to_move 2 nodes_visited 302
[21:39:18.985] START to_move 1
[21:39:18.995] STOP to_move 1 nodes_visited 175
[21:39:18.995] START to_move 2
[21:39:19.001] STOP to_move 2 nodes_visited 107
[21:39:19.001] START to_move 1
[21:39:19.013] STOP to_move 1 nodes_visited 197
[21:39:19.013] START to_move 2
[21:39:19.019] STOP to_move 2 nodes_visited 101
[21:39:19.019] START to_move 1
[21:39:19.030] STOP to_move 1 nodes_visited 197
[21:39:19.030] START to_move 2
[21:39:19.036] STOP to_move 2 nodes_visited 104
[21:39:19.036] START to_move 1
[21:39:19.045] STOP to_move 1 nodes_visited 147
[21:39:19.045] START to_move 2
[21:39:19.050] STOP to_move 2 nodes_visited 87
[21:39:19.050] START to_move 1
[21:39:19.059] STOP to_move 1 nodes_visited 155
[21:39:19.059] START to_move 2
[21:39:19.064] STOP to_move 2 nodes_visited 87
[21:39:19.065] START to_move 1
[21:39:19.075] STOP to_move 1 nodes_visited 162
[21:39:19.075] START to_move 2
[21:39:19.080] STOP to_move 2 nodes_visited 82
[21:39:19.080] START to_move 1
[21:39:19.087] STOP to_move 1 nodes_visited 115
[21:39:19.087] START to_move 2
[21:39:19.092] STOP to_move 2 nodes_visited 91
[21:39:19.092] START to_move 1
[21:39:19.101] STOP to_move 1 nodes_visited 140
[21:39:19.101] START to_move 2
[21:39:19.106] STOP to_move 2 nodes_visited 91
[21:39:19.106] START to_move 1
[21:39:19.111] STOP to_move 1 nodes_visited 91
[21:39:19.111] START to_move 2
[21:39:19.115] STOP to_move 2 nodes_visited 59
[21:39:19.115] START to_move 1
[21:39:19.119] STOP to_move 1 nodes_visited 69
[21:39:19.119] START to_move 2
[21:39:19.122] STOP to_move 2 nodes_visited 55
[21:39:19.123] START to_move 1
[21:39:19.125] STOP to_move 1 nodes_visited 50
[21:39:19.125] START to_move 2
[21:39:19.129] STOP to_move 2 nodes_visited 65
[21:39:19.129] START to_move 1
[21:39:19.132] STOP to_move 1 nodes_visited 49
[21:39:19.132] START to_move 2
[21:39:19.136] STOP to_move 2 nodes_visited 61
[21:39:19.136] START to_move 1
[21:39:19.138] STOP to_move 1 nodes_visited 45
[21:39:19.138] START to_move 2
[21:39:19.141] STOP to_move 2 nodes_visited 55
[21:39:19.141] START to_move 1
[21:39:19.144] STOP to_move 1 nodes_visited 47
[21:39:19.144] START to_move 2
[21:39:19.147] STOP to_move 2 nodes_visited 55
[21:39:19.147] START to_move 1
[21:39:19.152] STOP to_move 1 nodes_visited 84
[21:39:19.152] START to_move 2
[21:39:19.156] STOP to_move 2 nodes_visited 53
[21:39:19.156] START to_move 1
[21:39:19.157] STOP to_move 1 nodes_visited 32
[21:39:19.158] START to_move 2
[21:39:19.160] STOP to_move 2 nodes_visited 41
[21:39:19.160] START to_move 1
[21:39:19.161] STOP to_move 1 nodes_visited 18
[21:39:19.161] START to_move 2
[21:39:19.163] STOP to_move 2 nodes_visited 39
[21:39:19.163] START to_move 1
[21:39:19.165] STOP to_move 1 nodes_visited 29
[21:39:19.165] START to_move 2
[21:39:19.167] STOP to_move 2 nodes_visited 28
[21:39:19.167] START to_move 1
[21:39:19.168] STOP to_move 1 nodes_visited 19
[21:39:19.168] START to_move 2
[21:39:19.170] STOP to_move 2 nodes_visited 39
[21:39:19.170] START to_move 1
[21:39:19.172] STOP to_move 1 nodes_visited 24
[21:39:19.172] START to_move 2
[21:39:19.174] STOP to_move 2 nodes_visited 37
[21:39:19.174] START to_move 1
[21:39:19.176] STOP to_move 1 nodes_visited 27
[21:39:19.176] END winner 1 - rounds 311
