[22:27:59.957] 1 - distance_function manhattan - pruning True
[22:27:59.957] 2 - distance_function chebyshev - pruning True
[22:27:59.957] START to_move 1
[22:28:00.167] STOP to_move 1 nodes_visited 3499
[22:28:00.169] START to_move 2
[22:28:00.553] STOP to_move 2 nodes_visited 5881
[22:28:00.557] START to_move 1
[22:28:00.763] STOP to_move 1 nodes_visited 3527
[22:28:00.765] START to_move 2
[22:28:01.116] STOP to_move 2 nodes_visited 5453
[22:28:01.119] START to_move 1
[22:28:01.310] STOP to_move 1 nodes_visited 3267
[22:28:01.312] START to_move 2
[22:28:01.550] STOP to_move 2 nodes_visited 3727
[22:28:01.552] START to_move 1
[22:28:01.761] STOP to_move 1 nodes_visited 3558
[22:28:01.763] START to_move 2
[22:28:01.796] STOP to_move 2 nodes_visited 541
[22:28:01.796] START to_move 1
[22:28:01.979] STOP to_move 1 nodes_visited 3100
[22:28:01.980] START to_move 2
[22:28:02.006] STOP to_move 2 nodes_visited 444
[22:28:02.007] START to_move 1
[22:28:02.035] STOP to_move 1 nodes_visited 522
[22:28:02.036] START to_move 2
[22:28:02.067] STOP to_move 2 nodes_visited 526
[22:28:02.067] START to_move 1
[22:28:02.095] STOP to_move 1 nodes_visited 500
[22:28:02.096] START to_move 2
[22:28:02.121] STOP to_move 2 nodes_visited 434
[22:28:02.122] START to_move 1
[22:28:02.150] STOP to_move 1 nodes_visited 517
[22:28:02.151] START to_move 2
[22:28:02.176] STOP to_move 2 nodes_visited 430
[22:28:02.177] START to_move 1
[22:28:02.205] STOP to_move 1 nodes_visited 516
[22:28:02.206] START to_move 2
[22:28:02.358] STOP to_move 2 nodes_visited 2427
[22:28:02.359] START to_move 1
[22:28:02.387] STOP to_move 1 nodes_visited 506
[22:28:02.387] START to_move 2
[22:28:02.473] STOP to_move 2 nodes_visited 1392
[22:28:02.474] START to_move 1
[22:28:02.561] STOP to_move 1 nodes_visited 1488
[22:28:02.561] START to_move 2
[22:28:02.722] STOP to_move 2 nodes_visited 2588
[22:28:02.724] START to_move 1
[22:28:02.752] STOP to_move 1 nodes_visited 496
[22:28:02.752] START to_move 2
[22:28:02.940] STOP to_move 2 nodes_visited 2932
[22:28:02.941] START to_move 1
[22:28:02.969] STOP to_move 1 nodes_visited 489
[22:28:02.969] START to_move 2
[22:28:03.158] STOP to_move 2 nodes_visited 2955
[22:28:03.159] START to_move 1
[22:28:03.186] STOP to_move 1 nodes_visited 486
[22:28:03.187] START to_move 2
[22:28:03.370] STOP to_move 2 nodes_visited 2853
[22:28:03.372] START to_move 1
[22:28:03.398] STOP to_move 1 nodes_visited 468
[22:28:03.398] START to_move 2
[22:28:03.571] STOP to_move 2 nodes_visited 2731
[22:28:03.573] START to_move 1
[22:28:03.600] STOP to_move 1 nodes_visited 457
[22:28:03.600] START to_move 2
[22:28:03.772] STOP to_move 2 nodes_visited 2731
[22:28:03.774] START to_move 1
[22:28:03.824] STOP to_move 1 nodes_visited 877
[22:28:03.825] START to_move 2
[22:28:03.853] STOP to_move 2 nodes_visited 479
[22:28:03.853] START to_move 1
[22:28:03.904] STOP to_move 1 nodes_visited 843
[22:28:03.904] START to_move 2
[22:28:03.950] STOP to_move 2 nodes_visited 744
[22:28:03.951] START to_move 1
[22:28:03.990] STOP to_move 1 nodes_visited 693
[22:28:03.990] START to_move 2
[22:28:04.034] STOP to_move 2 nodes_visited 721
[22:28:04.034] START to_move 1
[22:28:04.081] STOP to_move 1 nodes_visited 817
[22:28:04.081] START to_move 2
[22:28:04.125] STOP to_move 2 nodes_visited 714
[22:28:04.125] START to_move 1
[22:28:04.177] STOP to_move 1 nodes_visited 878
[22:28:04.178] START to_move 2
[22:28:04.227] STOP to_move 2 nodes_visited 805
[22:28:04.228] START to_move 1
[22:28:04.279] STOP to_move 1 nodes_visited 884
[22:28:04.280] START to_move 2
[22:28:04.388] STOP to_move 2 nodes_visited 1742
[22:28:04.389] START to_move 1
[22:28:04.439] STOP to_move 1 nodes_visited 843
[22:28:04.440] START to_move 2
[22:28:04.535] STOP to_move 2 nodes_visited 1513
[22:28:04.536] START to_move 1
[22:28:04.593] STOP to_move 1 nodes_visited 995
[22:28:04.594] START to_move 2
[22:28:04.645] STOP to_move 2 nodes_visited 846
[22:28:04.646] START to_move 1
[22:28:04.703] STOP to_move 1 nodes_visited 974
[22:28:04.704] START to_move 2
[22:28:04.758] STOP to_move 2 nodes_visited 876
[22:28:04.758] START to_move 1
[22:28:04.812] STOP to_move 1 nodes_visited 947
[22:28:04.812] START to_move 2
[22:28:04.920] STOP to_move 2 nodes_visited 1707
[22:28:04.921] START to_move 1
[22:28:04.995] STOP to_move 1 nodes_visited 1237
[22:28:04.996] START to_move 2
[22:28:05.055] STOP to_move 2 nodes_visited 955
[22:28:05.056] START to_move 1
[22:28:05.119] STOP to_move 1 nodes_visited 1112
[22:28:05.120] START to_move 2
[22:28:05.159] STOP to_move 2 nodes_visited 646
[22:28:05.160] START to_move 1
[22:28:05.194] STOP to_move 1 nodes_visited 616
[22:28:05.195] START to_move 2
[22:28:05.236] STOP to_move 2 nodes_visited 646
[22:28:05.236] START to_move 1
[22:28:05.270] STOP to_move 1 nodes_visited 616
[22:28:05.271] START to_move 2
[22:28:05.310] STOP to_move 2 nodes_visited 648
[22:28:05.311] START to_move 1
[22:28:05.346] STOP to_move 1 nodes_visited 630
[22:28:05.346] START to_move 2
[22:28:05.432] STOP to_move 2 nodes_visited 1373
[22:28:05.433] START to_move 1
[22:28:05.479] STOP to_move 1 nodes_visited 809
[22:28:05.480] START to_move 2
[22:28:05.523] STOP to_move 2 nodes_visited 673
[22:28:05.523] START to_move 1
[22:28:05.559] STOP to_move 1 nodes_visited 641
[22:28:05.559] START to_move 2
[22:28:05.600] STOP to_move 2 nodes_visited 658
[22:28:05.600] START to_move 1
[22:28:05.636] STOP to_move 1 nodes_visited 641
[22:28:05.637] START to_move 2
[22:28:05.677] STOP to_move 2 nodes_visited 658
[22:28:05.677] START to_move 1
[22:28:05.713] STOP to_move 1 nodes_visited 642
[22:28:05.714] START to_move 2
[22:28:05.754] STOP to_move 2 nodes_visited 666
[22:28:05.755] START to_move 1
[22:28:05.857] STOP to_move 1 nodes_visited 1709
[22:28:05.858] START to_move 2
[22:28:05.914] STOP to_move 2 nodes_visited 917
[22:28:05.915] START to_move 1
[22:28:06.005] STOP to_move 1 nodes_visited 1551
[22:28:06.006] START to_move 2
[22:28:06.067] STOP to_move 2 nodes_visited 947
[22:28:06.067] START to_move 1
[22:28:06.193] STOP to_move 1 nodes_visited 2145
[22:28:06.194] START to_move 2
[22:28:06.251] STOP to_move 2 nodes_visited 921
[22:28:06.251] START to_move 1
[22:28:06.293] STOP to_move 1 nodes_visited 731
[22:28:06.293] START to_move 2
[22:28:06.337] STOP to_move 2 nodes_visited 695
[22:28:06.337] START to_move 1
[22:28:06.377] STOP to_move 1 nodes_visited 694
[22:28:06.377] START to_move 2
[22:28:06.401] STOP to_move 2 nodes_visited 398
[22:28:06.401] START to_move 1
[22:28:06.416] STOP to_move 1 nodes_visited 279
[22:28:06.417] START to_move 2
[22:28:06.441] STOP to_move 2 nodes_visited 418
[22:28:06.441] START to_move 1
[22:28:06.555] STOP to_move 1 nodes_visited 1971
[22:28:06.556] START to_move 2
[22:28:06.584] STOP to_move 2 nodes_visited 460
[22:28:06.584] START to_move 1
[22:28:06.701] STOP to_move 1 nodes_visited 2007
[22:28:06.702] START to_move 2
[22:28:06.832] STOP to_move 2 nodes_visited 2049
[22:28:06.833] START to_move 1
[22:28:06.849] STOP to_move 1 nodes_visited 270
[22:28:06.849] START to_move 2
[22:28:06.871] STOP to_move 2 nodes_visited 364
[22:28:06.871] START to_move 1
[22:28:06.886] STOP to_move 1 nodes_visited 276
[22:28:06.886] START to_move 2
[22:28:06.906] STOP to_move 2 nodes_visited 328
[22:28:06.906] START to_move 1
[22:28:07.027] STOP to_move 1 nodes_visited 2095
[22:28:07.028] START to_move 2
[22:28:07.047] STOP to_move 2 nodes_visited 316
[22:28:07.047] START to_move 1
[22:28:07.174] STOP to_move 1 nodes_visited 2177
[22:28:07.175] START to_move 2
[22:28:07.194] STOP to_move 2 nodes_visited 318
[22:28:07.194] START to_move 1
[22:28:07.342] STOP to_move 1 nodes_visited 2571
[22:28:07.343] START to_move 2
[22:28:07.363] STOP to_move 2 nodes_visited 307
[22:28:07.363] START to_move 1
[22:28:07.508] STOP to_move 1 nodes_visited 2515
[22:28:07.509] START to_move 2
[22:28:07.527] STOP to_move 2 nodes_visited 307
[22:28:07.527] START to_move 1
[22:28:07.668] STOP to_move 1 nodes_visited 2404
[22:28:07.669] START to_move 2
[22:28:07.693] STOP to_move 2 nodes_visited 393
[22:28:07.693] START to_move 1
[22:28:07.844] STOP to_move 1 nodes_visited 2568
[22:28:07.845] START to_move 2
[22:28:07.870] STOP to_move 2 nodes_visited 402
[22:28:07.871] START to_move 1
[22:28:08.021] STOP to_move 1 nodes_visited 2568
[22:28:08.022] START to_move 2
[22:28:08.047] STOP to_move 2 nodes_visited 402
[22:28:08.047] START to_move 1
[22:28:08.200] STOP to_move 1 nodes_visited 2568
[22:28:08.202] START to_move 2
[22:28:08.225] STOP to_move 2 nodes_visited 389
[22:28:08.225] START to_move 1
[22:28:08.374] STOP to_move 1 nodes_visited 2474
[22:28:08.376] START to_move 2
[22:28:08.399] STOP to_move 2 nodes_visited 387
[22:28:08.399] START to_move 1
[22:28:08.547] STOP to_move 1 nodes_visited 2505
[22:28:08.548] START to_move 2
[22:28:08.571] STOP to_move 2 nodes_visited 389
[22:28:08.571] START to_move 1
[22:28:08.720] STOP to_move 1 nodes_visited 2504
[22:28:08.722] START to_move 2
[22:28:08.742] STOP to_move 2 nodes_visited 338
[22:28:08.742] START to_move 1
[22:28:08.868] STOP to_move 1 nodes_visited 2137
[22:28:08.869] START to_move 2
[22:28:08.890] STOP to_move 2 nodes_visited 326
[22:28:08.891] START to_move 1
[22:28:09.014] STOP to_move 1 nodes_visited 2097
[22:28:09.016] START to_move 2
[22:28:09.035] STOP to_move 2 nodes_visited 330
[22:28:09.035] START to_move 1
[22:28:09.162] STOP to_move 1 nodes_visited 2097
[22:28:09.163] START to_move 2
[22:28:09.188] STOP to_move 2 nodes_visited 412
[22:28:09.188] START to_move 1
[22:28:09.209] STOP to_move 1 nodes_visited 379
[22:28:09.209] START to_move 2
[22:28:09.235] STOP to_move 2 nodes_visited 439
[22:28:09.236] START to_move 1
[22:28:09.256] STOP to_move 1 nodes_visited 368
[22:28:09.256] START to_move 2
[22:28:09.283] STOP to_move 2 nodes_visited 445
[22:28:09.283] START to_move 1
[22:28:09.389] STOP to_move 1 nodes_visited 1844
[22:28:09.390] START to_move 2
[22:28:09.416] STOP to_move 2 nodes_visited 428
[22:28:09.416] START to_move 1
[22:28:09.519] STOP to_move 1 nodes_visited 1763
[22:28:09.520] START to_move 2
[22:28:09.548] STOP to_move 2 nodes_visited 474
[22:28:09.548] START to_move 1
[22:28:09.751] STOP to_move 1 nodes_visited 3388
[22:28:09.753] START to_move 2
[22:28:09.778] STOP to_move 2 nodes_visited 411
[22:28:09.778] START to_move 1
[22:28:09.966] STOP to_move 1 nodes_visited 3125
[22:28:09.968] START to_move 2
[22:28:09.991] STOP to_move 2 nodes_visited 387
[22:28:09.991] START to_move 1
[22:28:10.172] STOP to_move 1 nodes_visited 3046
[22:28:10.174] START to_move 2
[22:28:10.198] STOP to_move 2 nodes_visited 376
[22:28:10.198] START to_move 1
[22:28:10.364] STOP to_move 1 nodes_visited 2823
[22:28:10.366] START to_move 2
[22:28:10.388] STOP to_move 2 nodes_visited 369
[22:28:10.388] START to_move 1
[22:28:10.556] STOP to_move 1 nodes_visited 2821
[22:28:10.557] START to_move 2
[22:28:10.580] STOP to_move 2 nodes_visited 371
[22:28:10.580] START to_move 1
[22:28:10.738] STOP to_move 1 nodes_visited 2637
[22:28:10.739] START to_move 2
[22:28:10.761] STOP to_move 2 nodes_visited 371
[22:28:10.762] START to_move 1
[22:28:10.931] STOP to_move 1 nodes_visited 2874
[22:28:10.932] START to_move 2
[22:28:10.956] STOP to_move 2 nodes_visited 374
[22:28:10.957] START to_move 1
[22:28:11.126] STOP to_move 1 nodes_visited 2874
[22:28:11.127] START to_move 2
[22:28:11.149] STOP to_move 2 nodes_visited 371
[22:28:11.150] START to_move 1
[22:28:11.172] STOP to_move 1 nodes_visited 380
[22:28:11.172] START to_move 2
[22:28:11.201] STOP to_move 2 nodes_visited 469
[22:28:11.201] START to_move 1
[22:28:11.224] STOP to_move 1 nodes_visited 374
[22:28:11.224] START to_move 2
[22:28:11.252] STOP to_move 2 nodes_visited 449
[22:28:11.252] START to_move 1
[22:28:11.273] STOP to_move 1 nodes_visited 374
[22:28:11.273] START to_move 2
[22:28:11.301] STOP to_move 2 nodes_visited 448
[22:28:11.301] START to_move 1
[22:28:11.322] STOP to_move 1 nodes_visited 374
[22:28:11.322] START to_move 2
[22:28:11.350] STOP to_move 2 nodes_visited 451
[22:28:11.350] START to_move 1
[22:28:11.374] STOP to_move 1 nodes_visited 431
[22:28:11.375] START to_move 2
[22:28:11.403] STOP to_move 2 nodes_visited 469
[22:28:11.403] START to_move 1
[22:28:11.428] STOP to_move 1 nodes_visited 426
[22:28:11.428] START to_move 2
[22:28:11.485] STOP to_move 2 nodes_visited 925
[22:28:11.486] START to_move 1
[22:28:11.512] STOP to_move 1 nodes_visited 428
[22:28:11.513] START to_move 2
[22:28:11.556] STOP to_move 2 nodes_visited 704
[22:28:11.557] START to_move 1
[22:28:11.581] STOP to_move 1 nodes_visited 431
[22:28:11.582] START to_move 2
[22:28:11.602] STOP to_move 2 nodes_visited 347
[22:28:11.603] START to_move 1
[22:28:11.624] STOP to_move 1 nodes_visited 377
[22:28:11.624] START to_move 2
[22:28:11.652] STOP to_move 2 nodes_visited 446
[22:28:11.652] START to_move 1
[22:28:11.674] STOP to_move 1 nodes_visited 385
[22:28:11.674] START to_move 2
[22:28:11.701] STOP to_move 2 nodes_visited 446
[22:28:11.701] START to_move 1
[22:28:11.723] STOP to_move 1 nodes_visited 379
[22:28:11.723] START to_move 2
[22:28:11.749] STOP to_move 2 nodes_visited 423
[22:28:11.749] START to_move 1
[22:28:11.889] STOP to_move 1 nodes_visited 2293
[22:28:11.890] START to_move 2
[22:28:11.912] STOP to_move 2 nodes_visited 351
[22:28:11.912] START to_move 1
[22:28:12.048] STOP to_move 1 nodes_visited 2276
[22:28:12.050] START to_move 2
[22:28:12.081] STOP to_move 2 nodes_visited 489
[22:28:12.081] START to_move 1
[22:28:12.207] STOP to_move 1 nodes_visited 2118
[22:28:12.208] START to_move 2
[22:28:12.229] STOP to_move 2 nodes_visited 338
[22:28:12.229] START to_move 1
[22:28:12.379] STOP to_move 1 nodes_visited 2475
[22:28:12.380] START to_move 2
[22:28:12.401] STOP to_move 2 nodes_visited 345
[22:28:12.401] START to_move 1
[22:28:12.548] STOP to_move 1 nodes_visited 2475
[22:28:12.549] START to_move 2
[22:28:12.596] STOP to_move 2 nodes_visited 730
[22:28:12.596] START to_move 1
[22:28:12.621] STOP to_move 1 nodes_visited 442
[22:28:12.621] START to_move 2
[22:28:12.643] STOP to_move 2 nodes_visited 356
[22:28:12.643] START to_move 1
[22:28:12.664] STOP to_move 1 nodes_visited 374
[22:28:12.664] START to_move 2
[22:28:12.688] STOP to_move 2 nodes_visited 399
[22:28:12.689] START to_move 1
[22:28:12.710] STOP to_move 1 nodes_visited 374
[22:28:12.710] START to_move 2
[22:28:12.734] STOP to_move 2 nodes_visited 399
[22:28:12.734] START to_move 1
[22:28:12.877] STOP to_move 1 nodes_visited 2352
[22:28:12.878] START to_move 2
[22:28:12.897] STOP to_move 2 nodes_visited 322
[22:28:12.897] START to_move 1
[22:28:13.015] STOP to_move 1 nodes_visited 1997
[22:28:13.016] START to_move 2
[22:28:13.040] STOP to_move 2 nodes_visited 408
[22:28:13.041] START to_move 1
[22:28:13.059] STOP to_move 1 nodes_visited 333
[22:28:13.059] START to_move 2
[22:28:13.138] STOP to_move 2 nodes_visited 1243
[22:28:13.139] START to_move 1
[22:28:13.159] STOP to_move 1 nodes_visited 353
[22:28:13.159] START to_move 2
[22:28:13.237] STOP to_move 2 nodes_visited 1243
[22:28:13.237] START to_move 1
[22:28:13.285] STOP to_move 1 nodes_visited 823
[22:28:13.285] START to_move 2
[22:28:13.349] STOP to_move 2 nodes_visited 1021
[22:28:13.349] START to_move 1
[22:28:13.389] STOP to_move 1 nodes_visited 689
[22:28:13.389] START to_move 2
[22:28:13.444] STOP to_move 2 nodes_visited 866
[22:28:13.444] START to_move 1
[22:28:13.485] STOP to_move 1 nodes_visited 706
[22:28:13.485] START to_move 2
[22:28:13.499] STOP to_move 2 nodes_visited 230
[22:28:13.499] START to_move 1
[22:28:13.545] STOP to_move 1 nodes_visited 801
[22:28:13.546] START to_move 2
[22:28:13.560] STOP to_move 2 nodes_visited 235
[22:28:13.560] START to_move 1
[22:28:13.631] STOP to_move 1 nodes_visited 1224
[22:28:13.631] START to_move 2
[22:28:13.645] STOP to_move 2 nodes_visited 229
[22:28:13.645] START to_move 1
[22:28:13.662] STOP to_move 1 nodes_visited 315
[22:28:13.663] START to_move 2
[22:28:13.677] STOP to_move 2 nodes_visited 244
[22:28:13.677] START to_move 1
[22:28:13.696] STOP to_move 1 nodes_visited 326
[22:28:13.696] START to_move 2
[22:28:13.711] STOP to_move 2 nodes_visited 243
[22:28:13.711] START to_move 1
[22:28:13.729] STOP to_move 1 nodes_visited 321
[22:28:13.729] START to_move 2
[22:28:13.743] STOP to_move 2 nodes_visited 231
[22:28:13.743] START to_move 1
[22:28:13.760] STOP to_move 1 nodes_visited 307
[22:28:13.761] START to_move 2
[22:28:13.775] STOP to_move 2 nodes_visited 238
[22:28:13.775] START to_move 1
[22:28:13.793] STOP to_move 1 nodes_visited 318
[22:28:13.793] START to_move 2
[22:28:13.814] STOP to_move 2 nodes_visited 333
[22:28:13.814] START to_move 1
[22:28:13.833] STOP to_move 1 nodes_visited 326
[22:28:13.833] START to_move 2
[22:28:13.846] STOP to_move 2 nodes_visited 226
[22:28:13.847] START to_move 1
[22:28:13.865] STOP to_move 1 nodes_visited 311
[22:28:13.865] START to_move 2
[22:28:13.879] STOP to_move 2 nodes_visited 233
[22:28:13.879] START to_move 1
[22:28:13.896] STOP to_move 1 nodes_visited 310
[22:28:13.896] START to_move 2
[22:28:13.910] STOP to_move 2 nodes_visited 233
[22:28:13.911] START to_move 1
[22:28:13.928] STOP to_move 1 nodes_visited 310
[22:28:13.928] START to_move 2
[22:28:13.942] STOP to_move 2 nodes_visited 233
[22:28:13.942] START to_move 1
[22:28:13.959] STOP to_move 1 nodes_visited 297
[22:28:13.959] START to_move 2
[22:28:13.973] STOP to_move 2 nodes_visited 226
[22:28:13.973] START to_move 1
[22:28:13.991] STOP to_move 1 nodes_visited 303
[22:28:13.992] START to_move 2
[22:28:14.005] STOP to_move 2 nodes_visited 223
[22:28:14.005] START to_move 1
[22:28:14.022] STOP to_move 1 nodes_visited 296
[22:28:14.022] START to_move 2
[22:28:14.035] STOP to_move 2 nodes_visited 223
[22:28:14.035] START to_move 1
[22:28:14.052] STOP to_move 1 nodes_visited 290
[22:28:14.052] START to_move 2
[22:28:14.071] STOP to_move 2 nodes_visited 318
[22:28:14.072] START to_move 1
[22:28:14.092] STOP to_move 1 nodes_visited 352
[22:28:14.092] START to_move 2
[22:28:14.098] STOP to_move 2 nodes_visited 103
[22:28:14.098] START to_move 1
[22:28:14.110] STOP to_move 1 nodes_visited 214
[22:28:14.110] START to_move 2
[22:28:14.117] STOP to_move 2 nodes_visited 125
[22:28:14.118] START to_move 1
[22:28:14.129] STOP to_move 1 nodes_visited 210
[22:28:14.129] START to_move 2
[22:28:14.136] STOP to_move 2 nodes_visited 119
[22:28:14.136] START to_move 1
[22:28:14.148] STOP to_move 1 nodes_visited 210
[22:28:14.148] START to_move 2
[22:28:14.158] STOP to_move 2 nodes_visited 177
[22:28:14.158] START to_move 1
[22:28:14.174] STOP to_move 1 nodes_visited 279
[22:28:14.174] START to_move 2
[22:28:14.184] STOP to_move 2 nodes_visited 175
[22:28:14.184] START to_move 1
[22:28:14.199] STOP to_move 1 nodes_visited 267
[22:28:14.199] START to_move 2
[22:28:14.209] STOP to_move 2 nodes_visited 175
[22:28:14.209] START to_move 1
[22:28:14.224] STOP to_move 1 nodes_visited 255
[22:28:14.224] START to_move 2
[22:28:14.233] STOP to_move 2 nodes_visited 163
[22:28:14.234] START to_move 1
[22:28:14.267] STOP to_move 1 nodes_visited 568
[22:28:14.267] START to_move 2
[22:28:14.287] STOP to_move 2 nodes_visited 312
[22:28:14.287] START to_move 1
[22:28:14.320] STOP to_move 1 nodes_visited 577
[22:28:14.321] START to_move 2
[22:28:14.340] STOP to_move 2 nodes_visited 318
[22:28:14.340] START to_move 1
[22:28:14.372] STOP to_move 1 nodes_visited 560
[22:28:14.372] START to_move 2
[22:28:14.391] STOP to_move 2 nodes_visited 312
[22:28:14.391] START to_move 1
[22:28:14.430] STOP to_move 1 nodes_visited 667
[22:28:14.430] START to_move 2
[22:28:14.449] STOP to_move 2 nodes_visited 318
[22:28:14.449] START to_move 1
[22:28:14.487] STOP to_move 1 nodes_visited 658
[22:28:14.487] START to_move 2
[22:28:14.506] STOP to_move 2 nodes_visited 309
[22:28:14.506] START to_move 1
[22:28:14.524] STOP to_move 1 nodes_visited 322
[22:28:14.525] START to_move 2
[22:28:14.570] STOP to_move 2 nodes_visited 716
[22:28:14.571] START to_move 1
[22:28:14.589] STOP to_move 1 nodes_visited 316
[22:28:14.589] START to_move 2
[22:28:14.604] STOP to_move 2 nodes_visited 250
[22:28:14.604] START to_move 1
[22:28:14.622] STOP to_move 1 nodes_visited 325
[22:28:14.623] START to_move 2
[22:28:14.637] STOP to_move 2 nodes_visited 245
[22:28:14.637] START to_move 1
[22:28:14.655] STOP to_move 1 nodes_visited 316
[22:28:14.655] START to_move 2
[22:28:14.670] STOP to_move 2 nodes_visited 258
[22:28:14.671] START to_move 1
[22:28:14.687] STOP to_move 1 nodes_visited 289
[22:28:14.687] START to_move 2
[22:28:14.703] STOP to_move 2 nodes_visited 272
[22:28:14.703] START to_move 1
[22:28:14.727] STOP to_move 1 nodes_visited 411
[22:28:14.727] START to_move 2
[22:28:14.744] STOP to_move 2 nodes_visited 281
[22:28:14.744] START to_move 1
[22:28:14.780] STOP to_move 1 nodes_visited 630
[22:28:14.781] START to_move 2
[22:28:14.797] STOP to_move 2 nodes_visited 270
[22:28:14.797] START to_move 1
[22:28:14.836] STOP to_move 1 nodes_visited 673
[22:28:14.836] START to_move 2
[22:28:14.854] STOP to_move 2 nodes_visited 273
[22:28:14.854] START to_move 1
[22:28:14.893] STOP to_move 1 nodes_visited 674
[22:28:14.893] START to_move 2
[22:28:14.904] STOP to_move 2 nodes_visited 171
[22:28:14.904] START to_move 1
[22:28:14.933] STOP to_move 1 nodes_visited 508
[22:28:14.934] START to_move 2
[22:28:14.941] STOP to_move 2 nodes_visited 130
[22:28:14.941] START to_move 1
[22:28:14.962] STOP to_move 1 nodes_visited 350
[22:28:14.962] START to_move 2
[22:28:14.969] STOP to_move 2 nodes_visited 128
[22:28:14.970] START to_move 1
[22:28:14.990] STOP to_move 1 nodes_visited 350
[22:28:14.990] START to_move 2
[22:28:14.997] STOP to_move 2 nodes_visited 114
[22:28:14.997] START to_move 1
[22:28:15.013] STOP to_move 1 nodes_visited 270
[22:28:15.013] START to_move 2
[22:28:15.022] STOP to_move 2 nodes_visited 158
[22:28:15.022] START to_move 1
[22:28:15.039] STOP to_move 1 nodes_visited 300
[22:28:15.039] START to_move 2
[22:28:15.046] STOP to_move 2 nodes_visited 110
[22:28:15.046] START to_move 1
[22:28:15.053] STOP to_move 1 nodes_visited 129
[22:28:15.053] START to_move 2
[22:28:15.060] STOP to_move 2 nodes_visited 121
[22:28:15.060] START to_move 1
[22:28:15.068] STOP to_move 1 nodes_visited 136
[22:28:15.068] START to_move 2
[22:28:15.075] STOP to_move 2 nodes_visited 115
[22:28:15.075] START to_move 1
[22:28:15.082] STOP to_move 1 nodes_visited 121
[22:28:15.082] START to_move 2
[22:28:15.087] STOP to_move 2 nodes_visited 87
[22:28:15.087] START to_move 1
[22:28:15.093] STOP to_move 1 nodes_visited 107
[22:28:15.093] START to_move 2
[22:28:15.100] STOP to_move 2 nodes_visited 121
[22:28:15.100] START to_move 1
[22:28:15.108] STOP to_move 1 nodes_visited 140
[22:28:15.108] START to_move 2
[22:28:15.116] STOP to_move 2 nodes_visited 133
[22:28:15.116] START to_move 1
[22:28:15.124] STOP to_move 1 nodes_visited 137
[22:28:15.124] START to_move 2
[22:28:15.131] STOP to_move 2 nodes_visited 121
[22:28:15.131] START to_move 1
[22:28:15.140] STOP to_move 1 nodes_visited 152
[22:28:15.140] START to_move 2
[22:28:15.147] STOP to_move 2 nodes_visited 112
[22:28:15.147] START to_move 1
[22:28:15.159] STOP to_move 1 nodes_visited 195
[22:28:15.159] START to_move 2
[22:28:15.165] STOP to_move 2 nodes_visited 97
[22:28:15.165] START to_move 1
[22:28:15.171] STOP to_move 1 nodes_visited 107
[22:28:15.171] START to_move 2
[22:28:15.187] STOP to_move 2 nodes_visited 262
[22:28:15.188] START to_move 1
[22:28:15.194] STOP to_move 1 nodes_visited 108
[22:28:15.194] START to_move 2
[22:28:15.210] STOP to_move 2 nodes_visited 262
[22:28:15.210] START to_move 1
[22:28:15.232] STOP to_move 1 nodes_visited 373
[22:28:15.232] START to_move 2
[22:28:15.245] STOP to_move 2 nodes_visited 220
[22:28:15.245] START to_move 1
[22:28:15.262] STOP to_move 1 nodes_visited 276
[22:28:15.262] START to_move 2
[22:28:15.268] STOP to_move 2 nodes_visited 105
[22:28:15.268] START to_move 1
[22:28:15.279] STOP to_move 1 nodes_visited 182
[22:28:15.279] START to_move 2
[22:28:15.285] STOP to_move 2 nodes_visited 98
[22:28:15.285] START to_move 1
[22:28:15.293] STOP to_move 1 nodes_visited 130
[22:28:15.293] START to_move 2
[22:28:15.301] STOP to_move 2 nodes_visited 127
[22:28:15.301] START to_move 1
[22:28:15.308] STOP to_move 1 nodes_visited 121
[22:28:15.308] START to_move 2
[22:28:15.312] STOP to_move 2 nodes_visited 68
[22:28:15.312] START to_move 1
[22:28:15.317] STOP to_move 1 nodes_visited 85
[22:28:15.317] START to_move 2
[22:28:15.322] STOP to_move 2 nodes_visited 78
[22:28:15.322] START to_move 1
[22:28:15.327] STOP to_move 1 nodes_visited 85
[22:28:15.327] START to_move 2
[22:28:15.332] STOP to_move 2 nodes_visited 78
[22:28:15.332] START to_move 1
[22:28:15.336] STOP to_move 1 nodes_visited 71
[22:28:15.336] START to_move 2
[22:28:15.339] STOP to_move 2 nodes_visited 61
[22:28:15.339] START to_move 1
[22:28:15.343] STOP to_move 1 nodes_visited 60
[22:28:15.343] START to_move 2
[22:28:15.345] STOP to_move 2 nodes_visited 41
[22:28:15.345] START to_move 1
[22:28:15.349] STOP to_move 1 nodes_visited 60
[22:28:15.349] START to_move 2
[22:28:15.351] STOP to_move 2 nodes_visited 39
[22:28:15.351] START to_move 1
[22:28:15.354] STOP to_move 1 nodes_visited 47
[22:28:15.354] START to_move 2
[22:28:15.357] STOP to_move 2 nodes_visited 47
[22:28:15.357] START to_move 1
[22:28:15.362] STOP to_move 1 nodes_visited 81
[22:28:15.362] START to_move 2
[22:28:15.364] STOP to_move 2 nodes_visited 39
[22:28:15.364] START to_move 1
[22:28:15.366] STOP to_move 1 nodes_visited 30
[22:28:15.366] START to_move 2
[22:28:15.369] STOP to_move 2 nodes_visited 45
[22:28:15.369] START to_move 1
[22:28:15.372] STOP to_move 1 nodes_visited 62
[22:28:15.372] START to_move 2
[22:28:15.375] STOP to_move 2 nodes_visited 43
[22:28:15.375] START to_move 1
[22:28:15.376] STOP to_move 1 nodes_visited 20
[22:28:15.376] START to_move 2
[22:28:15.379] STOP to_move 2 nodes_visited 38
[22:28:15.379] START to_move 1
[22:28:15.381] STOP to_move 1 nodes_visited 36
[22:28:15.381] START to_move 2
[22:28:15.382] STOP to_move 2 nodes_visited 25
[22:28:15.382] START to_move 1
[22:28:15.383] STOP to_move 1 nodes_visited 18
[22:28:15.383] START to_move 2
[22:28:15.385] STOP to_move 2 nodes_visited 21
[22:28:15.385] START to_move 1
[22:28:15.385] STOP to_move 1 nodes_visited 15
[22:28:15.386] START to_move 2
[22:28:15.387] STOP to_move 2 nodes_visited 31
[22:28:15.387] START to_move 1
[22:28:15.389] STOP to_move 1 nodes_visited 21
[22:28:15.389] START to_move 2
[22:28:15.390] STOP to_move 2 nodes_visited 29
[22:28:15.390] START to_move 1
[22:28:15.391] STOP to_move 1 nodes_visited 19
[22:28:15.391] START to_move 2
[22:28:15.393] STOP to_move 2 nodes_visited 29
[22:28:15.393] START to_move 1
[22:28:15.395] STOP to_move 1 nodes_visited 28
[22:28:15.395] START to_move 2
[22:28:15.397] STOP to_move 2 nodes_visited 42
[22:28:15.397] START to_move 1
[22:28:15.399] STOP to_move 1 nodes_visited 29
[22:28:15.399] START to_move 2
[22:28:15.400] STOP to_move 2 nodes_visited 17
[22:28:15.400] START to_move 1
[22:28:15.401] STOP to_move 1 nodes_visited 25
[22:28:15.402] START to_move 2
[22:28:15.403] STOP to_move 2 nodes_visited 23
[22:28:15.403] START to_move 1
[22:28:15.403] STOP to_move 1 nodes_visited 6
[22:28:15.403] START to_move 2
[22:28:15.404] STOP to_move 2 nodes_visited 13
[22:28:15.404] START to_move 1
[22:28:15.405] STOP to_move 1 nodes_visited 16
[22:28:15.405] START to_move 2
[22:28:15.406] STOP to_move 2 nodes_visited 15
[22:28:15.406] START to_move 1
[22:28:15.406] STOP to_move 1 nodes_visited 7
[22:28:15.406] START to_move 2
[22:28:15.408] STOP to_move 2 nodes_visited 17
[22:28:15.408] START to_move 1
[22:28:15.408] STOP to_move 1 nodes_visited 12
[22:28:15.408] START to_move 2
[22:28:15.409] STOP to_move 2 nodes_visited 12
[22:28:15.409] START to_move 1
[22:28:15.410] STOP to_move 1 nodes_visited 9
[22:28:15.410] START to_move 2
[22:28:15.411] STOP to_move 2 nodes_visited 15
[22:28:15.411] START to_move 1
[22:28:15.412] STOP to_move 1 nodes_visited 18
[22:28:15.412] START to_move 2
[22:28:15.413] STOP to_move 2 nodes_visited 19
[22:28:15.413] START to_move 1
[22:28:15.413] STOP to_move 1 nodes_visited 6
[22:28:15.413] START to_move 2
[22:28:15.414] STOP to_move 2 nodes_visited 9
[22:28:15.414] START to_move 1
[22:28:15.415] STOP to_move 1 nodes_visited 14
[22:28:15.415] START to_move 2
[22:28:15.416] STOP to_move 2 nodes_visited 23
[22:28:15.416] START to_move 1
[22:28:15.417] STOP to_move 1 nodes_visited 9
[22:28:15.417] START to_move 2
[22:28:15.417] STOP to_move 2 nodes_visited 9
[22:28:15.417] START to_move 1
[22:28:15.418] STOP to_move 1 nodes_visited 10
[22:28:15.418] START to_move 2
[22:28:15.418] STOP to_move 2 nodes_visited 10
[22:28:15.418] START to_move 1
[22:28:15.419] STOP to_move 1 nodes_visited 10
[22:28:15.419] START to_move 2
[22:28:15.420] STOP to_move 2 nodes_visited 17
[22:28:15.420] START to_move 1
[22:28:15.421] STOP to_move 1 nodes_visited 8
[22:28:15.421] START to_move 2
[22:28:15.421] STOP to_move 2 nodes_visited 8
[22:28:15.421] START to_move 1
[22:28:15.422] STOP to_move 1 nodes_visited 11
[22:28:15.422] START to_move 2
[22:28:15.422] STOP to_move 2 nodes_visited 11
[22:28:15.422] START to_move 1
[22:28:15.423] STOP to_move 1 nodes_visited 6
[22:28:15.423] END winner 1 - rounds 369
