[22:23:45.650] 1 - distance_function manhattan - pruning True
[22:23:45.650] 2 - distance_function euclides - pruning True
[22:23:45.650] START to_move 1
[22:23:45.858] STOP to_move 1 nodes_visited 3440
[22:23:45.860] START to_move 2
[22:23:45.918] STOP to_move 2 nodes_visited 921
[22:23:45.919] START to_move 1
[22:23:45.988] STOP to_move 1 nodes_visited 1184
[22:23:45.989] START to_move 2
[22:23:46.034] STOP to_move 2 nodes_visited 763
[22:23:46.034] START to_move 1
[22:23:46.061] STOP to_move 1 nodes_visited 482
[22:23:46.061] START to_move 2
[22:23:46.157] STOP to_move 2 nodes_visited 1555
[22:23:46.158] START to_move 1
[22:23:46.185] STOP to_move 1 nodes_visited 482
[22:23:46.185] START to_move 2
[22:23:46.280] STOP to_move 2 nodes_visited 1568
[22:23:46.280] START to_move 1
[22:23:46.307] STOP to_move 1 nodes_visited 481
[22:23:46.307] START to_move 2
[22:23:46.408] STOP to_move 2 nodes_visited 1637
[22:23:46.409] START to_move 1
[22:23:46.447] STOP to_move 1 nodes_visited 671
[22:23:46.448] START to_move 2
[22:23:46.547] STOP to_move 2 nodes_visited 1653
[22:23:46.548] START to_move 1
[22:23:46.575] STOP to_move 1 nodes_visited 491
[22:23:46.576] START to_move 2
[22:23:46.689] STOP to_move 2 nodes_visited 1829
[22:23:46.690] START to_move 1
[22:23:46.718] STOP to_move 1 nodes_visited 491
[22:23:46.718] START to_move 2
[22:23:46.835] STOP to_move 2 nodes_visited 1945
[22:23:46.836] START to_move 1
[22:23:47.019] STOP to_move 1 nodes_visited 3107
[22:23:47.021] START to_move 2
[22:23:47.121] STOP to_move 2 nodes_visited 1663
[22:23:47.122] START to_move 1
[22:23:47.150] STOP to_move 1 nodes_visited 498
[22:23:47.151] START to_move 2
[22:23:47.322] STOP to_move 2 nodes_visited 2790
[22:23:47.324] START to_move 1
[22:23:47.350] STOP to_move 1 nodes_visited 475
[22:23:47.351] START to_move 2
[22:23:47.565] STOP to_move 2 nodes_visited 3484
[22:23:47.567] START to_move 1
[22:23:47.593] STOP to_move 1 nodes_visited 481
[22:23:47.594] START to_move 2
[22:23:47.802] STOP to_move 2 nodes_visited 3397
[22:23:47.804] START to_move 1
[22:23:47.831] STOP to_move 1 nodes_visited 477
[22:23:47.831] START to_move 2
[22:23:48.045] STOP to_move 2 nodes_visited 3469
[22:23:48.047] START to_move 1
[22:23:48.074] STOP to_move 1 nodes_visited 475
[22:23:48.074] START to_move 2
[22:23:48.288] STOP to_move 2 nodes_visited 3457
[22:23:48.290] START to_move 1
[22:23:48.317] STOP to_move 1 nodes_visited 477
[22:23:48.317] START to_move 2
[22:23:48.536] STOP to_move 2 nodes_visited 3559
[22:23:48.538] START to_move 1
[22:23:48.566] STOP to_move 1 nodes_visited 490
[22:23:48.566] START to_move 2
[22:23:48.715] STOP to_move 2 nodes_visited 2466
[22:23:48.717] START to_move 1
[22:23:48.744] STOP to_move 1 nodes_visited 466
[22:23:48.745] START to_move 2
[22:23:48.904] STOP to_move 2 nodes_visited 2505
[22:23:48.905] START to_move 1
[22:23:48.933] STOP to_move 1 nodes_visited 479
[22:23:48.934] START to_move 2
[22:23:49.004] STOP to_move 2 nodes_visited 1112
[22:23:49.005] START to_move 1
[22:23:49.305] STOP to_move 1 nodes_visited 4889
[22:23:49.308] START to_move 2
[22:23:49.399] STOP to_move 2 nodes_visited 1502
[22:23:49.400] START to_move 1
[22:23:49.426] STOP to_move 1 nodes_visited 466
[22:23:49.426] START to_move 2
[22:23:49.486] STOP to_move 2 nodes_visited 991
[22:23:49.486] START to_move 1
[22:23:49.512] STOP to_move 1 nodes_visited 456
[22:23:49.512] START to_move 2
[22:23:49.594] STOP to_move 2 nodes_visited 1339
[22:23:49.595] START to_move 1
[22:23:49.715] STOP to_move 1 nodes_visited 2094
[22:23:49.717] START to_move 2
[22:23:49.789] STOP to_move 2 nodes_visited 1195
[22:23:49.789] START to_move 1
[22:23:49.819] STOP to_move 1 nodes_visited 453
[22:23:49.820] START to_move 2
[22:23:49.860] STOP to_move 2 nodes_visited 666
[22:23:49.860] START to_move 1
[22:23:49.885] STOP to_move 1 nodes_visited 447
[22:23:49.885] START to_move 2
[22:23:50.001] STOP to_move 2 nodes_visited 1917
[22:23:50.002] START to_move 1
[22:23:50.027] STOP to_move 1 nodes_visited 439
[22:23:50.027] START to_move 2
[22:23:50.123] STOP to_move 2 nodes_visited 1562
[22:23:50.124] START to_move 1
[22:23:50.199] STOP to_move 1 nodes_visited 1238
[22:23:50.200] START to_move 2
[22:23:50.270] STOP to_move 2 nodes_visited 1157
[22:23:50.270] START to_move 1
[22:23:50.294] STOP to_move 1 nodes_visited 425
[22:23:50.294] START to_move 2
[22:23:50.513] STOP to_move 2 nodes_visited 3577
[22:23:50.515] START to_move 1
[22:23:50.614] STOP to_move 1 nodes_visited 1660
[22:23:50.615] START to_move 2
[22:23:50.816] STOP to_move 2 nodes_visited 3298
[22:23:50.818] START to_move 1
[22:23:50.842] STOP to_move 1 nodes_visited 424
[22:23:50.842] START to_move 2
[22:23:51.050] STOP to_move 2 nodes_visited 3397
[22:23:51.052] START to_move 1
[22:23:51.189] STOP to_move 1 nodes_visited 2285
[22:23:51.190] START to_move 2
[22:23:51.383] STOP to_move 2 nodes_visited 3117
[22:23:51.385] START to_move 1
[22:23:51.407] STOP to_move 1 nodes_visited 400
[22:23:51.408] START to_move 2
[22:23:51.484] STOP to_move 2 nodes_visited 1259
[22:23:51.484] START to_move 1
[22:23:51.509] STOP to_move 1 nodes_visited 438
[22:23:51.509] START to_move 2
[22:23:51.693] STOP to_move 2 nodes_visited 2995
[22:23:51.695] START to_move 1
[22:23:51.743] STOP to_move 1 nodes_visited 833
[22:23:51.743] START to_move 2
[22:23:51.782] STOP to_move 2 nodes_visited 650
[22:23:51.782] START to_move 1
[22:23:51.824] STOP to_move 1 nodes_visited 725
[22:23:51.824] START to_move 2
[22:23:51.849] STOP to_move 2 nodes_visited 421
[22:23:51.849] START to_move 1
[22:23:51.872] STOP to_move 1 nodes_visited 390
[22:23:51.872] START to_move 2
[22:23:51.902] STOP to_move 2 nodes_visited 482
[22:23:51.902] START to_move 1
[22:23:51.924] STOP to_move 1 nodes_visited 388
[22:23:51.924] START to_move 2
[22:23:51.953] STOP to_move 2 nodes_visited 493
[22:23:51.953] START to_move 1
[22:23:51.975] STOP to_move 1 nodes_visited 388
[22:23:51.975] START to_move 2
[22:23:52.011] STOP to_move 2 nodes_visited 615
[22:23:52.012] START to_move 1
[22:23:52.034] STOP to_move 1 nodes_visited 407
[22:23:52.035] START to_move 2
[22:23:52.141] STOP to_move 2 nodes_visited 1774
[22:23:52.142] START to_move 1
[22:23:52.216] STOP to_move 1 nodes_visited 1254
[22:23:52.217] START to_move 2
[22:23:52.325] STOP to_move 2 nodes_visited 1794
[22:23:52.326] START to_move 1
[22:23:52.349] STOP to_move 1 nodes_visited 409
[22:23:52.349] START to_move 2
[22:23:52.460] STOP to_move 2 nodes_visited 1794
[22:23:52.461] START to_move 1
[22:23:52.483] STOP to_move 1 nodes_visited 405
[22:23:52.484] START to_move 2
[22:23:52.673] STOP to_move 2 nodes_visited 3077
[22:23:52.675] START to_move 1
[22:23:52.698] STOP to_move 1 nodes_visited 401
[22:23:52.698] START to_move 2
[22:23:52.884] STOP to_move 2 nodes_visited 3040
[22:23:52.885] START to_move 1
[22:23:52.911] STOP to_move 1 nodes_visited 450
[22:23:52.911] START to_move 2
[22:23:52.962] STOP to_move 2 nodes_visited 812
[22:23:52.963] START to_move 1
[22:23:52.987] STOP to_move 1 nodes_visited 426
[22:23:52.987] START to_move 2
[22:23:53.039] STOP to_move 2 nodes_visited 870
[22:23:53.040] START to_move 1
[22:23:53.062] STOP to_move 1 nodes_visited 394
[22:23:53.062] START to_move 2
[22:23:53.121] STOP to_move 2 nodes_visited 966
[22:23:53.121] START to_move 1
[22:23:53.143] STOP to_move 1 nodes_visited 390
[22:23:53.144] START to_move 2
[22:23:53.196] STOP to_move 2 nodes_visited 869
[22:23:53.196] START to_move 1
[22:23:53.219] STOP to_move 1 nodes_visited 401
[22:23:53.219] START to_move 2
[22:23:53.271] STOP to_move 2 nodes_visited 835
[22:23:53.271] START to_move 1
[22:23:53.300] STOP to_move 1 nodes_visited 499
[22:23:53.300] START to_move 2
[22:23:53.378] STOP to_move 2 nodes_visited 1283
[22:23:53.378] START to_move 1
[22:23:53.406] STOP to_move 1 nodes_visited 474
[22:23:53.406] START to_move 2
[22:23:53.497] STOP to_move 2 nodes_visited 1503
[22:23:53.498] START to_move 1
[22:23:53.582] STOP to_move 1 nodes_visited 1382
[22:23:53.583] START to_move 2
[22:23:53.679] STOP to_move 2 nodes_visited 1596
[22:23:53.680] START to_move 1
[22:23:53.708] STOP to_move 1 nodes_visited 487
[22:23:53.709] START to_move 2
[22:23:53.798] STOP to_move 2 nodes_visited 1450
[22:23:53.799] START to_move 1
[22:23:53.827] STOP to_move 1 nodes_visited 480
[22:23:53.827] START to_move 2
[22:23:53.916] STOP to_move 2 nodes_visited 1490
[22:23:53.917] START to_move 1
[22:23:53.945] STOP to_move 1 nodes_visited 480
[22:23:53.945] START to_move 2
[22:23:54.039] STOP to_move 2 nodes_visited 1559
[22:23:54.040] START to_move 1
[22:23:54.182] STOP to_move 1 nodes_visited 2320
[22:23:54.183] START to_move 2
[22:23:54.218] STOP to_move 2 nodes_visited 586
[22:23:54.218] START to_move 1
[22:23:54.246] STOP to_move 1 nodes_visited 488
[22:23:54.247] START to_move 2
[22:23:54.282] STOP to_move 2 nodes_visited 591
[22:23:54.282] START to_move 1
[22:23:54.310] STOP to_move 1 nodes_visited 491
[22:23:54.311] START to_move 2
[22:23:54.344] STOP to_move 2 nodes_visited 540
[22:23:54.344] START to_move 1
[22:23:54.378] STOP to_move 1 nodes_visited 580
[22:23:54.378] START to_move 2
[22:23:54.482] STOP to_move 2 nodes_visited 1719
[22:23:54.483] START to_move 1
[22:23:54.520] STOP to_move 1 nodes_visited 648
[22:23:54.521] START to_move 2
[22:23:54.630] STOP to_move 2 nodes_visited 1773
[22:23:54.631] START to_move 1
[22:23:54.781] STOP to_move 1 nodes_visited 2483
[22:23:54.783] START to_move 2
[22:23:54.897] STOP to_move 2 nodes_visited 1861
[22:23:54.898] START to_move 1
[22:23:54.938] STOP to_move 1 nodes_visited 701
[22:23:54.938] START to_move 2
[22:23:55.053] STOP to_move 2 nodes_visited 1882
[22:23:55.054] START to_move 1
[22:23:55.094] STOP to_move 1 nodes_visited 704
[22:23:55.095] START to_move 2
[22:23:55.200] STOP to_move 2 nodes_visited 1719
[22:23:55.201] START to_move 1
[22:23:55.240] STOP to_move 1 nodes_visited 692
[22:23:55.241] START to_move 2
[22:23:55.347] STOP to_move 2 nodes_visited 1759
[22:23:55.348] START to_move 1
[22:23:55.389] STOP to_move 1 nodes_visited 692
[22:23:55.390] START to_move 2
[22:23:55.492] STOP to_move 2 nodes_visited 1704
[22:23:55.493] START to_move 1
[22:23:55.531] STOP to_move 1 nodes_visited 664
[22:23:55.532] START to_move 2
[22:23:55.565] STOP to_move 2 nodes_visited 559
[22:23:55.565] START to_move 1
[22:23:55.584] STOP to_move 1 nodes_visited 328
[22:23:55.584] START to_move 2
[22:23:55.620] STOP to_move 2 nodes_visited 606
[22:23:55.620] START to_move 1
[22:23:55.644] STOP to_move 1 nodes_visited 414
[22:23:55.644] START to_move 2
[22:23:55.677] STOP to_move 2 nodes_visited 532
[22:23:55.678] START to_move 1
[22:23:55.695] STOP to_move 1 nodes_visited 310
[22:23:55.695] START to_move 2
[22:23:55.723] STOP to_move 2 nodes_visited 463
[22:23:55.723] START to_move 1
[22:23:55.740] STOP to_move 1 nodes_visited 301
[22:23:55.740] START to_move 2
[22:23:55.767] STOP to_move 2 nodes_visited 452
[22:23:55.768] START to_move 1
[22:23:55.784] STOP to_move 1 nodes_visited 292
[22:23:55.784] START to_move 2
[22:23:55.852] STOP to_move 2 nodes_visited 1116
[22:23:55.853] START to_move 1
[22:23:55.869] STOP to_move 1 nodes_visited 296
[22:23:55.869] START to_move 2
[22:23:55.937] STOP to_move 2 nodes_visited 1090
[22:23:55.937] START to_move 1
[22:23:55.954] STOP to_move 1 nodes_visited 303
[22:23:55.954] START to_move 2
[22:23:56.016] STOP to_move 2 nodes_visited 1029
[22:23:56.017] START to_move 1
[22:23:56.033] STOP to_move 1 nodes_visited 273
[22:23:56.033] START to_move 2
[22:23:56.085] STOP to_move 2 nodes_visited 858
[22:23:56.085] START to_move 1
[22:23:56.100] STOP to_move 1 nodes_visited 266
[22:23:56.100] START to_move 2
[22:23:56.151] STOP to_move 2 nodes_visited 850
[22:23:56.151] START to_move 1
[22:23:56.166] STOP to_move 1 nodes_visited 255
[22:23:56.166] START to_move 2
[22:23:56.216] STOP to_move 2 nodes_visited 806
[22:23:56.217] START to_move 1
[22:23:56.231] STOP to_move 1 nodes_visited 255
[22:23:56.231] START to_move 2
[22:23:56.275] STOP to_move 2 nodes_visited 740
[22:23:56.276] START to_move 1
[22:23:56.285] STOP to_move 1 nodes_visited 180
[22:23:56.286] START to_move 2
[22:23:56.322] STOP to_move 2 nodes_visited 604
[22:23:56.322] START to_move 1
[22:23:56.332] STOP to_move 1 nodes_visited 180
[22:23:56.332] START to_move 2
[22:23:56.347] STOP to_move 2 nodes_visited 248
[22:23:56.347] START to_move 1
[22:23:56.356] STOP to_move 1 nodes_visited 180
[22:23:56.357] START to_move 2
[22:23:56.371] STOP to_move 2 nodes_visited 246
[22:23:56.371] START to_move 1
[22:23:56.381] STOP to_move 1 nodes_visited 180
[22:23:56.382] START to_move 2
[22:23:56.395] STOP to_move 2 nodes_visited 233
[22:23:56.396] START to_move 1
[22:23:56.405] STOP to_move 1 nodes_visited 175
[22:23:56.405] START to_move 2
[22:23:56.420] STOP to_move 2 nodes_visited 243
[22:23:56.420] START to_move 1
[22:23:56.429] STOP to_move 1 nodes_visited 174
[22:23:56.429] START to_move 2
[22:23:56.440] STOP to_move 2 nodes_visited 180
[22:23:56.440] START to_move 1
[22:23:56.449] STOP to_move 1 nodes_visited 174
[22:23:56.449] START to_move 2
[22:23:56.460] STOP to_move 2 nodes_visited 179
[22:23:56.460] START to_move 1
[22:23:56.469] STOP to_move 1 nodes_visited 164
[22:23:56.469] START to_move 2
[22:23:56.476] STOP to_move 2 nodes_visited 120
[22:23:56.476] START to_move 1
[22:23:56.485] STOP to_move 1 nodes_visited 174
[22:23:56.485] START to_move 2
[22:23:56.505] STOP to_move 2 nodes_visited 339
[22:23:56.506] START to_move 1
[22:23:56.528] STOP to_move 1 nodes_visited 384
[22:23:56.529] START to_move 2
[22:23:56.552] STOP to_move 2 nodes_visited 402
[22:23:56.553] START to_move 1
[22:23:56.562] STOP to_move 1 nodes_visited 165
[22:23:56.562] START to_move 2
[22:23:56.585] STOP to_move 2 nodes_visited 384
[22:23:56.585] START to_move 1
[22:23:56.594] STOP to_move 1 nodes_visited 165
[22:23:56.594] START to_move 2
[22:23:56.618] STOP to_move 2 nodes_visited 384
[22:23:56.618] START to_move 1
[22:23:56.627] STOP to_move 1 nodes_visited 165
[22:23:56.627] START to_move 2
[22:23:56.651] STOP to_move 2 nodes_visited 408
[22:23:56.651] START to_move 1
[22:23:56.664] STOP to_move 1 nodes_visited 224
[22:23:56.664] START to_move 2
[22:23:56.694] STOP to_move 2 nodes_visited 500
[22:23:56.695] START to_move 1
[22:23:56.707] STOP to_move 1 nodes_visited 224
[22:23:56.707] START to_move 2
[22:23:56.750] STOP to_move 2 nodes_visited 708
[22:23:56.750] START to_move 1
[22:23:56.762] STOP to_move 1 nodes_visited 215
[22:23:56.762] START to_move 2
[22:23:56.806] STOP to_move 2 nodes_visited 708
[22:23:56.807] START to_move 1
[22:23:56.819] STOP to_move 1 nodes_visited 213
[22:23:56.819] START to_move 2
[22:23:56.861] STOP to_move 2 nodes_visited 708
[22:23:56.861] START to_move 1
[22:23:56.873] STOP to_move 1 nodes_visited 213
[22:23:56.874] START to_move 2
[22:23:56.916] STOP to_move 2 nodes_visited 708
[22:23:56.916] START to_move 1
[22:23:56.928] STOP to_move 1 nodes_visited 213
[22:23:56.928] START to_move 2
[22:23:56.971] STOP to_move 2 nodes_visited 708
[22:23:56.971] START to_move 1
[22:23:56.983] STOP to_move 1 nodes_visited 213
[22:23:56.983] START to_move 2
[22:23:57.026] STOP to_move 2 nodes_visited 708
[22:23:57.026] START to_move 1
[22:23:57.038] STOP to_move 1 nodes_visited 213
[22:23:57.038] START to_move 2
[22:23:57.081] STOP to_move 2 nodes_visited 703
[22:23:57.081] START to_move 1
[22:23:57.106] STOP to_move 1 nodes_visited 408
[22:23:57.106] START to_move 2
[22:23:57.140] STOP to_move 2 nodes_visited 554
[22:23:57.140] START to_move 1
[22:23:57.147] STOP to_move 1 nodes_visited 130
[22:23:57.147] START to_move 2
[22:23:57.173] STOP to_move 2 nodes_visited 430
[22:23:57.173] START to_move 1
[22:23:57.184] STOP to_move 1 nodes_visited 197
[22:23:57.185] START to_move 2
[22:23:57.209] STOP to_move 2 nodes_visited 415
[22:23:57.209] START to_move 1
[22:23:57.221] STOP to_move 1 nodes_visited 214
[22:23:57.221] START to_move 2
[22:23:57.254] STOP to_move 2 nodes_visited 552
[22:23:57.254] START to_move 1
[22:23:57.262] STOP to_move 1 nodes_visited 136
[22:23:57.262] START to_move 2
[22:23:57.277] STOP to_move 2 nodes_visited 261
[22:23:57.278] START to_move 1
[22:23:57.284] STOP to_move 1 nodes_visited 122
[22:23:57.284] START to_move 2
[22:23:57.297] STOP to_move 2 nodes_visited 216
[22:23:57.297] START to_move 1
[22:23:57.307] STOP to_move 1 nodes_visited 165
[22:23:57.307] START to_move 2
[22:23:57.326] STOP to_move 2 nodes_visited 326
[22:23:57.326] START to_move 1
[22:23:57.335] STOP to_move 1 nodes_visited 155
[22:23:57.335] START to_move 2
[22:23:57.361] STOP to_move 2 nodes_visited 446
[22:23:57.362] START to_move 1
[22:23:57.370] STOP to_move 1 nodes_visited 145
[22:23:57.370] START to_move 2
[22:23:57.388] STOP to_move 2 nodes_visited 282
[22:23:57.388] START to_move 1
[22:23:57.395] STOP to_move 1 nodes_visited 121
[22:23:57.395] START to_move 2
[22:23:57.405] STOP to_move 2 nodes_visited 164
[22:23:57.405] START to_move 1
[22:23:57.413] STOP to_move 1 nodes_visited 133
[22:23:57.413] START to_move 2
[22:23:57.426] STOP to_move 2 nodes_visited 220
[22:23:57.427] START to_move 1
[22:23:57.433] STOP to_move 1 nodes_visited 119
[22:23:57.433] START to_move 2
[22:23:57.453] STOP to_move 2 nodes_visited 326
[22:23:57.453] START to_move 1
[22:23:57.461] STOP to_move 1 nodes_visited 134
[22:23:57.461] START to_move 2
[22:23:57.461] STOP to_move 2 nodes_visited 12
[22:23:57.462] END winner 2 - rounds 218
