[23:18:18.982] 1 - distance_function manhattan - pruning True
[23:18:18.982] 2 - distance_function euclides - pruning True
[23:18:18.982] START to_move 1
[23:18:19.048] STOP to_move 1 nodes_visited 1106
[23:18:19.048] START to_move 2
[23:18:19.150] STOP to_move 2 nodes_visited 1691
[23:18:19.152] START to_move 1
[23:18:19.300] STOP to_move 1 nodes_visited 2361
[23:18:19.302] START to_move 2
[23:18:19.385] STOP to_move 2 nodes_visited 1384
[23:18:19.386] START to_move 1
[23:18:19.522] STOP to_move 1 nodes_visited 2259
[23:18:19.524] START to_move 2
[23:18:19.630] STOP to_move 2 nodes_visited 1736
[23:18:19.631] START to_move 1
[23:18:19.856] STOP to_move 1 nodes_visited 3738
[23:18:19.859] START to_move 2
[23:18:19.985] STOP to_move 2 nodes_visited 2009
[23:18:19.986] START to_move 1
[23:18:20.121] STOP to_move 1 nodes_visited 2266
[23:18:20.122] START to_move 2
[23:18:20.347] STOP to_move 2 nodes_visited 3592
[23:18:20.350] START to_move 1
[23:18:20.453] STOP to_move 1 nodes_visited 1725
[23:18:20.454] START to_move 2
[23:18:20.545] STOP to_move 2 nodes_visited 1452
[23:18:20.546] START to_move 1
[23:18:20.786] STOP to_move 1 nodes_visited 3855
[23:18:20.789] START to_move 2
[23:18:20.909] STOP to_move 2 nodes_visited 1956
[23:18:20.910] START to_move 1
[23:18:21.142] STOP to_move 1 nodes_visited 3760
[23:18:21.145] START to_move 2
[23:18:21.289] STOP to_move 2 nodes_visited 2277
[23:18:21.290] START to_move 1
[23:18:21.529] STOP to_move 1 nodes_visited 3891
[23:18:21.531] START to_move 2
[23:18:21.684] STOP to_move 2 nodes_visited 2463
[23:18:21.685] START to_move 1
[23:18:21.917] STOP to_move 1 nodes_visited 3848
[23:18:21.919] START to_move 2
[23:18:22.043] STOP to_move 2 nodes_visited 2026
[23:18:22.044] START to_move 1
[23:18:22.245] STOP to_move 1 nodes_visited 3288
[23:18:22.247] START to_move 2
[23:18:22.355] STOP to_move 2 nodes_visited 1728
[23:18:22.356] START to_move 1
[23:18:22.537] STOP to_move 1 nodes_visited 3004
[23:18:22.538] START to_move 2
[23:18:22.626] STOP to_move 2 nodes_visited 1415
[23:18:22.627] START to_move 1
[23:18:22.805] STOP to_move 1 nodes_visited 2958
[23:18:22.807] START to_move 2
[23:18:22.901] STOP to_move 2 nodes_visited 1513
[23:18:22.902] START to_move 1
[23:18:23.075] STOP to_move 1 nodes_visited 2867
[23:18:23.076] START to_move 2
[23:18:23.218] STOP to_move 2 nodes_visited 2265
[23:18:23.219] START to_move 1
[23:18:23.404] STOP to_move 1 nodes_visited 2944
[23:18:23.406] START to_move 2
[23:18:23.558] STOP to_move 2 nodes_visited 2460
[23:18:23.560] START to_move 1
[23:18:23.749] STOP to_move 1 nodes_visited 3047
[23:18:23.751] START to_move 2
[23:18:23.916] STOP to_move 2 nodes_visited 2565
[23:18:23.917] START to_move 1
[23:18:24.088] STOP to_move 1 nodes_visited 2846
[23:18:24.090] START to_move 2
[23:18:24.243] STOP to_move 2 nodes_visited 2455
[23:18:24.245] START to_move 1
[23:18:24.430] STOP to_move 1 nodes_visited 3015
[23:18:24.432] START to_move 2
[23:18:24.579] STOP to_move 2 nodes_visited 2374
[23:18:24.581] START to_move 1
[23:18:24.757] STOP to_move 1 nodes_visited 2901
[23:18:24.759] START to_move 2
[23:18:24.902] STOP to_move 2 nodes_visited 2361
[23:18:24.903] START to_move 1
[23:18:25.081] STOP to_move 1 nodes_visited 2914
[23:18:25.083] START to_move 2
[23:18:25.225] STOP to_move 2 nodes_visited 2300
[23:18:25.226] START to_move 1
[23:18:25.377] STOP to_move 1 nodes_visited 2509
[23:18:25.379] START to_move 2
[23:18:25.534] STOP to_move 2 nodes_visited 2549
[23:18:25.536] START to_move 1
[23:18:25.663] STOP to_move 1 nodes_visited 2169
[23:18:25.665] START to_move 2
[23:18:25.821] STOP to_move 2 nodes_visited 2570
[23:18:25.822] START to_move 1
[23:18:25.953] STOP to_move 1 nodes_visited 2206
[23:18:25.954] START to_move 2
[23:18:26.092] STOP to_move 2 nodes_visited 2271
[23:18:26.093] START to_move 1
[23:18:26.225] STOP to_move 1 nodes_visited 2169
[23:18:26.226] START to_move 2
[23:18:26.271] STOP to_move 2 nodes_visited 758
[23:18:26.271] START to_move 1
[23:18:26.405] STOP to_move 1 nodes_visited 2239
[23:18:26.406] START to_move 2
[23:18:26.447] STOP to_move 2 nodes_visited 681
[23:18:26.447] START to_move 1
[23:18:26.580] STOP to_move 1 nodes_visited 2203
[23:18:26.581] START to_move 2
[23:18:26.671] STOP to_move 2 nodes_visited 1480
[23:18:26.672] START to_move 1
[23:18:26.858] STOP to_move 1 nodes_visited 3153
[23:18:26.860] START to_move 2
[23:18:26.902] STOP to_move 2 nodes_visited 704
[23:18:26.902] START to_move 1
[23:18:27.064] STOP to_move 1 nodes_visited 2707
[23:18:27.065] START to_move 2
[23:18:27.115] STOP to_move 2 nodes_visited 842
[23:18:27.116] START to_move 1
[23:18:27.315] STOP to_move 1 nodes_visited 3282
[23:18:27.317] START to_move 2
[23:18:27.361] STOP to_move 2 nodes_visited 743
[23:18:27.361] START to_move 1
[23:18:27.592] STOP to_move 1 nodes_visited 3788
[23:18:27.594] START to_move 2
[23:18:27.649] STOP to_move 2 nodes_visited 914
[23:18:27.650] START to_move 1
[23:18:27.672] STOP to_move 1 nodes_visited 396
[23:18:27.673] START to_move 2
[23:18:27.737] STOP to_move 2 nodes_visited 1080
[23:18:27.738] START to_move 1
[23:18:27.760] STOP to_move 1 nodes_visited 388
[23:18:27.760] START to_move 2
[23:18:27.823] STOP to_move 2 nodes_visited 1034
[23:18:27.824] START to_move 1
[23:18:27.846] STOP to_move 1 nodes_visited 382
[23:18:27.846] START to_move 2
[23:18:27.899] STOP to_move 2 nodes_visited 880
[23:18:27.899] START to_move 1
[23:18:27.920] STOP to_move 1 nodes_visited 367
[23:18:27.920] START to_move 2
[23:18:27.965] STOP to_move 2 nodes_visited 757
[23:18:27.965] START to_move 1
[23:18:27.986] STOP to_move 1 nodes_visited 371
[23:18:27.986] START to_move 2
[23:18:28.027] STOP to_move 2 nodes_visited 682
[23:18:28.027] START to_move 1
[23:18:28.049] STOP to_move 1 nodes_visited 378
[23:18:28.049] START to_move 2
[23:18:28.257] STOP to_move 2 nodes_visited 3381
[23:18:28.259] START to_move 1
[23:18:28.280] STOP to_move 1 nodes_visited 376
[23:18:28.280] START to_move 2
[23:18:28.443] STOP to_move 2 nodes_visited 2633
[23:18:28.445] START to_move 1
[23:18:28.476] STOP to_move 1 nodes_visited 545
[23:18:28.477] START to_move 2
[23:18:28.623] STOP to_move 2 nodes_visited 2324
[23:18:28.625] START to_move 1
[23:18:28.646] STOP to_move 1 nodes_visited 374
[23:18:28.647] START to_move 2
[23:18:28.810] STOP to_move 2 nodes_visited 2652
[23:18:28.811] START to_move 1
[23:18:28.831] STOP to_move 1 nodes_visited 356
[23:18:28.832] START to_move 2
[23:18:28.948] STOP to_move 2 nodes_visited 1841
[23:18:28.949] START to_move 1
[23:18:28.968] STOP to_move 1 nodes_visited 336
[23:18:28.968] START to_move 2
[23:18:29.106] STOP to_move 2 nodes_visited 2237
[23:18:29.107] START to_move 1
[23:18:29.127] STOP to_move 1 nodes_visited 345
[23:18:29.127] START to_move 2
[23:18:29.254] STOP to_move 2 nodes_visited 2035
[23:18:29.255] START to_move 1
[23:18:29.273] STOP to_move 1 nodes_visited 327
[23:18:29.273] START to_move 2
[23:18:29.309] STOP to_move 2 nodes_visited 600
[23:18:29.310] START to_move 1
[23:18:29.329] STOP to_move 1 nodes_visited 332
[23:18:29.329] START to_move 2
[23:18:29.364] STOP to_move 2 nodes_visited 593
[23:18:29.365] START to_move 1
[23:18:29.383] STOP to_move 1 nodes_visited 330
[23:18:29.383] START to_move 2
[23:18:29.473] STOP to_move 2 nodes_visited 1442
[23:18:29.474] START to_move 1
[23:18:29.493] STOP to_move 1 nodes_visited 330
[23:18:29.493] START to_move 2
[23:18:29.574] STOP to_move 2 nodes_visited 1335
[23:18:29.574] START to_move 1
[23:18:29.643] STOP to_move 1 nodes_visited 1146
[23:18:29.644] START to_move 2
[23:18:29.699] STOP to_move 2 nodes_visited 877
[23:18:29.699] START to_move 1
[23:18:29.717] STOP to_move 1 nodes_visited 315
[23:18:29.718] START to_move 2
[23:18:29.770] STOP to_move 2 nodes_visited 866
[23:18:29.770] START to_move 1
[23:18:29.788] STOP to_move 1 nodes_visited 309
[23:18:29.788] START to_move 2
[23:18:29.836] STOP to_move 2 nodes_visited 789
[23:18:29.836] START to_move 1
[23:18:29.855] STOP to_move 1 nodes_visited 315
[23:18:29.855] START to_move 2
[23:18:29.941] STOP to_move 2 nodes_visited 1400
[23:18:29.942] START to_move 1
[23:18:29.986] STOP to_move 1 nodes_visited 719
[23:18:29.986] START to_move 2
[23:18:30.062] STOP to_move 2 nodes_visited 1155
[23:18:30.062] START to_move 1
[23:18:30.102] STOP to_move 1 nodes_visited 645
[23:18:30.103] START to_move 2
[23:18:30.124] STOP to_move 2 nodes_visited 361
[23:18:30.125] START to_move 1
[23:18:30.161] STOP to_move 1 nodes_visited 603
[23:18:30.161] START to_move 2
[23:18:30.182] STOP to_move 2 nodes_visited 342
[23:18:30.182] START to_move 1
[23:18:30.217] STOP to_move 1 nodes_visited 587
[23:18:30.217] START to_move 2
[23:18:30.239] STOP to_move 2 nodes_visited 361
[23:18:30.239] START to_move 1
[23:18:30.275] STOP to_move 1 nodes_visited 578
[23:18:30.276] START to_move 2
[23:18:30.297] STOP to_move 2 nodes_visited 355
[23:18:30.297] START to_move 1
[23:18:30.318] STOP to_move 1 nodes_visited 366
[23:18:30.318] START to_move 2
[23:18:30.356] STOP to_move 2 nodes_visited 602
[23:18:30.356] START to_move 1
[23:18:30.374] STOP to_move 1 nodes_visited 285
[23:18:30.374] START to_move 2
[23:18:30.394] STOP to_move 2 nodes_visited 336
[23:18:30.394] START to_move 1
[23:18:30.417] STOP to_move 1 nodes_visited 378
[23:18:30.417] START to_move 2
[23:18:30.447] STOP to_move 2 nodes_visited 476
[23:18:30.448] START to_move 1
[23:18:30.457] STOP to_move 1 nodes_visited 160
[23:18:30.457] START to_move 2
[23:18:30.476] STOP to_move 2 nodes_visited 327
[23:18:30.477] START to_move 1
[23:18:30.487] STOP to_move 1 nodes_visited 172
[23:18:30.487] START to_move 2
[23:18:30.508] STOP to_move 2 nodes_visited 359
[23:18:30.508] START to_move 1
[23:18:30.518] STOP to_move 1 nodes_visited 167
[23:18:30.518] START to_move 2
[23:18:30.529] STOP to_move 2 nodes_visited 198
[23:18:30.530] START to_move 1
[23:18:30.538] STOP to_move 1 nodes_visited 148
[23:18:30.539] START to_move 2
[23:18:30.552] STOP to_move 2 nodes_visited 222
[23:18:30.552] START to_move 1
[23:18:30.561] STOP to_move 1 nodes_visited 159
[23:18:30.561] START to_move 2
[23:18:30.574] STOP to_move 2 nodes_visited 212
[23:18:30.574] START to_move 1
[23:18:30.584] STOP to_move 1 nodes_visited 159
[23:18:30.584] START to_move 2
[23:18:30.597] STOP to_move 2 nodes_visited 212
[23:18:30.597] START to_move 1
[23:18:30.606] STOP to_move 1 nodes_visited 159
[23:18:30.606] START to_move 2
[23:18:30.619] STOP to_move 2 nodes_visited 212
[23:18:30.619] START to_move 1
[23:18:30.628] STOP to_move 1 nodes_visited 159
[23:18:30.628] START to_move 2
[23:18:30.639] STOP to_move 2 nodes_visited 175
[23:18:30.639] START to_move 1
[23:18:30.648] STOP to_move 1 nodes_visited 156
[23:18:30.648] START to_move 2
[23:18:30.658] STOP to_move 2 nodes_visited 175
[23:18:30.658] START to_move 1
[23:18:30.667] STOP to_move 1 nodes_visited 153
[23:18:30.667] START to_move 2
[23:18:30.679] STOP to_move 2 nodes_visited 192
[23:18:30.679] START to_move 1
[23:18:30.688] STOP to_move 1 nodes_visited 159
[23:18:30.688] START to_move 2
[23:18:30.701] STOP to_move 2 nodes_visited 222
[23:18:30.701] START to_move 1
[23:18:30.709] STOP to_move 1 nodes_visited 138
[23:18:30.709] START to_move 2
[23:18:30.717] STOP to_move 2 nodes_visited 129
[23:18:30.717] START to_move 1
[23:18:30.726] STOP to_move 1 nodes_visited 162
[23:18:30.726] START to_move 2
[23:18:30.738] STOP to_move 2 nodes_visited 203
[23:18:30.738] START to_move 1
[23:18:30.742] STOP to_move 1 nodes_visited 81
[23:18:30.742] START to_move 2
[23:18:30.749] STOP to_move 2 nodes_visited 109
[23:18:30.749] START to_move 1
[23:18:30.753] STOP to_move 1 nodes_visited 65
[23:18:30.753] START to_move 2
[23:18:30.757] STOP to_move 2 nodes_visited 81
[23:18:30.757] START to_move 1
[23:18:30.763] STOP to_move 1 nodes_visited 101
[23:18:30.763] START to_move 2
[23:18:30.771] STOP to_move 2 nodes_visited 140
[23:18:30.771] START to_move 1
[23:18:30.777] STOP to_move 1 nodes_visited 84
[23:18:30.777] START to_move 2
[23:18:30.780] STOP to_move 2 nodes_visited 60
[23:18:30.780] START to_move 1
[23:18:30.784] STOP to_move 1 nodes_visited 64
[23:18:30.784] START to_move 2
[23:18:30.789] STOP to_move 2 nodes_visited 80
[23:18:30.789] START to_move 1
[23:18:30.792] STOP to_move 1 nodes_visited 53
[23:18:30.792] START to_move 2
[23:18:30.795] STOP to_move 2 nodes_visited 52
[23:18:30.795] END winner 2 - rounds 154
