[23:06:10.213] 1 - distance_function manhattan - pruning True
[23:06:10.213] 2 - distance_function euclides - pruning True
[23:06:10.213] START to_move 1
[23:06:10.313] STOP to_move 1 nodes_visited 1736
[23:06:10.314] START to_move 2
[23:06:10.589] STOP to_move 2 nodes_visited 4383
[23:06:10.592] START to_move 1
[23:06:10.680] STOP to_move 1 nodes_visited 1458
[23:06:10.681] START to_move 2
[23:06:10.968] STOP to_move 2 nodes_visited 4612
[23:06:10.971] START to_move 1
[23:06:11.049] STOP to_move 1 nodes_visited 1364
[23:06:11.050] START to_move 2
[23:06:11.323] STOP to_move 2 nodes_visited 4398
[23:06:11.326] START to_move 1
[23:06:11.410] STOP to_move 1 nodes_visited 1446
[23:06:11.411] START to_move 2
[23:06:11.776] STOP to_move 2 nodes_visited 5787
[23:06:11.780] START to_move 1
[23:06:12.151] STOP to_move 1 nodes_visited 6191
[23:06:12.155] START to_move 2
[23:06:12.431] STOP to_move 2 nodes_visited 4391
[23:06:12.434] START to_move 1
[23:06:12.665] STOP to_move 1 nodes_visited 3887
[23:06:12.667] START to_move 2
[23:06:12.940] STOP to_move 2 nodes_visited 4402
[23:06:12.943] START to_move 1
[23:06:12.967] STOP to_move 1 nodes_visited 416
[23:06:12.967] START to_move 2
[23:06:13.302] STOP to_move 2 nodes_visited 5315
[23:06:13.305] START to_move 1
[23:06:13.324] STOP to_move 1 nodes_visited 341
[23:06:13.325] START to_move 2
[23:06:13.665] STOP to_move 2 nodes_visited 5462
[23:06:13.669] START to_move 1
[23:06:13.874] STOP to_move 1 nodes_visited 3397
[23:06:13.876] START to_move 2
[23:06:14.193] STOP to_move 2 nodes_visited 5108
[23:06:14.196] START to_move 1
[23:06:14.415] STOP to_move 1 nodes_visited 3683
[23:06:14.417] START to_move 2
[23:06:14.724] STOP to_move 2 nodes_visited 4962
[23:06:14.728] START to_move 1
[23:06:14.877] STOP to_move 1 nodes_visited 2490
[23:06:14.878] START to_move 2
[23:06:15.011] STOP to_move 2 nodes_visited 2149
[23:06:15.012] START to_move 1
[23:06:15.227] STOP to_move 1 nodes_visited 3631
[23:06:15.229] START to_move 2
[23:06:15.365] STOP to_move 2 nodes_visited 2159
[23:06:15.366] START to_move 1
[23:06:15.655] STOP to_move 1 nodes_visited 4851
[23:06:15.658] START to_move 2
[23:06:15.815] STOP to_move 2 nodes_visited 2533
[23:06:15.816] START to_move 1
[23:06:16.106] STOP to_move 1 nodes_visited 4756
[23:06:16.108] START to_move 2
[23:06:16.205] STOP to_move 2 nodes_visited 1586
[23:06:16.206] START to_move 1
[23:06:16.373] STOP to_move 1 nodes_visited 2827
[23:06:16.374] START to_move 2
[23:06:16.455] STOP to_move 2 nodes_visited 1331
[23:06:16.456] START to_move 1
[23:06:16.625] STOP to_move 1 nodes_visited 2844
[23:06:16.627] START to_move 2
[23:06:16.712] STOP to_move 2 nodes_visited 1397
[23:06:16.712] START to_move 1
[23:06:16.842] STOP to_move 1 nodes_visited 2202
[23:06:16.843] START to_move 2
[23:06:16.931] STOP to_move 2 nodes_visited 1419
[23:06:16.932] START to_move 1
[23:06:17.085] STOP to_move 1 nodes_visited 2636
[23:06:17.086] START to_move 2
[23:06:17.174] STOP to_move 2 nodes_visited 1428
[23:06:17.174] START to_move 1
[23:06:17.335] STOP to_move 1 nodes_visited 2762
[23:06:17.336] START to_move 2
[23:06:17.421] STOP to_move 2 nodes_visited 1372
[23:06:17.422] START to_move 1
[23:06:17.546] STOP to_move 1 nodes_visited 2162
[23:06:17.547] START to_move 2
[23:06:17.630] STOP to_move 2 nodes_visited 1331
[23:06:17.630] START to_move 1
[23:06:17.793] STOP to_move 1 nodes_visited 2818
[23:06:17.794] START to_move 2
[23:06:17.910] STOP to_move 2 nodes_visited 1868
[23:06:17.911] START to_move 1
[23:06:18.067] STOP to_move 1 nodes_visited 2698
[23:06:18.069] START to_move 2
[23:06:18.190] STOP to_move 2 nodes_visited 1975
[23:06:18.191] START to_move 1
[23:06:18.347] STOP to_move 1 nodes_visited 2698
[23:06:18.349] START to_move 2
[23:06:18.471] STOP to_move 2 nodes_visited 1988
[23:06:18.472] START to_move 1
[23:06:18.632] STOP to_move 1 nodes_visited 2705
[23:06:18.633] START to_move 2
[23:06:18.722] STOP to_move 2 nodes_visited 1448
[23:06:18.723] START to_move 1
[23:06:18.935] STOP to_move 1 nodes_visited 3596
[23:06:18.937] START to_move 2
[23:06:19.018] STOP to_move 2 nodes_visited 1332
[23:06:19.019] START to_move 1
[23:06:19.183] STOP to_move 1 nodes_visited 2783
[23:06:19.184] START to_move 2
[23:06:19.274] STOP to_move 2 nodes_visited 1462
[23:06:19.274] START to_move 1
[23:06:19.436] STOP to_move 1 nodes_visited 2751
[23:06:19.438] START to_move 2
[23:06:19.540] STOP to_move 2 nodes_visited 1684
[23:06:19.541] START to_move 1
[23:06:19.712] STOP to_move 1 nodes_visited 2925
[23:06:19.714] START to_move 2
[23:06:19.816] STOP to_move 2 nodes_visited 1682
[23:06:19.817] START to_move 1
[23:06:19.916] STOP to_move 1 nodes_visited 1678
[23:06:19.917] START to_move 2
[23:06:19.992] STOP to_move 2 nodes_visited 1262
[23:06:19.993] START to_move 1
[23:06:20.091] STOP to_move 1 nodes_visited 1687
[23:06:20.092] START to_move 2
[23:06:20.164] STOP to_move 2 nodes_visited 1157
[23:06:20.165] START to_move 1
[23:06:20.355] STOP to_move 1 nodes_visited 3218
[23:06:20.356] START to_move 2
[23:06:20.439] STOP to_move 2 nodes_visited 1330
[23:06:20.440] START to_move 1
[23:06:20.649] STOP to_move 1 nodes_visited 3450
[23:06:20.651] START to_move 2
[23:06:20.723] STOP to_move 2 nodes_visited 1165
[23:06:20.724] START to_move 1
[23:06:20.828] STOP to_move 1 nodes_visited 1737
[23:06:20.829] START to_move 2
[23:06:20.899] STOP to_move 2 nodes_visited 1152
[23:06:20.900] START to_move 1
[23:06:21.009] STOP to_move 1 nodes_visited 1780
[23:06:21.010] START to_move 2
[23:06:21.075] STOP to_move 2 nodes_visited 1059
[23:06:21.075] START to_move 1
[23:06:21.178] STOP to_move 1 nodes_visited 1697
[23:06:21.179] START to_move 2
[23:06:21.246] STOP to_move 2 nodes_visited 1080
[23:06:21.247] START to_move 1
[23:06:21.349] STOP to_move 1 nodes_visited 1697
[23:06:21.350] START to_move 2
[23:06:21.417] STOP to_move 2 nodes_visited 1084
[23:06:21.417] START to_move 1
[23:06:21.521] STOP to_move 1 nodes_visited 1666
[23:06:21.522] START to_move 2
[23:06:21.587] STOP to_move 2 nodes_visited 1063
[23:06:21.587] START to_move 1
[23:06:21.675] STOP to_move 1 nodes_visited 1454
[23:06:21.676] START to_move 2
[23:06:21.788] STOP to_move 2 nodes_visited 1795
[23:06:21.789] START to_move 1
[23:06:21.877] STOP to_move 1 nodes_visited 1454
[23:06:21.878] START to_move 2
[23:06:21.998] STOP to_move 2 nodes_visited 1971
[23:06:21.999] START to_move 1
[23:06:22.087] STOP to_move 1 nodes_visited 1422
[23:06:22.088] START to_move 2
[23:06:22.150] STOP to_move 2 nodes_visited 1025
[23:06:22.151] START to_move 1
[23:06:22.237] STOP to_move 1 nodes_visited 1427
[23:06:22.238] START to_move 2
[23:06:22.304] STOP to_move 2 nodes_visited 1052
[23:06:22.305] START to_move 1
[23:06:22.387] STOP to_move 1 nodes_visited 1358
[23:06:22.388] START to_move 2
[23:06:22.450] STOP to_move 2 nodes_visited 1028
[23:06:22.451] START to_move 1
[23:06:22.527] STOP to_move 1 nodes_visited 1250
[23:06:22.528] START to_move 2
[23:06:22.589] STOP to_move 2 nodes_visited 983
[23:06:22.590] START to_move 1
[23:06:22.656] STOP to_move 1 nodes_visited 1090
[23:06:22.657] START to_move 2
[23:06:22.715] STOP to_move 2 nodes_visited 956
[23:06:22.716] START to_move 1
[23:06:22.736] STOP to_move 1 nodes_visited 357
[23:06:22.737] START to_move 2
[23:06:22.792] STOP to_move 2 nodes_visited 912
[23:06:22.793] START to_move 1
[23:06:22.812] STOP to_move 1 nodes_visited 343
[23:06:22.813] START to_move 2
[23:06:22.871] STOP to_move 2 nodes_visited 939
[23:06:22.872] START to_move 1
[23:06:22.929] STOP to_move 1 nodes_visited 943
[23:06:22.929] START to_move 2
[23:06:22.990] STOP to_move 2 nodes_visited 991
[23:06:22.990] START to_move 1
[23:06:23.047] STOP to_move 1 nodes_visited 940
[23:06:23.047] START to_move 2
[23:06:23.107] STOP to_move 2 nodes_visited 982
[23:06:23.108] START to_move 1
[23:06:23.129] STOP to_move 1 nodes_visited 362
[23:06:23.129] START to_move 2
[23:06:23.195] STOP to_move 2 nodes_visited 1060
[23:06:23.196] START to_move 1
[23:06:23.236] STOP to_move 1 nodes_visited 654
[23:06:23.236] START to_move 2
[23:06:23.301] STOP to_move 2 nodes_visited 1049
[23:06:23.301] START to_move 1
[23:06:23.342] STOP to_move 1 nodes_visited 660
[23:06:23.342] START to_move 2
[23:06:23.398] STOP to_move 2 nodes_visited 906
[23:06:23.398] START to_move 1
[23:06:23.436] STOP to_move 1 nodes_visited 594
[23:06:23.437] START to_move 2
[23:06:23.474] STOP to_move 2 nodes_visited 591
[23:06:23.474] START to_move 1
[23:06:23.499] STOP to_move 1 nodes_visited 413
[23:06:23.499] START to_move 2
[23:06:23.561] STOP to_move 2 nodes_visited 988
[23:06:23.561] START to_move 1
[23:06:23.582] STOP to_move 1 nodes_visited 339
[23:06:23.582] START to_move 2
[23:06:23.635] STOP to_move 2 nodes_visited 852
[23:06:23.636] START to_move 1
[23:06:23.656] STOP to_move 1 nodes_visited 335
[23:06:23.656] START to_move 2
[23:06:23.708] STOP to_move 2 nodes_visited 839
[23:06:23.708] START to_move 1
[23:06:23.732] STOP to_move 1 nodes_visited 375
[23:06:23.733] START to_move 2
[23:06:23.780] STOP to_move 2 nodes_visited 769
[23:06:23.780] START to_move 1
[23:06:23.798] STOP to_move 1 nodes_visited 294
[23:06:23.798] START to_move 2
[23:06:23.842] STOP to_move 2 nodes_visited 707
[23:06:23.842] START to_move 1
[23:06:23.860] STOP to_move 1 nodes_visited 292
[23:06:23.860] START to_move 2
[23:06:23.905] STOP to_move 2 nodes_visited 723
[23:06:23.905] START to_move 1
[23:06:23.999] STOP to_move 1 nodes_visited 1479
[23:06:24.000] START to_move 2
[23:06:24.039] STOP to_move 2 nodes_visited 605
[23:06:24.039] START to_move 1
[23:06:24.056] STOP to_move 1 nodes_visited 276
[23:06:24.056] START to_move 2
[23:06:24.092] STOP to_move 2 nodes_visited 583
[23:06:24.093] START to_move 1
[23:06:24.111] STOP to_move 1 nodes_visited 298
[23:06:24.111] START to_move 2
[23:06:24.154] STOP to_move 2 nodes_visited 697
[23:06:24.154] START to_move 1
[23:06:24.172] STOP to_move 1 nodes_visited 294
[23:06:24.172] START to_move 2
[23:06:24.217] STOP to_move 2 nodes_visited 715
[23:06:24.217] START to_move 1
[23:06:24.234] STOP to_move 1 nodes_visited 285
[23:06:24.234] START to_move 2
[23:06:24.278] STOP to_move 2 nodes_visited 715
[23:06:24.278] START to_move 1
[23:06:24.294] STOP to_move 1 nodes_visited 275
[23:06:24.295] START to_move 2
[23:06:24.362] STOP to_move 2 nodes_visited 1089
[23:06:24.362] START to_move 1
[23:06:24.379] STOP to_move 1 nodes_visited 283
[23:06:24.379] START to_move 2
[23:06:24.447] STOP to_move 2 nodes_visited 1111
[23:06:24.447] START to_move 1
[23:06:24.464] STOP to_move 1 nodes_visited 278
[23:06:24.465] START to_move 2
[23:06:24.526] STOP to_move 2 nodes_visited 1018
[23:06:24.527] START to_move 1
[23:06:24.544] STOP to_move 1 nodes_visited 288
[23:06:24.545] START to_move 2
[23:06:24.592] STOP to_move 2 nodes_visited 743
[23:06:24.592] START to_move 1
[23:06:24.611] STOP to_move 1 nodes_visited 302
[23:06:24.611] START to_move 2
[23:06:24.647] STOP to_move 2 nodes_visited 589
[23:06:24.647] START to_move 1
[23:06:24.670] STOP to_move 1 nodes_visited 365
[23:06:24.670] START to_move 2
[23:06:24.704] STOP to_move 2 nodes_visited 563
[23:06:24.705] START to_move 1
[23:06:24.771] STOP to_move 1 nodes_visited 1030
[23:06:24.772] START to_move 2
[23:06:24.803] STOP to_move 2 nodes_visited 516
[23:06:24.803] START to_move 1
[23:06:24.826] STOP to_move 1 nodes_visited 362
[23:06:24.826] START to_move 2
[23:06:24.856] STOP to_move 2 nodes_visited 488
[23:06:24.857] START to_move 1
[23:06:24.880] STOP to_move 1 nodes_visited 347
[23:06:24.880] START to_move 2
[23:06:24.921] STOP to_move 2 nodes_visited 659
[23:06:24.922] START to_move 1
[23:06:24.942] STOP to_move 1 nodes_visited 325
[23:06:24.942] START to_move 2
[23:06:24.980] STOP to_move 2 nodes_visited 607
[23:06:24.981] START to_move 1
[23:06:24.999] STOP to_move 1 nodes_visited 283
[23:06:24.999] START to_move 2
[23:06:25.038] STOP to_move 2 nodes_visited 631
[23:06:25.039] START to_move 1
[23:06:25.055] STOP to_move 1 nodes_visited 272
[23:06:25.055] START to_move 2
[23:06:25.087] STOP to_move 2 nodes_visited 516
[23:06:25.087] START to_move 1
[23:06:25.100] STOP to_move 1 nodes_visited 203
[23:06:25.100] START to_move 2
[23:06:25.120] STOP to_move 2 nodes_visited 321
[23:06:25.120] START to_move 1
[23:06:25.133] STOP to_move 1 nodes_visited 219
[23:06:25.133] START to_move 2
[23:06:25.153] STOP to_move 2 nodes_visited 333
[23:06:25.154] START to_move 1
[23:06:25.163] STOP to_move 1 nodes_visited 162
[23:06:25.164] START to_move 2
[23:06:25.168] STOP to_move 2 nodes_visited 83
[23:06:25.168] START to_move 1
[23:06:25.181] STOP to_move 1 nodes_visited 198
[23:06:25.181] START to_move 2
[23:06:25.187] STOP to_move 2 nodes_visited 107
[23:06:25.187] START to_move 1
[23:06:25.200] STOP to_move 1 nodes_visited 212
[23:06:25.200] START to_move 2
[23:06:25.206] STOP to_move 2 nodes_visited 115
[23:06:25.207] START to_move 1
[23:06:25.224] STOP to_move 1 nodes_visited 306
[23:06:25.225] START to_move 2
[23:06:25.231] STOP to_move 2 nodes_visited 119
[23:06:25.231] START to_move 1
[23:06:25.248] STOP to_move 1 nodes_visited 295
[23:06:25.249] START to_move 2
[23:06:25.258] STOP to_move 2 nodes_visited 170
[23:06:25.258] START to_move 1
[23:06:25.277] STOP to_move 1 nodes_visited 317
[23:06:25.277] START to_move 2
[23:06:25.290] STOP to_move 2 nodes_visited 223
[23:06:25.290] START to_move 1
[23:06:25.328] STOP to_move 1 nodes_visited 646
[23:06:25.328] START to_move 2
[23:06:25.351] STOP to_move 2 nodes_visited 385
[23:06:25.351] START to_move 1
[23:06:25.363] STOP to_move 1 nodes_visited 207
[23:06:25.363] START to_move 2
[23:06:25.406] STOP to_move 2 nodes_visited 718
[23:06:25.407] START to_move 1
[23:06:25.418] STOP to_move 1 nodes_visited 200
[23:06:25.418] START to_move 2
[23:06:25.437] STOP to_move 2 nodes_visited 312
[23:06:25.437] START to_move 1
[23:06:25.449] STOP to_move 1 nodes_visited 205
[23:06:25.449] START to_move 2
[23:06:25.472] STOP to_move 2 nodes_visited 368
[23:06:25.473] START to_move 1
[23:06:25.484] STOP to_move 1 nodes_visited 200
[23:06:25.484] START to_move 2
[23:06:25.511] STOP to_move 2 nodes_visited 431
[23:06:25.511] START to_move 1
[23:06:25.520] STOP to_move 1 nodes_visited 166
[23:06:25.521] START to_move 2
[23:06:25.551] STOP to_move 2 nodes_visited 498
[23:06:25.551] START to_move 1
[23:06:25.560] STOP to_move 1 nodes_visited 151
[23:06:25.560] START to_move 2
[23:06:25.580] STOP to_move 2 nodes_visited 327
[23:06:25.580] START to_move 1
[23:06:25.589] STOP to_move 1 nodes_visited 151
[23:06:25.589] START to_move 2
[23:06:25.596] STOP to_move 2 nodes_visited 118
[23:06:25.596] START to_move 1
[23:06:25.604] STOP to_move 1 nodes_visited 142
[23:06:25.604] START to_move 2
[23:06:25.611] STOP to_move 2 nodes_visited 118
[23:06:25.611] START to_move 1
[23:06:25.619] STOP to_move 1 nodes_visited 142
[23:06:25.619] START to_move 2
[23:06:25.627] STOP to_move 2 nodes_visited 121
[23:06:25.627] START to_move 1
[23:06:25.635] STOP to_move 1 nodes_visited 154
[23:06:25.636] START to_move 2
[23:06:25.643] STOP to_move 2 nodes_visited 126
[23:06:25.643] START to_move 1
[23:06:25.652] STOP to_move 1 nodes_visited 158
[23:06:25.652] START to_move 2
[23:06:25.663] STOP to_move 2 nodes_visited 174
[23:06:25.663] START to_move 1
[23:06:25.668] STOP to_move 1 nodes_visited 97
[23:06:25.668] START to_move 2
[23:06:25.674] STOP to_move 2 nodes_visited 103
[23:06:25.674] START to_move 1
[23:06:25.679] STOP to_move 1 nodes_visited 91
[23:06:25.679] START to_move 2
[23:06:25.683] STOP to_move 2 nodes_visited 65
[23:06:25.683] START to_move 1
[23:06:25.689] STOP to_move 1 nodes_visited 107
[23:06:25.689] START to_move 2
[23:06:25.698] STOP to_move 2 nodes_visited 153
[23:06:25.698] START to_move 1
[23:06:25.703] STOP to_move 1 nodes_visited 85
[23:06:25.703] START to_move 2
[23:06:25.706] STOP to_move 2 nodes_visited 46
[23:06:25.706] START to_move 1
[23:06:25.711] STOP to_move 1 nodes_visited 94
[23:06:25.711] START to_move 2
[23:06:25.715] STOP to_move 2 nodes_visited 56
[23:06:25.715] START to_move 1
[23:06:25.720] STOP to_move 1 nodes_visited 90
[23:06:25.720] START to_move 2
[23:06:25.723] STOP to_move 2 nodes_visited 56
[23:06:25.723] START to_move 1
[23:06:25.728] STOP to_move 1 nodes_visited 83
[23:06:25.728] START to_move 2
[23:06:25.731] STOP to_move 2 nodes_visited 57
[23:06:25.731] END winner 2 - rounds 204
