[21:29:25.411] 1 - distance_function manhattan - pruning True
[21:29:25.411] 2 - distance_function euclides - pruning True
[21:29:25.411] START to_move 1
[21:29:25.467] STOP to_move 1 nodes_visited 934
[21:29:25.467] START to_move 2
[21:29:25.646] STOP to_move 2 nodes_visited 2756
[21:29:25.648] START to_move 1
[21:29:25.683] STOP to_move 1 nodes_visited 594
[21:29:25.684] START to_move 2
[21:29:25.724] STOP to_move 2 nodes_visited 676
[21:29:25.725] START to_move 1
[21:29:25.757] STOP to_move 1 nodes_visited 569
[21:29:25.758] START to_move 2
[21:29:25.829] STOP to_move 2 nodes_visited 1173
[21:29:25.830] START to_move 1
[21:29:25.869] STOP to_move 1 nodes_visited 684
[21:29:25.870] START to_move 2
[21:29:25.932] STOP to_move 2 nodes_visited 1003
[21:29:25.933] START to_move 1
[21:29:25.967] STOP to_move 1 nodes_visited 582
[21:29:25.967] START to_move 2
[21:29:26.031] STOP to_move 2 nodes_visited 1053
[21:29:26.032] START to_move 1
[21:29:26.065] STOP to_move 1 nodes_visited 583
[21:29:26.065] START to_move 2
[21:29:26.130] STOP to_move 2 nodes_visited 1071
[21:29:26.131] START to_move 1
[21:29:26.163] STOP to_move 1 nodes_visited 573
[21:29:26.164] START to_move 2
[21:29:26.281] STOP to_move 2 nodes_visited 1892
[21:29:26.282] START to_move 1
[21:29:26.315] STOP to_move 1 nodes_visited 570
[21:29:26.315] START to_move 2
[21:29:26.413] STOP to_move 2 nodes_visited 1602
[21:29:26.414] START to_move 1
[21:29:26.441] STOP to_move 1 nodes_visited 489
[21:29:26.441] START to_move 2
[21:29:26.482] STOP to_move 2 nodes_visited 653
[21:29:26.482] START to_move 1
[21:29:26.500] STOP to_move 1 nodes_visited 326
[21:29:26.501] START to_move 2
[21:29:26.736] STOP to_move 2 nodes_visited 3669
[21:29:26.738] START to_move 1
[21:29:26.756] STOP to_move 1 nodes_visited 324
[21:29:26.757] START to_move 2
[21:29:26.845] STOP to_move 2 nodes_visited 1447
[21:29:26.845] START to_move 1
[21:29:26.864] STOP to_move 1 nodes_visited 319
[21:29:26.864] START to_move 2
[21:29:26.943] STOP to_move 2 nodes_visited 1320
[21:29:26.944] START to_move 1
[21:29:26.991] STOP to_move 1 nodes_visited 793
[21:29:26.991] START to_move 2
[21:29:27.048] STOP to_move 2 nodes_visited 936
[21:29:27.049] START to_move 1
[21:29:27.067] STOP to_move 1 nodes_visited 334
[21:29:27.068] START to_move 2
[21:29:27.208] STOP to_move 2 nodes_visited 2329
[21:29:27.209] START to_move 1
[21:29:27.228] STOP to_move 1 nodes_visited 334
[21:29:27.228] START to_move 2
[21:29:27.350] STOP to_move 2 nodes_visited 2003
[21:29:27.351] START to_move 1
[21:29:27.392] STOP to_move 1 nodes_visited 715
[21:29:27.393] START to_move 2
[21:29:27.497] STOP to_move 2 nodes_visited 1708
[21:29:27.498] START to_move 1
[21:29:27.715] STOP to_move 1 nodes_visited 3633
[21:29:27.717] START to_move 2
[21:29:27.823] STOP to_move 2 nodes_visited 1707
[21:29:27.824] START to_move 1
[21:29:27.843] STOP to_move 1 nodes_visited 341
[21:29:27.843] START to_move 2
[21:29:28.023] STOP to_move 2 nodes_visited 2887
[21:29:28.024] START to_move 1
[21:29:28.221] STOP to_move 1 nodes_visited 3343
[21:29:28.223] START to_move 2
[21:29:28.484] STOP to_move 2 nodes_visited 4153
[21:29:28.486] START to_move 1
[21:29:28.622] STOP to_move 1 nodes_visited 2265
[21:29:28.623] START to_move 2
[21:29:28.771] STOP to_move 2 nodes_visited 2435
[21:29:28.773] START to_move 1
[21:29:28.910] STOP to_move 1 nodes_visited 2324
[21:29:28.912] START to_move 2
[21:29:29.070] STOP to_move 2 nodes_visited 2534
[21:29:29.072] START to_move 1
[21:29:29.283] STOP to_move 1 nodes_visited 3600
[21:29:29.285] START to_move 2
[21:29:29.333] STOP to_move 2 nodes_visited 771
[21:29:29.334] START to_move 1
[21:29:29.532] STOP to_move 1 nodes_visited 3450
[21:29:29.534] START to_move 2
[21:29:29.576] STOP to_move 2 nodes_visited 689
[21:29:29.576] START to_move 1
[21:29:29.778] STOP to_move 1 nodes_visited 3513
[21:29:29.780] START to_move 2
[21:29:29.825] STOP to_move 2 nodes_visited 733
[21:29:29.826] START to_move 1
[21:29:30.023] STOP to_move 1 nodes_visited 3427
[21:29:30.025] START to_move 2
[21:29:30.075] STOP to_move 2 nodes_visited 801
[21:29:30.075] START to_move 1
[21:29:30.273] STOP to_move 1 nodes_visited 3414
[21:29:30.275] START to_move 2
[21:29:30.327] STOP to_move 2 nodes_visited 815
[21:29:30.328] START to_move 1
[21:29:30.528] STOP to_move 1 nodes_visited 3379
[21:29:30.530] START to_move 2
[21:29:30.592] STOP to_move 2 nodes_visited 992
[21:29:30.593] START to_move 1
[21:29:30.795] STOP to_move 1 nodes_visited 3426
[21:29:30.797] START to_move 2
[21:29:30.914] STOP to_move 2 nodes_visited 1937
[21:29:30.915] START to_move 1
[21:29:31.075] STOP to_move 1 nodes_visited 2713
[21:29:31.076] START to_move 2
[21:29:31.197] STOP to_move 2 nodes_visited 2009
[21:29:31.198] START to_move 1
[21:29:31.394] STOP to_move 1 nodes_visited 3375
[21:29:31.396] START to_move 2
[21:29:31.482] STOP to_move 2 nodes_visited 1427
[21:29:31.482] START to_move 1
[21:29:31.537] STOP to_move 1 nodes_visited 958
[21:29:31.538] START to_move 2
[21:29:31.602] STOP to_move 2 nodes_visited 1059
[21:29:31.603] START to_move 1
[21:29:31.626] STOP to_move 1 nodes_visited 413
[21:29:31.626] START to_move 2
[21:29:31.798] STOP to_move 2 nodes_visited 2841
[21:29:31.799] START to_move 1
[21:29:31.820] STOP to_move 1 nodes_visited 334
[21:29:31.820] START to_move 2
[21:29:32.009] STOP to_move 2 nodes_visited 3151
[21:29:32.011] START to_move 1
[21:29:32.030] STOP to_move 1 nodes_visited 334
[21:29:32.030] START to_move 2
[21:29:32.228] STOP to_move 2 nodes_visited 3233
[21:29:32.229] START to_move 1
[21:29:32.248] STOP to_move 1 nodes_visited 331
[21:29:32.248] START to_move 2
[21:29:32.339] STOP to_move 2 nodes_visited 1470
[21:29:32.339] START to_move 1
[21:29:32.358] STOP to_move 1 nodes_visited 338
[21:29:32.358] START to_move 2
[21:29:32.401] STOP to_move 2 nodes_visited 725
[21:29:32.401] START to_move 1
[21:29:32.421] STOP to_move 1 nodes_visited 342
[21:29:32.421] START to_move 2
[21:29:32.612] STOP to_move 2 nodes_visited 3091
[21:29:32.614] START to_move 1
[21:29:32.637] STOP to_move 1 nodes_visited 421
[21:29:32.638] START to_move 2
[21:29:32.824] STOP to_move 2 nodes_visited 3081
[21:29:32.826] START to_move 1
[21:29:32.845] STOP to_move 1 nodes_visited 339
[21:29:32.845] START to_move 2
[21:29:33.036] STOP to_move 2 nodes_visited 3139
[21:29:33.038] START to_move 1
[21:29:33.162] STOP to_move 1 nodes_visited 2093
[21:29:33.163] START to_move 2
[21:29:33.350] STOP to_move 2 nodes_visited 3084
[21:29:33.351] START to_move 1
[21:29:33.370] STOP to_move 1 nodes_visited 331
[21:29:33.370] START to_move 2
[21:29:33.538] STOP to_move 2 nodes_visited 2778
[21:29:33.540] START to_move 1
[21:29:33.558] STOP to_move 1 nodes_visited 328
[21:29:33.558] START to_move 2
[21:29:33.733] STOP to_move 2 nodes_visited 2862
[21:29:33.735] START to_move 1
[21:29:33.753] STOP to_move 1 nodes_visited 331
[21:29:33.753] START to_move 2
[21:29:33.929] STOP to_move 2 nodes_visited 2862
[21:29:33.931] START to_move 1
[21:29:33.949] STOP to_move 1 nodes_visited 331
[21:29:33.949] START to_move 2
[21:29:34.125] STOP to_move 2 nodes_visited 2910
[21:29:34.127] START to_move 1
[21:29:34.145] STOP to_move 1 nodes_visited 331
[21:29:34.145] START to_move 2
[21:29:34.321] STOP to_move 2 nodes_visited 2884
[21:29:34.322] START to_move 1
[21:29:34.447] STOP to_move 1 nodes_visited 2102
[21:29:34.448] START to_move 2
[21:29:34.554] STOP to_move 2 nodes_visited 1775
[21:29:34.555] START to_move 1
[21:29:34.664] STOP to_move 1 nodes_visited 1828
[21:29:34.665] START to_move 2
[21:29:34.819] STOP to_move 2 nodes_visited 2554
[21:29:34.821] START to_move 1
[21:29:34.838] STOP to_move 1 nodes_visited 313
[21:29:34.839] START to_move 2
[21:29:34.993] STOP to_move 2 nodes_visited 2520
[21:29:34.994] START to_move 1
[21:29:35.015] STOP to_move 1 nodes_visited 364
[21:29:35.015] START to_move 2
[21:29:35.152] STOP to_move 2 nodes_visited 2281
[21:29:35.154] START to_move 1
[21:29:35.171] STOP to_move 1 nodes_visited 312
[21:29:35.171] START to_move 2
[21:29:35.308] STOP to_move 2 nodes_visited 2240
[21:29:35.309] START to_move 1
[21:29:35.326] STOP to_move 1 nodes_visited 307
[21:29:35.326] START to_move 2
[21:29:35.479] STOP to_move 2 nodes_visited 2487
[21:29:35.480] START to_move 1
[21:29:35.498] STOP to_move 1 nodes_visited 315
[21:29:35.498] START to_move 2
[21:29:35.641] STOP to_move 2 nodes_visited 2385
[21:29:35.643] START to_move 1
[21:29:35.660] STOP to_move 1 nodes_visited 317
[21:29:35.660] START to_move 2
[21:29:35.817] STOP to_move 2 nodes_visited 2577
[21:29:35.819] START to_move 1
[21:29:35.837] STOP to_move 1 nodes_visited 322
[21:29:35.837] START to_move 2
[21:29:36.002] STOP to_move 2 nodes_visited 2689
[21:29:36.003] START to_move 1
[21:29:36.021] STOP to_move 1 nodes_visited 323
[21:29:36.021] START to_move 2
[21:29:36.100] STOP to_move 2 nodes_visited 1321
[21:29:36.101] START to_move 1
[21:29:36.158] STOP to_move 1 nodes_visited 1001
[21:29:36.159] START to_move 2
[21:29:36.249] STOP to_move 2 nodes_visited 1464
[21:29:36.250] START to_move 1
[21:29:36.268] STOP to_move 1 nodes_visited 327
[21:29:36.269] START to_move 2
[21:29:36.354] STOP to_move 2 nodes_visited 1436
[21:29:36.355] START to_move 1
[21:29:36.373] STOP to_move 1 nodes_visited 328
[21:29:36.373] START to_move 2
[21:29:36.461] STOP to_move 2 nodes_visited 1475
[21:29:36.462] START to_move 1
[21:29:36.480] STOP to_move 1 nodes_visited 325
[21:29:36.480] START to_move 2
[21:29:36.563] STOP to_move 2 nodes_visited 1367
[21:29:36.564] START to_move 1
[21:29:36.580] STOP to_move 1 nodes_visited 302
[21:29:36.581] START to_move 2
[21:29:36.644] STOP to_move 2 nodes_visited 1059
[21:29:36.645] START to_move 1
[21:29:36.667] STOP to_move 1 nodes_visited 377
[21:29:36.667] START to_move 2
[21:29:36.739] STOP to_move 2 nodes_visited 1203
[21:29:36.739] START to_move 1
[21:29:36.761] STOP to_move 1 nodes_visited 382
[21:29:36.761] START to_move 2
[21:29:36.828] STOP to_move 2 nodes_visited 1110
[21:29:36.828] START to_move 1
[21:29:36.851] STOP to_move 1 nodes_visited 405
[21:29:36.851] START to_move 2
[21:29:36.921] STOP to_move 2 nodes_visited 1175
[21:29:36.922] START to_move 1
[21:29:36.944] STOP to_move 1 nodes_visited 405
[21:29:36.945] START to_move 2
[21:29:37.014] STOP to_move 2 nodes_visited 1175
[21:29:37.015] START to_move 1
[21:29:37.068] STOP to_move 1 nodes_visited 867
[21:29:37.068] START to_move 2
[21:29:37.139] STOP to_move 2 nodes_visited 1189
[21:29:37.140] START to_move 1
[21:29:37.160] STOP to_move 1 nodes_visited 356
[21:29:37.160] START to_move 2
[21:29:37.191] STOP to_move 2 nodes_visited 518
[21:29:37.191] START to_move 1
[21:29:37.239] STOP to_move 1 nodes_visited 800
[21:29:37.239] START to_move 2
[21:29:37.271] STOP to_move 2 nodes_visited 531
[21:29:37.271] START to_move 1
[21:29:37.318] STOP to_move 1 nodes_visited 754
[21:29:37.319] START to_move 2
[21:29:37.350] STOP to_move 2 nodes_visited 536
[21:29:37.350] START to_move 1
[21:29:37.371] STOP to_move 1 nodes_visited 382
[21:29:37.372] START to_move 2
[21:29:37.406] STOP to_move 2 nodes_visited 584
[21:29:37.407] START to_move 1
[21:29:37.424] STOP to_move 1 nodes_visited 312
[21:29:37.424] START to_move 2
[21:29:37.483] STOP to_move 2 nodes_visited 989
[21:29:37.483] START to_move 1
[21:29:37.504] STOP to_move 1 nodes_visited 372
[21:29:37.504] START to_move 2
[21:29:37.507] STOP to_move 2 nodes_visited 49
[21:29:37.507] START to_move 1
[21:29:37.523] STOP to_move 1 nodes_visited 284
[21:29:37.523] START to_move 2
[21:29:37.526] STOP to_move 2 nodes_visited 67
[21:29:37.526] START to_move 1
[21:29:37.544] STOP to_move 1 nodes_visited 321
[21:29:37.544] START to_move 2
[21:29:37.547] STOP to_move 2 nodes_visited 57
[21:29:37.547] START to_move 1
[21:29:37.572] STOP to_move 1 nodes_visited 441
[21:29:37.572] START to_move 2
[21:29:37.581] STOP to_move 2 nodes_visited 152
[21:29:37.581] START to_move 1
[21:29:37.631] STOP to_move 1 nodes_visited 861
[21:29:37.631] START to_move 2
[21:29:37.641] STOP to_move 2 nodes_visited 162
[21:29:37.641] START to_move 1
[21:29:37.688] STOP to_move 1 nodes_visited 830
[21:29:37.689] START to_move 2
[21:29:37.717] STOP to_move 2 nodes_visited 474
[21:29:37.717] START to_move 1
[21:29:37.740] STOP to_move 1 nodes_visited 396
[21:29:37.740] START to_move 2
[21:29:37.758] STOP to_move 2 nodes_visited 298
[21:29:37.758] START to_move 1
[21:29:37.769] STOP to_move 1 nodes_visited 210
[21:29:37.769] START to_move 2
[21:29:37.782] STOP to_move 2 nodes_visited 212
[21:29:37.782] START to_move 1
[21:29:37.793] STOP to_move 1 nodes_visited 210
[21:29:37.793] START to_move 2
[21:29:37.806] STOP to_move 2 nodes_visited 214
[21:29:37.806] START to_move 1
[21:29:37.817] STOP to_move 1 nodes_visited 211
[21:29:37.818] START to_move 2
[21:29:37.830] STOP to_move 2 nodes_visited 214
[21:29:37.830] START to_move 1
[21:29:37.841] STOP to_move 1 nodes_visited 211
[21:29:37.842] START to_move 2
[21:29:37.853] STOP to_move 2 nodes_visited 193
[21:29:37.853] START to_move 1
[21:29:37.867] STOP to_move 1 nodes_visited 258
[21:29:37.868] START to_move 2
[21:29:37.889] STOP to_move 2 nodes_visited 345
[21:29:37.889] START to_move 1
[21:29:37.904] STOP to_move 1 nodes_visited 258
[21:29:37.904] START to_move 2
[21:29:37.924] STOP to_move 2 nodes_visited 345
[21:29:37.924] START to_move 1
[21:29:37.939] STOP to_move 1 nodes_visited 258
[21:29:37.939] START to_move 2
[21:29:37.959] STOP to_move 2 nodes_visited 345
[21:29:37.959] START to_move 1
[21:29:37.974] STOP to_move 1 nodes_visited 258
[21:29:37.974] START to_move 2
[21:29:37.994] STOP to_move 2 nodes_visited 345
[21:29:37.994] START to_move 1
[21:29:38.008] STOP to_move 1 nodes_visited 254
[21:29:38.008] START to_move 2
[21:29:38.024] STOP to_move 2 nodes_visited 269
[21:29:38.024] START to_move 1
[21:29:38.034] STOP to_move 1 nodes_visited 172
[21:29:38.034] START to_move 2
[21:29:38.048] STOP to_move 2 nodes_visited 239
[21:29:38.048] START to_move 1
[21:29:38.061] STOP to_move 1 nodes_visited 233
[21:29:38.061] START to_move 2
[21:29:38.080] STOP to_move 2 nodes_visited 320
[21:29:38.080] START to_move 1
[21:29:38.089] STOP to_move 1 nodes_visited 164
[21:29:38.089] START to_move 2
[21:29:38.102] STOP to_move 2 nodes_visited 229
[21:29:38.103] START to_move 1
[21:29:38.112] STOP to_move 1 nodes_visited 176
[21:29:38.112] START to_move 2
[21:29:38.118] STOP to_move 2 nodes_visited 99
[21:29:38.118] START to_move 1
[21:29:38.129] STOP to_move 1 nodes_visited 199
[21:29:38.129] START to_move 2
[21:29:38.130] STOP to_move 2 nodes_visited 11
[21:29:38.130] END winner 2 - rounds 182
