[21:57:21.416] 1 - distance_function manhattan - pruning True
[21:57:21.416] 2 - distance_function euclides - pruning True
[21:57:21.417] START to_move 1
[21:57:21.509] STOP to_move 1 nodes_visited 1596
[21:57:21.510] START to_move 2
[21:57:21.779] STOP to_move 2 nodes_visited 4183
[21:57:21.782] START to_move 1
[21:57:21.806] STOP to_move 1 nodes_visited 420
[21:57:21.806] START to_move 2
[21:57:22.089] STOP to_move 2 nodes_visited 4475
[21:57:22.092] START to_move 1
[21:57:22.115] STOP to_move 1 nodes_visited 414
[21:57:22.115] START to_move 2
[21:57:22.392] STOP to_move 2 nodes_visited 4403
[21:57:22.394] START to_move 1
[21:57:22.419] STOP to_move 1 nodes_visited 406
[21:57:22.420] START to_move 2
[21:57:22.658] STOP to_move 2 nodes_visited 3894
[21:57:22.661] START to_move 1
[21:57:22.750] STOP to_move 1 nodes_visited 1440
[21:57:22.751] START to_move 2
[21:57:22.879] STOP to_move 2 nodes_visited 2059
[21:57:22.880] START to_move 1
[21:57:22.903] STOP to_move 1 nodes_visited 406
[21:57:22.904] START to_move 2
[21:57:23.171] STOP to_move 2 nodes_visited 4296
[21:57:23.173] START to_move 1
[21:57:23.196] STOP to_move 1 nodes_visited 404
[21:57:23.197] START to_move 2
[21:57:23.464] STOP to_move 2 nodes_visited 4240
[21:57:23.466] START to_move 1
[21:57:23.487] STOP to_move 1 nodes_visited 367
[21:57:23.488] START to_move 2
[21:57:23.753] STOP to_move 2 nodes_visited 4214
[21:57:23.755] START to_move 1
[21:57:23.779] STOP to_move 1 nodes_visited 404
[21:57:23.779] START to_move 2
[21:57:24.054] STOP to_move 2 nodes_visited 4398
[21:57:24.057] START to_move 1
[21:57:24.086] STOP to_move 1 nodes_visited 513
[21:57:24.086] START to_move 2
[21:57:24.349] STOP to_move 2 nodes_visited 4242
[21:57:24.352] START to_move 1
[21:57:24.376] STOP to_move 1 nodes_visited 420
[21:57:24.376] START to_move 2
[21:57:24.654] STOP to_move 2 nodes_visited 4403
[21:57:24.657] START to_move 1
[21:57:24.681] STOP to_move 1 nodes_visited 425
[21:57:24.681] START to_move 2
[21:57:24.950] STOP to_move 2 nodes_visited 4239
[21:57:24.953] START to_move 1
[21:57:24.977] STOP to_move 1 nodes_visited 428
[21:57:24.978] START to_move 2
[21:57:25.265] STOP to_move 2 nodes_visited 4553
[21:57:25.267] START to_move 1
[21:57:25.292] STOP to_move 1 nodes_visited 425
[21:57:25.292] START to_move 2
[21:57:25.573] STOP to_move 2 nodes_visited 4459
[21:57:25.576] START to_move 1
[21:57:25.601] STOP to_move 1 nodes_visited 426
[21:57:25.602] START to_move 2
[21:57:25.910] STOP to_move 2 nodes_visited 4831
[21:57:25.913] START to_move 1
[21:57:25.937] STOP to_move 1 nodes_visited 425
[21:57:25.937] START to_move 2
[21:57:26.240] STOP to_move 2 nodes_visited 4771
[21:57:26.243] START to_move 1
[21:57:26.349] STOP to_move 1 nodes_visited 1843
[21:57:26.350] START to_move 2
[21:57:26.631] STOP to_move 2 nodes_visited 4380
[21:57:26.634] START to_move 1
[21:57:26.743] STOP to_move 1 nodes_visited 1888
[21:57:26.744] START to_move 2
[21:57:26.985] STOP to_move 2 nodes_visited 3792
[21:57:26.988] START to_move 1
[21:57:27.097] STOP to_move 1 nodes_visited 1893
[21:57:27.098] START to_move 2
[21:57:27.317] STOP to_move 2 nodes_visited 3569
[21:57:27.320] START to_move 1
[21:57:27.424] STOP to_move 1 nodes_visited 1767
[21:57:27.425] START to_move 2
[21:57:27.619] STOP to_move 2 nodes_visited 3188
[21:57:27.621] START to_move 1
[21:57:27.658] STOP to_move 1 nodes_visited 624
[21:57:27.658] START to_move 2
[21:57:27.888] STOP to_move 2 nodes_visited 3762
[21:57:27.890] START to_move 1
[21:57:27.988] STOP to_move 1 nodes_visited 1663
[21:57:27.989] START to_move 2
[21:57:28.133] STOP to_move 2 nodes_visited 2406
[21:57:28.135] START to_move 1
[21:57:28.237] STOP to_move 1 nodes_visited 1686
[21:57:28.238] START to_move 2
[21:57:28.393] STOP to_move 2 nodes_visited 2564
[21:57:28.394] START to_move 1
[21:57:28.456] STOP to_move 1 nodes_visited 985
[21:57:28.456] START to_move 2
[21:57:28.593] STOP to_move 2 nodes_visited 2234
[21:57:28.595] START to_move 1
[21:57:28.693] STOP to_move 1 nodes_visited 1645
[21:57:28.694] START to_move 2
[21:57:28.852] STOP to_move 2 nodes_visited 2605
[21:57:28.853] START to_move 1
[21:57:28.885] STOP to_move 1 nodes_visited 560
[21:57:28.886] START to_move 2
[21:57:28.920] STOP to_move 2 nodes_visited 578
[21:57:28.920] START to_move 1
[21:57:29.016] STOP to_move 1 nodes_visited 1549
[21:57:29.017] START to_move 2
[21:57:29.204] STOP to_move 2 nodes_visited 3086
[21:57:29.206] START to_move 1
[21:57:29.290] STOP to_move 1 nodes_visited 1416
[21:57:29.290] START to_move 2
[21:57:29.444] STOP to_move 2 nodes_visited 2544
[21:57:29.446] START to_move 1
[21:57:29.530] STOP to_move 1 nodes_visited 1421
[21:57:29.531] START to_move 2
[21:57:29.668] STOP to_move 2 nodes_visited 2275
[21:57:29.670] START to_move 1
[21:57:29.745] STOP to_move 1 nodes_visited 1252
[21:57:29.745] START to_move 2
[21:57:29.895] STOP to_move 2 nodes_visited 2472
[21:57:29.896] START to_move 1
[21:57:29.968] STOP to_move 1 nodes_visited 1229
[21:57:29.969] START to_move 2
[21:57:30.110] STOP to_move 2 nodes_visited 2313
[21:57:30.112] START to_move 1
[21:57:30.272] STOP to_move 1 nodes_visited 2627
[21:57:30.273] START to_move 2
[21:57:30.402] STOP to_move 2 nodes_visited 2130
[21:57:30.403] START to_move 1
[21:57:30.554] STOP to_move 1 nodes_visited 2453
[21:57:30.555] START to_move 2
[21:57:30.693] STOP to_move 2 nodes_visited 2277
[21:57:30.694] START to_move 1
[21:57:30.814] STOP to_move 1 nodes_visited 1970
[21:57:30.815] START to_move 2
[21:57:30.938] STOP to_move 2 nodes_visited 2041
[21:57:30.939] START to_move 1
[21:57:31.059] STOP to_move 1 nodes_visited 1962
[21:57:31.060] START to_move 2
[21:57:31.183] STOP to_move 2 nodes_visited 2035
[21:57:31.185] START to_move 1
[21:57:31.296] STOP to_move 1 nodes_visited 1866
[21:57:31.297] START to_move 2
[21:57:31.413] STOP to_move 2 nodes_visited 1896
[21:57:31.414] START to_move 1
[21:57:31.528] STOP to_move 1 nodes_visited 1918
[21:57:31.529] START to_move 2
[21:57:31.651] STOP to_move 2 nodes_visited 1981
[21:57:31.652] START to_move 1
[21:57:31.754] STOP to_move 1 nodes_visited 1708
[21:57:31.755] START to_move 2
[21:57:31.858] STOP to_move 2 nodes_visited 1644
[21:57:31.859] START to_move 1
[21:57:31.962] STOP to_move 1 nodes_visited 1732
[21:57:31.963] START to_move 2
[21:57:32.068] STOP to_move 2 nodes_visited 1701
[21:57:32.069] START to_move 1
[21:57:32.163] STOP to_move 1 nodes_visited 1547
[21:57:32.164] START to_move 2
[21:57:32.249] STOP to_move 2 nodes_visited 1398
[21:57:32.250] START to_move 1
[21:57:32.319] STOP to_move 1 nodes_visited 1179
[21:57:32.319] START to_move 2
[21:57:32.395] STOP to_move 2 nodes_visited 1210
[21:57:32.396] START to_move 1
[21:57:32.451] STOP to_move 1 nodes_visited 951
[21:57:32.451] START to_move 2
[21:57:32.533] STOP to_move 2 nodes_visited 1341
[21:57:32.534] START to_move 1
[21:57:32.552] STOP to_move 1 nodes_visited 326
[21:57:32.553] START to_move 2
[21:57:32.623] STOP to_move 2 nodes_visited 1147
[21:57:32.623] START to_move 1
[21:57:32.642] STOP to_move 1 nodes_visited 307
[21:57:32.642] START to_move 2
[21:57:32.696] STOP to_move 2 nodes_visited 877
[21:57:32.696] START to_move 1
[21:57:32.713] STOP to_move 1 nodes_visited 291
[21:57:32.713] START to_move 2
[21:57:32.772] STOP to_move 2 nodes_visited 986
[21:57:32.773] START to_move 1
[21:57:32.789] STOP to_move 1 nodes_visited 296
[21:57:32.790] START to_move 2
[21:57:32.849] STOP to_move 2 nodes_visited 986
[21:57:32.849] START to_move 1
[21:57:32.866] STOP to_move 1 nodes_visited 296
[21:57:32.866] START to_move 2
[21:57:32.961] STOP to_move 2 nodes_visited 1512
[21:57:32.961] START to_move 1
[21:57:32.974] STOP to_move 1 nodes_visited 228
[21:57:32.975] START to_move 2
[21:57:33.041] STOP to_move 2 nodes_visited 1109
[21:57:33.042] START to_move 1
[21:57:33.054] STOP to_move 1 nodes_visited 222
[21:57:33.055] START to_move 2
[21:57:33.121] STOP to_move 2 nodes_visited 1078
[21:57:33.121] START to_move 1
[21:57:33.138] STOP to_move 1 nodes_visited 292
[21:57:33.138] START to_move 2
[21:57:33.205] STOP to_move 2 nodes_visited 1072
[21:57:33.206] START to_move 1
[21:57:33.223] STOP to_move 1 nodes_visited 303
[21:57:33.223] START to_move 2
[21:57:33.283] STOP to_move 2 nodes_visited 997
[21:57:33.283] START to_move 1
[21:57:33.300] STOP to_move 1 nodes_visited 306
[21:57:33.301] START to_move 2
[21:57:33.365] STOP to_move 2 nodes_visited 1072
[21:57:33.366] START to_move 1
[21:57:33.383] STOP to_move 1 nodes_visited 299
[21:57:33.383] START to_move 2
[21:57:33.444] STOP to_move 2 nodes_visited 1013
[21:57:33.444] START to_move 1
[21:57:33.459] STOP to_move 1 nodes_visited 260
[21:57:33.459] START to_move 2
[21:57:33.518] STOP to_move 2 nodes_visited 970
[21:57:33.519] START to_move 1
[21:57:33.533] STOP to_move 1 nodes_visited 245
[21:57:33.534] START to_move 2
[21:57:33.591] STOP to_move 2 nodes_visited 954
[21:57:33.592] START to_move 1
[21:57:33.608] STOP to_move 1 nodes_visited 291
[21:57:33.608] START to_move 2
[21:57:33.672] STOP to_move 2 nodes_visited 1055
[21:57:33.672] START to_move 1
[21:57:33.686] STOP to_move 1 nodes_visited 251
[21:57:33.687] START to_move 2
[21:57:33.743] STOP to_move 2 nodes_visited 908
[21:57:33.743] START to_move 1
[21:57:33.758] STOP to_move 1 nodes_visited 267
[21:57:33.758] START to_move 2
[21:57:33.814] STOP to_move 2 nodes_visited 927
[21:57:33.814] START to_move 1
[21:57:33.829] STOP to_move 1 nodes_visited 260
[21:57:33.829] START to_move 2
[21:57:33.891] STOP to_move 2 nodes_visited 1034
[21:57:33.892] START to_move 1
[21:57:33.920] STOP to_move 1 nodes_visited 495
[21:57:33.920] START to_move 2
[21:57:34.002] STOP to_move 2 nodes_visited 1371
[21:57:34.003] START to_move 1
[21:57:34.020] STOP to_move 1 nodes_visited 277
[21:57:34.020] START to_move 2
[21:57:34.094] STOP to_move 2 nodes_visited 1235
[21:57:34.094] START to_move 1
[21:57:34.109] STOP to_move 1 nodes_visited 275
[21:57:34.110] START to_move 2
[21:57:34.174] STOP to_move 2 nodes_visited 1069
[21:57:34.175] START to_move 1
[21:57:34.189] STOP to_move 1 nodes_visited 264
[21:57:34.189] START to_move 2
[21:57:34.252] STOP to_move 2 nodes_visited 1026
[21:57:34.253] START to_move 1
[21:57:34.282] STOP to_move 1 nodes_visited 474
[21:57:34.282] START to_move 2
[21:57:34.358] STOP to_move 2 nodes_visited 1267
[21:57:34.359] START to_move 1
[21:57:34.373] STOP to_move 1 nodes_visited 261
[21:57:34.374] START to_move 2
[21:57:34.431] STOP to_move 2 nodes_visited 945
[21:57:34.431] START to_move 1
[21:57:34.447] STOP to_move 1 nodes_visited 279
[21:57:34.447] START to_move 2
[21:57:34.523] STOP to_move 2 nodes_visited 1267
[21:57:34.524] START to_move 1
[21:57:34.538] STOP to_move 1 nodes_visited 263
[21:57:34.539] START to_move 2
[21:57:34.607] STOP to_move 2 nodes_visited 1112
[21:57:34.607] START to_move 1
[21:57:34.621] STOP to_move 1 nodes_visited 251
[21:57:34.622] START to_move 2
[21:57:34.674] STOP to_move 2 nodes_visited 876
[21:57:34.675] START to_move 1
[21:57:34.688] STOP to_move 1 nodes_visited 239
[21:57:34.688] START to_move 2
[21:57:34.731] STOP to_move 2 nodes_visited 725
[21:57:34.732] START to_move 1
[21:57:34.746] STOP to_move 1 nodes_visited 258
[21:57:34.746] START to_move 2
[21:57:34.802] STOP to_move 2 nodes_visited 933
[21:57:34.803] START to_move 1
[21:57:34.816] STOP to_move 1 nodes_visited 239
[21:57:34.816] START to_move 2
[21:57:34.864] STOP to_move 2 nodes_visited 770
[21:57:34.864] START to_move 1
[21:57:34.877] STOP to_move 1 nodes_visited 231
[21:57:34.877] START to_move 2
[21:57:34.916] STOP to_move 2 nodes_visited 659
[21:57:34.916] START to_move 1
[21:57:34.927] STOP to_move 1 nodes_visited 189
[21:57:34.927] START to_move 2
[21:57:34.946] STOP to_move 2 nodes_visited 319
[21:57:34.946] START to_move 1
[21:57:34.963] STOP to_move 1 nodes_visited 317
[21:57:34.964] START to_move 2
[21:57:34.983] STOP to_move 2 nodes_visited 325
[21:57:34.983] START to_move 1
[21:57:34.993] STOP to_move 1 nodes_visited 178
[21:57:34.993] START to_move 2
[21:57:35.035] STOP to_move 2 nodes_visited 704
[21:57:35.035] START to_move 1
[21:57:35.043] STOP to_move 1 nodes_visited 160
[21:57:35.044] START to_move 2
[21:57:35.069] STOP to_move 2 nodes_visited 435
[21:57:35.070] START to_move 1
[21:57:35.078] STOP to_move 1 nodes_visited 160
[21:57:35.078] START to_move 2
[21:57:35.104] STOP to_move 2 nodes_visited 437
[21:57:35.104] START to_move 1
[21:57:35.114] STOP to_move 1 nodes_visited 179
[21:57:35.114] START to_move 2
[21:57:35.140] STOP to_move 2 nodes_visited 406
[21:57:35.140] START to_move 1
[21:57:35.148] STOP to_move 1 nodes_visited 146
[21:57:35.148] START to_move 2
[21:57:35.167] STOP to_move 2 nodes_visited 324
[21:57:35.167] START to_move 1
[21:57:35.175] STOP to_move 1 nodes_visited 133
[21:57:35.175] START to_move 2
[21:57:35.188] STOP to_move 2 nodes_visited 220
[21:57:35.188] END winner 2 - rounds 160
