[21:12:36.747] 1 - distance_function manhattan - pruning True
[21:12:36.747] 2 - distance_function euclides - pruning True
[21:12:36.747] START to_move 1
[21:12:36.756] STOP to_move 1 nodes_visited 159
[21:12:36.756] START to_move 2
[21:12:36.824] STOP to_move 2 nodes_visited 1087
[21:12:36.824] START to_move 1
[21:12:36.836] STOP to_move 1 nodes_visited 180
[21:12:36.836] START to_move 2
[21:12:36.953] STOP to_move 2 nodes_visited 1723
[21:12:36.954] START to_move 1
[21:12:36.995] STOP to_move 1 nodes_visited 559
[21:12:36.995] START to_move 2
[21:12:37.088] STOP to_move 2 nodes_visited 1401
[21:12:37.088] START to_move 1
[21:12:37.159] STOP to_move 1 nodes_visited 1033
[21:12:37.160] START to_move 2
[21:12:37.291] STOP to_move 2 nodes_visited 1963
[21:12:37.292] START to_move 1
[21:12:37.343] STOP to_move 1 nodes_visited 786
[21:12:37.343] START to_move 2
[21:12:37.458] STOP to_move 2 nodes_visited 1822
[21:12:37.460] START to_move 1
[21:12:37.505] STOP to_move 1 nodes_visited 741
[21:12:37.505] START to_move 2
[21:12:37.582] STOP to_move 2 nodes_visited 1205
[21:12:37.583] START to_move 1
[21:12:37.711] STOP to_move 1 nodes_visited 2087
[21:12:37.712] START to_move 2
[21:12:37.919] STOP to_move 2 nodes_visited 3195
[21:12:37.921] START to_move 1
[21:12:38.055] STOP to_move 1 nodes_visited 2152
[21:12:38.056] START to_move 2
[21:12:38.179] STOP to_move 2 nodes_visited 1964
[21:12:38.180] START to_move 1
[21:12:38.206] STOP to_move 1 nodes_visited 437
[21:12:38.206] START to_move 2
[21:12:38.522] STOP to_move 2 nodes_visited 4530
[21:12:38.525] START to_move 1
[21:12:38.625] STOP to_move 1 nodes_visited 1633
[21:12:38.626] START to_move 2
[21:12:38.918] STOP to_move 2 nodes_visited 4071
[21:12:38.921] START to_move 1
[21:12:38.951] STOP to_move 1 nodes_visited 496
[21:12:38.951] START to_move 2
[21:12:39.229] STOP to_move 2 nodes_visited 4161
[21:12:39.231] START to_move 1
[21:12:39.262] STOP to_move 1 nodes_visited 497
[21:12:39.263] START to_move 2
[21:12:39.523] STOP to_move 2 nodes_visited 3830
[21:12:39.525] START to_move 1
[21:12:39.560] STOP to_move 1 nodes_visited 584
[21:12:39.561] START to_move 2
[21:12:39.738] STOP to_move 2 nodes_visited 2774
[21:12:39.739] START to_move 1
[21:12:39.756] STOP to_move 1 nodes_visited 283
[21:12:39.756] START to_move 2
[21:12:39.984] STOP to_move 2 nodes_visited 3372
[21:12:39.986] START to_move 1
[21:12:40.068] STOP to_move 1 nodes_visited 1350
[21:12:40.069] START to_move 2
[21:12:40.165] STOP to_move 2 nodes_visited 1462
[21:12:40.165] START to_move 1
[21:12:40.187] STOP to_move 1 nodes_visited 368
[21:12:40.187] START to_move 2
[21:12:40.368] STOP to_move 2 nodes_visited 2692
[21:12:40.369] START to_move 1
[21:12:40.421] STOP to_move 1 nodes_visited 791
[21:12:40.421] START to_move 2
[21:12:40.492] STOP to_move 2 nodes_visited 1042
[21:12:40.493] START to_move 1
[21:12:40.543] STOP to_move 1 nodes_visited 802
[21:12:40.544] START to_move 2
[21:12:40.721] STOP to_move 2 nodes_visited 2659
[21:12:40.722] START to_move 1
[21:12:40.769] STOP to_move 1 nodes_visited 749
[21:12:40.770] START to_move 2
[21:12:40.900] STOP to_move 2 nodes_visited 2038
[21:12:40.901] START to_move 1
[21:12:40.953] STOP to_move 1 nodes_visited 786
[21:12:40.954] START to_move 2
[21:12:41.060] STOP to_move 2 nodes_visited 1684
[21:12:41.061] START to_move 1
[21:12:41.198] STOP to_move 1 nodes_visited 2221
[21:12:41.199] START to_move 2
[21:12:41.492] STOP to_move 2 nodes_visited 4242
[21:12:41.494] START to_move 1
[21:12:41.604] STOP to_move 1 nodes_visited 1847
[21:12:41.605] START to_move 2
[21:12:41.909] STOP to_move 2 nodes_visited 4506
[21:12:41.912] START to_move 1
[21:12:42.022] STOP to_move 1 nodes_visited 1850
[21:12:42.023] START to_move 2
[21:12:42.403] STOP to_move 2 nodes_visited 5112
[21:12:42.406] START to_move 1
[21:12:42.525] STOP to_move 1 nodes_visited 2029
[21:12:42.526] START to_move 2
[21:12:42.846] STOP to_move 2 nodes_visited 4306
[21:12:42.848] START to_move 1
[21:12:42.946] STOP to_move 1 nodes_visited 1638
[21:12:42.947] START to_move 2
[21:12:43.204] STOP to_move 2 nodes_visited 3533
[21:12:43.207] START to_move 1
[21:12:43.316] STOP to_move 1 nodes_visited 1842
[21:12:43.317] START to_move 2
[21:12:43.474] STOP to_move 2 nodes_visited 2212
[21:12:43.475] START to_move 1
[21:12:43.539] STOP to_move 1 nodes_visited 1076
[21:12:43.539] START to_move 2
[21:12:43.758] STOP to_move 2 nodes_visited 3228
[21:12:43.760] START to_move 1
[21:12:43.815] STOP to_move 1 nodes_visited 932
[21:12:43.816] START to_move 2
[21:12:43.965] STOP to_move 2 nodes_visited 2268
[21:12:43.966] START to_move 1
[21:12:43.976] STOP to_move 1 nodes_visited 171
[21:12:43.976] START to_move 2
[21:12:44.124] STOP to_move 2 nodes_visited 2258
[21:12:44.125] START to_move 1
[21:12:44.135] STOP to_move 1 nodes_visited 173
[21:12:44.135] START to_move 2
[21:12:44.278] STOP to_move 2 nodes_visited 2220
[21:12:44.279] START to_move 1
[21:12:44.289] STOP to_move 1 nodes_visited 175
[21:12:44.290] START to_move 2
[21:12:44.459] STOP to_move 2 nodes_visited 2627
[21:12:44.461] START to_move 1
[21:12:44.470] STOP to_move 1 nodes_visited 168
[21:12:44.470] START to_move 2
[21:12:44.671] STOP to_move 2 nodes_visited 2983
[21:12:44.673] START to_move 1
[21:12:44.682] STOP to_move 1 nodes_visited 163
[21:12:44.682] START to_move 2
[21:12:44.868] STOP to_move 2 nodes_visited 2842
[21:12:44.869] START to_move 1
[21:12:44.879] STOP to_move 1 nodes_visited 160
[21:12:44.879] START to_move 2
[21:12:45.047] STOP to_move 2 nodes_visited 2573
[21:12:45.048] START to_move 1
[21:12:45.066] STOP to_move 1 nodes_visited 304
[21:12:45.066] START to_move 2
[21:12:45.235] STOP to_move 2 nodes_visited 2619
[21:12:45.236] START to_move 1
[21:12:45.313] STOP to_move 1 nodes_visited 1330
[21:12:45.313] START to_move 2
[21:12:45.477] STOP to_move 2 nodes_visited 2546
[21:12:45.479] START to_move 1
[21:12:45.561] STOP to_move 1 nodes_visited 1434
[21:12:45.561] START to_move 2
[21:12:45.865] STOP to_move 2 nodes_visited 4319
[21:12:45.868] START to_move 1
[21:12:45.941] STOP to_move 1 nodes_visited 1264
[21:12:45.942] START to_move 2
[21:12:46.150] STOP to_move 2 nodes_visited 3033
[21:12:46.151] START to_move 1
[21:12:46.234] STOP to_move 1 nodes_visited 1439
[21:12:46.235] START to_move 2
[21:12:46.482] STOP to_move 2 nodes_visited 3677
[21:12:46.484] START to_move 1
[21:12:46.560] STOP to_move 1 nodes_visited 1286
[21:12:46.561] START to_move 2
[21:12:46.723] STOP to_move 2 nodes_visited 2584
[21:12:46.724] START to_move 1
[21:12:46.798] STOP to_move 1 nodes_visited 1282
[21:12:46.799] START to_move 2
[21:12:46.987] STOP to_move 2 nodes_visited 2984
[21:12:46.989] START to_move 1
[21:12:47.086] STOP to_move 1 nodes_visited 1655
[21:12:47.087] START to_move 2
[21:12:47.264] STOP to_move 2 nodes_visited 2851
[21:12:47.266] START to_move 1
[21:12:47.361] STOP to_move 1 nodes_visited 1609
[21:12:47.362] START to_move 2
[21:12:47.619] STOP to_move 2 nodes_visited 3864
[21:12:47.621] START to_move 1
[21:12:47.703] STOP to_move 1 nodes_visited 1427
[21:12:47.704] START to_move 2
[21:12:47.973] STOP to_move 2 nodes_visited 4070
[21:12:47.976] START to_move 1
[21:12:48.055] STOP to_move 1 nodes_visited 1394
[21:12:48.056] START to_move 2
[21:12:48.118] STOP to_move 2 nodes_visited 1003
[21:12:48.118] START to_move 1
[21:12:48.202] STOP to_move 1 nodes_visited 1426
[21:12:48.203] START to_move 2
[21:12:48.255] STOP to_move 2 nodes_visited 851
[21:12:48.256] START to_move 1
[21:12:48.345] STOP to_move 1 nodes_visited 1561
[21:12:48.346] START to_move 2
[21:12:48.409] STOP to_move 2 nodes_visited 1040
[21:12:48.410] START to_move 1
[21:12:48.502] STOP to_move 1 nodes_visited 1575
[21:12:48.503] START to_move 2
[21:12:48.574] STOP to_move 2 nodes_visited 1175
[21:12:48.575] START to_move 1
[21:12:48.678] STOP to_move 1 nodes_visited 1749
[21:12:48.679] START to_move 2
[21:12:48.764] STOP to_move 2 nodes_visited 1411
[21:12:48.764] START to_move 1
[21:12:48.865] STOP to_move 1 nodes_visited 1754
[21:12:48.866] START to_move 2
[21:12:49.071] STOP to_move 2 nodes_visited 3237
[21:12:49.073] START to_move 1
[21:12:49.178] STOP to_move 1 nodes_visited 1840
[21:12:49.179] START to_move 2
[21:12:49.241] STOP to_move 2 nodes_visited 1000
[21:12:49.242] START to_move 1
[21:12:49.372] STOP to_move 1 nodes_visited 2253
[21:12:49.374] START to_move 2
[21:12:49.439] STOP to_move 2 nodes_visited 1062
[21:12:49.439] START to_move 1
[21:12:49.578] STOP to_move 1 nodes_visited 2340
[21:12:49.579] START to_move 2
[21:12:49.646] STOP to_move 2 nodes_visited 1076
[21:12:49.646] START to_move 1
[21:12:49.718] STOP to_move 1 nodes_visited 1194
[21:12:49.719] START to_move 2
[21:12:49.791] STOP to_move 2 nodes_visited 1194
[21:12:49.791] START to_move 1
[21:12:49.859] STOP to_move 1 nodes_visited 1162
[21:12:49.859] START to_move 2
[21:12:50.137] STOP to_move 2 nodes_visited 4126
[21:12:50.139] START to_move 1
[21:12:50.209] STOP to_move 1 nodes_visited 1202
[21:12:50.209] START to_move 2
[21:12:50.467] STOP to_move 2 nodes_visited 3843
[21:12:50.471] START to_move 1
[21:12:50.553] STOP to_move 1 nodes_visited 1380
[21:12:50.553] START to_move 2
[21:12:50.855] STOP to_move 2 nodes_visited 4292
[21:12:50.857] START to_move 1
[21:12:50.869] STOP to_move 1 nodes_visited 205
[21:12:50.870] START to_move 2
[21:12:51.217] STOP to_move 2 nodes_visited 4920
[21:12:51.220] START to_move 1
[21:12:51.325] STOP to_move 1 nodes_visited 1781
[21:12:51.326] START to_move 2
[21:12:51.643] STOP to_move 2 nodes_visited 4649
[21:12:51.645] START to_move 1
[21:12:51.656] STOP to_move 1 nodes_visited 191
[21:12:51.657] START to_move 2
[21:12:51.940] STOP to_move 2 nodes_visited 4192
[21:12:51.942] START to_move 1
[21:12:51.954] STOP to_move 1 nodes_visited 187
[21:12:51.955] START to_move 2
[21:12:52.236] STOP to_move 2 nodes_visited 4145
[21:12:52.238] START to_move 1
[21:12:52.249] STOP to_move 1 nodes_visited 190
[21:12:52.249] START to_move 2
[21:12:52.381] STOP to_move 2 nodes_visited 2089
[21:12:52.382] START to_move 1
[21:12:52.392] STOP to_move 1 nodes_visited 186
[21:12:52.393] START to_move 2
[21:12:52.540] STOP to_move 2 nodes_visited 2340
[21:12:52.541] START to_move 1
[21:12:52.551] STOP to_move 1 nodes_visited 190
[21:12:52.551] START to_move 2
[21:12:52.690] STOP to_move 2 nodes_visited 2236
[21:12:52.691] START to_move 1
[21:12:52.710] STOP to_move 1 nodes_visited 340
[21:12:52.711] START to_move 2
[21:12:52.851] STOP to_move 2 nodes_visited 2236
[21:12:52.853] START to_move 1
[21:12:52.873] STOP to_move 1 nodes_visited 362
[21:12:52.873] START to_move 2
[21:12:53.098] STOP to_move 2 nodes_visited 3448
[21:12:53.099] START to_move 1
[21:12:53.119] STOP to_move 1 nodes_visited 357
[21:12:53.120] START to_move 2
[21:12:53.213] STOP to_move 2 nodes_visited 1491
[21:12:53.214] START to_move 1
[21:12:53.237] STOP to_move 1 nodes_visited 399
[21:12:53.237] START to_move 2
[21:12:53.353] STOP to_move 2 nodes_visited 1852
[21:12:53.354] START to_move 1
[21:12:53.377] STOP to_move 1 nodes_visited 396
[21:12:53.377] START to_move 2
[21:12:53.472] STOP to_move 2 nodes_visited 1526
[21:12:53.473] START to_move 1
[21:12:53.493] STOP to_move 1 nodes_visited 347
[21:12:53.493] START to_move 2
[21:12:53.581] STOP to_move 2 nodes_visited 1391
[21:12:53.581] START to_move 1
[21:12:53.602] STOP to_move 1 nodes_visited 340
[21:12:53.602] START to_move 2
[21:12:53.777] STOP to_move 2 nodes_visited 2746
[21:12:53.778] START to_move 1
[21:12:53.798] STOP to_move 1 nodes_visited 343
[21:12:53.798] START to_move 2
[21:12:54.003] STOP to_move 2 nodes_visited 3183
[21:12:54.005] START to_move 1
[21:12:54.023] STOP to_move 1 nodes_visited 313
[21:12:54.023] START to_move 2
[21:12:54.102] STOP to_move 2 nodes_visited 1252
[21:12:54.102] START to_move 1
[21:12:54.120] STOP to_move 1 nodes_visited 308
[21:12:54.120] START to_move 2
[21:12:54.379] STOP to_move 2 nodes_visited 4021
[21:12:54.381] START to_move 1
[21:12:54.399] STOP to_move 1 nodes_visited 305
[21:12:54.399] START to_move 2
[21:12:54.654] STOP to_move 2 nodes_visited 3885
[21:12:54.656] START to_move 1
[21:12:54.674] STOP to_move 1 nodes_visited 304
[21:12:54.674] START to_move 2
[21:12:54.832] STOP to_move 2 nodes_visited 2470
[21:12:54.833] START to_move 1
[21:12:54.850] STOP to_move 1 nodes_visited 297
[21:12:54.850] START to_move 2
[21:12:55.006] STOP to_move 2 nodes_visited 2426
[21:12:55.008] START to_move 1
[21:12:55.027] STOP to_move 1 nodes_visited 338
[21:12:55.027] START to_move 2
[21:12:55.210] STOP to_move 2 nodes_visited 2841
[21:12:55.211] START to_move 1
[21:12:55.229] STOP to_move 1 nodes_visited 315
[21:12:55.229] START to_move 2
[21:12:55.424] STOP to_move 2 nodes_visited 3035
[21:12:55.425] START to_move 1
[21:12:55.445] STOP to_move 1 nodes_visited 349
[21:12:55.446] START to_move 2
[21:12:55.656] STOP to_move 2 nodes_visited 3137
[21:12:55.658] START to_move 1
[21:12:55.678] STOP to_move 1 nodes_visited 345
[21:12:55.678] START to_move 2
[21:12:55.882] STOP to_move 2 nodes_visited 3076
[21:12:55.883] START to_move 1
[21:12:55.904] STOP to_move 1 nodes_visited 350
[21:12:55.904] START to_move 2
[21:12:56.118] STOP to_move 2 nodes_visited 3207
[21:12:56.119] START to_move 1
[21:12:56.139] STOP to_move 1 nodes_visited 342
[21:12:56.140] START to_move 2
[21:12:56.299] STOP to_move 2 nodes_visited 2478
[21:12:56.301] START to_move 1
[21:12:56.318] STOP to_move 1 nodes_visited 294
[21:12:56.318] START to_move 2
[21:12:56.404] STOP to_move 2 nodes_visited 1376
[21:12:56.405] START to_move 1
[21:12:56.424] STOP to_move 1 nodes_visited 318
[21:12:56.424] START to_move 2
[21:12:56.482] STOP to_move 2 nodes_visited 945
[21:12:56.483] START to_move 1
[21:12:56.501] STOP to_move 1 nodes_visited 318
[21:12:56.502] START to_move 2
[21:12:56.563] STOP to_move 2 nodes_visited 973
[21:12:56.563] START to_move 1
[21:12:56.626] STOP to_move 1 nodes_visited 1047
[21:12:56.627] START to_move 2
[21:12:56.671] STOP to_move 2 nodes_visited 711
[21:12:56.672] START to_move 1
[21:12:56.681] STOP to_move 1 nodes_visited 164
[21:12:56.681] START to_move 2
[21:12:56.752] STOP to_move 2 nodes_visited 1127
[21:12:56.752] START to_move 1
[21:12:56.762] STOP to_move 1 nodes_visited 166
[21:12:56.762] START to_move 2
[21:12:56.821] STOP to_move 2 nodes_visited 948
[21:12:56.822] START to_move 1
[21:12:56.831] STOP to_move 1 nodes_visited 165
[21:12:56.831] START to_move 2
[21:12:56.956] STOP to_move 2 nodes_visited 1965
[21:12:56.957] START to_move 1
[21:12:56.966] STOP to_move 1 nodes_visited 175
[21:12:56.967] START to_move 2
[21:12:57.084] STOP to_move 2 nodes_visited 1896
[21:12:57.085] START to_move 1
[21:12:57.094] STOP to_move 1 nodes_visited 175
[21:12:57.094] START to_move 2
[21:12:57.225] STOP to_move 2 nodes_visited 2084
[21:12:57.226] START to_move 1
[21:12:57.241] STOP to_move 1 nodes_visited 267
[21:12:57.241] START to_move 2
[21:12:57.438] STOP to_move 2 nodes_visited 3004
[21:12:57.439] START to_move 1
[21:12:57.513] STOP to_move 1 nodes_visited 1217
[21:12:57.513] START to_move 2
[21:12:57.677] STOP to_move 2 nodes_visited 2593
[21:12:57.679] START to_move 1
[21:12:57.690] STOP to_move 1 nodes_visited 212
[21:12:57.690] START to_move 2
[21:12:57.844] STOP to_move 2 nodes_visited 2451
[21:12:57.845] START to_move 1
[21:12:57.928] STOP to_move 1 nodes_visited 1420
[21:12:57.929] START to_move 2
[21:12:58.047] STOP to_move 2 nodes_visited 1856
[21:12:58.048] START to_move 1
[21:12:58.060] STOP to_move 1 nodes_visited 213
[21:12:58.060] START to_move 2
[21:12:58.197] STOP to_move 2 nodes_visited 2225
[21:12:58.198] START to_move 1
[21:12:58.210] STOP to_move 1 nodes_visited 213
[21:12:58.210] START to_move 2
[21:12:58.326] STOP to_move 2 nodes_visited 1830
[21:12:58.327] START to_move 1
[21:12:58.339] STOP to_move 1 nodes_visited 206
[21:12:58.339] START to_move 2
[21:12:58.409] STOP to_move 2 nodes_visited 1129
[21:12:58.410] START to_move 1
[21:12:58.422] STOP to_move 1 nodes_visited 209
[21:12:58.422] START to_move 2
[21:12:58.576] STOP to_move 2 nodes_visited 2317
[21:12:58.577] START to_move 1
[21:12:58.591] STOP to_move 1 nodes_visited 243
[21:12:58.591] START to_move 2
[21:12:58.752] STOP to_move 2 nodes_visited 2480
[21:12:58.754] START to_move 1
[21:12:58.768] STOP to_move 1 nodes_visited 243
[21:12:58.768] START to_move 2
[21:12:58.933] STOP to_move 2 nodes_visited 2505
[21:12:58.934] START to_move 1
[21:12:58.948] STOP to_move 1 nodes_visited 243
[21:12:58.948] START to_move 2
[21:12:59.101] STOP to_move 2 nodes_visited 2296
[21:12:59.102] START to_move 1
[21:12:59.155] STOP to_move 1 nodes_visited 903
[21:12:59.155] START to_move 2
[21:12:59.301] STOP to_move 2 nodes_visited 2187
[21:12:59.302] START to_move 1
[21:12:59.316] STOP to_move 1 nodes_visited 236
[21:12:59.316] START to_move 2
[21:12:59.493] STOP to_move 2 nodes_visited 2653
[21:12:59.495] START to_move 1
[21:12:59.509] STOP to_move 1 nodes_visited 250
[21:12:59.509] START to_move 2
[21:12:59.727] STOP to_move 2 nodes_visited 3203
[21:12:59.729] START to_move 1
[21:12:59.743] STOP to_move 1 nodes_visited 260
[21:12:59.744] START to_move 2
[21:12:59.855] STOP to_move 2 nodes_visited 1763
[21:12:59.856] START to_move 1
[21:12:59.874] STOP to_move 1 nodes_visited 318
[21:12:59.874] START to_move 2
[21:12:59.967] STOP to_move 2 nodes_visited 1439
[21:12:59.967] START to_move 1
[21:12:59.983] STOP to_move 1 nodes_visited 271
[21:12:59.983] START to_move 2
[21:13:00.067] STOP to_move 2 nodes_visited 1337
[21:13:00.067] START to_move 1
[21:13:00.083] STOP to_move 1 nodes_visited 271
[21:13:00.083] START to_move 2
[21:13:00.141] STOP to_move 2 nodes_visited 937
[21:13:00.142] START to_move 1
[21:13:00.157] STOP to_move 1 nodes_visited 268
[21:13:00.157] START to_move 2
[21:13:00.232] STOP to_move 2 nodes_visited 1199
[21:13:00.232] START to_move 1
[21:13:00.248] STOP to_move 1 nodes_visited 264
[21:13:00.249] START to_move 2
[21:13:00.323] STOP to_move 2 nodes_visited 1196
[21:13:00.323] START to_move 1
[21:13:00.338] STOP to_move 1 nodes_visited 264
[21:13:00.339] START to_move 2
[21:13:00.415] STOP to_move 2 nodes_visited 1229
[21:13:00.416] START to_move 1
[21:13:00.431] STOP to_move 1 nodes_visited 255
[21:13:00.431] START to_move 2
[21:13:00.513] STOP to_move 2 nodes_visited 1271
[21:13:00.513] START to_move 1
[21:13:00.528] STOP to_move 1 nodes_visited 258
[21:13:00.529] START to_move 2
[21:13:00.602] STOP to_move 2 nodes_visited 1186
[21:13:00.603] START to_move 1
[21:13:00.618] STOP to_move 1 nodes_visited 256
[21:13:00.618] START to_move 2
[21:13:00.673] STOP to_move 2 nodes_visited 882
[21:13:00.674] START to_move 1
[21:13:00.688] STOP to_move 1 nodes_visited 256
[21:13:00.688] START to_move 2
[21:13:00.755] STOP to_move 2 nodes_visited 1090
[21:13:00.755] START to_move 1
[21:13:00.770] STOP to_move 1 nodes_visited 265
[21:13:00.771] START to_move 2
[21:13:00.847] STOP to_move 2 nodes_visited 1209
[21:13:00.848] START to_move 1
[21:13:00.863] STOP to_move 1 nodes_visited 266
[21:13:00.863] START to_move 2
[21:13:00.938] STOP to_move 2 nodes_visited 1215
[21:13:00.939] START to_move 1
[21:13:00.954] STOP to_move 1 nodes_visited 263
[21:13:00.954] START to_move 2
[21:13:01.023] STOP to_move 2 nodes_visited 1090
[21:13:01.024] START to_move 1
[21:13:01.038] STOP to_move 1 nodes_visited 257
[21:13:01.038] START to_move 2
[21:13:01.161] STOP to_move 2 nodes_visited 1816
[21:13:01.162] START to_move 1
[21:13:01.177] STOP to_move 1 nodes_visited 256
[21:13:01.177] START to_move 2
[21:13:01.282] STOP to_move 2 nodes_visited 1684
[21:13:01.283] START to_move 1
[21:13:01.297] STOP to_move 1 nodes_visited 258
[21:13:01.298] START to_move 2
[21:13:01.358] STOP to_move 2 nodes_visited 970
[21:13:01.358] START to_move 1
[21:13:01.374] STOP to_move 1 nodes_visited 258
[21:13:01.374] START to_move 2
[21:13:01.433] STOP to_move 2 nodes_visited 954
[21:13:01.433] START to_move 1
[21:13:01.473] STOP to_move 1 nodes_visited 692
[21:13:01.474] START to_move 2
[21:13:01.530] STOP to_move 2 nodes_visited 893
[21:13:01.531] START to_move 1
[21:13:01.545] STOP to_move 1 nodes_visited 259
[21:13:01.545] START to_move 2
[21:13:01.603] STOP to_move 2 nodes_visited 930
[21:13:01.603] START to_move 1
[21:13:01.617] STOP to_move 1 nodes_visited 254
[21:13:01.618] START to_move 2
[21:13:01.663] STOP to_move 2 nodes_visited 710
[21:13:01.663] START to_move 1
[21:13:01.677] STOP to_move 1 nodes_visited 254
[21:13:01.677] START to_move 2
[21:13:01.698] STOP to_move 2 nodes_visited 345
[21:13:01.699] START to_move 1
[21:13:01.712] STOP to_move 1 nodes_visited 242
[21:13:01.712] START to_move 2
[21:13:01.738] STOP to_move 2 nodes_visited 432
[21:13:01.738] START to_move 1
[21:13:01.762] STOP to_move 1 nodes_visited 418
[21:13:01.763] START to_move 2
[21:13:01.794] STOP to_move 2 nodes_visited 521
[21:13:01.794] START to_move 1
[21:13:01.806] STOP to_move 1 nodes_visited 225
[21:13:01.807] START to_move 2
[21:13:01.876] STOP to_move 2 nodes_visited 1118
[21:13:01.876] START to_move 1
[21:13:01.889] STOP to_move 1 nodes_visited 225
[21:13:01.889] START to_move 2
[21:13:01.915] STOP to_move 2 nodes_visited 432
[21:13:01.915] START to_move 1
[21:13:01.928] STOP to_move 1 nodes_visited 232
[21:13:01.928] START to_move 2
[21:13:01.950] STOP to_move 2 nodes_visited 347
[21:13:01.950] START to_move 1
[21:13:01.965] STOP to_move 1 nodes_visited 269
[21:13:01.966] START to_move 2
[21:13:01.989] STOP to_move 2 nodes_visited 389
[21:13:01.989] START to_move 1
[21:13:02.004] STOP to_move 1 nodes_visited 274
[21:13:02.005] START to_move 2
[21:13:02.034] STOP to_move 2 nodes_visited 479
[21:13:02.034] START to_move 1
[21:13:02.043] STOP to_move 1 nodes_visited 177
[21:13:02.044] START to_move 2
[21:13:02.059] STOP to_move 2 nodes_visited 264
[21:13:02.059] START to_move 1
[21:13:02.068] STOP to_move 1 nodes_visited 152
[21:13:02.068] START to_move 2
[21:13:02.081] STOP to_move 2 nodes_visited 211
[21:13:02.081] START to_move 1
[21:13:02.089] STOP to_move 1 nodes_visited 147
[21:13:02.089] START to_move 2
[21:13:02.107] STOP to_move 2 nodes_visited 289
[21:13:02.107] START to_move 1
[21:13:02.107] STOP to_move 1 nodes_visited 2
[21:13:02.108] START to_move 2
[21:13:02.108] STOP to_move 2 nodes_visited 1
[21:13:02.108] END winner 0 - rounds 278
