[21:21:36.034] 1 - distance_function manhattan - pruning True
[21:21:36.034] 2 - distance_function euclides - pruning True
[21:21:36.035] START to_move 1
[21:21:36.140] STOP to_move 1 nodes_visited 1782
[21:21:36.141] START to_move 2
[21:21:36.238] STOP to_move 2 nodes_visited 1492
[21:21:36.239] START to_move 1
[21:21:36.397] STOP to_move 1 nodes_visited 2654
[21:21:36.398] START to_move 2
[21:21:36.504] STOP to_move 2 nodes_visited 1647
[21:21:36.505] START to_move 1
[21:21:36.753] STOP to_move 1 nodes_visited 4121
[21:21:36.755] START to_move 2
[21:21:36.876] STOP to_move 2 nodes_visited 1919
[21:21:36.877] START to_move 1
[21:21:37.125] STOP to_move 1 nodes_visited 4111
[21:21:37.128] START to_move 2
[21:21:37.236] STOP to_move 2 nodes_visited 1733
[21:21:37.238] START to_move 1
[21:21:37.465] STOP to_move 1 nodes_visited 3431
[21:21:37.467] START to_move 2
[21:21:37.581] STOP to_move 2 nodes_visited 1794
[21:21:37.582] START to_move 1
[21:21:37.836] STOP to_move 1 nodes_visited 4198
[21:21:37.838] START to_move 2
[21:21:37.961] STOP to_move 2 nodes_visited 1978
[21:21:37.963] START to_move 1
[21:21:38.272] STOP to_move 1 nodes_visited 5225
[21:21:38.276] START to_move 2
[21:21:38.435] STOP to_move 2 nodes_visited 2580
[21:21:38.437] START to_move 1
[21:21:38.465] STOP to_move 1 nodes_visited 499
[21:21:38.465] START to_move 2
[21:21:38.658] STOP to_move 2 nodes_visited 3040
[21:21:38.660] START to_move 1
[21:21:38.713] STOP to_move 1 nodes_visited 937
[21:21:38.714] START to_move 2
[21:21:38.842] STOP to_move 2 nodes_visited 2104
[21:21:38.843] START to_move 1
[21:21:38.899] STOP to_move 1 nodes_visited 943
[21:21:38.899] START to_move 2
[21:21:39.020] STOP to_move 2 nodes_visited 1979
[21:21:39.021] START to_move 1
[21:21:39.075] STOP to_move 1 nodes_visited 935
[21:21:39.076] START to_move 2
[21:21:39.260] STOP to_move 2 nodes_visited 3009
[21:21:39.262] START to_move 1
[21:21:39.314] STOP to_move 1 nodes_visited 906
[21:21:39.314] START to_move 2
[21:21:39.487] STOP to_move 2 nodes_visited 2819
[21:21:39.489] START to_move 1
[21:21:39.508] STOP to_move 1 nodes_visited 334
[21:21:39.508] START to_move 2
[21:21:39.795] STOP to_move 2 nodes_visited 4592
[21:21:39.798] START to_move 1
[21:21:39.817] STOP to_move 1 nodes_visited 337
[21:21:39.817] START to_move 2
[21:21:39.953] STOP to_move 2 nodes_visited 2168
[21:21:39.954] START to_move 1
[21:21:39.973] STOP to_move 1 nodes_visited 338
[21:21:39.973] START to_move 2
[21:21:40.285] STOP to_move 2 nodes_visited 4924
[21:21:40.288] START to_move 1
[21:21:40.466] STOP to_move 1 nodes_visited 2979
[21:21:40.468] START to_move 2
[21:21:40.685] STOP to_move 2 nodes_visited 3443
[21:21:40.687] START to_move 1
[21:21:40.705] STOP to_move 1 nodes_visited 338
[21:21:40.705] START to_move 2
[21:21:40.895] STOP to_move 2 nodes_visited 3127
[21:21:40.897] START to_move 1
[21:21:40.915] STOP to_move 1 nodes_visited 335
[21:21:40.915] START to_move 2
[21:21:41.093] STOP to_move 2 nodes_visited 2904
[21:21:41.095] START to_move 1
[21:21:41.113] STOP to_move 1 nodes_visited 336
[21:21:41.113] START to_move 2
[21:21:41.268] STOP to_move 2 nodes_visited 2485
[21:21:41.269] START to_move 1
[21:21:41.357] STOP to_move 1 nodes_visited 1514
[21:21:41.358] START to_move 2
[21:21:41.515] STOP to_move 2 nodes_visited 2518
[21:21:41.517] START to_move 1
[21:21:41.586] STOP to_move 1 nodes_visited 1207
[21:21:41.587] START to_move 2
[21:21:41.664] STOP to_move 2 nodes_visited 1281
[21:21:41.665] START to_move 1
[21:21:41.738] STOP to_move 1 nodes_visited 1234
[21:21:41.739] START to_move 2
[21:21:41.835] STOP to_move 2 nodes_visited 1586
[21:21:41.836] START to_move 1
[21:21:41.907] STOP to_move 1 nodes_visited 1241
[21:21:41.908] START to_move 2
[21:21:41.981] STOP to_move 2 nodes_visited 1182
[21:21:41.981] START to_move 1
[21:21:42.048] STOP to_move 1 nodes_visited 1132
[21:21:42.049] START to_move 2
[21:21:42.159] STOP to_move 2 nodes_visited 1834
[21:21:42.160] START to_move 1
[21:21:42.284] STOP to_move 1 nodes_visited 2074
[21:21:42.285] START to_move 2
[21:21:42.390] STOP to_move 2 nodes_visited 1748
[21:21:42.391] START to_move 1
[21:21:42.530] STOP to_move 1 nodes_visited 2290
[21:21:42.532] START to_move 2
[21:21:42.642] STOP to_move 2 nodes_visited 1823
[21:21:42.643] START to_move 1
[21:21:42.735] STOP to_move 1 nodes_visited 1610
[21:21:42.736] START to_move 2
[21:21:42.931] STOP to_move 2 nodes_visited 3156
[21:21:42.933] START to_move 1
[21:21:43.080] STOP to_move 1 nodes_visited 2492
[21:21:43.082] START to_move 2
[21:21:43.421] STOP to_move 2 nodes_visited 5384
[21:21:43.424] START to_move 1
[21:21:43.572] STOP to_move 1 nodes_visited 2491
[21:21:43.573] START to_move 2
[21:21:43.663] STOP to_move 2 nodes_visited 1484
[21:21:43.663] START to_move 1
[21:21:43.681] STOP to_move 1 nodes_visited 315
[21:21:43.681] START to_move 2
[21:21:43.791] STOP to_move 2 nodes_visited 1824
[21:21:43.792] START to_move 1
[21:21:43.809] STOP to_move 1 nodes_visited 312
[21:21:43.810] START to_move 2
[21:21:43.919] STOP to_move 2 nodes_visited 1787
[21:21:43.920] START to_move 1
[21:21:43.937] STOP to_move 1 nodes_visited 307
[21:21:43.937] START to_move 2
[21:21:44.117] STOP to_move 2 nodes_visited 2846
[21:21:44.119] START to_move 1
[21:21:44.136] STOP to_move 1 nodes_visited 312
[21:21:44.136] START to_move 2
[21:21:44.303] STOP to_move 2 nodes_visited 2740
[21:21:44.304] START to_move 1
[21:21:44.322] STOP to_move 1 nodes_visited 314
[21:21:44.322] START to_move 2
[21:21:44.492] STOP to_move 2 nodes_visited 2789
[21:21:44.494] START to_move 1
[21:21:44.511] STOP to_move 1 nodes_visited 315
[21:21:44.512] START to_move 2
[21:21:44.691] STOP to_move 2 nodes_visited 2897
[21:21:44.692] START to_move 1
[21:21:44.801] STOP to_move 1 nodes_visited 1870
[21:21:44.802] START to_move 2
[21:21:44.931] STOP to_move 2 nodes_visited 2088
[21:21:44.932] START to_move 1
[21:21:45.057] STOP to_move 1 nodes_visited 2164
[21:21:45.058] START to_move 2
[21:21:45.234] STOP to_move 2 nodes_visited 2823
[21:21:45.236] START to_move 1
[21:21:45.253] STOP to_move 1 nodes_visited 319
[21:21:45.253] START to_move 2
[21:21:45.423] STOP to_move 2 nodes_visited 2720
[21:21:45.424] START to_move 1
[21:21:45.442] STOP to_move 1 nodes_visited 319
[21:21:45.442] START to_move 2
[21:21:45.528] STOP to_move 2 nodes_visited 1415
[21:21:45.529] START to_move 1
[21:21:45.547] STOP to_move 1 nodes_visited 320
[21:21:45.547] START to_move 2
[21:21:45.697] STOP to_move 2 nodes_visited 2429
[21:21:45.698] START to_move 1
[21:21:45.716] STOP to_move 1 nodes_visited 317
[21:21:45.716] START to_move 2
[21:21:45.854] STOP to_move 2 nodes_visited 2296
[21:21:45.855] START to_move 1
[21:21:45.873] STOP to_move 1 nodes_visited 312
[21:21:45.873] START to_move 2
[21:21:46.069] STOP to_move 2 nodes_visited 3174
[21:21:46.071] START to_move 1
[21:21:46.156] STOP to_move 1 nodes_visited 1479
[21:21:46.157] START to_move 2
[21:21:46.349] STOP to_move 2 nodes_visited 3094
[21:21:46.351] START to_move 1
[21:21:46.368] STOP to_move 1 nodes_visited 303
[21:21:46.368] START to_move 2
[21:21:46.547] STOP to_move 2 nodes_visited 2878
[21:21:46.548] START to_move 1
[21:21:46.609] STOP to_move 1 nodes_visited 1027
[21:21:46.610] START to_move 2
[21:21:46.760] STOP to_move 2 nodes_visited 2439
[21:21:46.762] START to_move 1
[21:21:46.778] STOP to_move 1 nodes_visited 301
[21:21:46.779] START to_move 2
[21:21:46.918] STOP to_move 2 nodes_visited 2305
[21:21:46.919] START to_move 1
[21:21:46.936] STOP to_move 1 nodes_visited 292
[21:21:46.936] START to_move 2
[21:21:47.084] STOP to_move 2 nodes_visited 2389
[21:21:47.086] START to_move 1
[21:21:47.102] STOP to_move 1 nodes_visited 292
[21:21:47.102] START to_move 2
[21:21:47.257] STOP to_move 2 nodes_visited 2469
[21:21:47.259] START to_move 1
[21:21:47.275] STOP to_move 1 nodes_visited 296
[21:21:47.275] START to_move 2
[21:21:47.419] STOP to_move 2 nodes_visited 2383
[21:21:47.421] START to_move 1
[21:21:47.437] STOP to_move 1 nodes_visited 291
[21:21:47.437] START to_move 2
[21:21:47.585] STOP to_move 2 nodes_visited 2427
[21:21:47.587] START to_move 1
[21:21:47.625] STOP to_move 1 nodes_visited 672
[21:21:47.626] START to_move 2
[21:21:47.687] STOP to_move 2 nodes_visited 1029
[21:21:47.688] START to_move 1
[21:21:47.722] STOP to_move 1 nodes_visited 607
[21:21:47.723] START to_move 2
[21:21:47.854] STOP to_move 2 nodes_visited 2147
[21:21:47.855] START to_move 1
[21:21:47.875] STOP to_move 1 nodes_visited 348
[21:21:47.875] START to_move 2
[21:21:48.027] STOP to_move 2 nodes_visited 2444
[21:21:48.028] START to_move 1
[21:21:48.047] STOP to_move 1 nodes_visited 345
[21:21:48.047] START to_move 2
[21:21:48.185] STOP to_move 2 nodes_visited 2267
[21:21:48.187] START to_move 1
[21:21:48.206] STOP to_move 1 nodes_visited 348
[21:21:48.206] START to_move 2
[21:21:48.336] STOP to_move 2 nodes_visited 2099
[21:21:48.337] START to_move 1
[21:21:48.357] STOP to_move 1 nodes_visited 351
[21:21:48.357] START to_move 2
[21:21:48.495] STOP to_move 2 nodes_visited 2266
[21:21:48.496] START to_move 1
[21:21:48.515] STOP to_move 1 nodes_visited 342
[21:21:48.515] START to_move 2
[21:21:48.628] STOP to_move 2 nodes_visited 1829
[21:21:48.629] START to_move 1
[21:21:48.648] STOP to_move 1 nodes_visited 341
[21:21:48.649] START to_move 2
[21:21:48.774] STOP to_move 2 nodes_visited 2070
[21:21:48.775] START to_move 1
[21:21:48.792] STOP to_move 1 nodes_visited 300
[21:21:48.792] START to_move 2
[21:21:48.905] STOP to_move 2 nodes_visited 1847
[21:21:48.906] START to_move 1
[21:21:48.922] STOP to_move 1 nodes_visited 287
[21:21:48.922] START to_move 2
[21:21:48.986] STOP to_move 2 nodes_visited 1047
[21:21:48.986] START to_move 1
[21:21:48.996] STOP to_move 1 nodes_visited 182
[21:21:48.996] START to_move 2
[21:21:49.043] STOP to_move 2 nodes_visited 770
[21:21:49.043] START to_move 1
[21:21:49.053] STOP to_move 1 nodes_visited 182
[21:21:49.053] START to_move 2
[21:21:49.102] STOP to_move 2 nodes_visited 770
[21:21:49.102] START to_move 1
[21:21:49.112] STOP to_move 1 nodes_visited 183
[21:21:49.112] START to_move 2
[21:21:49.154] STOP to_move 2 nodes_visited 698
[21:21:49.155] START to_move 1
[21:21:49.165] STOP to_move 1 nodes_visited 186
[21:21:49.165] START to_move 2
[21:21:49.207] STOP to_move 2 nodes_visited 698
[21:21:49.207] START to_move 1
[21:21:49.217] STOP to_move 1 nodes_visited 183
[21:21:49.217] START to_move 2
[21:21:49.259] STOP to_move 2 nodes_visited 698
[21:21:49.260] START to_move 1
[21:21:49.270] STOP to_move 1 nodes_visited 183
[21:21:49.270] START to_move 2
[21:21:49.312] STOP to_move 2 nodes_visited 698
[21:21:49.312] START to_move 1
[21:21:49.322] STOP to_move 1 nodes_visited 179
[21:21:49.322] START to_move 2
[21:21:49.364] STOP to_move 2 nodes_visited 692
[21:21:49.364] START to_move 1
[21:21:49.374] STOP to_move 1 nodes_visited 179
[21:21:49.374] START to_move 2
[21:21:49.416] STOP to_move 2 nodes_visited 692
[21:21:49.417] START to_move 1
[21:21:49.427] STOP to_move 1 nodes_visited 179
[21:21:49.427] START to_move 2
[21:21:49.453] STOP to_move 2 nodes_visited 441
[21:21:49.454] START to_move 1
[21:21:49.463] STOP to_move 1 nodes_visited 177
[21:21:49.464] START to_move 2
[21:21:49.492] STOP to_move 2 nodes_visited 477
[21:21:49.492] START to_move 1
[21:21:49.502] STOP to_move 1 nodes_visited 180
[21:21:49.502] START to_move 2
[21:21:49.531] STOP to_move 2 nodes_visited 475
[21:21:49.531] START to_move 1
[21:21:49.541] STOP to_move 1 nodes_visited 178
[21:21:49.541] START to_move 2
[21:21:49.569] STOP to_move 2 nodes_visited 476
[21:21:49.569] START to_move 1
[21:21:49.579] STOP to_move 1 nodes_visited 178
[21:21:49.579] START to_move 2
[21:21:49.607] STOP to_move 2 nodes_visited 476
[21:21:49.608] START to_move 1
[21:21:49.617] STOP to_move 1 nodes_visited 178
[21:21:49.617] START to_move 2
[21:21:49.646] STOP to_move 2 nodes_visited 476
[21:21:49.646] START to_move 1
[21:21:49.656] STOP to_move 1 nodes_visited 180
[21:21:49.656] START to_move 2
[21:21:49.687] STOP to_move 2 nodes_visited 494
[21:21:49.687] START to_move 1
[21:21:49.697] STOP to_move 1 nodes_visited 180
[21:21:49.697] START to_move 2
[21:21:49.727] STOP to_move 2 nodes_visited 485
[21:21:49.727] START to_move 1
[21:21:49.739] STOP to_move 1 nodes_visited 226
[21:21:49.739] START to_move 2
[21:21:49.764] STOP to_move 2 nodes_visited 416
[21:21:49.764] START to_move 1
[21:21:49.774] STOP to_move 1 nodes_visited 176
[21:21:49.774] START to_move 2
[21:21:49.809] STOP to_move 2 nodes_visited 579
[21:21:49.809] START to_move 1
[21:21:49.819] STOP to_move 1 nodes_visited 182
[21:21:49.820] START to_move 2
[21:21:49.855] STOP to_move 2 nodes_visited 588
[21:21:49.855] START to_move 1
[21:21:49.866] STOP to_move 1 nodes_visited 196
[21:21:49.866] START to_move 2
[21:21:49.881] STOP to_move 2 nodes_visited 238
[21:21:49.881] START to_move 1
[21:21:49.894] STOP to_move 1 nodes_visited 228
[21:21:49.894] START to_move 2
[21:21:49.925] STOP to_move 2 nodes_visited 525
[21:21:49.926] START to_move 1
[21:21:49.940] STOP to_move 1 nodes_visited 261
[21:21:49.941] START to_move 2
[21:21:49.964] STOP to_move 2 nodes_visited 363
[21:21:49.964] START to_move 1
[21:21:49.973] STOP to_move 1 nodes_visited 164
[21:21:49.973] START to_move 2
[21:21:49.993] STOP to_move 2 nodes_visited 325
[21:21:49.993] START to_move 1
[21:21:50.002] STOP to_move 1 nodes_visited 163
[21:21:50.002] START to_move 2
[21:21:50.023] STOP to_move 2 nodes_visited 354
[21:21:50.023] START to_move 1
[21:21:50.045] STOP to_move 1 nodes_visited 326
[21:21:50.045] START to_move 2
[21:21:50.066] STOP to_move 2 nodes_visited 354
[21:21:50.066] START to_move 1
[21:21:50.079] STOP to_move 1 nodes_visited 244
[21:21:50.080] START to_move 2
[21:21:50.104] STOP to_move 2 nodes_visited 407
[21:21:50.104] START to_move 1
[21:21:50.118] STOP to_move 1 nodes_visited 251
[21:21:50.118] START to_move 2
[21:21:50.146] STOP to_move 2 nodes_visited 478
[21:21:50.147] START to_move 1
[21:21:50.160] STOP to_move 1 nodes_visited 247
[21:21:50.160] START to_move 2
[21:21:50.181] STOP to_move 2 nodes_visited 335
[21:21:50.181] START to_move 1
[21:21:50.194] STOP to_move 1 nodes_visited 245
[21:21:50.194] START to_move 2
[21:21:50.214] STOP to_move 2 nodes_visited 329
[21:21:50.214] START to_move 1
[21:21:50.227] STOP to_move 1 nodes_visited 235
[21:21:50.227] START to_move 2
[21:21:50.238] STOP to_move 2 nodes_visited 187
[21:21:50.238] START to_move 1
[21:21:50.251] STOP to_move 1 nodes_visited 236
[21:21:50.252] START to_move 2
[21:21:50.255] STOP to_move 2 nodes_visited 65
[21:21:50.255] START to_move 1
[21:21:50.270] STOP to_move 1 nodes_visited 249
[21:21:50.270] START to_move 2
[21:21:50.288] STOP to_move 2 nodes_visited 291
[21:21:50.288] START to_move 1
[21:21:50.297] STOP to_move 1 nodes_visited 174
[21:21:50.297] START to_move 2
[21:21:50.316] STOP to_move 2 nodes_visited 314
[21:21:50.316] START to_move 1
[21:21:50.329] STOP to_move 1 nodes_visited 236
[21:21:50.329] START to_move 2
[21:21:50.340] STOP to_move 2 nodes_visited 187
[21:21:50.340] START to_move 1
[21:21:50.350] STOP to_move 1 nodes_visited 174
[21:21:50.350] START to_move 2
[21:21:50.370] STOP to_move 2 nodes_visited 336
[21:21:50.370] START to_move 1
[21:21:50.383] STOP to_move 1 nodes_visited 241
[21:21:50.383] START to_move 2
[21:21:50.403] STOP to_move 2 nodes_visited 336
[21:21:50.403] START to_move 1
[21:21:50.413] STOP to_move 1 nodes_visited 169
[21:21:50.413] START to_move 2
[21:21:50.433] STOP to_move 2 nodes_visited 336
[21:21:50.433] START to_move 1
[21:21:50.443] STOP to_move 1 nodes_visited 189
[21:21:50.443] START to_move 2
[21:21:50.465] STOP to_move 2 nodes_visited 369
[21:21:50.465] START to_move 1
[21:21:50.475] STOP to_move 1 nodes_visited 166
[21:21:50.475] START to_move 2
[21:21:50.495] STOP to_move 2 nodes_visited 339
[21:21:50.495] START to_move 1
[21:21:50.505] STOP to_move 1 nodes_visited 177
[21:21:50.505] START to_move 2
[21:21:50.527] STOP to_move 2 nodes_visited 373
[21:21:50.527] START to_move 1
[21:21:50.536] STOP to_move 1 nodes_visited 166
[21:21:50.537] START to_move 2
[21:21:50.557] STOP to_move 2 nodes_visited 341
[21:21:50.557] START to_move 1
[21:21:50.569] STOP to_move 1 nodes_visited 200
[21:21:50.569] START to_move 2
[21:21:50.589] STOP to_move 2 nodes_visited 331
[21:21:50.589] START to_move 1
[21:21:50.598] STOP to_move 1 nodes_visited 167
[21:21:50.598] START to_move 2
[21:21:50.621] STOP to_move 2 nodes_visited 371
[21:21:50.621] START to_move 1
[21:21:50.631] STOP to_move 1 nodes_visited 179
[21:21:50.631] START to_move 2
[21:21:50.652] STOP to_move 2 nodes_visited 355
[21:21:50.653] START to_move 1
[21:21:50.661] STOP to_move 1 nodes_visited 165
[21:21:50.662] START to_move 2
[21:21:50.681] STOP to_move 2 nodes_visited 325
[21:21:50.681] START to_move 1
[21:21:50.691] STOP to_move 1 nodes_visited 181
[21:21:50.692] START to_move 2
[21:21:50.713] STOP to_move 2 nodes_visited 355
[21:21:50.713] START to_move 1
[21:21:50.722] STOP to_move 1 nodes_visited 161
[21:21:50.722] START to_move 2
[21:21:50.742] STOP to_move 2 nodes_visited 325
[21:21:50.742] START to_move 1
[21:21:50.753] STOP to_move 1 nodes_visited 193
[21:21:50.753] START to_move 2
[21:21:50.772] STOP to_move 2 nodes_visited 315
[21:21:50.772] START to_move 1
[21:21:50.781] STOP to_move 1 nodes_visited 162
[21:21:50.781] START to_move 2
[21:21:50.803] STOP to_move 2 nodes_visited 357
[21:21:50.803] START to_move 1
[21:21:50.813] STOP to_move 1 nodes_visited 178
[21:21:50.813] START to_move 2
[21:21:50.836] STOP to_move 2 nodes_visited 377
[21:21:50.836] START to_move 1
[21:21:50.844] STOP to_move 1 nodes_visited 162
[21:21:50.845] START to_move 2
[21:21:50.866] STOP to_move 2 nodes_visited 343
[21:21:50.866] START to_move 1
[21:21:50.877] STOP to_move 1 nodes_visited 197
[21:21:50.877] START to_move 2
[21:21:50.897] STOP to_move 2 nodes_visited 329
[21:21:50.897] START to_move 1
[21:21:50.906] STOP to_move 1 nodes_visited 168
[21:21:50.906] START to_move 2
[21:21:50.920] STOP to_move 2 nodes_visited 237
[21:21:50.921] START to_move 1
[21:21:50.931] STOP to_move 1 nodes_visited 191
[21:21:50.931] START to_move 2
[21:21:50.954] STOP to_move 2 nodes_visited 379
[21:21:50.954] START to_move 1
[21:21:50.963] STOP to_move 1 nodes_visited 170
[21:21:50.963] START to_move 2
[21:21:50.991] STOP to_move 2 nodes_visited 454
[21:21:50.991] START to_move 1
[21:21:51.003] STOP to_move 1 nodes_visited 216
[21:21:51.003] START to_move 2
[21:21:51.028] STOP to_move 2 nodes_visited 412
[21:21:51.028] START to_move 1
[21:21:51.037] STOP to_move 1 nodes_visited 170
[21:21:51.038] START to_move 2
[21:21:51.057] STOP to_move 2 nodes_visited 330
[21:21:51.057] START to_move 1
[21:21:51.068] STOP to_move 1 nodes_visited 201
[21:21:51.068] START to_move 2
[21:21:51.090] STOP to_move 2 nodes_visited 363
[21:21:51.090] START to_move 1
[21:21:51.100] STOP to_move 1 nodes_visited 177
[21:21:51.100] START to_move 2
[21:21:51.128] STOP to_move 2 nodes_visited 465
[21:21:51.128] START to_move 1
[21:21:51.140] STOP to_move 1 nodes_visited 219
[21:21:51.140] START to_move 2
[21:21:51.163] STOP to_move 2 nodes_visited 366
[21:21:51.164] START to_move 1
[21:21:51.173] STOP to_move 1 nodes_visited 171
[21:21:51.174] START to_move 2
[21:21:51.198] STOP to_move 2 nodes_visited 401
[21:21:51.198] START to_move 1
[21:21:51.210] STOP to_move 1 nodes_visited 216
[21:21:51.210] START to_move 2
[21:21:51.232] STOP to_move 2 nodes_visited 361
[21:21:51.232] START to_move 1
[21:21:51.242] STOP to_move 1 nodes_visited 169
[21:21:51.242] START to_move 2
[21:21:51.266] STOP to_move 2 nodes_visited 409
[21:21:51.267] START to_move 1
[21:21:51.279] STOP to_move 1 nodes_visited 225
[21:21:51.279] START to_move 2
[21:21:51.304] STOP to_move 2 nodes_visited 403
[21:21:51.304] START to_move 1
[21:21:51.313] STOP to_move 1 nodes_visited 162
[21:21:51.313] START to_move 2
[21:21:51.338] STOP to_move 2 nodes_visited 403
[21:21:51.338] START to_move 1
[21:21:51.348] STOP to_move 1 nodes_visited 184
[21:21:51.348] START to_move 2
[21:21:51.376] STOP to_move 2 nodes_visited 455
[21:21:51.376] START to_move 1
[21:21:51.385] STOP to_move 1 nodes_visited 162
[21:21:51.386] START to_move 2
[21:21:51.412] STOP to_move 2 nodes_visited 427
[21:21:51.412] START to_move 1
[21:21:51.422] STOP to_move 1 nodes_visited 184
[21:21:51.422] START to_move 2
[21:21:51.455] STOP to_move 2 nodes_visited 500
[21:21:51.455] START to_move 1
[21:21:51.464] STOP to_move 1 nodes_visited 160
[21:21:51.464] START to_move 2
[21:21:51.484] STOP to_move 2 nodes_visited 337
[21:21:51.485] START to_move 1
[21:21:51.495] STOP to_move 1 nodes_visited 180
[21:21:51.495] START to_move 2
[21:21:51.515] STOP to_move 2 nodes_visited 333
[21:21:51.515] START to_move 1
[21:21:51.524] STOP to_move 1 nodes_visited 155
[21:21:51.524] START to_move 2
[21:21:51.550] STOP to_move 2 nodes_visited 422
[21:21:51.550] START to_move 1
[21:21:51.561] STOP to_move 1 nodes_visited 199
[21:21:51.561] START to_move 2
[21:21:51.581] STOP to_move 2 nodes_visited 337
[21:21:51.581] START to_move 1
[21:21:51.590] STOP to_move 1 nodes_visited 155
[21:21:51.590] START to_move 2
[21:21:51.608] STOP to_move 2 nodes_visited 304
[21:21:51.608] START to_move 1
[21:21:51.619] STOP to_move 1 nodes_visited 188
[21:21:51.619] START to_move 2
[21:21:51.635] STOP to_move 2 nodes_visited 281
[21:21:51.636] START to_move 1
[21:21:51.644] STOP to_move 1 nodes_visited 155
[21:21:51.644] START to_move 2
[21:21:51.659] STOP to_move 2 nodes_visited 252
[21:21:51.659] START to_move 1
[21:21:51.669] STOP to_move 1 nodes_visited 166
[21:21:51.669] START to_move 2
[21:21:51.689] STOP to_move 2 nodes_visited 325
[21:21:51.689] START to_move 1
[21:21:51.696] STOP to_move 1 nodes_visited 134
[21:21:51.696] START to_move 2
[21:21:51.716] STOP to_move 2 nodes_visited 321
[21:21:51.716] START to_move 1
[21:21:51.724] STOP to_move 1 nodes_visited 151
[21:21:51.725] START to_move 2
[21:21:51.753] STOP to_move 2 nodes_visited 451
[21:21:51.753] START to_move 1
[21:21:51.760] STOP to_move 1 nodes_visited 128
[21:21:51.761] START to_move 2
[21:21:51.783] STOP to_move 2 nodes_visited 377
[21:21:51.783] START to_move 1
[21:21:51.792] STOP to_move 1 nodes_visited 161
[21:21:51.792] START to_move 2
[21:21:51.818] STOP to_move 2 nodes_visited 436
[21:21:51.818] START to_move 1
[21:21:51.826] STOP to_move 1 nodes_visited 127
[21:21:51.826] START to_move 2
[21:21:51.842] STOP to_move 2 nodes_visited 277
[21:21:51.842] START to_move 1
[21:21:51.850] STOP to_move 1 nodes_visited 144
[21:21:51.851] START to_move 2
[21:21:51.876] STOP to_move 2 nodes_visited 427
[21:21:51.876] START to_move 1
[21:21:51.883] STOP to_move 1 nodes_visited 124
[21:21:51.884] START to_move 2
[21:21:51.906] STOP to_move 2 nodes_visited 377
[21:21:51.906] START to_move 1
[21:21:51.915] STOP to_move 1 nodes_visited 156
[21:21:51.915] START to_move 2
[21:21:51.940] STOP to_move 2 nodes_visited 412
[21:21:51.940] START to_move 1
[21:21:51.947] STOP to_move 1 nodes_visited 127
[21:21:51.947] START to_move 2
[21:21:51.963] STOP to_move 2 nodes_visited 271
[21:21:51.963] START to_move 1
[21:21:51.971] STOP to_move 1 nodes_visited 140
[21:21:51.972] START to_move 2
[21:21:51.991] STOP to_move 2 nodes_visited 333
[21:21:51.992] START to_move 1
[21:21:51.998] STOP to_move 1 nodes_visited 116
[21:21:51.998] START to_move 2
[21:21:52.016] STOP to_move 2 nodes_visited 291
[21:21:52.016] START to_move 1
[21:21:52.024] STOP to_move 1 nodes_visited 141
[21:21:52.024] START to_move 2
[21:21:52.044] STOP to_move 2 nodes_visited 307
[21:21:52.044] START to_move 1
[21:21:52.051] STOP to_move 1 nodes_visited 116
[21:21:52.051] START to_move 2
[21:21:52.068] STOP to_move 2 nodes_visited 276
[21:21:52.068] START to_move 1
[21:21:52.075] STOP to_move 1 nodes_visited 132
[21:21:52.075] START to_move 2
[21:21:52.101] STOP to_move 2 nodes_visited 411
[21:21:52.101] START to_move 1
[21:21:52.108] STOP to_move 1 nodes_visited 117
[21:21:52.108] START to_move 2
[21:21:52.124] STOP to_move 2 nodes_visited 263
[21:21:52.124] START to_move 1
[21:21:52.131] STOP to_move 1 nodes_visited 127
[21:21:52.131] START to_move 2
[21:21:52.149] STOP to_move 2 nodes_visited 293
[21:21:52.149] START to_move 1
[21:21:52.155] STOP to_move 1 nodes_visited 113
[21:21:52.155] START to_move 2
[21:21:52.171] STOP to_move 2 nodes_visited 263
[21:21:52.171] START to_move 1
[21:21:52.180] STOP to_move 1 nodes_visited 160
[21:21:52.180] START to_move 2
[21:21:52.198] STOP to_move 2 nodes_visited 293
[21:21:52.198] START to_move 1
[21:21:52.204] STOP to_move 1 nodes_visited 114
[21:21:52.204] START to_move 2
[21:21:52.219] STOP to_move 2 nodes_visited 242
[21:21:52.219] START to_move 1
[21:21:52.226] STOP to_move 1 nodes_visited 124
[21:21:52.226] START to_move 2
[21:21:52.243] STOP to_move 2 nodes_visited 271
[21:21:52.243] START to_move 1
[21:21:52.249] STOP to_move 1 nodes_visited 109
[21:21:52.249] START to_move 2
[21:21:52.260] STOP to_move 2 nodes_visited 198
[21:21:52.261] START to_move 1
[21:21:52.267] STOP to_move 1 nodes_visited 112
[21:21:52.267] START to_move 2
[21:21:52.280] STOP to_move 2 nodes_visited 217
[21:21:52.280] START to_move 1
[21:21:52.285] STOP to_move 1 nodes_visited 94
[21:21:52.285] START to_move 2
[21:21:52.294] STOP to_move 2 nodes_visited 148
[21:21:52.294] START to_move 1
[21:21:52.302] STOP to_move 1 nodes_visited 133
[21:21:52.302] START to_move 2
[21:21:52.312] STOP to_move 2 nodes_visited 175
[21:21:52.312] START to_move 1
[21:21:52.317] STOP to_move 1 nodes_visited 102
[21:21:52.318] START to_move 2
[21:21:52.328] STOP to_move 2 nodes_visited 175
[21:21:52.328] START to_move 1
[21:21:52.335] STOP to_move 1 nodes_visited 114
[21:21:52.335] START to_move 2
[21:21:52.346] STOP to_move 2 nodes_visited 189
[21:21:52.346] START to_move 1
[21:21:52.351] STOP to_move 1 nodes_visited 98
[21:21:52.351] START to_move 2
[21:21:52.362] STOP to_move 2 nodes_visited 154
[21:21:52.362] START to_move 1
[21:21:52.367] STOP to_move 1 nodes_visited 102
[21:21:52.368] START to_move 2
[21:21:52.381] STOP to_move 2 nodes_visited 227
[21:21:52.381] START to_move 1
[21:21:52.386] STOP to_move 1 nodes_visited 87
[21:21:52.386] START to_move 2
[21:21:52.391] STOP to_move 2 nodes_visited 91
[21:21:52.392] START to_move 1
[21:21:52.397] STOP to_move 1 nodes_visited 93
[21:21:52.397] START to_move 2
[21:21:52.403] STOP to_move 2 nodes_visited 109
[21:21:52.403] START to_move 1
[21:21:52.408] STOP to_move 1 nodes_visited 83
[21:21:52.408] START to_move 2
[21:21:52.413] STOP to_move 2 nodes_visited 91
[21:21:52.414] START to_move 1
[21:21:52.420] STOP to_move 1 nodes_visited 117
[21:21:52.420] START to_move 2
[21:21:52.435] STOP to_move 2 nodes_visited 251
[21:21:52.436] START to_move 1
[21:21:52.440] STOP to_move 1 nodes_visited 87
[21:21:52.441] START to_move 2
[21:21:52.452] STOP to_move 2 nodes_visited 183
[21:21:52.452] START to_move 1
[21:21:52.457] STOP to_move 1 nodes_visited 98
[21:21:52.457] START to_move 2
[21:21:52.474] STOP to_move 2 nodes_visited 277
[21:21:52.475] START to_move 1
[21:21:52.479] STOP to_move 1 nodes_visited 79
[21:21:52.479] START to_move 2
[21:21:52.493] STOP to_move 2 nodes_visited 235
[21:21:52.494] START to_move 1
[21:21:52.499] STOP to_move 1 nodes_visited 89
[21:21:52.499] START to_move 2
[21:21:52.509] STOP to_move 2 nodes_visited 167
[21:21:52.509] START to_move 1
[21:21:52.512] STOP to_move 1 nodes_visited 59
[21:21:52.512] START to_move 2
[21:21:52.524] STOP to_move 2 nodes_visited 186
[21:21:52.524] START to_move 1
[21:21:52.528] STOP to_move 1 nodes_visited 68
[21:21:52.528] START to_move 2
[21:21:52.540] STOP to_move 2 nodes_visited 203
[21:21:52.540] START to_move 1
[21:21:52.543] STOP to_move 1 nodes_visited 56
[21:21:52.544] START to_move 2
[21:21:52.548] STOP to_move 2 nodes_visited 78
[21:21:52.548] START to_move 1
[21:21:52.552] STOP to_move 1 nodes_visited 61
[21:21:52.552] START to_move 2
[21:21:52.556] STOP to_move 2 nodes_visited 81
[21:21:52.557] START to_move 1
[21:21:52.560] STOP to_move 1 nodes_visited 55
[21:21:52.560] START to_move 2
[21:21:52.564] STOP to_move 2 nodes_visited 68
[21:21:52.564] START to_move 1
[21:21:52.567] STOP to_move 1 nodes_visited 45
[21:21:52.567] START to_move 2
[21:21:52.571] STOP to_move 2 nodes_visited 75
[21:21:52.571] START to_move 1
[21:21:52.574] STOP to_move 1 nodes_visited 46
[21:21:52.574] START to_move 2
[21:21:52.579] STOP to_move 2 nodes_visited 70
[21:21:52.579] START to_move 1
[21:21:52.582] STOP to_move 1 nodes_visited 60
[21:21:52.582] START to_move 2
[21:21:52.587] STOP to_move 2 nodes_visited 77
[21:21:52.587] START to_move 1
[21:21:52.590] STOP to_move 1 nodes_visited 55
[21:21:52.590] START to_move 2
[21:21:52.593] STOP to_move 2 nodes_visited 54
[21:21:52.593] START to_move 1
[21:21:52.597] STOP to_move 1 nodes_visited 60
[21:21:52.597] START to_move 2
[21:21:52.601] STOP to_move 2 nodes_visited 77
[21:21:52.601] START to_move 1
[21:21:52.604] STOP to_move 1 nodes_visited 44
[21:21:52.604] START to_move 2
[21:21:52.608] STOP to_move 2 nodes_visited 69
[21:21:52.608] START to_move 1
[21:21:52.611] STOP to_move 1 nodes_visited 60
[21:21:52.611] START to_move 2
[21:21:52.615] STOP to_move 2 nodes_visited 55
[21:21:52.615] START to_move 1
[21:21:52.617] STOP to_move 1 nodes_visited 47
[21:21:52.618] START to_move 2
[21:21:52.620] STOP to_move 2 nodes_visited 40
[21:21:52.620] START to_move 1
[21:21:52.622] STOP to_move 1 nodes_visited 34
[21:21:52.622] START to_move 2
[21:21:52.625] STOP to_move 2 nodes_visited 55
[21:21:52.625] START to_move 1
[21:21:52.627] STOP to_move 1 nodes_visited 29
[21:21:52.627] START to_move 2
[21:21:52.630] STOP to_move 2 nodes_visited 47
[21:21:52.630] START to_move 1
[21:21:52.632] STOP to_move 1 nodes_visited 34
[21:21:52.632] START to_move 2
[21:21:52.635] STOP to_move 2 nodes_visited 59
[21:21:52.635] START to_move 1
[21:21:52.637] STOP to_move 1 nodes_visited 35
[21:21:52.637] START to_move 2
[21:21:52.641] STOP to_move 2 nodes_visited 65
[21:21:52.641] START to_move 1
[21:21:52.643] STOP to_move 1 nodes_visited 37
[21:21:52.643] START to_move 2
[21:21:52.647] STOP to_move 2 nodes_visited 61
[21:21:52.647] START to_move 1
[21:21:52.649] STOP to_move 1 nodes_visited 38
[21:21:52.649] START to_move 2
[21:21:52.653] STOP to_move 2 nodes_visited 63
[21:21:52.653] START to_move 1
[21:21:52.654] STOP to_move 1 nodes_visited 32
[21:21:52.654] START to_move 2
[21:21:52.658] STOP to_move 2 nodes_visited 57
[21:21:52.658] START to_move 1
[21:21:52.660] STOP to_move 1 nodes_visited 30
[21:21:52.660] START to_move 2
[21:21:52.662] STOP to_move 2 nodes_visited 44
[21:21:52.662] START to_move 1
[21:21:52.664] STOP to_move 1 nodes_visited 34
[21:21:52.664] START to_move 2
[21:21:52.669] STOP to_move 2 nodes_visited 71
[21:21:52.669] START to_move 1
[21:21:52.671] STOP to_move 1 nodes_visited 41
[21:21:52.671] START to_move 2
[21:21:52.673] STOP to_move 2 nodes_visited 34
[21:21:52.673] START to_move 1
[21:21:52.676] STOP to_move 1 nodes_visited 44
[21:21:52.676] START to_move 2
[21:21:52.679] STOP to_move 2 nodes_visited 67
[21:21:52.680] START to_move 1
[21:21:52.682] STOP to_move 1 nodes_visited 45
[21:21:52.682] START to_move 2
[21:21:52.686] STOP to_move 2 nodes_visited 58
[21:21:52.686] START to_move 1
[21:21:52.688] STOP to_move 1 nodes_visited 41
[21:21:52.688] START to_move 2
[21:21:52.691] STOP to_move 2 nodes_visited 51
[21:21:52.691] START to_move 1
[21:21:52.693] STOP to_move 1 nodes_visited 38
[21:21:52.693] START to_move 2
[21:21:52.696] STOP to_move 2 nodes_visited 44
[21:21:52.696] START to_move 1
[21:21:52.698] STOP to_move 1 nodes_visited 40
[21:21:52.698] START to_move 2
[21:21:52.700] STOP to_move 2 nodes_visited 29
[21:21:52.700] START to_move 1
[21:21:52.701] STOP to_move 1 nodes_visited 23
[21:21:52.701] START to_move 2
[21:21:52.704] STOP to_move 2 nodes_visited 36
[21:21:52.704] START to_move 1
[21:21:52.705] STOP to_move 1 nodes_visited 29
[21:21:52.705] START to_move 2
[21:21:52.707] STOP to_move 2 nodes_visited 23
[21:21:52.707] START to_move 1
[21:21:52.707] STOP to_move 1 nodes_visited 13
[21:21:52.707] START to_move 2
[21:21:52.709] STOP to_move 2 nodes_visited 33
[21:21:52.709] START to_move 1
[21:21:52.710] STOP to_move 1 nodes_visited 19
[21:21:52.710] START to_move 2
[21:21:52.713] STOP to_move 2 nodes_visited 39
[21:21:52.713] START to_move 1
[21:21:52.714] STOP to_move 1 nodes_visited 23
[21:21:52.714] START to_move 2
[21:21:52.715] STOP to_move 2 nodes_visited 15
[21:21:52.715] START to_move 1
[21:21:52.716] STOP to_move 1 nodes_visited 13
[21:21:52.716] START to_move 2
[21:21:52.717] STOP to_move 2 nodes_visited 25
[21:21:52.717] START to_move 1
[21:21:52.718] STOP to_move 1 nodes_visited 20
[21:21:52.719] START to_move 2
[21:21:52.719] STOP to_move 2 nodes_visited 13
[21:21:52.719] START to_move 1
[21:21:52.720] STOP to_move 1 nodes_visited 17
[21:21:52.720] START to_move 2
[21:21:52.723] STOP to_move 2 nodes_visited 50
[21:21:52.724] START to_move 1
[21:21:52.725] STOP to_move 1 nodes_visited 20
[21:21:52.725] START to_move 2
[21:21:52.726] STOP to_move 2 nodes_visited 24
[21:21:52.726] START to_move 1
[21:21:52.728] STOP to_move 1 nodes_visited 24
[21:21:52.728] START to_move 2
[21:21:52.731] STOP to_move 2 nodes_visited 57
[21:21:52.731] START to_move 1
[21:21:52.732] STOP to_move 1 nodes_visited 20
[21:21:52.732] START to_move 2
[21:21:52.735] STOP to_move 2 nodes_visited 43
[21:21:52.735] START to_move 1
[21:21:52.736] STOP to_move 1 nodes_visited 20
[21:21:52.736] END winner 1 - rounds 423
