[23:22:48.201] 1 - distance_function manhattan - pruning True
[23:22:48.201] 2 - distance_function euclides - pruning True
[23:22:48.201] START to_move 1
[23:22:48.441] STOP to_move 1 nodes_visited 3853
[23:22:48.443] START to_move 2
[23:22:48.833] STOP to_move 2 nodes_visited 6179
[23:22:48.838] START to_move 1
[23:22:49.143] STOP to_move 1 nodes_visited 4992
[23:22:49.146] START to_move 2
[23:22:49.248] STOP to_move 2 nodes_visited 1647
[23:22:49.249] START to_move 1
[23:22:49.413] STOP to_move 1 nodes_visited 2848
[23:22:49.414] START to_move 2
[23:22:49.506] STOP to_move 2 nodes_visited 1495
[23:22:49.507] START to_move 1
[23:22:49.730] STOP to_move 1 nodes_visited 3690
[23:22:49.732] START to_move 2
[23:22:49.855] STOP to_move 2 nodes_visited 2041
[23:22:49.856] START to_move 1
[23:22:49.873] STOP to_move 1 nodes_visited 319
[23:22:49.873] START to_move 2
[23:22:49.991] STOP to_move 2 nodes_visited 1935
[23:22:49.992] START to_move 1
[23:22:50.009] STOP to_move 1 nodes_visited 319
[23:22:50.010] START to_move 2
[23:22:50.125] STOP to_move 2 nodes_visited 1922
[23:22:50.126] START to_move 1
[23:22:50.211] STOP to_move 1 nodes_visited 1454
[23:22:50.212] START to_move 2
[23:22:50.416] STOP to_move 2 nodes_visited 3332
[23:22:50.418] START to_move 1
[23:22:50.498] STOP to_move 1 nodes_visited 1337
[23:22:50.498] START to_move 2
[23:22:50.846] STOP to_move 2 nodes_visited 5508
[23:22:50.849] START to_move 1
[23:22:50.943] STOP to_move 1 nodes_visited 1604
[23:22:50.944] START to_move 2
[23:22:51.058] STOP to_move 2 nodes_visited 1864
[23:22:51.059] START to_move 1
[23:22:51.075] STOP to_move 1 nodes_visited 308
[23:22:51.075] START to_move 2
[23:22:51.224] STOP to_move 2 nodes_visited 2480
[23:22:51.225] START to_move 1
[23:22:51.242] STOP to_move 1 nodes_visited 307
[23:22:51.242] START to_move 2
[23:22:51.550] STOP to_move 2 nodes_visited 4865
[23:22:51.553] START to_move 1
[23:22:51.570] STOP to_move 1 nodes_visited 314
[23:22:51.570] START to_move 2
[23:22:51.678] STOP to_move 2 nodes_visited 1798
[23:22:51.679] START to_move 1
[23:22:51.706] STOP to_move 1 nodes_visited 480
[23:22:51.706] START to_move 2
[23:22:51.868] STOP to_move 2 nodes_visited 2647
[23:22:51.869] START to_move 1
[23:22:51.896] STOP to_move 1 nodes_visited 485
[23:22:51.897] START to_move 2
[23:22:52.060] STOP to_move 2 nodes_visited 2647
[23:22:52.061] START to_move 1
[23:22:52.088] STOP to_move 1 nodes_visited 478
[23:22:52.088] START to_move 2
[23:22:52.255] STOP to_move 2 nodes_visited 2767
[23:22:52.257] START to_move 1
[23:22:52.372] STOP to_move 1 nodes_visited 1963
[23:22:52.373] START to_move 2
[23:22:52.466] STOP to_move 2 nodes_visited 1548
[23:22:52.466] START to_move 1
[23:22:52.556] STOP to_move 1 nodes_visited 1511
[23:22:52.556] START to_move 2
[23:22:52.646] STOP to_move 2 nodes_visited 1494
[23:22:52.647] START to_move 1
[23:22:52.731] STOP to_move 1 nodes_visited 1470
[23:22:52.731] START to_move 2
[23:22:52.888] STOP to_move 2 nodes_visited 2567
[23:22:52.890] START to_move 1
[23:22:52.972] STOP to_move 1 nodes_visited 1432
[23:22:52.973] START to_move 2
[23:22:53.096] STOP to_move 2 nodes_visited 2009
[23:22:53.098] START to_move 1
[23:22:53.240] STOP to_move 1 nodes_visited 2435
[23:22:53.241] START to_move 2
[23:22:53.357] STOP to_move 2 nodes_visited 1880
[23:22:53.358] START to_move 1
[23:22:53.441] STOP to_move 1 nodes_visited 1454
[23:22:53.442] START to_move 2
[23:22:53.559] STOP to_move 2 nodes_visited 1945
[23:22:53.560] START to_move 1
[23:22:53.646] STOP to_move 1 nodes_visited 1479
[23:22:53.647] START to_move 2
[23:22:53.741] STOP to_move 2 nodes_visited 1571
[23:22:53.741] START to_move 1
[23:22:53.841] STOP to_move 1 nodes_visited 1680
[23:22:53.842] START to_move 2
[23:22:53.981] STOP to_move 2 nodes_visited 2253
[23:22:53.982] START to_move 1
[23:22:54.198] STOP to_move 1 nodes_visited 3626
[23:22:54.200] START to_move 2
[23:22:54.538] STOP to_move 2 nodes_visited 5384
[23:22:54.541] START to_move 1
[23:22:54.759] STOP to_move 1 nodes_visited 3683
[23:22:54.761] START to_move 2
[23:22:54.924] STOP to_move 2 nodes_visited 2591
[23:22:54.925] START to_move 1
[23:22:55.144] STOP to_move 1 nodes_visited 3651
[23:22:55.146] START to_move 2
[23:22:55.304] STOP to_move 2 nodes_visited 2585
[23:22:55.306] START to_move 1
[23:22:55.506] STOP to_move 1 nodes_visited 3371
[23:22:55.507] START to_move 2
[23:22:55.697] STOP to_move 2 nodes_visited 3026
[23:22:55.699] START to_move 1
[23:22:55.937] STOP to_move 1 nodes_visited 3874
[23:22:55.939] START to_move 2
[23:22:56.084] STOP to_move 2 nodes_visited 2393
[23:22:56.086] START to_move 1
[23:22:56.254] STOP to_move 1 nodes_visited 2846
[23:22:56.255] START to_move 2
[23:22:56.390] STOP to_move 2 nodes_visited 2201
[23:22:56.391] START to_move 1
[23:22:56.504] STOP to_move 1 nodes_visited 1931
[23:22:56.505] START to_move 2
[23:22:56.644] STOP to_move 2 nodes_visited 2288
[23:22:56.645] START to_move 1
[23:22:56.669] STOP to_move 1 nodes_visited 402
[23:22:56.669] START to_move 2
[23:22:56.850] STOP to_move 2 nodes_visited 2973
[23:22:56.852] START to_move 1
[23:22:56.870] STOP to_move 1 nodes_visited 330
[23:22:56.871] START to_move 2
[23:22:57.049] STOP to_move 2 nodes_visited 2882
[23:22:57.050] START to_move 1
[23:22:57.069] STOP to_move 1 nodes_visited 333
[23:22:57.069] START to_move 2
[23:22:57.325] STOP to_move 2 nodes_visited 4088
[23:22:57.327] START to_move 1
[23:22:57.346] STOP to_move 1 nodes_visited 333
[23:22:57.346] START to_move 2
[23:22:57.592] STOP to_move 2 nodes_visited 3933
[23:22:57.595] START to_move 1
[23:22:57.614] STOP to_move 1 nodes_visited 344
[23:22:57.614] START to_move 2
[23:22:57.859] STOP to_move 2 nodes_visited 3989
[23:22:57.861] START to_move 1
[23:22:57.881] STOP to_move 1 nodes_visited 348
[23:22:57.881] START to_move 2
[23:22:58.126] STOP to_move 2 nodes_visited 3994
[23:22:58.129] START to_move 1
[23:22:58.148] STOP to_move 1 nodes_visited 346
[23:22:58.148] START to_move 2
[23:22:58.388] STOP to_move 2 nodes_visited 3898
[23:22:58.390] START to_move 1
[23:22:58.409] STOP to_move 1 nodes_visited 346
[23:22:58.409] START to_move 2
[23:22:58.649] STOP to_move 2 nodes_visited 3898
[23:22:58.651] START to_move 1
[23:22:58.670] STOP to_move 1 nodes_visited 346
[23:22:58.670] START to_move 2
[23:22:58.941] STOP to_move 2 nodes_visited 4399
[23:22:58.943] START to_move 1
[23:22:58.963] STOP to_move 1 nodes_visited 344
[23:22:58.963] START to_move 2
[23:22:59.234] STOP to_move 2 nodes_visited 4440
[23:22:59.237] START to_move 1
[23:22:59.428] STOP to_move 1 nodes_visited 3285
[23:22:59.430] START to_move 2
[23:22:59.689] STOP to_move 2 nodes_visited 4213
[23:22:59.692] START to_move 1
[23:22:59.845] STOP to_move 1 nodes_visited 2613
[23:22:59.846] START to_move 2
[23:23:00.116] STOP to_move 2 nodes_visited 4344
[23:23:00.119] START to_move 1
[23:23:00.138] STOP to_move 1 nodes_visited 342
[23:23:00.138] START to_move 2
[23:23:00.329] STOP to_move 2 nodes_visited 3067
[23:23:00.330] START to_move 1
[23:23:00.388] STOP to_move 1 nodes_visited 1013
[23:23:00.389] START to_move 2
[23:23:00.665] STOP to_move 2 nodes_visited 4344
[23:23:00.667] START to_move 1
[23:23:00.725] STOP to_move 1 nodes_visited 1014
[23:23:00.725] START to_move 2
[23:23:00.871] STOP to_move 2 nodes_visited 2368
[23:23:00.873] START to_move 1
[23:23:00.931] STOP to_move 1 nodes_visited 1019
[23:23:00.931] START to_move 2
[23:23:00.996] STOP to_move 2 nodes_visited 1086
[23:23:00.997] START to_move 1
[23:23:01.016] STOP to_move 1 nodes_visited 345
[23:23:01.016] START to_move 2
[23:23:01.142] STOP to_move 2 nodes_visited 2052
[23:23:01.143] START to_move 1
[23:23:01.162] STOP to_move 1 nodes_visited 337
[23:23:01.162] START to_move 2
[23:23:01.274] STOP to_move 2 nodes_visited 1846
[23:23:01.275] START to_move 1
[23:23:01.293] STOP to_move 1 nodes_visited 339
[23:23:01.294] START to_move 2
[23:23:01.335] STOP to_move 2 nodes_visited 685
[23:23:01.335] START to_move 1
[23:23:01.355] STOP to_move 1 nodes_visited 335
[23:23:01.355] START to_move 2
[23:23:01.417] STOP to_move 2 nodes_visited 1008
[23:23:01.417] START to_move 1
[23:23:01.435] STOP to_move 1 nodes_visited 335
[23:23:01.436] START to_move 2
[23:23:01.545] STOP to_move 2 nodes_visited 1783
[23:23:01.546] START to_move 1
[23:23:01.568] STOP to_move 1 nodes_visited 399
[23:23:01.568] START to_move 2
[23:23:01.671] STOP to_move 2 nodes_visited 1670
[23:23:01.672] START to_move 1
[23:23:01.690] STOP to_move 1 nodes_visited 332
[23:23:01.690] START to_move 2
[23:23:01.790] STOP to_move 2 nodes_visited 1664
[23:23:01.791] START to_move 1
[23:23:01.809] STOP to_move 1 nodes_visited 328
[23:23:01.810] START to_move 2
[23:23:01.912] STOP to_move 2 nodes_visited 1665
[23:23:01.913] START to_move 1
[23:23:01.931] STOP to_move 1 nodes_visited 319
[23:23:01.931] START to_move 2
[23:23:02.031] STOP to_move 2 nodes_visited 1660
[23:23:02.032] START to_move 1
[23:23:02.049] STOP to_move 1 nodes_visited 321
[23:23:02.050] START to_move 2
[23:23:02.153] STOP to_move 2 nodes_visited 1660
[23:23:02.154] START to_move 1
[23:23:02.172] STOP to_move 1 nodes_visited 326
[23:23:02.172] START to_move 2
[23:23:02.271] STOP to_move 2 nodes_visited 1652
[23:23:02.272] START to_move 1
[23:23:02.365] STOP to_move 1 nodes_visited 1548
[23:23:02.366] START to_move 2
[23:23:02.446] STOP to_move 2 nodes_visited 1286
[23:23:02.447] START to_move 1
[23:23:02.465] STOP to_move 1 nodes_visited 321
[23:23:02.465] START to_move 2
[23:23:02.576] STOP to_move 2 nodes_visited 1824
[23:23:02.577] START to_move 1
[23:23:02.672] STOP to_move 1 nodes_visited 1658
[23:23:02.673] START to_move 2
[23:23:02.773] STOP to_move 2 nodes_visited 1625
[23:23:02.774] START to_move 1
[23:23:02.869] STOP to_move 1 nodes_visited 1652
[23:23:02.870] START to_move 2
[23:23:03.071] STOP to_move 2 nodes_visited 3245
[23:23:03.073] START to_move 1
[23:23:03.185] STOP to_move 1 nodes_visited 1926
[23:23:03.186] START to_move 2
[23:23:03.277] STOP to_move 2 nodes_visited 1487
[23:23:03.278] START to_move 1
[23:23:03.356] STOP to_move 1 nodes_visited 1362
[23:23:03.357] START to_move 2
[23:23:03.436] STOP to_move 2 nodes_visited 1312
[23:23:03.436] START to_move 1
[23:23:03.455] STOP to_move 1 nodes_visited 316
[23:23:03.456] START to_move 2
[23:23:03.555] STOP to_move 2 nodes_visited 1637
[23:23:03.555] START to_move 1
[23:23:03.573] STOP to_move 1 nodes_visited 315
[23:23:03.573] START to_move 2
[23:23:03.672] STOP to_move 2 nodes_visited 1640
[23:23:03.673] START to_move 1
[23:23:03.691] STOP to_move 1 nodes_visited 323
[23:23:03.691] START to_move 2
[23:23:03.788] STOP to_move 2 nodes_visited 1571
[23:23:03.789] START to_move 1
[23:23:03.806] STOP to_move 1 nodes_visited 323
[23:23:03.807] START to_move 2
[23:23:03.901] STOP to_move 2 nodes_visited 1577
[23:23:03.902] START to_move 1
[23:23:03.920] STOP to_move 1 nodes_visited 326
[23:23:03.920] START to_move 2
[23:23:04.015] STOP to_move 2 nodes_visited 1539
[23:23:04.016] START to_move 1
[23:23:04.034] STOP to_move 1 nodes_visited 324
[23:23:04.034] START to_move 2
[23:23:04.127] STOP to_move 2 nodes_visited 1541
[23:23:04.128] START to_move 1
[23:23:04.146] STOP to_move 1 nodes_visited 327
[23:23:04.146] START to_move 2
[23:23:04.228] STOP to_move 2 nodes_visited 1369
[23:23:04.229] START to_move 1
[23:23:04.249] STOP to_move 1 nodes_visited 327
[23:23:04.249] START to_move 2
[23:23:04.328] STOP to_move 2 nodes_visited 1317
[23:23:04.328] START to_move 1
[23:23:04.347] STOP to_move 1 nodes_visited 336
[23:23:04.347] START to_move 2
[23:23:04.442] STOP to_move 2 nodes_visited 1576
[23:23:04.443] START to_move 1
[23:23:04.460] STOP to_move 1 nodes_visited 321
[23:23:04.461] START to_move 2
[23:23:04.552] STOP to_move 2 nodes_visited 1487
[23:23:04.553] START to_move 1
[23:23:04.570] STOP to_move 1 nodes_visited 316
[23:23:04.570] START to_move 2
[23:23:04.669] STOP to_move 2 nodes_visited 1625
[23:23:04.670] START to_move 1
[23:23:04.687] STOP to_move 1 nodes_visited 316
[23:23:04.688] START to_move 2
[23:23:04.788] STOP to_move 2 nodes_visited 1626
[23:23:04.789] START to_move 1
[23:23:04.806] STOP to_move 1 nodes_visited 316
[23:23:04.807] START to_move 2
[23:23:04.905] STOP to_move 2 nodes_visited 1630
[23:23:04.906] START to_move 1
[23:23:04.924] STOP to_move 1 nodes_visited 330
[23:23:04.924] START to_move 2
[23:23:05.026] STOP to_move 2 nodes_visited 1680
[23:23:05.027] START to_move 1
[23:23:05.044] STOP to_move 1 nodes_visited 317
[23:23:05.044] START to_move 2
[23:23:05.081] STOP to_move 2 nodes_visited 590
[23:23:05.081] START to_move 1
[23:23:05.098] STOP to_move 1 nodes_visited 317
[23:23:05.099] START to_move 2
[23:23:05.133] STOP to_move 2 nodes_visited 571
[23:23:05.133] START to_move 1
[23:23:05.150] STOP to_move 1 nodes_visited 310
[23:23:05.151] START to_move 2
[23:23:05.309] STOP to_move 2 nodes_visited 2636
[23:23:05.311] START to_move 1
[23:23:05.329] STOP to_move 1 nodes_visited 303
[23:23:05.329] START to_move 2
[23:23:05.396] STOP to_move 2 nodes_visited 1099
[23:23:05.396] START to_move 1
[23:23:05.413] STOP to_move 1 nodes_visited 292
[23:23:05.413] START to_move 2
[23:23:05.467] STOP to_move 2 nodes_visited 895
[23:23:05.468] START to_move 1
[23:23:05.483] STOP to_move 1 nodes_visited 285
[23:23:05.484] START to_move 2
[23:23:05.558] STOP to_move 2 nodes_visited 1226
[23:23:05.558] START to_move 1
[23:23:05.574] STOP to_move 1 nodes_visited 290
[23:23:05.575] START to_move 2
[23:23:05.643] STOP to_move 2 nodes_visited 1098
[23:23:05.643] START to_move 1
[23:23:05.662] STOP to_move 1 nodes_visited 333
[23:23:05.663] START to_move 2
[23:23:05.722] STOP to_move 2 nodes_visited 983
[23:23:05.722] START to_move 1
[23:23:05.741] STOP to_move 1 nodes_visited 332
[23:23:05.741] START to_move 2
[23:23:05.803] STOP to_move 2 nodes_visited 1028
[23:23:05.804] START to_move 1
[23:23:05.822] STOP to_move 1 nodes_visited 330
[23:23:05.823] START to_move 2
[23:23:05.892] STOP to_move 2 nodes_visited 1114
[23:23:05.893] START to_move 1
[23:23:05.911] STOP to_move 1 nodes_visited 334
[23:23:05.912] START to_move 2
[23:23:05.975] STOP to_move 2 nodes_visited 1057
[23:23:05.976] START to_move 1
[23:23:05.995] STOP to_move 1 nodes_visited 351
[23:23:05.995] START to_move 2
[23:23:06.053] STOP to_move 2 nodes_visited 949
[23:23:06.053] START to_move 1
[23:23:06.070] STOP to_move 1 nodes_visited 313
[23:23:06.071] START to_move 2
[23:23:06.141] STOP to_move 2 nodes_visited 1086
[23:23:06.141] START to_move 1
[23:23:06.158] STOP to_move 1 nodes_visited 296
[23:23:06.158] START to_move 2
[23:23:06.212] STOP to_move 2 nodes_visited 884
[23:23:06.212] START to_move 1
[23:23:06.230] STOP to_move 1 nodes_visited 315
[23:23:06.230] START to_move 2
[23:23:06.300] STOP to_move 2 nodes_visited 1131
[23:23:06.300] START to_move 1
[23:23:06.319] STOP to_move 1 nodes_visited 329
[23:23:06.319] START to_move 2
[23:23:06.375] STOP to_move 2 nodes_visited 926
[23:23:06.375] START to_move 1
[23:23:06.394] STOP to_move 1 nodes_visited 329
[23:23:06.394] START to_move 2
[23:23:06.449] STOP to_move 2 nodes_visited 879
[23:23:06.449] START to_move 1
[23:23:06.486] STOP to_move 1 nodes_visited 648
[23:23:06.486] START to_move 2
[23:23:06.526] STOP to_move 2 nodes_visited 651
[23:23:06.526] START to_move 1
[23:23:06.545] STOP to_move 1 nodes_visited 344
[23:23:06.545] START to_move 2
[23:23:06.600] STOP to_move 2 nodes_visited 897
[23:23:06.600] START to_move 1
[23:23:06.620] STOP to_move 1 nodes_visited 356
[23:23:06.620] START to_move 2
[23:23:06.679] STOP to_move 2 nodes_visited 971
[23:23:06.680] START to_move 1
[23:23:06.691] STOP to_move 1 nodes_visited 203
[23:23:06.691] START to_move 2
[23:23:06.738] STOP to_move 2 nodes_visited 767
[23:23:06.739] START to_move 1
[23:23:06.750] STOP to_move 1 nodes_visited 205
[23:23:06.750] START to_move 2
[23:23:06.797] STOP to_move 2 nodes_visited 771
[23:23:06.797] START to_move 1
[23:23:06.808] STOP to_move 1 nodes_visited 211
[23:23:06.809] START to_move 2
[23:23:06.855] STOP to_move 2 nodes_visited 771
[23:23:06.855] START to_move 1
[23:23:06.866] STOP to_move 1 nodes_visited 208
[23:23:06.867] START to_move 2
[23:23:06.905] STOP to_move 2 nodes_visited 633
[23:23:06.905] START to_move 1
[23:23:06.916] STOP to_move 1 nodes_visited 209
[23:23:06.916] START to_move 2
[23:23:06.954] STOP to_move 2 nodes_visited 633
[23:23:06.955] START to_move 1
[23:23:06.966] STOP to_move 1 nodes_visited 209
[23:23:06.966] START to_move 2
[23:23:07.010] STOP to_move 2 nodes_visited 698
[23:23:07.010] START to_move 1
[23:23:07.021] STOP to_move 1 nodes_visited 206
[23:23:07.021] START to_move 2
[23:23:07.061] STOP to_move 2 nodes_visited 664
[23:23:07.062] START to_move 1
[23:23:07.072] STOP to_move 1 nodes_visited 194
[23:23:07.072] START to_move 2
[23:23:07.102] STOP to_move 2 nodes_visited 483
[23:23:07.102] START to_move 1
[23:23:07.113] STOP to_move 1 nodes_visited 211
[23:23:07.114] START to_move 2
[23:23:07.143] STOP to_move 2 nodes_visited 494
[23:23:07.144] START to_move 1
[23:23:07.154] STOP to_move 1 nodes_visited 194
[23:23:07.154] START to_move 2
[23:23:07.186] STOP to_move 2 nodes_visited 530
[23:23:07.186] START to_move 1
[23:23:07.198] STOP to_move 1 nodes_visited 208
[23:23:07.198] START to_move 2
[23:23:07.232] STOP to_move 2 nodes_visited 560
[23:23:07.232] START to_move 1
[23:23:07.242] STOP to_move 1 nodes_visited 201
[23:23:07.243] START to_move 2
[23:23:07.274] STOP to_move 2 nodes_visited 533
[23:23:07.274] START to_move 1
[23:23:07.287] STOP to_move 1 nodes_visited 201
[23:23:07.287] START to_move 2
[23:23:07.319] STOP to_move 2 nodes_visited 533
[23:23:07.319] START to_move 1
[23:23:07.329] STOP to_move 1 nodes_visited 195
[23:23:07.330] START to_move 2
[23:23:07.356] STOP to_move 2 nodes_visited 449
[23:23:07.357] START to_move 1
[23:23:07.367] STOP to_move 1 nodes_visited 195
[23:23:07.367] START to_move 2
[23:23:07.393] STOP to_move 2 nodes_visited 443
[23:23:07.394] START to_move 1
[23:23:07.404] STOP to_move 1 nodes_visited 188
[23:23:07.404] START to_move 2
[23:23:07.432] STOP to_move 2 nodes_visited 475
[23:23:07.432] START to_move 1
[23:23:07.442] STOP to_move 1 nodes_visited 186
[23:23:07.443] START to_move 2
[23:23:07.464] STOP to_move 2 nodes_visited 363
[23:23:07.465] START to_move 1
[23:23:07.474] STOP to_move 1 nodes_visited 183
[23:23:07.475] START to_move 2
[23:23:07.496] STOP to_move 2 nodes_visited 363
[23:23:07.497] START to_move 1
[23:23:07.506] STOP to_move 1 nodes_visited 184
[23:23:07.507] START to_move 2
[23:23:07.528] STOP to_move 2 nodes_visited 363
[23:23:07.528] START to_move 1
[23:23:07.538] STOP to_move 1 nodes_visited 169
[23:23:07.538] START to_move 2
[23:23:07.570] STOP to_move 2 nodes_visited 516
[23:23:07.570] START to_move 1
[23:23:07.604] STOP to_move 1 nodes_visited 583
[23:23:07.605] START to_move 2
[23:23:07.635] STOP to_move 2 nodes_visited 508
[23:23:07.635] START to_move 1
[23:23:07.650] STOP to_move 1 nodes_visited 256
[23:23:07.650] START to_move 2
[23:23:07.707] STOP to_move 2 nodes_visited 940
[23:23:07.708] START to_move 1
[23:23:07.720] STOP to_move 1 nodes_visited 213
[23:23:07.720] START to_move 2
[23:23:07.738] STOP to_move 2 nodes_visited 312
[23:23:07.738] START to_move 1
[23:23:07.748] STOP to_move 1 nodes_visited 165
[23:23:07.748] START to_move 2
[23:23:07.761] STOP to_move 2 nodes_visited 234
[23:23:07.762] START to_move 1
[23:23:07.772] STOP to_move 1 nodes_visited 184
[23:23:07.772] START to_move 2
[23:23:07.788] STOP to_move 2 nodes_visited 282
[23:23:07.789] START to_move 1
[23:23:07.798] STOP to_move 1 nodes_visited 169
[23:23:07.798] START to_move 2
[23:23:07.811] STOP to_move 2 nodes_visited 215
[23:23:07.811] START to_move 1
[23:23:07.820] STOP to_move 1 nodes_visited 175
[23:23:07.821] START to_move 2
[23:23:07.832] STOP to_move 2 nodes_visited 185
[23:23:07.832] START to_move 1
[23:23:07.842] STOP to_move 1 nodes_visited 182
[23:23:07.842] START to_move 2
[23:23:07.853] STOP to_move 2 nodes_visited 188
[23:23:07.853] START to_move 1
[23:23:07.865] STOP to_move 1 nodes_visited 185
[23:23:07.865] START to_move 2
[23:23:07.869] STOP to_move 2 nodes_visited 67
[23:23:07.869] START to_move 1
[23:23:07.880] STOP to_move 1 nodes_visited 208
[23:23:07.880] START to_move 2
[23:23:07.883] STOP to_move 2 nodes_visited 59
[23:23:07.883] START to_move 1
[23:23:07.895] STOP to_move 1 nodes_visited 216
[23:23:07.895] START to_move 2
[23:23:07.899] STOP to_move 2 nodes_visited 67
[23:23:07.899] START to_move 1
[23:23:07.911] STOP to_move 1 nodes_visited 224
[23:23:07.911] START to_move 2
[23:23:07.914] STOP to_move 2 nodes_visited 49
[23:23:07.914] START to_move 1
[23:23:07.925] STOP to_move 1 nodes_visited 196
[23:23:07.925] START to_move 2
[23:23:07.928] STOP to_move 2 nodes_visited 53
[23:23:07.928] START to_move 1
[23:23:07.938] STOP to_move 1 nodes_visited 188
[23:23:07.938] START to_move 2
[23:23:07.942] STOP to_move 2 nodes_visited 57
[23:23:07.942] START to_move 1
[23:23:07.953] STOP to_move 1 nodes_visited 205
[23:23:07.953] START to_move 2
[23:23:07.967] STOP to_move 2 nodes_visited 240
[23:23:07.967] START to_move 1
[23:23:07.975] STOP to_move 1 nodes_visited 145
[23:23:07.975] START to_move 2
[23:23:07.991] STOP to_move 2 nodes_visited 274
[23:23:07.992] START to_move 1
[23:23:07.999] STOP to_move 1 nodes_visited 139
[23:23:08.000] START to_move 2
[23:23:08.024] STOP to_move 2 nodes_visited 410
[23:23:08.024] START to_move 1
[23:23:08.033] STOP to_move 1 nodes_visited 155
[23:23:08.033] START to_move 2
[23:23:08.050] STOP to_move 2 nodes_visited 287
[23:23:08.051] START to_move 1
[23:23:08.058] STOP to_move 1 nodes_visited 139
[23:23:08.058] START to_move 2
[23:23:08.067] STOP to_move 2 nodes_visited 151
[23:23:08.067] START to_move 1
[23:23:08.075] STOP to_move 1 nodes_visited 143
[23:23:08.075] START to_move 2
[23:23:08.089] STOP to_move 2 nodes_visited 222
[23:23:08.089] START to_move 1
[23:23:08.096] STOP to_move 1 nodes_visited 135
[23:23:08.096] START to_move 2
[23:23:08.106] STOP to_move 2 nodes_visited 168
[23:23:08.106] START to_move 1
[23:23:08.113] STOP to_move 1 nodes_visited 119
[23:23:08.113] START to_move 2
[23:23:08.123] STOP to_move 2 nodes_visited 169
[23:23:08.123] END winner 2 - rounds 278
