[22:32:20.779] 1 - distance_function manhattan - pruning True
[22:32:20.779] 2 - distance_function chebyshev - pruning True
[22:32:20.779] START to_move 1
[22:32:20.989] STOP to_move 1 nodes_visited 3283
[22:32:20.991] START to_move 2
[22:32:21.461] STOP to_move 2 nodes_visited 6840
[22:32:21.465] START to_move 1
[22:32:21.667] STOP to_move 1 nodes_visited 3254
[22:32:21.669] START to_move 2
[22:32:21.986] STOP to_move 2 nodes_visited 4854
[22:32:21.989] START to_move 1
[22:32:22.257] STOP to_move 1 nodes_visited 4255
[22:32:22.259] START to_move 2
[22:32:22.484] STOP to_move 2 nodes_visited 3433
[22:32:22.486] START to_move 1
[22:32:22.692] STOP to_move 1 nodes_visited 3364
[22:32:22.694] START to_move 2
[22:32:22.974] STOP to_move 2 nodes_visited 4266
[22:32:22.977] START to_move 1
[22:32:23.128] STOP to_move 1 nodes_visited 2522
[22:32:23.130] START to_move 2
[22:32:23.533] STOP to_move 2 nodes_visited 6094
[22:32:23.536] START to_move 1
[22:32:23.605] STOP to_move 1 nodes_visited 1188
[22:32:23.605] START to_move 2
[22:32:23.807] STOP to_move 2 nodes_visited 3132
[22:32:23.809] START to_move 1
[22:32:23.854] STOP to_move 1 nodes_visited 794
[22:32:23.855] START to_move 2
[22:32:23.973] STOP to_move 2 nodes_visited 1829
[22:32:23.974] START to_move 1
[22:32:24.019] STOP to_move 1 nodes_visited 790
[22:32:24.020] START to_move 2
[22:32:24.108] STOP to_move 2 nodes_visited 1421
[22:32:24.109] START to_move 1
[22:32:24.157] STOP to_move 1 nodes_visited 841
[22:32:24.158] START to_move 2
[22:32:24.305] STOP to_move 2 nodes_visited 2283
[22:32:24.306] START to_move 1
[22:32:24.360] STOP to_move 1 nodes_visited 930
[22:32:24.360] START to_move 2
[22:32:24.520] STOP to_move 2 nodes_visited 2457
[22:32:24.521] START to_move 1
[22:32:24.573] STOP to_move 1 nodes_visited 892
[22:32:24.573] START to_move 2
[22:32:24.737] STOP to_move 2 nodes_visited 2576
[22:32:24.738] START to_move 1
[22:32:24.786] STOP to_move 1 nodes_visited 792
[22:32:24.786] START to_move 2
[22:32:24.854] STOP to_move 2 nodes_visited 1099
[22:32:24.855] START to_move 1
[22:32:24.941] STOP to_move 1 nodes_visited 1501
[22:32:24.942] START to_move 2
[22:32:25.018] STOP to_move 2 nodes_visited 1214
[22:32:25.018] START to_move 1
[22:32:25.116] STOP to_move 1 nodes_visited 1638
[22:32:25.117] START to_move 2
[22:32:25.210] STOP to_move 2 nodes_visited 1502
[22:32:25.211] START to_move 1
[22:32:25.260] STOP to_move 1 nodes_visited 861
[22:32:25.260] START to_move 2
[22:32:25.358] STOP to_move 2 nodes_visited 1556
[22:32:25.359] START to_move 1
[22:32:25.410] STOP to_move 1 nodes_visited 886
[22:32:25.410] START to_move 2
[22:32:25.518] STOP to_move 2 nodes_visited 1712
[22:32:25.519] START to_move 1
[22:32:25.584] STOP to_move 1 nodes_visited 1121
[22:32:25.585] START to_move 2
[22:32:25.697] STOP to_move 2 nodes_visited 1799
[22:32:25.698] START to_move 1
[22:32:25.736] STOP to_move 1 nodes_visited 659
[22:32:25.736] START to_move 2
[22:32:25.827] STOP to_move 2 nodes_visited 1462
[22:32:25.828] START to_move 1
[22:32:25.863] STOP to_move 1 nodes_visited 595
[22:32:25.864] START to_move 2
[22:32:25.966] STOP to_move 2 nodes_visited 1652
[22:32:25.967] START to_move 1
[22:32:26.006] STOP to_move 1 nodes_visited 693
[22:32:26.006] START to_move 2
[22:32:26.072] STOP to_move 2 nodes_visited 1070
[22:32:26.073] START to_move 1
[22:32:26.146] STOP to_move 1 nodes_visited 1231
[22:32:26.147] START to_move 2
[22:32:26.192] STOP to_move 2 nodes_visited 731
[22:32:26.192] START to_move 1
[22:32:26.247] STOP to_move 1 nodes_visited 952
[22:32:26.248] START to_move 2
[22:32:26.313] STOP to_move 2 nodes_visited 1055
[22:32:26.313] START to_move 1
[22:32:26.352] STOP to_move 1 nodes_visited 689
[22:32:26.352] START to_move 2
[22:32:26.384] STOP to_move 2 nodes_visited 518
[22:32:26.384] START to_move 1
[22:32:26.425] STOP to_move 1 nodes_visited 706
[22:32:26.426] START to_move 2
[22:32:26.460] STOP to_move 2 nodes_visited 566
[22:32:26.461] START to_move 1
[22:32:26.514] STOP to_move 1 nodes_visited 917
[22:32:26.514] START to_move 2
[22:32:26.556] STOP to_move 2 nodes_visited 696
[22:32:26.557] START to_move 1
[22:32:26.621] STOP to_move 1 nodes_visited 1128
[22:32:26.622] START to_move 2
[22:32:26.686] STOP to_move 2 nodes_visited 993
[22:32:26.686] START to_move 1
[22:32:26.763] STOP to_move 1 nodes_visited 1331
[22:32:26.763] START to_move 2
[22:32:26.825] STOP to_move 2 nodes_visited 979
[22:32:26.825] START to_move 1
[22:32:26.908] STOP to_move 1 nodes_visited 1442
[22:32:26.908] START to_move 2
[22:32:26.975] STOP to_move 2 nodes_visited 1033
[22:32:26.976] START to_move 1
[22:32:27.090] STOP to_move 1 nodes_visited 1943
[22:32:27.091] START to_move 2
[22:32:27.250] STOP to_move 2 nodes_visited 2485
[22:32:27.252] START to_move 1
[22:32:27.321] STOP to_move 1 nodes_visited 1200
[22:32:27.322] START to_move 2
[22:32:27.514] STOP to_move 2 nodes_visited 3022
[22:32:27.516] START to_move 1
[22:32:27.549] STOP to_move 1 nodes_visited 572
[22:32:27.549] START to_move 2
[22:32:27.738] STOP to_move 2 nodes_visited 2999
[22:32:27.739] START to_move 1
[22:32:27.779] STOP to_move 1 nodes_visited 669
[22:32:27.780] START to_move 2
[22:32:27.943] STOP to_move 2 nodes_visited 2587
[22:32:27.945] START to_move 1
[22:32:27.975] STOP to_move 1 nodes_visited 517
[22:32:27.975] START to_move 2
[22:32:28.086] STOP to_move 2 nodes_visited 1732
[22:32:28.087] START to_move 1
[22:32:28.118] STOP to_move 1 nodes_visited 539
[22:32:28.118] START to_move 2
[22:32:28.225] STOP to_move 2 nodes_visited 1726
[22:32:28.226] START to_move 1
[22:32:28.248] STOP to_move 1 nodes_visited 381
[22:32:28.248] START to_move 2
[22:32:28.366] STOP to_move 2 nodes_visited 1855
[22:32:28.367] START to_move 1
[22:32:28.393] STOP to_move 1 nodes_visited 466
[22:32:28.394] START to_move 2
[22:32:28.447] STOP to_move 2 nodes_visited 886
[22:32:28.448] START to_move 1
[22:32:28.473] STOP to_move 1 nodes_visited 450
[22:32:28.474] START to_move 2
[22:32:28.542] STOP to_move 2 nodes_visited 1114
[22:32:28.543] START to_move 1
[22:32:28.571] STOP to_move 1 nodes_visited 464
[22:32:28.571] START to_move 2
[22:32:28.621] STOP to_move 2 nodes_visited 808
[22:32:28.621] START to_move 1
[22:32:28.637] STOP to_move 1 nodes_visited 293
[22:32:28.638] START to_move 2
[22:32:28.671] STOP to_move 2 nodes_visited 520
[22:32:28.671] START to_move 1
[22:32:28.689] STOP to_move 1 nodes_visited 338
[22:32:28.690] START to_move 2
[22:32:28.806] STOP to_move 2 nodes_visited 1784
[22:32:28.807] START to_move 1
[22:32:28.834] STOP to_move 1 nodes_visited 478
[22:32:28.834] START to_move 2
[22:32:28.961] STOP to_move 2 nodes_visited 1911
[22:32:28.962] START to_move 1
[22:32:28.985] STOP to_move 1 nodes_visited 399
[22:32:28.985] START to_move 2
[22:32:29.125] STOP to_move 2 nodes_visited 2147
[22:32:29.126] START to_move 1
[22:32:29.149] STOP to_move 1 nodes_visited 386
[22:32:29.149] START to_move 2
[22:32:29.202] STOP to_move 2 nodes_visited 832
[22:32:29.202] START to_move 1
[22:32:29.221] STOP to_move 1 nodes_visited 332
[22:32:29.221] START to_move 2
[22:32:29.352] STOP to_move 2 nodes_visited 2085
[22:32:29.353] START to_move 1
[22:32:29.448] STOP to_move 1 nodes_visited 1618
[22:32:29.449] START to_move 2
[22:32:29.538] STOP to_move 2 nodes_visited 1437
[22:32:29.539] START to_move 1
[22:32:29.617] STOP to_move 1 nodes_visited 1357
[22:32:29.618] START to_move 2
[22:32:29.673] STOP to_move 2 nodes_visited 872
[22:32:29.674] START to_move 1
[22:32:29.719] STOP to_move 1 nodes_visited 787
[22:32:29.719] START to_move 2
[22:32:29.771] STOP to_move 2 nodes_visited 843
[22:32:29.771] START to_move 1
[22:32:29.820] STOP to_move 1 nodes_visited 852
[22:32:29.821] START to_move 2
[22:32:29.942] STOP to_move 2 nodes_visited 1902
[22:32:29.943] START to_move 1
[22:32:29.988] STOP to_move 1 nodes_visited 789
[22:32:29.989] START to_move 2
[22:32:30.113] STOP to_move 2 nodes_visited 1974
[22:32:30.114] START to_move 1
[22:32:30.166] STOP to_move 1 nodes_visited 903
[22:32:30.166] START to_move 2
[22:32:30.191] STOP to_move 2 nodes_visited 422
[22:32:30.192] START to_move 1
[22:32:30.275] STOP to_move 1 nodes_visited 1429
[22:32:30.276] START to_move 2
[22:32:30.304] STOP to_move 2 nodes_visited 478
[22:32:30.305] START to_move 1
[22:32:30.346] STOP to_move 1 nodes_visited 721
[22:32:30.346] START to_move 2
[22:32:30.369] STOP to_move 2 nodes_visited 385
[22:32:30.369] START to_move 1
[22:32:30.451] STOP to_move 1 nodes_visited 1409
[22:32:30.451] START to_move 2
[22:32:30.477] STOP to_move 2 nodes_visited 434
[22:32:30.478] START to_move 1
[22:32:30.515] STOP to_move 1 nodes_visited 633
[22:32:30.516] START to_move 2
[22:32:30.537] STOP to_move 2 nodes_visited 368
[22:32:30.538] START to_move 1
[22:32:30.576] STOP to_move 1 nodes_visited 676
[22:32:30.576] START to_move 2
[22:32:30.615] STOP to_move 2 nodes_visited 634
[22:32:30.615] START to_move 1
[22:32:30.638] STOP to_move 1 nodes_visited 412
[22:32:30.639] START to_move 2
[22:32:30.668] STOP to_move 2 nodes_visited 493
[22:32:30.668] START to_move 1
[22:32:30.695] STOP to_move 1 nodes_visited 477
[22:32:30.695] START to_move 2
[22:32:30.725] STOP to_move 2 nodes_visited 493
[22:32:30.725] START to_move 1
[22:32:30.752] STOP to_move 1 nodes_visited 483
[22:32:30.753] START to_move 2
[22:32:30.805] STOP to_move 2 nodes_visited 837
[22:32:30.806] START to_move 1
[22:32:30.845] STOP to_move 1 nodes_visited 670
[22:32:30.845] START to_move 2
[22:32:30.895] STOP to_move 2 nodes_visited 791
[22:32:30.896] START to_move 1
[22:32:30.955] STOP to_move 1 nodes_visited 1021
[22:32:30.955] START to_move 2
[22:32:31.005] STOP to_move 2 nodes_visited 804
[22:32:31.006] START to_move 1
[22:32:31.084] STOP to_move 1 nodes_visited 1319
[22:32:31.084] START to_move 2
[22:32:31.129] STOP to_move 2 nodes_visited 708
[22:32:31.130] START to_move 1
[22:32:31.201] STOP to_move 1 nodes_visited 1233
[22:32:31.201] START to_move 2
[22:32:31.234] STOP to_move 2 nodes_visited 533
[22:32:31.234] START to_move 1
[22:32:31.317] STOP to_move 1 nodes_visited 1385
[22:32:31.318] START to_move 2
[22:32:31.352] STOP to_move 2 nodes_visited 560
[22:32:31.352] START to_move 1
[22:32:31.424] STOP to_move 1 nodes_visited 1228
[22:32:31.425] START to_move 2
[22:32:31.462] STOP to_move 2 nodes_visited 622
[22:32:31.463] START to_move 1
[22:32:31.482] STOP to_move 1 nodes_visited 348
[22:32:31.483] START to_move 2
[22:32:31.515] STOP to_move 2 nodes_visited 526
[22:32:31.515] START to_move 1
[22:32:31.532] STOP to_move 1 nodes_visited 304
[22:32:31.533] START to_move 2
[22:32:31.566] STOP to_move 2 nodes_visited 554
[22:32:31.567] START to_move 1
[22:32:31.584] STOP to_move 1 nodes_visited 305
[22:32:31.584] START to_move 2
[22:32:31.618] STOP to_move 2 nodes_visited 538
[22:32:31.619] START to_move 1
[22:32:31.635] STOP to_move 1 nodes_visited 294
[22:32:31.635] START to_move 2
[22:32:31.669] STOP to_move 2 nodes_visited 548
[22:32:31.669] START to_move 1
[22:32:31.689] STOP to_move 1 nodes_visited 350
[22:32:31.689] START to_move 2
[22:32:31.720] STOP to_move 2 nodes_visited 496
[22:32:31.720] START to_move 1
[22:32:31.735] STOP to_move 1 nodes_visited 272
[22:32:31.735] START to_move 2
[22:32:31.765] STOP to_move 2 nodes_visited 484
[22:32:31.765] START to_move 1
[22:32:31.779] STOP to_move 1 nodes_visited 250
[22:32:31.779] START to_move 2
[22:32:31.812] STOP to_move 2 nodes_visited 530
[22:32:31.812] START to_move 1
[22:32:31.826] STOP to_move 1 nodes_visited 248
[22:32:31.826] START to_move 2
[22:32:31.858] STOP to_move 2 nodes_visited 530
[22:32:31.858] START to_move 1
[22:32:31.872] STOP to_move 1 nodes_visited 242
[22:32:31.872] START to_move 2
[22:32:31.904] STOP to_move 2 nodes_visited 514
[22:32:31.905] START to_move 1
[22:32:31.948] STOP to_move 1 nodes_visited 728
[22:32:31.948] START to_move 2
[22:32:31.983] STOP to_move 2 nodes_visited 572
[22:32:31.983] START to_move 1
[22:32:31.998] STOP to_move 1 nodes_visited 270
[22:32:31.999] START to_move 2
[22:32:32.034] STOP to_move 2 nodes_visited 583
[22:32:32.034] START to_move 1
[22:32:32.073] STOP to_move 1 nodes_visited 652
[22:32:32.073] START to_move 2
[22:32:32.108] STOP to_move 2 nodes_visited 571
[22:32:32.108] START to_move 1
[22:32:32.150] STOP to_move 1 nodes_visited 702
[22:32:32.150] START to_move 2
[22:32:32.187] STOP to_move 2 nodes_visited 579
[22:32:32.187] START to_move 1
[22:32:32.229] STOP to_move 1 nodes_visited 717
[22:32:32.230] START to_move 2
[22:32:32.267] STOP to_move 2 nodes_visited 615
[22:32:32.268] START to_move 1
[22:32:32.310] STOP to_move 1 nodes_visited 717
[22:32:32.310] START to_move 2
[22:32:32.346] STOP to_move 2 nodes_visited 595
[22:32:32.346] START to_move 1
[22:32:32.385] STOP to_move 1 nodes_visited 666
[22:32:32.385] START to_move 2
[22:32:32.414] STOP to_move 2 nodes_visited 467
[22:32:32.414] START to_move 1
[22:32:32.439] STOP to_move 1 nodes_visited 422
[22:32:32.439] START to_move 2
[22:32:32.452] STOP to_move 2 nodes_visited 231
[22:32:32.452] START to_move 1
[22:32:32.467] STOP to_move 1 nodes_visited 248
[22:32:32.467] START to_move 2
[22:32:32.481] STOP to_move 2 nodes_visited 223
[22:32:32.481] START to_move 1
[22:32:32.492] STOP to_move 1 nodes_visited 191
[22:32:32.492] START to_move 2
[22:32:32.505] STOP to_move 2 nodes_visited 230
[22:32:32.505] START to_move 1
[22:32:32.521] STOP to_move 1 nodes_visited 275
[22:32:32.521] START to_move 2
[22:32:32.537] STOP to_move 2 nodes_visited 261
[22:32:32.537] START to_move 1
[22:32:32.552] STOP to_move 1 nodes_visited 267
[22:32:32.552] START to_move 2
[22:32:32.562] STOP to_move 2 nodes_visited 164
[22:32:32.562] START to_move 1
[22:32:32.573] STOP to_move 1 nodes_visited 189
[22:32:32.573] START to_move 2
[22:32:32.582] STOP to_move 2 nodes_visited 163
[22:32:32.582] START to_move 1
[22:32:32.593] STOP to_move 1 nodes_visited 185
[22:32:32.593] START to_move 2
[22:32:32.602] STOP to_move 2 nodes_visited 161
[22:32:32.602] START to_move 1
[22:32:32.613] STOP to_move 1 nodes_visited 179
[22:32:32.613] START to_move 2
[22:32:32.621] STOP to_move 2 nodes_visited 147
[22:32:32.621] START to_move 1
[22:32:32.631] STOP to_move 1 nodes_visited 179
[22:32:32.631] START to_move 2
[22:32:32.643] STOP to_move 2 nodes_visited 208
[22:32:32.643] START to_move 1
[22:32:32.657] STOP to_move 1 nodes_visited 237
[22:32:32.657] START to_move 2
[22:32:32.665] STOP to_move 2 nodes_visited 133
[22:32:32.665] START to_move 1
[22:32:32.675] STOP to_move 1 nodes_visited 165
[22:32:32.675] START to_move 2
[22:32:32.682] STOP to_move 2 nodes_visited 131
[22:32:32.682] START to_move 1
[22:32:32.688] STOP to_move 1 nodes_visited 95
[22:32:32.688] START to_move 2
[22:32:32.696] STOP to_move 2 nodes_visited 146
[22:32:32.696] START to_move 1
[22:32:32.702] STOP to_move 1 nodes_visited 103
[22:32:32.702] START to_move 2
[22:32:32.712] STOP to_move 2 nodes_visited 171
[22:32:32.712] START to_move 1
[22:32:32.726] STOP to_move 1 nodes_visited 237
[22:32:32.726] START to_move 2
[22:32:32.737] STOP to_move 2 nodes_visited 190
[22:32:32.737] START to_move 1
[22:32:32.751] STOP to_move 1 nodes_visited 238
[22:32:32.751] START to_move 2
[22:32:32.759] STOP to_move 2 nodes_visited 137
[22:32:32.759] START to_move 1
[22:32:32.764] STOP to_move 1 nodes_visited 96
[22:32:32.764] START to_move 2
[22:32:32.776] STOP to_move 2 nodes_visited 197
[22:32:32.776] START to_move 1
[22:32:32.795] STOP to_move 1 nodes_visited 311
[22:32:32.795] START to_move 2
[22:32:32.803] STOP to_move 2 nodes_visited 131
[22:32:32.803] START to_move 1
[22:32:32.812] STOP to_move 1 nodes_visited 156
[22:32:32.812] START to_move 2
[22:32:32.820] STOP to_move 2 nodes_visited 143
[22:32:32.820] START to_move 1
[22:32:32.834] STOP to_move 1 nodes_visited 236
[22:32:32.834] START to_move 2
[22:32:32.844] STOP to_move 2 nodes_visited 178
[22:32:32.845] START to_move 1
[22:32:32.859] STOP to_move 1 nodes_visited 255
[22:32:32.859] START to_move 2
[22:32:32.866] STOP to_move 2 nodes_visited 123
[22:32:32.866] START to_move 1
[22:32:32.874] STOP to_move 1 nodes_visited 130
[22:32:32.874] START to_move 2
[22:32:32.881] STOP to_move 2 nodes_visited 127
[22:32:32.881] START to_move 1
[22:32:32.895] STOP to_move 1 nodes_visited 235
[22:32:32.895] START to_move 2
[22:32:32.902] STOP to_move 2 nodes_visited 128
[22:32:32.902] START to_move 1
[22:32:32.918] STOP to_move 1 nodes_visited 265
[22:32:32.918] START to_move 2
[22:32:32.925] STOP to_move 2 nodes_visited 115
[22:32:32.925] START to_move 1
[22:32:32.929] STOP to_move 1 nodes_visited 65
[22:32:32.929] START to_move 2
[22:32:32.936] STOP to_move 2 nodes_visited 121
[22:32:32.936] START to_move 1
[22:32:32.943] STOP to_move 1 nodes_visited 130
[22:32:32.943] START to_move 2
[22:32:32.950] STOP to_move 2 nodes_visited 117
[22:32:32.950] START to_move 1
[22:32:32.958] STOP to_move 1 nodes_visited 121
[22:32:32.958] START to_move 2
[22:32:32.964] STOP to_move 2 nodes_visited 117
[22:32:32.964] START to_move 1
[22:32:32.965] STOP to_move 1 nodes_visited 10
[22:32:32.965] END winner 1 - rounds 213
