[21:39:31.138] 1 - distance_function manhattan - pruning True
[21:39:31.138] 2 - distance_function euclides - pruning True
[21:39:31.138] START to_move 1
[21:39:31.164] STOP to_move 1 nodes_visited 465
[21:39:31.164] START to_move 2
[21:39:31.254] STOP to_move 2 nodes_visited 1472
[21:39:31.255] START to_move 1
[21:39:31.485] STOP to_move 1 nodes_visited 3789
[21:39:31.488] START to_move 2
[21:39:31.684] STOP to_move 2 nodes_visited 3182
[21:39:31.686] START to_move 1
[21:39:31.710] STOP to_move 1 nodes_visited 416
[21:39:31.710] START to_move 2
[21:39:31.950] STOP to_move 2 nodes_visited 3813
[21:39:31.952] START to_move 1
[21:39:31.975] STOP to_move 1 nodes_visited 410
[21:39:31.976] START to_move 2
[21:39:32.231] STOP to_move 2 nodes_visited 4078
[21:39:32.234] START to_move 1
[21:39:32.262] STOP to_move 1 nodes_visited 509
[21:39:32.263] START to_move 2
[21:39:32.509] STOP to_move 2 nodes_visited 3917
[21:39:32.511] START to_move 1
[21:39:32.535] STOP to_move 1 nodes_visited 420
[21:39:32.535] START to_move 2
[21:39:32.768] STOP to_move 2 nodes_visited 3733
[21:39:32.770] START to_move 1
[21:39:32.793] STOP to_move 1 nodes_visited 414
[21:39:32.794] START to_move 2
[21:39:33.002] STOP to_move 2 nodes_visited 3359
[21:39:33.004] START to_move 1
[21:39:33.027] STOP to_move 1 nodes_visited 404
[21:39:33.027] START to_move 2
[21:39:33.375] STOP to_move 2 nodes_visited 5468
[21:39:33.379] START to_move 1
[21:39:33.402] STOP to_move 1 nodes_visited 410
[21:39:33.402] START to_move 2
[21:39:33.660] STOP to_move 2 nodes_visited 4202
[21:39:33.663] START to_move 1
[21:39:33.686] STOP to_move 1 nodes_visited 412
[21:39:33.686] START to_move 2
[21:39:33.932] STOP to_move 2 nodes_visited 3960
[21:39:33.934] START to_move 1
[21:39:34.092] STOP to_move 1 nodes_visited 2718
[21:39:34.094] START to_move 2
[21:39:34.171] STOP to_move 2 nodes_visited 1295
[21:39:34.172] START to_move 1
[21:39:34.195] STOP to_move 1 nodes_visited 410
[21:39:34.195] START to_move 2
[21:39:34.339] STOP to_move 2 nodes_visited 2348
[21:39:34.340] START to_move 1
[21:39:34.528] STOP to_move 1 nodes_visited 3047
[21:39:34.530] START to_move 2
[21:39:34.672] STOP to_move 2 nodes_visited 2331
[21:39:34.674] START to_move 1
[21:39:34.857] STOP to_move 1 nodes_visited 2981
[21:39:34.858] START to_move 2
[21:39:34.977] STOP to_move 2 nodes_visited 1909
[21:39:34.978] START to_move 1
[21:39:35.058] STOP to_move 1 nodes_visited 1296
[21:39:35.059] START to_move 2
[21:39:35.129] STOP to_move 2 nodes_visited 1145
[21:39:35.130] START to_move 1
[21:39:35.215] STOP to_move 1 nodes_visited 1407
[21:39:35.216] START to_move 2
[21:39:35.306] STOP to_move 2 nodes_visited 1451
[21:39:35.307] START to_move 1
[21:39:35.495] STOP to_move 1 nodes_visited 3192
[21:39:35.497] START to_move 2
[21:39:35.559] STOP to_move 2 nodes_visited 985
[21:39:35.560] START to_move 1
[21:39:35.730] STOP to_move 1 nodes_visited 2885
[21:39:35.732] START to_move 2
[21:39:35.858] STOP to_move 2 nodes_visited 1964
[21:39:35.859] START to_move 1
[21:39:35.881] STOP to_move 1 nodes_visited 383
[21:39:35.881] START to_move 2
[21:39:35.973] STOP to_move 2 nodes_visited 1448
[21:39:35.974] START to_move 1
[21:39:35.996] STOP to_move 1 nodes_visited 385
[21:39:35.996] START to_move 2
[21:39:36.121] STOP to_move 2 nodes_visited 1964
[21:39:36.122] START to_move 1
[21:39:36.252] STOP to_move 1 nodes_visited 2258
[21:39:36.254] START to_move 2
[21:39:36.367] STOP to_move 2 nodes_visited 1778
[21:39:36.368] START to_move 1
[21:39:36.389] STOP to_move 1 nodes_visited 375
[21:39:36.389] START to_move 2
[21:39:36.511] STOP to_move 2 nodes_visited 1974
[21:39:36.512] START to_move 1
[21:39:36.533] STOP to_move 1 nodes_visited 370
[21:39:36.534] START to_move 2
[21:39:36.685] STOP to_move 2 nodes_visited 2369
[21:39:36.686] START to_move 1
[21:39:36.707] STOP to_move 1 nodes_visited 366
[21:39:36.707] START to_move 2
[21:39:36.820] STOP to_move 2 nodes_visited 1816
[21:39:36.821] START to_move 1
[21:39:36.841] STOP to_move 1 nodes_visited 366
[21:39:36.842] START to_move 2
[21:39:36.975] STOP to_move 2 nodes_visited 2102
[21:39:36.976] START to_move 1
[21:39:36.996] STOP to_move 1 nodes_visited 364
[21:39:36.997] START to_move 2
[21:39:37.122] STOP to_move 2 nodes_visited 2008
[21:39:37.123] START to_move 1
[21:39:37.235] STOP to_move 1 nodes_visited 1883
[21:39:37.236] START to_move 2
[21:39:37.349] STOP to_move 2 nodes_visited 1799
[21:39:37.350] START to_move 1
[21:39:37.371] STOP to_move 1 nodes_visited 368
[21:39:37.371] START to_move 2
[21:39:37.635] STOP to_move 2 nodes_visited 4094
[21:39:37.637] START to_move 1
[21:39:37.658] STOP to_move 1 nodes_visited 361
[21:39:37.658] START to_move 2
[21:39:37.892] STOP to_move 2 nodes_visited 3668
[21:39:37.894] START to_move 1
[21:39:37.942] STOP to_move 1 nodes_visited 833
[21:39:37.943] START to_move 2
[21:39:38.113] STOP to_move 2 nodes_visited 2636
[21:39:38.114] START to_move 1
[21:39:38.135] STOP to_move 1 nodes_visited 369
[21:39:38.135] START to_move 2
[21:39:38.404] STOP to_move 2 nodes_visited 4313
[21:39:38.407] START to_move 1
[21:39:38.428] STOP to_move 1 nodes_visited 371
[21:39:38.428] START to_move 2
[21:39:38.673] STOP to_move 2 nodes_visited 3921
[21:39:38.675] START to_move 1
[21:39:38.696] STOP to_move 1 nodes_visited 364
[21:39:38.696] START to_move 2
[21:39:38.899] STOP to_move 2 nodes_visited 3174
[21:39:38.901] START to_move 1
[21:39:38.922] STOP to_move 1 nodes_visited 372
[21:39:38.923] START to_move 2
[21:39:38.997] STOP to_move 2 nodes_visited 1226
[21:39:38.998] START to_move 1
[21:39:39.141] STOP to_move 1 nodes_visited 2438
[21:39:39.143] START to_move 2
[21:39:39.299] STOP to_move 2 nodes_visited 2475
[21:39:39.300] START to_move 1
[21:39:39.441] STOP to_move 1 nodes_visited 2430
[21:39:39.442] START to_move 2
[21:39:39.594] STOP to_move 2 nodes_visited 2440
[21:39:39.596] START to_move 1
[21:39:39.617] STOP to_move 1 nodes_visited 366
[21:39:39.617] START to_move 2
[21:39:39.757] STOP to_move 2 nodes_visited 2284
[21:39:39.758] START to_move 1
[21:39:39.870] STOP to_move 1 nodes_visited 1876
[21:39:39.872] START to_move 2
[21:39:40.017] STOP to_move 2 nodes_visited 2358
[21:39:40.018] START to_move 1
[21:39:40.037] STOP to_move 1 nodes_visited 352
[21:39:40.038] START to_move 2
[21:39:40.142] STOP to_move 2 nodes_visited 1687
[21:39:40.143] START to_move 1
[21:39:40.162] STOP to_move 1 nodes_visited 350
[21:39:40.163] START to_move 2
[21:39:40.255] STOP to_move 2 nodes_visited 1539
[21:39:40.256] START to_move 1
[21:39:40.275] STOP to_move 1 nodes_visited 354
[21:39:40.276] START to_move 2
[21:39:40.386] STOP to_move 2 nodes_visited 1798
[21:39:40.387] START to_move 1
[21:39:40.407] STOP to_move 1 nodes_visited 358
[21:39:40.407] START to_move 2
[21:39:40.526] STOP to_move 2 nodes_visited 1961
[21:39:40.527] START to_move 1
[21:39:40.548] STOP to_move 1 nodes_visited 358
[21:39:40.548] START to_move 2
[21:39:40.759] STOP to_move 2 nodes_visited 3379
[21:39:40.760] START to_move 1
[21:39:40.780] STOP to_move 1 nodes_visited 356
[21:39:40.781] START to_move 2
[21:39:40.984] STOP to_move 2 nodes_visited 3242
[21:39:40.986] START to_move 1
[21:39:41.005] STOP to_move 1 nodes_visited 344
[21:39:41.005] START to_move 2
[21:39:41.201] STOP to_move 2 nodes_visited 3112
[21:39:41.202] START to_move 1
[21:39:41.222] STOP to_move 1 nodes_visited 351
[21:39:41.222] START to_move 2
[21:39:41.421] STOP to_move 2 nodes_visited 3169
[21:39:41.423] START to_move 1
[21:39:41.442] STOP to_move 1 nodes_visited 347
[21:39:41.442] START to_move 2
[21:39:41.598] STOP to_move 2 nodes_visited 2574
[21:39:41.599] START to_move 1
[21:39:41.619] STOP to_move 1 nodes_visited 352
[21:39:41.619] START to_move 2
[21:39:41.775] STOP to_move 2 nodes_visited 2543
[21:39:41.777] START to_move 1
[21:39:41.796] STOP to_move 1 nodes_visited 344
[21:39:41.796] START to_move 2
[21:39:41.956] STOP to_move 2 nodes_visited 2566
[21:39:41.957] START to_move 1
[21:39:42.066] STOP to_move 1 nodes_visited 1888
[21:39:42.067] START to_move 2
[21:39:42.225] STOP to_move 2 nodes_visited 2525
[21:39:42.226] START to_move 1
[21:39:42.245] STOP to_move 1 nodes_visited 334
[21:39:42.245] START to_move 2
[21:39:42.394] STOP to_move 2 nodes_visited 2443
[21:39:42.395] START to_move 1
[21:39:42.414] STOP to_move 1 nodes_visited 333
[21:39:42.414] START to_move 2
[21:39:42.564] STOP to_move 2 nodes_visited 2440
[21:39:42.565] START to_move 1
[21:39:42.584] STOP to_move 1 nodes_visited 335
[21:39:42.584] START to_move 2
[21:39:42.750] STOP to_move 2 nodes_visited 2668
[21:39:42.752] START to_move 1
[21:39:42.770] STOP to_move 1 nodes_visited 333
[21:39:42.770] START to_move 2
[21:39:42.917] STOP to_move 2 nodes_visited 2415
[21:39:42.918] START to_move 1
[21:39:42.937] STOP to_move 1 nodes_visited 328
[21:39:42.937] START to_move 2
[21:39:43.078] STOP to_move 2 nodes_visited 2292
[21:39:43.080] START to_move 1
[21:39:43.100] STOP to_move 1 nodes_visited 364
[21:39:43.100] START to_move 2
[21:39:43.227] STOP to_move 2 nodes_visited 2019
[21:39:43.229] START to_move 1
[21:39:43.244] STOP to_move 1 nodes_visited 278
[21:39:43.244] START to_move 2
[21:39:43.377] STOP to_move 2 nodes_visited 2183
[21:39:43.378] START to_move 1
[21:39:43.394] STOP to_move 1 nodes_visited 277
[21:39:43.394] START to_move 2
[21:39:43.517] STOP to_move 2 nodes_visited 1993
[21:39:43.518] START to_move 1
[21:39:43.533] STOP to_move 1 nodes_visited 281
[21:39:43.533] START to_move 2
[21:39:43.653] STOP to_move 2 nodes_visited 1995
[21:39:43.654] START to_move 1
[21:39:43.670] STOP to_move 1 nodes_visited 283
[21:39:43.670] START to_move 2
[21:39:43.793] STOP to_move 2 nodes_visited 1995
[21:39:43.794] START to_move 1
[21:39:43.810] STOP to_move 1 nodes_visited 288
[21:39:43.810] START to_move 2
[21:39:43.930] STOP to_move 2 nodes_visited 1997
[21:39:43.931] START to_move 1
[21:39:43.947] STOP to_move 1 nodes_visited 288
[21:39:43.947] START to_move 2
[21:39:44.045] STOP to_move 2 nodes_visited 1585
[21:39:44.045] START to_move 1
[21:39:44.061] STOP to_move 1 nodes_visited 281
[21:39:44.061] START to_move 2
[21:39:44.153] STOP to_move 2 nodes_visited 1523
[21:39:44.153] START to_move 1
[21:39:44.169] STOP to_move 1 nodes_visited 282
[21:39:44.169] START to_move 2
[21:39:44.253] STOP to_move 2 nodes_visited 1393
[21:39:44.253] START to_move 1
[21:39:44.269] STOP to_move 1 nodes_visited 281
[21:39:44.269] START to_move 2
[21:39:44.330] STOP to_move 2 nodes_visited 999
[21:39:44.331] START to_move 1
[21:39:44.346] STOP to_move 1 nodes_visited 274
[21:39:44.346] START to_move 2
[21:39:44.410] STOP to_move 2 nodes_visited 1058
[21:39:44.410] START to_move 1
[21:39:44.427] STOP to_move 1 nodes_visited 292
[21:39:44.427] START to_move 2
[21:39:44.505] STOP to_move 2 nodes_visited 1308
[21:39:44.506] START to_move 1
[21:39:44.522] STOP to_move 1 nodes_visited 294
[21:39:44.522] START to_move 2
[21:39:44.588] STOP to_move 2 nodes_visited 1069
[21:39:44.589] START to_move 1
[21:39:44.604] STOP to_move 1 nodes_visited 274
[21:39:44.604] START to_move 2
[21:39:44.652] STOP to_move 2 nodes_visited 796
[21:39:44.652] START to_move 1
[21:39:44.667] STOP to_move 1 nodes_visited 272
[21:39:44.668] START to_move 2
[21:39:44.713] STOP to_move 2 nodes_visited 754
[21:39:44.713] START to_move 1
[21:39:44.725] STOP to_move 1 nodes_visited 206
[21:39:44.725] START to_move 2
[21:39:44.769] STOP to_move 2 nodes_visited 750
[21:39:44.770] START to_move 1
[21:39:44.781] STOP to_move 1 nodes_visited 203
[21:39:44.781] START to_move 2
[21:39:44.808] STOP to_move 2 nodes_visited 451
[21:39:44.808] START to_move 1
[21:39:44.819] STOP to_move 1 nodes_visited 206
[21:39:44.819] START to_move 2
[21:39:44.846] STOP to_move 2 nodes_visited 451
[21:39:44.846] START to_move 1
[21:39:44.859] STOP to_move 1 nodes_visited 209
[21:39:44.859] START to_move 2
[21:39:44.888] STOP to_move 2 nodes_visited 495
[21:39:44.888] START to_move 1
[21:39:44.905] STOP to_move 1 nodes_visited 303
[21:39:44.906] START to_move 2
[21:39:44.951] STOP to_move 2 nodes_visited 762
[21:39:44.951] START to_move 1
[21:39:44.968] STOP to_move 1 nodes_visited 302
[21:39:44.969] START to_move 2
[21:39:45.015] STOP to_move 2 nodes_visited 777
[21:39:45.016] START to_move 1
[21:39:45.032] STOP to_move 1 nodes_visited 300
[21:39:45.032] START to_move 2
[21:39:45.067] STOP to_move 2 nodes_visited 566
[21:39:45.067] START to_move 1
[21:39:45.087] STOP to_move 1 nodes_visited 333
[21:39:45.087] START to_move 2
[21:39:45.134] STOP to_move 2 nodes_visited 775
[21:39:45.135] START to_move 1
[21:39:45.147] STOP to_move 1 nodes_visited 204
[21:39:45.147] START to_move 2
[21:39:45.165] STOP to_move 2 nodes_visited 299
[21:39:45.165] START to_move 1
[21:39:45.174] STOP to_move 1 nodes_visited 158
[21:39:45.174] START to_move 2
[21:39:45.185] STOP to_move 2 nodes_visited 177
[21:39:45.185] START to_move 1
[21:39:45.194] STOP to_move 1 nodes_visited 176
[21:39:45.194] START to_move 2
[21:39:45.211] STOP to_move 2 nodes_visited 279
[21:39:45.211] START to_move 1
[21:39:45.220] STOP to_move 1 nodes_visited 161
[21:39:45.220] START to_move 2
[21:39:45.225] STOP to_move 2 nodes_visited 92
[21:39:45.225] START to_move 1
[21:39:45.234] STOP to_move 1 nodes_visited 163
[21:39:45.234] START to_move 2
[21:39:45.247] STOP to_move 2 nodes_visited 203
[21:39:45.247] START to_move 1
[21:39:45.256] STOP to_move 1 nodes_visited 163
[21:39:45.256] START to_move 2
[21:39:45.273] STOP to_move 2 nodes_visited 293
[21:39:45.273] START to_move 1
[21:39:45.287] STOP to_move 1 nodes_visited 240
[21:39:45.287] START to_move 2
[21:39:45.304] STOP to_move 2 nodes_visited 296
[21:39:45.305] START to_move 1
[21:39:45.318] STOP to_move 1 nodes_visited 237
[21:39:45.318] START to_move 2
[21:39:45.336] STOP to_move 2 nodes_visited 302
[21:39:45.336] START to_move 1
[21:39:45.349] STOP to_move 1 nodes_visited 237
[21:39:45.350] START to_move 2
[21:39:45.368] STOP to_move 2 nodes_visited 297
[21:39:45.368] START to_move 1
[21:39:45.381] STOP to_move 1 nodes_visited 234
[21:39:45.381] START to_move 2
[21:39:45.399] STOP to_move 2 nodes_visited 301
[21:39:45.399] START to_move 1
[21:39:45.413] STOP to_move 1 nodes_visited 243
[21:39:45.413] START to_move 2
[21:39:45.431] STOP to_move 2 nodes_visited 301
[21:39:45.431] START to_move 1
[21:39:45.444] STOP to_move 1 nodes_visited 237
[21:39:45.445] START to_move 2
[21:39:45.463] STOP to_move 2 nodes_visited 289
[21:39:45.463] START to_move 1
[21:39:45.476] STOP to_move 1 nodes_visited 234
[21:39:45.477] START to_move 2
[21:39:45.494] STOP to_move 2 nodes_visited 297
[21:39:45.495] START to_move 1
[21:39:45.508] STOP to_move 1 nodes_visited 234
[21:39:45.508] START to_move 2
[21:39:45.528] STOP to_move 2 nodes_visited 321
[21:39:45.528] START to_move 1
[21:39:45.541] STOP to_move 1 nodes_visited 237
[21:39:45.541] START to_move 2
[21:39:45.559] STOP to_move 2 nodes_visited 291
[21:39:45.559] START to_move 1
[21:39:45.572] STOP to_move 1 nodes_visited 228
[21:39:45.572] START to_move 2
[21:39:45.576] STOP to_move 2 nodes_visited 77
[21:39:45.576] START to_move 1
[21:39:45.591] STOP to_move 1 nodes_visited 275
[21:39:45.592] START to_move 2
[21:39:45.596] STOP to_move 2 nodes_visited 75
[21:39:45.596] START to_move 1
[21:39:45.608] STOP to_move 1 nodes_visited 222
[21:39:45.608] START to_move 2
[21:39:45.628] STOP to_move 2 nodes_visited 328
[21:39:45.628] START to_move 1
[21:39:45.637] STOP to_move 1 nodes_visited 154
[21:39:45.637] START to_move 2
[21:39:45.651] STOP to_move 2 nodes_visited 235
[21:39:45.651] START to_move 1
[21:39:45.659] STOP to_move 1 nodes_visited 152
[21:39:45.659] START to_move 2
[21:39:45.670] STOP to_move 2 nodes_visited 181
[21:39:45.670] START to_move 1
[21:39:45.680] STOP to_move 1 nodes_visited 167
[21:39:45.680] START to_move 2
[21:39:45.680] STOP to_move 2 nodes_visited 10
[21:39:45.680] END winner 2 - rounds 198
