[23:08:27.388] 1 - distance_function manhattan - pruning True
[23:08:27.388] 2 - distance_function euclides - pruning True
[23:08:27.388] START to_move 1
[23:08:27.466] STOP to_move 1 nodes_visited 1319
[23:08:27.467] START to_move 2
[23:08:27.723] STOP to_move 2 nodes_visited 3977
[23:08:27.725] START to_move 1
[23:08:27.932] STOP to_move 1 nodes_visited 3470
[23:08:27.934] START to_move 2
[23:08:28.057] STOP to_move 2 nodes_visited 2033
[23:08:28.058] START to_move 1
[23:08:28.259] STOP to_move 1 nodes_visited 3397
[23:08:28.262] START to_move 2
[23:08:28.373] STOP to_move 2 nodes_visited 1795
[23:08:28.374] START to_move 1
[23:08:28.390] STOP to_move 1 nodes_visited 278
[23:08:28.390] START to_move 2
[23:08:28.492] STOP to_move 2 nodes_visited 1700
[23:08:28.493] START to_move 1
[23:08:28.508] STOP to_move 1 nodes_visited 283
[23:08:28.509] START to_move 2
[23:08:28.613] STOP to_move 2 nodes_visited 1749
[23:08:28.614] START to_move 1
[23:08:28.632] STOP to_move 1 nodes_visited 289
[23:08:28.632] START to_move 2
[23:08:28.733] STOP to_move 2 nodes_visited 1677
[23:08:28.734] START to_move 1
[23:08:28.764] STOP to_move 1 nodes_visited 518
[23:08:28.764] START to_move 2
[23:08:28.815] STOP to_move 2 nodes_visited 825
[23:08:28.816] START to_move 1
[23:08:29.072] STOP to_move 1 nodes_visited 4370
[23:08:29.075] START to_move 2
[23:08:29.183] STOP to_move 2 nodes_visited 1753
[23:08:29.184] START to_move 1
[23:08:29.377] STOP to_move 1 nodes_visited 3346
[23:08:29.379] START to_move 2
[23:08:29.490] STOP to_move 2 nodes_visited 1826
[23:08:29.491] START to_move 1
[23:08:29.678] STOP to_move 1 nodes_visited 3191
[23:08:29.680] START to_move 2
[23:08:29.803] STOP to_move 2 nodes_visited 2035
[23:08:29.804] START to_move 1
[23:08:29.992] STOP to_move 1 nodes_visited 3204
[23:08:29.994] START to_move 2
[23:08:30.327] STOP to_move 2 nodes_visited 5118
[23:08:30.330] START to_move 1
[23:08:30.514] STOP to_move 1 nodes_visited 3071
[23:08:30.516] START to_move 2
[23:08:30.706] STOP to_move 2 nodes_visited 2999
[23:08:30.708] START to_move 1
[23:08:30.895] STOP to_move 1 nodes_visited 3169
[23:08:30.896] START to_move 2
[23:08:31.208] STOP to_move 2 nodes_visited 4917
[23:08:31.210] START to_move 1
[23:08:31.405] STOP to_move 1 nodes_visited 3243
[23:08:31.407] START to_move 2
[23:08:31.780] STOP to_move 2 nodes_visited 5823
[23:08:31.784] START to_move 1
[23:08:31.803] STOP to_move 1 nodes_visited 344
[23:08:31.803] START to_move 2
[23:08:32.084] STOP to_move 2 nodes_visited 4534
[23:08:32.087] START to_move 1
[23:08:32.106] STOP to_move 1 nodes_visited 346
[23:08:32.106] START to_move 2
[23:08:32.395] STOP to_move 2 nodes_visited 4696
[23:08:32.398] START to_move 1
[23:08:32.417] STOP to_move 1 nodes_visited 345
[23:08:32.417] START to_move 2
[23:08:32.704] STOP to_move 2 nodes_visited 4669
[23:08:32.706] START to_move 1
[23:08:32.725] STOP to_move 1 nodes_visited 341
[23:08:32.726] START to_move 2
[23:08:33.017] STOP to_move 2 nodes_visited 4749
[23:08:33.020] START to_move 1
[23:08:33.041] STOP to_move 1 nodes_visited 353
[23:08:33.041] START to_move 2
[23:08:33.235] STOP to_move 2 nodes_visited 3180
[23:08:33.237] START to_move 1
[23:08:33.303] STOP to_move 1 nodes_visited 1137
[23:08:33.304] START to_move 2
[23:08:33.596] STOP to_move 2 nodes_visited 4681
[23:08:33.599] START to_move 1
[23:08:33.760] STOP to_move 1 nodes_visited 2742
[23:08:33.762] START to_move 2
[23:08:33.880] STOP to_move 2 nodes_visited 1904
[23:08:33.881] START to_move 1
[23:08:34.109] STOP to_move 1 nodes_visited 3865
[23:08:34.111] START to_move 2
[23:08:34.229] STOP to_move 2 nodes_visited 1940
[23:08:34.230] START to_move 1
[23:08:34.250] STOP to_move 1 nodes_visited 364
[23:08:34.250] START to_move 2
[23:08:34.681] STOP to_move 2 nodes_visited 6796
[23:08:34.685] START to_move 1
[23:08:34.705] STOP to_move 1 nodes_visited 364
[23:08:34.706] START to_move 2
[23:08:35.131] STOP to_move 2 nodes_visited 6676
[23:08:35.135] START to_move 1
[23:08:35.155] STOP to_move 1 nodes_visited 364
[23:08:35.155] START to_move 2
[23:08:35.536] STOP to_move 2 nodes_visited 6092
[23:08:35.539] START to_move 1
[23:08:35.560] STOP to_move 1 nodes_visited 364
[23:08:35.560] START to_move 2
[23:08:35.917] STOP to_move 2 nodes_visited 5663
[23:08:35.921] START to_move 1
[23:08:36.018] STOP to_move 1 nodes_visited 1637
[23:08:36.019] START to_move 2
[23:08:36.331] STOP to_move 2 nodes_visited 5088
[23:08:36.334] START to_move 1
[23:08:36.458] STOP to_move 1 nodes_visited 2126
[23:08:36.459] START to_move 2
[23:08:36.784] STOP to_move 2 nodes_visited 5263
[23:08:36.787] START to_move 1
[23:08:36.814] STOP to_move 1 nodes_visited 480
[23:08:36.814] START to_move 2
[23:08:37.133] STOP to_move 2 nodes_visited 5208
[23:08:37.136] START to_move 1
[23:08:37.161] STOP to_move 1 nodes_visited 458
[23:08:37.162] START to_move 2
[23:08:37.461] STOP to_move 2 nodes_visited 4773
[23:08:37.464] START to_move 1
[23:08:37.490] STOP to_move 1 nodes_visited 461
[23:08:37.490] START to_move 2
[23:08:37.789] STOP to_move 2 nodes_visited 4820
[23:08:37.791] START to_move 1
[23:08:37.815] STOP to_move 1 nodes_visited 416
[23:08:37.815] START to_move 2
[23:08:37.997] STOP to_move 2 nodes_visited 2941
[23:08:37.998] START to_move 1
[23:08:38.066] STOP to_move 1 nodes_visited 1141
[23:08:38.067] START to_move 2
[23:08:38.154] STOP to_move 2 nodes_visited 1458
[23:08:38.155] START to_move 1
[23:08:38.264] STOP to_move 1 nodes_visited 1855
[23:08:38.266] START to_move 2
[23:08:38.395] STOP to_move 2 nodes_visited 2133
[23:08:38.396] START to_move 1
[23:08:38.419] STOP to_move 1 nodes_visited 409
[23:08:38.420] START to_move 2
[23:08:38.556] STOP to_move 2 nodes_visited 2224
[23:08:38.557] START to_move 1
[23:08:38.582] STOP to_move 1 nodes_visited 445
[23:08:38.582] START to_move 2
[23:08:38.761] STOP to_move 2 nodes_visited 2886
[23:08:38.763] START to_move 1
[23:08:38.788] STOP to_move 1 nodes_visited 444
[23:08:38.788] START to_move 2
[23:08:38.995] STOP to_move 2 nodes_visited 3334
[23:08:38.997] START to_move 1
[23:08:39.019] STOP to_move 1 nodes_visited 381
[23:08:39.019] START to_move 2
[23:08:39.226] STOP to_move 2 nodes_visited 3418
[23:08:39.228] START to_move 1
[23:08:39.249] STOP to_move 1 nodes_visited 376
[23:08:39.250] START to_move 2
[23:08:39.471] STOP to_move 2 nodes_visited 3618
[23:08:39.473] START to_move 1
[23:08:39.494] STOP to_move 1 nodes_visited 369
[23:08:39.494] START to_move 2
[23:08:39.714] STOP to_move 2 nodes_visited 3608
[23:08:39.716] START to_move 1
[23:08:39.737] STOP to_move 1 nodes_visited 369
[23:08:39.738] START to_move 2
[23:08:39.942] STOP to_move 2 nodes_visited 3350
[23:08:39.944] START to_move 1
[23:08:39.964] STOP to_move 1 nodes_visited 349
[23:08:39.964] START to_move 2
[23:08:40.036] STOP to_move 2 nodes_visited 1137
[23:08:40.036] START to_move 1
[23:08:40.056] STOP to_move 1 nodes_visited 349
[23:08:40.056] START to_move 2
[23:08:40.216] STOP to_move 2 nodes_visited 2639
[23:08:40.218] START to_move 1
[23:08:40.363] STOP to_move 1 nodes_visited 2375
[23:08:40.364] START to_move 2
[23:08:40.509] STOP to_move 2 nodes_visited 2386
[23:08:40.511] START to_move 1
[23:08:40.639] STOP to_move 1 nodes_visited 2173
[23:08:40.641] START to_move 2
[23:08:40.802] STOP to_move 2 nodes_visited 2652
[23:08:40.803] START to_move 1
[23:08:40.876] STOP to_move 1 nodes_visited 1224
[23:08:40.876] START to_move 2
[23:08:40.999] STOP to_move 2 nodes_visited 2008
[23:08:41.000] START to_move 1
[23:08:41.071] STOP to_move 1 nodes_visited 1192
[23:08:41.072] START to_move 2
[23:08:41.194] STOP to_move 2 nodes_visited 2017
[23:08:41.195] START to_move 1
[23:08:41.267] STOP to_move 1 nodes_visited 1231
[23:08:41.267] START to_move 2
[23:08:41.360] STOP to_move 2 nodes_visited 1495
[23:08:41.361] START to_move 1
[23:08:41.406] STOP to_move 1 nodes_visited 764
[23:08:41.406] START to_move 2
[23:08:41.476] STOP to_move 2 nodes_visited 1146
[23:08:41.476] START to_move 1
[23:08:41.497] STOP to_move 1 nodes_visited 373
[23:08:41.497] START to_move 2
[23:08:41.595] STOP to_move 2 nodes_visited 1605
[23:08:41.596] START to_move 1
[23:08:41.616] STOP to_move 1 nodes_visited 342
[23:08:41.616] START to_move 2
[23:08:41.726] STOP to_move 2 nodes_visited 1815
[23:08:41.727] START to_move 1
[23:08:41.747] STOP to_move 1 nodes_visited 359
[23:08:41.747] START to_move 2
[23:08:41.866] STOP to_move 2 nodes_visited 1919
[23:08:41.867] START to_move 1
[23:08:41.907] STOP to_move 1 nodes_visited 683
[23:08:41.907] START to_move 2
[23:08:42.060] STOP to_move 2 nodes_visited 2531
[23:08:42.062] START to_move 1
[23:08:42.099] STOP to_move 1 nodes_visited 673
[23:08:42.100] START to_move 2
[23:08:42.234] STOP to_move 2 nodes_visited 2186
[23:08:42.235] START to_move 1
[23:08:42.253] STOP to_move 1 nodes_visited 333
[23:08:42.253] START to_move 2
[23:08:42.390] STOP to_move 2 nodes_visited 2216
[23:08:42.391] START to_move 1
[23:08:42.410] STOP to_move 1 nodes_visited 338
[23:08:42.411] START to_move 2
[23:08:42.558] STOP to_move 2 nodes_visited 2407
[23:08:42.559] START to_move 1
[23:08:42.576] STOP to_move 1 nodes_visited 306
[23:08:42.576] START to_move 2
[23:08:42.720] STOP to_move 2 nodes_visited 2316
[23:08:42.721] START to_move 1
[23:08:42.737] STOP to_move 1 nodes_visited 290
[23:08:42.737] START to_move 2
[23:08:42.804] STOP to_move 2 nodes_visited 1106
[23:08:42.804] START to_move 1
[23:08:42.822] STOP to_move 1 nodes_visited 318
[23:08:42.822] START to_move 2
[23:08:42.881] STOP to_move 2 nodes_visited 973
[23:08:42.881] START to_move 1
[23:08:42.898] STOP to_move 1 nodes_visited 304
[23:08:42.898] START to_move 2
[23:08:42.915] STOP to_move 2 nodes_visited 286
[23:08:42.915] START to_move 1
[23:08:42.932] STOP to_move 1 nodes_visited 277
[23:08:42.932] START to_move 2
[23:08:42.963] STOP to_move 2 nodes_visited 520
[23:08:42.963] START to_move 1
[23:08:42.979] STOP to_move 1 nodes_visited 288
[23:08:42.980] START to_move 2
[23:08:42.997] STOP to_move 2 nodes_visited 299
[23:08:42.997] START to_move 1
[23:08:43.012] STOP to_move 1 nodes_visited 271
[23:08:43.013] START to_move 2
[23:08:43.058] STOP to_move 2 nodes_visited 762
[23:08:43.059] START to_move 1
[23:08:43.076] STOP to_move 1 nodes_visited 315
[23:08:43.077] START to_move 2
[23:08:43.117] STOP to_move 2 nodes_visited 683
[23:08:43.118] START to_move 1
[23:08:43.134] STOP to_move 1 nodes_visited 300
[23:08:43.135] START to_move 2
[23:08:43.172] STOP to_move 2 nodes_visited 621
[23:08:43.172] START to_move 1
[23:08:43.191] STOP to_move 1 nodes_visited 343
[23:08:43.192] START to_move 2
[23:08:43.217] STOP to_move 2 nodes_visited 391
[23:08:43.217] START to_move 1
[23:08:43.236] STOP to_move 1 nodes_visited 337
[23:08:43.236] START to_move 2
[23:08:43.259] STOP to_move 2 nodes_visited 393
[23:08:43.259] START to_move 1
[23:08:43.279] STOP to_move 1 nodes_visited 335
[23:08:43.279] START to_move 2
[23:08:43.301] STOP to_move 2 nodes_visited 367
[23:08:43.301] START to_move 1
[23:08:43.320] STOP to_move 1 nodes_visited 331
[23:08:43.320] START to_move 2
[23:08:43.344] STOP to_move 2 nodes_visited 397
[23:08:43.344] START to_move 1
[23:08:43.362] STOP to_move 1 nodes_visited 325
[23:08:43.363] START to_move 2
[23:08:43.388] STOP to_move 2 nodes_visited 432
[23:08:43.388] START to_move 1
[23:08:43.407] STOP to_move 1 nodes_visited 327
[23:08:43.407] START to_move 2
[23:08:43.434] STOP to_move 2 nodes_visited 441
[23:08:43.434] START to_move 1
[23:08:43.452] STOP to_move 1 nodes_visited 324
[23:08:43.452] START to_move 2
[23:08:43.458] STOP to_move 2 nodes_visited 91
[23:08:43.458] START to_move 1
[23:08:43.480] STOP to_move 1 nodes_visited 390
[23:08:43.480] START to_move 2
[23:08:43.486] STOP to_move 2 nodes_visited 102
[23:08:43.486] START to_move 1
[23:08:43.514] STOP to_move 1 nodes_visited 483
[23:08:43.515] START to_move 2
[23:08:43.521] STOP to_move 2 nodes_visited 104
[23:08:43.521] START to_move 1
[23:08:43.547] STOP to_move 1 nodes_visited 480
[23:08:43.548] START to_move 2
[23:08:43.554] STOP to_move 2 nodes_visited 117
[23:08:43.555] START to_move 1
[23:08:43.575] STOP to_move 1 nodes_visited 367
[23:08:43.575] START to_move 2
[23:08:43.580] STOP to_move 2 nodes_visited 85
[23:08:43.580] START to_move 1
[23:08:43.592] STOP to_move 1 nodes_visited 217
[23:08:43.592] START to_move 2
[23:08:43.597] STOP to_move 2 nodes_visited 83
[23:08:43.597] START to_move 1
[23:08:43.606] STOP to_move 1 nodes_visited 161
[23:08:43.606] START to_move 2
[23:08:43.636] STOP to_move 2 nodes_visited 492
[23:08:43.636] START to_move 1
[23:08:43.643] STOP to_move 1 nodes_visited 140
[23:08:43.643] START to_move 2
[23:08:43.679] STOP to_move 2 nodes_visited 594
[23:08:43.679] START to_move 1
[23:08:43.689] STOP to_move 1 nodes_visited 186
[23:08:43.690] START to_move 2
[23:08:43.718] STOP to_move 2 nodes_visited 481
[23:08:43.718] START to_move 1
[23:08:43.735] STOP to_move 1 nodes_visited 289
[23:08:43.735] START to_move 2
[23:08:43.780] STOP to_move 2 nodes_visited 754
[23:08:43.781] START to_move 1
[23:08:43.791] STOP to_move 1 nodes_visited 166
[23:08:43.791] START to_move 2
[23:08:43.806] STOP to_move 2 nodes_visited 248
[23:08:43.806] START to_move 1
[23:08:43.813] STOP to_move 1 nodes_visited 125
[23:08:43.813] START to_move 2
[23:08:43.821] STOP to_move 2 nodes_visited 127
[23:08:43.821] START to_move 1
[23:08:43.830] STOP to_move 1 nodes_visited 153
[23:08:43.830] START to_move 2
[23:08:43.837] STOP to_move 2 nodes_visited 117
[23:08:43.837] START to_move 1
[23:08:43.844] STOP to_move 1 nodes_visited 127
[23:08:43.844] START to_move 2
[23:08:43.853] STOP to_move 2 nodes_visited 155
[23:08:43.853] START to_move 1
[23:08:43.859] STOP to_move 1 nodes_visited 115
[23:08:43.859] START to_move 2
[23:08:43.869] STOP to_move 2 nodes_visited 156
[23:08:43.869] END winner 2 - rounds 172
