[22:53:55.447] 1 - distance_function manhattan - pruning True
[22:53:55.448] 2 - distance_function euclides - pruning True
[22:53:55.448] START to_move 1
[22:53:55.487] STOP to_move 1 nodes_visited 672
[22:53:55.488] START to_move 2
[22:53:55.585] STOP to_move 2 nodes_visited 1594
[22:53:55.586] START to_move 1
[22:53:55.614] STOP to_move 1 nodes_visited 476
[22:53:55.614] START to_move 2
[22:53:55.735] STOP to_move 2 nodes_visited 1849
[22:53:55.736] START to_move 1
[22:53:55.765] STOP to_move 1 nodes_visited 484
[22:53:55.765] START to_move 2
[22:53:55.921] STOP to_move 2 nodes_visited 2532
[22:53:55.923] START to_move 1
[22:53:55.957] STOP to_move 1 nodes_visited 577
[22:53:55.957] START to_move 2
[22:53:56.060] STOP to_move 2 nodes_visited 1670
[22:53:56.061] START to_move 1
[22:53:56.097] STOP to_move 1 nodes_visited 640
[22:53:56.097] START to_move 2
[22:53:56.479] STOP to_move 2 nodes_visited 5981
[22:53:56.482] START to_move 1
[22:53:56.587] STOP to_move 1 nodes_visited 1793
[22:53:56.588] START to_move 2
[22:53:56.964] STOP to_move 2 nodes_visited 6062
[22:53:56.968] START to_move 1
[22:53:57.006] STOP to_move 1 nodes_visited 640
[22:53:57.007] START to_move 2
[22:53:57.368] STOP to_move 2 nodes_visited 5777
[22:53:57.371] START to_move 1
[22:53:57.524] STOP to_move 1 nodes_visited 2593
[22:53:57.526] START to_move 2
[22:53:57.907] STOP to_move 2 nodes_visited 6087
[22:53:57.910] START to_move 1
[22:53:57.928] STOP to_move 1 nodes_visited 314
[22:53:57.928] START to_move 2
[22:53:58.318] STOP to_move 2 nodes_visited 6194
[22:53:58.322] START to_move 1
[22:53:58.374] STOP to_move 1 nodes_visited 889
[22:53:58.375] START to_move 2
[22:53:58.698] STOP to_move 2 nodes_visited 5164
[22:53:58.703] START to_move 1
[22:53:58.720] STOP to_move 1 nodes_visited 305
[22:53:58.720] START to_move 2
[22:53:59.136] STOP to_move 2 nodes_visited 6583
[22:53:59.140] START to_move 1
[22:53:59.157] STOP to_move 1 nodes_visited 310
[22:53:59.157] START to_move 2
[22:53:59.376] STOP to_move 2 nodes_visited 3556
[22:53:59.377] START to_move 1
[22:53:59.395] STOP to_move 1 nodes_visited 314
[22:53:59.395] START to_move 2
[22:53:59.462] STOP to_move 2 nodes_visited 1119
[22:53:59.463] START to_move 1
[22:53:59.480] STOP to_move 1 nodes_visited 312
[22:53:59.481] START to_move 2
[22:53:59.874] STOP to_move 2 nodes_visited 6190
[22:53:59.877] START to_move 1
[22:53:59.894] STOP to_move 1 nodes_visited 307
[22:53:59.895] START to_move 2
[22:54:00.103] STOP to_move 2 nodes_visited 3452
[22:54:00.105] START to_move 1
[22:54:00.123] STOP to_move 1 nodes_visited 307
[22:54:00.124] START to_move 2
[22:54:00.332] STOP to_move 2 nodes_visited 3472
[22:54:00.334] START to_move 1
[22:54:00.355] STOP to_move 1 nodes_visited 379
[22:54:00.355] START to_move 2
[22:54:00.564] STOP to_move 2 nodes_visited 3398
[22:54:00.566] START to_move 1
[22:54:00.588] STOP to_move 1 nodes_visited 379
[22:54:00.588] START to_move 2
[22:54:00.803] STOP to_move 2 nodes_visited 3483
[22:54:00.805] START to_move 1
[22:54:00.981] STOP to_move 1 nodes_visited 2915
[22:54:00.982] START to_move 2
[22:54:01.161] STOP to_move 2 nodes_visited 2894
[22:54:01.163] START to_move 1
[22:54:01.183] STOP to_move 1 nodes_visited 372
[22:54:01.184] START to_move 2
[22:54:01.311] STOP to_move 2 nodes_visited 2138
[22:54:01.313] START to_move 1
[22:54:01.333] STOP to_move 1 nodes_visited 371
[22:54:01.333] START to_move 2
[22:54:01.478] STOP to_move 2 nodes_visited 2367
[22:54:01.479] START to_move 1
[22:54:01.500] STOP to_move 1 nodes_visited 375
[22:54:01.500] START to_move 2
[22:54:01.595] STOP to_move 2 nodes_visited 1593
[22:54:01.596] START to_move 1
[22:54:01.617] STOP to_move 1 nodes_visited 369
[22:54:01.617] START to_move 2
[22:54:01.708] STOP to_move 2 nodes_visited 1492
[22:54:01.709] START to_move 1
[22:54:01.883] STOP to_move 1 nodes_visited 2926
[22:54:01.884] START to_move 2
[22:54:01.979] STOP to_move 2 nodes_visited 1549
[22:54:01.980] START to_move 1
[22:54:02.151] STOP to_move 1 nodes_visited 2889
[22:54:02.152] START to_move 2
[22:54:02.281] STOP to_move 2 nodes_visited 2116
[22:54:02.283] START to_move 1
[22:54:02.456] STOP to_move 1 nodes_visited 2865
[22:54:02.457] START to_move 2
[22:54:02.608] STOP to_move 2 nodes_visited 2475
[22:54:02.609] START to_move 1
[22:54:02.726] STOP to_move 1 nodes_visited 1996
[22:54:02.728] START to_move 2
[22:54:03.038] STOP to_move 2 nodes_visited 4938
[22:54:03.041] START to_move 1
[22:54:03.149] STOP to_move 1 nodes_visited 1892
[22:54:03.150] START to_move 2
[22:54:03.268] STOP to_move 2 nodes_visited 1919
[22:54:03.269] START to_move 1
[22:54:03.356] STOP to_move 1 nodes_visited 1536
[22:54:03.357] START to_move 2
[22:54:03.504] STOP to_move 2 nodes_visited 2376
[22:54:03.505] START to_move 1
[22:54:03.522] STOP to_move 1 nodes_visited 304
[22:54:03.522] START to_move 2
[22:54:03.788] STOP to_move 2 nodes_visited 4247
[22:54:03.790] START to_move 1
[22:54:03.806] STOP to_move 1 nodes_visited 305
[22:54:03.807] START to_move 2
[22:54:03.932] STOP to_move 2 nodes_visited 2084
[22:54:03.933] START to_move 1
[22:54:03.950] STOP to_move 1 nodes_visited 304
[22:54:03.950] START to_move 2
[22:54:04.075] STOP to_move 2 nodes_visited 2058
[22:54:04.076] START to_move 1
[22:54:04.093] STOP to_move 1 nodes_visited 308
[22:54:04.094] START to_move 2
[22:54:04.226] STOP to_move 2 nodes_visited 2205
[22:54:04.227] START to_move 1
[22:54:04.317] STOP to_move 1 nodes_visited 1526
[22:54:04.318] START to_move 2
[22:54:04.442] STOP to_move 2 nodes_visited 2080
[22:54:04.443] START to_move 1
[22:54:04.460] STOP to_move 1 nodes_visited 320
[22:54:04.461] START to_move 2
[22:54:04.541] STOP to_move 2 nodes_visited 1313
[22:54:04.542] START to_move 1
[22:54:04.568] STOP to_move 1 nodes_visited 464
[22:54:04.569] START to_move 2
[22:54:04.656] STOP to_move 2 nodes_visited 1452
[22:54:04.656] START to_move 1
[22:54:04.718] STOP to_move 1 nodes_visited 1079
[22:54:04.719] START to_move 2
[22:54:04.793] STOP to_move 2 nodes_visited 1214
[22:54:04.794] START to_move 1
[22:54:04.820] STOP to_move 1 nodes_visited 456
[22:54:04.820] START to_move 2
[22:54:04.910] STOP to_move 2 nodes_visited 1490
[22:54:04.910] START to_move 1
[22:54:05.046] STOP to_move 1 nodes_visited 2287
[22:54:05.047] START to_move 2
[22:54:05.130] STOP to_move 2 nodes_visited 1375
[22:54:05.131] START to_move 1
[22:54:05.156] STOP to_move 1 nodes_visited 451
[22:54:05.156] START to_move 2
[22:54:05.243] STOP to_move 2 nodes_visited 1445
[22:54:05.244] START to_move 1
[22:54:05.269] STOP to_move 1 nodes_visited 447
[22:54:05.269] START to_move 2
[22:54:05.301] STOP to_move 2 nodes_visited 547
[22:54:05.301] START to_move 1
[22:54:05.328] STOP to_move 1 nodes_visited 448
[22:54:05.328] START to_move 2
[22:54:05.359] STOP to_move 2 nodes_visited 527
[22:54:05.359] START to_move 1
[22:54:05.381] STOP to_move 1 nodes_visited 402
[22:54:05.382] START to_move 2
[22:54:05.720] STOP to_move 2 nodes_visited 5489
[22:54:05.723] START to_move 1
[22:54:05.746] STOP to_move 1 nodes_visited 401
[22:54:05.746] START to_move 2
[22:54:06.067] STOP to_move 2 nodes_visited 5234
[22:54:06.070] START to_move 1
[22:54:06.156] STOP to_move 1 nodes_visited 1468
[22:54:06.157] START to_move 2
[22:54:06.370] STOP to_move 2 nodes_visited 3376
[22:54:06.372] START to_move 1
[22:54:06.394] STOP to_move 1 nodes_visited 397
[22:54:06.394] START to_move 2
[22:54:06.424] STOP to_move 2 nodes_visited 509
[22:54:06.424] START to_move 1
[22:54:06.446] STOP to_move 1 nodes_visited 397
[22:54:06.446] START to_move 2
[22:54:06.695] STOP to_move 2 nodes_visited 4034
[22:54:06.698] START to_move 1
[22:54:06.719] STOP to_move 1 nodes_visited 385
[22:54:06.719] START to_move 2
[22:54:06.762] STOP to_move 2 nodes_visited 708
[22:54:06.762] START to_move 1
[22:54:06.783] STOP to_move 1 nodes_visited 381
[22:54:06.783] START to_move 2
[22:54:07.009] STOP to_move 2 nodes_visited 3658
[22:54:07.011] START to_move 1
[22:54:07.032] STOP to_move 1 nodes_visited 379
[22:54:07.033] START to_move 2
[22:54:07.255] STOP to_move 2 nodes_visited 3614
[22:54:07.257] START to_move 1
[22:54:07.278] STOP to_move 1 nodes_visited 379
[22:54:07.278] START to_move 2
[22:54:07.507] STOP to_move 2 nodes_visited 3716
[22:54:07.509] START to_move 1
[22:54:07.532] STOP to_move 1 nodes_visited 419
[22:54:07.533] START to_move 2
[22:54:07.762] STOP to_move 2 nodes_visited 3716
[22:54:07.764] START to_move 1
[22:54:07.787] STOP to_move 1 nodes_visited 419
[22:54:07.788] START to_move 2
[22:54:08.016] STOP to_move 2 nodes_visited 3698
[22:54:08.019] START to_move 1
[22:54:08.042] STOP to_move 1 nodes_visited 420
[22:54:08.042] START to_move 2
[22:54:08.254] STOP to_move 2 nodes_visited 3428
[22:54:08.256] START to_move 1
[22:54:08.445] STOP to_move 1 nodes_visited 3163
[22:54:08.447] START to_move 2
[22:54:08.632] STOP to_move 2 nodes_visited 3033
[22:54:08.634] START to_move 1
[22:54:08.656] STOP to_move 1 nodes_visited 404
[22:54:08.656] START to_move 2
[22:54:08.876] STOP to_move 2 nodes_visited 3547
[22:54:08.878] START to_move 1
[22:54:08.900] STOP to_move 1 nodes_visited 405
[22:54:08.900] START to_move 2
[22:54:09.024] STOP to_move 2 nodes_visited 1968
[22:54:09.025] START to_move 1
[22:54:09.047] STOP to_move 1 nodes_visited 395
[22:54:09.047] START to_move 2
[22:54:09.155] STOP to_move 2 nodes_visited 1779
[22:54:09.156] START to_move 1
[22:54:09.241] STOP to_move 1 nodes_visited 1398
[22:54:09.241] START to_move 2
[22:54:09.320] STOP to_move 2 nodes_visited 1281
[22:54:09.321] START to_move 1
[22:54:09.424] STOP to_move 1 nodes_visited 1808
[22:54:09.425] START to_move 2
[22:54:09.523] STOP to_move 2 nodes_visited 1578
[22:54:09.524] START to_move 1
[22:54:09.618] STOP to_move 1 nodes_visited 1578
[22:54:09.618] START to_move 2
[22:54:09.688] STOP to_move 2 nodes_visited 1140
[22:54:09.689] START to_move 1
[22:54:09.736] STOP to_move 1 nodes_visited 822
[22:54:09.736] START to_move 2
[22:54:09.818] STOP to_move 2 nodes_visited 1284
[22:54:09.819] START to_move 1
[22:54:09.840] STOP to_move 1 nodes_visited 372
[22:54:09.840] START to_move 2
[22:54:09.945] STOP to_move 2 nodes_visited 1683
[22:54:09.945] START to_move 1
[22:54:09.965] STOP to_move 1 nodes_visited 350
[22:54:09.965] START to_move 2
[22:54:10.058] STOP to_move 2 nodes_visited 1457
[22:54:10.058] START to_move 1
[22:54:10.077] STOP to_move 1 nodes_visited 335
[22:54:10.077] START to_move 2
[22:54:10.174] STOP to_move 2 nodes_visited 1594
[22:54:10.175] START to_move 1
[22:54:10.239] STOP to_move 1 nodes_visited 1104
[22:54:10.239] START to_move 2
[22:54:10.316] STOP to_move 2 nodes_visited 1204
[22:54:10.316] START to_move 1
[22:54:10.334] STOP to_move 1 nodes_visited 317
[22:54:10.334] START to_move 2
[22:54:10.414] STOP to_move 2 nodes_visited 1311
[22:54:10.415] START to_move 1
[22:54:10.444] STOP to_move 1 nodes_visited 518
[22:54:10.444] START to_move 2
[22:54:10.531] STOP to_move 2 nodes_visited 1420
[22:54:10.532] START to_move 1
[22:54:10.550] STOP to_move 1 nodes_visited 321
[22:54:10.550] START to_move 2
[22:54:10.726] STOP to_move 2 nodes_visited 2852
[22:54:10.728] START to_move 1
[22:54:10.746] STOP to_move 1 nodes_visited 322
[22:54:10.746] START to_move 2
[22:54:10.910] STOP to_move 2 nodes_visited 2631
[22:54:10.911] START to_move 1
[22:54:10.929] STOP to_move 1 nodes_visited 321
[22:54:10.929] START to_move 2
[22:54:11.110] STOP to_move 2 nodes_visited 2875
[22:54:11.111] START to_move 1
[22:54:11.128] STOP to_move 1 nodes_visited 308
[22:54:11.129] START to_move 2
[22:54:11.292] STOP to_move 2 nodes_visited 2660
[22:54:11.293] START to_move 1
[22:54:11.312] STOP to_move 1 nodes_visited 342
[22:54:11.313] START to_move 2
[22:54:11.483] STOP to_move 2 nodes_visited 2744
[22:54:11.484] START to_move 1
[22:54:11.503] STOP to_move 1 nodes_visited 342
[22:54:11.504] START to_move 2
[22:54:11.575] STOP to_move 2 nodes_visited 1176
[22:54:11.575] START to_move 1
[22:54:11.595] STOP to_move 1 nodes_visited 358
[22:54:11.596] START to_move 2
[22:54:11.666] STOP to_move 2 nodes_visited 1146
[22:54:11.666] START to_move 1
[22:54:11.686] STOP to_move 1 nodes_visited 360
[22:54:11.686] START to_move 2
[22:54:11.755] STOP to_move 2 nodes_visited 1147
[22:54:11.756] START to_move 1
[22:54:11.775] STOP to_move 1 nodes_visited 353
[22:54:11.776] START to_move 2
[22:54:11.835] STOP to_move 2 nodes_visited 995
[22:54:11.835] START to_move 1
[22:54:11.855] STOP to_move 1 nodes_visited 353
[22:54:11.855] START to_move 2
[22:54:11.916] STOP to_move 2 nodes_visited 1017
[22:54:11.916] START to_move 1
[22:54:11.939] STOP to_move 1 nodes_visited 399
[22:54:11.940] START to_move 2
[22:54:12.005] STOP to_move 2 nodes_visited 1079
[22:54:12.005] START to_move 1
[22:54:12.090] STOP to_move 1 nodes_visited 1453
[22:54:12.091] START to_move 2
[22:54:12.151] STOP to_move 2 nodes_visited 987
[22:54:12.151] START to_move 1
[22:54:12.242] STOP to_move 1 nodes_visited 1540
[22:54:12.243] START to_move 2
[22:54:12.305] STOP to_move 2 nodes_visited 1016
[22:54:12.305] START to_move 1
[22:54:12.329] STOP to_move 1 nodes_visited 417
[22:54:12.329] START to_move 2
[22:54:12.383] STOP to_move 2 nodes_visited 901
[22:54:12.383] START to_move 1
[22:54:12.410] STOP to_move 1 nodes_visited 467
[22:54:12.410] START to_move 2
[22:54:12.471] STOP to_move 2 nodes_visited 991
[22:54:12.471] START to_move 1
[22:54:12.497] STOP to_move 1 nodes_visited 468
[22:54:12.498] START to_move 2
[22:54:12.558] STOP to_move 2 nodes_visited 1010
[22:54:12.559] START to_move 1
[22:54:12.591] STOP to_move 1 nodes_visited 562
[22:54:12.592] START to_move 2
[22:54:12.652] STOP to_move 2 nodes_visited 998
[22:54:12.652] START to_move 1
[22:54:12.681] STOP to_move 1 nodes_visited 514
[22:54:12.682] START to_move 2
[22:54:12.731] STOP to_move 2 nodes_visited 830
[22:54:12.732] START to_move 1
[22:54:12.758] STOP to_move 1 nodes_visited 451
[22:54:12.759] START to_move 2
[22:54:12.816] STOP to_move 2 nodes_visited 958
[22:54:12.817] START to_move 1
[22:54:12.828] STOP to_move 1 nodes_visited 215
[22:54:12.828] START to_move 2
[22:54:12.881] STOP to_move 2 nodes_visited 871
[22:54:12.881] START to_move 1
[22:54:12.893] STOP to_move 1 nodes_visited 219
[22:54:12.893] START to_move 2
[22:54:12.942] STOP to_move 2 nodes_visited 819
[22:54:12.942] START to_move 1
[22:54:12.953] STOP to_move 1 nodes_visited 216
[22:54:12.954] START to_move 2
[22:54:13.010] STOP to_move 2 nodes_visited 908
[22:54:13.010] START to_move 1
[22:54:13.022] STOP to_move 1 nodes_visited 212
[22:54:13.022] START to_move 2
[22:54:13.066] STOP to_move 2 nodes_visited 736
[22:54:13.067] START to_move 1
[22:54:13.077] STOP to_move 1 nodes_visited 205
[22:54:13.078] START to_move 2
[22:54:13.122] STOP to_move 2 nodes_visited 731
[22:54:13.123] START to_move 1
[22:54:13.134] STOP to_move 1 nodes_visited 205
[22:54:13.134] START to_move 2
[22:54:13.177] STOP to_move 2 nodes_visited 726
[22:54:13.178] START to_move 1
[22:54:13.188] STOP to_move 1 nodes_visited 205
[22:54:13.189] START to_move 2
[22:54:13.232] STOP to_move 2 nodes_visited 726
[22:54:13.232] START to_move 1
[22:54:13.243] STOP to_move 1 nodes_visited 200
[22:54:13.243] START to_move 2
[22:54:13.282] STOP to_move 2 nodes_visited 643
[22:54:13.282] START to_move 1
[22:54:13.293] STOP to_move 1 nodes_visited 200
[22:54:13.293] START to_move 2
[22:54:13.327] STOP to_move 2 nodes_visited 560
[22:54:13.328] START to_move 1
[22:54:13.339] STOP to_move 1 nodes_visited 203
[22:54:13.339] START to_move 2
[22:54:13.386] STOP to_move 2 nodes_visited 793
[22:54:13.387] START to_move 1
[22:54:13.402] STOP to_move 1 nodes_visited 288
[22:54:13.403] START to_move 2
[22:54:13.431] STOP to_move 2 nodes_visited 467
[22:54:13.431] START to_move 1
[22:54:13.447] STOP to_move 1 nodes_visited 300
[22:54:13.447] START to_move 2
[22:54:13.474] STOP to_move 2 nodes_visited 446
[22:54:13.474] START to_move 1
[22:54:13.490] STOP to_move 1 nodes_visited 300
[22:54:13.490] START to_move 2
[22:54:13.522] STOP to_move 2 nodes_visited 537
[22:54:13.523] START to_move 1
[22:54:13.535] STOP to_move 1 nodes_visited 225
[22:54:13.535] START to_move 2
[22:54:13.568] STOP to_move 2 nodes_visited 555
[22:54:13.568] START to_move 1
[22:54:13.585] STOP to_move 1 nodes_visited 286
[22:54:13.585] START to_move 2
[22:54:13.625] STOP to_move 2 nodes_visited 670
[22:54:13.625] START to_move 1
[22:54:13.640] STOP to_move 1 nodes_visited 265
[22:54:13.640] START to_move 2
[22:54:13.665] STOP to_move 2 nodes_visited 422
[22:54:13.666] START to_move 1
[22:54:13.676] STOP to_move 1 nodes_visited 200
[22:54:13.676] START to_move 2
[22:54:13.715] STOP to_move 2 nodes_visited 647
[22:54:13.715] START to_move 1
[22:54:13.726] STOP to_move 1 nodes_visited 200
[22:54:13.726] START to_move 2
[22:54:13.765] STOP to_move 2 nodes_visited 647
[22:54:13.765] START to_move 1
[22:54:13.776] STOP to_move 1 nodes_visited 200
[22:54:13.776] START to_move 2
[22:54:13.812] STOP to_move 2 nodes_visited 607
[22:54:13.812] START to_move 1
[22:54:13.823] STOP to_move 1 nodes_visited 195
[22:54:13.823] START to_move 2
[22:54:13.859] STOP to_move 2 nodes_visited 607
[22:54:13.859] START to_move 1
[22:54:13.870] STOP to_move 1 nodes_visited 177
[22:54:13.870] START to_move 2
[22:54:13.907] STOP to_move 2 nodes_visited 620
[22:54:13.907] START to_move 1
[22:54:13.928] STOP to_move 1 nodes_visited 364
[22:54:13.928] START to_move 2
[22:54:13.952] STOP to_move 2 nodes_visited 414
[22:54:13.953] START to_move 1
[22:54:13.979] STOP to_move 1 nodes_visited 426
[22:54:13.979] START to_move 2
[22:54:14.003] STOP to_move 2 nodes_visited 399
[22:54:14.003] START to_move 1
[22:54:14.016] STOP to_move 1 nodes_visited 247
[22:54:14.017] START to_move 2
[22:54:14.030] STOP to_move 2 nodes_visited 230
[22:54:14.030] START to_move 1
[22:54:14.039] STOP to_move 1 nodes_visited 171
[22:54:14.039] START to_move 2
[22:54:14.049] STOP to_move 2 nodes_visited 165
[22:54:14.049] START to_move 1
[22:54:14.057] STOP to_move 1 nodes_visited 153
[22:54:14.057] START to_move 2
[22:54:14.070] STOP to_move 2 nodes_visited 215
[22:54:14.070] START to_move 1
[22:54:14.082] STOP to_move 1 nodes_visited 204
[22:54:14.082] START to_move 2
[22:54:14.095] STOP to_move 2 nodes_visited 226
[22:54:14.095] START to_move 1
[22:54:14.105] STOP to_move 1 nodes_visited 179
[22:54:14.105] START to_move 2
[22:54:14.115] STOP to_move 2 nodes_visited 171
[22:54:14.115] START to_move 1
[22:54:14.127] STOP to_move 1 nodes_visited 217
[22:54:14.127] START to_move 2
[22:54:14.133] STOP to_move 2 nodes_visited 99
[22:54:14.133] START to_move 1
[22:54:14.143] STOP to_move 1 nodes_visited 183
[22:54:14.144] START to_move 2
[22:54:14.150] STOP to_move 2 nodes_visited 109
[22:54:14.150] START to_move 1
[22:54:14.162] STOP to_move 1 nodes_visited 186
[22:54:14.162] START to_move 2
[22:54:14.169] STOP to_move 2 nodes_visited 131
[22:54:14.170] START to_move 1
[22:54:14.179] STOP to_move 1 nodes_visited 182
[22:54:14.180] START to_move 2
[22:54:14.191] STOP to_move 2 nodes_visited 201
[22:54:14.192] START to_move 1
[22:54:14.201] STOP to_move 1 nodes_visited 181
[22:54:14.202] START to_move 2
[22:54:14.214] STOP to_move 2 nodes_visited 211
[22:54:14.214] START to_move 1
[22:54:14.237] STOP to_move 1 nodes_visited 407
[22:54:14.238] START to_move 2
[22:54:14.246] STOP to_move 2 nodes_visited 151
[22:54:14.246] START to_move 1
[22:54:14.259] STOP to_move 1 nodes_visited 220
[22:54:14.259] START to_move 2
[22:54:14.274] STOP to_move 2 nodes_visited 254
[22:54:14.275] START to_move 1
[22:54:14.287] STOP to_move 1 nodes_visited 206
[22:54:14.287] START to_move 2
[22:54:14.296] STOP to_move 2 nodes_visited 160
[22:54:14.296] START to_move 1
[22:54:14.307] STOP to_move 1 nodes_visited 198
[22:54:14.307] START to_move 2
[22:54:14.318] STOP to_move 2 nodes_visited 175
[22:54:14.318] START to_move 1
[22:54:14.327] STOP to_move 1 nodes_visited 169
[22:54:14.327] START to_move 2
[22:54:14.338] STOP to_move 2 nodes_visited 182
[22:54:14.338] START to_move 1
[22:54:14.351] STOP to_move 1 nodes_visited 234
[22:54:14.351] START to_move 2
[22:54:14.362] STOP to_move 2 nodes_visited 189
[22:54:14.362] START to_move 1
[22:54:14.371] STOP to_move 1 nodes_visited 169
[22:54:14.372] START to_move 2
[22:54:14.382] STOP to_move 2 nodes_visited 180
[22:54:14.382] START to_move 1
[22:54:14.393] STOP to_move 1 nodes_visited 200
[22:54:14.393] START to_move 2
[22:54:14.404] STOP to_move 2 nodes_visited 187
[22:54:14.404] START to_move 1
[22:54:14.413] STOP to_move 1 nodes_visited 171
[22:54:14.413] START to_move 2
[22:54:14.424] STOP to_move 2 nodes_visited 180
[22:54:14.424] START to_move 1
[22:54:14.437] STOP to_move 1 nodes_visited 232
[22:54:14.437] START to_move 2
[22:54:14.448] STOP to_move 2 nodes_visited 187
[22:54:14.448] START to_move 1
[22:54:14.459] STOP to_move 1 nodes_visited 173
[22:54:14.459] START to_move 2
[22:54:14.469] STOP to_move 2 nodes_visited 180
[22:54:14.469] START to_move 1
[22:54:14.481] STOP to_move 1 nodes_visited 204
[22:54:14.481] START to_move 2
[22:54:14.492] STOP to_move 2 nodes_visited 187
[22:54:14.492] START to_move 1
[22:54:14.501] STOP to_move 1 nodes_visited 173
[22:54:14.501] START to_move 2
[22:54:14.512] STOP to_move 2 nodes_visited 180
[22:54:14.512] START to_move 1
[22:54:14.524] STOP to_move 1 nodes_visited 232
[22:54:14.524] START to_move 2
[22:54:14.537] STOP to_move 2 nodes_visited 210
[22:54:14.537] START to_move 1
[22:54:14.545] STOP to_move 1 nodes_visited 164
[22:54:14.546] START to_move 2
[22:54:14.561] STOP to_move 2 nodes_visited 262
[22:54:14.561] START to_move 1
[22:54:14.571] STOP to_move 1 nodes_visited 188
[22:54:14.572] START to_move 2
[22:54:14.584] STOP to_move 2 nodes_visited 215
[22:54:14.584] START to_move 1
[22:54:14.593] STOP to_move 1 nodes_visited 162
[22:54:14.593] START to_move 2
[22:54:14.605] STOP to_move 2 nodes_visited 202
[22:54:14.605] START to_move 1
[22:54:14.617] STOP to_move 1 nodes_visited 206
[22:54:14.617] START to_move 2
[22:54:14.638] STOP to_move 2 nodes_visited 361
[22:54:14.638] START to_move 1
[22:54:14.646] STOP to_move 1 nodes_visited 152
[22:54:14.647] START to_move 2
[22:54:14.666] STOP to_move 2 nodes_visited 329
[22:54:14.666] START to_move 1
[22:54:14.676] STOP to_move 1 nodes_visited 168
[22:54:14.676] START to_move 2
[22:54:14.688] STOP to_move 2 nodes_visited 203
[22:54:14.688] START to_move 1
[22:54:14.696] STOP to_move 1 nodes_visited 148
[22:54:14.696] START to_move 2
[22:54:14.710] STOP to_move 2 nodes_visited 244
[22:54:14.710] START to_move 1
[22:54:14.722] STOP to_move 1 nodes_visited 202
[22:54:14.722] START to_move 2
[22:54:14.735] STOP to_move 2 nodes_visited 219
[22:54:14.735] START to_move 1
[22:54:14.743] STOP to_move 1 nodes_visited 148
[22:54:14.743] START to_move 2
[22:54:14.758] STOP to_move 2 nodes_visited 244
[22:54:14.759] START to_move 1
[22:54:14.770] STOP to_move 1 nodes_visited 202
[22:54:14.770] START to_move 2
[22:54:14.791] STOP to_move 2 nodes_visited 354
[22:54:14.791] START to_move 1
[22:54:14.799] STOP to_move 1 nodes_visited 145
[22:54:14.799] START to_move 2
[22:54:14.819] STOP to_move 2 nodes_visited 331
[22:54:14.819] START to_move 1
[22:54:14.829] STOP to_move 1 nodes_visited 188
[22:54:14.830] START to_move 2
[22:54:14.852] STOP to_move 2 nodes_visited 383
[22:54:14.852] START to_move 1
[22:54:14.860] STOP to_move 1 nodes_visited 136
[22:54:14.860] START to_move 2
[22:54:14.879] STOP to_move 2 nodes_visited 317
[22:54:14.879] START to_move 1
[22:54:14.888] STOP to_move 1 nodes_visited 171
[22:54:14.889] START to_move 2
[22:54:14.910] STOP to_move 2 nodes_visited 355
[22:54:14.910] START to_move 1
[22:54:14.918] STOP to_move 1 nodes_visited 139
[22:54:14.918] START to_move 2
[22:54:14.937] STOP to_move 2 nodes_visited 317
[22:54:14.937] START to_move 1
[22:54:14.945] STOP to_move 1 nodes_visited 153
[22:54:14.945] START to_move 2
[22:54:14.967] STOP to_move 2 nodes_visited 355
[22:54:14.967] START to_move 1
[22:54:14.975] STOP to_move 1 nodes_visited 140
[22:54:14.975] START to_move 2
[22:54:14.986] STOP to_move 2 nodes_visited 194
[22:54:14.986] START to_move 1
[22:54:14.995] STOP to_move 1 nodes_visited 167
[22:54:14.996] START to_move 2
[22:54:15.007] STOP to_move 2 nodes_visited 199
[22:54:15.007] START to_move 1
[22:54:15.015] STOP to_move 1 nodes_visited 142
[22:54:15.015] START to_move 2
[22:54:15.029] STOP to_move 2 nodes_visited 233
[22:54:15.029] START to_move 1
[22:54:15.039] STOP to_move 1 nodes_visited 191
[22:54:15.040] START to_move 2
[22:54:15.053] STOP to_move 2 nodes_visited 206
[22:54:15.053] START to_move 1
[22:54:15.060] STOP to_move 1 nodes_visited 134
[22:54:15.061] START to_move 2
[22:54:15.075] STOP to_move 2 nodes_visited 247
[22:54:15.075] START to_move 1
[22:54:15.084] STOP to_move 1 nodes_visited 153
[22:54:15.084] START to_move 2
[22:54:15.095] STOP to_move 2 nodes_visited 197
[22:54:15.096] START to_move 1
[22:54:15.103] STOP to_move 1 nodes_visited 132
[22:54:15.103] START to_move 2
[22:54:15.117] STOP to_move 2 nodes_visited 243
[22:54:15.118] START to_move 1
[22:54:15.127] STOP to_move 1 nodes_visited 176
[22:54:15.127] START to_move 2
[22:54:15.142] STOP to_move 2 nodes_visited 253
[22:54:15.142] START to_move 1
[22:54:15.149] STOP to_move 1 nodes_visited 127
[22:54:15.149] START to_move 2
[22:54:15.166] STOP to_move 2 nodes_visited 265
[22:54:15.166] START to_move 1
[22:54:15.174] STOP to_move 1 nodes_visited 142
[22:54:15.174] START to_move 2
[22:54:15.196] STOP to_move 2 nodes_visited 377
[22:54:15.197] START to_move 1
[22:54:15.203] STOP to_move 1 nodes_visited 127
[22:54:15.204] START to_move 2
[22:54:15.218] STOP to_move 2 nodes_visited 240
[22:54:15.218] START to_move 1
[22:54:15.226] STOP to_move 1 nodes_visited 140
[22:54:15.226] START to_move 2
[22:54:15.248] STOP to_move 2 nodes_visited 369
[22:54:15.248] START to_move 1
[22:54:15.255] STOP to_move 1 nodes_visited 122
[22:54:15.255] START to_move 2
[22:54:15.269] STOP to_move 2 nodes_visited 237
[22:54:15.270] START to_move 1
[22:54:15.277] STOP to_move 1 nodes_visited 135
[22:54:15.277] START to_move 2
[22:54:15.288] STOP to_move 2 nodes_visited 175
[22:54:15.288] START to_move 1
[22:54:15.294] STOP to_move 1 nodes_visited 112
[22:54:15.294] START to_move 2
[22:54:15.307] STOP to_move 2 nodes_visited 216
[22:54:15.307] START to_move 1
[22:54:15.316] STOP to_move 1 nodes_visited 154
[22:54:15.316] START to_move 2
[22:54:15.326] STOP to_move 2 nodes_visited 166
[22:54:15.326] START to_move 1
[22:54:15.332] STOP to_move 1 nodes_visited 112
[22:54:15.332] START to_move 2
[22:54:15.345] STOP to_move 2 nodes_visited 214
[22:54:15.345] START to_move 1
[22:54:15.352] STOP to_move 1 nodes_visited 129
[22:54:15.352] START to_move 2
[22:54:15.364] STOP to_move 2 nodes_visited 171
[22:54:15.364] START to_move 1
[22:54:15.370] STOP to_move 1 nodes_visited 110
[22:54:15.370] START to_move 2
[22:54:15.384] STOP to_move 2 nodes_visited 220
[22:54:15.384] START to_move 1
[22:54:15.390] STOP to_move 1 nodes_visited 121
[22:54:15.390] START to_move 2
[22:54:15.402] STOP to_move 2 nodes_visited 193
[22:54:15.402] START to_move 1
[22:54:15.408] STOP to_move 1 nodes_visited 106
[22:54:15.408] START to_move 2
[22:54:15.418] STOP to_move 2 nodes_visited 159
[22:54:15.418] START to_move 1
[22:54:15.424] STOP to_move 1 nodes_visited 123
[22:54:15.425] START to_move 2
[22:54:15.436] STOP to_move 2 nodes_visited 189
[22:54:15.436] START to_move 1
[22:54:15.441] STOP to_move 1 nodes_visited 101
[22:54:15.442] START to_move 2
[22:54:15.454] STOP to_move 2 nodes_visited 212
[22:54:15.454] START to_move 1
[22:54:15.461] STOP to_move 1 nodes_visited 122
[22:54:15.461] START to_move 2
[22:54:15.475] STOP to_move 2 nodes_visited 219
[22:54:15.475] START to_move 1
[22:54:15.480] STOP to_move 1 nodes_visited 91
[22:54:15.480] START to_move 2
[22:54:15.488] STOP to_move 2 nodes_visited 122
[22:54:15.488] START to_move 1
[22:54:15.495] STOP to_move 1 nodes_visited 133
[22:54:15.495] START to_move 2
[22:54:15.503] STOP to_move 2 nodes_visited 128
[22:54:15.503] START to_move 1
[22:54:15.508] STOP to_move 1 nodes_visited 90
[22:54:15.508] START to_move 2
[22:54:15.515] STOP to_move 2 nodes_visited 128
[22:54:15.515] START to_move 1
[22:54:15.521] STOP to_move 1 nodes_visited 107
[22:54:15.521] START to_move 2
[22:54:15.529] STOP to_move 2 nodes_visited 137
[22:54:15.530] START to_move 1
[22:54:15.534] STOP to_move 1 nodes_visited 90
[22:54:15.535] START to_move 2
[22:54:15.542] STOP to_move 2 nodes_visited 122
[22:54:15.542] START to_move 1
[22:54:15.548] STOP to_move 1 nodes_visited 117
[22:54:15.548] START to_move 2
[22:54:15.556] STOP to_move 2 nodes_visited 127
[22:54:15.556] START to_move 1
[22:54:15.560] STOP to_move 1 nodes_visited 73
[22:54:15.560] START to_move 2
[22:54:15.565] STOP to_move 2 nodes_visited 83
[22:54:15.565] START to_move 1
[22:54:15.571] STOP to_move 1 nodes_visited 99
[22:54:15.571] START to_move 2
[22:54:15.577] STOP to_move 2 nodes_visited 101
[22:54:15.577] START to_move 1
[22:54:15.581] STOP to_move 1 nodes_visited 79
[22:54:15.581] START to_move 2
[22:54:15.586] STOP to_move 2 nodes_visited 79
[22:54:15.586] START to_move 1
[22:54:15.593] STOP to_move 1 nodes_visited 117
[22:54:15.593] START to_move 2
[22:54:15.597] STOP to_move 2 nodes_visited 77
[22:54:15.597] START to_move 1
[22:54:15.601] STOP to_move 1 nodes_visited 62
[22:54:15.601] START to_move 2
[22:54:15.606] STOP to_move 2 nodes_visited 83
[22:54:15.606] START to_move 1
[22:54:15.612] STOP to_move 1 nodes_visited 111
[22:54:15.612] START to_move 2
[22:54:15.618] STOP to_move 2 nodes_visited 103
[22:54:15.618] START to_move 1
[22:54:15.622] STOP to_move 1 nodes_visited 63
[22:54:15.622] START to_move 2
[22:54:15.626] STOP to_move 2 nodes_visited 64
[22:54:15.626] START to_move 1
[22:54:15.631] STOP to_move 1 nodes_visited 87
[22:54:15.631] START to_move 2
[22:54:15.642] STOP to_move 2 nodes_visited 183
[22:54:15.642] START to_move 1
[22:54:15.645] STOP to_move 1 nodes_visited 60
[22:54:15.645] START to_move 2
[22:54:15.656] STOP to_move 2 nodes_visited 174
[22:54:15.656] START to_move 1
[22:54:15.661] STOP to_move 1 nodes_visited 80
[22:54:15.661] START to_move 2
[22:54:15.672] STOP to_move 2 nodes_visited 177
[22:54:15.672] START to_move 1
[22:54:15.675] STOP to_move 1 nodes_visited 54
[22:54:15.675] START to_move 2
[22:54:15.684] STOP to_move 2 nodes_visited 155
[22:54:15.684] START to_move 1
[22:54:15.688] STOP to_move 1 nodes_visited 63
[22:54:15.688] START to_move 2
[22:54:15.700] STOP to_move 2 nodes_visited 181
[22:54:15.700] START to_move 1
[22:54:15.703] STOP to_move 1 nodes_visited 58
[22:54:15.704] START to_move 2
[22:54:15.713] STOP to_move 2 nodes_visited 157
[22:54:15.713] START to_move 1
[22:54:15.717] STOP to_move 1 nodes_visited 64
[22:54:15.717] START to_move 2
[22:54:15.723] STOP to_move 2 nodes_visited 87
[22:54:15.723] START to_move 1
[22:54:15.726] STOP to_move 1 nodes_visited 50
[22:54:15.726] START to_move 2
[22:54:15.730] STOP to_move 2 nodes_visited 67
[22:54:15.730] START to_move 1
[22:54:15.734] STOP to_move 1 nodes_visited 67
[22:54:15.734] START to_move 2
[22:54:15.741] STOP to_move 2 nodes_visited 119
[22:54:15.741] START to_move 1
[22:54:15.744] STOP to_move 1 nodes_visited 62
[22:54:15.744] START to_move 2
[22:54:15.749] STOP to_move 2 nodes_visited 77
[22:54:15.749] START to_move 1
[22:54:15.752] STOP to_move 1 nodes_visited 53
[22:54:15.752] START to_move 2
[22:54:15.758] STOP to_move 2 nodes_visited 97
[22:54:15.758] START to_move 1
[22:54:15.761] STOP to_move 1 nodes_visited 43
[22:54:15.761] START to_move 2
[22:54:15.765] STOP to_move 2 nodes_visited 66
[22:54:15.765] START to_move 1
[22:54:15.768] STOP to_move 1 nodes_visited 49
[22:54:15.768] START to_move 2
[22:54:15.772] STOP to_move 2 nodes_visited 71
[22:54:15.772] START to_move 1
[22:54:15.774] STOP to_move 1 nodes_visited 36
[22:54:15.774] START to_move 2
[22:54:15.777] STOP to_move 2 nodes_visited 62
[22:54:15.778] START to_move 1
[22:54:15.780] STOP to_move 1 nodes_visited 38
[22:54:15.780] START to_move 2
[22:54:15.784] STOP to_move 2 nodes_visited 69
[22:54:15.784] START to_move 1
[22:54:15.786] STOP to_move 1 nodes_visited 32
[22:54:15.786] START to_move 2
[22:54:15.788] STOP to_move 2 nodes_visited 34
[22:54:15.788] START to_move 1
[22:54:15.790] STOP to_move 1 nodes_visited 39
[22:54:15.790] START to_move 2
[22:54:15.793] STOP to_move 2 nodes_visited 41
[22:54:15.793] START to_move 1
[22:54:15.795] STOP to_move 1 nodes_visited 38
[22:54:15.795] START to_move 2
[22:54:15.797] STOP to_move 2 nodes_visited 30
[22:54:15.797] START to_move 1
[22:54:15.799] STOP to_move 1 nodes_visited 44
[22:54:15.799] START to_move 2
[22:54:15.802] STOP to_move 2 nodes_visited 43
[22:54:15.802] START to_move 1
[22:54:15.804] STOP to_move 1 nodes_visited 41
[22:54:15.804] START to_move 2
[22:54:15.807] STOP to_move 2 nodes_visited 50
[22:54:15.807] START to_move 1
[22:54:15.810] STOP to_move 1 nodes_visited 46
[22:54:15.810] START to_move 2
[22:54:15.812] STOP to_move 2 nodes_visited 43
[22:54:15.812] START to_move 1
[22:54:15.814] STOP to_move 1 nodes_visited 25
[22:54:15.814] START to_move 2
[22:54:15.819] STOP to_move 2 nodes_visited 78
[22:54:15.819] START to_move 1
[22:54:15.821] STOP to_move 1 nodes_visited 41
[22:54:15.821] START to_move 2
[22:54:15.824] STOP to_move 2 nodes_visited 45
[22:54:15.824] START to_move 1
[22:54:15.826] STOP to_move 1 nodes_visited 31
[22:54:15.826] START to_move 2
[22:54:15.827] STOP to_move 2 nodes_visited 30
[22:54:15.828] START to_move 1
[22:54:15.829] STOP to_move 1 nodes_visited 33
[22:54:15.829] START to_move 2
[22:54:15.831] STOP to_move 2 nodes_visited 25
[22:54:15.831] START to_move 1
[22:54:15.832] STOP to_move 1 nodes_visited 13
[22:54:15.832] START to_move 2
[22:54:15.834] STOP to_move 2 nodes_visited 40
[22:54:15.834] START to_move 1
[22:54:15.836] STOP to_move 1 nodes_visited 29
[22:54:15.836] START to_move 2
[22:54:15.838] STOP to_move 2 nodes_visited 49
[22:54:15.839] START to_move 1
[22:54:15.840] STOP to_move 1 nodes_visited 25
[22:54:15.840] START to_move 2
[22:54:15.841] STOP to_move 2 nodes_visited 21
[22:54:15.841] START to_move 1
[22:54:15.842] STOP to_move 1 nodes_visited 18
[22:54:15.842] START to_move 2
[22:54:15.844] STOP to_move 2 nodes_visited 21
[22:54:15.844] START to_move 1
[22:54:15.844] STOP to_move 1 nodes_visited 6
[22:54:15.844] START to_move 2
[22:54:15.845] STOP to_move 2 nodes_visited 25
[22:54:15.845] START to_move 1
[22:54:15.847] STOP to_move 1 nodes_visited 30
[22:54:15.847] START to_move 2
[22:54:15.849] STOP to_move 2 nodes_visited 27
[22:54:15.849] START to_move 1
[22:54:15.850] STOP to_move 1 nodes_visited 23
[22:54:15.864] END winner 0 - rounds 437
