[22:00:16.932] 1 - distance_function manhattan - pruning True
[22:00:16.932] 2 - distance_function euclides - pruning True
[22:00:16.933] START to_move 1
[22:00:17.079] STOP to_move 1 nodes_visited 2506
[22:00:17.081] START to_move 2
[22:00:17.557] STOP to_move 2 nodes_visited 7043
[22:00:17.562] START to_move 1
[22:00:17.650] STOP to_move 1 nodes_visited 1533
[22:00:17.651] START to_move 2
[22:00:17.929] STOP to_move 2 nodes_visited 4324
[22:00:17.931] START to_move 1
[22:00:18.026] STOP to_move 1 nodes_visited 1626
[22:00:18.027] START to_move 2
[22:00:18.129] STOP to_move 2 nodes_visited 1650
[22:00:18.130] START to_move 1
[22:00:18.191] STOP to_move 1 nodes_visited 1076
[22:00:18.192] START to_move 2
[22:00:18.352] STOP to_move 2 nodes_visited 2499
[22:00:18.353] START to_move 1
[22:00:18.414] STOP to_move 1 nodes_visited 1065
[22:00:18.415] START to_move 2
[22:00:18.483] STOP to_move 2 nodes_visited 1083
[22:00:18.484] START to_move 1
[22:00:18.543] STOP to_move 1 nodes_visited 1035
[22:00:18.544] START to_move 2
[22:00:18.612] STOP to_move 2 nodes_visited 1128
[22:00:18.613] START to_move 1
[22:00:18.636] STOP to_move 1 nodes_visited 407
[22:00:18.636] START to_move 2
[22:00:18.697] STOP to_move 2 nodes_visited 1000
[22:00:18.698] START to_move 1
[22:00:18.716] STOP to_move 1 nodes_visited 340
[22:00:18.717] START to_move 2
[22:00:18.806] STOP to_move 2 nodes_visited 1466
[22:00:18.806] START to_move 1
[22:00:18.826] STOP to_move 1 nodes_visited 348
[22:00:18.826] START to_move 2
[22:00:19.060] STOP to_move 2 nodes_visited 3725
[22:00:19.062] START to_move 1
[22:00:19.176] STOP to_move 1 nodes_visited 1971
[22:00:19.177] START to_move 2
[22:00:19.298] STOP to_move 2 nodes_visited 1965
[22:00:19.300] START to_move 1
[22:00:19.318] STOP to_move 1 nodes_visited 342
[22:00:19.318] START to_move 2
[22:00:19.426] STOP to_move 2 nodes_visited 1784
[22:00:19.427] START to_move 1
[22:00:19.446] STOP to_move 1 nodes_visited 344
[22:00:19.446] START to_move 2
[22:00:19.559] STOP to_move 2 nodes_visited 1832
[22:00:19.560] START to_move 1
[22:00:19.579] STOP to_move 1 nodes_visited 340
[22:00:19.579] START to_move 2
[22:00:19.662] STOP to_move 2 nodes_visited 1370
[22:00:19.663] START to_move 1
[22:00:19.693] STOP to_move 1 nodes_visited 534
[22:00:19.694] START to_move 2
[22:00:19.869] STOP to_move 2 nodes_visited 2841
[22:00:19.871] START to_move 1
[22:00:19.901] STOP to_move 1 nodes_visited 534
[22:00:19.901] START to_move 2
[22:00:19.947] STOP to_move 2 nodes_visited 766
[22:00:19.947] START to_move 1
[22:00:19.978] STOP to_move 1 nodes_visited 549
[22:00:19.979] START to_move 2
[22:00:20.020] STOP to_move 2 nodes_visited 693
[22:00:20.020] START to_move 1
[22:00:20.051] STOP to_move 1 nodes_visited 549
[22:00:20.052] START to_move 2
[22:00:20.093] STOP to_move 2 nodes_visited 674
[22:00:20.094] START to_move 1
[22:00:20.124] STOP to_move 1 nodes_visited 530
[22:00:20.124] START to_move 2
[22:00:20.164] STOP to_move 2 nodes_visited 675
[22:00:20.164] START to_move 1
[22:00:20.195] STOP to_move 1 nodes_visited 534
[22:00:20.195] START to_move 2
[22:00:20.235] STOP to_move 2 nodes_visited 677
[22:00:20.236] START to_move 1
[22:00:20.265] STOP to_move 1 nodes_visited 528
[22:00:20.265] START to_move 2
[22:00:20.309] STOP to_move 2 nodes_visited 727
[22:00:20.309] START to_move 1
[22:00:20.339] STOP to_move 1 nodes_visited 530
[22:00:20.339] START to_move 2
[22:00:20.384] STOP to_move 2 nodes_visited 733
[22:00:20.384] START to_move 1
[22:00:20.414] STOP to_move 1 nodes_visited 530
[22:00:20.415] START to_move 2
[22:00:20.632] STOP to_move 2 nodes_visited 3434
[22:00:20.634] START to_move 1
[22:00:20.664] STOP to_move 1 nodes_visited 521
[22:00:20.664] START to_move 2
[22:00:20.868] STOP to_move 2 nodes_visited 3343
[22:00:20.870] START to_move 1
[22:00:20.902] STOP to_move 1 nodes_visited 525
[22:00:20.902] START to_move 2
[22:00:21.101] STOP to_move 2 nodes_visited 3266
[22:00:21.103] START to_move 1
[22:00:21.133] STOP to_move 1 nodes_visited 531
[22:00:21.134] START to_move 2
[22:00:21.338] STOP to_move 2 nodes_visited 3314
[22:00:21.340] START to_move 1
[22:00:21.366] STOP to_move 1 nodes_visited 464
[22:00:21.366] START to_move 2
[22:00:21.572] STOP to_move 2 nodes_visited 3316
[22:00:21.574] START to_move 1
[22:00:21.600] STOP to_move 1 nodes_visited 468
[22:00:21.600] START to_move 2
[22:00:21.808] STOP to_move 2 nodes_visited 3334
[22:00:21.810] START to_move 1
[22:00:21.837] STOP to_move 1 nodes_visited 473
[22:00:21.837] START to_move 2
[22:00:21.993] STOP to_move 2 nodes_visited 2533
[22:00:21.995] START to_move 1
[22:00:22.021] STOP to_move 1 nodes_visited 469
[22:00:22.022] START to_move 2
[22:00:22.084] STOP to_move 2 nodes_visited 1042
[22:00:22.084] START to_move 1
[22:00:22.110] STOP to_move 1 nodes_visited 468
[22:00:22.111] START to_move 2
[22:00:22.252] STOP to_move 2 nodes_visited 2295
[22:00:22.253] START to_move 1
[22:00:22.280] STOP to_move 1 nodes_visited 465
[22:00:22.280] START to_move 2
[22:00:22.325] STOP to_move 2 nodes_visited 735
[22:00:22.325] START to_move 1
[22:00:22.352] STOP to_move 1 nodes_visited 470
[22:00:22.352] START to_move 2
[22:00:22.467] STOP to_move 2 nodes_visited 1847
[22:00:22.468] START to_move 1
[22:00:22.494] STOP to_move 1 nodes_visited 468
[22:00:22.494] START to_move 2
[22:00:22.602] STOP to_move 2 nodes_visited 1787
[22:00:22.603] START to_move 1
[22:00:22.718] STOP to_move 1 nodes_visited 1936
[22:00:22.719] START to_move 2
[22:00:22.772] STOP to_move 2 nodes_visited 869
[22:00:22.772] START to_move 1
[22:00:23.025] STOP to_move 1 nodes_visited 4247
[22:00:23.027] START to_move 2
[22:00:23.070] STOP to_move 2 nodes_visited 705
[22:00:23.070] START to_move 1
[22:00:23.232] STOP to_move 1 nodes_visited 2733
[22:00:23.234] START to_move 2
[22:00:23.343] STOP to_move 2 nodes_visited 1830
[22:00:23.344] START to_move 1
[22:00:23.556] STOP to_move 1 nodes_visited 3464
[22:00:23.558] START to_move 2
[22:00:23.642] STOP to_move 2 nodes_visited 1378
[22:00:23.643] START to_move 1
[22:00:23.782] STOP to_move 1 nodes_visited 2359
[22:00:23.783] START to_move 2
[22:00:23.878] STOP to_move 2 nodes_visited 1557
[22:00:23.879] START to_move 1
[22:00:23.902] STOP to_move 1 nodes_visited 421
[22:00:23.903] START to_move 2
[22:00:24.007] STOP to_move 2 nodes_visited 1697
[22:00:24.007] START to_move 1
[22:00:24.032] STOP to_move 1 nodes_visited 421
[22:00:24.033] START to_move 2
[22:00:24.146] STOP to_move 2 nodes_visited 1868
[22:00:24.147] START to_move 1
[22:00:24.170] STOP to_move 1 nodes_visited 417
[22:00:24.171] START to_move 2
[22:00:24.285] STOP to_move 2 nodes_visited 1843
[22:00:24.286] START to_move 1
[22:00:24.371] STOP to_move 1 nodes_visited 1495
[22:00:24.372] START to_move 2
[22:00:24.500] STOP to_move 2 nodes_visited 2111
[22:00:24.502] START to_move 1
[22:00:24.526] STOP to_move 1 nodes_visited 419
[22:00:24.526] START to_move 2
[22:00:24.660] STOP to_move 2 nodes_visited 2173
[22:00:24.661] START to_move 1
[22:00:24.684] STOP to_move 1 nodes_visited 404
[22:00:24.685] START to_move 2
[22:00:24.804] STOP to_move 2 nodes_visited 1916
[22:00:24.805] START to_move 1
[22:00:25.004] STOP to_move 1 nodes_visited 3336
[22:00:25.006] START to_move 2
[22:00:25.241] STOP to_move 2 nodes_visited 3661
[22:00:25.243] START to_move 1
[22:00:25.380] STOP to_move 1 nodes_visited 2213
[22:00:25.381] START to_move 2
[22:00:25.502] STOP to_move 2 nodes_visited 1963
[22:00:25.503] START to_move 1
[22:00:25.628] STOP to_move 1 nodes_visited 2072
[22:00:25.630] START to_move 2
[22:00:25.736] STOP to_move 2 nodes_visited 1734
[22:00:25.737] START to_move 1
[22:00:25.871] STOP to_move 1 nodes_visited 2244
[22:00:25.873] START to_move 2
[22:00:25.978] STOP to_move 2 nodes_visited 1723
[22:00:25.979] START to_move 1
[22:00:26.004] STOP to_move 1 nodes_visited 410
[22:00:26.004] START to_move 2
[22:00:26.124] STOP to_move 2 nodes_visited 1913
[22:00:26.125] START to_move 1
[22:00:26.148] STOP to_move 1 nodes_visited 397
[22:00:26.148] START to_move 2
[22:00:26.256] STOP to_move 2 nodes_visited 1749
[22:00:26.257] START to_move 1
[22:00:26.280] STOP to_move 1 nodes_visited 394
[22:00:26.280] START to_move 2
[22:00:26.489] STOP to_move 2 nodes_visited 3250
[22:00:26.490] START to_move 1
[22:00:26.511] STOP to_move 1 nodes_visited 377
[22:00:26.512] START to_move 2
[22:00:26.604] STOP to_move 2 nodes_visited 1523
[22:00:26.605] START to_move 1
[22:00:26.626] STOP to_move 1 nodes_visited 378
[22:00:26.627] START to_move 2
[22:00:26.733] STOP to_move 2 nodes_visited 1732
[22:00:26.734] START to_move 1
[22:00:26.756] STOP to_move 1 nodes_visited 385
[22:00:26.756] START to_move 2
[22:00:26.830] STOP to_move 2 nodes_visited 1210
[22:00:26.830] START to_move 1
[22:00:26.851] STOP to_move 1 nodes_visited 376
[22:00:26.852] START to_move 2
[22:00:26.927] STOP to_move 2 nodes_visited 1224
[22:00:26.928] START to_move 1
[22:00:27.021] STOP to_move 1 nodes_visited 1593
[22:00:27.021] START to_move 2
[22:00:27.100] STOP to_move 2 nodes_visited 1265
[22:00:27.100] START to_move 1
[22:00:27.121] STOP to_move 1 nodes_visited 376
[22:00:27.121] START to_move 2
[22:00:27.197] STOP to_move 2 nodes_visited 1217
[22:00:27.197] START to_move 1
[22:00:27.219] STOP to_move 1 nodes_visited 373
[22:00:27.220] START to_move 2
[22:00:27.290] STOP to_move 2 nodes_visited 1147
[22:00:27.290] START to_move 1
[22:00:27.311] STOP to_move 1 nodes_visited 374
[22:00:27.311] START to_move 2
[22:00:27.381] STOP to_move 2 nodes_visited 1171
[22:00:27.382] START to_move 1
[22:00:27.403] STOP to_move 1 nodes_visited 384
[22:00:27.403] START to_move 2
[22:00:27.481] STOP to_move 2 nodes_visited 1250
[22:00:27.482] START to_move 1
[22:00:27.502] STOP to_move 1 nodes_visited 372
[22:00:27.502] START to_move 2
[22:00:27.596] STOP to_move 2 nodes_visited 1517
[22:00:27.597] START to_move 1
[22:00:27.617] STOP to_move 1 nodes_visited 364
[22:00:27.617] START to_move 2
[22:00:27.723] STOP to_move 2 nodes_visited 1708
[22:00:27.723] START to_move 1
[22:00:27.744] STOP to_move 1 nodes_visited 348
[22:00:27.745] START to_move 2
[22:00:27.826] STOP to_move 2 nodes_visited 1312
[22:00:27.826] START to_move 1
[22:00:27.846] STOP to_move 1 nodes_visited 359
[22:00:27.847] START to_move 2
[22:00:27.928] STOP to_move 2 nodes_visited 1305
[22:00:27.928] START to_move 1
[22:00:27.948] STOP to_move 1 nodes_visited 348
[22:00:27.948] START to_move 2
[22:00:28.026] STOP to_move 2 nodes_visited 1241
[22:00:28.027] START to_move 1
[22:00:28.046] STOP to_move 1 nodes_visited 345
[22:00:28.046] START to_move 2
[22:00:28.127] STOP to_move 2 nodes_visited 1309
[22:00:28.128] START to_move 1
[22:00:28.147] STOP to_move 1 nodes_visited 341
[22:00:28.147] START to_move 2
[22:00:28.225] STOP to_move 2 nodes_visited 1245
[22:00:28.226] START to_move 1
[22:00:28.245] STOP to_move 1 nodes_visited 341
[22:00:28.245] START to_move 2
[22:00:28.323] STOP to_move 2 nodes_visited 1245
[22:00:28.324] START to_move 1
[22:00:28.342] STOP to_move 1 nodes_visited 330
[22:00:28.343] START to_move 2
[22:00:28.412] STOP to_move 2 nodes_visited 1126
[22:00:28.412] START to_move 1
[22:00:28.430] STOP to_move 1 nodes_visited 319
[22:00:28.430] START to_move 2
[22:00:28.539] STOP to_move 2 nodes_visited 1721
[22:00:28.540] START to_move 1
[22:00:28.556] STOP to_move 1 nodes_visited 283
[22:00:28.556] START to_move 2
[22:00:28.673] STOP to_move 2 nodes_visited 1820
[22:00:28.674] START to_move 1
[22:00:28.692] STOP to_move 1 nodes_visited 324
[22:00:28.692] START to_move 2
[22:00:28.807] STOP to_move 2 nodes_visited 1816
[22:00:28.807] START to_move 1
[22:00:28.826] STOP to_move 1 nodes_visited 328
[22:00:28.826] START to_move 2
[22:00:28.942] STOP to_move 2 nodes_visited 1804
[22:00:28.943] START to_move 1
[22:00:28.962] STOP to_move 1 nodes_visited 328
[22:00:28.962] START to_move 2
[22:00:29.071] STOP to_move 2 nodes_visited 1729
[22:00:29.072] START to_move 1
[22:00:29.090] STOP to_move 1 nodes_visited 328
[22:00:29.090] START to_move 2
[22:00:29.201] STOP to_move 2 nodes_visited 1729
[22:00:29.202] START to_move 1
[22:00:29.239] STOP to_move 1 nodes_visited 658
[22:00:29.240] START to_move 2
[22:00:29.307] STOP to_move 2 nodes_visited 1100
[22:00:29.308] START to_move 1
[22:00:29.326] STOP to_move 1 nodes_visited 330
[22:00:29.327] START to_move 2
[22:00:29.426] STOP to_move 2 nodes_visited 1585
[22:00:29.427] START to_move 1
[22:00:29.444] STOP to_move 1 nodes_visited 303
[22:00:29.444] START to_move 2
[22:00:29.506] STOP to_move 2 nodes_visited 1029
[22:00:29.507] START to_move 1
[22:00:29.525] STOP to_move 1 nodes_visited 318
[22:00:29.525] START to_move 2
[22:00:29.584] STOP to_move 2 nodes_visited 984
[22:00:29.585] START to_move 1
[22:00:29.603] STOP to_move 1 nodes_visited 323
[22:00:29.603] START to_move 2
[22:00:29.674] STOP to_move 2 nodes_visited 1159
[22:00:29.674] START to_move 1
[22:00:29.737] STOP to_move 1 nodes_visited 1072
[22:00:29.738] START to_move 2
[22:00:29.803] STOP to_move 2 nodes_visited 1058
[22:00:29.803] START to_move 1
[22:00:29.817] STOP to_move 1 nodes_visited 242
[22:00:29.817] START to_move 2
[22:00:29.883] STOP to_move 2 nodes_visited 1084
[22:00:29.883] START to_move 1
[22:00:29.896] STOP to_move 1 nodes_visited 232
[22:00:29.897] START to_move 2
[22:00:29.971] STOP to_move 2 nodes_visited 1194
[22:00:29.972] START to_move 1
[22:00:29.984] STOP to_move 1 nodes_visited 233
[22:00:29.985] START to_move 2
[22:00:30.040] STOP to_move 2 nodes_visited 851
[22:00:30.041] START to_move 1
[22:00:30.056] STOP to_move 1 nodes_visited 242
[22:00:30.056] START to_move 2
[22:00:30.105] STOP to_move 2 nodes_visited 811
[22:00:30.106] START to_move 1
[22:00:30.119] STOP to_move 1 nodes_visited 233
[22:00:30.119] START to_move 2
[22:00:30.167] STOP to_move 2 nodes_visited 789
[22:00:30.167] START to_move 1
[22:00:30.179] STOP to_move 1 nodes_visited 221
[22:00:30.180] START to_move 2
[22:00:30.219] STOP to_move 2 nodes_visited 627
[22:00:30.219] START to_move 1
[22:00:30.230] STOP to_move 1 nodes_visited 206
[22:00:30.230] START to_move 2
[22:00:30.276] STOP to_move 2 nodes_visited 715
[22:00:30.276] START to_move 1
[22:00:30.287] STOP to_move 1 nodes_visited 206
[22:00:30.288] START to_move 2
[22:00:30.327] STOP to_move 2 nodes_visited 631
[22:00:30.327] START to_move 1
[22:00:30.339] STOP to_move 1 nodes_visited 206
[22:00:30.339] START to_move 2
[22:00:30.378] STOP to_move 2 nodes_visited 631
[22:00:30.378] START to_move 1
[22:00:30.389] STOP to_move 1 nodes_visited 203
[22:00:30.389] START to_move 2
[22:00:30.422] STOP to_move 2 nodes_visited 547
[22:00:30.422] START to_move 1
[22:00:30.434] STOP to_move 1 nodes_visited 203
[22:00:30.434] START to_move 2
[22:00:30.467] STOP to_move 2 nodes_visited 547
[22:00:30.467] START to_move 1
[22:00:30.478] STOP to_move 1 nodes_visited 203
[22:00:30.478] START to_move 2
[22:00:30.512] STOP to_move 2 nodes_visited 547
[22:00:30.512] START to_move 1
[22:00:30.523] STOP to_move 1 nodes_visited 203
[22:00:30.523] START to_move 2
[22:00:30.569] STOP to_move 2 nodes_visited 735
[22:00:30.570] START to_move 1
[22:00:30.581] STOP to_move 1 nodes_visited 205
[22:00:30.581] START to_move 2
[22:00:30.625] STOP to_move 2 nodes_visited 735
[22:00:30.625] START to_move 1
[22:00:30.637] STOP to_move 1 nodes_visited 205
[22:00:30.637] START to_move 2
[22:00:30.668] STOP to_move 2 nodes_visited 529
[22:00:30.668] START to_move 1
[22:00:30.680] STOP to_move 1 nodes_visited 220
[22:00:30.680] START to_move 2
[22:00:30.712] STOP to_move 2 nodes_visited 529
[22:00:30.712] START to_move 1
[22:00:30.724] STOP to_move 1 nodes_visited 220
[22:00:30.724] START to_move 2
[22:00:30.757] STOP to_move 2 nodes_visited 559
[22:00:30.758] START to_move 1
[22:00:30.789] STOP to_move 1 nodes_visited 547
[22:00:30.789] START to_move 2
[22:00:30.840] STOP to_move 2 nodes_visited 825
[22:00:30.841] START to_move 1
[22:00:30.861] STOP to_move 1 nodes_visited 366
[22:00:30.861] START to_move 2
[22:00:30.898] STOP to_move 2 nodes_visited 611
[22:00:30.898] START to_move 1
[22:00:30.914] STOP to_move 1 nodes_visited 283
[22:00:30.914] START to_move 2
[22:00:30.954] STOP to_move 2 nodes_visited 659
[22:00:30.954] START to_move 1
[22:00:30.966] STOP to_move 1 nodes_visited 223
[22:00:30.966] START to_move 2
[22:00:30.999] STOP to_move 2 nodes_visited 549
[22:00:31.000] START to_move 1
[22:00:31.015] STOP to_move 1 nodes_visited 288
[22:00:31.016] START to_move 2
[22:00:31.064] STOP to_move 2 nodes_visited 777
[22:00:31.064] START to_move 1
[22:00:31.076] STOP to_move 1 nodes_visited 221
[22:00:31.077] START to_move 2
[22:00:31.094] STOP to_move 2 nodes_visited 289
[22:00:31.094] START to_move 1
[22:00:31.104] STOP to_move 1 nodes_visited 188
[22:00:31.104] START to_move 2
[22:00:31.118] STOP to_move 2 nodes_visited 206
[22:00:31.118] START to_move 1
[22:00:31.129] STOP to_move 1 nodes_visited 193
[22:00:31.129] START to_move 2
[22:00:31.154] STOP to_move 2 nodes_visited 425
[22:00:31.155] START to_move 1
[22:00:31.169] STOP to_move 1 nodes_visited 263
[22:00:31.169] START to_move 2
[22:00:31.207] STOP to_move 2 nodes_visited 623
[22:00:31.208] START to_move 1
[22:00:31.221] STOP to_move 1 nodes_visited 238
[22:00:31.221] START to_move 2
[22:00:31.233] STOP to_move 2 nodes_visited 191
[22:00:31.233] START to_move 1
[22:00:31.244] STOP to_move 1 nodes_visited 192
[22:00:31.244] START to_move 2
[22:00:31.260] STOP to_move 2 nodes_visited 281
[22:00:31.261] START to_move 1
[22:00:31.279] STOP to_move 1 nodes_visited 317
[22:00:31.279] START to_move 2
[22:00:31.300] STOP to_move 2 nodes_visited 348
[22:00:31.300] START to_move 1
[22:00:31.312] STOP to_move 1 nodes_visited 215
[22:00:31.312] START to_move 2
[22:00:31.329] STOP to_move 2 nodes_visited 280
[22:00:31.329] START to_move 1
[22:00:31.338] STOP to_move 1 nodes_visited 159
[22:00:31.338] START to_move 2
[22:00:31.351] STOP to_move 2 nodes_visited 215
[22:00:31.351] START to_move 1
[22:00:31.371] STOP to_move 1 nodes_visited 353
[22:00:31.372] START to_move 2
[22:00:31.384] STOP to_move 2 nodes_visited 203
[22:00:31.384] START to_move 1
[22:00:31.392] STOP to_move 1 nodes_visited 144
[22:00:31.392] START to_move 2
[22:00:31.397] STOP to_move 2 nodes_visited 95
[22:00:31.397] START to_move 1
[22:00:31.406] STOP to_move 1 nodes_visited 159
[22:00:31.406] START to_move 2
[22:00:31.425] STOP to_move 2 nodes_visited 287
[22:00:31.425] START to_move 1
[22:00:31.434] STOP to_move 1 nodes_visited 163
[22:00:31.434] START to_move 2
[22:00:31.450] STOP to_move 2 nodes_visited 273
[22:00:31.450] START to_move 1
[22:00:31.459] STOP to_move 1 nodes_visited 167
[22:00:31.459] START to_move 2
[22:00:31.475] STOP to_move 2 nodes_visited 263
[22:00:31.475] START to_move 1
[22:00:31.483] STOP to_move 1 nodes_visited 144
[22:00:31.483] START to_move 2
[22:00:31.489] STOP to_move 2 nodes_visited 108
[22:00:31.489] START to_move 1
[22:00:31.497] STOP to_move 1 nodes_visited 142
[22:00:31.497] START to_move 2
[22:00:31.512] STOP to_move 2 nodes_visited 245
[22:00:31.512] START to_move 1
[22:00:31.519] STOP to_move 1 nodes_visited 142
[22:00:31.519] START to_move 2
[22:00:31.530] STOP to_move 2 nodes_visited 171
[22:00:31.530] START to_move 1
[22:00:31.539] STOP to_move 1 nodes_visited 172
[22:00:31.539] START to_move 2
[22:00:31.540] STOP to_move 2 nodes_visited 11
[22:00:31.540] END winner 2 - rounds 242
