[21:58:18.305] 1 - distance_function manhattan - pruning True
[21:58:18.305] 2 - distance_function chebyshev - pruning True
[21:58:18.305] START to_move 1
[21:58:18.392] STOP to_move 1 nodes_visited 1479
[21:58:18.393] START to_move 2
[21:58:18.502] STOP to_move 2 nodes_visited 1675
[21:58:18.503] START to_move 1
[21:58:18.583] STOP to_move 1 nodes_visited 1292
[21:58:18.584] START to_move 2
[21:58:18.970] STOP to_move 2 nodes_visited 5769
[21:58:18.973] START to_move 1
[21:58:19.059] STOP to_move 1 nodes_visited 1430
[21:58:19.060] START to_move 2
[21:58:19.147] STOP to_move 2 nodes_visited 1369
[21:58:19.148] START to_move 1
[21:58:19.212] STOP to_move 1 nodes_visited 1086
[21:58:19.212] START to_move 2
[21:58:19.314] STOP to_move 2 nodes_visited 1557
[21:58:19.315] START to_move 1
[21:58:19.458] STOP to_move 1 nodes_visited 2402
[21:58:19.460] START to_move 2
[21:58:19.564] STOP to_move 2 nodes_visited 1650
[21:58:19.565] START to_move 1
[21:58:19.631] STOP to_move 1 nodes_visited 1086
[21:58:19.632] START to_move 2
[21:58:19.713] STOP to_move 2 nodes_visited 1279
[21:58:19.714] START to_move 1
[21:58:19.764] STOP to_move 1 nodes_visited 872
[21:58:19.765] START to_move 2
[21:58:19.866] STOP to_move 2 nodes_visited 1632
[21:58:19.867] START to_move 1
[21:58:19.918] STOP to_move 1 nodes_visited 860
[21:58:19.918] START to_move 2
[21:58:20.021] STOP to_move 2 nodes_visited 1638
[21:58:20.022] START to_move 1
[21:58:20.059] STOP to_move 1 nodes_visited 664
[21:58:20.060] START to_move 2
[21:58:20.164] STOP to_move 2 nodes_visited 1615
[21:58:20.164] START to_move 1
[21:58:20.201] STOP to_move 1 nodes_visited 652
[21:58:20.202] START to_move 2
[21:58:20.302] STOP to_move 2 nodes_visited 1596
[21:58:20.303] START to_move 1
[21:58:20.383] STOP to_move 1 nodes_visited 1337
[21:58:20.384] START to_move 2
[21:58:20.459] STOP to_move 2 nodes_visited 1151
[21:58:20.460] START to_move 1
[21:58:20.615] STOP to_move 1 nodes_visited 2674
[21:58:20.617] START to_move 2
[21:58:20.719] STOP to_move 2 nodes_visited 1569
[21:58:20.720] START to_move 1
[21:58:20.757] STOP to_move 1 nodes_visited 651
[21:58:20.757] START to_move 2
[21:58:20.843] STOP to_move 2 nodes_visited 1302
[21:58:20.843] START to_move 1
[21:58:20.933] STOP to_move 1 nodes_visited 1530
[21:58:20.933] START to_move 2
[21:58:21.111] STOP to_move 2 nodes_visited 2784
[21:58:21.112] START to_move 1
[21:58:21.186] STOP to_move 1 nodes_visited 1271
[21:58:21.187] START to_move 2
[21:58:21.432] STOP to_move 2 nodes_visited 3760
[21:58:21.434] START to_move 1
[21:58:21.504] STOP to_move 1 nodes_visited 1170
[21:58:21.505] START to_move 2
[21:58:21.665] STOP to_move 2 nodes_visited 2466
[21:58:21.666] START to_move 1
[21:58:21.765] STOP to_move 1 nodes_visited 1607
[21:58:21.765] START to_move 2
[21:58:21.941] STOP to_move 2 nodes_visited 2673
[21:58:21.942] START to_move 1
[21:58:21.987] STOP to_move 1 nodes_visited 744
[21:58:21.987] START to_move 2
[21:58:22.123] STOP to_move 2 nodes_visited 2093
[21:58:22.124] START to_move 1
[21:58:22.169] STOP to_move 1 nodes_visited 758
[21:58:22.169] START to_move 2
[21:58:22.433] STOP to_move 2 nodes_visited 4005
[21:58:22.435] START to_move 1
[21:58:22.512] STOP to_move 1 nodes_visited 1269
[21:58:22.512] START to_move 2
[21:58:22.779] STOP to_move 2 nodes_visited 4064
[21:58:22.782] START to_move 1
[21:58:22.866] STOP to_move 1 nodes_visited 1408
[21:58:22.867] START to_move 2
[21:58:22.976] STOP to_move 2 nodes_visited 1660
[21:58:22.977] START to_move 1
[21:58:23.237] STOP to_move 1 nodes_visited 4303
[21:58:23.240] START to_move 2
[21:58:23.474] STOP to_move 2 nodes_visited 3549
[21:58:23.476] START to_move 1
[21:58:23.744] STOP to_move 1 nodes_visited 4358
[21:58:23.746] START to_move 2
[21:58:23.988] STOP to_move 2 nodes_visited 3647
[21:58:23.990] START to_move 1
[21:58:24.160] STOP to_move 1 nodes_visited 2847
[21:58:24.161] START to_move 2
[21:58:24.278] STOP to_move 2 nodes_visited 1831
[21:58:24.279] START to_move 1
[21:58:24.438] STOP to_move 1 nodes_visited 2665
[21:58:24.439] START to_move 2
[21:58:24.588] STOP to_move 2 nodes_visited 2307
[21:58:24.589] START to_move 1
[21:58:24.841] STOP to_move 1 nodes_visited 4192
[21:58:24.843] START to_move 2
[21:58:25.044] STOP to_move 2 nodes_visited 3109
[21:58:25.046] START to_move 1
[21:58:25.255] STOP to_move 1 nodes_visited 3337
[21:58:25.257] START to_move 2
[21:58:25.524] STOP to_move 2 nodes_visited 4083
[21:58:25.527] START to_move 1
[21:58:25.687] STOP to_move 1 nodes_visited 2646
[21:58:25.688] START to_move 2
[21:58:25.883] STOP to_move 2 nodes_visited 3056
[21:58:25.885] START to_move 1
[21:58:25.939] STOP to_move 1 nodes_visited 779
[21:58:25.939] START to_move 2
[21:58:26.153] STOP to_move 2 nodes_visited 3348
[21:58:26.155] START to_move 1
[21:58:26.210] STOP to_move 1 nodes_visited 845
[21:58:26.210] START to_move 2
[21:58:26.277] STOP to_move 2 nodes_visited 1069
[21:58:26.278] START to_move 1
[21:58:26.369] STOP to_move 1 nodes_visited 1316
[21:58:26.370] START to_move 2
[21:58:26.581] STOP to_move 2 nodes_visited 3274
[21:58:26.583] START to_move 1
[21:58:26.766] STOP to_move 1 nodes_visited 2952
[21:58:26.768] START to_move 2
[21:58:27.029] STOP to_move 2 nodes_visited 4050
[21:58:27.032] START to_move 1
[21:58:27.083] STOP to_move 1 nodes_visited 756
[21:58:27.084] START to_move 2
[21:58:27.222] STOP to_move 2 nodes_visited 2127
[21:58:27.223] START to_move 1
[21:58:27.277] STOP to_move 1 nodes_visited 830
[21:58:27.277] START to_move 2
[21:58:27.437] STOP to_move 2 nodes_visited 2525
[21:58:27.438] START to_move 1
[21:58:27.492] STOP to_move 1 nodes_visited 824
[21:58:27.493] START to_move 2
[21:58:27.569] STOP to_move 2 nodes_visited 1221
[21:58:27.569] START to_move 1
[21:58:27.628] STOP to_move 1 nodes_visited 879
[21:58:27.628] START to_move 2
[21:58:27.710] STOP to_move 2 nodes_visited 1323
[21:58:27.711] START to_move 1
[21:58:27.762] STOP to_move 1 nodes_visited 733
[21:58:27.763] START to_move 2
[21:58:27.847] STOP to_move 2 nodes_visited 1370
[21:58:27.848] START to_move 1
[21:58:27.893] STOP to_move 1 nodes_visited 710
[21:58:27.893] START to_move 2
[21:58:27.979] STOP to_move 2 nodes_visited 1374
[21:58:27.980] START to_move 1
[21:58:28.026] STOP to_move 1 nodes_visited 716
[21:58:28.026] START to_move 2
[21:58:28.063] STOP to_move 2 nodes_visited 590
[21:58:28.063] START to_move 1
[21:58:28.115] STOP to_move 1 nodes_visited 865
[21:58:28.115] START to_move 2
[21:58:28.166] STOP to_move 2 nodes_visited 810
[21:58:28.166] START to_move 1
[21:58:28.189] STOP to_move 1 nodes_visited 415
[21:58:28.190] START to_move 2
[21:58:28.297] STOP to_move 2 nodes_visited 1670
[21:58:28.298] START to_move 1
[21:58:28.381] STOP to_move 1 nodes_visited 1428
[21:58:28.382] START to_move 2
[21:58:28.588] STOP to_move 2 nodes_visited 3173
[21:58:28.589] START to_move 1
[21:58:28.715] STOP to_move 1 nodes_visited 2154
[21:58:28.716] START to_move 2
[21:58:28.960] STOP to_move 2 nodes_visited 3774
[21:58:28.962] START to_move 1
[21:58:29.126] STOP to_move 1 nodes_visited 2732
[21:58:29.127] START to_move 2
[21:58:29.340] STOP to_move 2 nodes_visited 3297
[21:58:29.342] START to_move 1
[21:58:29.378] STOP to_move 1 nodes_visited 582
[21:58:29.378] START to_move 2
[21:58:29.584] STOP to_move 2 nodes_visited 3180
[21:58:29.586] START to_move 1
[21:58:29.831] STOP to_move 1 nodes_visited 3898
[21:58:29.833] START to_move 2
[21:58:30.037] STOP to_move 2 nodes_visited 3074
[21:58:30.038] START to_move 1
[21:58:30.086] STOP to_move 1 nodes_visited 819
[21:58:30.087] START to_move 2
[21:58:30.256] STOP to_move 2 nodes_visited 2632
[21:58:30.258] START to_move 1
[21:58:30.314] STOP to_move 1 nodes_visited 970
[21:58:30.315] START to_move 2
[21:58:30.458] STOP to_move 2 nodes_visited 2206
[21:58:30.459] START to_move 1
[21:58:30.550] STOP to_move 1 nodes_visited 1580
[21:58:30.551] START to_move 2
[21:58:30.687] STOP to_move 2 nodes_visited 2170
[21:58:30.688] START to_move 1
[21:58:30.707] STOP to_move 1 nodes_visited 346
[21:58:30.708] START to_move 2
[21:58:30.847] STOP to_move 2 nodes_visited 2211
[21:58:30.848] START to_move 1
[21:58:30.867] STOP to_move 1 nodes_visited 346
[21:58:30.868] START to_move 2
[21:58:31.008] STOP to_move 2 nodes_visited 2214
[21:58:31.009] START to_move 1
[21:58:31.034] STOP to_move 1 nodes_visited 428
[21:58:31.034] START to_move 2
[21:58:31.173] STOP to_move 2 nodes_visited 2213
[21:58:31.174] START to_move 1
[21:58:31.283] STOP to_move 1 nodes_visited 1785
[21:58:31.284] START to_move 2
[21:58:31.413] STOP to_move 2 nodes_visited 2062
[21:58:31.414] START to_move 1
[21:58:31.437] STOP to_move 1 nodes_visited 411
[21:58:31.437] START to_move 2
[21:58:31.570] STOP to_move 2 nodes_visited 2085
[21:58:31.571] START to_move 1
[21:58:31.590] STOP to_move 1 nodes_visited 345
[21:58:31.590] START to_move 2
[21:58:31.738] STOP to_move 2 nodes_visited 2369
[21:58:31.739] START to_move 1
[21:58:31.756] STOP to_move 1 nodes_visited 303
[21:58:31.756] START to_move 2
[21:58:31.819] STOP to_move 2 nodes_visited 984
[21:58:31.819] START to_move 1
[21:58:31.842] STOP to_move 1 nodes_visited 411
[21:58:31.842] START to_move 2
[21:58:31.905] STOP to_move 2 nodes_visited 1012
[21:58:31.905] START to_move 1
[21:58:31.922] STOP to_move 1 nodes_visited 292
[21:58:31.922] START to_move 2
[21:58:31.986] STOP to_move 2 nodes_visited 1030
[21:58:31.986] START to_move 1
[21:58:32.002] STOP to_move 1 nodes_visited 292
[21:58:32.003] START to_move 2
[21:58:32.065] STOP to_move 2 nodes_visited 1020
[21:58:32.066] START to_move 1
[21:58:32.087] STOP to_move 1 nodes_visited 355
[21:58:32.087] START to_move 2
[21:58:32.155] STOP to_move 2 nodes_visited 1088
[21:58:32.156] START to_move 1
[21:58:32.187] STOP to_move 1 nodes_visited 545
[21:58:32.187] START to_move 2
[21:58:32.256] STOP to_move 2 nodes_visited 1120
[21:58:32.257] START to_move 1
[21:58:32.280] STOP to_move 1 nodes_visited 408
[21:58:32.280] START to_move 2
[21:58:32.359] STOP to_move 2 nodes_visited 1233
[21:58:32.360] START to_move 1
[21:58:32.535] STOP to_move 1 nodes_visited 2885
[21:58:32.537] START to_move 2
[21:58:32.619] STOP to_move 2 nodes_visited 1278
[21:58:32.619] START to_move 1
[21:58:32.641] STOP to_move 1 nodes_visited 376
[21:58:32.641] START to_move 2
[21:58:32.759] STOP to_move 2 nodes_visited 1877
[21:58:32.760] START to_move 1
[21:58:32.782] STOP to_move 1 nodes_visited 392
[21:58:32.783] START to_move 2
[21:58:32.880] STOP to_move 2 nodes_visited 1576
[21:58:32.881] START to_move 1
[21:58:32.900] STOP to_move 1 nodes_visited 311
[21:58:32.900] START to_move 2
[21:58:32.998] STOP to_move 2 nodes_visited 1573
[21:58:32.998] START to_move 1
[21:58:33.019] STOP to_move 1 nodes_visited 374
[21:58:33.019] START to_move 2
[21:58:33.110] STOP to_move 2 nodes_visited 1468
[21:58:33.111] START to_move 1
[21:58:33.128] STOP to_move 1 nodes_visited 307
[21:58:33.128] START to_move 2
[21:58:33.229] STOP to_move 2 nodes_visited 1588
[21:58:33.230] START to_move 1
[21:58:33.281] STOP to_move 1 nodes_visited 902
[21:58:33.282] START to_move 2
[21:58:33.332] STOP to_move 2 nodes_visited 821
[21:58:33.333] START to_move 1
[21:58:33.365] STOP to_move 1 nodes_visited 570
[21:58:33.365] START to_move 2
[21:58:33.385] STOP to_move 2 nodes_visited 322
[21:58:33.386] START to_move 1
[21:58:33.453] STOP to_move 1 nodes_visited 1147
[21:58:33.454] START to_move 2
[21:58:33.588] STOP to_move 2 nodes_visited 2159
[21:58:33.589] START to_move 1
[21:58:33.642] STOP to_move 1 nodes_visited 937
[21:58:33.643] START to_move 2
[21:58:33.663] STOP to_move 2 nodes_visited 331
[21:58:33.663] START to_move 1
[21:58:33.731] STOP to_move 1 nodes_visited 1160
[21:58:33.732] START to_move 2
[21:58:33.938] STOP to_move 2 nodes_visited 3301
[21:58:33.940] START to_move 1
[21:58:34.001] STOP to_move 1 nodes_visited 1034
[21:58:34.002] START to_move 2
[21:58:34.111] STOP to_move 2 nodes_visited 1759
[21:58:34.112] START to_move 1
[21:58:34.166] STOP to_move 1 nodes_visited 942
[21:58:34.167] START to_move 2
[21:58:34.185] STOP to_move 2 nodes_visited 300
[21:58:34.185] START to_move 1
[21:58:34.244] STOP to_move 1 nodes_visited 997
[21:58:34.245] START to_move 2
[21:58:34.364] STOP to_move 2 nodes_visited 1912
[21:58:34.365] START to_move 1
[21:58:34.418] STOP to_move 1 nodes_visited 916
[21:58:34.418] START to_move 2
[21:58:34.520] STOP to_move 2 nodes_visited 1595
[21:58:34.521] START to_move 1
[21:58:34.562] STOP to_move 1 nodes_visited 727
[21:58:34.563] START to_move 2
[21:58:34.659] STOP to_move 2 nodes_visited 1556
[21:58:34.660] START to_move 1
[21:58:34.701] STOP to_move 1 nodes_visited 724
[21:58:34.701] START to_move 2
[21:58:34.803] STOP to_move 2 nodes_visited 1600
[21:58:34.804] START to_move 1
[21:58:34.825] STOP to_move 1 nodes_visited 365
[21:58:34.825] START to_move 2
[21:58:34.948] STOP to_move 2 nodes_visited 1961
[21:58:34.949] START to_move 1
[21:58:34.972] STOP to_move 1 nodes_visited 410
[21:58:34.972] START to_move 2
[21:58:34.992] STOP to_move 2 nodes_visited 319
[21:58:34.992] START to_move 1
[21:58:35.011] STOP to_move 1 nodes_visited 349
[21:58:35.012] START to_move 2
[21:58:35.028] STOP to_move 2 nodes_visited 284
[21:58:35.029] START to_move 1
[21:58:35.045] STOP to_move 1 nodes_visited 299
[21:58:35.045] START to_move 2
[21:58:35.063] STOP to_move 2 nodes_visited 275
[21:58:35.063] START to_move 1
[21:58:35.101] STOP to_move 1 nodes_visited 661
[21:58:35.101] START to_move 2
[21:58:35.121] STOP to_move 2 nodes_visited 320
[21:58:35.121] START to_move 1
[21:58:35.137] STOP to_move 1 nodes_visited 297
[21:58:35.138] START to_move 2
[21:58:35.154] STOP to_move 2 nodes_visited 282
[21:58:35.154] START to_move 1
[21:58:35.229] STOP to_move 1 nodes_visited 1291
[21:58:35.230] START to_move 2
[21:58:35.311] STOP to_move 2 nodes_visited 1253
[21:58:35.311] START to_move 1
[21:58:35.326] STOP to_move 1 nodes_visited 266
[21:58:35.327] START to_move 2
[21:58:35.443] STOP to_move 2 nodes_visited 1745
[21:58:35.444] START to_move 1
[21:58:35.460] STOP to_move 1 nodes_visited 287
[21:58:35.460] START to_move 2
[21:58:35.572] STOP to_move 2 nodes_visited 1697
[21:58:35.573] START to_move 1
[21:58:35.589] STOP to_move 1 nodes_visited 284
[21:58:35.589] START to_move 2
[21:58:35.699] STOP to_move 2 nodes_visited 1629
[21:58:35.699] START to_move 1
[21:58:35.714] STOP to_move 1 nodes_visited 263
[21:58:35.714] START to_move 2
[21:58:35.815] STOP to_move 2 nodes_visited 1524
[21:58:35.816] START to_move 1
[21:58:35.831] STOP to_move 1 nodes_visited 260
[21:58:35.831] START to_move 2
[21:58:35.941] STOP to_move 2 nodes_visited 1608
[21:58:35.942] START to_move 1
[21:58:35.957] STOP to_move 1 nodes_visited 254
[21:58:35.957] START to_move 2
[21:58:36.053] STOP to_move 2 nodes_visited 1457
[21:58:36.053] START to_move 1
[21:58:36.068] STOP to_move 1 nodes_visited 260
[21:58:36.068] START to_move 2
[21:58:36.171] STOP to_move 2 nodes_visited 1542
[21:58:36.172] START to_move 1
[21:58:36.279] STOP to_move 1 nodes_visited 1809
[21:58:36.280] START to_move 2
[21:58:36.294] STOP to_move 2 nodes_visited 215
[21:58:36.294] START to_move 1
[21:58:36.366] STOP to_move 1 nodes_visited 1217
[21:58:36.366] START to_move 2
[21:58:36.375] STOP to_move 2 nodes_visited 140
[21:58:36.375] START to_move 1
[21:58:36.412] STOP to_move 1 nodes_visited 644
[21:58:36.413] START to_move 2
[21:58:36.431] STOP to_move 2 nodes_visited 296
[21:58:36.431] START to_move 1
[21:58:36.463] STOP to_move 1 nodes_visited 566
[21:58:36.463] START to_move 2
[21:58:36.479] STOP to_move 2 nodes_visited 234
[21:58:36.479] START to_move 1
[21:58:36.513] STOP to_move 1 nodes_visited 595
[21:58:36.513] START to_move 2
[21:58:36.524] STOP to_move 2 nodes_visited 183
[21:58:36.525] START to_move 1
[21:58:36.552] STOP to_move 1 nodes_visited 481
[21:58:36.552] START to_move 2
[21:58:36.564] STOP to_move 2 nodes_visited 202
[21:58:36.564] START to_move 1
[21:58:36.592] STOP to_move 1 nodes_visited 478
[21:58:36.592] START to_move 2
[21:58:36.604] STOP to_move 2 nodes_visited 196
[21:58:36.604] START to_move 1
[21:58:36.640] STOP to_move 1 nodes_visited 589
[21:58:36.640] START to_move 2
[21:58:36.656] STOP to_move 2 nodes_visited 257
[21:58:36.656] START to_move 1
[21:58:36.697] STOP to_move 1 nodes_visited 679
[21:58:36.698] START to_move 2
[21:58:36.722] STOP to_move 2 nodes_visited 394
[21:58:36.722] START to_move 1
[21:58:36.739] STOP to_move 1 nodes_visited 282
[21:58:36.739] START to_move 2
[21:58:36.772] STOP to_move 2 nodes_visited 502
[21:58:36.773] START to_move 1
[21:58:36.789] STOP to_move 1 nodes_visited 290
[21:58:36.790] START to_move 2
[21:58:36.805] STOP to_move 2 nodes_visited 252
[21:58:36.805] START to_move 1
[21:58:36.821] STOP to_move 1 nodes_visited 284
[21:58:36.821] START to_move 2
[21:58:36.836] STOP to_move 2 nodes_visited 235
[21:58:36.836] START to_move 1
[21:58:36.848] STOP to_move 1 nodes_visited 222
[21:58:36.849] START to_move 2
[21:58:36.876] STOP to_move 2 nodes_visited 440
[21:58:36.876] START to_move 1
[21:58:36.890] STOP to_move 1 nodes_visited 241
[21:58:36.890] START to_move 2
[21:58:36.920] STOP to_move 2 nodes_visited 487
[21:58:36.921] START to_move 1
[21:58:36.935] STOP to_move 1 nodes_visited 241
[21:58:36.935] START to_move 2
[21:58:36.965] STOP to_move 2 nodes_visited 487
[21:58:36.965] START to_move 1
[21:58:36.979] STOP to_move 1 nodes_visited 229
[21:58:36.979] START to_move 2
[21:58:36.990] STOP to_move 2 nodes_visited 186
[21:58:36.990] START to_move 1
[21:58:37.003] STOP to_move 1 nodes_visited 216
[21:58:37.003] START to_move 2
[21:58:37.016] STOP to_move 2 nodes_visited 211
[21:58:37.016] START to_move 1
[21:58:37.027] STOP to_move 1 nodes_visited 198
[21:58:37.027] START to_move 2
[21:58:37.040] STOP to_move 2 nodes_visited 207
[21:58:37.040] START to_move 1
[21:58:37.051] STOP to_move 1 nodes_visited 204
[21:58:37.051] START to_move 2
[21:58:37.063] STOP to_move 2 nodes_visited 204
[21:58:37.063] START to_move 1
[21:58:37.076] STOP to_move 1 nodes_visited 205
[21:58:37.076] START to_move 2
[21:58:37.087] STOP to_move 2 nodes_visited 186
[21:58:37.088] START to_move 1
[21:58:37.098] STOP to_move 1 nodes_visited 191
[21:58:37.098] START to_move 2
[21:58:37.109] STOP to_move 2 nodes_visited 181
[21:58:37.109] START to_move 1
[21:58:37.120] STOP to_move 1 nodes_visited 191
[21:58:37.120] START to_move 2
[21:58:37.131] STOP to_move 2 nodes_visited 194
[21:58:37.131] START to_move 1
[21:58:37.143] STOP to_move 1 nodes_visited 200
[21:58:37.143] START to_move 2
[21:58:37.154] STOP to_move 2 nodes_visited 186
[21:58:37.154] START to_move 1
[21:58:37.163] STOP to_move 1 nodes_visited 176
[21:58:37.164] START to_move 2
[21:58:37.174] STOP to_move 2 nodes_visited 169
[21:58:37.174] START to_move 1
[21:58:37.184] STOP to_move 1 nodes_visited 176
[21:58:37.184] START to_move 2
[21:58:37.194] STOP to_move 2 nodes_visited 163
[21:58:37.194] START to_move 1
[21:58:37.204] STOP to_move 1 nodes_visited 182
[21:58:37.204] START to_move 2
[21:58:37.215] STOP to_move 2 nodes_visited 177
[21:58:37.215] START to_move 1
[21:58:37.225] STOP to_move 1 nodes_visited 182
[21:58:37.225] START to_move 2
[21:58:37.237] STOP to_move 2 nodes_visited 198
[21:58:37.237] START to_move 1
[21:58:37.247] STOP to_move 1 nodes_visited 185
[21:58:37.247] START to_move 2
[21:58:37.259] STOP to_move 2 nodes_visited 192
[21:58:37.259] START to_move 1
[21:58:37.269] STOP to_move 1 nodes_visited 185
[21:58:37.269] START to_move 2
[21:58:37.281] STOP to_move 2 nodes_visited 195
[21:58:37.281] START to_move 1
[21:58:37.292] STOP to_move 1 nodes_visited 194
[21:58:37.292] START to_move 2
[21:58:37.303] STOP to_move 2 nodes_visited 193
[21:58:37.304] START to_move 1
[21:58:37.314] STOP to_move 1 nodes_visited 191
[21:58:37.314] START to_move 2
[21:58:37.326] STOP to_move 2 nodes_visited 182
[21:58:37.326] START to_move 1
[21:58:37.335] STOP to_move 1 nodes_visited 174
[21:58:37.335] START to_move 2
[21:58:37.346] STOP to_move 2 nodes_visited 183
[21:58:37.346] START to_move 1
[21:58:37.355] STOP to_move 1 nodes_visited 162
[21:58:37.355] START to_move 2
[21:58:37.365] STOP to_move 2 nodes_visited 167
[21:58:37.365] START to_move 1
[21:58:37.376] STOP to_move 1 nodes_visited 165
[21:58:37.376] START to_move 2
[21:58:37.386] STOP to_move 2 nodes_visited 169
[21:58:37.386] START to_move 1
[21:58:37.395] STOP to_move 1 nodes_visited 165
[21:58:37.395] START to_move 2
[21:58:37.405] STOP to_move 2 nodes_visited 163
[21:58:37.405] START to_move 1
[21:58:37.414] STOP to_move 1 nodes_visited 157
[21:58:37.414] START to_move 2
[21:58:37.423] STOP to_move 2 nodes_visited 156
[21:58:37.423] START to_move 1
[21:58:37.432] STOP to_move 1 nodes_visited 155
[21:58:37.432] START to_move 2
[21:58:37.453] STOP to_move 2 nodes_visited 341
[21:58:37.453] START to_move 1
[21:58:37.462] STOP to_move 1 nodes_visited 151
[21:58:37.462] START to_move 2
[21:58:37.483] STOP to_move 2 nodes_visited 338
[21:58:37.483] START to_move 1
[21:58:37.491] STOP to_move 1 nodes_visited 154
[21:58:37.492] START to_move 2
[21:58:37.513] STOP to_move 2 nodes_visited 347
[21:58:37.513] START to_move 1
[21:58:37.521] STOP to_move 1 nodes_visited 142
[21:58:37.521] START to_move 2
[21:58:37.531] STOP to_move 2 nodes_visited 164
[21:58:37.531] START to_move 1
[21:58:37.540] STOP to_move 1 nodes_visited 156
[21:58:37.540] START to_move 2
[21:58:37.553] STOP to_move 2 nodes_visited 215
[21:58:37.553] START to_move 1
[21:58:37.564] STOP to_move 1 nodes_visited 198
[21:58:37.564] START to_move 2
[21:58:37.577] STOP to_move 2 nodes_visited 215
[21:58:37.578] START to_move 1
[21:58:37.591] STOP to_move 1 nodes_visited 248
[21:58:37.592] START to_move 2
[21:58:37.607] STOP to_move 2 nodes_visited 254
[21:58:37.607] START to_move 1
[21:58:37.620] STOP to_move 1 nodes_visited 223
[21:58:37.620] START to_move 2
[21:58:37.633] STOP to_move 2 nodes_visited 223
[21:58:37.634] START to_move 1
[21:58:37.642] STOP to_move 1 nodes_visited 142
[21:58:37.642] START to_move 2
[21:58:37.652] STOP to_move 2 nodes_visited 171
[21:58:37.652] START to_move 1
[21:58:37.661] STOP to_move 1 nodes_visited 152
[21:58:37.661] START to_move 2
[21:58:37.671] STOP to_move 2 nodes_visited 169
[21:58:37.671] START to_move 1
[21:58:37.681] STOP to_move 1 nodes_visited 145
[21:58:37.681] START to_move 2
[21:58:37.689] STOP to_move 2 nodes_visited 137
[21:58:37.689] START to_move 1
[21:58:37.696] STOP to_move 1 nodes_visited 132
[21:58:37.697] START to_move 2
[21:58:37.706] STOP to_move 2 nodes_visited 161
[21:58:37.706] START to_move 1
[21:58:37.713] STOP to_move 1 nodes_visited 117
[21:58:37.713] START to_move 2
[21:58:37.723] STOP to_move 2 nodes_visited 155
[21:58:37.723] START to_move 1
[21:58:37.730] STOP to_move 1 nodes_visited 125
[21:58:37.730] START to_move 2
[21:58:37.738] STOP to_move 2 nodes_visited 126
[21:58:37.738] START to_move 1
[21:58:37.746] STOP to_move 1 nodes_visited 142
[21:58:37.746] START to_move 2
[21:58:37.756] STOP to_move 2 nodes_visited 168
[21:58:37.756] START to_move 1
[21:58:37.760] STOP to_move 1 nodes_visited 61
[21:58:37.760] START to_move 2
[21:58:37.763] STOP to_move 2 nodes_visited 49
[21:58:37.763] START to_move 1
[21:58:37.766] STOP to_move 1 nodes_visited 62
[21:58:37.766] START to_move 2
[21:58:37.769] STOP to_move 2 nodes_visited 47
[21:58:37.769] START to_move 1
[21:58:37.771] STOP to_move 1 nodes_visited 45
[21:58:37.771] START to_move 2
[21:58:37.774] STOP to_move 2 nodes_visited 49
[21:58:37.774] START to_move 1
[21:58:37.777] STOP to_move 1 nodes_visited 51
[21:58:37.777] START to_move 2
[21:58:37.782] STOP to_move 2 nodes_visited 77
[21:58:37.782] START to_move 1
[21:58:37.785] STOP to_move 1 nodes_visited 61
[21:58:37.785] START to_move 2
[21:58:37.788] STOP to_move 2 nodes_visited 45
[21:58:37.788] START to_move 1
[21:58:37.790] STOP to_move 1 nodes_visited 40
[21:58:37.790] START to_move 2
[21:58:37.792] STOP to_move 2 nodes_visited 39
[21:58:37.793] START to_move 1
[21:58:37.794] STOP to_move 1 nodes_visited 35
[21:58:37.794] START to_move 2
[21:58:37.797] STOP to_move 2 nodes_visited 35
[21:58:37.797] START to_move 1
[21:58:37.799] STOP to_move 1 nodes_visited 43
[21:58:37.799] START to_move 2
[21:58:37.801] STOP to_move 2 nodes_visited 37
[21:58:37.801] START to_move 1
[21:58:37.803] STOP to_move 1 nodes_visited 35
[21:58:37.803] START to_move 2
[21:58:37.805] STOP to_move 2 nodes_visited 37
[21:58:37.805] START to_move 1
[21:58:37.807] STOP to_move 1 nodes_visited 35
[21:58:37.807] START to_move 2
[21:58:37.809] STOP to_move 2 nodes_visited 27
[21:58:37.809] START to_move 1
[21:58:37.810] STOP to_move 1 nodes_visited 19
[21:58:37.810] START to_move 2
[21:58:37.811] STOP to_move 2 nodes_visited 16
[21:58:37.811] START to_move 1
[21:58:37.812] STOP to_move 1 nodes_visited 25
[21:58:37.812] START to_move 2
[21:58:37.814] STOP to_move 2 nodes_visited 25
[21:58:37.814] START to_move 1
[21:58:37.815] STOP to_move 1 nodes_visited 19
[21:58:37.815] START to_move 2
[21:58:37.816] STOP to_move 2 nodes_visited 14
[21:58:37.816] START to_move 1
[21:58:37.817] STOP to_move 1 nodes_visited 19
[21:58:37.817] START to_move 2
[21:58:37.818] STOP to_move 2 nodes_visited 19
[21:58:37.818] START to_move 1
[21:58:37.819] STOP to_move 1 nodes_visited 10
[21:58:37.819] END winner 1 - rounds 317
